#
# A fatal error has been detected by the Java Runtime Environment:
#
#  SIGSEGV (0xb) at pc=0x080924a7, pid=18469, tid=3046078208
#
# JRE version: OpenJDK Runtime Environment (7.0_111-b01) (build 1.7.0_111-b01)
# Java VM: OpenJDK Server VM (24.111-b01 mixed mode linux-x86 )
# Derivative: IcedTea 2.6.7
# Distribution: Ubuntu 14.04 LTS, package 7u111-2.6.7-0ubuntu0.14.04.3
# Problematic frame:
# C  [exe_projectRobotran+0x4a4a7]  ctrlGr4::SearchGraph::computePath(int, int)+0x137
#
# Failed to write core dump. Core dumps have been disabled. To enable core dumping, try "ulimit -c unlimited" before starting Java again
#
# If you would like to submit a bug report, please include
# instructions on how to reproduce the bug and visit:
#   http://icedtea.classpath.org/bugzilla
# The crash happened outside the Java Virtual Machine in native code.
# See problematic frame for where to report the bug.
#

---------------  T H R E A D  ---------------

Current thread (0x094cb000):  JavaThread "main" [_thread_in_native, id=18469, stack(0xbf932000,0xbf982000)]

siginfo:si_signo=SIGSEGV: si_errno=0, si_code=1 (SEGV_MAPERR), si_addr=0x0000002c

Registers:
EAX=0x00000000, EBX=0x00000000, ECX=0x00000004, EDX=0x09736ce8
ESP=0xbf97f160, EBP=0xbf97f1f8, ESI=0xbf97f19c, EDI=0x09736150
EIP=0x080924a7, EFLAGS=0x00010246, CR2=0x0000002c

Top of Stack: (sp=0xbf97f160)
0xbf97f160:   bf97f19c 09736154 09736ca8 080a56dc
0xbf97f170:   bf97f1ac bf97f1a1 00000000 00000038
0xbf97f180:   00000000 09736bd8 00000000 0000006e
0xbf97f190:   00000000 00000077 09736158 09736de8
0xbf97f1a0:   09736c40 09736b70 09736178 bf97f208
0xbf97f1b0:   b6298420 09736178 bf97f268 b6163888
0xbf97f1c0:   bf97f1dc 09736154 09736158 080a56dc
0xbf97f1d0:   00000000 00000000 00000000 b63038b7 

Instructions: (pc=0x080924a7)
0x08092487:   54 24 08 89 5c 24 04 89 34 24 e8 ca 05 00 00 8b
0x08092497:   55 a4 83 ec 04 8b 42 14 31 db 89 45 8c 8b 45 90
0x080924a7:   8b 70 2c c7 44 24 04 00 00 00 00 89 04 24 89 75
0x080924b7:   9c e8 73 fa ff ff 8b 45 9c c7 44 24 04 80 56 0a 

Register to memory mapping:

EAX=0x00000000 is an unknown value
EBX=0x00000000 is an unknown value
ECX=0x00000004 is an unknown value
EDX=0x09736ce8 is an unknown value
ESP=0xbf97f160 is pointing into the stack for thread: 0x094cb000
EBP=0xbf97f1f8 is pointing into the stack for thread: 0x094cb000
ESI=0xbf97f19c is pointing into the stack for thread: 0x094cb000
EDI=0x09736150 is an unknown value


Stack: [0xbf932000,0xbf982000],  sp=0xbf97f160,  free space=308k
Native frames: (J=compiled Java code, j=interpreted, Vv=VM code, C=native code)
C  [exe_projectRobotran+0x4a4a7]  ctrlGr4::SearchGraph::computePath(int, int)+0x137
C  [exe_projectRobotran+0x495d4]  ctrlGr4::controller_loop(ctrlGr4::CtrlStruct*)+0x2e4


---------------  P R O C E S S  ---------------

Java Threads: ( => current thread )
  0x09b43c00 JavaThread "AWT-EventQueue-0" [_thread_blocked, id=18492, stack(0x6545e000,0x654af000)]
  0x09b43800 JavaThread "AWT-Shutdown" [_thread_blocked, id=18491, stack(0x6540d000,0x6545e000)]
  0x09a0cc00 JavaThread "Image Fetcher 0" daemon [_thread_blocked, id=18490, stack(0x653bc000,0x6540d000)]
  0x09a17800 JavaThread "Timer-0" daemon [_thread_blocked, id=18487, stack(0x654af000,0x65500000)]
  0x09a1a800 JavaThread "J3D-Renderer-1" [_thread_blocked, id=18486, stack(0x65d14000,0x65d65000)]
  0x099c9000 JavaThread "J3D-MasterControl-1" [_thread_blocked, id=18485, stack(0x65d65000,0x65db6000)]
  0x099c8400 JavaThread "J3D-NotificationThread" [_thread_blocked, id=18484, stack(0x65db6000,0x65e07000)]
  0x099f3400 JavaThread "J3D-TimerThread" [_thread_blocked, id=18483, stack(0x65e07000,0x65e58000)]
  0x099ce000 JavaThread "J3D-RenderingAttributesStructureUpdateThread" [_thread_blocked, id=18482, stack(0x65e58000,0x65ea9000)]
  0x096fd400 JavaThread "AWT-XAWT" daemon [_thread_in_vm, id=18481, stack(0x660df000,0x66130000)]
  0x096ec800 JavaThread "Java2D Disposer" daemon [_thread_blocked, id=18480, stack(0x66130000,0x66181000)]
  0x095f1800 JavaThread "Service Thread" daemon [_thread_blocked, id=18478, stack(0x666ad000,0x666fe000)]
  0x095ef800 JavaThread "C2 CompilerThread1" daemon [_thread_blocked, id=18477, stack(0x666fe000,0x6677f000)]
  0x095ed800 JavaThread "C2 CompilerThread0" daemon [_thread_blocked, id=18476, stack(0x6677f000,0x66800000)]
  0x095ec000 JavaThread "Signal Dispatcher" daemon [_thread_blocked, id=18475, stack(0x66b00000,0x66b51000)]
  0x095d6c00 JavaThread "Finalizer" daemon [_thread_blocked, id=18474, stack(0x66b51000,0x66ba2000)]
  0x095d5000 JavaThread "Reference Handler" daemon [_thread_blocked, id=18473, stack(0x6960b000,0x6965c000)]
=>0x094cb000 JavaThread "main" [_thread_in_native, id=18469, stack(0xbf932000,0xbf982000)]

Other Threads:
  0x095d2800 VMThread [stack: 0x66ba2000,0x66c23000] [id=18472]
  0x095f3800 WatcherThread [stack: 0x6662c000,0x666ad000] [id=18479]

VM state:not at safepoint (normal execution)

VM Mutex/Monitor currently owned by a thread: None

Heap
 PSYoungGen      total 71680K, used 69356K [0x9ae40000, 0x9fe40000, 0xaf700000)
  eden space 62976K, 98% used [0x9ae40000,0x9eac6d78,0x9ebc0000)
  from space 8704K, 84% used [0x9f4c0000,0x9fbf4630,0x9fd40000)
  to   space 9216K, 0% used [0x9ebc0000,0x9ebc0000,0x9f4c0000)
 ParOldGen       total 41984K, used 15566K [0x71d00000, 0x74600000, 0x9ae40000)
  object space 41984K, 37% used [0x71d00000,0x72c33820,0x74600000)
 PSPermGen       total 16384K, used 13864K [0x69d00000, 0x6ad00000, 0x71d00000)
  object space 16384K, 84% used [0x69d00000,0x6aa8a2f8,0x6ad00000)

Card table byte_map: [0x69ad2000,0x69d00000] byte_map_base: 0x69783800

Polling page: 0xb7763000

Code Cache  [0xaf7f8000, 0xafa38000, 0xb27f8000)
 total_blobs=589 nmethods=255 adapters=288 free_code_cache=48258Kb largest_free_block=49373056

Compilation events (10 events):
Event: 4.630 Thread 0x095ef800 nmethod 268 0xaf8d1448 code [0xaf8d1520, 0xaf8d1570]
Event: 4.630 Thread 0x095ef800  269             javax.vecmath.Point3d::<init> (9 bytes)
Event: 4.631 Thread 0x095ef800 nmethod 269 0xaf8d12c8 code [0xaf8d13a0, 0xaf8d13f0]
Event: 4.631 Thread 0x095ef800  270             javax.media.j3d.SceneGraphObject::getCapability (19 bytes)
Event: 4.631 Thread 0x095ef800 nmethod 270 0xaf8d1148 code [0xaf8d1220, 0xaf8d1290]
Event: 4.684 Thread 0x095ef800  271             java.lang.StringBuilder::<init> (7 bytes)
Event: 4.685 Thread 0x095ef800 nmethod 271 0xaf8cfb08 code [0xaf8cfc00, 0xaf8cfcd0]
Event: 4.707 Thread 0x095ef800  272             sun.java2d.loops.GraphicsPrimitive::getUniqueID (5 bytes)
Event: 4.707 Thread 0x095ef800 nmethod 272 0xaf8d0fc8 code [0xaf8d10a0, 0xaf8d10f0]
Event: 4.802 Thread 0x095ed800 nmethod 255% 0xaf8d8ec8 code [0xaf8d9480, 0xaf8dc648]

GC Heap History (10 events):
Event: 2.478 GC heap before
{Heap before GC invocations=2 (full 0):
 PSYoungGen      total 18432K, used 18418K [0x9ae40000, 0x9c2c0000, 0xaf700000)
  eden space 15872K, 100% used [0x9ae40000,0x9bdc0000,0x9bdc0000)
  from space 2560K, 99% used [0x9bdc0000,0x9c03c850,0x9c040000)
  to   space 2560K, 0% used [0x9c040000,0x9c040000,0x9c2c0000)
 ParOldGen       total 41984K, used 574K [0x71d00000, 0x74600000, 0x9ae40000)
  object space 41984K, 1% used [0x71d00000,0x71d8fa20,0x74600000)
 PSPermGen       total 16384K, used 12158K [0x69d00000, 0x6ad00000, 0x71d00000)
  object space 16384K, 74% used [0x69d00000,0x6a8df808,0x6ad00000)
Event: 2.497 GC heap after
Heap after GC invocations=2 (full 0):
 PSYoungGen      total 18432K, used 2544K [0x9ae40000, 0x9d240000, 0xaf700000)
  eden space 15872K, 0% used [0x9ae40000,0x9ae40000,0x9bdc0000)
  from space 2560K, 99% used [0x9c040000,0x9c2bc050,0x9c2c0000)
  to   space 2560K, 0% used [0x9bdc0000,0x9bdc0000,0x9c040000)
 ParOldGen       total 41984K, used 2725K [0x71d00000, 0x74600000, 0x9ae40000)
  object space 41984K, 6% used [0x71d00000,0x71fa9420,0x74600000)
 PSPermGen       total 16384K, used 12158K [0x69d00000, 0x6ad00000, 0x71d00000)
  object space 16384K, 74% used [0x69d00000,0x6a8df808,0x6ad00000)
}
Event: 2.702 GC heap before
{Heap before GC invocations=3 (full 0):
 PSYoungGen      total 18432K, used 18416K [0x9ae40000, 0x9d240000, 0xaf700000)
  eden space 15872K, 100% used [0x9ae40000,0x9bdc0000,0x9bdc0000)
  from space 2560K, 99% used [0x9c040000,0x9c2bc050,0x9c2c0000)
  to   space 2560K, 0% used [0x9bdc0000,0x9bdc0000,0x9c040000)
 ParOldGen       total 41984K, used 2725K [0x71d00000, 0x74600000, 0x9ae40000)
  object space 41984K, 6% used [0x71d00000,0x71fa9420,0x74600000)
 PSPermGen       total 16384K, used 12172K [0x69d00000, 0x6ad00000, 0x71d00000)
  object space 16384K, 74% used [0x69d00000,0x6a8e3040,0x6ad00000)
Event: 2.726 GC heap after
Heap after GC invocations=3 (full 0):
 PSYoungGen      total 18432K, used 2545K [0x9ae40000, 0x9d240000, 0xaf700000)
  eden space 15872K, 0% used [0x9ae40000,0x9ae40000,0x9bdc0000)
  from space 2560K, 99% used [0x9bdc0000,0x9c03c708,0x9c040000)
  to   space 2560K, 0% used [0x9cfc0000,0x9cfc0000,0x9d240000)
 ParOldGen       total 41984K, used 7398K [0x71d00000, 0x74600000, 0x9ae40000)
  object space 41984K, 17% used [0x71d00000,0x724398d8,0x74600000)
 PSPermGen       total 16384K, used 12172K [0x69d00000, 0x6ad00000, 0x71d00000)
  object space 16384K, 74% used [0x69d00000,0x6a8e3040,0x6ad00000)
}
Event: 2.810 GC heap before
{Heap before GC invocations=4 (full 0):
 PSYoungGen      total 18432K, used 18417K [0x9ae40000, 0x9d240000, 0xaf700000)
  eden space 15872K, 100% used [0x9ae40000,0x9bdc0000,0x9bdc0000)
  from space 2560K, 99% used [0x9bdc0000,0x9c03c708,0x9c040000)
  to   space 2560K, 0% used [0x9cfc0000,0x9cfc0000,0x9d240000)
 ParOldGen       total 41984K, used 7398K [0x71d00000, 0x74600000, 0x9ae40000)
  object space 41984K, 17% used [0x71d00000,0x724398d8,0x74600000)
 PSPermGen       total 16384K, used 12172K [0x69d00000, 0x6ad00000, 0x71d00000)
  object space 16384K, 74% used [0x69d00000,0x6a8e3330,0x6ad00000)
Event: 2.831 GC heap after
Heap after GC invocations=4 (full 0):
 PSYoungGen      total 34304K, used 2550K [0x9ae40000, 0x9d240000, 0xaf700000)
  eden space 31744K, 0% used [0x9ae40000,0x9ae40000,0x9cd40000)
  from space 2560K, 99% used [0x9cfc0000,0x9d23d908,0x9d240000)
  to   space 2560K, 0% used [0x9cd40000,0x9cd40000,0x9cfc0000)
 ParOldGen       total 41984K, used 12176K [0x71d00000, 0x74600000, 0x9ae40000)
  object space 41984K, 29% used [0x71d00000,0x728e4260,0x74600000)
 PSPermGen       total 16384K, used 12172K [0x69d00000, 0x6ad00000, 0x71d00000)
  object space 16384K, 74% used [0x69d00000,0x6a8e3330,0x6ad00000)
}
Event: 3.253 GC heap before
{Heap before GC invocations=5 (full 0):
 PSYoungGen      total 34304K, used 34294K [0x9ae40000, 0x9d240000, 0xaf700000)
  eden space 31744K, 100% used [0x9ae40000,0x9cd40000,0x9cd40000)
  from space 2560K, 99% used [0x9cfc0000,0x9d23d908,0x9d240000)
  to   space 2560K, 0% used [0x9cd40000,0x9cd40000,0x9cfc0000)
 ParOldGen       total 41984K, used 12176K [0x71d00000, 0x74600000, 0x9ae40000)
  object space 41984K, 29% used [0x71d00000,0x728e4260,0x74600000)
 PSPermGen       total 16384K, used 12852K [0x69d00000, 0x6ad00000, 0x71d00000)
  object space 16384K, 78% used [0x69d00000,0x6a98d178,0x6ad00000)
Event: 3.293 GC heap after
Heap after GC invocations=5 (full 0):
 PSYoungGen      total 34304K, used 2548K [0x9ae40000, 0x9fd40000, 0xaf700000)
  eden space 31744K, 0% used [0x9ae40000,0x9ae40000,0x9cd40000)
  from space 2560K, 99% used [0x9cd40000,0x9cfbd1a0,0x9cfc0000)
  to   space 8704K, 0% used [0x9f4c0000,0x9f4c0000,0x9fd40000)
 ParOldGen       total 41984K, used 15566K [0x71d00000, 0x74600000, 0x9ae40000)
  object space 41984K, 37% used [0x71d00000,0x72c33820,0x74600000)
 PSPermGen       total 16384K, used 12852K [0x69d00000, 0x6ad00000, 0x71d00000)
  object space 16384K, 78% used [0x69d00000,0x6a98d178,0x6ad00000)
}
Event: 3.748 GC heap before
{Heap before GC invocations=6 (full 0):
 PSYoungGen      total 34304K, used 34292K [0x9ae40000, 0x9fd40000, 0xaf700000)
  eden space 31744K, 100% used [0x9ae40000,0x9cd40000,0x9cd40000)
  from space 2560K, 99% used [0x9cd40000,0x9cfbd1a0,0x9cfc0000)
  to   space 8704K, 0% used [0x9f4c0000,0x9f4c0000,0x9fd40000)
 ParOldGen       total 41984K, used 15566K [0x71d00000, 0x74600000, 0x9ae40000)
  object space 41984K, 37% used [0x71d00000,0x72c33820,0x74600000)
 PSPermGen       total 16384K, used 12895K [0x69d00000, 0x6ad00000, 0x71d00000)
  object space 16384K, 78% used [0x69d00000,0x6a997da8,0x6ad00000)
Event: 3.771 GC heap after
Heap after GC invocations=6 (full 0):
 PSYoungGen      total 71680K, used 7377K [0x9ae40000, 0x9fe40000, 0xaf700000)
  eden space 62976K, 0% used [0x9ae40000,0x9ae40000,0x9ebc0000)
  from space 8704K, 84% used [0x9f4c0000,0x9fbf4630,0x9fd40000)
  to   space 9216K, 0% used [0x9ebc0000,0x9ebc0000,0x9f4c0000)
 ParOldGen       total 41984K, used 15566K [0x71d00000, 0x74600000, 0x9ae40000)
  object space 41984K, 37% used [0x71d00000,0x72c33820,0x74600000)
 PSPermGen       total 16384K, used 12895K [0x69d00000, 0x6ad00000, 0x71d00000)
  object space 16384K, 78% used [0x69d00000,0x6a997da8,0x6ad00000)
}

Deoptimization events (10 events):
Event: 3.376 Thread 0x094cb000 Uncommon trap: reason=unstable_if action=reinterpret pc=0xaf8b7e28 method=sun.misc.FloatingDecimal.readJavaFormatString(Ljava/lang/String;)Lsun/misc/FloatingDecimal; @ 509
Event: 3.397 Thread 0x094cb000 Uncommon trap: reason=unstable_if action=reinterpret pc=0xaf892794 method=com.sun.j3d.utils.geometry.EdgeTable.<init>([I)V @ 68
Event: 4.509 Thread 0x094cb000 Uncommon trap: reason=unstable_if action=reinterpret pc=0xaf8b67b4 method=java.util.Properties.load0(Ljava/util/Properties$LineReader;)V @ 12
Event: 4.517 Thread 0x094cb000 Uncommon trap: reason=unstable_if action=reinterpret pc=0xaf88bb88 method=java.util.ArrayList.indexOf(Ljava/lang/Object;)I @ 41
Event: 4.596 Thread 0x094cb000 Uncommon trap: reason=unstable_if action=reinterpret pc=0xaf8cddb4 method=javax.media.j3d.GeometryArrayRetained.computeBoundingBox(I[F)V @ 30
Event: 4.697 Thread 0x094cb000 Uncommon trap: reason=bimorphic action=maybe_recompile pc=0xaf8b5024 method=java.util.HashMap.put(Ljava/lang/Object;Ljava/lang/Object;)Ljava/lang/Object; @ 83
Event: 4.699 Thread 0x094cb000 Uncommon trap: reason=unstable_if action=reinterpret pc=0xaf85aefc method=java.lang.Class.getName()Ljava/lang/String; @ 6
Event: 4.714 Thread 0x094cb000 Uncommon trap: reason=bimorphic action=maybe_recompile pc=0xaf8b5024 method=java.util.HashMap.put(Ljava/lang/Object;Ljava/lang/Object;)Ljava/lang/Object; @ 83
Event: 4.717 Thread 0x094cb000 Uncommon trap: reason=bimorphic action=maybe_recompile pc=0xaf8b5024 method=java.util.HashMap.put(Ljava/lang/Object;Ljava/lang/Object;)Ljava/lang/Object; @ 83
Event: 5.017 Thread 0x09b43c00 Uncommon trap: reason=unstable_if action=reinterpret pc=0xaf85bfdc method=java.lang.Class.getName()Ljava/lang/String; @ 6

Internal exceptions (10 events):
Event: 2.207 Thread 0x094cb000 Implicit null exception at 0xaf87e99d to 0xaf87e9f5
Event: 3.017 Thread 0x094cb000 Implicit null exception at 0xaf87ec4d to 0xaf87f235
Event: 3.135 Thread 0x094cb000 Implicit null exception at 0xaf88a6cf to 0xaf88ad81
Event: 3.135 Thread 0x094cb000 Implicit null exception at 0xaf88a6cf to 0xaf88ad81
Event: 3.139 Thread 0x094cb000 Implicit null exception at 0xaf88a6cf to 0xaf88ad81
Event: 3.366 Thread 0x094cb000 Implicit null exception at 0xaf8b3f13 to 0xaf8b4151
Event: 4.455 Thread 0x094cb000 Threw 0x9e560d88 at /build/openjdk-7-Ylwexc/openjdk-7-7u111-2.6.7/build/openjdk/hotspot/src/share/vm/prims/jvm.cpp:1322
Event: 4.511 Thread 0x094cb000 Threw 0x9e72b800 at /build/openjdk-7-Ylwexc/openjdk-7-7u111-2.6.7/build/openjdk/hotspot/src/share/vm/prims/jvm.cpp:1322
Event: 4.512 Thread 0x094cb000 Threw 0x9e72e9d0 at /build/openjdk-7-Ylwexc/openjdk-7-7u111-2.6.7/build/openjdk/hotspot/src/share/vm/prims/jvm.cpp:1322
Event: 5.017 Thread 0x09b43c00 Implicit null exception at 0xaf85bbb1 to 0xaf85bfc5

Events (10 events):
Event: 5.084 loading class 0x096b9da0
Event: 5.084 loading class 0x65f50850
Event: 5.085 loading class 0x65f4f340
Event: 5.085 loading class 0x65f4f3f0
Event: 5.085 loading class 0x65f4f3f0 done
Event: 5.085 loading class 0x65f4f340 done
Event: 5.085 loading class 0x65f50850 done
Event: 5.085 loading class 0x096b9da0 done
Event: 5.125 loading class 0x65f4f2f0
Event: 5.125 loading class 0x65f4f2f0 done


Dynamic libraries:
08048000-080b5000 r-xp 00000000 08:01 5902081    /home/gregoire/Documents/MobileRobots/MobileRobotsProject/workR/build/exe_projectRobotran
080b5000-080b6000 r--p 0006d000 08:01 5902081    /home/gregoire/Documents/MobileRobots/MobileRobotsProject/workR/build/exe_projectRobotran
080b6000-080b7000 rw-p 0006e000 08:01 5902081    /home/gregoire/Documents/MobileRobots/MobileRobotsProject/workR/build/exe_projectRobotran
094bc000-09f86000 rw-p 00000000 00:00 0          [heap]
64eb0000-65000000 rw-s 00000000 00:04 42598449   /SYSV00000000 (deleted)
65000000-650f5000 rw-p 00000000 00:00 0 
650f5000-65100000 ---p 00000000 00:00 0 
65200000-652fa000 rw-p 00000000 00:00 0 
652fa000-65300000 ---p 00000000 00:00 0 
65313000-65348000 r-xp 00000000 08:01 18225272   /usr/lib/i386-linux-gnu/libtxc_dxtn_s2tc.so.0.0.0
65348000-65349000 r--p 00034000 08:01 18225272   /usr/lib/i386-linux-gnu/libtxc_dxtn_s2tc.so.0.0.0
65349000-6534a000 rw-p 00035000 08:01 18225272   /usr/lib/i386-linux-gnu/libtxc_dxtn_s2tc.so.0.0.0
65369000-653b9000 r-xp 00000000 08:01 18484113   /usr/lib/jvm/java-7-openjdk-i386/jre/lib/i386/libfontmanager.so
653b9000-653bb000 r--p 0004f000 08:01 18484113   /usr/lib/jvm/java-7-openjdk-i386/jre/lib/i386/libfontmanager.so
653bb000-653bc000 rw-p 00051000 08:01 18484113   /usr/lib/jvm/java-7-openjdk-i386/jre/lib/i386/libfontmanager.so
653bc000-653bf000 ---p 00000000 00:00 0 
653bf000-6540d000 rw-p 00000000 00:00 0          [stack:18490]
6540d000-65410000 ---p 00000000 00:00 0 
65410000-6545e000 rw-p 00000000 00:00 0          [stack:18491]
6545e000-65461000 ---p 00000000 00:00 0 
65461000-654af000 rw-p 00000000 00:00 0          [stack:18492]
654af000-654b2000 ---p 00000000 00:00 0 
654b2000-65500000 rw-p 00000000 00:00 0          [stack:18487]
65500000-65531000 rw-p 00000000 00:00 0 
65531000-65600000 ---p 00000000 00:00 0 
65608000-6560b000 rw-p 00000000 00:00 0 
6560b000-65612000 r--s 00000000 08:01 18219920   /usr/lib/i386-linux-gnu/gconv/gconv-modules.cache
65612000-65623000 r-xp 00000000 08:01 18483846   /usr/lib/jvm/java-7-openjdk-i386/jre/lib/i386/libnio.so
65623000-65624000 r--p 00010000 08:01 18483846   /usr/lib/jvm/java-7-openjdk-i386/jre/lib/i386/libnio.so
65624000-65625000 rw-p 00011000 08:01 18483846   /usr/lib/jvm/java-7-openjdk-i386/jre/lib/i386/libnio.so
65625000-6562e000 r-xp 00000000 08:01 18225079   /usr/lib/i386-linux-gnu/libpciaccess.so.0.11.1
6562e000-6562f000 r--p 00008000 08:01 18225079   /usr/lib/i386-linux-gnu/libpciaccess.so.0.11.1
6562f000-65630000 rw-p 00009000 08:01 18225079   /usr/lib/i386-linux-gnu/libpciaccess.so.0.11.1
65630000-6563b000 r-xp 00000000 08:01 18221979   /usr/lib/i386-linux-gnu/libdrm_radeon.so.1.0.1
6563b000-6563c000 r--p 0000a000 08:01 18221979   /usr/lib/i386-linux-gnu/libdrm_radeon.so.1.0.1
6563c000-6563d000 rw-p 0000b000 08:01 18221979   /usr/lib/i386-linux-gnu/libdrm_radeon.so.1.0.1
6563d000-65644000 r-xp 00000000 08:01 18221982   /usr/lib/i386-linux-gnu/libdrm_nouveau.so.2.0.0
65644000-65645000 r--p 00006000 08:01 18221982   /usr/lib/i386-linux-gnu/libdrm_nouveau.so.2.0.0
65645000-65646000 rw-p 00007000 08:01 18221982   /usr/lib/i386-linux-gnu/libdrm_nouveau.so.2.0.0
65646000-65667000 r-xp 00000000 08:01 18221790   /usr/lib/i386-linux-gnu/libdrm_intel.so.1.0.0
65667000-65668000 r--p 00020000 08:01 18221790   /usr/lib/i386-linux-gnu/libdrm_intel.so.1.0.0
65668000-65669000 rw-p 00021000 08:01 18221790   /usr/lib/i386-linux-gnu/libdrm_intel.so.1.0.0
65669000-65c93000 r-xp 00000000 08:01 18219429   /usr/lib/i386-linux-gnu/dri/i965_dri.so
65c93000-65cb4000 r--p 00629000 08:01 18219429   /usr/lib/i386-linux-gnu/dri/i965_dri.so
65cb4000-65cba000 rw-p 0064a000 08:01 18219429   /usr/lib/i386-linux-gnu/dri/i965_dri.so
65cba000-65cc0000 rw-p 00000000 00:00 0 
65cc0000-65cc8000 r-xp 00000000 08:01 20841527   /lib/i386-linux-gnu/libnih-dbus.so.1.0.0
65cc8000-65cc9000 r--p 00007000 08:01 20841527   /lib/i386-linux-gnu/libnih-dbus.so.1.0.0
65cc9000-65cca000 rw-p 00008000 08:01 20841527   /lib/i386-linux-gnu/libnih-dbus.so.1.0.0
65cca000-65ce1000 r-xp 00000000 08:01 20841529   /lib/i386-linux-gnu/libnih.so.1.0.0
65ce1000-65ce2000 r--p 00016000 08:01 20841529   /lib/i386-linux-gnu/libnih.so.1.0.0
65ce2000-65ce3000 rw-p 00017000 08:01 20841529   /lib/i386-linux-gnu/libnih.so.1.0.0
65ce3000-65cff000 r-xp 00000000 08:01 20841579   /lib/i386-linux-gnu/libcgmanager.so.0.0.0
65cff000-65d00000 r--p 0001b000 08:01 20841579   /lib/i386-linux-gnu/libcgmanager.so.0.0.0
65d00000-65d01000 rw-p 0001c000 08:01 20841579   /lib/i386-linux-gnu/libcgmanager.so.0.0.0
65d01000-65d12000 r-xp 00000000 08:01 20840723   /lib/i386-linux-gnu/libudev.so.1.3.5
65d12000-65d13000 r--p 00010000 08:01 20840723   /lib/i386-linux-gnu/libudev.so.1.3.5
65d13000-65d14000 rw-p 00011000 08:01 20840723   /lib/i386-linux-gnu/libudev.so.1.3.5
65d14000-65d17000 ---p 00000000 00:00 0 
65d17000-65d65000 rw-p 00000000 00:00 0          [stack:18486]
65d65000-65d68000 ---p 00000000 00:00 0 
65d68000-65db6000 rw-p 00000000 00:00 0          [stack:18485]
65db6000-65db9000 ---p 00000000 00:00 0 
65db9000-65e07000 rw-p 00000000 00:00 0          [stack:18484]
65e07000-65e0a000 ---p 00000000 00:00 0 
65e0a000-65e58000 rw-p 00000000 00:00 0          [stack:18483]
65e58000-65e5b000 ---p 00000000 00:00 0 
65e5b000-65ea9000 rw-p 00000000 00:00 0          [stack:18482]
65ea9000-65eb7000 r-xp 00000000 08:01 18222710   /usr/lib/i386-linux-gnu/libdrm.so.2.4.0
65eb7000-65eb8000 r--p 0000d000 08:01 18222710   /usr/lib/i386-linux-gnu/libdrm.so.2.4.0
65eb8000-65eb9000 rw-p 0000e000 08:01 18222710   /usr/lib/i386-linux-gnu/libdrm.so.2.4.0
65eb9000-65ebd000 r-xp 00000000 08:01 18225362   /usr/lib/i386-linux-gnu/libxcb-dri2.so.0.0.0
65ebd000-65ebe000 r--p 00003000 08:01 18225362   /usr/lib/i386-linux-gnu/libxcb-dri2.so.0.0.0
65ebe000-65ebf000 rw-p 00004000 08:01 18225362   /usr/lib/i386-linux-gnu/libxcb-dri2.so.0.0.0
65ebf000-65ed5000 r-xp 00000000 08:01 18225366   /usr/lib/i386-linux-gnu/libxcb-glx.so.0.0.0
65ed5000-65ed6000 r--p 00016000 08:01 18225366   /usr/lib/i386-linux-gnu/libxcb-glx.so.0.0.0
65ed6000-65ed7000 rw-p 00017000 08:01 18225366   /usr/lib/i386-linux-gnu/libxcb-glx.so.0.0.0
65ed7000-65ed8000 r-xp 00000000 08:01 18224322   /usr/lib/i386-linux-gnu/libX11-xcb.so.1.0.0
65ed8000-65ed9000 r--p 00000000 08:01 18224322   /usr/lib/i386-linux-gnu/libX11-xcb.so.1.0.0
65ed9000-65eda000 rw-p 00001000 08:01 18224322   /usr/lib/i386-linux-gnu/libX11-xcb.so.1.0.0
65eda000-65edc000 r-xp 00000000 08:01 18224337   /usr/lib/i386-linux-gnu/libXdamage.so.1.1.0
65edc000-65edd000 r--p 00001000 08:01 18224337   /usr/lib/i386-linux-gnu/libXdamage.so.1.1.0
65edd000-65ede000 rw-p 00002000 08:01 18224337   /usr/lib/i386-linux-gnu/libXdamage.so.1.1.0
65ede000-65ef1000 r-xp 00000000 08:01 18224101   /usr/lib/i386-linux-gnu/libglapi.so.0.0.0
65ef1000-65ef3000 r--p 00013000 08:01 18224101   /usr/lib/i386-linux-gnu/libglapi.so.0.0.0
65ef3000-65ef9000 rwxp 00015000 08:01 18224101   /usr/lib/i386-linux-gnu/libglapi.so.0.0.0
65ef9000-65efe000 r-xp 00000000 08:01 18225386   /usr/lib/i386-linux-gnu/libxcb-sync.so.1.0.0
65efe000-65eff000 r--p 00004000 08:01 18225386   /usr/lib/i386-linux-gnu/libxcb-sync.so.1.0.0
65eff000-65f00000 rw-p 00005000 08:01 18225386   /usr/lib/i386-linux-gnu/libxcb-sync.so.1.0.0
65f00000-66000000 rw-p 00000000 00:00 0 
66000000-66002000 rw-p 00000000 00:00 0 
66002000-66003000 r-xp 00000000 08:01 18225404   /usr/lib/i386-linux-gnu/libxshmfence.so.1.0.0
66003000-66004000 r--p 00000000 08:01 18225404   /usr/lib/i386-linux-gnu/libxshmfence.so.1.0.0
66004000-66005000 rw-p 00001000 08:01 18225404   /usr/lib/i386-linux-gnu/libxshmfence.so.1.0.0
66005000-66007000 r-xp 00000000 08:01 18225374   /usr/lib/i386-linux-gnu/libxcb-present.so.0.0.0
66007000-66008000 r--p 00001000 08:01 18225374   /usr/lib/i386-linux-gnu/libxcb-present.so.0.0.0
66008000-66009000 rw-p 00002000 08:01 18225374   /usr/lib/i386-linux-gnu/libxcb-present.so.0.0.0
66009000-6600b000 r-xp 00000000 08:01 18225364   /usr/lib/i386-linux-gnu/libxcb-dri3.so.0.0.0
6600b000-6600c000 r--p 00001000 08:01 18225364   /usr/lib/i386-linux-gnu/libxcb-dri3.so.0.0.0
6600c000-6600d000 rw-p 00002000 08:01 18225364   /usr/lib/i386-linux-gnu/libxcb-dri3.so.0.0.0
6600d000-66068000 r-xp 00000000 08:01 18219640   /usr/lib/i386-linux-gnu/mesa/libGL.so.1.2.0
66068000-66069000 ---p 0005b000 08:01 18219640   /usr/lib/i386-linux-gnu/mesa/libGL.so.1.2.0
66069000-6606b000 r--p 0005b000 08:01 18219640   /usr/lib/i386-linux-gnu/mesa/libGL.so.1.2.0
6606b000-66070000 rwxp 0005d000 08:01 18219640   /usr/lib/i386-linux-gnu/mesa/libGL.so.1.2.0
66070000-66075000 rw-p 00000000 00:00 0 
66075000-6608d000 r-xp 00000000 08:01 18483833   /usr/lib/jvm/java-7-openjdk-i386/jre/lib/i386/libnet.so
6608d000-6608e000 r--p 00017000 08:01 18483833   /usr/lib/jvm/java-7-openjdk-i386/jre/lib/i386/libnet.so
6608e000-6608f000 rw-p 00018000 08:01 18483833   /usr/lib/jvm/java-7-openjdk-i386/jre/lib/i386/libnet.so
6608f000-660b0000 r-xp 00000000 08:01 18352082   /usr/lib/jni/libj3dcore-ogl.so
660b0000-660b1000 rw-p 00020000 08:01 18352082   /usr/lib/jni/libj3dcore-ogl.so
660b1000-660b2000 r-xp 00000000 08:01 18484119   /usr/lib/jvm/java-7-openjdk-i386/jre/lib/i386/libjawt.so
660b2000-660b3000 r--p 00000000 08:01 18484119   /usr/lib/jvm/java-7-openjdk-i386/jre/lib/i386/libjawt.so
660b3000-660b4000 rw-p 00001000 08:01 18484119   /usr/lib/jvm/java-7-openjdk-i386/jre/lib/i386/libjawt.so
660b4000-660d1000 r--s 0014f000 08:01 5770160    /home/gregoire/Documents/MobileRobots/MobileRobotsProject/mbsysCopy/mbsyspad/lib/swingx-all-1.6.4.jar
660d1000-660df000 r--s 00193000 08:01 5770149    /home/gregoire/Documents/MobileRobots/MobileRobotsProject/mbsysCopy/mbsyspad/lib/j3dutils.jar
660df000-660e2000 ---p 00000000 00:00 0 
660e2000-66130000 rw-p 00000000 00:00 0          [stack:18481]
66130000-66133000 ---p 00000000 00:00 0 
66133000-66181000 rw-p 00000000 00:00 0          [stack:18480]
66181000-661bd000 r-xp 00000000 08:01 20840700   /lib/i386-linux-gnu/libpcre.so.3.13.1
661bd000-661be000 r--p 0003b000 08:01 20840700   /lib/i386-linux-gnu/libpcre.so.3.13.1
661be000-661bf000 rw-p 0003c000 08:01 20840700   /lib/i386-linux-gnu/libpcre.so.3.13.1
661bf000-661df000 r-xp 00000000 08:01 20841595   /lib/i386-linux-gnu/libselinux.so.1
661df000-661e0000 r--p 0001f000 08:01 20841595   /lib/i386-linux-gnu/libselinux.so.1
661e0000-661e1000 rw-p 00020000 08:01 20841595   /lib/i386-linux-gnu/libselinux.so.1
661e1000-661e2000 rw-p 00000000 00:00 0 
661e2000-662ec000 r-xp 00000000 08:01 20841496   /lib/i386-linux-gnu/libglib-2.0.so.0.4002.0
662ec000-662ed000 r--p 00109000 08:01 20841496   /lib/i386-linux-gnu/libglib-2.0.so.0.4002.0
662ed000-662ee000 rw-p 0010a000 08:01 20841496   /lib/i386-linux-gnu/libglib-2.0.so.0.4002.0
662ee000-66313000 r-xp 00000000 08:01 20840645   /lib/i386-linux-gnu/libexpat.so.1.6.0
66313000-66314000 ---p 00025000 08:01 20840645   /lib/i386-linux-gnu/libexpat.so.1.6.0
66314000-66316000 r--p 00025000 08:01 20840645   /lib/i386-linux-gnu/libexpat.so.1.6.0
66316000-66317000 rw-p 00027000 08:01 20840645   /lib/i386-linux-gnu/libexpat.so.1.6.0
66317000-66367000 r-xp 00000000 08:01 18224739   /usr/lib/i386-linux-gnu/libgobject-2.0.so.0.4002.0
66367000-66368000 r--p 0004f000 08:01 18224739   /usr/lib/i386-linux-gnu/libgobject-2.0.so.0.4002.0
66368000-66369000 rw-p 00050000 08:01 18224739   /usr/lib/i386-linux-gnu/libgobject-2.0.so.0.4002.0
66369000-664e6000 r-xp 00000000 08:01 18224711   /usr/lib/i386-linux-gnu/libgio-2.0.so.0.4002.0
664e6000-664e8000 r--p 0017d000 08:01 18224711   /usr/lib/i386-linux-gnu/libgio-2.0.so.0.4002.0
664e8000-664e9000 rw-p 0017f000 08:01 18224711   /usr/lib/i386-linux-gnu/libgio-2.0.so.0.4002.0
664e9000-664ea000 rw-p 00000000 00:00 0 
664ea000-66523000 r-xp 00000000 08:01 18226186   /usr/lib/i386-linux-gnu/libfontconfig.so.1.8.0
66523000-66524000 r--p 00039000 08:01 18226186   /usr/lib/i386-linux-gnu/libfontconfig.so.1.8.0
66524000-66525000 rw-p 0003a000 08:01 18226186   /usr/lib/i386-linux-gnu/libfontconfig.so.1.8.0
66525000-6656d000 r-xp 00000000 08:01 19923017   /usr/lib/jvm/java-7-openjdk-i386/jre/lib/i386/xawt/libmawt.so
6656d000-6656e000 r--p 00048000 08:01 19923017   /usr/lib/jvm/java-7-openjdk-i386/jre/lib/i386/xawt/libmawt.so
6656e000-66570000 rw-p 00049000 08:01 19923017   /usr/lib/jvm/java-7-openjdk-i386/jre/lib/i386/xawt/libmawt.so
66570000-66571000 rw-p 00000000 00:00 0 
66571000-66600000 r-xp 00000000 08:01 18484117   /usr/lib/jvm/java-7-openjdk-i386/jre/lib/i386/libawt.so
66600000-66601000 r--p 0008f000 08:01 18484117   /usr/lib/jvm/java-7-openjdk-i386/jre/lib/i386/libawt.so
66601000-66608000 rw-p 00090000 08:01 18484117   /usr/lib/jvm/java-7-openjdk-i386/jre/lib/i386/libawt.so
66608000-6662c000 rw-p 00000000 00:00 0 
6662c000-6662d000 ---p 00000000 00:00 0 
6662d000-666ad000 rw-p 00000000 00:00 0          [stack:18479]
666ad000-666b0000 ---p 00000000 00:00 0 
666b0000-666fe000 rw-p 00000000 00:00 0          [stack:18478]
666fe000-66701000 ---p 00000000 00:00 0 
66701000-6677f000 rw-p 00000000 00:00 0          [stack:18477]
6677f000-66782000 ---p 00000000 00:00 0 
66782000-66800000 rw-p 00000000 00:00 0          [stack:18476]
66800000-66a00000 r--p 00000000 08:01 18227311   /usr/lib/locale/locale-archive
66a00000-66b00000 rw-p 00000000 00:00 0 
66b00000-66b03000 ---p 00000000 00:00 0 
66b03000-66b51000 rw-p 00000000 00:00 0          [stack:18475]
66b51000-66b54000 ---p 00000000 00:00 0 
66b54000-66ba2000 rw-p 00000000 00:00 0          [stack:18474]
66ba2000-66ba3000 ---p 00000000 00:00 0 
66ba3000-66c23000 rw-p 00000000 00:00 0          [stack:18472]
66c23000-66dd6000 r--s 01d3d000 08:01 18483206   /usr/lib/jvm/java-7-openjdk-i386/jre/lib/rt.jar
66dd6000-69500000 rw-p 00000000 00:00 0 
69500000-69521000 rw-p 00000000 00:00 0 
69521000-69600000 ---p 00000000 00:00 0 
69600000-69601000 rw-s 00000000 00:04 57214      /drm mm object (deleted)
69601000-69605000 r--s 00019000 08:01 5770159    /home/gregoire/Documents/MobileRobots/MobileRobotsProject/mbsysCopy/mbsyspad/lib/matlabcontrol-4.0.0.jar
69605000-69607000 r--s 0004c000 08:01 5770161    /home/gregoire/Documents/MobileRobots/MobileRobotsProject/mbsysCopy/mbsyspad/lib/vecmath.jar
69607000-6960b000 r--s 0004f000 08:01 18484133   /usr/lib/jvm/java-7-openjdk-i386/jre/lib/jsse.jar
6960b000-6960e000 ---p 00000000 00:00 0 
6960e000-69700000 rw-p 00000000 00:00 0          [stack:18473]
69700000-697fc000 rw-p 00000000 00:00 0 
697fc000-69800000 ---p 00000000 00:00 0 
69800000-69801000 r--s 00017000 08:01 5770146    /home/gregoire/Documents/MobileRobots/MobileRobotsProject/mbsysCopy/mbsyspad/lib/j3D.jar
69801000-69803000 r--s 00018000 08:01 18483205   /usr/lib/jvm/java-7-openjdk-i386/jre/lib/jce.jar
69803000-6980f000 r--s 002c7000 08:01 5770148    /home/gregoire/Documents/MobileRobots/MobileRobotsProject/mbsysCopy/mbsyspad/lib/j3dcore.jar
6980f000-6981a000 r--s 00108000 08:01 5770152    /home/gregoire/Documents/MobileRobots/MobileRobotsProject/mbsysCopy/mbsyspad/lib/jogl.jar
6981a000-6981b000 r--s 00004000 08:01 5770145    /home/gregoire/Documents/MobileRobots/MobileRobotsProject/mbsysCopy/mbsyspad/lib/gluegen-rt.jar
6981b000-6981c000 r--s 00001000 08:01 5770151    /home/gregoire/Documents/MobileRobots/MobileRobotsProject/mbsysCopy/mbsyspad/lib/jnlp.jar
6981c000-69821000 r--s 0002a000 08:01 5770141    /home/gregoire/Documents/MobileRobots/MobileRobotsProject/mbsysCopy/mbsyspad/lib/commons-beanutils.jar
69821000-69826000 r-xp 00000000 08:01 18224369   /usr/lib/i386-linux-gnu/libXtst.so.6.1.0
69826000-69827000 r--p 00004000 08:01 18224369   /usr/lib/i386-linux-gnu/libXtst.so.6.1.0
69827000-69828000 rw-p 00005000 08:01 18224369   /usr/lib/i386-linux-gnu/libXtst.so.6.1.0
69828000-6982c000 r--s 00020000 08:01 5770143    /home/gregoire/Documents/MobileRobots/MobileRobotsProject/mbsysCopy/mbsyspad/lib/commons-digester-1.8.jar
6982c000-69832000 r--s 00056000 08:01 5770147    /home/gregoire/Documents/MobileRobots/MobileRobotsProject/mbsysCopy/mbsyspad/lib/j3d-vrml97.jar
69832000-69834000 r--s 0002a000 08:01 5770140    /home/gregoire/Documents/MobileRobots/MobileRobotsProject/mbsysCopy/mbsyspad/lib/MBsysComJ.jar
69834000-69837000 r--s 00023000 08:01 5770150    /home/gregoire/Documents/MobileRobots/MobileRobotsProject/mbsysCopy/mbsyspad/lib/jdom.jar
69837000-6983d000 r--s 00047000 08:01 5770144    /home/gregoire/Documents/MobileRobots/MobileRobotsProject/mbsysCopy/mbsyspad/lib/flamingo.jar
6983d000-69847000 r--s 000ae000 08:01 18483207   /usr/lib/jvm/java-7-openjdk-i386/jre/lib/resources.jar
69847000-69848000 ---p 00000000 00:00 0 
69848000-698c8000 rw-p 00000000 00:00 0          [stack:18471]
698c8000-698c9000 ---p 00000000 00:00 0 
698c9000-69951000 rw-p 00000000 00:00 0          [stack:18470]
69951000-69989000 rw-p 00000000 00:00 0 
69989000-6999e000 rw-p 00000000 00:00 0 
6999e000-69ad2000 rw-p 00000000 00:00 0 
69ad2000-69ada000 rw-p 00000000 00:00 0 
69ada000-69b12000 rw-p 00000000 00:00 0 
69b12000-69b27000 rw-p 00000000 00:00 0 
69b27000-69c5a000 rw-p 00000000 00:00 0 
69c5a000-69c83000 rw-p 00000000 00:00 0 
69c83000-69cff000 rw-p 00000000 00:00 0 
69cff000-6ad00000 rw-p 00000000 00:00 0 
6ad00000-71d00000 rw-p 00000000 00:00 0 
71d00000-74600000 rw-p 00000000 00:00 0 
74600000-9ae40000 rw-p 00000000 00:00 0 
9ae40000-9fe40000 rw-p 00000000 00:00 0 
9fe40000-af700000 rw-p 00000000 00:00 0 
af700000-af701000 r--s 00008000 08:01 5770142    /home/gregoire/Documents/MobileRobots/MobileRobotsProject/mbsysCopy/mbsyspad/lib/commons-cli-1.1.jar
af701000-af704000 r-xp 00000000 08:01 18224723   /usr/lib/i386-linux-gnu/libgmodule-2.0.so.0.4002.0
af704000-af705000 r--p 00002000 08:01 18224723   /usr/lib/i386-linux-gnu/libgmodule-2.0.so.0.4002.0
af705000-af706000 rw-p 00003000 08:01 18224723   /usr/lib/i386-linux-gnu/libgmodule-2.0.so.0.4002.0
af706000-af708000 r-xp 00000000 08:01 18224333   /usr/lib/i386-linux-gnu/libXcomposite.so.1.0.0
af708000-af709000 r--p 00001000 08:01 18224333   /usr/lib/i386-linux-gnu/libXcomposite.so.1.0.0
af709000-af70a000 rw-p 00002000 08:01 18224333   /usr/lib/i386-linux-gnu/libXcomposite.so.1.0.0
af70a000-af719000 r--s 0008c000 08:01 5770138    /home/gregoire/Documents/MobileRobots/MobileRobotsProject/mbsysCopy/mbsyspad/MBsysPad.jar
af719000-af71d000 r--s 00085000 08:01 18751331   /usr/lib/jvm/java-7-openjdk-i386/jre/lib/ext/localedata.jar
af71d000-af741000 rw-p 00000000 00:00 0 
af741000-af7f8000 rw-p 00000000 00:00 0 
af7f8000-afa38000 rwxp 00000000 00:00 0 
afa38000-b27f8000 rw-p 00000000 00:00 0 
b27f8000-b2802000 r-xp 00000000 08:01 20854272   /lib/i386-linux-gnu/libnss_files-2.19.so
b2802000-b2803000 r--p 00009000 08:01 20854272   /lib/i386-linux-gnu/libnss_files-2.19.so
b2803000-b2804000 rw-p 0000a000 08:01 20854272   /lib/i386-linux-gnu/libnss_files-2.19.so
b2804000-b280e000 r-xp 00000000 08:01 20854264   /lib/i386-linux-gnu/libnss_nis-2.19.so
b280e000-b280f000 r--p 00009000 08:01 20854264   /lib/i386-linux-gnu/libnss_nis-2.19.so
b280f000-b2810000 rw-p 0000a000 08:01 20854264   /lib/i386-linux-gnu/libnss_nis-2.19.so
b2810000-b2813000 r--s 0000f000 08:01 18751219   /usr/lib/jvm/java-7-openjdk-i386/jre/lib/ext/icedtea-sound.jar
b2813000-b2814000 r--s 00002000 08:01 18751957   /usr/lib/jvm/java-7-openjdk-i386/jre/lib/ext/dnsns.jar
b2814000-b2816000 r--s 00012000 08:01 18751958   /usr/lib/jvm/java-7-openjdk-i386/jre/lib/ext/zipfs.jar
b2816000-b281a000 r--s 00034000 08:01 18751956   /usr/lib/jvm/java-7-openjdk-i386/jre/lib/ext/sunjce_provider.jar
b281a000-b281d000 r--s 0003d000 08:01 18751212   /usr/lib/jvm/java-7-openjdk-i386/jre/lib/ext/sunpkcs11.jar
b281d000-b2825000 r-xp 00000000 08:01 18484132   /usr/lib/jvm/java-7-openjdk-i386/jre/lib/i386/libzip.so
b2825000-b2826000 r--p 00007000 08:01 18484132   /usr/lib/jvm/java-7-openjdk-i386/jre/lib/i386/libzip.so
b2826000-b2827000 rw-p 00008000 08:01 18484132   /usr/lib/jvm/java-7-openjdk-i386/jre/lib/i386/libzip.so
b2827000-b282f000 rw-s 00000000 08:01 14552362   /tmp/hsperfdata_gregoire/18469
b282f000-b2856000 r-xp 00000000 08:01 18483211   /usr/lib/jvm/java-7-openjdk-i386/jre/lib/i386/libjava.so
b2856000-b2857000 r--p 00026000 08:01 18483211   /usr/lib/jvm/java-7-openjdk-i386/jre/lib/i386/libjava.so
b2857000-b2858000 rw-p 00027000 08:01 18483211   /usr/lib/jvm/java-7-openjdk-i386/jre/lib/i386/libjava.so
b2858000-b58fb000 rw-p 00000000 00:00 0 
b58fb000-b590e000 r-xp 00000000 08:01 20854252   /lib/i386-linux-gnu/libresolv-2.19.so
b590e000-b590f000 ---p 00013000 08:01 20854252   /lib/i386-linux-gnu/libresolv-2.19.so
b590f000-b5910000 r--p 00013000 08:01 20854252   /lib/i386-linux-gnu/libresolv-2.19.so
b5910000-b5911000 rw-p 00014000 08:01 20854252   /lib/i386-linux-gnu/libresolv-2.19.so
b5911000-b5913000 rw-p 00000000 00:00 0 
b5913000-b591a000 r-xp 00000000 08:01 18225047   /usr/lib/i386-linux-gnu/libogg.so.0.8.1
b591a000-b591b000 r--p 00006000 08:01 18225047   /usr/lib/i386-linux-gnu/libogg.so.0.8.1
b591b000-b591c000 rw-p 00007000 08:01 18225047   /usr/lib/i386-linux-gnu/libogg.so.0.8.1
b591c000-b5945000 r-xp 00000000 08:01 18225321   /usr/lib/i386-linux-gnu/libvorbis.so.0.4.5
b5945000-b5946000 ---p 00029000 08:01 18225321   /usr/lib/i386-linux-gnu/libvorbis.so.0.4.5
b5946000-b5947000 r--p 00029000 08:01 18225321   /usr/lib/i386-linux-gnu/libvorbis.so.0.4.5
b5947000-b5948000 rw-p 0002a000 08:01 18225321   /usr/lib/i386-linux-gnu/libvorbis.so.0.4.5
b5948000-b5aae000 r-xp 00000000 08:01 18225323   /usr/lib/i386-linux-gnu/libvorbisenc.so.2.0.8
b5aae000-b5abf000 r--p 00165000 08:01 18225323   /usr/lib/i386-linux-gnu/libvorbisenc.so.2.0.8
b5abf000-b5ac0000 rw-p 00176000 08:01 18225323   /usr/lib/i386-linux-gnu/libvorbisenc.so.2.0.8
b5ac0000-b5ac1000 rw-p 00000000 00:00 0 
b5ac1000-b5af3000 r-xp 00000000 08:01 18224186   /usr/lib/i386-linux-gnu/libFLAC.so.8.3.0
b5af3000-b5af4000 r--p 00031000 08:01 18224186   /usr/lib/i386-linux-gnu/libFLAC.so.8.3.0
b5af4000-b5af5000 rw-p 00032000 08:01 18224186   /usr/lib/i386-linux-gnu/libFLAC.so.8.3.0
b5af5000-b5b0a000 r-xp 00000000 08:01 20854260   /lib/i386-linux-gnu/libnsl-2.19.so
b5b0a000-b5b0b000 r--p 00015000 08:01 20854260   /lib/i386-linux-gnu/libnsl-2.19.so
b5b0b000-b5b0c000 rw-p 00016000 08:01 20854260   /lib/i386-linux-gnu/libnsl-2.19.so
b5b0c000-b5b0e000 rw-p 00000000 00:00 0 
b5b0e000-b5b13000 r-xp 00000000 08:01 18224339   /usr/lib/i386-linux-gnu/libXdmcp.so.6.0.0
b5b13000-b5b14000 r--p 00004000 08:01 18224339   /usr/lib/i386-linux-gnu/libXdmcp.so.6.0.0
b5b14000-b5b15000 rw-p 00005000 08:01 18224339   /usr/lib/i386-linux-gnu/libXdmcp.so.6.0.0
b5b15000-b5b17000 r-xp 00000000 08:01 18224328   /usr/lib/i386-linux-gnu/libXau.so.6.0.0
b5b17000-b5b18000 r--p 00001000 08:01 18224328   /usr/lib/i386-linux-gnu/libXau.so.6.0.0
b5b18000-b5b19000 rw-p 00002000 08:01 18224328   /usr/lib/i386-linux-gnu/libXau.so.6.0.0
b5b19000-b5b1e000 r-xp 00000000 08:01 18224418   /usr/lib/i386-linux-gnu/libasyncns.so.0.3.1
b5b1e000-b5b1f000 r--p 00004000 08:01 18224418   /usr/lib/i386-linux-gnu/libasyncns.so.0.3.1
b5b1f000-b5b20000 rw-p 00005000 08:01 18224418   /usr/lib/i386-linux-gnu/libasyncns.so.0.3.1
b5b20000-b5b21000 rw-p 00000000 00:00 0 
b5b21000-b5b8c000 r-xp 00000000 08:01 18219697   /usr/lib/i386-linux-gnu/libsndfile.so.1.0.25
b5b8c000-b5b8d000 ---p 0006b000 08:01 18219697   /usr/lib/i386-linux-gnu/libsndfile.so.1.0.25
b5b8d000-b5b8e000 r--p 0006b000 08:01 18219697   /usr/lib/i386-linux-gnu/libsndfile.so.1.0.25
b5b8e000-b5b8f000 rw-p 0006c000 08:01 18219697   /usr/lib/i386-linux-gnu/libsndfile.so.1.0.25
b5b8f000-b5b93000 rw-p 00000000 00:00 0 
b5b93000-b5b9b000 r-xp 00000000 08:01 20841625   /lib/i386-linux-gnu/libwrap.so.0.7.6
b5b9b000-b5b9c000 r--p 00007000 08:01 20841625   /lib/i386-linux-gnu/libwrap.so.0.7.6
b5b9c000-b5b9d000 rw-p 00008000 08:01 20841625   /lib/i386-linux-gnu/libwrap.so.0.7.6
b5b9d000-b5bc3000 r-xp 00000000 08:01 20841983   /lib/i386-linux-gnu/libpng12.so.0.50.0
b5bc3000-b5bc4000 r--p 00025000 08:01 20841983   /lib/i386-linux-gnu/libpng12.so.0.50.0
b5bc4000-b5bc5000 rw-p 00026000 08:01 20841983   /lib/i386-linux-gnu/libpng12.so.0.50.0
b5bc5000-b5bca000 r-xp 00000000 08:01 18219065   /usr/lib/i386-linux-gnu/libffi.so.6.0.1
b5bca000-b5bcb000 r--p 00005000 08:01 18219065   /usr/lib/i386-linux-gnu/libffi.so.6.0.1
b5bcb000-b5bcc000 rw-p 00006000 08:01 18219065   /usr/lib/i386-linux-gnu/libffi.so.6.0.1
b5bcc000-b5bd0000 r-xp 00000000 08:01 18219488   /usr/lib/i386-linux-gnu/libXfixes.so.3.1.0
b5bd0000-b5bd1000 r--p 00003000 08:01 18219488   /usr/lib/i386-linux-gnu/libXfixes.so.3.1.0
b5bd1000-b5bd2000 rw-p 00004000 08:01 18219488   /usr/lib/i386-linux-gnu/libXfixes.so.3.1.0
b5bd2000-b5bd3000 rw-p 00000000 00:00 0 
b5bd3000-b5bdc000 r-xp 00000000 08:01 18221390   /usr/lib/i386-linux-gnu/libXrender.so.1.3.0
b5bdc000-b5bdd000 r--p 00008000 08:01 18221390   /usr/lib/i386-linux-gnu/libXrender.so.1.3.0
b5bdd000-b5bde000 rw-p 00009000 08:01 18221390   /usr/lib/i386-linux-gnu/libXrender.so.1.3.0
b5bde000-b5bfe000 r-xp 00000000 08:01 18225394   /usr/lib/i386-linux-gnu/libxcb.so.1.1.0
b5bfe000-b5bff000 r--p 0001f000 08:01 18225394   /usr/lib/i386-linux-gnu/libxcb.so.1.1.0
b5bff000-b5c00000 rw-p 00020000 08:01 18225394   /usr/lib/i386-linux-gnu/libxcb.so.1.1.0
b5c00000-b5c49000 r-xp 00000000 08:01 20841479   /lib/i386-linux-gnu/libdbus-1.so.3.7.6
b5c49000-b5c4a000 r--p 00048000 08:01 20841479   /lib/i386-linux-gnu/libdbus-1.so.3.7.6
b5c4a000-b5c4b000 rw-p 00049000 08:01 20841479   /lib/i386-linux-gnu/libdbus-1.so.3.7.6
b5c4b000-b5c54000 r-xp 00000000 08:01 20841505   /lib/i386-linux-gnu/libjson-c.so.2.0.0
b5c54000-b5c55000 r--p 00008000 08:01 20841505   /lib/i386-linux-gnu/libjson-c.so.2.0.0
b5c55000-b5c56000 rw-p 00009000 08:01 20841505   /lib/i386-linux-gnu/libjson-c.so.2.0.0
b5c56000-b5cc3000 r-xp 00000000 08:01 18226821   /usr/lib/i386-linux-gnu/pulseaudio/libpulsecommon-4.0.so
b5cc3000-b5cc4000 r--p 0006c000 08:01 18226821   /usr/lib/i386-linux-gnu/pulseaudio/libpulsecommon-4.0.so
b5cc4000-b5cc5000 rw-p 0006d000 08:01 18226821   /usr/lib/i386-linux-gnu/pulseaudio/libpulsecommon-4.0.so
b5cc5000-b5cc6000 rw-p 00000000 00:00 0 
b5cc6000-b5d61000 r-xp 00000000 08:01 18227707   /usr/lib/i386-linux-gnu/libfreetype.so.6.11.1
b5d61000-b5d65000 r--p 0009a000 08:01 18227707   /usr/lib/i386-linux-gnu/libfreetype.so.6.11.1
b5d65000-b5d66000 rw-p 0009e000 08:01 18227707   /usr/lib/i386-linux-gnu/libfreetype.so.6.11.1
b5d66000-b5d6d000 r-xp 00000000 08:01 20854268   /lib/i386-linux-gnu/librt-2.19.so
b5d6d000-b5d6e000 r--p 00006000 08:01 20854268   /lib/i386-linux-gnu/librt-2.19.so
b5d6e000-b5d6f000 rw-p 00007000 08:01 20854268   /lib/i386-linux-gnu/librt-2.19.so
b5d6f000-b5d87000 r-xp 00000000 08:01 20854261   /lib/i386-linux-gnu/libpthread-2.19.so
b5d87000-b5d88000 r--p 00018000 08:01 20854261   /lib/i386-linux-gnu/libpthread-2.19.so
b5d88000-b5d89000 rw-p 00019000 08:01 20854261   /lib/i386-linux-gnu/libpthread-2.19.so
b5d89000-b5d8b000 rw-p 00000000 00:00 0 
b5d8b000-b5dc5000 r-xp 00000000 08:01 18225398   /usr/lib/i386-linux-gnu/libxkbcommon.so.0.0.0
b5dc5000-b5dc6000 r--p 00039000 08:01 18225398   /usr/lib/i386-linux-gnu/libxkbcommon.so.0.0.0
b5dc6000-b5dc7000 rw-p 0003a000 08:01 18225398   /usr/lib/i386-linux-gnu/libxkbcommon.so.0.0.0
b5dc7000-b5dc8000 rw-p 00000000 00:00 0 
b5dc8000-b5dcc000 r-xp 00000000 08:01 18225336   /usr/lib/i386-linux-gnu/libwayland-cursor.so.0.0.0
b5dcc000-b5dcd000 r--p 00003000 08:01 18225336   /usr/lib/i386-linux-gnu/libwayland-cursor.so.0.0.0
b5dcd000-b5dd1000 rw-p 00004000 08:01 18225336   /usr/lib/i386-linux-gnu/libwayland-cursor.so.0.0.0
b5dd1000-b5dda000 r-xp 00000000 08:01 18225334   /usr/lib/i386-linux-gnu/libwayland-client.so.0.2.0
b5dda000-b5ddb000 ---p 00009000 08:01 18225334   /usr/lib/i386-linux-gnu/libwayland-client.so.0.2.0
b5ddb000-b5ddc000 r--p 00009000 08:01 18225334   /usr/lib/i386-linux-gnu/libwayland-client.so.0.2.0
b5ddc000-b5ddd000 rw-p 0000a000 08:01 18225334   /usr/lib/i386-linux-gnu/libwayland-client.so.0.2.0
b5ddd000-b5dde000 r-xp 00000000 08:01 18220505   /usr/lib/i386-linux-gnu/libwayland-egl.so.1.0.0
b5dde000-b5ddf000 r--p 00000000 08:01 18220505   /usr/lib/i386-linux-gnu/libwayland-egl.so.1.0.0
b5ddf000-b5de0000 rw-p 00001000 08:01 18220505   /usr/lib/i386-linux-gnu/libwayland-egl.so.1.0.0
b5de0000-b5de4000 r-xp 00000000 08:01 18224379   /usr/lib/i386-linux-gnu/libXxf86vm.so.1.0.0
b5de4000-b5de5000 r--p 00004000 08:01 18224379   /usr/lib/i386-linux-gnu/libXxf86vm.so.1.0.0
b5de5000-b5de6000 rw-p 00005000 08:01 18224379   /usr/lib/i386-linux-gnu/libXxf86vm.so.1.0.0
b5de6000-b5de8000 r-xp 00000000 08:01 18224365   /usr/lib/i386-linux-gnu/libXss.so.1.0.0
b5de8000-b5de9000 r--p 00001000 08:01 18224365   /usr/lib/i386-linux-gnu/libXss.so.1.0.0
b5de9000-b5dea000 rw-p 00002000 08:01 18224365   /usr/lib/i386-linux-gnu/libXss.so.1.0.0
b5dea000-b5deb000 rw-p 00000000 00:00 0 
b5deb000-b5df4000 r-xp 00000000 08:01 18226177   /usr/lib/i386-linux-gnu/libXrandr.so.2.2.0
b5df4000-b5df5000 r--p 00008000 08:01 18226177   /usr/lib/i386-linux-gnu/libXrandr.so.2.2.0
b5df5000-b5df6000 rw-p 00009000 08:01 18226177   /usr/lib/i386-linux-gnu/libXrandr.so.2.2.0
b5df6000-b5e04000 r-xp 00000000 08:01 18221388   /usr/lib/i386-linux-gnu/libXi.so.6.1.0
b5e04000-b5e05000 r--p 0000e000 08:01 18221388   /usr/lib/i386-linux-gnu/libXi.so.6.1.0
b5e05000-b5e06000 rw-p 0000f000 08:01 18221388   /usr/lib/i386-linux-gnu/libXi.so.6.1.0
b5e06000-b5e08000 r-xp 00000000 08:01 18224351   /usr/lib/i386-linux-gnu/libXinerama.so.1.0.0
b5e08000-b5e09000 r--p 00001000 08:01 18224351   /usr/lib/i386-linux-gnu/libXinerama.so.1.0.0
b5e09000-b5e0a000 rw-p 00002000 08:01 18224351   /usr/lib/i386-linux-gnu/libXinerama.so.1.0.0
b5e0a000-b5e13000 r-xp 00000000 08:01 18224335   /usr/lib/i386-linux-gnu/libXcursor.so.1.0.2
b5e13000-b5e14000 r--p 00008000 08:01 18224335   /usr/lib/i386-linux-gnu/libXcursor.so.1.0.2
b5e14000-b5e15000 rw-p 00009000 08:01 18224335   /usr/lib/i386-linux-gnu/libXcursor.so.1.0.2
b5e15000-b5e26000 r-xp 00000000 08:01 18220240   /usr/lib/i386-linux-gnu/libXext.so.6.4.0
b5e26000-b5e27000 r--p 00010000 08:01 18220240   /usr/lib/i386-linux-gnu/libXext.so.6.4.0
b5e27000-b5e28000 rw-p 00011000 08:01 18220240   /usr/lib/i386-linux-gnu/libXext.so.6.4.0
b5e28000-b5e29000 rw-p 00000000 00:00 0 
b5e29000-b5f59000 r-xp 00000000 08:01 18224324   /usr/lib/i386-linux-gnu/libX11.so.6.3.0
b5f59000-b5f5a000 r--p 00130000 08:01 18224324   /usr/lib/i386-linux-gnu/libX11.so.6.3.0
b5f5a000-b5f5c000 rw-p 00131000 08:01 18224324   /usr/lib/i386-linux-gnu/libX11.so.6.3.0
b5f5c000-b5f5d000 rw-p 00000000 00:00 0 
b5f5d000-b5faa000 r-xp 00000000 08:01 18225116   /usr/lib/i386-linux-gnu/libpulse.so.0.16.2
b5faa000-b5fab000 r--p 0004c000 08:01 18225116   /usr/lib/i386-linux-gnu/libpulse.so.0.16.2
b5fab000-b5fac000 rw-p 0004d000 08:01 18225116   /usr/lib/i386-linux-gnu/libpulse.so.0.16.2
b5fac000-b5faf000 r-xp 00000000 08:01 18225114   /usr/lib/i386-linux-gnu/libpulse-simple.so.0.0.4
b5faf000-b5fb0000 r--p 00002000 08:01 18225114   /usr/lib/i386-linux-gnu/libpulse-simple.so.0.0.4
b5fb0000-b5fb1000 rw-p 00003000 08:01 18225114   /usr/lib/i386-linux-gnu/libpulse-simple.so.0.0.4
b5fb1000-b60a2000 r-xp 00000000 08:01 18224410   /usr/lib/i386-linux-gnu/libasound.so.2.0.0
b60a2000-b60a6000 r--p 000f0000 08:01 18224410   /usr/lib/i386-linux-gnu/libasound.so.2.0.0
b60a6000-b60a7000 rw-p 000f4000 08:01 18224410   /usr/lib/i386-linux-gnu/libasound.so.2.0.0
b60a7000-b60cb000 r-xp 00000000 08:01 20841512   /lib/i386-linux-gnu/liblzma.so.5.0.0
b60cb000-b60cc000 r--p 00023000 08:01 20841512   /lib/i386-linux-gnu/liblzma.so.5.0.0
b60cc000-b60cd000 rw-p 00024000 08:01 20841512   /lib/i386-linux-gnu/liblzma.so.5.0.0
b60cd000-b60ce000 rw-p 00000000 00:00 0 
b60ce000-b60e6000 r-xp 00000000 08:01 20841628   /lib/i386-linux-gnu/libz.so.1.2.8
b60e6000-b60e7000 r--p 00017000 08:01 20841628   /lib/i386-linux-gnu/libz.so.1.2.8
b60e7000-b60e8000 rw-p 00018000 08:01 20841628   /lib/i386-linux-gnu/libz.so.1.2.8
b60e8000-b60eb000 r-xp 00000000 08:01 20854256   /lib/i386-linux-gnu/libdl-2.19.so
b60eb000-b60ec000 r--p 00002000 08:01 20854256   /lib/i386-linux-gnu/libdl-2.19.so
b60ec000-b60ed000 rw-p 00003000 08:01 20854256   /lib/i386-linux-gnu/libdl-2.19.so
b60ed000-b6295000 r-xp 00000000 08:01 20854269   /lib/i386-linux-gnu/libc-2.19.so
b6295000-b6296000 ---p 001a8000 08:01 20854269   /lib/i386-linux-gnu/libc-2.19.so
b6296000-b6298000 r--p 001a8000 08:01 20854269   /lib/i386-linux-gnu/libc-2.19.so
b6298000-b6299000 rw-p 001aa000 08:01 20854269   /lib/i386-linux-gnu/libc-2.19.so
b6299000-b629c000 rw-p 00000000 00:00 0 
b629c000-b62b8000 r-xp 00000000 08:01 20841980   /lib/i386-linux-gnu/libgcc_s.so.1
b62b8000-b62b9000 rw-p 0001b000 08:01 20841980   /lib/i386-linux-gnu/libgcc_s.so.1
b62b9000-b6395000 r-xp 00000000 08:01 18223271   /usr/lib/i386-linux-gnu/libstdc++.so.6.0.19
b6395000-b6399000 r--p 000dc000 08:01 18223271   /usr/lib/i386-linux-gnu/libstdc++.so.6.0.19
b6399000-b639a000 rw-p 000e0000 08:01 18223271   /usr/lib/i386-linux-gnu/libstdc++.so.6.0.19
b639a000-b63a2000 rw-p 00000000 00:00 0 
b63a2000-b63e6000 r-xp 00000000 08:01 20854254   /lib/i386-linux-gnu/libm-2.19.so
b63e6000-b63e7000 r--p 00043000 08:01 20854254   /lib/i386-linux-gnu/libm-2.19.so
b63e7000-b63e8000 rw-p 00044000 08:01 20854254   /lib/i386-linux-gnu/libm-2.19.so
b63e8000-b6de5000 r-xp 00000000 08:01 18483215   /usr/lib/jvm/java-7-openjdk-i386/jre/lib/i386/server/libjvm.so
b6de5000-b6de6000 ---p 009fd000 08:01 18483215   /usr/lib/jvm/java-7-openjdk-i386/jre/lib/i386/server/libjvm.so
b6de6000-b6e38000 r--p 009fd000 08:01 18483215   /usr/lib/jvm/java-7-openjdk-i386/jre/lib/i386/server/libjvm.so
b6e38000-b6e4c000 rw-p 00a4f000 08:01 18483215   /usr/lib/jvm/java-7-openjdk-i386/jre/lib/i386/server/libjvm.so
b6e4c000-b7269000 rw-p 00000000 00:00 0 
b7269000-b726f000 r-xp 00000000 08:01 18240492   /usr/lib/i386-linux-gnu/libSDL2_ttf-2.0.so.0.10.2
b726f000-b7270000 r--p 00005000 08:01 18240492   /usr/lib/i386-linux-gnu/libSDL2_ttf-2.0.so.0.10.2
b7270000-b7271000 rw-p 00006000 08:01 18240492   /usr/lib/i386-linux-gnu/libSDL2_ttf-2.0.so.0.10.2
b7271000-b737d000 r-xp 00000000 08:01 18240490   /usr/lib/i386-linux-gnu/libSDL2-2.0.so.0.2.0
b737d000-b7380000 r--p 0010b000 08:01 18240490   /usr/lib/i386-linux-gnu/libSDL2-2.0.so.0.2.0
b7380000-b7383000 rw-p 0010e000 08:01 18240490   /usr/lib/i386-linux-gnu/libSDL2-2.0.so.0.2.0
b7383000-b7385000 rw-p 00000000 00:00 0 
b7385000-b73c0000 r-xp 00000000 08:01 18219216   /usr/lib/libgslcblas.so.0.0.0
b73c0000-b73c1000 r--p 0003a000 08:01 18219216   /usr/lib/libgslcblas.so.0.0.0
b73c1000-b73c2000 rw-p 0003b000 08:01 18219216   /usr/lib/libgslcblas.so.0.0.0
b73c2000-b73c3000 rw-p 00000000 00:00 0 
b73c3000-b75eb000 r-xp 00000000 08:01 18220133   /usr/lib/libgsl.so.0.17.0
b75eb000-b75ec000 ---p 00228000 08:01 18220133   /usr/lib/libgsl.so.0.17.0
b75ec000-b75ee000 r--p 00228000 08:01 18220133   /usr/lib/libgsl.so.0.17.0
b75ee000-b75fc000 rw-p 0022a000 08:01 18220133   /usr/lib/libgsl.so.0.17.0
b75fc000-b7750000 r-xp 00000000 08:01 18219236   /usr/lib/i386-linux-gnu/libxml2.so.2.9.1
b7750000-b7754000 r--p 00154000 08:01 18219236   /usr/lib/i386-linux-gnu/libxml2.so.2.9.1
b7754000-b7755000 rw-p 00158000 08:01 18219236   /usr/lib/i386-linux-gnu/libxml2.so.2.9.1
b7755000-b7756000 rw-p 00000000 00:00 0 
b7756000-b7758000 r--s 00006000 08:01 18616755   /usr/share/java/java-atk-wrapper.jar
b7758000-b7759000 r--p 00859000 08:01 18227311   /usr/lib/locale/locale-archive
b7759000-b7760000 r-xp 00000000 08:01 20854259   /lib/i386-linux-gnu/libnss_compat-2.19.so
b7760000-b7761000 r--p 00006000 08:01 20854259   /lib/i386-linux-gnu/libnss_compat-2.19.so
b7761000-b7762000 rw-p 00007000 08:01 20854259   /lib/i386-linux-gnu/libnss_compat-2.19.so
b7762000-b7763000 rw-p 00000000 00:00 0 
b7763000-b7764000 r--p 00000000 00:00 0 
b7764000-b7772000 r-xp 00000000 08:01 18483209   /usr/lib/jvm/java-7-openjdk-i386/jre/lib/i386/libverify.so
b7772000-b7773000 r--p 0000d000 08:01 18483209   /usr/lib/jvm/java-7-openjdk-i386/jre/lib/i386/libverify.so
b7773000-b7774000 rw-p 0000e000 08:01 18483209   /usr/lib/jvm/java-7-openjdk-i386/jre/lib/i386/libverify.so
b7774000-b7777000 rw-p 00000000 00:00 0 
b7777000-b7778000 r-xp 00000000 00:00 0          [vdso]
b7778000-b777a000 r--p 00000000 00:00 0          [vvar]
b777a000-b779a000 r-xp 00000000 08:01 20854262   /lib/i386-linux-gnu/ld-2.19.so
b779a000-b779b000 r--p 0001f000 08:01 20854262   /lib/i386-linux-gnu/ld-2.19.so
b779b000-b779c000 rw-p 00020000 08:01 20854262   /lib/i386-linux-gnu/ld-2.19.so
bf92e000-bf92f000 rwxp 00000000 00:00 0 
bf932000-bf935000 ---p 00000000 00:00 0 
bf936000-bf982000 rw-p 00000000 00:00 0          [stack]

VM Arguments:
jvm_args: -Djava.library.path=/usr/lib/jni 
java_command: <unknown>
Launcher Type: generic

Environment Variables:
PATH=/home/gregoire/Applications/anaconda3/bin:/usr/local/sbin:/usr/local/bin:/usr/sbin:/usr/bin:/sbin:/bin:/usr/games:/usr/local/games
SHELL=/bin/bash
DISPLAY=:0.0

Signal Handlers:
SIGSEGV: [libjvm.so+0x8191e0], sa_mask[0]=0x7ffbfeff, sa_flags=0x10000004
SIGBUS: [libjvm.so+0x8191e0], sa_mask[0]=0x7ffbfeff, sa_flags=0x10000004
SIGFPE: [libjvm.so+0x68ddb0], sa_mask[0]=0x7ffbfeff, sa_flags=0x10000004
SIGPIPE: [libjvm.so+0x68ddb0], sa_mask[0]=0x7ffbfeff, sa_flags=0x10000004
SIGXFSZ: [libjvm.so+0x68ddb0], sa_mask[0]=0x7ffbfeff, sa_flags=0x10000004
SIGILL: [libjvm.so+0x68ddb0], sa_mask[0]=0x7ffbfeff, sa_flags=0x10000004
SIGUSR1: SIG_DFL, sa_mask[0]=0x00000000, sa_flags=0x00000000
SIGUSR2: [libjvm.so+0x68df10], sa_mask[0]=0x00000000, sa_flags=0x10000004
SIGHUP: [libjvm.so+0x68de70], sa_mask[0]=0x7ffbfeff, sa_flags=0x10000004
SIGINT: [libjvm.so+0x68de70], sa_mask[0]=0x7ffbfeff, sa_flags=0x10000004
SIGTERM: [libjvm.so+0x68de70], sa_mask[0]=0x7ffbfeff, sa_flags=0x10000004
SIGQUIT: [libjvm.so+0x68de70], sa_mask[0]=0x7ffbfeff, sa_flags=0x10000004
SIGTRAP: SIG_DFL, sa_mask[0]=0x00000000, sa_flags=0x00000000


---------------  S Y S T E M  ---------------

OS:Ubuntu 14.04 (trusty)
uname:Linux 3.16.0-59-generic #79~14.04.1-Ubuntu SMP Mon Jan 18 15:39:06 UTC 2016 i686
libc:glibc 2.19 NPTL 2.19 
rlimit: STACK 8192k, CORE 0k, NPROC 31352, NOFILE 4096, AS infinity
load average:0.66 0.61 0.51

/proc/meminfo:
MemTotal:        4032724 kB
MemFree:         1280024 kB
MemAvailable:    2723356 kB
Buffers:          494288 kB
Cached:          1126920 kB
SwapCached:          172 kB
Active:          1832212 kB
Inactive:         676280 kB
Active(anon):     857816 kB
Inactive(anon):   111212 kB
Active(file):     974396 kB
Inactive(file):   565068 kB
Unevictable:           0 kB
Mlocked:               0 kB
HighTotal:       3170056 kB
HighFree:        1215352 kB
LowTotal:         862668 kB
LowFree:           64672 kB
SwapTotal:       4075516 kB
SwapFree:        4075300 kB
Dirty:               976 kB
Writeback:             0 kB
AnonPages:        887156 kB
Mapped:           299244 kB
Shmem:             81744 kB
Slab:             200280 kB
SReclaimable:     181860 kB
SUnreclaim:        18420 kB
KernelStack:        3208 kB
PageTables:         8740 kB
NFS_Unstable:          0 kB
Bounce:                0 kB
WritebackTmp:          0 kB
CommitLimit:     6091876 kB
Committed_AS:    3491264 kB
VmallocTotal:     122880 kB
VmallocUsed:       19388 kB
VmallocChunk:      82208 kB
AnonHugePages:    385024 kB
HugePages_Total:       0
HugePages_Free:        0
HugePages_Rsvd:        0
HugePages_Surp:        0
Hugepagesize:       2048 kB
DirectMap4k:       17400 kB
DirectMap2M:      890880 kB


CPU:total 2 (2 cores per cpu, 1 threads per core) family 6 model 55 stepping 8, cmov, cx8, fxsr, mmx, sse, sse2, sse3, ssse3, sse4.1, sse4.2, popcnt, erms, tsc, tscinvbit

/proc/cpuinfo:
processor	: 0
vendor_id	: GenuineIntel
cpu family	: 6
model		: 55
model name	: Intel(R) Celeron(R) CPU  N2840  @ 2.16GHz
stepping	: 8
microcode	: 0x809
cpu MHz		: 2582.293
cache size	: 1024 KB
physical id	: 0
siblings	: 2
core id		: 0
cpu cores	: 2
apicid		: 0
initial apicid	: 0
fdiv_bug	: no
f00f_bug	: no
coma_bug	: no
fpu		: yes
fpu_exception	: yes
cpuid level	: 11
wp		: yes
flags		: fpu vme de pse tsc msr pae mce cx8 apic sep mtrr pge mca cmov pat pse36 clflush dts acpi mmx fxsr sse sse2 ss ht tm pbe nx rdtscp lm constant_tsc arch_perfmon pebs bts xtopology nonstop_tsc aperfmperf pni pclmulqdq dtes64 monitor ds_cpl vmx est tm2 ssse3 cx16 xtpr pdcm sse4_1 sse4_2 movbe popcnt tsc_deadline_timer rdrand lahf_lm 3dnowprefetch ida arat epb dtherm tpr_shadow vnmi flexpriority ept vpid tsc_adjust smep erms
bogomips	: 4326.40
clflush size	: 64
cache_alignment	: 64
address sizes	: 36 bits physical, 48 bits virtual
power management:

processor	: 1
vendor_id	: GenuineIntel
cpu family	: 6
model		: 55
model name	: Intel(R) Celeron(R) CPU  N2840  @ 2.16GHz
stepping	: 8
microcode	: 0x809
cpu MHz		: 2582.293
cache size	: 1024 KB
physical id	: 0
siblings	: 2
core id		: 1
cpu cores	: 2
apicid		: 2
initial apicid	: 2
fdiv_bug	: no
f00f_bug	: no
coma_bug	: no
fpu		: yes
fpu_exception	: yes
cpuid level	: 11
wp		: yes
flags		: fpu vme de pse tsc msr pae mce cx8 apic sep mtrr pge mca cmov pat pse36 clflush dts acpi mmx fxsr sse sse2 ss ht tm pbe nx rdtscp lm constant_tsc arch_perfmon pebs bts xtopology nonstop_tsc aperfmperf pni pclmulqdq dtes64 monitor ds_cpl vmx est tm2 ssse3 cx16 xtpr pdcm sse4_1 sse4_2 movbe popcnt tsc_deadline_timer rdrand lahf_lm 3dnowprefetch ida arat epb dtherm tpr_shadow vnmi flexpriority ept vpid tsc_adjust smep erms
bogomips	: 4326.40
clflush size	: 64
cache_alignment	: 64
address sizes	: 36 bits physical, 48 bits virtual
power management:



Memory: 4k page, physical 4032724k(1280024k free), swap 4075516k(4075300k free)

vm_info: OpenJDK Server VM (24.111-b01) for linux-x86 JRE (1.7.0_111-b01), built on Aug 12 2016 05:32:15 by "buildd" with gcc 4.8.4

time: Wed Nov 16 10:14:22 2016
elapsed time: 5 seconds

