#
# A fatal error has been detected by the Java Runtime Environment:
#
#  SIGSEGV (0xb) at pc=0x080956cc, pid=28607, tid=3045820160
#
# JRE version: OpenJDK Runtime Environment (7.0_111-b01) (build 1.7.0_111-b01)
# Java VM: OpenJDK Server VM (24.111-b01 mixed mode linux-x86 )
# Derivative: IcedTea 2.6.7
# Distribution: Ubuntu 14.04 LTS, package 7u111-2.6.7-0ubuntu0.14.04.3
# Problematic frame:
# C  [exe_projectRobotran+0x4d6cc]  ctrlGr4::SearchGraph::computePath(int, int)+0x37c
#
# Failed to write core dump. Core dumps have been disabled. To enable core dumping, try "ulimit -c unlimited" before starting Java again
#
# If you would like to submit a bug report, please include
# instructions on how to reproduce the bug and visit:
#   http://icedtea.classpath.org/bugzilla
# The crash happened outside the Java Virtual Machine in native code.
# See problematic frame for where to report the bug.
#

---------------  T H R E A D  ---------------

Current thread (0x089e9000):  JavaThread "main" [_thread_in_native, id=28607, stack(0xbfe83000,0xbfed3000)]

siginfo:si_signo=SIGSEGV: si_errno=0, si_code=1 (SEGV_MAPERR), si_addr=0x00000000

Registers:
EAX=0x00000000, EBX=0x00000000, ECX=0x0939bf60, EDX=0x0939bf20
ESP=0xbfed06d0, EBP=0xbfed0748, ESI=0x09397394, EDI=0x0939c058
EIP=0x080956cc, EFLAGS=0x00010206, CR2=0x00000000

Top of Stack: (sp=0xbfed06d0)
0xbfed06d0:   00000000 0939c058 0939bf60 09397aa4
0xbfed06e0:   00000000 00000077 09397390 0000007c
0xbfed06f0:   09397aa0 0939beb8 0939bd80 09397aa4
0xbfed0700:   0939739c 09397aa4 00000000 0939bf60
0xbfed0710:   0939be50 00000000 00000000 00000000
0xbfed0720:   09399ea8 09399eac 09399eac b62c48b7
0xbfed0730:   00000014 00000000 3ff00000 09397a90
0xbfed0740:   0939beb8 0939bff8 bfed07d8 0809278c 

Instructions: (pc=0x080956cc)
0x080956ac:   4d bc 89 44 24 08 89 7c 24 04 89 14 24 89 4c 24
0x080956bc:   0c e8 fe 83 fc ff 8b 45 0c 83 40 24 01 8b 47 14
0x080956cc:   8b 10 89 45 c8 89 04 24 ff 52 24 85 c0 8b 45 c8
0x080956dc:   74 06 80 78 34 00 74 1e 8b 4d ac 89 44 24 04 8b 

Register to memory mapping:

EAX=0x00000000 is an unknown value
EBX=0x00000000 is an unknown value
ECX=0x0939bf60 is an unknown value
EDX=0x0939bf20 is an unknown value
ESP=0xbfed06d0 is pointing into the stack for thread: 0x089e9000
EBP=0xbfed0748 is pointing into the stack for thread: 0x089e9000
ESI=0x09397394 is an unknown value
EDI=0x0939c058 is an unknown value


Stack: [0xbfe83000,0xbfed3000],  sp=0xbfed06d0,  free space=309k
Native frames: (J=compiled Java code, j=interpreted, Vv=VM code, C=native code)
C  [exe_projectRobotran+0x4d6cc]  ctrlGr4::SearchGraph::computePath(int, int)+0x37c
C  [exe_projectRobotran+0x4a78c]  ctrlGr4::controller_loop(ctrlGr4::CtrlStruct*)+0x39c


---------------  P R O C E S S  ---------------

Java Threads: ( => current thread )
  0x0939c400 JavaThread "J3D-TransformStructureUpdateThread-1" [_thread_new, id=28636, stack(0x00000000,0x00000000)]
  0x094de400 JavaThread "J3D-RenderingEnvironmentStructureUpdateThread-1" [_thread_blocked, id=28635, stack(0x64ee4000,0x64f35000)]
  0x091fd800 JavaThread "J3D-SoundStructureUpdateThread-1" [_thread_blocked, id=28634, stack(0x64f35000,0x64f86000)]
  0x0916d800 JavaThread "J3D-GeometryStructureUpdateThread-1" [_thread_blocked, id=28633, stack(0x650d6000,0x65127000)]
  0x09172400 JavaThread "J3D-BehaviorStructureUpdateThread-1" [_thread_blocked, id=28632, stack(0x65127000,0x65178000)]
  0x090c1400 JavaThread "Image Fetcher 1" daemon [_thread_blocked, id=28631, stack(0x651af000,0x65200000)]
  0x08ffd400 JavaThread "AWT-EventQueue-0" [_thread_blocked, id=28630, stack(0x65546000,0x65597000)]
  0x08ffc800 JavaThread "AWT-Shutdown" [_thread_blocked, id=28629, stack(0x653af000,0x65400000)]
  0x08f2a000 JavaThread "Image Fetcher 0" daemon [_thread_blocked, id=28628, stack(0x6535e000,0x653af000)]
  0x08f42400 JavaThread "Timer-0" daemon [_thread_blocked, id=28625, stack(0x65597000,0x655e8000)]
  0x08eed000 JavaThread "J3D-Renderer-1" [_thread_blocked, id=28624, stack(0x65cd7000,0x65d28000)]
  0x08eebc00 JavaThread "J3D-MasterControl-1" [_thread_blocked, id=28623, stack(0x65d28000,0x65d79000)]
  0x08f13800 JavaThread "J3D-NotificationThread" [_thread_blocked, id=28622, stack(0x65d79000,0x65dca000)]
  0x08ee6c00 JavaThread "J3D-TimerThread" [_thread_blocked, id=28621, stack(0x65dca000,0x65e1b000)]
  0x08f03000 JavaThread "J3D-RenderingAttributesStructureUpdateThread" [_thread_blocked, id=28620, stack(0x65e1b000,0x65e6c000)]
  0x08c1b400 JavaThread "AWT-XAWT" daemon [_thread_in_native, id=28619, stack(0x660c0000,0x66111000)]
  0x08c0a800 JavaThread "Java2D Disposer" daemon [_thread_blocked, id=28618, stack(0x66111000,0x66162000)]
  0x08b0f800 JavaThread "Service Thread" daemon [_thread_blocked, id=28616, stack(0x666ad000,0x666fe000)]
  0x08b0d800 JavaThread "C2 CompilerThread1" daemon [_thread_blocked, id=28615, stack(0x666fe000,0x6677f000)]
  0x08b0b800 JavaThread "C2 CompilerThread0" daemon [_thread_blocked, id=28614, stack(0x6677f000,0x66800000)]
  0x08b0a000 JavaThread "Signal Dispatcher" daemon [_thread_blocked, id=28613, stack(0x66b00000,0x66b51000)]
  0x08af8000 JavaThread "Finalizer" daemon [_thread_blocked, id=28612, stack(0x66b51000,0x66ba2000)]
  0x08af3000 JavaThread "Reference Handler" daemon [_thread_blocked, id=28611, stack(0x6960b000,0x6965c000)]
=>0x089e9000 JavaThread "main" [_thread_in_native, id=28607, stack(0xbfe83000,0xbfed3000)]

Other Threads:
  0x08af0800 VMThread [stack: 0x66ba2000,0x66c23000] [id=28610]
  0x08b11800 WatcherThread [stack: 0x6662c000,0x666ad000] [id=28617]

VM state:not at safepoint (normal execution)

VM Mutex/Monitor currently owned by a thread: None

Heap
 PSYoungGen      total 71936K, used 68812K [0x9ae00000, 0x9fd80000, 0xaf6c0000)
  eden space 63232K, 97% used [0x9ae00000,0x9ea5b618,0x9ebc0000)
  from space 8704K, 80% used [0x9f480000,0x9fb57b90,0x9fd00000)
  to   space 8960K, 0% used [0x9ebc0000,0x9ebc0000,0x9f480000)
 ParOldGen       total 41984K, used 15286K [0x71cc0000, 0x745c0000, 0x9ae00000)
  object space 41984K, 36% used [0x71cc0000,0x72bad8a8,0x745c0000)
 PSPermGen       total 16384K, used 13924K [0x69cc0000, 0x6acc0000, 0x71cc0000)
  object space 16384K, 84% used [0x69cc0000,0x6aa590a8,0x6acc0000)

Card table byte_map: [0x69a92000,0x69cc0000] byte_map_base: 0x69743a00

Polling page: 0xb7724000

Code Cache  [0xaf7b9000, 0xaf9f9000, 0xb27b9000)
 total_blobs=587 nmethods=251 adapters=290 free_code_cache=48262Kb largest_free_block=49387776

Compilation events (10 events):
Event: 4.332 Thread 0x08b0b800 nmethod 264 0xaf88a788 code [0xaf88a860, 0xaf88a8b0]
Event: 4.333 Thread 0x08b0b800  265             javax.vecmath.Point3d::<init> (9 bytes)
Event: 4.334 Thread 0x08b0b800 nmethod 265 0xaf84a0c8 code [0xaf84a1a0, 0xaf84a1f0]
Event: 4.341 Thread 0x08b0b800  266             javax.media.j3d.SceneGraphObject::getCapability (19 bytes)
Event: 4.342 Thread 0x08b0b800 nmethod 266 0xaf849f48 code [0xaf84a020, 0xaf84a090]
Event: 4.373 Thread 0x08b0d800 nmethod 252% 0xaf896548 code [0xaf896b00, 0xaf899cc8]
Event: 4.399 Thread 0x08b0b800  267             java.lang.StringBuilder::<init> (7 bytes)
Event: 4.401 Thread 0x08b0b800 nmethod 267 0xaf882448 code [0xaf882540, 0xaf882610]
Event: 4.419 Thread 0x08b0b800  268             sun.java2d.loops.GraphicsPrimitive::getUniqueID (5 bytes)
Event: 4.419 Thread 0x08b0b800 nmethod 268 0xaf8822c8 code [0xaf8823a0, 0xaf8823f0]

GC Heap History (10 events):
Event: 2.328 GC heap before
{Heap before GC invocations=2 (full 0):
 PSYoungGen      total 18432K, used 18418K [0x9ae00000, 0x9c280000, 0xaf6c0000)
  eden space 15872K, 100% used [0x9ae00000,0x9bd80000,0x9bd80000)
  from space 2560K, 99% used [0x9bd80000,0x9bffc850,0x9c000000)
  to   space 2560K, 0% used [0x9c000000,0x9c000000,0x9c280000)
 ParOldGen       total 41984K, used 579K [0x71cc0000, 0x745c0000, 0x9ae00000)
  object space 41984K, 1% used [0x71cc0000,0x71d50c68,0x745c0000)
 PSPermGen       total 16384K, used 12158K [0x69cc0000, 0x6acc0000, 0x71cc0000)
  object space 16384K, 74% used [0x69cc0000,0x6a89f808,0x6acc0000)
Event: 2.342 GC heap after
Heap after GC invocations=2 (full 0):
 PSYoungGen      total 18432K, used 2552K [0x9ae00000, 0x9d200000, 0xaf6c0000)
  eden space 15872K, 0% used [0x9ae00000,0x9ae00000,0x9bd80000)
  from space 2560K, 99% used [0x9c000000,0x9c27e070,0x9c280000)
  to   space 2560K, 0% used [0x9bd80000,0x9bd80000,0x9c000000)
 ParOldGen       total 41984K, used 2723K [0x71cc0000, 0x745c0000, 0x9ae00000)
  object space 41984K, 6% used [0x71cc0000,0x71f68dc8,0x745c0000)
 PSPermGen       total 16384K, used 12158K [0x69cc0000, 0x6acc0000, 0x71cc0000)
  object space 16384K, 74% used [0x69cc0000,0x6a89f808,0x6acc0000)
}
Event: 2.550 GC heap before
{Heap before GC invocations=3 (full 0):
 PSYoungGen      total 18432K, used 18424K [0x9ae00000, 0x9d200000, 0xaf6c0000)
  eden space 15872K, 100% used [0x9ae00000,0x9bd80000,0x9bd80000)
  from space 2560K, 99% used [0x9c000000,0x9c27e070,0x9c280000)
  to   space 2560K, 0% used [0x9bd80000,0x9bd80000,0x9c000000)
 ParOldGen       total 41984K, used 2723K [0x71cc0000, 0x745c0000, 0x9ae00000)
  object space 41984K, 6% used [0x71cc0000,0x71f68dc8,0x745c0000)
 PSPermGen       total 16384K, used 12172K [0x69cc0000, 0x6acc0000, 0x71cc0000)
  object space 16384K, 74% used [0x69cc0000,0x6a8a3040,0x6acc0000)
Event: 2.572 GC heap after
Heap after GC invocations=3 (full 0):
 PSYoungGen      total 18432K, used 2555K [0x9ae00000, 0x9d200000, 0xaf6c0000)
  eden space 15872K, 0% used [0x9ae00000,0x9ae00000,0x9bd80000)
  from space 2560K, 99% used [0x9bd80000,0x9bffed48,0x9c000000)
  to   space 2560K, 0% used [0x9cf80000,0x9cf80000,0x9d200000)
 ParOldGen       total 41984K, used 7402K [0x71cc0000, 0x745c0000, 0x9ae00000)
  object space 41984K, 17% used [0x71cc0000,0x723fa8b0,0x745c0000)
 PSPermGen       total 16384K, used 12172K [0x69cc0000, 0x6acc0000, 0x71cc0000)
  object space 16384K, 74% used [0x69cc0000,0x6a8a3040,0x6acc0000)
}
Event: 2.654 GC heap before
{Heap before GC invocations=4 (full 0):
 PSYoungGen      total 18432K, used 18427K [0x9ae00000, 0x9d200000, 0xaf6c0000)
  eden space 15872K, 100% used [0x9ae00000,0x9bd80000,0x9bd80000)
  from space 2560K, 99% used [0x9bd80000,0x9bffed48,0x9c000000)
  to   space 2560K, 0% used [0x9cf80000,0x9cf80000,0x9d200000)
 ParOldGen       total 41984K, used 7402K [0x71cc0000, 0x745c0000, 0x9ae00000)
  object space 41984K, 17% used [0x71cc0000,0x723fa8b0,0x745c0000)
 PSPermGen       total 16384K, used 12172K [0x69cc0000, 0x6acc0000, 0x71cc0000)
  object space 16384K, 74% used [0x69cc0000,0x6a8a3330,0x6acc0000)
Event: 2.675 GC heap after
Heap after GC invocations=4 (full 0):
 PSYoungGen      total 34304K, used 2544K [0x9ae00000, 0x9d200000, 0xaf6c0000)
  eden space 31744K, 0% used [0x9ae00000,0x9ae00000,0x9cd00000)
  from space 2560K, 99% used [0x9cf80000,0x9d1fc088,0x9d200000)
  to   space 2560K, 0% used [0x9cd00000,0x9cd00000,0x9cf80000)
 ParOldGen       total 41984K, used 11870K [0x71cc0000, 0x745c0000, 0x9ae00000)
  object space 41984K, 28% used [0x71cc0000,0x72857888,0x745c0000)
 PSPermGen       total 16384K, used 12172K [0x69cc0000, 0x6acc0000, 0x71cc0000)
  object space 16384K, 74% used [0x69cc0000,0x6a8a3330,0x6acc0000)
}
Event: 3.075 GC heap before
{Heap before GC invocations=5 (full 0):
 PSYoungGen      total 34304K, used 34288K [0x9ae00000, 0x9d200000, 0xaf6c0000)
  eden space 31744K, 100% used [0x9ae00000,0x9cd00000,0x9cd00000)
  from space 2560K, 99% used [0x9cf80000,0x9d1fc088,0x9d200000)
  to   space 2560K, 0% used [0x9cd00000,0x9cd00000,0x9cf80000)
 ParOldGen       total 41984K, used 11870K [0x71cc0000, 0x745c0000, 0x9ae00000)
  object space 41984K, 28% used [0x71cc0000,0x72857888,0x745c0000)
 PSPermGen       total 16384K, used 12852K [0x69cc0000, 0x6acc0000, 0x71cc0000)
  object space 16384K, 78% used [0x69cc0000,0x6a94d168,0x6acc0000)
Event: 3.086 GC heap after
Heap after GC invocations=5 (full 0):
 PSYoungGen      total 34304K, used 2546K [0x9ae00000, 0x9fd00000, 0xaf6c0000)
  eden space 31744K, 0% used [0x9ae00000,0x9ae00000,0x9cd00000)
  from space 2560K, 99% used [0x9cd00000,0x9cf7c9a0,0x9cf80000)
  to   space 8704K, 0% used [0x9f480000,0x9f480000,0x9fd00000)
 ParOldGen       total 41984K, used 15286K [0x71cc0000, 0x745c0000, 0x9ae00000)
  object space 41984K, 36% used [0x71cc0000,0x72bad8a8,0x745c0000)
 PSPermGen       total 16384K, used 12852K [0x69cc0000, 0x6acc0000, 0x71cc0000)
  object space 16384K, 78% used [0x69cc0000,0x6a94d168,0x6acc0000)
}
Event: 3.514 GC heap before
{Heap before GC invocations=6 (full 0):
 PSYoungGen      total 34304K, used 34290K [0x9ae00000, 0x9fd00000, 0xaf6c0000)
  eden space 31744K, 100% used [0x9ae00000,0x9cd00000,0x9cd00000)
  from space 2560K, 99% used [0x9cd00000,0x9cf7c9a0,0x9cf80000)
  to   space 8704K, 0% used [0x9f480000,0x9f480000,0x9fd00000)
 ParOldGen       total 41984K, used 15286K [0x71cc0000, 0x745c0000, 0x9ae00000)
  object space 41984K, 36% used [0x71cc0000,0x72bad8a8,0x745c0000)
 PSPermGen       total 16384K, used 12896K [0x69cc0000, 0x6acc0000, 0x71cc0000)
  object space 16384K, 78% used [0x69cc0000,0x6a9580b8,0x6acc0000)
Event: 3.535 GC heap after
Heap after GC invocations=6 (full 0):
 PSYoungGen      total 71936K, used 7006K [0x9ae00000, 0x9fd80000, 0xaf6c0000)
  eden space 63232K, 0% used [0x9ae00000,0x9ae00000,0x9ebc0000)
  from space 8704K, 80% used [0x9f480000,0x9fb57b90,0x9fd00000)
  to   space 8960K, 0% used [0x9ebc0000,0x9ebc0000,0x9f480000)
 ParOldGen       total 41984K, used 15286K [0x71cc0000, 0x745c0000, 0x9ae00000)
  object space 41984K, 36% used [0x71cc0000,0x72bad8a8,0x745c0000)
 PSPermGen       total 16384K, used 12896K [0x69cc0000, 0x6acc0000, 0x71cc0000)
  object space 16384K, 78% used [0x69cc0000,0x6a9580b8,0x6acc0000)
}

Deoptimization events (10 events):
Event: 3.153 Thread 0x089e9000 Uncommon trap: reason=class_check action=maybe_recompile pc=0xaf8568cc method=javax.vecmath.Tuple3f.equals(Ljava/lang/Object;)Z @ 1
Event: 3.154 Thread 0x089e9000 Uncommon trap: reason=unstable_if action=reinterpret pc=0xaf85b530 method=com.sun.j3d.utils.geometry.EdgeTable.<init>([I)V @ 68
Event: 3.160 Thread 0x089e9000 Uncommon trap: reason=unstable_if action=reinterpret pc=0xaf8753f0 method=sun.misc.FloatingDecimal.readJavaFormatString(Ljava/lang/String;)Lsun/misc/FloatingDecimal; @ 509
Event: 3.181 Thread 0x089e9000 Uncommon trap: reason=unstable_if action=reinterpret pc=0xaf858594 method=com.sun.j3d.utils.geometry.EdgeTable.<init>([I)V @ 68
Event: 4.214 Thread 0x089e9000 Uncommon trap: reason=unstable_if action=reinterpret pc=0xaf873ba4 method=java.util.Properties.load0(Ljava/util/Properties$LineReader;)V @ 12
Event: 4.238 Thread 0x089e9000 Uncommon trap: reason=unstable_if action=reinterpret pc=0xaf829908 method=java.util.ArrayList.indexOf(Ljava/lang/Object;)I @ 41
Event: 4.409 Thread 0x089e9000 Uncommon trap: reason=bimorphic action=maybe_recompile pc=0xaf8721a4 method=java.util.HashMap.put(Ljava/lang/Object;Ljava/lang/Object;)Ljava/lang/Object; @ 83
Event: 4.425 Thread 0x089e9000 Uncommon trap: reason=bimorphic action=maybe_recompile pc=0xaf8721a4 method=java.util.HashMap.put(Ljava/lang/Object;Ljava/lang/Object;)Ljava/lang/Object; @ 83
Event: 4.427 Thread 0x089e9000 Uncommon trap: reason=bimorphic action=maybe_recompile pc=0xaf8721a4 method=java.util.HashMap.put(Ljava/lang/Object;Ljava/lang/Object;)Ljava/lang/Object; @ 83
Event: 4.458 Thread 0x08ffd400 Uncommon trap: reason=unstable_if action=reinterpret pc=0xaf81631c method=java.lang.Class.getName()Ljava/lang/String; @ 6

Internal exceptions (10 events):
Event: 2.793 Thread 0x089e9000 Implicit null exception at 0xaf83fc0d to 0xaf8401f5
Event: 2.940 Thread 0x089e9000 Implicit null exception at 0xaf843b8d to 0xaf8445ad
Event: 2.940 Thread 0x089e9000 Implicit null exception at 0xaf843b8d to 0xaf8445ad
Event: 2.943 Thread 0x089e9000 Implicit null exception at 0xaf843b8d to 0xaf8445ad
Event: 3.150 Thread 0x089e9000 Implicit null exception at 0xaf8786d3 to 0xaf878911
Event: 4.149 Thread 0x089e9000 Threw 0x9e4dd7a8 at /build/openjdk-7-Ylwexc/openjdk-7-7u111-2.6.7/build/openjdk/hotspot/src/share/vm/prims/jvm.cpp:1322
Event: 4.216 Thread 0x089e9000 Threw 0x9e6aada0 at /build/openjdk-7-Ylwexc/openjdk-7-7u111-2.6.7/build/openjdk/hotspot/src/share/vm/prims/jvm.cpp:1322
Event: 4.224 Thread 0x089e9000 Threw 0x9e6adf70 at /build/openjdk-7-Ylwexc/openjdk-7-7u111-2.6.7/build/openjdk/hotspot/src/share/vm/prims/jvm.cpp:1322
Event: 4.458 Thread 0x08ffd400 Implicit null exception at 0xaf815ef1 to 0xaf816305
Event: 4.719 Thread 0x08ffd400 Threw 0x9b0f2880 at /build/openjdk-7-Ylwexc/openjdk-7-7u111-2.6.7/build/openjdk/hotspot/src/share/vm/prims/jni.cpp:747

Events (10 events):
Event: 4.739 Executing VM operation: RevokeBias done
Event: 4.740 Thread 0x0916d800 Thread added: 0x0916d800
Event: 4.740 Executing VM operation: RevokeBias
Event: 4.740 Executing VM operation: RevokeBias done
Event: 4.750 Thread 0x091fd800 Thread added: 0x091fd800
Event: 4.760 Executing VM operation: RevokeBias
Event: 4.760 Executing VM operation: RevokeBias done
Event: 4.764 Thread 0x094de400 Thread added: 0x094de400
Event: 4.766 Executing VM operation: RevokeBias
Event: 4.766 Executing VM operation: RevokeBias done


Dynamic libraries:
08048000-080bf000 r-xp 00000000 08:01 6035026    /home/gregoire/Documents/MobileRobots/MobileRobotsProject/workR/build/exe_projectRobotran
080bf000-080c0000 r--p 00077000 08:01 6035026    /home/gregoire/Documents/MobileRobots/MobileRobotsProject/workR/build/exe_projectRobotran
080c0000-080c1000 rw-p 00078000 08:01 6035026    /home/gregoire/Documents/MobileRobots/MobileRobotsProject/workR/build/exe_projectRobotran
089da000-09558000 rw-p 00000000 00:00 0          [heap]
64e42000-64e93000 rw-p 00000000 00:00 0          [stack:28637]
64e93000-64e96000 ---p 00000000 00:00 0 
64e96000-64ee4000 rw-p 00000000 00:00 0          [stack:28636]
64ee4000-64ee7000 ---p 00000000 00:00 0 
64ee7000-64f35000 rw-p 00000000 00:00 0          [stack:28635]
64f35000-64f38000 ---p 00000000 00:00 0 
64f38000-64f86000 rw-p 00000000 00:00 0          [stack:28634]
64f86000-650d6000 rw-s 00000000 00:04 59408404   /SYSV00000000 (deleted)
650d6000-650d9000 ---p 00000000 00:00 0 
650d9000-65127000 rw-p 00000000 00:00 0          [stack:28633]
65127000-6512a000 ---p 00000000 00:00 0 
6512a000-65178000 rw-p 00000000 00:00 0          [stack:28632]
65178000-651ad000 r-xp 00000000 08:01 18225272   /usr/lib/i386-linux-gnu/libtxc_dxtn_s2tc.so.0.0.0
651ad000-651ae000 r--p 00034000 08:01 18225272   /usr/lib/i386-linux-gnu/libtxc_dxtn_s2tc.so.0.0.0
651ae000-651af000 rw-p 00035000 08:01 18225272   /usr/lib/i386-linux-gnu/libtxc_dxtn_s2tc.so.0.0.0
651af000-651b2000 ---p 00000000 00:00 0 
651b2000-65200000 rw-p 00000000 00:00 0          [stack:28631]
65200000-652ff000 rw-p 00000000 00:00 0 
652ff000-65300000 ---p 00000000 00:00 0 
6530b000-6535b000 r-xp 00000000 08:01 18484113   /usr/lib/jvm/java-7-openjdk-i386/jre/lib/i386/libfontmanager.so
6535b000-6535d000 r--p 0004f000 08:01 18484113   /usr/lib/jvm/java-7-openjdk-i386/jre/lib/i386/libfontmanager.so
6535d000-6535e000 rw-p 00051000 08:01 18484113   /usr/lib/jvm/java-7-openjdk-i386/jre/lib/i386/libfontmanager.so
6535e000-65361000 ---p 00000000 00:00 0 
65361000-653af000 rw-p 00000000 00:00 0          [stack:28628]
653af000-653b2000 ---p 00000000 00:00 0 
653b2000-65400000 rw-p 00000000 00:00 0          [stack:28629]
65400000-65431000 rw-p 00000000 00:00 0 
65431000-65500000 ---p 00000000 00:00 0 
65527000-6552c000 rw-p 00000000 00:00 0 
6552c000-65533000 r--s 00000000 08:01 18219920   /usr/lib/i386-linux-gnu/gconv/gconv-modules.cache
65533000-65544000 r-xp 00000000 08:01 18483846   /usr/lib/jvm/java-7-openjdk-i386/jre/lib/i386/libnio.so
65544000-65545000 r--p 00010000 08:01 18483846   /usr/lib/jvm/java-7-openjdk-i386/jre/lib/i386/libnio.so
65545000-65546000 rw-p 00011000 08:01 18483846   /usr/lib/jvm/java-7-openjdk-i386/jre/lib/i386/libnio.so
65546000-65549000 ---p 00000000 00:00 0 
65549000-65597000 rw-p 00000000 00:00 0          [stack:28630]
65597000-6559a000 ---p 00000000 00:00 0 
6559a000-655e8000 rw-p 00000000 00:00 0          [stack:28625]
655e8000-655f1000 r-xp 00000000 08:01 18225079   /usr/lib/i386-linux-gnu/libpciaccess.so.0.11.1
655f1000-655f2000 r--p 00008000 08:01 18225079   /usr/lib/i386-linux-gnu/libpciaccess.so.0.11.1
655f2000-655f3000 rw-p 00009000 08:01 18225079   /usr/lib/i386-linux-gnu/libpciaccess.so.0.11.1
655f3000-655fe000 r-xp 00000000 08:01 18221979   /usr/lib/i386-linux-gnu/libdrm_radeon.so.1.0.1
655fe000-655ff000 r--p 0000a000 08:01 18221979   /usr/lib/i386-linux-gnu/libdrm_radeon.so.1.0.1
655ff000-65600000 rw-p 0000b000 08:01 18221979   /usr/lib/i386-linux-gnu/libdrm_radeon.so.1.0.1
65600000-65607000 r-xp 00000000 08:01 18221982   /usr/lib/i386-linux-gnu/libdrm_nouveau.so.2.0.0
65607000-65608000 r--p 00006000 08:01 18221982   /usr/lib/i386-linux-gnu/libdrm_nouveau.so.2.0.0
65608000-65609000 rw-p 00007000 08:01 18221982   /usr/lib/i386-linux-gnu/libdrm_nouveau.so.2.0.0
65609000-6562a000 r-xp 00000000 08:01 18221790   /usr/lib/i386-linux-gnu/libdrm_intel.so.1.0.0
6562a000-6562b000 r--p 00020000 08:01 18221790   /usr/lib/i386-linux-gnu/libdrm_intel.so.1.0.0
6562b000-6562c000 rw-p 00021000 08:01 18221790   /usr/lib/i386-linux-gnu/libdrm_intel.so.1.0.0
6562c000-65c56000 r-xp 00000000 08:01 18219429   /usr/lib/i386-linux-gnu/dri/i965_dri.so
65c56000-65c77000 r--p 00629000 08:01 18219429   /usr/lib/i386-linux-gnu/dri/i965_dri.so
65c77000-65c7d000 rw-p 0064a000 08:01 18219429   /usr/lib/i386-linux-gnu/dri/i965_dri.so
65c7d000-65c83000 rw-p 00000000 00:00 0 
65c83000-65c8b000 r-xp 00000000 08:01 20841527   /lib/i386-linux-gnu/libnih-dbus.so.1.0.0
65c8b000-65c8c000 r--p 00007000 08:01 20841527   /lib/i386-linux-gnu/libnih-dbus.so.1.0.0
65c8c000-65c8d000 rw-p 00008000 08:01 20841527   /lib/i386-linux-gnu/libnih-dbus.so.1.0.0
65c8d000-65ca4000 r-xp 00000000 08:01 20841529   /lib/i386-linux-gnu/libnih.so.1.0.0
65ca4000-65ca5000 r--p 00016000 08:01 20841529   /lib/i386-linux-gnu/libnih.so.1.0.0
65ca5000-65ca6000 rw-p 00017000 08:01 20841529   /lib/i386-linux-gnu/libnih.so.1.0.0
65ca6000-65cc2000 r-xp 00000000 08:01 20841579   /lib/i386-linux-gnu/libcgmanager.so.0.0.0
65cc2000-65cc3000 r--p 0001b000 08:01 20841579   /lib/i386-linux-gnu/libcgmanager.so.0.0.0
65cc3000-65cc4000 rw-p 0001c000 08:01 20841579   /lib/i386-linux-gnu/libcgmanager.so.0.0.0
65cc4000-65cd5000 r-xp 00000000 08:01 20840723   /lib/i386-linux-gnu/libudev.so.1.3.5
65cd5000-65cd6000 r--p 00010000 08:01 20840723   /lib/i386-linux-gnu/libudev.so.1.3.5
65cd6000-65cd7000 rw-p 00011000 08:01 20840723   /lib/i386-linux-gnu/libudev.so.1.3.5
65cd7000-65cda000 ---p 00000000 00:00 0 
65cda000-65d28000 rw-p 00000000 00:00 0          [stack:28624]
65d28000-65d2b000 ---p 00000000 00:00 0 
65d2b000-65d79000 rw-p 00000000 00:00 0          [stack:28623]
65d79000-65d7c000 ---p 00000000 00:00 0 
65d7c000-65dca000 rw-p 00000000 00:00 0          [stack:28622]
65dca000-65dcd000 ---p 00000000 00:00 0 
65dcd000-65e1b000 rw-p 00000000 00:00 0          [stack:28621]
65e1b000-65e1e000 ---p 00000000 00:00 0 
65e1e000-65e6c000 rw-p 00000000 00:00 0          [stack:28620]
65e6c000-65e7a000 r-xp 00000000 08:01 18222710   /usr/lib/i386-linux-gnu/libdrm.so.2.4.0
65e7a000-65e7b000 r--p 0000d000 08:01 18222710   /usr/lib/i386-linux-gnu/libdrm.so.2.4.0
65e7b000-65e7c000 rw-p 0000e000 08:01 18222710   /usr/lib/i386-linux-gnu/libdrm.so.2.4.0
65e7c000-65e80000 r-xp 00000000 08:01 18225362   /usr/lib/i386-linux-gnu/libxcb-dri2.so.0.0.0
65e80000-65e81000 r--p 00003000 08:01 18225362   /usr/lib/i386-linux-gnu/libxcb-dri2.so.0.0.0
65e81000-65e82000 rw-p 00004000 08:01 18225362   /usr/lib/i386-linux-gnu/libxcb-dri2.so.0.0.0
65e82000-65e98000 r-xp 00000000 08:01 18225366   /usr/lib/i386-linux-gnu/libxcb-glx.so.0.0.0
65e98000-65e99000 r--p 00016000 08:01 18225366   /usr/lib/i386-linux-gnu/libxcb-glx.so.0.0.0
65e99000-65e9a000 rw-p 00017000 08:01 18225366   /usr/lib/i386-linux-gnu/libxcb-glx.so.0.0.0
65e9a000-65e9b000 r-xp 00000000 08:01 18224322   /usr/lib/i386-linux-gnu/libX11-xcb.so.1.0.0
65e9b000-65e9c000 r--p 00000000 08:01 18224322   /usr/lib/i386-linux-gnu/libX11-xcb.so.1.0.0
65e9c000-65e9d000 rw-p 00001000 08:01 18224322   /usr/lib/i386-linux-gnu/libX11-xcb.so.1.0.0
65e9d000-65ef8000 r-xp 00000000 08:01 18219640   /usr/lib/i386-linux-gnu/mesa/libGL.so.1.2.0
65ef8000-65ef9000 ---p 0005b000 08:01 18219640   /usr/lib/i386-linux-gnu/mesa/libGL.so.1.2.0
65ef9000-65efb000 r--p 0005b000 08:01 18219640   /usr/lib/i386-linux-gnu/mesa/libGL.so.1.2.0
65efb000-65f00000 rwxp 0005d000 08:01 18219640   /usr/lib/i386-linux-gnu/mesa/libGL.so.1.2.0
65f00000-65ff7000 rw-p 00000000 00:00 0 
65ff7000-66000000 ---p 00000000 00:00 0 
66000000-66001000 rw-p 00000000 00:00 0 
66001000-66003000 r-xp 00000000 08:01 18224337   /usr/lib/i386-linux-gnu/libXdamage.so.1.1.0
66003000-66004000 r--p 00001000 08:01 18224337   /usr/lib/i386-linux-gnu/libXdamage.so.1.1.0
66004000-66005000 rw-p 00002000 08:01 18224337   /usr/lib/i386-linux-gnu/libXdamage.so.1.1.0
66005000-66018000 r-xp 00000000 08:01 18224101   /usr/lib/i386-linux-gnu/libglapi.so.0.0.0
66018000-6601a000 r--p 00013000 08:01 18224101   /usr/lib/i386-linux-gnu/libglapi.so.0.0.0
6601a000-66020000 rwxp 00015000 08:01 18224101   /usr/lib/i386-linux-gnu/libglapi.so.0.0.0
66020000-66021000 r-xp 00000000 08:01 18225404   /usr/lib/i386-linux-gnu/libxshmfence.so.1.0.0
66021000-66022000 r--p 00000000 08:01 18225404   /usr/lib/i386-linux-gnu/libxshmfence.so.1.0.0
66022000-66023000 rw-p 00001000 08:01 18225404   /usr/lib/i386-linux-gnu/libxshmfence.so.1.0.0
66023000-66028000 r-xp 00000000 08:01 18225386   /usr/lib/i386-linux-gnu/libxcb-sync.so.1.0.0
66028000-66029000 r--p 00004000 08:01 18225386   /usr/lib/i386-linux-gnu/libxcb-sync.so.1.0.0
66029000-6602a000 rw-p 00005000 08:01 18225386   /usr/lib/i386-linux-gnu/libxcb-sync.so.1.0.0
6602a000-6602c000 r-xp 00000000 08:01 18225374   /usr/lib/i386-linux-gnu/libxcb-present.so.0.0.0
6602c000-6602d000 r--p 00001000 08:01 18225374   /usr/lib/i386-linux-gnu/libxcb-present.so.0.0.0
6602d000-6602e000 rw-p 00002000 08:01 18225374   /usr/lib/i386-linux-gnu/libxcb-present.so.0.0.0
6602e000-66030000 r-xp 00000000 08:01 18225364   /usr/lib/i386-linux-gnu/libxcb-dri3.so.0.0.0
66030000-66031000 r--p 00001000 08:01 18225364   /usr/lib/i386-linux-gnu/libxcb-dri3.so.0.0.0
66031000-66032000 rw-p 00002000 08:01 18225364   /usr/lib/i386-linux-gnu/libxcb-dri3.so.0.0.0
66032000-66036000 rw-p 00000000 00:00 0 
66036000-66037000 rw-s 00000000 00:04 74354      /drm mm object (deleted)
66037000-6604f000 r-xp 00000000 08:01 18483833   /usr/lib/jvm/java-7-openjdk-i386/jre/lib/i386/libnet.so
6604f000-66050000 r--p 00017000 08:01 18483833   /usr/lib/jvm/java-7-openjdk-i386/jre/lib/i386/libnet.so
66050000-66051000 rw-p 00018000 08:01 18483833   /usr/lib/jvm/java-7-openjdk-i386/jre/lib/i386/libnet.so
66051000-66072000 r-xp 00000000 08:01 18352082   /usr/lib/jni/libj3dcore-ogl.so
66072000-66073000 rw-p 00020000 08:01 18352082   /usr/lib/jni/libj3dcore-ogl.so
66073000-66074000 r-xp 00000000 08:01 18484119   /usr/lib/jvm/java-7-openjdk-i386/jre/lib/i386/libjawt.so
66074000-66075000 r--p 00000000 08:01 18484119   /usr/lib/jvm/java-7-openjdk-i386/jre/lib/i386/libjawt.so
66075000-66076000 rw-p 00001000 08:01 18484119   /usr/lib/jvm/java-7-openjdk-i386/jre/lib/i386/libjawt.so
66076000-6607a000 r--s 00019000 08:01 6033270    /home/gregoire/Documents/MobileRobots/MobileRobotsProject/mbsysCopy/mbsyspad/lib/matlabcontrol-4.0.0.jar
6607a000-66097000 r--s 0014f000 08:01 6033271    /home/gregoire/Documents/MobileRobots/MobileRobotsProject/mbsysCopy/mbsyspad/lib/swingx-all-1.6.4.jar
66097000-66099000 r--s 0004c000 08:01 6033272    /home/gregoire/Documents/MobileRobots/MobileRobotsProject/mbsysCopy/mbsyspad/lib/vecmath.jar
66099000-660a7000 r--s 00193000 08:01 6033260    /home/gregoire/Documents/MobileRobots/MobileRobotsProject/mbsysCopy/mbsyspad/lib/j3dutils.jar
660a7000-660a9000 r--s 00018000 08:01 18483205   /usr/lib/jvm/java-7-openjdk-i386/jre/lib/jce.jar
660a9000-660b5000 r--s 002c7000 08:01 6033259    /home/gregoire/Documents/MobileRobots/MobileRobotsProject/mbsysCopy/mbsyspad/lib/j3dcore.jar
660b5000-660c0000 r--s 00108000 08:01 6033263    /home/gregoire/Documents/MobileRobots/MobileRobotsProject/mbsysCopy/mbsyspad/lib/jogl.jar
660c0000-660c3000 ---p 00000000 00:00 0 
660c3000-66111000 rw-p 00000000 00:00 0          [stack:28619]
66111000-66114000 ---p 00000000 00:00 0 
66114000-66162000 rw-p 00000000 00:00 0          [stack:28618]
66162000-6619e000 r-xp 00000000 08:01 20840700   /lib/i386-linux-gnu/libpcre.so.3.13.1
6619e000-6619f000 r--p 0003b000 08:01 20840700   /lib/i386-linux-gnu/libpcre.so.3.13.1
6619f000-661a0000 rw-p 0003c000 08:01 20840700   /lib/i386-linux-gnu/libpcre.so.3.13.1
661a0000-661c0000 r-xp 00000000 08:01 20841595   /lib/i386-linux-gnu/libselinux.so.1
661c0000-661c1000 r--p 0001f000 08:01 20841595   /lib/i386-linux-gnu/libselinux.so.1
661c1000-661c2000 rw-p 00020000 08:01 20841595   /lib/i386-linux-gnu/libselinux.so.1
661c2000-661c3000 rw-p 00000000 00:00 0 
661c3000-662cd000 r-xp 00000000 08:01 20841496   /lib/i386-linux-gnu/libglib-2.0.so.0.4002.0
662cd000-662ce000 r--p 00109000 08:01 20841496   /lib/i386-linux-gnu/libglib-2.0.so.0.4002.0
662ce000-662cf000 rw-p 0010a000 08:01 20841496   /lib/i386-linux-gnu/libglib-2.0.so.0.4002.0
662cf000-662f4000 r-xp 00000000 08:01 20840645   /lib/i386-linux-gnu/libexpat.so.1.6.0
662f4000-662f5000 ---p 00025000 08:01 20840645   /lib/i386-linux-gnu/libexpat.so.1.6.0
662f5000-662f7000 r--p 00025000 08:01 20840645   /lib/i386-linux-gnu/libexpat.so.1.6.0
662f7000-662f8000 rw-p 00027000 08:01 20840645   /lib/i386-linux-gnu/libexpat.so.1.6.0
662f8000-66348000 r-xp 00000000 08:01 18224739   /usr/lib/i386-linux-gnu/libgobject-2.0.so.0.4002.0
66348000-66349000 r--p 0004f000 08:01 18224739   /usr/lib/i386-linux-gnu/libgobject-2.0.so.0.4002.0
66349000-6634a000 rw-p 00050000 08:01 18224739   /usr/lib/i386-linux-gnu/libgobject-2.0.so.0.4002.0
6634a000-664c7000 r-xp 00000000 08:01 18224711   /usr/lib/i386-linux-gnu/libgio-2.0.so.0.4002.0
664c7000-664c9000 r--p 0017d000 08:01 18224711   /usr/lib/i386-linux-gnu/libgio-2.0.so.0.4002.0
664c9000-664ca000 rw-p 0017f000 08:01 18224711   /usr/lib/i386-linux-gnu/libgio-2.0.so.0.4002.0
664ca000-664cb000 rw-p 00000000 00:00 0 
664cb000-66504000 r-xp 00000000 08:01 18226186   /usr/lib/i386-linux-gnu/libfontconfig.so.1.8.0
66504000-66505000 r--p 00039000 08:01 18226186   /usr/lib/i386-linux-gnu/libfontconfig.so.1.8.0
66505000-66506000 rw-p 0003a000 08:01 18226186   /usr/lib/i386-linux-gnu/libfontconfig.so.1.8.0
66506000-66507000 r--s 00017000 08:01 6033257    /home/gregoire/Documents/MobileRobots/MobileRobotsProject/mbsysCopy/mbsyspad/lib/j3D.jar
66507000-6650b000 r--s 0004f000 08:01 18484133   /usr/lib/jvm/java-7-openjdk-i386/jre/lib/jsse.jar
6650b000-6650c000 r--s 00004000 08:01 6033256    /home/gregoire/Documents/MobileRobots/MobileRobotsProject/mbsysCopy/mbsyspad/lib/gluegen-rt.jar
6650c000-6650d000 r--s 00001000 08:01 6033262    /home/gregoire/Documents/MobileRobots/MobileRobotsProject/mbsysCopy/mbsyspad/lib/jnlp.jar
6650d000-66511000 r--s 00020000 08:01 6033254    /home/gregoire/Documents/MobileRobots/MobileRobotsProject/mbsysCopy/mbsyspad/lib/commons-digester-1.8.jar
66511000-66516000 r--s 0002a000 08:01 6033252    /home/gregoire/Documents/MobileRobots/MobileRobotsProject/mbsysCopy/mbsyspad/lib/commons-beanutils.jar
66516000-6651c000 r--s 00056000 08:01 6033258    /home/gregoire/Documents/MobileRobots/MobileRobotsProject/mbsysCopy/mbsyspad/lib/j3d-vrml97.jar
6651c000-6651f000 r--s 00023000 08:01 6033261    /home/gregoire/Documents/MobileRobots/MobileRobotsProject/mbsysCopy/mbsyspad/lib/jdom.jar
6651f000-66525000 r--s 00047000 08:01 6033255    /home/gregoire/Documents/MobileRobots/MobileRobotsProject/mbsysCopy/mbsyspad/lib/flamingo.jar
66525000-6656d000 r-xp 00000000 08:01 19923017   /usr/lib/jvm/java-7-openjdk-i386/jre/lib/i386/xawt/libmawt.so
6656d000-6656e000 r--p 00048000 08:01 19923017   /usr/lib/jvm/java-7-openjdk-i386/jre/lib/i386/xawt/libmawt.so
6656e000-66570000 rw-p 00049000 08:01 19923017   /usr/lib/jvm/java-7-openjdk-i386/jre/lib/i386/xawt/libmawt.so
66570000-66571000 rw-p 00000000 00:00 0 
66571000-66600000 r-xp 00000000 08:01 18484117   /usr/lib/jvm/java-7-openjdk-i386/jre/lib/i386/libawt.so
66600000-66601000 r--p 0008f000 08:01 18484117   /usr/lib/jvm/java-7-openjdk-i386/jre/lib/i386/libawt.so
66601000-66608000 rw-p 00090000 08:01 18484117   /usr/lib/jvm/java-7-openjdk-i386/jre/lib/i386/libawt.so
66608000-6662c000 rw-p 00000000 00:00 0 
6662c000-6662d000 ---p 00000000 00:00 0 
6662d000-666ad000 rw-p 00000000 00:00 0          [stack:28617]
666ad000-666b0000 ---p 00000000 00:00 0 
666b0000-666fe000 rw-p 00000000 00:00 0          [stack:28616]
666fe000-66701000 ---p 00000000 00:00 0 
66701000-6677f000 rw-p 00000000 00:00 0          [stack:28615]
6677f000-66782000 ---p 00000000 00:00 0 
66782000-66800000 rw-p 00000000 00:00 0          [stack:28614]
66800000-66a00000 r--p 00000000 08:01 18227311   /usr/lib/locale/locale-archive
66a00000-66b00000 rw-p 00000000 00:00 0 
66b00000-66b03000 ---p 00000000 00:00 0 
66b03000-66b51000 rw-p 00000000 00:00 0          [stack:28613]
66b51000-66b54000 ---p 00000000 00:00 0 
66b54000-66ba2000 rw-p 00000000 00:00 0          [stack:28612]
66ba2000-66ba3000 ---p 00000000 00:00 0 
66ba3000-66c23000 rw-p 00000000 00:00 0          [stack:28610]
66c23000-66dd6000 r--s 01d3d000 08:01 18483206   /usr/lib/jvm/java-7-openjdk-i386/jre/lib/rt.jar
66dd6000-69500000 rw-p 00000000 00:00 0 
69500000-69521000 rw-p 00000000 00:00 0 
69521000-69600000 ---p 00000000 00:00 0 
69600000-69601000 r--s 00008000 08:01 6033253    /home/gregoire/Documents/MobileRobots/MobileRobotsProject/mbsysCopy/mbsyspad/lib/commons-cli-1.1.jar
69601000-6960b000 r--s 000ae000 08:01 18483207   /usr/lib/jvm/java-7-openjdk-i386/jre/lib/resources.jar
6960b000-6960e000 ---p 00000000 00:00 0 
6960e000-69700000 rw-p 00000000 00:00 0          [stack:28611]
69700000-697ee000 rw-p 00000000 00:00 0 
697ee000-69800000 ---p 00000000 00:00 0 
69800000-69802000 r--s 0002a000 08:01 6033251    /home/gregoire/Documents/MobileRobots/MobileRobotsProject/mbsysCopy/mbsyspad/lib/MBsysComJ.jar
69802000-69805000 r-xp 00000000 08:01 18224723   /usr/lib/i386-linux-gnu/libgmodule-2.0.so.0.4002.0
69805000-69806000 r--p 00002000 08:01 18224723   /usr/lib/i386-linux-gnu/libgmodule-2.0.so.0.4002.0
69806000-69807000 rw-p 00003000 08:01 18224723   /usr/lib/i386-linux-gnu/libgmodule-2.0.so.0.4002.0
69807000-69808000 ---p 00000000 00:00 0 
69808000-69888000 rw-p 00000000 00:00 0          [stack:28609]
69888000-69889000 ---p 00000000 00:00 0 
69889000-69911000 rw-p 00000000 00:00 0          [stack:28608]
69911000-69949000 rw-p 00000000 00:00 0 
69949000-6995e000 rw-p 00000000 00:00 0 
6995e000-69a92000 rw-p 00000000 00:00 0 
69a92000-69a9a000 rw-p 00000000 00:00 0 
69a9a000-69ad2000 rw-p 00000000 00:00 0 
69ad2000-69ae7000 rw-p 00000000 00:00 0 
69ae7000-69c1a000 rw-p 00000000 00:00 0 
69c1a000-69c43000 rw-p 00000000 00:00 0 
69c43000-69cbf000 rw-p 00000000 00:00 0 
69cbf000-6acc0000 rw-p 00000000 00:00 0 
6acc0000-71cc0000 rw-p 00000000 00:00 0 
71cc0000-745c0000 rw-p 00000000 00:00 0 
745c0000-9ae00000 rw-p 00000000 00:00 0 
9ae00000-9fd80000 rw-p 00000000 00:00 0 
9fd80000-af6c0000 rw-p 00000000 00:00 0 
af6c0000-af6c5000 r-xp 00000000 08:01 18224369   /usr/lib/i386-linux-gnu/libXtst.so.6.1.0
af6c5000-af6c6000 r--p 00004000 08:01 18224369   /usr/lib/i386-linux-gnu/libXtst.so.6.1.0
af6c6000-af6c7000 rw-p 00005000 08:01 18224369   /usr/lib/i386-linux-gnu/libXtst.so.6.1.0
af6c7000-af6c9000 r-xp 00000000 08:01 18224333   /usr/lib/i386-linux-gnu/libXcomposite.so.1.0.0
af6c9000-af6ca000 r--p 00001000 08:01 18224333   /usr/lib/i386-linux-gnu/libXcomposite.so.1.0.0
af6ca000-af6cb000 rw-p 00002000 08:01 18224333   /usr/lib/i386-linux-gnu/libXcomposite.so.1.0.0
af6cb000-af6da000 r--s 0008c000 08:01 6033249    /home/gregoire/Documents/MobileRobots/MobileRobotsProject/mbsysCopy/mbsyspad/MBsysPad.jar
af6da000-af6de000 r--s 00085000 08:01 18751331   /usr/lib/jvm/java-7-openjdk-i386/jre/lib/ext/localedata.jar
af6de000-af702000 rw-p 00000000 00:00 0 
af702000-af7b9000 rw-p 00000000 00:00 0 
af7b9000-af9f9000 rwxp 00000000 00:00 0 
af9f9000-b27b9000 rw-p 00000000 00:00 0 
b27b9000-b27c3000 r-xp 00000000 08:01 20854272   /lib/i386-linux-gnu/libnss_files-2.19.so
b27c3000-b27c4000 r--p 00009000 08:01 20854272   /lib/i386-linux-gnu/libnss_files-2.19.so
b27c4000-b27c5000 rw-p 0000a000 08:01 20854272   /lib/i386-linux-gnu/libnss_files-2.19.so
b27c5000-b27cf000 r-xp 00000000 08:01 20854264   /lib/i386-linux-gnu/libnss_nis-2.19.so
b27cf000-b27d0000 r--p 00009000 08:01 20854264   /lib/i386-linux-gnu/libnss_nis-2.19.so
b27d0000-b27d1000 rw-p 0000a000 08:01 20854264   /lib/i386-linux-gnu/libnss_nis-2.19.so
b27d1000-b27d4000 r--s 0000f000 08:01 18751219   /usr/lib/jvm/java-7-openjdk-i386/jre/lib/ext/icedtea-sound.jar
b27d4000-b27d5000 r--s 00002000 08:01 18751957   /usr/lib/jvm/java-7-openjdk-i386/jre/lib/ext/dnsns.jar
b27d5000-b27d7000 r--s 00012000 08:01 18751958   /usr/lib/jvm/java-7-openjdk-i386/jre/lib/ext/zipfs.jar
b27d7000-b27db000 r--s 00034000 08:01 18751956   /usr/lib/jvm/java-7-openjdk-i386/jre/lib/ext/sunjce_provider.jar
b27db000-b27de000 r--s 0003d000 08:01 18751212   /usr/lib/jvm/java-7-openjdk-i386/jre/lib/ext/sunpkcs11.jar
b27de000-b27e6000 r-xp 00000000 08:01 18484132   /usr/lib/jvm/java-7-openjdk-i386/jre/lib/i386/libzip.so
b27e6000-b27e7000 r--p 00007000 08:01 18484132   /usr/lib/jvm/java-7-openjdk-i386/jre/lib/i386/libzip.so
b27e7000-b27e8000 rw-p 00008000 08:01 18484132   /usr/lib/jvm/java-7-openjdk-i386/jre/lib/i386/libzip.so
b27e8000-b27f0000 rw-s 00000000 08:01 14552362   /tmp/hsperfdata_gregoire/28607
b27f0000-b2817000 r-xp 00000000 08:01 18483211   /usr/lib/jvm/java-7-openjdk-i386/jre/lib/i386/libjava.so
b2817000-b2818000 r--p 00026000 08:01 18483211   /usr/lib/jvm/java-7-openjdk-i386/jre/lib/i386/libjava.so
b2818000-b2819000 rw-p 00027000 08:01 18483211   /usr/lib/jvm/java-7-openjdk-i386/jre/lib/i386/libjava.so
b2819000-b58bc000 rw-p 00000000 00:00 0 
b58bc000-b58cf000 r-xp 00000000 08:01 20854252   /lib/i386-linux-gnu/libresolv-2.19.so
b58cf000-b58d0000 ---p 00013000 08:01 20854252   /lib/i386-linux-gnu/libresolv-2.19.so
b58d0000-b58d1000 r--p 00013000 08:01 20854252   /lib/i386-linux-gnu/libresolv-2.19.so
b58d1000-b58d2000 rw-p 00014000 08:01 20854252   /lib/i386-linux-gnu/libresolv-2.19.so
b58d2000-b58d4000 rw-p 00000000 00:00 0 
b58d4000-b58db000 r-xp 00000000 08:01 18225047   /usr/lib/i386-linux-gnu/libogg.so.0.8.1
b58db000-b58dc000 r--p 00006000 08:01 18225047   /usr/lib/i386-linux-gnu/libogg.so.0.8.1
b58dc000-b58dd000 rw-p 00007000 08:01 18225047   /usr/lib/i386-linux-gnu/libogg.so.0.8.1
b58dd000-b5906000 r-xp 00000000 08:01 18225321   /usr/lib/i386-linux-gnu/libvorbis.so.0.4.5
b5906000-b5907000 ---p 00029000 08:01 18225321   /usr/lib/i386-linux-gnu/libvorbis.so.0.4.5
b5907000-b5908000 r--p 00029000 08:01 18225321   /usr/lib/i386-linux-gnu/libvorbis.so.0.4.5
b5908000-b5909000 rw-p 0002a000 08:01 18225321   /usr/lib/i386-linux-gnu/libvorbis.so.0.4.5
b5909000-b5a6f000 r-xp 00000000 08:01 18225323   /usr/lib/i386-linux-gnu/libvorbisenc.so.2.0.8
b5a6f000-b5a80000 r--p 00165000 08:01 18225323   /usr/lib/i386-linux-gnu/libvorbisenc.so.2.0.8
b5a80000-b5a81000 rw-p 00176000 08:01 18225323   /usr/lib/i386-linux-gnu/libvorbisenc.so.2.0.8
b5a81000-b5a82000 rw-p 00000000 00:00 0 
b5a82000-b5ab4000 r-xp 00000000 08:01 18224186   /usr/lib/i386-linux-gnu/libFLAC.so.8.3.0
b5ab4000-b5ab5000 r--p 00031000 08:01 18224186   /usr/lib/i386-linux-gnu/libFLAC.so.8.3.0
b5ab5000-b5ab6000 rw-p 00032000 08:01 18224186   /usr/lib/i386-linux-gnu/libFLAC.so.8.3.0
b5ab6000-b5acb000 r-xp 00000000 08:01 20854260   /lib/i386-linux-gnu/libnsl-2.19.so
b5acb000-b5acc000 r--p 00015000 08:01 20854260   /lib/i386-linux-gnu/libnsl-2.19.so
b5acc000-b5acd000 rw-p 00016000 08:01 20854260   /lib/i386-linux-gnu/libnsl-2.19.so
b5acd000-b5acf000 rw-p 00000000 00:00 0 
b5acf000-b5ad4000 r-xp 00000000 08:01 18224339   /usr/lib/i386-linux-gnu/libXdmcp.so.6.0.0
b5ad4000-b5ad5000 r--p 00004000 08:01 18224339   /usr/lib/i386-linux-gnu/libXdmcp.so.6.0.0
b5ad5000-b5ad6000 rw-p 00005000 08:01 18224339   /usr/lib/i386-linux-gnu/libXdmcp.so.6.0.0
b5ad6000-b5ad8000 r-xp 00000000 08:01 18224328   /usr/lib/i386-linux-gnu/libXau.so.6.0.0
b5ad8000-b5ad9000 r--p 00001000 08:01 18224328   /usr/lib/i386-linux-gnu/libXau.so.6.0.0
b5ad9000-b5ada000 rw-p 00002000 08:01 18224328   /usr/lib/i386-linux-gnu/libXau.so.6.0.0
b5ada000-b5adf000 r-xp 00000000 08:01 18224418   /usr/lib/i386-linux-gnu/libasyncns.so.0.3.1
b5adf000-b5ae0000 r--p 00004000 08:01 18224418   /usr/lib/i386-linux-gnu/libasyncns.so.0.3.1
b5ae0000-b5ae1000 rw-p 00005000 08:01 18224418   /usr/lib/i386-linux-gnu/libasyncns.so.0.3.1
b5ae1000-b5ae2000 rw-p 00000000 00:00 0 
b5ae2000-b5b4d000 r-xp 00000000 08:01 18219697   /usr/lib/i386-linux-gnu/libsndfile.so.1.0.25
b5b4d000-b5b4e000 ---p 0006b000 08:01 18219697   /usr/lib/i386-linux-gnu/libsndfile.so.1.0.25
b5b4e000-b5b4f000 r--p 0006b000 08:01 18219697   /usr/lib/i386-linux-gnu/libsndfile.so.1.0.25
b5b4f000-b5b50000 rw-p 0006c000 08:01 18219697   /usr/lib/i386-linux-gnu/libsndfile.so.1.0.25
b5b50000-b5b54000 rw-p 00000000 00:00 0 
b5b54000-b5b5c000 r-xp 00000000 08:01 20841625   /lib/i386-linux-gnu/libwrap.so.0.7.6
b5b5c000-b5b5d000 r--p 00007000 08:01 20841625   /lib/i386-linux-gnu/libwrap.so.0.7.6
b5b5d000-b5b5e000 rw-p 00008000 08:01 20841625   /lib/i386-linux-gnu/libwrap.so.0.7.6
b5b5e000-b5b84000 r-xp 00000000 08:01 20841983   /lib/i386-linux-gnu/libpng12.so.0.50.0
b5b84000-b5b85000 r--p 00025000 08:01 20841983   /lib/i386-linux-gnu/libpng12.so.0.50.0
b5b85000-b5b86000 rw-p 00026000 08:01 20841983   /lib/i386-linux-gnu/libpng12.so.0.50.0
b5b86000-b5b8b000 r-xp 00000000 08:01 18219065   /usr/lib/i386-linux-gnu/libffi.so.6.0.1
b5b8b000-b5b8c000 r--p 00005000 08:01 18219065   /usr/lib/i386-linux-gnu/libffi.so.6.0.1
b5b8c000-b5b8d000 rw-p 00006000 08:01 18219065   /usr/lib/i386-linux-gnu/libffi.so.6.0.1
b5b8d000-b5b91000 r-xp 00000000 08:01 18219488   /usr/lib/i386-linux-gnu/libXfixes.so.3.1.0
b5b91000-b5b92000 r--p 00003000 08:01 18219488   /usr/lib/i386-linux-gnu/libXfixes.so.3.1.0
b5b92000-b5b93000 rw-p 00004000 08:01 18219488   /usr/lib/i386-linux-gnu/libXfixes.so.3.1.0
b5b93000-b5b94000 rw-p 00000000 00:00 0 
b5b94000-b5b9d000 r-xp 00000000 08:01 18221390   /usr/lib/i386-linux-gnu/libXrender.so.1.3.0
b5b9d000-b5b9e000 r--p 00008000 08:01 18221390   /usr/lib/i386-linux-gnu/libXrender.so.1.3.0
b5b9e000-b5b9f000 rw-p 00009000 08:01 18221390   /usr/lib/i386-linux-gnu/libXrender.so.1.3.0
b5b9f000-b5bbf000 r-xp 00000000 08:01 18225394   /usr/lib/i386-linux-gnu/libxcb.so.1.1.0
b5bbf000-b5bc0000 r--p 0001f000 08:01 18225394   /usr/lib/i386-linux-gnu/libxcb.so.1.1.0
b5bc0000-b5bc1000 rw-p 00020000 08:01 18225394   /usr/lib/i386-linux-gnu/libxcb.so.1.1.0
b5bc1000-b5c0a000 r-xp 00000000 08:01 20841479   /lib/i386-linux-gnu/libdbus-1.so.3.7.6
b5c0a000-b5c0b000 r--p 00048000 08:01 20841479   /lib/i386-linux-gnu/libdbus-1.so.3.7.6
b5c0b000-b5c0c000 rw-p 00049000 08:01 20841479   /lib/i386-linux-gnu/libdbus-1.so.3.7.6
b5c0c000-b5c15000 r-xp 00000000 08:01 20841505   /lib/i386-linux-gnu/libjson-c.so.2.0.0
b5c15000-b5c16000 r--p 00008000 08:01 20841505   /lib/i386-linux-gnu/libjson-c.so.2.0.0
b5c16000-b5c17000 rw-p 00009000 08:01 20841505   /lib/i386-linux-gnu/libjson-c.so.2.0.0
b5c17000-b5c84000 r-xp 00000000 08:01 18226821   /usr/lib/i386-linux-gnu/pulseaudio/libpulsecommon-4.0.so
b5c84000-b5c85000 r--p 0006c000 08:01 18226821   /usr/lib/i386-linux-gnu/pulseaudio/libpulsecommon-4.0.so
b5c85000-b5c86000 rw-p 0006d000 08:01 18226821   /usr/lib/i386-linux-gnu/pulseaudio/libpulsecommon-4.0.so
b5c86000-b5c87000 rw-p 00000000 00:00 0 
b5c87000-b5d22000 r-xp 00000000 08:01 18227707   /usr/lib/i386-linux-gnu/libfreetype.so.6.11.1
b5d22000-b5d26000 r--p 0009a000 08:01 18227707   /usr/lib/i386-linux-gnu/libfreetype.so.6.11.1
b5d26000-b5d27000 rw-p 0009e000 08:01 18227707   /usr/lib/i386-linux-gnu/libfreetype.so.6.11.1
b5d27000-b5d2e000 r-xp 00000000 08:01 20854268   /lib/i386-linux-gnu/librt-2.19.so
b5d2e000-b5d2f000 r--p 00006000 08:01 20854268   /lib/i386-linux-gnu/librt-2.19.so
b5d2f000-b5d30000 rw-p 00007000 08:01 20854268   /lib/i386-linux-gnu/librt-2.19.so
b5d30000-b5d48000 r-xp 00000000 08:01 20854261   /lib/i386-linux-gnu/libpthread-2.19.so
b5d48000-b5d49000 r--p 00018000 08:01 20854261   /lib/i386-linux-gnu/libpthread-2.19.so
b5d49000-b5d4a000 rw-p 00019000 08:01 20854261   /lib/i386-linux-gnu/libpthread-2.19.so
b5d4a000-b5d4c000 rw-p 00000000 00:00 0 
b5d4c000-b5d86000 r-xp 00000000 08:01 18225398   /usr/lib/i386-linux-gnu/libxkbcommon.so.0.0.0
b5d86000-b5d87000 r--p 00039000 08:01 18225398   /usr/lib/i386-linux-gnu/libxkbcommon.so.0.0.0
b5d87000-b5d88000 rw-p 0003a000 08:01 18225398   /usr/lib/i386-linux-gnu/libxkbcommon.so.0.0.0
b5d88000-b5d89000 rw-p 00000000 00:00 0 
b5d89000-b5d8d000 r-xp 00000000 08:01 18225336   /usr/lib/i386-linux-gnu/libwayland-cursor.so.0.0.0
b5d8d000-b5d8e000 r--p 00003000 08:01 18225336   /usr/lib/i386-linux-gnu/libwayland-cursor.so.0.0.0
b5d8e000-b5d92000 rw-p 00004000 08:01 18225336   /usr/lib/i386-linux-gnu/libwayland-cursor.so.0.0.0
b5d92000-b5d9b000 r-xp 00000000 08:01 18225334   /usr/lib/i386-linux-gnu/libwayland-client.so.0.2.0
b5d9b000-b5d9c000 ---p 00009000 08:01 18225334   /usr/lib/i386-linux-gnu/libwayland-client.so.0.2.0
b5d9c000-b5d9d000 r--p 00009000 08:01 18225334   /usr/lib/i386-linux-gnu/libwayland-client.so.0.2.0
b5d9d000-b5d9e000 rw-p 0000a000 08:01 18225334   /usr/lib/i386-linux-gnu/libwayland-client.so.0.2.0
b5d9e000-b5d9f000 r-xp 00000000 08:01 18220505   /usr/lib/i386-linux-gnu/libwayland-egl.so.1.0.0
b5d9f000-b5da0000 r--p 00000000 08:01 18220505   /usr/lib/i386-linux-gnu/libwayland-egl.so.1.0.0
b5da0000-b5da1000 rw-p 00001000 08:01 18220505   /usr/lib/i386-linux-gnu/libwayland-egl.so.1.0.0
b5da1000-b5da5000 r-xp 00000000 08:01 18224379   /usr/lib/i386-linux-gnu/libXxf86vm.so.1.0.0
b5da5000-b5da6000 r--p 00004000 08:01 18224379   /usr/lib/i386-linux-gnu/libXxf86vm.so.1.0.0
b5da6000-b5da7000 rw-p 00005000 08:01 18224379   /usr/lib/i386-linux-gnu/libXxf86vm.so.1.0.0
b5da7000-b5da9000 r-xp 00000000 08:01 18224365   /usr/lib/i386-linux-gnu/libXss.so.1.0.0
b5da9000-b5daa000 r--p 00001000 08:01 18224365   /usr/lib/i386-linux-gnu/libXss.so.1.0.0
b5daa000-b5dab000 rw-p 00002000 08:01 18224365   /usr/lib/i386-linux-gnu/libXss.so.1.0.0
b5dab000-b5dac000 rw-p 00000000 00:00 0 
b5dac000-b5db5000 r-xp 00000000 08:01 18226177   /usr/lib/i386-linux-gnu/libXrandr.so.2.2.0
b5db5000-b5db6000 r--p 00008000 08:01 18226177   /usr/lib/i386-linux-gnu/libXrandr.so.2.2.0
b5db6000-b5db7000 rw-p 00009000 08:01 18226177   /usr/lib/i386-linux-gnu/libXrandr.so.2.2.0
b5db7000-b5dc5000 r-xp 00000000 08:01 18221388   /usr/lib/i386-linux-gnu/libXi.so.6.1.0
b5dc5000-b5dc6000 r--p 0000e000 08:01 18221388   /usr/lib/i386-linux-gnu/libXi.so.6.1.0
b5dc6000-b5dc7000 rw-p 0000f000 08:01 18221388   /usr/lib/i386-linux-gnu/libXi.so.6.1.0
b5dc7000-b5dc9000 r-xp 00000000 08:01 18224351   /usr/lib/i386-linux-gnu/libXinerama.so.1.0.0
b5dc9000-b5dca000 r--p 00001000 08:01 18224351   /usr/lib/i386-linux-gnu/libXinerama.so.1.0.0
b5dca000-b5dcb000 rw-p 00002000 08:01 18224351   /usr/lib/i386-linux-gnu/libXinerama.so.1.0.0
b5dcb000-b5dd4000 r-xp 00000000 08:01 18224335   /usr/lib/i386-linux-gnu/libXcursor.so.1.0.2
b5dd4000-b5dd5000 r--p 00008000 08:01 18224335   /usr/lib/i386-linux-gnu/libXcursor.so.1.0.2
b5dd5000-b5dd6000 rw-p 00009000 08:01 18224335   /usr/lib/i386-linux-gnu/libXcursor.so.1.0.2
b5dd6000-b5de7000 r-xp 00000000 08:01 18220240   /usr/lib/i386-linux-gnu/libXext.so.6.4.0
b5de7000-b5de8000 r--p 00010000 08:01 18220240   /usr/lib/i386-linux-gnu/libXext.so.6.4.0
b5de8000-b5de9000 rw-p 00011000 08:01 18220240   /usr/lib/i386-linux-gnu/libXext.so.6.4.0
b5de9000-b5dea000 rw-p 00000000 00:00 0 
b5dea000-b5f1a000 r-xp 00000000 08:01 18224324   /usr/lib/i386-linux-gnu/libX11.so.6.3.0
b5f1a000-b5f1b000 r--p 00130000 08:01 18224324   /usr/lib/i386-linux-gnu/libX11.so.6.3.0
b5f1b000-b5f1d000 rw-p 00131000 08:01 18224324   /usr/lib/i386-linux-gnu/libX11.so.6.3.0
b5f1d000-b5f1e000 rw-p 00000000 00:00 0 
b5f1e000-b5f6b000 r-xp 00000000 08:01 18225116   /usr/lib/i386-linux-gnu/libpulse.so.0.16.2
b5f6b000-b5f6c000 r--p 0004c000 08:01 18225116   /usr/lib/i386-linux-gnu/libpulse.so.0.16.2
b5f6c000-b5f6d000 rw-p 0004d000 08:01 18225116   /usr/lib/i386-linux-gnu/libpulse.so.0.16.2
b5f6d000-b5f70000 r-xp 00000000 08:01 18225114   /usr/lib/i386-linux-gnu/libpulse-simple.so.0.0.4
b5f70000-b5f71000 r--p 00002000 08:01 18225114   /usr/lib/i386-linux-gnu/libpulse-simple.so.0.0.4
b5f71000-b5f72000 rw-p 00003000 08:01 18225114   /usr/lib/i386-linux-gnu/libpulse-simple.so.0.0.4
b5f72000-b6063000 r-xp 00000000 08:01 18224410   /usr/lib/i386-linux-gnu/libasound.so.2.0.0
b6063000-b6067000 r--p 000f0000 08:01 18224410   /usr/lib/i386-linux-gnu/libasound.so.2.0.0
b6067000-b6068000 rw-p 000f4000 08:01 18224410   /usr/lib/i386-linux-gnu/libasound.so.2.0.0
b6068000-b608c000 r-xp 00000000 08:01 20841512   /lib/i386-linux-gnu/liblzma.so.5.0.0
b608c000-b608d000 r--p 00023000 08:01 20841512   /lib/i386-linux-gnu/liblzma.so.5.0.0
b608d000-b608e000 rw-p 00024000 08:01 20841512   /lib/i386-linux-gnu/liblzma.so.5.0.0
b608e000-b608f000 rw-p 00000000 00:00 0 
b608f000-b60a7000 r-xp 00000000 08:01 20841628   /lib/i386-linux-gnu/libz.so.1.2.8
b60a7000-b60a8000 r--p 00017000 08:01 20841628   /lib/i386-linux-gnu/libz.so.1.2.8
b60a8000-b60a9000 rw-p 00018000 08:01 20841628   /lib/i386-linux-gnu/libz.so.1.2.8
b60a9000-b60ac000 r-xp 00000000 08:01 20854256   /lib/i386-linux-gnu/libdl-2.19.so
b60ac000-b60ad000 r--p 00002000 08:01 20854256   /lib/i386-linux-gnu/libdl-2.19.so
b60ad000-b60ae000 rw-p 00003000 08:01 20854256   /lib/i386-linux-gnu/libdl-2.19.so
b60ae000-b6256000 r-xp 00000000 08:01 20854269   /lib/i386-linux-gnu/libc-2.19.so
b6256000-b6257000 ---p 001a8000 08:01 20854269   /lib/i386-linux-gnu/libc-2.19.so
b6257000-b6259000 r--p 001a8000 08:01 20854269   /lib/i386-linux-gnu/libc-2.19.so
b6259000-b625a000 rw-p 001aa000 08:01 20854269   /lib/i386-linux-gnu/libc-2.19.so
b625a000-b625d000 rw-p 00000000 00:00 0 
b625d000-b6279000 r-xp 00000000 08:01 20841980   /lib/i386-linux-gnu/libgcc_s.so.1
b6279000-b627a000 rw-p 0001b000 08:01 20841980   /lib/i386-linux-gnu/libgcc_s.so.1
b627a000-b6356000 r-xp 00000000 08:01 18223271   /usr/lib/i386-linux-gnu/libstdc++.so.6.0.19
b6356000-b635a000 r--p 000dc000 08:01 18223271   /usr/lib/i386-linux-gnu/libstdc++.so.6.0.19
b635a000-b635b000 rw-p 000e0000 08:01 18223271   /usr/lib/i386-linux-gnu/libstdc++.so.6.0.19
b635b000-b6363000 rw-p 00000000 00:00 0 
b6363000-b63a7000 r-xp 00000000 08:01 20854254   /lib/i386-linux-gnu/libm-2.19.so
b63a7000-b63a8000 r--p 00043000 08:01 20854254   /lib/i386-linux-gnu/libm-2.19.so
b63a8000-b63a9000 rw-p 00044000 08:01 20854254   /lib/i386-linux-gnu/libm-2.19.so
b63a9000-b6da6000 r-xp 00000000 08:01 18483215   /usr/lib/jvm/java-7-openjdk-i386/jre/lib/i386/server/libjvm.so
b6da6000-b6da7000 ---p 009fd000 08:01 18483215   /usr/lib/jvm/java-7-openjdk-i386/jre/lib/i386/server/libjvm.so
b6da7000-b6df9000 r--p 009fd000 08:01 18483215   /usr/lib/jvm/java-7-openjdk-i386/jre/lib/i386/server/libjvm.so
b6df9000-b6e0d000 rw-p 00a4f000 08:01 18483215   /usr/lib/jvm/java-7-openjdk-i386/jre/lib/i386/server/libjvm.so
b6e0d000-b722a000 rw-p 00000000 00:00 0 
b722a000-b7230000 r-xp 00000000 08:01 18240492   /usr/lib/i386-linux-gnu/libSDL2_ttf-2.0.so.0.10.2
b7230000-b7231000 r--p 00005000 08:01 18240492   /usr/lib/i386-linux-gnu/libSDL2_ttf-2.0.so.0.10.2
b7231000-b7232000 rw-p 00006000 08:01 18240492   /usr/lib/i386-linux-gnu/libSDL2_ttf-2.0.so.0.10.2
b7232000-b733e000 r-xp 00000000 08:01 18240490   /usr/lib/i386-linux-gnu/libSDL2-2.0.so.0.2.0
b733e000-b7341000 r--p 0010b000 08:01 18240490   /usr/lib/i386-linux-gnu/libSDL2-2.0.so.0.2.0
b7341000-b7344000 rw-p 0010e000 08:01 18240490   /usr/lib/i386-linux-gnu/libSDL2-2.0.so.0.2.0
b7344000-b7346000 rw-p 00000000 00:00 0 
b7346000-b7381000 r-xp 00000000 08:01 18219216   /usr/lib/libgslcblas.so.0.0.0
b7381000-b7382000 r--p 0003a000 08:01 18219216   /usr/lib/libgslcblas.so.0.0.0
b7382000-b7383000 rw-p 0003b000 08:01 18219216   /usr/lib/libgslcblas.so.0.0.0
b7383000-b7384000 rw-p 00000000 00:00 0 
b7384000-b75ac000 r-xp 00000000 08:01 18220133   /usr/lib/libgsl.so.0.17.0
b75ac000-b75ad000 ---p 00228000 08:01 18220133   /usr/lib/libgsl.so.0.17.0
b75ad000-b75af000 r--p 00228000 08:01 18220133   /usr/lib/libgsl.so.0.17.0
b75af000-b75bd000 rw-p 0022a000 08:01 18220133   /usr/lib/libgsl.so.0.17.0
b75bd000-b7711000 r-xp 00000000 08:01 18219236   /usr/lib/i386-linux-gnu/libxml2.so.2.9.1
b7711000-b7715000 r--p 00154000 08:01 18219236   /usr/lib/i386-linux-gnu/libxml2.so.2.9.1
b7715000-b7716000 rw-p 00158000 08:01 18219236   /usr/lib/i386-linux-gnu/libxml2.so.2.9.1
b7716000-b7717000 rw-p 00000000 00:00 0 
b7717000-b7719000 r--s 00006000 08:01 18616755   /usr/share/java/java-atk-wrapper.jar
b7719000-b771a000 r--p 00859000 08:01 18227311   /usr/lib/locale/locale-archive
b771a000-b7721000 r-xp 00000000 08:01 20854259   /lib/i386-linux-gnu/libnss_compat-2.19.so
b7721000-b7722000 r--p 00006000 08:01 20854259   /lib/i386-linux-gnu/libnss_compat-2.19.so
b7722000-b7723000 rw-p 00007000 08:01 20854259   /lib/i386-linux-gnu/libnss_compat-2.19.so
b7723000-b7724000 rw-p 00000000 00:00 0 
b7724000-b7725000 r--p 00000000 00:00 0 
b7725000-b7733000 r-xp 00000000 08:01 18483209   /usr/lib/jvm/java-7-openjdk-i386/jre/lib/i386/libverify.so
b7733000-b7734000 r--p 0000d000 08:01 18483209   /usr/lib/jvm/java-7-openjdk-i386/jre/lib/i386/libverify.so
b7734000-b7735000 rw-p 0000e000 08:01 18483209   /usr/lib/jvm/java-7-openjdk-i386/jre/lib/i386/libverify.so
b7735000-b7738000 rw-p 00000000 00:00 0 
b7738000-b7739000 r-xp 00000000 00:00 0          [vdso]
b7739000-b773b000 r--p 00000000 00:00 0          [vvar]
b773b000-b775b000 r-xp 00000000 08:01 20854262   /lib/i386-linux-gnu/ld-2.19.so
b775b000-b775c000 r--p 0001f000 08:01 20854262   /lib/i386-linux-gnu/ld-2.19.so
b775c000-b775d000 rw-p 00020000 08:01 20854262   /lib/i386-linux-gnu/ld-2.19.so
bfe7f000-bfe80000 rwxp 00000000 00:00 0 
bfe83000-bfe86000 ---p 00000000 00:00 0 
bfe87000-bfed3000 rw-p 00000000 00:00 0          [stack]

VM Arguments:
jvm_args: -Djava.library.path=/usr/lib/jni 
java_command: <unknown>
Launcher Type: generic

Environment Variables:
PATH=/home/gregoire/Applications/anaconda3/bin:/usr/local/sbin:/usr/local/bin:/usr/sbin:/usr/bin:/sbin:/bin:/usr/games:/usr/local/games
SHELL=/bin/bash
DISPLAY=:0.0

Signal Handlers:
SIGSEGV: [libjvm.so+0x8191e0], sa_mask[0]=0x7ffbfeff, sa_flags=0x10000004
SIGBUS: [libjvm.so+0x8191e0], sa_mask[0]=0x7ffbfeff, sa_flags=0x10000004
SIGFPE: [libjvm.so+0x68ddb0], sa_mask[0]=0x7ffbfeff, sa_flags=0x10000004
SIGPIPE: [libjvm.so+0x68ddb0], sa_mask[0]=0x7ffbfeff, sa_flags=0x10000004
SIGXFSZ: [libjvm.so+0x68ddb0], sa_mask[0]=0x7ffbfeff, sa_flags=0x10000004
SIGILL: [libjvm.so+0x68ddb0], sa_mask[0]=0x7ffbfeff, sa_flags=0x10000004
SIGUSR1: SIG_DFL, sa_mask[0]=0x00000000, sa_flags=0x00000000
SIGUSR2: [libjvm.so+0x68df10], sa_mask[0]=0x00000000, sa_flags=0x10000004
SIGHUP: [libjvm.so+0x68de70], sa_mask[0]=0x7ffbfeff, sa_flags=0x10000004
SIGINT: [libjvm.so+0x68de70], sa_mask[0]=0x7ffbfeff, sa_flags=0x10000004
SIGTERM: [libjvm.so+0x68de70], sa_mask[0]=0x7ffbfeff, sa_flags=0x10000004
SIGQUIT: [libjvm.so+0x68de70], sa_mask[0]=0x7ffbfeff, sa_flags=0x10000004
SIGTRAP: SIG_DFL, sa_mask[0]=0x00000000, sa_flags=0x00000000


---------------  S Y S T E M  ---------------

OS:Ubuntu 14.04 (trusty)
uname:Linux 3.16.0-59-generic #79~14.04.1-Ubuntu SMP Mon Jan 18 15:39:06 UTC 2016 i686
libc:glibc 2.19 NPTL 2.19 
rlimit: STACK 8192k, CORE 0k, NPROC 31352, NOFILE 4096, AS infinity
load average:1.54 1.07 0.69

/proc/meminfo:
MemTotal:        4032724 kB
MemFree:          888620 kB
MemAvailable:    2658072 kB
Buffers:          458424 kB
Cached:          1492832 kB
SwapCached:          624 kB
Active:          1960260 kB
Inactive:         925460 kB
Active(anon):     910160 kB
Inactive(anon):   120144 kB
Active(file):    1050100 kB
Inactive(file):   805316 kB
Unevictable:           0 kB
Mlocked:               0 kB
HighTotal:       3170056 kB
HighFree:         791484 kB
LowTotal:         862668 kB
LowFree:           97136 kB
SwapTotal:       4075516 kB
SwapFree:        4074824 kB
Dirty:              1228 kB
Writeback:             0 kB
AnonPages:        933884 kB
Mapped:           306608 kB
Shmem:             95692 kB
Slab:             214036 kB
SReclaimable:     194632 kB
SUnreclaim:        19404 kB
KernelStack:        3344 kB
PageTables:         9248 kB
NFS_Unstable:          0 kB
Bounce:                0 kB
WritebackTmp:          0 kB
CommitLimit:     6091876 kB
Committed_AS:    3739224 kB
VmallocTotal:     122880 kB
VmallocUsed:       19388 kB
VmallocChunk:      81416 kB
AnonHugePages:    372736 kB
HugePages_Total:       0
HugePages_Free:        0
HugePages_Rsvd:        0
HugePages_Surp:        0
Hugepagesize:       2048 kB
DirectMap4k:       17400 kB
DirectMap2M:      890880 kB


CPU:total 2 (2 cores per cpu, 1 threads per core) family 6 model 55 stepping 8, cmov, cx8, fxsr, mmx, sse, sse2, sse3, ssse3, sse4.1, sse4.2, popcnt, erms, tsc, tscinvbit

/proc/cpuinfo:
processor	: 0
vendor_id	: GenuineIntel
cpu family	: 6
model		: 55
model name	: Intel(R) Celeron(R) CPU  N2840  @ 2.16GHz
stepping	: 8
microcode	: 0x809
cpu MHz		: 2582.293
cache size	: 1024 KB
physical id	: 0
siblings	: 2
core id		: 0
cpu cores	: 2
apicid		: 0
initial apicid	: 0
fdiv_bug	: no
f00f_bug	: no
coma_bug	: no
fpu		: yes
fpu_exception	: yes
cpuid level	: 11
wp		: yes
flags		: fpu vme de pse tsc msr pae mce cx8 apic sep mtrr pge mca cmov pat pse36 clflush dts acpi mmx fxsr sse sse2 ss ht tm pbe nx rdtscp lm constant_tsc arch_perfmon pebs bts xtopology nonstop_tsc aperfmperf pni pclmulqdq dtes64 monitor ds_cpl vmx est tm2 ssse3 cx16 xtpr pdcm sse4_1 sse4_2 movbe popcnt tsc_deadline_timer rdrand lahf_lm 3dnowprefetch ida arat epb dtherm tpr_shadow vnmi flexpriority ept vpid tsc_adjust smep erms
bogomips	: 4326.40
clflush size	: 64
cache_alignment	: 64
address sizes	: 36 bits physical, 48 bits virtual
power management:

processor	: 1
vendor_id	: GenuineIntel
cpu family	: 6
model		: 55
model name	: Intel(R) Celeron(R) CPU  N2840  @ 2.16GHz
stepping	: 8
microcode	: 0x809
cpu MHz		: 2582.293
cache size	: 1024 KB
physical id	: 0
siblings	: 2
core id		: 1
cpu cores	: 2
apicid		: 2
initial apicid	: 2
fdiv_bug	: no
f00f_bug	: no
coma_bug	: no
fpu		: yes
fpu_exception	: yes
cpuid level	: 11
wp		: yes
flags		: fpu vme de pse tsc msr pae mce cx8 apic sep mtrr pge mca cmov pat pse36 clflush dts acpi mmx fxsr sse sse2 ss ht tm pbe nx rdtscp lm constant_tsc arch_perfmon pebs bts xtopology nonstop_tsc aperfmperf pni pclmulqdq dtes64 monitor ds_cpl vmx est tm2 ssse3 cx16 xtpr pdcm sse4_1 sse4_2 movbe popcnt tsc_deadline_timer rdrand lahf_lm 3dnowprefetch ida arat epb dtherm tpr_shadow vnmi flexpriority ept vpid tsc_adjust smep erms
bogomips	: 4326.40
clflush size	: 64
cache_alignment	: 64
address sizes	: 36 bits physical, 48 bits virtual
power management:



Memory: 4k page, physical 4032724k(888620k free), swap 4075516k(4074824k free)

vm_info: OpenJDK Server VM (24.111-b01) for linux-x86 JRE (1.7.0_111-b01), built on Aug 12 2016 05:32:15 by "buildd" with gcc 4.8.4

time: Wed Nov 16 17:51:24 2016
elapsed time: 4 seconds

