#
# A fatal error has been detected by the Java Runtime Environment:
#
#  SIGSEGV (0xb) at pc=0x0809381d, pid=27383, tid=3046377216
#
# JRE version: OpenJDK Runtime Environment (7.0_111-b01) (build 1.7.0_111-b01)
# Java VM: OpenJDK Server VM (24.111-b01 mixed mode linux-x86 )
# Derivative: IcedTea 2.6.7
# Distribution: Ubuntu 14.04 LTS, package 7u111-2.6.7-0ubuntu0.14.04.3
# Problematic frame:
# C  [exe_projectRobotran+0x4b81d]  ctrlGr4::SearchGraph::_describe()+0x12d
#
# Failed to write core dump. Core dumps have been disabled. To enable core dumping, try "ulimit -c unlimited" before starting Java again
#
# If you would like to submit a bug report, please include
# instructions on how to reproduce the bug and visit:
#   http://icedtea.classpath.org/bugzilla
# The crash happened outside the Java Virtual Machine in native code.
# See problematic frame for where to report the bug.
#

---------------  T H R E A D  ---------------

Current thread (0x0828c000):  JavaThread "main" [_thread_in_native, id=27383, stack(0xbfdf9000,0xbfe49000)]

siginfo:si_signo=SIGSEGV: si_errno=0, si_code=1 (SEGV_MAPERR), si_addr=0x00000000

Registers:
EAX=0x00000000, EBX=0x00000001, ECX=0xbfe4782c, EDX=0x08b32d68
ESP=0xbfe47780, EBP=0xbfe477d8, ESI=0xbfe47828, EDI=0x00000000
EIP=0x0809381d, EFLAGS=0x00010202, CR2=0x00000000

Top of Stack: (sp=0xbfe47780)
0xbfe47780:   00000001 08b32d68 bfe47828 bfe47828
0xbfe47790:   080aeaa0 00000000 bfe47824 08b32d68
0xbfe477a0:   00000000 00000000 08b32d68 bfe47828
0xbfe477b0:   027f0c7f 00000000 00000000 bfe47828
0xbfe477c0:   00000030 00000000 b62303a9 bfe47814
0xbfe477d0:   bfe47818 080ad841 08b313f8 08093a9c
0xbfe477e0:   bfe47814 080ae9f4 00000000 00000038
0xbfe477f0:   bfe47814 08b31758 080ad841 08092cbf 

Instructions: (pc=0x0809381d)
0x080937fd:   0c 89 54 24 08 89 0c 24 89 45 d0 e8 b3 a2 fc ff
0x0809380d:   8b 45 08 83 40 24 01 8b 45 d0 8b 40 14 83 c3 01
0x0809381d:   8b 10 89 04 24 ff 52 0c c7 44 24 04 f0 e9 0a 08
0x0809382d:   c7 04 24 01 00 00 00 89 44 24 08 e8 f3 a1 fc ff 

Register to memory mapping:

EAX=0x00000000 is an unknown value
EBX=0x00000001 is an unknown value
ECX=0xbfe4782c is pointing into the stack for thread: 0x0828c000
EDX=0x08b32d68 is an unknown value
ESP=0xbfe47780 is pointing into the stack for thread: 0x0828c000
EBP=0xbfe477d8 is pointing into the stack for thread: 0x0828c000
ESI=0xbfe47828 is pointing into the stack for thread: 0x0828c000
EDI=0x00000000 is an unknown value


Stack: [0xbfdf9000,0xbfe49000],  sp=0xbfe47780,  free space=313k
Native frames: (J=compiled Java code, j=interpreted, Vv=VM code, C=native code)
C  [exe_projectRobotran+0x4b81d]  ctrlGr4::SearchGraph::_describe()+0x12d


---------------  P R O C E S S  ---------------

Java Threads: ( => current thread )
  0x08b2f800 JavaThread "J3D-BehaviorStructureUpdateThread-1" [_thread_blocked, id=27407, stack(0x65206000,0x65257000)]
  0x08861000 JavaThread "AWT-EventQueue-0" [_thread_blocked, id=27406, stack(0x654af000,0x65500000)]
  0x08860800 JavaThread "AWT-Shutdown" [_thread_blocked, id=27405, stack(0x6545e000,0x654af000)]
  0x087cb800 JavaThread "Image Fetcher 0" daemon [_thread_blocked, id=27404, stack(0x6540d000,0x6545e000)]
  0x087b5400 JavaThread "Timer-0" daemon [_thread_blocked, id=27401, stack(0x6561e000,0x6566f000)]
  0x087c3000 JavaThread "J3D-Renderer-1" [_thread_blocked, id=27400, stack(0x65d5e000,0x65daf000)]
  0x08775800 JavaThread "J3D-MasterControl-1" [_thread_in_vm, id=27399, stack(0x65daf000,0x65e00000)]
  0x0876a400 JavaThread "J3D-NotificationThread" [_thread_blocked, id=27398, stack(0x65e00000,0x65e51000)]
  0x087b0000 JavaThread "J3D-TimerThread" [_thread_blocked, id=27397, stack(0x65e51000,0x65ea2000)]
  0x08756c00 JavaThread "J3D-RenderingAttributesStructureUpdateThread" [_thread_blocked, id=27396, stack(0x65ea2000,0x65ef3000)]
  0x084b6400 JavaThread "AWT-XAWT" daemon [_thread_in_native, id=27395, stack(0x6613d000,0x6618e000)]
  0x084a5800 JavaThread "Java2D Disposer" daemon [_thread_blocked, id=27394, stack(0x6618e000,0x661df000)]
  0x083b2800 JavaThread "Service Thread" daemon [_thread_blocked, id=27392, stack(0x6670b000,0x6675c000)]
  0x083b0800 JavaThread "C2 CompilerThread1" daemon [_thread_blocked, id=27391, stack(0x6675c000,0x667dd000)]
  0x083ae800 JavaThread "C2 CompilerThread0" daemon [_thread_blocked, id=27390, stack(0x667dd000,0x6685e000)]
  0x083ad000 JavaThread "Signal Dispatcher" daemon [_thread_blocked, id=27389, stack(0x6685e000,0x668af000)]
  0x08397c00 JavaThread "Finalizer" daemon [_thread_blocked, id=27388, stack(0x66aaf000,0x66b00000)]
  0x08396000 JavaThread "Reference Handler" daemon [_thread_blocked, id=27387, stack(0x66c08000,0x66c59000)]
=>0x0828c000 JavaThread "main" [_thread_in_native, id=27383, stack(0xbfdf9000,0xbfe49000)]

Other Threads:
  0x08393800 VMThread [stack: 0x66c59000,0x66cda000] [id=27386]
  0x083b4800 WatcherThread [stack: 0x6668a000,0x6670b000] [id=27393]

VM state:not at safepoint (normal execution)

VM Mutex/Monitor currently owned by a thread:  ([mutex/lock_event])
[0x08285200] Threads_lock - owner thread: 0x08775800

Heap
 PSYoungGen      total 70912K, used 16217K [0x9aec0000, 0xa2900000, 0xaf780000)
  eden space 55296K, 11% used [0x9aec0000,0x9b52b8a8,0x9e4c0000)
  from space 15616K, 61% used [0x9e4c0000,0x9ee2af50,0x9f400000)
  to   space 15360K, 0% used [0xa1a00000,0xa1a00000,0xa2900000)
 ParOldGen       total 40960K, used 8144K [0x71d80000, 0x74580000, 0x9aec0000)
  object space 40960K, 19% used [0x71d80000,0x725742c0,0x74580000)
 PSPermGen       total 25856K, used 13894K [0x69d80000, 0x6b6c0000, 0x71d80000)
  object space 25856K, 53% used [0x69d80000,0x6ab11b40,0x6b6c0000)

Card table byte_map: [0x69b52000,0x69d80000] byte_map_base: 0x69803400

Polling page: 0xb77ac000

Code Cache  [0xaf841000, 0xafa81000, 0xb2841000)
 total_blobs=591 nmethods=257 adapters=288 free_code_cache=48235Kb largest_free_block=49351296

Compilation events (10 events):
Event: 4.651 Thread 0x083ae800 nmethod 269 0xaf91ca88 code [0xaf91cb60, 0xaf91cbd0]
Event: 4.712 Thread 0x083ae800  270             java.lang.StringBuilder::<init> (7 bytes)
Event: 4.713 Thread 0x083ae800 nmethod 270 0xaf91de88 code [0xaf91df80, 0xaf91e050]
Event: 4.734 Thread 0x083ae800  271             sun.java2d.loops.GraphicsPrimitive::getUniqueID (5 bytes)
Event: 4.734 Thread 0x083ae800 nmethod 271 0xaf91e248 code [0xaf91e320, 0xaf91e370]
Event: 4.740 Thread 0x083b0800 nmethod 254% 0xaf9273c8 code [0xaf927980, 0xaf92ab48]
Event: 4.977 Thread 0x083ae800  272             java.util.logging.Level::intValue (5 bytes)
Event: 4.977 Thread 0x083ae800 nmethod 272 0xaf910c08 code [0xaf910ce0, 0xaf910d30]
Event: 4.977 Thread 0x083ae800  273             sun.util.logging.LoggingSupport::ensureAvailable (17 bytes)
Event: 4.978 Thread 0x083ae800 nmethod 273 0xaf8df808 code [0xaf8df8e0, 0xaf8df910]

GC Heap History (10 events):
Event: 2.758 GC heap before
{Heap before GC invocations=4 (full 0):
 PSYoungGen      total 18432K, used 18427K [0x9aec0000, 0x9d2c0000, 0xaf780000)
  eden space 15872K, 100% used [0x9aec0000,0x9be40000,0x9be40000)
  from space 2560K, 99% used [0x9be40000,0x9c0bed48,0x9c0c0000)
  to   space 2560K, 0% used [0x9d040000,0x9d040000,0x9d2c0000)
 ParOldGen       total 41984K, used 12721K [0x71d80000, 0x74680000, 0x9aec0000)
  object space 41984K, 30% used [0x71d80000,0x729ec518,0x74680000)
 PSPermGen       total 16384K, used 12172K [0x69d80000, 0x6ad80000, 0x71d80000)
  object space 16384K, 74% used [0x69d80000,0x6a963330,0x6ad80000)
Event: 2.813 GC heap after
Heap after GC invocations=4 (full 0):
 PSYoungGen      total 34304K, used 2550K [0x9aec0000, 0x9d2c0000, 0xaf780000)
  eden space 31744K, 0% used [0x9aec0000,0x9aec0000,0x9cdc0000)
  from space 2560K, 99% used [0x9d040000,0x9d2bd928,0x9d2c0000)
  to   space 2560K, 0% used [0x9cdc0000,0x9cdc0000,0x9d040000)
 ParOldGen       total 41984K, used 22011K [0x71d80000, 0x74680000, 0x9aec0000)
  object space 41984K, 52% used [0x71d80000,0x732fec30,0x74680000)
 PSPermGen       total 16384K, used 12172K [0x69d80000, 0x6ad80000, 0x71d80000)
  object space 16384K, 74% used [0x69d80000,0x6a963330,0x6ad80000)
}
Event: 3.170 GC heap before
{Heap before GC invocations=5 (full 0):
 PSYoungGen      total 34304K, used 34294K [0x9aec0000, 0x9d2c0000, 0xaf780000)
  eden space 31744K, 100% used [0x9aec0000,0x9cdc0000,0x9cdc0000)
  from space 2560K, 99% used [0x9d040000,0x9d2bd928,0x9d2c0000)
  to   space 2560K, 0% used [0x9cdc0000,0x9cdc0000,0x9d040000)
 ParOldGen       total 41984K, used 22011K [0x71d80000, 0x74680000, 0x9aec0000)
  object space 41984K, 52% used [0x71d80000,0x732fec30,0x74680000)
 PSPermGen       total 16384K, used 12852K [0x69d80000, 0x6ad80000, 0x71d80000)
  object space 16384K, 78% used [0x69d80000,0x6aa0d168,0x6ad80000)
Event: 3.206 GC heap after
Heap after GC invocations=5 (full 0):
 PSYoungGen      total 34304K, used 2544K [0x9aec0000, 0xa0bc0000, 0xaf780000)
  eden space 31744K, 0% used [0x9aec0000,0x9aec0000,0x9cdc0000)
  from space 2560K, 99% used [0x9cdc0000,0x9d03c068,0x9d040000)
  to   space 15872K, 0% used [0x9fc40000,0x9fc40000,0xa0bc0000)
 ParOldGen       total 41984K, used 29689K [0x71d80000, 0x74680000, 0x9aec0000)
  object space 41984K, 70% used [0x71d80000,0x73a7e6e0,0x74680000)
 PSPermGen       total 16384K, used 12852K [0x69d80000, 0x6ad80000, 0x71d80000)
  object space 16384K, 78% used [0x69d80000,0x6aa0d168,0x6ad80000)
}
Event: 3.206 GC heap before
{Heap before GC invocations=6 (full 1):
 PSYoungGen      total 34304K, used 2544K [0x9aec0000, 0xa0bc0000, 0xaf780000)
  eden space 31744K, 0% used [0x9aec0000,0x9aec0000,0x9cdc0000)
  from space 2560K, 99% used [0x9cdc0000,0x9d03c068,0x9d040000)
  to   space 15872K, 0% used [0x9fc40000,0x9fc40000,0xa0bc0000)
 ParOldGen       total 41984K, used 29689K [0x71d80000, 0x74680000, 0x9aec0000)
  object space 41984K, 70% used [0x71d80000,0x73a7e6e0,0x74680000)
 PSPermGen       total 16384K, used 12852K [0x69d80000, 0x6ad80000, 0x71d80000)
  object space 16384K, 78% used [0x69d80000,0x6aa0d168,0x6ad80000)
Event: 3.312 GC heap after
Heap after GC invocations=6 (full 1):
 PSYoungGen      total 34304K, used 0K [0x9aec0000, 0xa0bc0000, 0xaf780000)
  eden space 31744K, 0% used [0x9aec0000,0x9aec0000,0x9cdc0000)
  from space 2560K, 0% used [0x9cdc0000,0x9cdc0000,0x9d040000)
  to   space 15872K, 0% used [0x9fc40000,0x9fc40000,0xa0bc0000)
 ParOldGen       total 40960K, used 8144K [0x71d80000, 0x74580000, 0x9aec0000)
  object space 40960K, 19% used [0x71d80000,0x725742c0,0x74580000)
 PSPermGen       total 25856K, used 12848K [0x69d80000, 0x6b6c0000, 0x71d80000)
  object space 25856K, 49% used [0x69d80000,0x6aa0c208,0x6b6c0000)
}
Event: 3.795 GC heap before
{Heap before GC invocations=7 (full 1):
 PSYoungGen      total 34304K, used 31744K [0x9aec0000, 0xa0bc0000, 0xaf780000)
  eden space 31744K, 100% used [0x9aec0000,0x9cdc0000,0x9cdc0000)
  from space 2560K, 0% used [0x9cdc0000,0x9cdc0000,0x9d040000)
  to   space 15872K, 0% used [0x9fc40000,0x9fc40000,0xa0bc0000)
 ParOldGen       total 40960K, used 8144K [0x71d80000, 0x74580000, 0x9aec0000)
  object space 40960K, 19% used [0x71d80000,0x725742c0,0x74580000)
 PSPermGen       total 25856K, used 12892K [0x69d80000, 0x6b6c0000, 0x71d80000)
  object space 25856K, 49% used [0x69d80000,0x6aa17158,0x6b6c0000)
Event: 3.809 GC heap after
Heap after GC invocations=7 (full 1):
 PSYoungGen      total 62464K, used 4505K [0x9aec0000, 0xa0340000, 0xaf780000)
  eden space 55296K, 0% used [0x9aec0000,0x9aec0000,0x9e4c0000)
  from space 7168K, 62% used [0x9fc40000,0xa00a6650,0xa0340000)
  to   space 15616K, 0% used [0x9e4c0000,0x9e4c0000,0x9f400000)
 ParOldGen       total 40960K, used 8144K [0x71d80000, 0x74580000, 0x9aec0000)
  object space 40960K, 19% used [0x71d80000,0x725742c0,0x74580000)
 PSPermGen       total 25856K, used 12892K [0x69d80000, 0x6b6c0000, 0x71d80000)
  object space 25856K, 49% used [0x69d80000,0x6aa17158,0x6b6c0000)
}
Event: 4.429 GC heap before
{Heap before GC invocations=8 (full 1):
 PSYoungGen      total 62464K, used 59801K [0x9aec0000, 0xa0340000, 0xaf780000)
  eden space 55296K, 100% used [0x9aec0000,0x9e4c0000,0x9e4c0000)
  from space 7168K, 62% used [0x9fc40000,0xa00a6650,0xa0340000)
  to   space 15616K, 0% used [0x9e4c0000,0x9e4c0000,0x9f400000)
 ParOldGen       total 40960K, used 8144K [0x71d80000, 0x74580000, 0x9aec0000)
  object space 40960K, 19% used [0x71d80000,0x725742c0,0x74580000)
 PSPermGen       total 25856K, used 12925K [0x69d80000, 0x6b6c0000, 0x71d80000)
  object space 25856K, 49% used [0x69d80000,0x6aa1f740,0x6b6c0000)
Event: 4.452 GC heap after
Heap after GC invocations=8 (full 1):
 PSYoungGen      total 70912K, used 9643K [0x9aec0000, 0xa2900000, 0xaf780000)
  eden space 55296K, 0% used [0x9aec0000,0x9aec0000,0x9e4c0000)
  from space 15616K, 61% used [0x9e4c0000,0x9ee2af50,0x9f400000)
  to   space 15360K, 0% used [0xa1a00000,0xa1a00000,0xa2900000)
 ParOldGen       total 40960K, used 8144K [0x71d80000, 0x74580000, 0x9aec0000)
  object space 40960K, 19% used [0x71d80000,0x725742c0,0x74580000)
 PSPermGen       total 25856K, used 12925K [0x69d80000, 0x6b6c0000, 0x71d80000)
  object space 25856K, 49% used [0x69d80000,0x6aa1f740,0x6b6c0000)
}

Deoptimization events (10 events):
Event: 3.387 Thread 0x0828c000 Uncommon trap: reason=unstable_if action=reinterpret pc=0xaf8f9070 method=sun.misc.FloatingDecimal.readJavaFormatString(Ljava/lang/String;)Lsun/misc/FloatingDecimal; @ 509
Event: 3.440 Thread 0x0828c000 Uncommon trap: reason=unstable_if action=reinterpret pc=0xaf8da354 method=com.sun.j3d.utils.geometry.EdgeTable.<init>([I)V @ 68
Event: 3.442 Thread 0x0828c000 Uncommon trap: reason=unstable_if action=reinterpret pc=0xaf8f0358 method=com.sun.j3d.utils.geometry.NormalGenerator.createHardEdges()I @ 352
Event: 4.540 Thread 0x0828c000 Uncommon trap: reason=unstable_if action=reinterpret pc=0xaf8ffcb4 method=java.util.Properties.load0(Ljava/util/Properties$LineReader;)V @ 12
Event: 4.547 Thread 0x0828c000 Uncommon trap: reason=unstable_if action=reinterpret pc=0xaf8c2808 method=java.util.ArrayList.indexOf(Ljava/lang/Object;)I @ 41
Event: 4.624 Thread 0x0828c000 Uncommon trap: reason=unstable_if action=reinterpret pc=0xaf91fe6c method=javax.media.j3d.GeometryArrayRetained.computeBoundingBox(I[F)V @ 30
Event: 4.723 Thread 0x0828c000 Uncommon trap: reason=bimorphic action=maybe_recompile pc=0xaf8fa3a4 method=java.util.HashMap.put(Ljava/lang/Object;Ljava/lang/Object;)Ljava/lang/Object; @ 83
Event: 4.741 Thread 0x0828c000 Uncommon trap: reason=bimorphic action=maybe_recompile pc=0xaf8fa3a4 method=java.util.HashMap.put(Ljava/lang/Object;Ljava/lang/Object;)Ljava/lang/Object; @ 83
Event: 4.743 Thread 0x0828c000 Uncommon trap: reason=bimorphic action=maybe_recompile pc=0xaf8fa3a4 method=java.util.HashMap.put(Ljava/lang/Object;Ljava/lang/Object;)Ljava/lang/Object; @ 83
Event: 4.773 Thread 0x08861000 Uncommon trap: reason=unstable_if action=reinterpret pc=0xaf8c9e5c method=java.lang.Class.getName()Ljava/lang/String; @ 6

Internal exceptions (10 events):
Event: 2.934 Thread 0x0828c000 Implicit null exception at 0xaf8cb44d to 0xaf8cba35
Event: 3.051 Thread 0x0828c000 Implicit null exception at 0xaf8c3d4f to 0xaf8c4409
Event: 3.051 Thread 0x0828c000 Implicit null exception at 0xaf8c3d4f to 0xaf8c4409
Event: 3.054 Thread 0x0828c000 Implicit null exception at 0xaf8c3d4f to 0xaf8c4409
Event: 3.377 Thread 0x0828c000 Implicit null exception at 0xaf902193 to 0xaf9023d1
Event: 4.467 Thread 0x0828c000 Threw 0x9af82038 at /build/openjdk-7-Ylwexc/openjdk-7-7u111-2.6.7/build/openjdk/hotspot/src/share/vm/prims/jvm.cpp:1322
Event: 4.542 Thread 0x0828c000 Threw 0x9b16b208 at /build/openjdk-7-Ylwexc/openjdk-7-7u111-2.6.7/build/openjdk/hotspot/src/share/vm/prims/jvm.cpp:1322
Event: 4.542 Thread 0x0828c000 Threw 0x9b16e3d8 at /build/openjdk-7-Ylwexc/openjdk-7-7u111-2.6.7/build/openjdk/hotspot/src/share/vm/prims/jvm.cpp:1322
Event: 4.773 Thread 0x08861000 Implicit null exception at 0xaf8c9a31 to 0xaf8c9e45
Event: 5.099 Thread 0x08861000 Threw 0x9afe0bc8 at /build/openjdk-7-Ylwexc/openjdk-7-7u111-2.6.7/build/openjdk/hotspot/src/share/vm/prims/jni.cpp:747

Events (10 events):
Event: 5.101 loading class 0x0841b8d8
Event: 5.101 loading class 0x0841b110
Event: 5.101 loading class 0x0841b110 done
Event: 5.101 loading class 0x0841b8d8 done
Event: 5.101 loading class 0x698de678 done
Event: 5.107 loading class 0x0874c680
Event: 5.107 loading class 0x0874c680 done
Event: 5.108 Thread 0x08b2f800 Thread added: 0x08b2f800
Event: 5.108 Executing VM operation: RevokeBias
Event: 5.109 Executing VM operation: RevokeBias done


Dynamic libraries:
08048000-080bf000 r-xp 00000000 08:01 6035026    /home/gregoire/Documents/MobileRobots/MobileRobotsProject/workR/build/exe_projectRobotran
080bf000-080c0000 r--p 00077000 08:01 6035026    /home/gregoire/Documents/MobileRobots/MobileRobotsProject/workR/build/exe_projectRobotran
080c0000-080c1000 rw-p 00078000 08:01 6035026    /home/gregoire/Documents/MobileRobots/MobileRobotsProject/workR/build/exe_projectRobotran
0827d000-08df9000 rw-p 00000000 00:00 0          [heap]
64e61000-64e64000 ---p 00000000 00:00 0 
64e64000-64fb0000 rw-p 00000000 00:00 0          [stack:27408]
64fb0000-65100000 rw-s 00000000 00:04 58195988   /SYSV00000000 (deleted)
65100000-65140000 rw-p 00000000 00:00 0 
65140000-65200000 ---p 00000000 00:00 0 
65206000-65209000 ---p 00000000 00:00 0 
65209000-65257000 rw-p 00000000 00:00 0          [stack:27407]
65257000-6528c000 r-xp 00000000 08:01 18225272   /usr/lib/i386-linux-gnu/libtxc_dxtn_s2tc.so.0.0.0
6528c000-6528d000 r--p 00034000 08:01 18225272   /usr/lib/i386-linux-gnu/libtxc_dxtn_s2tc.so.0.0.0
6528d000-6528e000 rw-p 00035000 08:01 18225272   /usr/lib/i386-linux-gnu/libtxc_dxtn_s2tc.so.0.0.0
652ad000-652fd000 r-xp 00000000 08:01 18484113   /usr/lib/jvm/java-7-openjdk-i386/jre/lib/i386/libfontmanager.so
652fd000-652ff000 r--p 0004f000 08:01 18484113   /usr/lib/jvm/java-7-openjdk-i386/jre/lib/i386/libfontmanager.so
652ff000-65300000 rw-p 00051000 08:01 18484113   /usr/lib/jvm/java-7-openjdk-i386/jre/lib/i386/libfontmanager.so
65300000-65400000 rw-p 00000000 00:00 0 
6540d000-65410000 ---p 00000000 00:00 0 
65410000-6545e000 rw-p 00000000 00:00 0          [stack:27404]
6545e000-65461000 ---p 00000000 00:00 0 
65461000-654af000 rw-p 00000000 00:00 0          [stack:27405]
654af000-654b2000 ---p 00000000 00:00 0 
654b2000-65500000 rw-p 00000000 00:00 0          [stack:27406]
65500000-65531000 rw-p 00000000 00:00 0 
65531000-65600000 ---p 00000000 00:00 0 
65600000-65604000 rw-p 00000000 00:00 0 
65604000-6560b000 r--s 00000000 08:01 18219920   /usr/lib/i386-linux-gnu/gconv/gconv-modules.cache
6560b000-6561c000 r-xp 00000000 08:01 18483846   /usr/lib/jvm/java-7-openjdk-i386/jre/lib/i386/libnio.so
6561c000-6561d000 r--p 00010000 08:01 18483846   /usr/lib/jvm/java-7-openjdk-i386/jre/lib/i386/libnio.so
6561d000-6561e000 rw-p 00011000 08:01 18483846   /usr/lib/jvm/java-7-openjdk-i386/jre/lib/i386/libnio.so
6561e000-65621000 ---p 00000000 00:00 0 
65621000-6566f000 rw-p 00000000 00:00 0          [stack:27401]
6566f000-65678000 r-xp 00000000 08:01 18225079   /usr/lib/i386-linux-gnu/libpciaccess.so.0.11.1
65678000-65679000 r--p 00008000 08:01 18225079   /usr/lib/i386-linux-gnu/libpciaccess.so.0.11.1
65679000-6567a000 rw-p 00009000 08:01 18225079   /usr/lib/i386-linux-gnu/libpciaccess.so.0.11.1
6567a000-65685000 r-xp 00000000 08:01 18221979   /usr/lib/i386-linux-gnu/libdrm_radeon.so.1.0.1
65685000-65686000 r--p 0000a000 08:01 18221979   /usr/lib/i386-linux-gnu/libdrm_radeon.so.1.0.1
65686000-65687000 rw-p 0000b000 08:01 18221979   /usr/lib/i386-linux-gnu/libdrm_radeon.so.1.0.1
65687000-6568e000 r-xp 00000000 08:01 18221982   /usr/lib/i386-linux-gnu/libdrm_nouveau.so.2.0.0
6568e000-6568f000 r--p 00006000 08:01 18221982   /usr/lib/i386-linux-gnu/libdrm_nouveau.so.2.0.0
6568f000-65690000 rw-p 00007000 08:01 18221982   /usr/lib/i386-linux-gnu/libdrm_nouveau.so.2.0.0
65690000-656b1000 r-xp 00000000 08:01 18221790   /usr/lib/i386-linux-gnu/libdrm_intel.so.1.0.0
656b1000-656b2000 r--p 00020000 08:01 18221790   /usr/lib/i386-linux-gnu/libdrm_intel.so.1.0.0
656b2000-656b3000 rw-p 00021000 08:01 18221790   /usr/lib/i386-linux-gnu/libdrm_intel.so.1.0.0
656b3000-65cdd000 r-xp 00000000 08:01 18219429   /usr/lib/i386-linux-gnu/dri/i965_dri.so
65cdd000-65cfe000 r--p 00629000 08:01 18219429   /usr/lib/i386-linux-gnu/dri/i965_dri.so
65cfe000-65d04000 rw-p 0064a000 08:01 18219429   /usr/lib/i386-linux-gnu/dri/i965_dri.so
65d04000-65d0a000 rw-p 00000000 00:00 0 
65d0a000-65d12000 r-xp 00000000 08:01 20841527   /lib/i386-linux-gnu/libnih-dbus.so.1.0.0
65d12000-65d13000 r--p 00007000 08:01 20841527   /lib/i386-linux-gnu/libnih-dbus.so.1.0.0
65d13000-65d14000 rw-p 00008000 08:01 20841527   /lib/i386-linux-gnu/libnih-dbus.so.1.0.0
65d14000-65d2b000 r-xp 00000000 08:01 20841529   /lib/i386-linux-gnu/libnih.so.1.0.0
65d2b000-65d2c000 r--p 00016000 08:01 20841529   /lib/i386-linux-gnu/libnih.so.1.0.0
65d2c000-65d2d000 rw-p 00017000 08:01 20841529   /lib/i386-linux-gnu/libnih.so.1.0.0
65d2d000-65d49000 r-xp 00000000 08:01 20841579   /lib/i386-linux-gnu/libcgmanager.so.0.0.0
65d49000-65d4a000 r--p 0001b000 08:01 20841579   /lib/i386-linux-gnu/libcgmanager.so.0.0.0
65d4a000-65d4b000 rw-p 0001c000 08:01 20841579   /lib/i386-linux-gnu/libcgmanager.so.0.0.0
65d4b000-65d5c000 r-xp 00000000 08:01 20840723   /lib/i386-linux-gnu/libudev.so.1.3.5
65d5c000-65d5d000 r--p 00010000 08:01 20840723   /lib/i386-linux-gnu/libudev.so.1.3.5
65d5d000-65d5e000 rw-p 00011000 08:01 20840723   /lib/i386-linux-gnu/libudev.so.1.3.5
65d5e000-65d61000 ---p 00000000 00:00 0 
65d61000-65daf000 rw-p 00000000 00:00 0          [stack:27400]
65daf000-65db2000 ---p 00000000 00:00 0 
65db2000-65e00000 rw-p 00000000 00:00 0          [stack:27399]
65e00000-65e03000 ---p 00000000 00:00 0 
65e03000-65e51000 rw-p 00000000 00:00 0          [stack:27398]
65e51000-65e54000 ---p 00000000 00:00 0 
65e54000-65ea2000 rw-p 00000000 00:00 0          [stack:27397]
65ea2000-65ea5000 ---p 00000000 00:00 0 
65ea5000-65ef3000 rw-p 00000000 00:00 0          [stack:27396]
65ef3000-65f01000 r-xp 00000000 08:01 18222710   /usr/lib/i386-linux-gnu/libdrm.so.2.4.0
65f01000-65f02000 r--p 0000d000 08:01 18222710   /usr/lib/i386-linux-gnu/libdrm.so.2.4.0
65f02000-65f03000 rw-p 0000e000 08:01 18222710   /usr/lib/i386-linux-gnu/libdrm.so.2.4.0
65f03000-65f07000 r-xp 00000000 08:01 18225362   /usr/lib/i386-linux-gnu/libxcb-dri2.so.0.0.0
65f07000-65f08000 r--p 00003000 08:01 18225362   /usr/lib/i386-linux-gnu/libxcb-dri2.so.0.0.0
65f08000-65f09000 rw-p 00004000 08:01 18225362   /usr/lib/i386-linux-gnu/libxcb-dri2.so.0.0.0
65f09000-65f1f000 r-xp 00000000 08:01 18225366   /usr/lib/i386-linux-gnu/libxcb-glx.so.0.0.0
65f1f000-65f20000 r--p 00016000 08:01 18225366   /usr/lib/i386-linux-gnu/libxcb-glx.so.0.0.0
65f20000-65f21000 rw-p 00017000 08:01 18225366   /usr/lib/i386-linux-gnu/libxcb-glx.so.0.0.0
65f21000-65f22000 r-xp 00000000 08:01 18224322   /usr/lib/i386-linux-gnu/libX11-xcb.so.1.0.0
65f22000-65f23000 r--p 00000000 08:01 18224322   /usr/lib/i386-linux-gnu/libX11-xcb.so.1.0.0
65f23000-65f24000 rw-p 00001000 08:01 18224322   /usr/lib/i386-linux-gnu/libX11-xcb.so.1.0.0
65f24000-65f37000 r-xp 00000000 08:01 18224101   /usr/lib/i386-linux-gnu/libglapi.so.0.0.0
65f37000-65f39000 r--p 00013000 08:01 18224101   /usr/lib/i386-linux-gnu/libglapi.so.0.0.0
65f39000-65f3f000 rwxp 00015000 08:01 18224101   /usr/lib/i386-linux-gnu/libglapi.so.0.0.0
65f3f000-65f9a000 r-xp 00000000 08:01 18219640   /usr/lib/i386-linux-gnu/mesa/libGL.so.1.2.0
65f9a000-65f9b000 ---p 0005b000 08:01 18219640   /usr/lib/i386-linux-gnu/mesa/libGL.so.1.2.0
65f9b000-65f9d000 r--p 0005b000 08:01 18219640   /usr/lib/i386-linux-gnu/mesa/libGL.so.1.2.0
65f9d000-65fa2000 rwxp 0005d000 08:01 18219640   /usr/lib/i386-linux-gnu/mesa/libGL.so.1.2.0
65fa2000-65fa7000 rw-p 00000000 00:00 0 
65fa7000-65fbf000 r-xp 00000000 08:01 18483833   /usr/lib/jvm/java-7-openjdk-i386/jre/lib/i386/libnet.so
65fbf000-65fc0000 r--p 00017000 08:01 18483833   /usr/lib/jvm/java-7-openjdk-i386/jre/lib/i386/libnet.so
65fc0000-65fc1000 rw-p 00018000 08:01 18483833   /usr/lib/jvm/java-7-openjdk-i386/jre/lib/i386/libnet.so
65fc1000-65fe2000 r-xp 00000000 08:01 18352082   /usr/lib/jni/libj3dcore-ogl.so
65fe2000-65fe3000 rw-p 00020000 08:01 18352082   /usr/lib/jni/libj3dcore-ogl.so
65fe3000-66000000 r--s 0014f000 08:01 6033271    /home/gregoire/Documents/MobileRobots/MobileRobotsProject/mbsysCopy/mbsyspad/lib/swingx-all-1.6.4.jar
66000000-660fc000 rw-p 00000000 00:00 0 
660fc000-66100000 ---p 00000000 00:00 0 
66100000-66101000 rw-p 00000000 00:00 0 
66101000-66102000 rw-s 00000000 00:04 72839      /drm mm object (deleted)
66102000-66104000 r-xp 00000000 08:01 18224337   /usr/lib/i386-linux-gnu/libXdamage.so.1.1.0
66104000-66105000 r--p 00001000 08:01 18224337   /usr/lib/i386-linux-gnu/libXdamage.so.1.1.0
66105000-66106000 rw-p 00002000 08:01 18224337   /usr/lib/i386-linux-gnu/libXdamage.so.1.1.0
66106000-66107000 r-xp 00000000 08:01 18225404   /usr/lib/i386-linux-gnu/libxshmfence.so.1.0.0
66107000-66108000 r--p 00000000 08:01 18225404   /usr/lib/i386-linux-gnu/libxshmfence.so.1.0.0
66108000-66109000 rw-p 00001000 08:01 18225404   /usr/lib/i386-linux-gnu/libxshmfence.so.1.0.0
66109000-6610e000 r-xp 00000000 08:01 18225386   /usr/lib/i386-linux-gnu/libxcb-sync.so.1.0.0
6610e000-6610f000 r--p 00004000 08:01 18225386   /usr/lib/i386-linux-gnu/libxcb-sync.so.1.0.0
6610f000-66110000 rw-p 00005000 08:01 18225386   /usr/lib/i386-linux-gnu/libxcb-sync.so.1.0.0
66110000-66112000 r-xp 00000000 08:01 18225374   /usr/lib/i386-linux-gnu/libxcb-present.so.0.0.0
66112000-66113000 r--p 00001000 08:01 18225374   /usr/lib/i386-linux-gnu/libxcb-present.so.0.0.0
66113000-66114000 rw-p 00002000 08:01 18225374   /usr/lib/i386-linux-gnu/libxcb-present.so.0.0.0
66114000-66116000 r-xp 00000000 08:01 18225364   /usr/lib/i386-linux-gnu/libxcb-dri3.so.0.0.0
66116000-66117000 r--p 00001000 08:01 18225364   /usr/lib/i386-linux-gnu/libxcb-dri3.so.0.0.0
66117000-66118000 rw-p 00002000 08:01 18225364   /usr/lib/i386-linux-gnu/libxcb-dri3.so.0.0.0
66118000-66126000 r--s 00193000 08:01 6033260    /home/gregoire/Documents/MobileRobots/MobileRobotsProject/mbsysCopy/mbsyspad/lib/j3dutils.jar
66126000-66132000 r--s 002c7000 08:01 6033259    /home/gregoire/Documents/MobileRobots/MobileRobotsProject/mbsysCopy/mbsyspad/lib/j3dcore.jar
66132000-6613d000 r--s 00108000 08:01 6033263    /home/gregoire/Documents/MobileRobots/MobileRobotsProject/mbsysCopy/mbsyspad/lib/jogl.jar
6613d000-66140000 ---p 00000000 00:00 0 
66140000-6618e000 rw-p 00000000 00:00 0          [stack:27395]
6618e000-66191000 ---p 00000000 00:00 0 
66191000-661df000 rw-p 00000000 00:00 0          [stack:27394]
661df000-6621b000 r-xp 00000000 08:01 20840700   /lib/i386-linux-gnu/libpcre.so.3.13.1
6621b000-6621c000 r--p 0003b000 08:01 20840700   /lib/i386-linux-gnu/libpcre.so.3.13.1
6621c000-6621d000 rw-p 0003c000 08:01 20840700   /lib/i386-linux-gnu/libpcre.so.3.13.1
6621d000-6623d000 r-xp 00000000 08:01 20841595   /lib/i386-linux-gnu/libselinux.so.1
6623d000-6623e000 r--p 0001f000 08:01 20841595   /lib/i386-linux-gnu/libselinux.so.1
6623e000-6623f000 rw-p 00020000 08:01 20841595   /lib/i386-linux-gnu/libselinux.so.1
6623f000-66240000 rw-p 00000000 00:00 0 
66240000-6634a000 r-xp 00000000 08:01 20841496   /lib/i386-linux-gnu/libglib-2.0.so.0.4002.0
6634a000-6634b000 r--p 00109000 08:01 20841496   /lib/i386-linux-gnu/libglib-2.0.so.0.4002.0
6634b000-6634c000 rw-p 0010a000 08:01 20841496   /lib/i386-linux-gnu/libglib-2.0.so.0.4002.0
6634c000-66371000 r-xp 00000000 08:01 20840645   /lib/i386-linux-gnu/libexpat.so.1.6.0
66371000-66372000 ---p 00025000 08:01 20840645   /lib/i386-linux-gnu/libexpat.so.1.6.0
66372000-66374000 r--p 00025000 08:01 20840645   /lib/i386-linux-gnu/libexpat.so.1.6.0
66374000-66375000 rw-p 00027000 08:01 20840645   /lib/i386-linux-gnu/libexpat.so.1.6.0
66375000-663c5000 r-xp 00000000 08:01 18224739   /usr/lib/i386-linux-gnu/libgobject-2.0.so.0.4002.0
663c5000-663c6000 r--p 0004f000 08:01 18224739   /usr/lib/i386-linux-gnu/libgobject-2.0.so.0.4002.0
663c6000-663c7000 rw-p 00050000 08:01 18224739   /usr/lib/i386-linux-gnu/libgobject-2.0.so.0.4002.0
663c7000-66544000 r-xp 00000000 08:01 18224711   /usr/lib/i386-linux-gnu/libgio-2.0.so.0.4002.0
66544000-66546000 r--p 0017d000 08:01 18224711   /usr/lib/i386-linux-gnu/libgio-2.0.so.0.4002.0
66546000-66547000 rw-p 0017f000 08:01 18224711   /usr/lib/i386-linux-gnu/libgio-2.0.so.0.4002.0
66547000-66548000 rw-p 00000000 00:00 0 
66548000-66581000 r-xp 00000000 08:01 18226186   /usr/lib/i386-linux-gnu/libfontconfig.so.1.8.0
66581000-66582000 r--p 00039000 08:01 18226186   /usr/lib/i386-linux-gnu/libfontconfig.so.1.8.0
66582000-66583000 rw-p 0003a000 08:01 18226186   /usr/lib/i386-linux-gnu/libfontconfig.so.1.8.0
66583000-665cb000 r-xp 00000000 08:01 19923017   /usr/lib/jvm/java-7-openjdk-i386/jre/lib/i386/xawt/libmawt.so
665cb000-665cc000 r--p 00048000 08:01 19923017   /usr/lib/jvm/java-7-openjdk-i386/jre/lib/i386/xawt/libmawt.so
665cc000-665ce000 rw-p 00049000 08:01 19923017   /usr/lib/jvm/java-7-openjdk-i386/jre/lib/i386/xawt/libmawt.so
665ce000-665cf000 rw-p 00000000 00:00 0 
665cf000-6665e000 r-xp 00000000 08:01 18484117   /usr/lib/jvm/java-7-openjdk-i386/jre/lib/i386/libawt.so
6665e000-6665f000 r--p 0008f000 08:01 18484117   /usr/lib/jvm/java-7-openjdk-i386/jre/lib/i386/libawt.so
6665f000-66666000 rw-p 00090000 08:01 18484117   /usr/lib/jvm/java-7-openjdk-i386/jre/lib/i386/libawt.so
66666000-6668a000 rw-p 00000000 00:00 0 
6668a000-6668b000 ---p 00000000 00:00 0 
6668b000-6670b000 rw-p 00000000 00:00 0          [stack:27393]
6670b000-6670e000 ---p 00000000 00:00 0 
6670e000-6675c000 rw-p 00000000 00:00 0          [stack:27392]
6675c000-6675f000 ---p 00000000 00:00 0 
6675f000-667dd000 rw-p 00000000 00:00 0          [stack:27391]
667dd000-667e0000 ---p 00000000 00:00 0 
667e0000-6685e000 rw-p 00000000 00:00 0          [stack:27390]
6685e000-66861000 ---p 00000000 00:00 0 
66861000-668af000 rw-p 00000000 00:00 0          [stack:27389]
668af000-66aaf000 r--p 00000000 08:01 18227311   /usr/lib/locale/locale-archive
66aaf000-66ab2000 ---p 00000000 00:00 0 
66ab2000-66b00000 rw-p 00000000 00:00 0          [stack:27388]
66b00000-66c00000 rw-p 00000000 00:00 0 
66c00000-66c01000 r-xp 00000000 08:01 18484119   /usr/lib/jvm/java-7-openjdk-i386/jre/lib/i386/libjawt.so
66c01000-66c02000 r--p 00000000 08:01 18484119   /usr/lib/jvm/java-7-openjdk-i386/jre/lib/i386/libjawt.so
66c02000-66c03000 rw-p 00001000 08:01 18484119   /usr/lib/jvm/java-7-openjdk-i386/jre/lib/i386/libjawt.so
66c03000-66c07000 r--s 00019000 08:01 6033270    /home/gregoire/Documents/MobileRobots/MobileRobotsProject/mbsysCopy/mbsyspad/lib/matlabcontrol-4.0.0.jar
66c07000-66c08000 r--s 00017000 08:01 6033257    /home/gregoire/Documents/MobileRobots/MobileRobotsProject/mbsysCopy/mbsyspad/lib/j3D.jar
66c08000-66c0b000 ---p 00000000 00:00 0 
66c0b000-66c59000 rw-p 00000000 00:00 0          [stack:27387]
66c59000-66c5a000 ---p 00000000 00:00 0 
66c5a000-66d23000 rw-p 00000000 00:00 0          [stack:27386]
66d23000-66ed6000 r--s 01d3d000 08:01 18483206   /usr/lib/jvm/java-7-openjdk-i386/jre/lib/rt.jar
66ed6000-69600000 rw-p 00000000 00:00 0 
69600000-69621000 rw-p 00000000 00:00 0 
69621000-69700000 ---p 00000000 00:00 0 
69700000-69702000 r--s 0004c000 08:01 6033272    /home/gregoire/Documents/MobileRobots/MobileRobotsProject/mbsysCopy/mbsyspad/lib/vecmath.jar
69702000-69704000 r--s 00018000 08:01 18483205   /usr/lib/jvm/java-7-openjdk-i386/jre/lib/jce.jar
69704000-69708000 r--s 0004f000 08:01 18484133   /usr/lib/jvm/java-7-openjdk-i386/jre/lib/jsse.jar
69708000-69709000 r--s 00004000 08:01 6033256    /home/gregoire/Documents/MobileRobots/MobileRobotsProject/mbsysCopy/mbsyspad/lib/gluegen-rt.jar
69709000-6970a000 r--s 00001000 08:01 6033262    /home/gregoire/Documents/MobileRobots/MobileRobotsProject/mbsysCopy/mbsyspad/lib/jnlp.jar
6970a000-6970e000 r--s 00020000 08:01 6033254    /home/gregoire/Documents/MobileRobots/MobileRobotsProject/mbsysCopy/mbsyspad/lib/commons-digester-1.8.jar
6970e000-69713000 r--s 0002a000 08:01 6033252    /home/gregoire/Documents/MobileRobots/MobileRobotsProject/mbsysCopy/mbsyspad/lib/commons-beanutils.jar
69713000-69719000 r--s 00056000 08:01 6033258    /home/gregoire/Documents/MobileRobots/MobileRobotsProject/mbsysCopy/mbsyspad/lib/j3d-vrml97.jar
69719000-6971b000 r--s 0002a000 08:01 6033251    /home/gregoire/Documents/MobileRobots/MobileRobotsProject/mbsysCopy/mbsyspad/lib/MBsysComJ.jar
6971b000-6971e000 r--s 00023000 08:01 6033261    /home/gregoire/Documents/MobileRobots/MobileRobotsProject/mbsysCopy/mbsyspad/lib/jdom.jar
6971e000-69724000 r--s 00047000 08:01 6033255    /home/gregoire/Documents/MobileRobots/MobileRobotsProject/mbsysCopy/mbsyspad/lib/flamingo.jar
69724000-6977f000 rw-p 00000000 00:00 0 
6977f000-69780000 ---p 00000000 00:00 0 
69780000-69800000 rw-p 00000000 00:00 0          [stack:27385]
69800000-698ff000 rw-p 00000000 00:00 0 
698ff000-69900000 ---p 00000000 00:00 0 
69900000-6990a000 r--s 000ae000 08:01 18483207   /usr/lib/jvm/java-7-openjdk-i386/jre/lib/resources.jar
6990a000-6990d000 r-xp 00000000 08:01 18224723   /usr/lib/i386-linux-gnu/libgmodule-2.0.so.0.4002.0
6990d000-6990e000 r--p 00002000 08:01 18224723   /usr/lib/i386-linux-gnu/libgmodule-2.0.so.0.4002.0
6990e000-6990f000 rw-p 00003000 08:01 18224723   /usr/lib/i386-linux-gnu/libgmodule-2.0.so.0.4002.0
6990f000-69914000 r-xp 00000000 08:01 18224369   /usr/lib/i386-linux-gnu/libXtst.so.6.1.0
69914000-69915000 r--p 00004000 08:01 18224369   /usr/lib/i386-linux-gnu/libXtst.so.6.1.0
69915000-69916000 rw-p 00005000 08:01 18224369   /usr/lib/i386-linux-gnu/libXtst.so.6.1.0
69916000-69918000 r-xp 00000000 08:01 18224333   /usr/lib/i386-linux-gnu/libXcomposite.so.1.0.0
69918000-69919000 r--p 00001000 08:01 18224333   /usr/lib/i386-linux-gnu/libXcomposite.so.1.0.0
69919000-6991a000 rw-p 00002000 08:01 18224333   /usr/lib/i386-linux-gnu/libXcomposite.so.1.0.0
6991a000-69929000 r--s 0008c000 08:01 6033249    /home/gregoire/Documents/MobileRobots/MobileRobotsProject/mbsysCopy/mbsyspad/MBsysPad.jar
69929000-6992d000 r--s 00085000 08:01 18751331   /usr/lib/jvm/java-7-openjdk-i386/jre/lib/ext/localedata.jar
6992d000-69948000 rw-p 00000000 00:00 0 
69948000-69949000 ---p 00000000 00:00 0 
69949000-699d6000 rw-p 00000000 00:00 0          [stack:27384]
699d6000-69a09000 rw-p 00000000 00:00 0 
69a09000-69a1d000 rw-p 00000000 00:00 0 
69a1d000-69a1e000 ---p 00000000 00:00 0 
69a1e000-69b52000 rw-p 00000000 00:00 0 
69b52000-69b5f000 rw-p 00000000 00:00 0 
69b5f000-69b92000 rw-p 00000000 00:00 0 
69b92000-69ba6000 rw-p 00000000 00:00 0 
69ba6000-69ba7000 ---p 00000000 00:00 0 
69ba7000-69cda000 rw-p 00000000 00:00 0 
69cda000-69d18000 rw-p 00000000 00:00 0 
69d18000-69d7f000 rw-p 00000000 00:00 0 
69d7f000-6b6c0000 rw-p 00000000 00:00 0 
6b6c0000-71d80000 rw-p 00000000 00:00 0 
71d80000-74580000 rw-p 00000000 00:00 0 
74580000-74680000 ---p 00000000 00:00 0 
74680000-9aec0000 rw-p 00000000 00:00 0 
9aec0000-a2900000 rw-p 00000000 00:00 0 
a2900000-af780000 rw-p 00000000 00:00 0 
af780000-af781000 r--s 00008000 08:01 6033253    /home/gregoire/Documents/MobileRobots/MobileRobotsProject/mbsysCopy/mbsyspad/lib/commons-cli-1.1.jar
af781000-af78a000 rw-p 00000000 00:00 0 
af78a000-af841000 rw-p 00000000 00:00 0 
af841000-afa81000 rwxp 00000000 00:00 0 
afa81000-b2841000 rw-p 00000000 00:00 0 
b2841000-b284b000 r-xp 00000000 08:01 20854272   /lib/i386-linux-gnu/libnss_files-2.19.so
b284b000-b284c000 r--p 00009000 08:01 20854272   /lib/i386-linux-gnu/libnss_files-2.19.so
b284c000-b284d000 rw-p 0000a000 08:01 20854272   /lib/i386-linux-gnu/libnss_files-2.19.so
b284d000-b2857000 r-xp 00000000 08:01 20854264   /lib/i386-linux-gnu/libnss_nis-2.19.so
b2857000-b2858000 r--p 00009000 08:01 20854264   /lib/i386-linux-gnu/libnss_nis-2.19.so
b2858000-b2859000 rw-p 0000a000 08:01 20854264   /lib/i386-linux-gnu/libnss_nis-2.19.so
b2859000-b285c000 r--s 0000f000 08:01 18751219   /usr/lib/jvm/java-7-openjdk-i386/jre/lib/ext/icedtea-sound.jar
b285c000-b285d000 r--s 00002000 08:01 18751957   /usr/lib/jvm/java-7-openjdk-i386/jre/lib/ext/dnsns.jar
b285d000-b285f000 r--s 00012000 08:01 18751958   /usr/lib/jvm/java-7-openjdk-i386/jre/lib/ext/zipfs.jar
b285f000-b2863000 r--s 00034000 08:01 18751956   /usr/lib/jvm/java-7-openjdk-i386/jre/lib/ext/sunjce_provider.jar
b2863000-b2866000 r--s 0003d000 08:01 18751212   /usr/lib/jvm/java-7-openjdk-i386/jre/lib/ext/sunpkcs11.jar
b2866000-b286e000 r-xp 00000000 08:01 18484132   /usr/lib/jvm/java-7-openjdk-i386/jre/lib/i386/libzip.so
b286e000-b286f000 r--p 00007000 08:01 18484132   /usr/lib/jvm/java-7-openjdk-i386/jre/lib/i386/libzip.so
b286f000-b2870000 rw-p 00008000 08:01 18484132   /usr/lib/jvm/java-7-openjdk-i386/jre/lib/i386/libzip.so
b2870000-b2878000 rw-s 00000000 08:01 14552362   /tmp/hsperfdata_gregoire/27383
b2878000-b289f000 r-xp 00000000 08:01 18483211   /usr/lib/jvm/java-7-openjdk-i386/jre/lib/i386/libjava.so
b289f000-b28a0000 r--p 00026000 08:01 18483211   /usr/lib/jvm/java-7-openjdk-i386/jre/lib/i386/libjava.so
b28a0000-b28a1000 rw-p 00027000 08:01 18483211   /usr/lib/jvm/java-7-openjdk-i386/jre/lib/i386/libjava.so
b28a1000-b5944000 rw-p 00000000 00:00 0 
b5944000-b5957000 r-xp 00000000 08:01 20854252   /lib/i386-linux-gnu/libresolv-2.19.so
b5957000-b5958000 ---p 00013000 08:01 20854252   /lib/i386-linux-gnu/libresolv-2.19.so
b5958000-b5959000 r--p 00013000 08:01 20854252   /lib/i386-linux-gnu/libresolv-2.19.so
b5959000-b595a000 rw-p 00014000 08:01 20854252   /lib/i386-linux-gnu/libresolv-2.19.so
b595a000-b595c000 rw-p 00000000 00:00 0 
b595c000-b5963000 r-xp 00000000 08:01 18225047   /usr/lib/i386-linux-gnu/libogg.so.0.8.1
b5963000-b5964000 r--p 00006000 08:01 18225047   /usr/lib/i386-linux-gnu/libogg.so.0.8.1
b5964000-b5965000 rw-p 00007000 08:01 18225047   /usr/lib/i386-linux-gnu/libogg.so.0.8.1
b5965000-b598e000 r-xp 00000000 08:01 18225321   /usr/lib/i386-linux-gnu/libvorbis.so.0.4.5
b598e000-b598f000 ---p 00029000 08:01 18225321   /usr/lib/i386-linux-gnu/libvorbis.so.0.4.5
b598f000-b5990000 r--p 00029000 08:01 18225321   /usr/lib/i386-linux-gnu/libvorbis.so.0.4.5
b5990000-b5991000 rw-p 0002a000 08:01 18225321   /usr/lib/i386-linux-gnu/libvorbis.so.0.4.5
b5991000-b5af7000 r-xp 00000000 08:01 18225323   /usr/lib/i386-linux-gnu/libvorbisenc.so.2.0.8
b5af7000-b5b08000 r--p 00165000 08:01 18225323   /usr/lib/i386-linux-gnu/libvorbisenc.so.2.0.8
b5b08000-b5b09000 rw-p 00176000 08:01 18225323   /usr/lib/i386-linux-gnu/libvorbisenc.so.2.0.8
b5b09000-b5b0a000 rw-p 00000000 00:00 0 
b5b0a000-b5b3c000 r-xp 00000000 08:01 18224186   /usr/lib/i386-linux-gnu/libFLAC.so.8.3.0
b5b3c000-b5b3d000 r--p 00031000 08:01 18224186   /usr/lib/i386-linux-gnu/libFLAC.so.8.3.0
b5b3d000-b5b3e000 rw-p 00032000 08:01 18224186   /usr/lib/i386-linux-gnu/libFLAC.so.8.3.0
b5b3e000-b5b53000 r-xp 00000000 08:01 20854260   /lib/i386-linux-gnu/libnsl-2.19.so
b5b53000-b5b54000 r--p 00015000 08:01 20854260   /lib/i386-linux-gnu/libnsl-2.19.so
b5b54000-b5b55000 rw-p 00016000 08:01 20854260   /lib/i386-linux-gnu/libnsl-2.19.so
b5b55000-b5b57000 rw-p 00000000 00:00 0 
b5b57000-b5b5c000 r-xp 00000000 08:01 18224339   /usr/lib/i386-linux-gnu/libXdmcp.so.6.0.0
b5b5c000-b5b5d000 r--p 00004000 08:01 18224339   /usr/lib/i386-linux-gnu/libXdmcp.so.6.0.0
b5b5d000-b5b5e000 rw-p 00005000 08:01 18224339   /usr/lib/i386-linux-gnu/libXdmcp.so.6.0.0
b5b5e000-b5b60000 r-xp 00000000 08:01 18224328   /usr/lib/i386-linux-gnu/libXau.so.6.0.0
b5b60000-b5b61000 r--p 00001000 08:01 18224328   /usr/lib/i386-linux-gnu/libXau.so.6.0.0
b5b61000-b5b62000 rw-p 00002000 08:01 18224328   /usr/lib/i386-linux-gnu/libXau.so.6.0.0
b5b62000-b5b67000 r-xp 00000000 08:01 18224418   /usr/lib/i386-linux-gnu/libasyncns.so.0.3.1
b5b67000-b5b68000 r--p 00004000 08:01 18224418   /usr/lib/i386-linux-gnu/libasyncns.so.0.3.1
b5b68000-b5b69000 rw-p 00005000 08:01 18224418   /usr/lib/i386-linux-gnu/libasyncns.so.0.3.1
b5b69000-b5b6a000 rw-p 00000000 00:00 0 
b5b6a000-b5bd5000 r-xp 00000000 08:01 18219697   /usr/lib/i386-linux-gnu/libsndfile.so.1.0.25
b5bd5000-b5bd6000 ---p 0006b000 08:01 18219697   /usr/lib/i386-linux-gnu/libsndfile.so.1.0.25
b5bd6000-b5bd7000 r--p 0006b000 08:01 18219697   /usr/lib/i386-linux-gnu/libsndfile.so.1.0.25
b5bd7000-b5bd8000 rw-p 0006c000 08:01 18219697   /usr/lib/i386-linux-gnu/libsndfile.so.1.0.25
b5bd8000-b5bdc000 rw-p 00000000 00:00 0 
b5bdc000-b5be4000 r-xp 00000000 08:01 20841625   /lib/i386-linux-gnu/libwrap.so.0.7.6
b5be4000-b5be5000 r--p 00007000 08:01 20841625   /lib/i386-linux-gnu/libwrap.so.0.7.6
b5be5000-b5be6000 rw-p 00008000 08:01 20841625   /lib/i386-linux-gnu/libwrap.so.0.7.6
b5be6000-b5c0c000 r-xp 00000000 08:01 20841983   /lib/i386-linux-gnu/libpng12.so.0.50.0
b5c0c000-b5c0d000 r--p 00025000 08:01 20841983   /lib/i386-linux-gnu/libpng12.so.0.50.0
b5c0d000-b5c0e000 rw-p 00026000 08:01 20841983   /lib/i386-linux-gnu/libpng12.so.0.50.0
b5c0e000-b5c13000 r-xp 00000000 08:01 18219065   /usr/lib/i386-linux-gnu/libffi.so.6.0.1
b5c13000-b5c14000 r--p 00005000 08:01 18219065   /usr/lib/i386-linux-gnu/libffi.so.6.0.1
b5c14000-b5c15000 rw-p 00006000 08:01 18219065   /usr/lib/i386-linux-gnu/libffi.so.6.0.1
b5c15000-b5c19000 r-xp 00000000 08:01 18219488   /usr/lib/i386-linux-gnu/libXfixes.so.3.1.0
b5c19000-b5c1a000 r--p 00003000 08:01 18219488   /usr/lib/i386-linux-gnu/libXfixes.so.3.1.0
b5c1a000-b5c1b000 rw-p 00004000 08:01 18219488   /usr/lib/i386-linux-gnu/libXfixes.so.3.1.0
b5c1b000-b5c1c000 rw-p 00000000 00:00 0 
b5c1c000-b5c25000 r-xp 00000000 08:01 18221390   /usr/lib/i386-linux-gnu/libXrender.so.1.3.0
b5c25000-b5c26000 r--p 00008000 08:01 18221390   /usr/lib/i386-linux-gnu/libXrender.so.1.3.0
b5c26000-b5c27000 rw-p 00009000 08:01 18221390   /usr/lib/i386-linux-gnu/libXrender.so.1.3.0
b5c27000-b5c47000 r-xp 00000000 08:01 18225394   /usr/lib/i386-linux-gnu/libxcb.so.1.1.0
b5c47000-b5c48000 r--p 0001f000 08:01 18225394   /usr/lib/i386-linux-gnu/libxcb.so.1.1.0
b5c48000-b5c49000 rw-p 00020000 08:01 18225394   /usr/lib/i386-linux-gnu/libxcb.so.1.1.0
b5c49000-b5c92000 r-xp 00000000 08:01 20841479   /lib/i386-linux-gnu/libdbus-1.so.3.7.6
b5c92000-b5c93000 r--p 00048000 08:01 20841479   /lib/i386-linux-gnu/libdbus-1.so.3.7.6
b5c93000-b5c94000 rw-p 00049000 08:01 20841479   /lib/i386-linux-gnu/libdbus-1.so.3.7.6
b5c94000-b5c9d000 r-xp 00000000 08:01 20841505   /lib/i386-linux-gnu/libjson-c.so.2.0.0
b5c9d000-b5c9e000 r--p 00008000 08:01 20841505   /lib/i386-linux-gnu/libjson-c.so.2.0.0
b5c9e000-b5c9f000 rw-p 00009000 08:01 20841505   /lib/i386-linux-gnu/libjson-c.so.2.0.0
b5c9f000-b5d0c000 r-xp 00000000 08:01 18226821   /usr/lib/i386-linux-gnu/pulseaudio/libpulsecommon-4.0.so
b5d0c000-b5d0d000 r--p 0006c000 08:01 18226821   /usr/lib/i386-linux-gnu/pulseaudio/libpulsecommon-4.0.so
b5d0d000-b5d0e000 rw-p 0006d000 08:01 18226821   /usr/lib/i386-linux-gnu/pulseaudio/libpulsecommon-4.0.so
b5d0e000-b5d0f000 rw-p 00000000 00:00 0 
b5d0f000-b5daa000 r-xp 00000000 08:01 18227707   /usr/lib/i386-linux-gnu/libfreetype.so.6.11.1
b5daa000-b5dae000 r--p 0009a000 08:01 18227707   /usr/lib/i386-linux-gnu/libfreetype.so.6.11.1
b5dae000-b5daf000 rw-p 0009e000 08:01 18227707   /usr/lib/i386-linux-gnu/libfreetype.so.6.11.1
b5daf000-b5db6000 r-xp 00000000 08:01 20854268   /lib/i386-linux-gnu/librt-2.19.so
b5db6000-b5db7000 r--p 00006000 08:01 20854268   /lib/i386-linux-gnu/librt-2.19.so
b5db7000-b5db8000 rw-p 00007000 08:01 20854268   /lib/i386-linux-gnu/librt-2.19.so
b5db8000-b5dd0000 r-xp 00000000 08:01 20854261   /lib/i386-linux-gnu/libpthread-2.19.so
b5dd0000-b5dd1000 r--p 00018000 08:01 20854261   /lib/i386-linux-gnu/libpthread-2.19.so
b5dd1000-b5dd2000 rw-p 00019000 08:01 20854261   /lib/i386-linux-gnu/libpthread-2.19.so
b5dd2000-b5dd4000 rw-p 00000000 00:00 0 
b5dd4000-b5e0e000 r-xp 00000000 08:01 18225398   /usr/lib/i386-linux-gnu/libxkbcommon.so.0.0.0
b5e0e000-b5e0f000 r--p 00039000 08:01 18225398   /usr/lib/i386-linux-gnu/libxkbcommon.so.0.0.0
b5e0f000-b5e10000 rw-p 0003a000 08:01 18225398   /usr/lib/i386-linux-gnu/libxkbcommon.so.0.0.0
b5e10000-b5e11000 rw-p 00000000 00:00 0 
b5e11000-b5e15000 r-xp 00000000 08:01 18225336   /usr/lib/i386-linux-gnu/libwayland-cursor.so.0.0.0
b5e15000-b5e16000 r--p 00003000 08:01 18225336   /usr/lib/i386-linux-gnu/libwayland-cursor.so.0.0.0
b5e16000-b5e1a000 rw-p 00004000 08:01 18225336   /usr/lib/i386-linux-gnu/libwayland-cursor.so.0.0.0
b5e1a000-b5e23000 r-xp 00000000 08:01 18225334   /usr/lib/i386-linux-gnu/libwayland-client.so.0.2.0
b5e23000-b5e24000 ---p 00009000 08:01 18225334   /usr/lib/i386-linux-gnu/libwayland-client.so.0.2.0
b5e24000-b5e25000 r--p 00009000 08:01 18225334   /usr/lib/i386-linux-gnu/libwayland-client.so.0.2.0
b5e25000-b5e26000 rw-p 0000a000 08:01 18225334   /usr/lib/i386-linux-gnu/libwayland-client.so.0.2.0
b5e26000-b5e27000 r-xp 00000000 08:01 18220505   /usr/lib/i386-linux-gnu/libwayland-egl.so.1.0.0
b5e27000-b5e28000 r--p 00000000 08:01 18220505   /usr/lib/i386-linux-gnu/libwayland-egl.so.1.0.0
b5e28000-b5e29000 rw-p 00001000 08:01 18220505   /usr/lib/i386-linux-gnu/libwayland-egl.so.1.0.0
b5e29000-b5e2d000 r-xp 00000000 08:01 18224379   /usr/lib/i386-linux-gnu/libXxf86vm.so.1.0.0
b5e2d000-b5e2e000 r--p 00004000 08:01 18224379   /usr/lib/i386-linux-gnu/libXxf86vm.so.1.0.0
b5e2e000-b5e2f000 rw-p 00005000 08:01 18224379   /usr/lib/i386-linux-gnu/libXxf86vm.so.1.0.0
b5e2f000-b5e31000 r-xp 00000000 08:01 18224365   /usr/lib/i386-linux-gnu/libXss.so.1.0.0
b5e31000-b5e32000 r--p 00001000 08:01 18224365   /usr/lib/i386-linux-gnu/libXss.so.1.0.0
b5e32000-b5e33000 rw-p 00002000 08:01 18224365   /usr/lib/i386-linux-gnu/libXss.so.1.0.0
b5e33000-b5e34000 rw-p 00000000 00:00 0 
b5e34000-b5e3d000 r-xp 00000000 08:01 18226177   /usr/lib/i386-linux-gnu/libXrandr.so.2.2.0
b5e3d000-b5e3e000 r--p 00008000 08:01 18226177   /usr/lib/i386-linux-gnu/libXrandr.so.2.2.0
b5e3e000-b5e3f000 rw-p 00009000 08:01 18226177   /usr/lib/i386-linux-gnu/libXrandr.so.2.2.0
b5e3f000-b5e4d000 r-xp 00000000 08:01 18221388   /usr/lib/i386-linux-gnu/libXi.so.6.1.0
b5e4d000-b5e4e000 r--p 0000e000 08:01 18221388   /usr/lib/i386-linux-gnu/libXi.so.6.1.0
b5e4e000-b5e4f000 rw-p 0000f000 08:01 18221388   /usr/lib/i386-linux-gnu/libXi.so.6.1.0
b5e4f000-b5e51000 r-xp 00000000 08:01 18224351   /usr/lib/i386-linux-gnu/libXinerama.so.1.0.0
b5e51000-b5e52000 r--p 00001000 08:01 18224351   /usr/lib/i386-linux-gnu/libXinerama.so.1.0.0
b5e52000-b5e53000 rw-p 00002000 08:01 18224351   /usr/lib/i386-linux-gnu/libXinerama.so.1.0.0
b5e53000-b5e5c000 r-xp 00000000 08:01 18224335   /usr/lib/i386-linux-gnu/libXcursor.so.1.0.2
b5e5c000-b5e5d000 r--p 00008000 08:01 18224335   /usr/lib/i386-linux-gnu/libXcursor.so.1.0.2
b5e5d000-b5e5e000 rw-p 00009000 08:01 18224335   /usr/lib/i386-linux-gnu/libXcursor.so.1.0.2
b5e5e000-b5e6f000 r-xp 00000000 08:01 18220240   /usr/lib/i386-linux-gnu/libXext.so.6.4.0
b5e6f000-b5e70000 r--p 00010000 08:01 18220240   /usr/lib/i386-linux-gnu/libXext.so.6.4.0
b5e70000-b5e71000 rw-p 00011000 08:01 18220240   /usr/lib/i386-linux-gnu/libXext.so.6.4.0
b5e71000-b5e72000 rw-p 00000000 00:00 0 
b5e72000-b5fa2000 r-xp 00000000 08:01 18224324   /usr/lib/i386-linux-gnu/libX11.so.6.3.0
b5fa2000-b5fa3000 r--p 00130000 08:01 18224324   /usr/lib/i386-linux-gnu/libX11.so.6.3.0
b5fa3000-b5fa5000 rw-p 00131000 08:01 18224324   /usr/lib/i386-linux-gnu/libX11.so.6.3.0
b5fa5000-b5fa6000 rw-p 00000000 00:00 0 
b5fa6000-b5ff3000 r-xp 00000000 08:01 18225116   /usr/lib/i386-linux-gnu/libpulse.so.0.16.2
b5ff3000-b5ff4000 r--p 0004c000 08:01 18225116   /usr/lib/i386-linux-gnu/libpulse.so.0.16.2
b5ff4000-b5ff5000 rw-p 0004d000 08:01 18225116   /usr/lib/i386-linux-gnu/libpulse.so.0.16.2
b5ff5000-b5ff8000 r-xp 00000000 08:01 18225114   /usr/lib/i386-linux-gnu/libpulse-simple.so.0.0.4
b5ff8000-b5ff9000 r--p 00002000 08:01 18225114   /usr/lib/i386-linux-gnu/libpulse-simple.so.0.0.4
b5ff9000-b5ffa000 rw-p 00003000 08:01 18225114   /usr/lib/i386-linux-gnu/libpulse-simple.so.0.0.4
b5ffa000-b60eb000 r-xp 00000000 08:01 18224410   /usr/lib/i386-linux-gnu/libasound.so.2.0.0
b60eb000-b60ef000 r--p 000f0000 08:01 18224410   /usr/lib/i386-linux-gnu/libasound.so.2.0.0
b60ef000-b60f0000 rw-p 000f4000 08:01 18224410   /usr/lib/i386-linux-gnu/libasound.so.2.0.0
b60f0000-b6114000 r-xp 00000000 08:01 20841512   /lib/i386-linux-gnu/liblzma.so.5.0.0
b6114000-b6115000 r--p 00023000 08:01 20841512   /lib/i386-linux-gnu/liblzma.so.5.0.0
b6115000-b6116000 rw-p 00024000 08:01 20841512   /lib/i386-linux-gnu/liblzma.so.5.0.0
b6116000-b6117000 rw-p 00000000 00:00 0 
b6117000-b612f000 r-xp 00000000 08:01 20841628   /lib/i386-linux-gnu/libz.so.1.2.8
b612f000-b6130000 r--p 00017000 08:01 20841628   /lib/i386-linux-gnu/libz.so.1.2.8
b6130000-b6131000 rw-p 00018000 08:01 20841628   /lib/i386-linux-gnu/libz.so.1.2.8
b6131000-b6134000 r-xp 00000000 08:01 20854256   /lib/i386-linux-gnu/libdl-2.19.so
b6134000-b6135000 r--p 00002000 08:01 20854256   /lib/i386-linux-gnu/libdl-2.19.so
b6135000-b6136000 rw-p 00003000 08:01 20854256   /lib/i386-linux-gnu/libdl-2.19.so
b6136000-b62de000 r-xp 00000000 08:01 20854269   /lib/i386-linux-gnu/libc-2.19.so
b62de000-b62df000 ---p 001a8000 08:01 20854269   /lib/i386-linux-gnu/libc-2.19.so
b62df000-b62e1000 r--p 001a8000 08:01 20854269   /lib/i386-linux-gnu/libc-2.19.so
b62e1000-b62e2000 rw-p 001aa000 08:01 20854269   /lib/i386-linux-gnu/libc-2.19.so
b62e2000-b62e5000 rw-p 00000000 00:00 0 
b62e5000-b6301000 r-xp 00000000 08:01 20841980   /lib/i386-linux-gnu/libgcc_s.so.1
b6301000-b6302000 rw-p 0001b000 08:01 20841980   /lib/i386-linux-gnu/libgcc_s.so.1
b6302000-b63de000 r-xp 00000000 08:01 18223271   /usr/lib/i386-linux-gnu/libstdc++.so.6.0.19
b63de000-b63e2000 r--p 000dc000 08:01 18223271   /usr/lib/i386-linux-gnu/libstdc++.so.6.0.19
b63e2000-b63e3000 rw-p 000e0000 08:01 18223271   /usr/lib/i386-linux-gnu/libstdc++.so.6.0.19
b63e3000-b63eb000 rw-p 00000000 00:00 0 
b63eb000-b642f000 r-xp 00000000 08:01 20854254   /lib/i386-linux-gnu/libm-2.19.so
b642f000-b6430000 r--p 00043000 08:01 20854254   /lib/i386-linux-gnu/libm-2.19.so
b6430000-b6431000 rw-p 00044000 08:01 20854254   /lib/i386-linux-gnu/libm-2.19.so
b6431000-b6e2e000 r-xp 00000000 08:01 18483215   /usr/lib/jvm/java-7-openjdk-i386/jre/lib/i386/server/libjvm.so
b6e2e000-b6e2f000 ---p 009fd000 08:01 18483215   /usr/lib/jvm/java-7-openjdk-i386/jre/lib/i386/server/libjvm.so
b6e2f000-b6e81000 r--p 009fd000 08:01 18483215   /usr/lib/jvm/java-7-openjdk-i386/jre/lib/i386/server/libjvm.so
b6e81000-b6e95000 rw-p 00a4f000 08:01 18483215   /usr/lib/jvm/java-7-openjdk-i386/jre/lib/i386/server/libjvm.so
b6e95000-b72b2000 rw-p 00000000 00:00 0 
b72b2000-b72b8000 r-xp 00000000 08:01 18240492   /usr/lib/i386-linux-gnu/libSDL2_ttf-2.0.so.0.10.2
b72b8000-b72b9000 r--p 00005000 08:01 18240492   /usr/lib/i386-linux-gnu/libSDL2_ttf-2.0.so.0.10.2
b72b9000-b72ba000 rw-p 00006000 08:01 18240492   /usr/lib/i386-linux-gnu/libSDL2_ttf-2.0.so.0.10.2
b72ba000-b73c6000 r-xp 00000000 08:01 18240490   /usr/lib/i386-linux-gnu/libSDL2-2.0.so.0.2.0
b73c6000-b73c9000 r--p 0010b000 08:01 18240490   /usr/lib/i386-linux-gnu/libSDL2-2.0.so.0.2.0
b73c9000-b73cc000 rw-p 0010e000 08:01 18240490   /usr/lib/i386-linux-gnu/libSDL2-2.0.so.0.2.0
b73cc000-b73ce000 rw-p 00000000 00:00 0 
b73ce000-b7409000 r-xp 00000000 08:01 18219216   /usr/lib/libgslcblas.so.0.0.0
b7409000-b740a000 r--p 0003a000 08:01 18219216   /usr/lib/libgslcblas.so.0.0.0
b740a000-b740b000 rw-p 0003b000 08:01 18219216   /usr/lib/libgslcblas.so.0.0.0
b740b000-b740c000 rw-p 00000000 00:00 0 
b740c000-b7634000 r-xp 00000000 08:01 18220133   /usr/lib/libgsl.so.0.17.0
b7634000-b7635000 ---p 00228000 08:01 18220133   /usr/lib/libgsl.so.0.17.0
b7635000-b7637000 r--p 00228000 08:01 18220133   /usr/lib/libgsl.so.0.17.0
b7637000-b7645000 rw-p 0022a000 08:01 18220133   /usr/lib/libgsl.so.0.17.0
b7645000-b7799000 r-xp 00000000 08:01 18219236   /usr/lib/i386-linux-gnu/libxml2.so.2.9.1
b7799000-b779d000 r--p 00154000 08:01 18219236   /usr/lib/i386-linux-gnu/libxml2.so.2.9.1
b779d000-b779e000 rw-p 00158000 08:01 18219236   /usr/lib/i386-linux-gnu/libxml2.so.2.9.1
b779e000-b779f000 rw-p 00000000 00:00 0 
b779f000-b77a1000 r--s 00006000 08:01 18616755   /usr/share/java/java-atk-wrapper.jar
b77a1000-b77a2000 r--p 00859000 08:01 18227311   /usr/lib/locale/locale-archive
b77a2000-b77a9000 r-xp 00000000 08:01 20854259   /lib/i386-linux-gnu/libnss_compat-2.19.so
b77a9000-b77aa000 r--p 00006000 08:01 20854259   /lib/i386-linux-gnu/libnss_compat-2.19.so
b77aa000-b77ab000 rw-p 00007000 08:01 20854259   /lib/i386-linux-gnu/libnss_compat-2.19.so
b77ab000-b77ac000 rw-p 00000000 00:00 0 
b77ac000-b77ad000 r--p 00000000 00:00 0 
b77ad000-b77bb000 r-xp 00000000 08:01 18483209   /usr/lib/jvm/java-7-openjdk-i386/jre/lib/i386/libverify.so
b77bb000-b77bc000 r--p 0000d000 08:01 18483209   /usr/lib/jvm/java-7-openjdk-i386/jre/lib/i386/libverify.so
b77bc000-b77bd000 rw-p 0000e000 08:01 18483209   /usr/lib/jvm/java-7-openjdk-i386/jre/lib/i386/libverify.so
b77bd000-b77c0000 rw-p 00000000 00:00 0 
b77c0000-b77c1000 r-xp 00000000 00:00 0          [vdso]
b77c1000-b77c3000 r--p 00000000 00:00 0          [vvar]
b77c3000-b77e3000 r-xp 00000000 08:01 20854262   /lib/i386-linux-gnu/ld-2.19.so
b77e3000-b77e4000 r--p 0001f000 08:01 20854262   /lib/i386-linux-gnu/ld-2.19.so
b77e4000-b77e5000 rw-p 00020000 08:01 20854262   /lib/i386-linux-gnu/ld-2.19.so
bfdf5000-bfdf6000 rwxp 00000000 00:00 0 
bfdf9000-bfdfc000 ---p 00000000 00:00 0 
bfdfd000-bfe49000 rw-p 00000000 00:00 0          [stack]

VM Arguments:
jvm_args: -Djava.library.path=/usr/lib/jni 
java_command: <unknown>
Launcher Type: generic

Environment Variables:
PATH=/home/gregoire/Applications/anaconda3/bin:/usr/local/sbin:/usr/local/bin:/usr/sbin:/usr/bin:/sbin:/bin:/usr/games:/usr/local/games
SHELL=/bin/bash
DISPLAY=:0.0

Signal Handlers:
SIGSEGV: [libjvm.so+0x8191e0], sa_mask[0]=0x7ffbfeff, sa_flags=0x10000004
SIGBUS: [libjvm.so+0x8191e0], sa_mask[0]=0x7ffbfeff, sa_flags=0x10000004
SIGFPE: [libjvm.so+0x68ddb0], sa_mask[0]=0x7ffbfeff, sa_flags=0x10000004
SIGPIPE: [libjvm.so+0x68ddb0], sa_mask[0]=0x7ffbfeff, sa_flags=0x10000004
SIGXFSZ: [libjvm.so+0x68ddb0], sa_mask[0]=0x7ffbfeff, sa_flags=0x10000004
SIGILL: [libjvm.so+0x68ddb0], sa_mask[0]=0x7ffbfeff, sa_flags=0x10000004
SIGUSR1: SIG_DFL, sa_mask[0]=0x00000000, sa_flags=0x00000000
SIGUSR2: [libjvm.so+0x68df10], sa_mask[0]=0x00000000, sa_flags=0x10000004
SIGHUP: [libjvm.so+0x68de70], sa_mask[0]=0x7ffbfeff, sa_flags=0x10000004
SIGINT: [libjvm.so+0x68de70], sa_mask[0]=0x7ffbfeff, sa_flags=0x10000004
SIGTERM: [libjvm.so+0x68de70], sa_mask[0]=0x7ffbfeff, sa_flags=0x10000004
SIGQUIT: [libjvm.so+0x68de70], sa_mask[0]=0x7ffbfeff, sa_flags=0x10000004
SIGTRAP: SIG_DFL, sa_mask[0]=0x00000000, sa_flags=0x00000000


---------------  S Y S T E M  ---------------

OS:Ubuntu 14.04 (trusty)
uname:Linux 3.16.0-59-generic #79~14.04.1-Ubuntu SMP Mon Jan 18 15:39:06 UTC 2016 i686
libc:glibc 2.19 NPTL 2.19 
rlimit: STACK 8192k, CORE 0k, NPROC 31352, NOFILE 4096, AS infinity
load average:0.37 0.41 0.41

/proc/meminfo:
MemTotal:        4032724 kB
MemFree:          858016 kB
MemAvailable:    2626692 kB
Buffers:          458052 kB
Cached:          1492368 kB
SwapCached:          624 kB
Active:          1990872 kB
Inactive:         925264 kB
Active(anon):     941508 kB
Inactive(anon):   119964 kB
Active(file):    1049364 kB
Inactive(file):   805300 kB
Unevictable:           0 kB
Mlocked:               0 kB
HighTotal:       3170056 kB
HighFree:         760144 kB
LowTotal:         862668 kB
LowFree:           97872 kB
SwapTotal:       4075516 kB
SwapFree:        4074824 kB
Dirty:              1208 kB
Writeback:             0 kB
AnonPages:        965232 kB
Mapped:           306164 kB
Shmem:             95756 kB
Slab:             214088 kB
SReclaimable:     194608 kB
SUnreclaim:        19480 kB
KernelStack:        3320 kB
PageTables:         9276 kB
NFS_Unstable:          0 kB
Bounce:                0 kB
WritebackTmp:          0 kB
CommitLimit:     6091876 kB
Committed_AS:    3787628 kB
VmallocTotal:     122880 kB
VmallocUsed:       19388 kB
VmallocChunk:      81416 kB
AnonHugePages:    393216 kB
HugePages_Total:       0
HugePages_Free:        0
HugePages_Rsvd:        0
HugePages_Surp:        0
Hugepagesize:       2048 kB
DirectMap4k:       17400 kB
DirectMap2M:      890880 kB


CPU:total 2 (2 cores per cpu, 1 threads per core) family 6 model 55 stepping 8, cmov, cx8, fxsr, mmx, sse, sse2, sse3, ssse3, sse4.1, sse4.2, popcnt, erms, tsc, tscinvbit

/proc/cpuinfo:
processor	: 0
vendor_id	: GenuineIntel
cpu family	: 6
model		: 55
model name	: Intel(R) Celeron(R) CPU  N2840  @ 2.16GHz
stepping	: 8
microcode	: 0x809
cpu MHz		: 2582.293
cache size	: 1024 KB
physical id	: 0
siblings	: 2
core id		: 0
cpu cores	: 2
apicid		: 0
initial apicid	: 0
fdiv_bug	: no
f00f_bug	: no
coma_bug	: no
fpu		: yes
fpu_exception	: yes
cpuid level	: 11
wp		: yes
flags		: fpu vme de pse tsc msr pae mce cx8 apic sep mtrr pge mca cmov pat pse36 clflush dts acpi mmx fxsr sse sse2 ss ht tm pbe nx rdtscp lm constant_tsc arch_perfmon pebs bts xtopology nonstop_tsc aperfmperf pni pclmulqdq dtes64 monitor ds_cpl vmx est tm2 ssse3 cx16 xtpr pdcm sse4_1 sse4_2 movbe popcnt tsc_deadline_timer rdrand lahf_lm 3dnowprefetch ida arat epb dtherm tpr_shadow vnmi flexpriority ept vpid tsc_adjust smep erms
bogomips	: 4326.40
clflush size	: 64
cache_alignment	: 64
address sizes	: 36 bits physical, 48 bits virtual
power management:

processor	: 1
vendor_id	: GenuineIntel
cpu family	: 6
model		: 55
model name	: Intel(R) Celeron(R) CPU  N2840  @ 2.16GHz
stepping	: 8
microcode	: 0x809
cpu MHz		: 2582.293
cache size	: 1024 KB
physical id	: 0
siblings	: 2
core id		: 1
cpu cores	: 2
apicid		: 2
initial apicid	: 2
fdiv_bug	: no
f00f_bug	: no
coma_bug	: no
fpu		: yes
fpu_exception	: yes
cpuid level	: 11
wp		: yes
flags		: fpu vme de pse tsc msr pae mce cx8 apic sep mtrr pge mca cmov pat pse36 clflush dts acpi mmx fxsr sse sse2 ss ht tm pbe nx rdtscp lm constant_tsc arch_perfmon pebs bts xtopology nonstop_tsc aperfmperf pni pclmulqdq dtes64 monitor ds_cpl vmx est tm2 ssse3 cx16 xtpr pdcm sse4_1 sse4_2 movbe popcnt tsc_deadline_timer rdrand lahf_lm 3dnowprefetch ida arat epb dtherm tpr_shadow vnmi flexpriority ept vpid tsc_adjust smep erms
bogomips	: 4326.40
clflush size	: 64
cache_alignment	: 64
address sizes	: 36 bits physical, 48 bits virtual
power management:



Memory: 4k page, physical 4032724k(857892k free), swap 4075516k(4074824k free)

vm_info: OpenJDK Server VM (24.111-b01) for linux-x86 JRE (1.7.0_111-b01), built on Aug 12 2016 05:32:15 by "buildd" with gcc 4.8.4

time: Wed Nov 16 17:45:20 2016
elapsed time: 5 seconds

