#
# A fatal error has been detected by the Java Runtime Environment:
#
#  SIGSEGV (0xb) at pc=0xb6125e06, pid=19891, tid=3045824256
#
# JRE version: OpenJDK Runtime Environment (7.0_111-b01) (build 1.7.0_111-b01)
# Java VM: OpenJDK Server VM (24.111-b01 mixed mode linux-x86 )
# Derivative: IcedTea 2.6.7
# Distribution: Ubuntu 14.04 LTS, package 7u111-2.6.7-0ubuntu0.14.04.3
# Problematic frame:
# C  [libc.so.6+0x76e06]  cfree+0x26
#
# Failed to write core dump. Core dumps have been disabled. To enable core dumping, try "ulimit -c unlimited" before starting Java again
#
# If you would like to submit a bug report, please include
# instructions on how to reproduce the bug and visit:
#   http://icedtea.classpath.org/bugzilla
# The crash happened outside the Java Virtual Machine in native code.
# See problematic frame for where to report the bug.
#

---------------  T H R E A D  ---------------

Current thread (0x09090000):  JavaThread "main" [_thread_in_native, id=19891, stack(0xbfdba000,0xbfe0a000)]

siginfo:si_signo=SIGSEGV: si_errno=0, si_code=1 (SEGV_MAPERR), si_addr=0x3feffffc

Registers:
EAX=0x00000000, EBX=0xb625a000, ECX=0x3ff00000, EDX=0x3feffff8
ESP=0xbfe08a80, EBP=0xbfe08b28, ESI=0x098f3830, EDI=0x098f36a8
EIP=0xb6125e06, EFLAGS=0x00010206, CR2=0x3feffffc

Top of Stack: (sp=0xbfe08a80)
0xbfe08a80:   b625aac0 b625ad80 b58b9700 b61a9420
0xbfe08a90:   b625aac0 b6125de6 b635b000 b62c382f
0xbfe08aa0:   3ff00000 00000000 b61a93a9 098f37b0
0xbfe08ab0:   098f3830 098f36a8 098f37b0 0809147a
0xbfe08ac0:   3ff00000 080a4e9f 00000001 00000004
0xbfe08ad0:   3ff00000 00000000 3ff00000 00000000
0xbfe08ae0:   098f37f0 098f3830 098f3810 098f37d0
0xbfe08af0:   098f37b0 098f3790 098f36a8 098e6048 

Instructions: (pc=0xb6125e06)
0xb6125de6:   81 c3 1a 42 13 00 83 ec 18 8b 4c 24 20 8b 83 60
0xb6125df6:   ff ff ff 8b 00 85 c0 75 6f 85 c9 74 7d 8d 51 f8
0xb6125e06:   8b 49 fc f6 c1 02 75 2a 83 e1 04 8d 83 20 04 00
0xb6125e16:   00 74 09 89 d0 25 00 00 f0 ff 8b 00 c7 44 24 20 

Register to memory mapping:

EAX=0x00000000 is an unknown value
EBX=0xb625a000: <offset 0x1ab000> in /lib/i386-linux-gnu/libc.so.6 at 0xb60af000
ECX=0x3ff00000 is an unknown value
EDX=0x3feffff8 is an unknown value
ESP=0xbfe08a80 is pointing into the stack for thread: 0x09090000
EBP=0xbfe08b28 is pointing into the stack for thread: 0x09090000
ESI=0x098f3830 is an unknown value
EDI=0x098f36a8 is an unknown value


Stack: [0xbfdba000,0xbfe0a000],  sp=0xbfe08a80,  free space=314k
Native frames: (J=compiled Java code, j=interpreted, Vv=VM code, C=native code)
C  [libc.so.6+0x76e06]  cfree+0x26


---------------  P R O C E S S  ---------------

Java Threads: ( => current thread )
  0x09752000 JavaThread "AWT-EventQueue-0" [_thread_blocked, id=19914, stack(0x65546000,0x65597000)]
  0x0972d000 JavaThread "AWT-Shutdown" [_thread_blocked, id=19913, stack(0x653af000,0x65400000)]
  0x095c1800 JavaThread "Image Fetcher 0" daemon [_thread_blocked, id=19912, stack(0x6535e000,0x653af000)]
  0x095a6000 JavaThread "Timer-0" daemon [_thread_blocked, id=19909, stack(0x65597000,0x655e8000)]
  0x09563400 JavaThread "J3D-Renderer-1" [_thread_blocked, id=19908, stack(0x65cd7000,0x65d28000)]
  0x0956d000 JavaThread "J3D-MasterControl-1" [_thread_in_vm, id=19907, stack(0x65d28000,0x65d79000)]
  0x09551000 JavaThread "J3D-NotificationThread" [_thread_blocked, id=19906, stack(0x65d79000,0x65dca000)]
  0x09560800 JavaThread "J3D-TimerThread" [_thread_blocked, id=19905, stack(0x65dca000,0x65e1b000)]
  0x09566c00 JavaThread "J3D-RenderingAttributesStructureUpdateThread" [_thread_blocked, id=19904, stack(0x65e1b000,0x65e6c000)]
  0x092ba400 JavaThread "AWT-XAWT" daemon [_thread_in_native, id=19903, stack(0x660c0000,0x66111000)]
  0x092a9800 JavaThread "Java2D Disposer" daemon [_thread_blocked, id=19902, stack(0x66111000,0x66162000)]
  0x091b6400 JavaThread "Service Thread" daemon [_thread_blocked, id=19900, stack(0x666ad000,0x666fe000)]
  0x091b4800 JavaThread "C2 CompilerThread1" daemon [_thread_blocked, id=19899, stack(0x666fe000,0x6677f000)]
  0x091b2800 JavaThread "C2 CompilerThread0" daemon [_thread_blocked, id=19898, stack(0x6677f000,0x66800000)]
  0x091b1000 JavaThread "Signal Dispatcher" daemon [_thread_blocked, id=19897, stack(0x66b00000,0x66b51000)]
  0x0919bc00 JavaThread "Finalizer" daemon [_thread_blocked, id=19896, stack(0x66b51000,0x66ba2000)]
  0x0919a000 JavaThread "Reference Handler" daemon [_thread_blocked, id=19895, stack(0x6960b000,0x6965c000)]
=>0x09090000 JavaThread "main" [_thread_in_native, id=19891, stack(0xbfdba000,0xbfe0a000)]

Other Threads:
  0x09197800 VMThread [stack: 0x66ba2000,0x66c23000] [id=19894]
  0x091b8800 WatcherThread [stack: 0x6662c000,0x666ad000] [id=19901]

VM state:not at safepoint (normal execution)

VM Mutex/Monitor currently owned by a thread:  ([mutex/lock_event])
[0x09089200] Threads_lock - owner thread: 0x0956d000

Heap
 PSYoungGen      total 74240K, used 70224K [0x9ae00000, 0xa0200000, 0xaf6c0000)
  eden space 63488K, 99% used [0x9ae00000,0x9eb61f20,0x9ec00000)
  from space 10752K, 68% used [0x9f780000,0x9feb22e0,0xa0200000)
  to   space 11264K, 0% used [0x9ec00000,0x9ec00000,0x9f700000)
 ParOldGen       total 41984K, used 19758K [0x71cc0000, 0x745c0000, 0x9ae00000)
  object space 41984K, 47% used [0x71cc0000,0x7300ba48,0x745c0000)
 PSPermGen       total 16384K, used 13923K [0x69cc0000, 0x6acc0000, 0x71cc0000)
  object space 16384K, 84% used [0x69cc0000,0x6aa58f98,0x6acc0000)

Card table byte_map: [0x69a92000,0x69cc0000] byte_map_base: 0x69743a00

Polling page: 0xb7725000

Code Cache  [0xaf7ba000, 0xaf9fa000, 0xb27ba000)
 total_blobs=587 nmethods=251 adapters=290 free_code_cache=48249Kb largest_free_block=49369408

Compilation events (10 events):
Event: 4.506 Thread 0x091b2800 nmethod 265 0xaf844208 code [0xaf8442e0, 0xaf844330]
Event: 4.507 Thread 0x091b2800  266             javax.vecmath.Point3d::<init> (9 bytes)
Event: 4.508 Thread 0x091b2800 nmethod 266 0xaf844048 code [0xaf844120, 0xaf844170]
Event: 4.514 Thread 0x091b2800  267             javax.media.j3d.SceneGraphObject::getCapability (19 bytes)
Event: 4.515 Thread 0x091b2800 nmethod 267 0xaf895a48 code [0xaf895b20, 0xaf895b90]
Event: 4.543 Thread 0x091b4800 nmethod 253% 0xaf89bd08 code [0xaf89c2c0, 0xaf89f488]
Event: 4.573 Thread 0x091b2800  268             java.lang.StringBuilder::<init> (7 bytes)
Event: 4.574 Thread 0x091b2800 nmethod 268 0xaf883088 code [0xaf883180, 0xaf883250]
Event: 4.593 Thread 0x091b2800  269             sun.java2d.loops.GraphicsPrimitive::getUniqueID (5 bytes)
Event: 4.593 Thread 0x091b2800 nmethod 269 0xaf882f08 code [0xaf882fe0, 0xaf883030]

GC Heap History (10 events):
Event: 2.455 GC heap before
{Heap before GC invocations=2 (full 0):
 PSYoungGen      total 18432K, used 18418K [0x9ae00000, 0x9c280000, 0xaf6c0000)
  eden space 15872K, 100% used [0x9ae00000,0x9bd80000,0x9bd80000)
  from space 2560K, 99% used [0x9bd80000,0x9bffc850,0x9c000000)
  to   space 2560K, 0% used [0x9c000000,0x9c000000,0x9c280000)
 ParOldGen       total 41984K, used 585K [0x71cc0000, 0x745c0000, 0x9ae00000)
  object space 41984K, 1% used [0x71cc0000,0x71d524c8,0x745c0000)
 PSPermGen       total 16384K, used 12158K [0x69cc0000, 0x6acc0000, 0x71cc0000)
  object space 16384K, 74% used [0x69cc0000,0x6a89f808,0x6acc0000)
Event: 2.469 GC heap after
Heap after GC invocations=2 (full 0):
 PSYoungGen      total 18432K, used 2544K [0x9ae00000, 0x9d200000, 0xaf6c0000)
  eden space 15872K, 0% used [0x9ae00000,0x9ae00000,0x9bd80000)
  from space 2560K, 99% used [0x9c000000,0x9c27c080,0x9c280000)
  to   space 2560K, 0% used [0x9bd80000,0x9bd80000,0x9c000000)
 ParOldGen       total 41984K, used 2733K [0x71cc0000, 0x745c0000, 0x9ae00000)
  object space 41984K, 6% used [0x71cc0000,0x71f6b540,0x745c0000)
 PSPermGen       total 16384K, used 12158K [0x69cc0000, 0x6acc0000, 0x71cc0000)
  object space 16384K, 74% used [0x69cc0000,0x6a89f808,0x6acc0000)
}
Event: 2.614 GC heap before
{Heap before GC invocations=3 (full 0):
 PSYoungGen      total 18432K, used 18416K [0x9ae00000, 0x9d200000, 0xaf6c0000)
  eden space 15872K, 100% used [0x9ae00000,0x9bd80000,0x9bd80000)
  from space 2560K, 99% used [0x9c000000,0x9c27c080,0x9c280000)
  to   space 2560K, 0% used [0x9bd80000,0x9bd80000,0x9c000000)
 ParOldGen       total 41984K, used 2733K [0x71cc0000, 0x745c0000, 0x9ae00000)
  object space 41984K, 6% used [0x71cc0000,0x71f6b540,0x745c0000)
 PSPermGen       total 16384K, used 12172K [0x69cc0000, 0x6acc0000, 0x71cc0000)
  object space 16384K, 74% used [0x69cc0000,0x6a8a3040,0x6acc0000)
Event: 2.637 GC heap after
Heap after GC invocations=3 (full 0):
 PSYoungGen      total 18432K, used 2544K [0x9ae00000, 0x9d200000, 0xaf6c0000)
  eden space 15872K, 0% used [0x9ae00000,0x9ae00000,0x9bd80000)
  from space 2560K, 99% used [0x9bd80000,0x9bffc048,0x9c000000)
  to   space 2560K, 0% used [0x9cf80000,0x9cf80000,0x9d200000)
 ParOldGen       total 41984K, used 7404K [0x71cc0000, 0x745c0000, 0x9ae00000)
  object space 41984K, 17% used [0x71cc0000,0x723fb320,0x745c0000)
 PSPermGen       total 16384K, used 12172K [0x69cc0000, 0x6acc0000, 0x71cc0000)
  object space 16384K, 74% used [0x69cc0000,0x6a8a3040,0x6acc0000)
}
Event: 2.768 GC heap before
{Heap before GC invocations=4 (full 0):
 PSYoungGen      total 18432K, used 18416K [0x9ae00000, 0x9d200000, 0xaf6c0000)
  eden space 15872K, 100% used [0x9ae00000,0x9bd80000,0x9bd80000)
  from space 2560K, 99% used [0x9bd80000,0x9bffc048,0x9c000000)
  to   space 2560K, 0% used [0x9cf80000,0x9cf80000,0x9d200000)
 ParOldGen       total 41984K, used 7404K [0x71cc0000, 0x745c0000, 0x9ae00000)
  object space 41984K, 17% used [0x71cc0000,0x723fb320,0x745c0000)
 PSPermGen       total 16384K, used 12172K [0x69cc0000, 0x6acc0000, 0x71cc0000)
  object space 16384K, 74% used [0x69cc0000,0x6a8a3330,0x6acc0000)
Event: 2.791 GC heap after
Heap after GC invocations=4 (full 0):
 PSYoungGen      total 34304K, used 2555K [0x9ae00000, 0x9d200000, 0xaf6c0000)
  eden space 31744K, 0% used [0x9ae00000,0x9ae00000,0x9cd00000)
  from space 2560K, 99% used [0x9cf80000,0x9d1fec38,0x9d200000)
  to   space 2560K, 0% used [0x9cd00000,0x9cd00000,0x9cf80000)
 ParOldGen       total 41984K, used 11810K [0x71cc0000, 0x745c0000, 0x9ae00000)
  object space 41984K, 28% used [0x71cc0000,0x72848970,0x745c0000)
 PSPermGen       total 16384K, used 12172K [0x69cc0000, 0x6acc0000, 0x71cc0000)
  object space 16384K, 74% used [0x69cc0000,0x6a8a3330,0x6acc0000)
}
Event: 3.175 GC heap before
{Heap before GC invocations=5 (full 0):
 PSYoungGen      total 34304K, used 34299K [0x9ae00000, 0x9d200000, 0xaf6c0000)
  eden space 31744K, 100% used [0x9ae00000,0x9cd00000,0x9cd00000)
  from space 2560K, 99% used [0x9cf80000,0x9d1fec38,0x9d200000)
  to   space 2560K, 0% used [0x9cd00000,0x9cd00000,0x9cf80000)
 ParOldGen       total 41984K, used 11810K [0x71cc0000, 0x745c0000, 0x9ae00000)
  object space 41984K, 28% used [0x71cc0000,0x72848970,0x745c0000)
 PSPermGen       total 16384K, used 12852K [0x69cc0000, 0x6acc0000, 0x71cc0000)
  object space 16384K, 78% used [0x69cc0000,0x6a94d168,0x6acc0000)
Event: 3.215 GC heap after
Heap after GC invocations=5 (full 0):
 PSYoungGen      total 34304K, used 2553K [0x9ae00000, 0xa0300000, 0xaf6c0000)
  eden space 31744K, 0% used [0x9ae00000,0x9ae00000,0x9cd00000)
  from space 2560K, 99% used [0x9cd00000,0x9cf7e7a0,0x9cf80000)
  to   space 11776K, 0% used [0x9f780000,0x9f780000,0xa0300000)
 ParOldGen       total 41984K, used 19758K [0x71cc0000, 0x745c0000, 0x9ae00000)
  object space 41984K, 47% used [0x71cc0000,0x7300ba48,0x745c0000)
 PSPermGen       total 16384K, used 12852K [0x69cc0000, 0x6acc0000, 0x71cc0000)
  object space 16384K, 78% used [0x69cc0000,0x6a94d168,0x6acc0000)
}
Event: 3.651 GC heap before
{Heap before GC invocations=6 (full 0):
 PSYoungGen      total 34304K, used 34297K [0x9ae00000, 0xa0300000, 0xaf6c0000)
  eden space 31744K, 100% used [0x9ae00000,0x9cd00000,0x9cd00000)
  from space 2560K, 99% used [0x9cd00000,0x9cf7e7a0,0x9cf80000)
  to   space 11776K, 0% used [0x9f780000,0x9f780000,0xa0300000)
 ParOldGen       total 41984K, used 19758K [0x71cc0000, 0x745c0000, 0x9ae00000)
  object space 41984K, 47% used [0x71cc0000,0x7300ba48,0x745c0000)
 PSPermGen       total 16384K, used 12895K [0x69cc0000, 0x6acc0000, 0x71cc0000)
  object space 16384K, 78% used [0x69cc0000,0x6a957d98,0x6acc0000)
Event: 3.674 GC heap after
Heap after GC invocations=6 (full 0):
 PSYoungGen      total 74240K, used 7368K [0x9ae00000, 0xa0200000, 0xaf6c0000)
  eden space 63488K, 0% used [0x9ae00000,0x9ae00000,0x9ec00000)
  from space 10752K, 68% used [0x9f780000,0x9feb22e0,0xa0200000)
  to   space 11264K, 0% used [0x9ec00000,0x9ec00000,0x9f700000)
 ParOldGen       total 41984K, used 19758K [0x71cc0000, 0x745c0000, 0x9ae00000)
  object space 41984K, 47% used [0x71cc0000,0x7300ba48,0x745c0000)
 PSPermGen       total 16384K, used 12895K [0x69cc0000, 0x6acc0000, 0x71cc0000)
  object space 16384K, 78% used [0x69cc0000,0x6a957d98,0x6acc0000)
}

Deoptimization events (10 events):
Event: 3.288 Thread 0x09090000 Uncommon trap: reason=unstable_if action=reinterpret pc=0xaf8649f0 method=com.sun.j3d.utils.geometry.EdgeTable.<init>([I)V @ 68
Event: 3.294 Thread 0x09090000 Uncommon trap: reason=unstable_if action=reinterpret pc=0xaf879068 method=sun.misc.FloatingDecimal.readJavaFormatString(Ljava/lang/String;)Lsun/misc/FloatingDecimal; @ 509
Event: 3.335 Thread 0x09090000 Uncommon trap: reason=unstable_if action=reinterpret pc=0xaf856d54 method=com.sun.j3d.utils.geometry.EdgeTable.<init>([I)V @ 68
Event: 3.337 Thread 0x09090000 Uncommon trap: reason=unstable_if action=reinterpret pc=0xaf86cc0c method=com.sun.j3d.utils.geometry.NormalGenerator.createHardEdges()I @ 352
Event: 4.391 Thread 0x09090000 Uncommon trap: reason=unstable_if action=reinterpret pc=0xaf87ac20 method=java.util.Properties.load0(Ljava/util/Properties$LineReader;)V @ 12
Event: 4.411 Thread 0x09090000 Uncommon trap: reason=unstable_if action=reinterpret pc=0xaf881488 method=java.util.ArrayList.indexOf(Ljava/lang/Object;)I @ 41
Event: 4.583 Thread 0x09090000 Uncommon trap: reason=bimorphic action=maybe_recompile pc=0xaf872064 method=java.util.HashMap.put(Ljava/lang/Object;Ljava/lang/Object;)Ljava/lang/Object; @ 83
Event: 4.599 Thread 0x09090000 Uncommon trap: reason=bimorphic action=maybe_recompile pc=0xaf872064 method=java.util.HashMap.put(Ljava/lang/Object;Ljava/lang/Object;)Ljava/lang/Object; @ 83
Event: 4.602 Thread 0x09090000 Uncommon trap: reason=bimorphic action=maybe_recompile pc=0xaf872064 method=java.util.HashMap.put(Ljava/lang/Object;Ljava/lang/Object;)Ljava/lang/Object; @ 83
Event: 4.655 Thread 0x09752000 Uncommon trap: reason=unstable_if action=reinterpret pc=0xaf87c69c method=java.lang.Class.getName()Ljava/lang/String; @ 6

Internal exceptions (10 events):
Event: 2.186 Thread 0x09090000 Implicit null exception at 0xaf841bdd to 0xaf841c35
Event: 2.909 Thread 0x09090000 Implicit null exception at 0xaf84298d to 0xaf842f75
Event: 3.048 Thread 0x09090000 Implicit null exception at 0xaf849fcf to 0xaf84a681
Event: 3.049 Thread 0x09090000 Implicit null exception at 0xaf849fcf to 0xaf84a681
Event: 3.052 Thread 0x09090000 Implicit null exception at 0xaf849fcf to 0xaf84a681
Event: 3.284 Thread 0x09090000 Implicit null exception at 0xaf87d293 to 0xaf87d4d1
Event: 4.315 Thread 0x09090000 Threw 0x9e520b68 at /build/openjdk-7-Ylwexc/openjdk-7-7u111-2.6.7/build/openjdk/hotspot/src/share/vm/prims/jvm.cpp:1322
Event: 4.393 Thread 0x09090000 Threw 0x9e6eb5f0 at /build/openjdk-7-Ylwexc/openjdk-7-7u111-2.6.7/build/openjdk/hotspot/src/share/vm/prims/jvm.cpp:1322
Event: 4.393 Thread 0x09090000 Threw 0x9e6ee7c0 at /build/openjdk-7-Ylwexc/openjdk-7-7u111-2.6.7/build/openjdk/hotspot/src/share/vm/prims/jvm.cpp:1322
Event: 4.655 Thread 0x09752000 Implicit null exception at 0xaf87c271 to 0xaf87c685

Events (10 events):
Event: 5.213 loading class 0x6973c368
Event: 5.213 loading class 0x697ef218
Event: 5.214 loading class 0x09671da0
Event: 5.214 loading class 0x09671e50
Event: 5.214 loading class 0x09671e50 done
Event: 5.214 loading class 0x09671da0 done
Event: 5.214 loading class 0x697ef218 done
Event: 5.214 loading class 0x6973c368 done
Event: 5.242 loading class 0x09671d50
Event: 5.242 loading class 0x09671d50 done


Dynamic libraries:
08048000-080b5000 r-xp 00000000 08:01 5902081    /home/gregoire/Documents/MobileRobots/MobileRobotsProject/workR/build/exe_projectRobotran
080b5000-080b6000 r--p 0006c000 08:01 5902081    /home/gregoire/Documents/MobileRobots/MobileRobotsProject/workR/build/exe_projectRobotran
080b6000-080b7000 rw-p 0006d000 08:01 5902081    /home/gregoire/Documents/MobileRobots/MobileRobotsProject/workR/build/exe_projectRobotran
09081000-09a46000 rw-p 00000000 00:00 0          [heap]
65028000-65079000 rw-p 00000000 00:00 0          [stack:19915]
65079000-651c9000 rw-s 00000000 00:04 46858260   /SYSV00000000 (deleted)
651c9000-651fe000 r-xp 00000000 08:01 18225272   /usr/lib/i386-linux-gnu/libtxc_dxtn_s2tc.so.0.0.0
651fe000-651ff000 r--p 00034000 08:01 18225272   /usr/lib/i386-linux-gnu/libtxc_dxtn_s2tc.so.0.0.0
651ff000-65200000 rw-p 00035000 08:01 18225272   /usr/lib/i386-linux-gnu/libtxc_dxtn_s2tc.so.0.0.0
65200000-652fc000 rw-p 00000000 00:00 0 
652fc000-65300000 ---p 00000000 00:00 0 
6530b000-6535b000 r-xp 00000000 08:01 18484113   /usr/lib/jvm/java-7-openjdk-i386/jre/lib/i386/libfontmanager.so
6535b000-6535d000 r--p 0004f000 08:01 18484113   /usr/lib/jvm/java-7-openjdk-i386/jre/lib/i386/libfontmanager.so
6535d000-6535e000 rw-p 00051000 08:01 18484113   /usr/lib/jvm/java-7-openjdk-i386/jre/lib/i386/libfontmanager.so
6535e000-65361000 ---p 00000000 00:00 0 
65361000-653af000 rw-p 00000000 00:00 0          [stack:19912]
653af000-653b2000 ---p 00000000 00:00 0 
653b2000-65400000 rw-p 00000000 00:00 0          [stack:19913]
65400000-65431000 rw-p 00000000 00:00 0 
65431000-65500000 ---p 00000000 00:00 0 
65528000-6552c000 rw-p 00000000 00:00 0 
6552c000-65533000 r--s 00000000 08:01 18219920   /usr/lib/i386-linux-gnu/gconv/gconv-modules.cache
65533000-65544000 r-xp 00000000 08:01 18483846   /usr/lib/jvm/java-7-openjdk-i386/jre/lib/i386/libnio.so
65544000-65545000 r--p 00010000 08:01 18483846   /usr/lib/jvm/java-7-openjdk-i386/jre/lib/i386/libnio.so
65545000-65546000 rw-p 00011000 08:01 18483846   /usr/lib/jvm/java-7-openjdk-i386/jre/lib/i386/libnio.so
65546000-65549000 ---p 00000000 00:00 0 
65549000-65597000 rw-p 00000000 00:00 0          [stack:19914]
65597000-6559a000 ---p 00000000 00:00 0 
6559a000-655e8000 rw-p 00000000 00:00 0          [stack:19909]
655e8000-655f1000 r-xp 00000000 08:01 18225079   /usr/lib/i386-linux-gnu/libpciaccess.so.0.11.1
655f1000-655f2000 r--p 00008000 08:01 18225079   /usr/lib/i386-linux-gnu/libpciaccess.so.0.11.1
655f2000-655f3000 rw-p 00009000 08:01 18225079   /usr/lib/i386-linux-gnu/libpciaccess.so.0.11.1
655f3000-655fe000 r-xp 00000000 08:01 18221979   /usr/lib/i386-linux-gnu/libdrm_radeon.so.1.0.1
655fe000-655ff000 r--p 0000a000 08:01 18221979   /usr/lib/i386-linux-gnu/libdrm_radeon.so.1.0.1
655ff000-65600000 rw-p 0000b000 08:01 18221979   /usr/lib/i386-linux-gnu/libdrm_radeon.so.1.0.1
65600000-65607000 r-xp 00000000 08:01 18221982   /usr/lib/i386-linux-gnu/libdrm_nouveau.so.2.0.0
65607000-65608000 r--p 00006000 08:01 18221982   /usr/lib/i386-linux-gnu/libdrm_nouveau.so.2.0.0
65608000-65609000 rw-p 00007000 08:01 18221982   /usr/lib/i386-linux-gnu/libdrm_nouveau.so.2.0.0
65609000-6562a000 r-xp 00000000 08:01 18221790   /usr/lib/i386-linux-gnu/libdrm_intel.so.1.0.0
6562a000-6562b000 r--p 00020000 08:01 18221790   /usr/lib/i386-linux-gnu/libdrm_intel.so.1.0.0
6562b000-6562c000 rw-p 00021000 08:01 18221790   /usr/lib/i386-linux-gnu/libdrm_intel.so.1.0.0
6562c000-65c56000 r-xp 00000000 08:01 18219429   /usr/lib/i386-linux-gnu/dri/i965_dri.so
65c56000-65c77000 r--p 00629000 08:01 18219429   /usr/lib/i386-linux-gnu/dri/i965_dri.so
65c77000-65c7d000 rw-p 0064a000 08:01 18219429   /usr/lib/i386-linux-gnu/dri/i965_dri.so
65c7d000-65c83000 rw-p 00000000 00:00 0 
65c83000-65c8b000 r-xp 00000000 08:01 20841527   /lib/i386-linux-gnu/libnih-dbus.so.1.0.0
65c8b000-65c8c000 r--p 00007000 08:01 20841527   /lib/i386-linux-gnu/libnih-dbus.so.1.0.0
65c8c000-65c8d000 rw-p 00008000 08:01 20841527   /lib/i386-linux-gnu/libnih-dbus.so.1.0.0
65c8d000-65ca4000 r-xp 00000000 08:01 20841529   /lib/i386-linux-gnu/libnih.so.1.0.0
65ca4000-65ca5000 r--p 00016000 08:01 20841529   /lib/i386-linux-gnu/libnih.so.1.0.0
65ca5000-65ca6000 rw-p 00017000 08:01 20841529   /lib/i386-linux-gnu/libnih.so.1.0.0
65ca6000-65cc2000 r-xp 00000000 08:01 20841579   /lib/i386-linux-gnu/libcgmanager.so.0.0.0
65cc2000-65cc3000 r--p 0001b000 08:01 20841579   /lib/i386-linux-gnu/libcgmanager.so.0.0.0
65cc3000-65cc4000 rw-p 0001c000 08:01 20841579   /lib/i386-linux-gnu/libcgmanager.so.0.0.0
65cc4000-65cd5000 r-xp 00000000 08:01 20840723   /lib/i386-linux-gnu/libudev.so.1.3.5
65cd5000-65cd6000 r--p 00010000 08:01 20840723   /lib/i386-linux-gnu/libudev.so.1.3.5
65cd6000-65cd7000 rw-p 00011000 08:01 20840723   /lib/i386-linux-gnu/libudev.so.1.3.5
65cd7000-65cda000 ---p 00000000 00:00 0 
65cda000-65d28000 rw-p 00000000 00:00 0          [stack:19908]
65d28000-65d2b000 ---p 00000000 00:00 0 
65d2b000-65d79000 rw-p 00000000 00:00 0          [stack:19907]
65d79000-65d7c000 ---p 00000000 00:00 0 
65d7c000-65dca000 rw-p 00000000 00:00 0          [stack:19906]
65dca000-65dcd000 ---p 00000000 00:00 0 
65dcd000-65e1b000 rw-p 00000000 00:00 0          [stack:19905]
65e1b000-65e1e000 ---p 00000000 00:00 0 
65e1e000-65e6c000 rw-p 00000000 00:00 0          [stack:19904]
65e6c000-65e7a000 r-xp 00000000 08:01 18222710   /usr/lib/i386-linux-gnu/libdrm.so.2.4.0
65e7a000-65e7b000 r--p 0000d000 08:01 18222710   /usr/lib/i386-linux-gnu/libdrm.so.2.4.0
65e7b000-65e7c000 rw-p 0000e000 08:01 18222710   /usr/lib/i386-linux-gnu/libdrm.so.2.4.0
65e7c000-65e80000 r-xp 00000000 08:01 18225362   /usr/lib/i386-linux-gnu/libxcb-dri2.so.0.0.0
65e80000-65e81000 r--p 00003000 08:01 18225362   /usr/lib/i386-linux-gnu/libxcb-dri2.so.0.0.0
65e81000-65e82000 rw-p 00004000 08:01 18225362   /usr/lib/i386-linux-gnu/libxcb-dri2.so.0.0.0
65e82000-65e98000 r-xp 00000000 08:01 18225366   /usr/lib/i386-linux-gnu/libxcb-glx.so.0.0.0
65e98000-65e99000 r--p 00016000 08:01 18225366   /usr/lib/i386-linux-gnu/libxcb-glx.so.0.0.0
65e99000-65e9a000 rw-p 00017000 08:01 18225366   /usr/lib/i386-linux-gnu/libxcb-glx.so.0.0.0
65e9a000-65e9b000 r-xp 00000000 08:01 18224322   /usr/lib/i386-linux-gnu/libX11-xcb.so.1.0.0
65e9b000-65e9c000 r--p 00000000 08:01 18224322   /usr/lib/i386-linux-gnu/libX11-xcb.so.1.0.0
65e9c000-65e9d000 rw-p 00001000 08:01 18224322   /usr/lib/i386-linux-gnu/libX11-xcb.so.1.0.0
65e9d000-65ef8000 r-xp 00000000 08:01 18219640   /usr/lib/i386-linux-gnu/mesa/libGL.so.1.2.0
65ef8000-65ef9000 ---p 0005b000 08:01 18219640   /usr/lib/i386-linux-gnu/mesa/libGL.so.1.2.0
65ef9000-65efb000 r--p 0005b000 08:01 18219640   /usr/lib/i386-linux-gnu/mesa/libGL.so.1.2.0
65efb000-65f00000 rwxp 0005d000 08:01 18219640   /usr/lib/i386-linux-gnu/mesa/libGL.so.1.2.0
65f00000-65ffd000 rw-p 00000000 00:00 0 
65ffd000-66000000 ---p 00000000 00:00 0 
66000000-66002000 rw-p 00000000 00:00 0 
66002000-66004000 r-xp 00000000 08:01 18224337   /usr/lib/i386-linux-gnu/libXdamage.so.1.1.0
66004000-66005000 r--p 00001000 08:01 18224337   /usr/lib/i386-linux-gnu/libXdamage.so.1.1.0
66005000-66006000 rw-p 00002000 08:01 18224337   /usr/lib/i386-linux-gnu/libXdamage.so.1.1.0
66006000-66019000 r-xp 00000000 08:01 18224101   /usr/lib/i386-linux-gnu/libglapi.so.0.0.0
66019000-6601b000 r--p 00013000 08:01 18224101   /usr/lib/i386-linux-gnu/libglapi.so.0.0.0
6601b000-66021000 rwxp 00015000 08:01 18224101   /usr/lib/i386-linux-gnu/libglapi.so.0.0.0
66021000-66022000 r-xp 00000000 08:01 18225404   /usr/lib/i386-linux-gnu/libxshmfence.so.1.0.0
66022000-66023000 r--p 00000000 08:01 18225404   /usr/lib/i386-linux-gnu/libxshmfence.so.1.0.0
66023000-66024000 rw-p 00001000 08:01 18225404   /usr/lib/i386-linux-gnu/libxshmfence.so.1.0.0
66024000-66029000 r-xp 00000000 08:01 18225386   /usr/lib/i386-linux-gnu/libxcb-sync.so.1.0.0
66029000-6602a000 r--p 00004000 08:01 18225386   /usr/lib/i386-linux-gnu/libxcb-sync.so.1.0.0
6602a000-6602b000 rw-p 00005000 08:01 18225386   /usr/lib/i386-linux-gnu/libxcb-sync.so.1.0.0
6602b000-6602d000 r-xp 00000000 08:01 18225374   /usr/lib/i386-linux-gnu/libxcb-present.so.0.0.0
6602d000-6602e000 r--p 00001000 08:01 18225374   /usr/lib/i386-linux-gnu/libxcb-present.so.0.0.0
6602e000-6602f000 rw-p 00002000 08:01 18225374   /usr/lib/i386-linux-gnu/libxcb-present.so.0.0.0
6602f000-66031000 r-xp 00000000 08:01 18225364   /usr/lib/i386-linux-gnu/libxcb-dri3.so.0.0.0
66031000-66032000 r--p 00001000 08:01 18225364   /usr/lib/i386-linux-gnu/libxcb-dri3.so.0.0.0
66032000-66033000 rw-p 00002000 08:01 18225364   /usr/lib/i386-linux-gnu/libxcb-dri3.so.0.0.0
66033000-66037000 rw-p 00000000 00:00 0 
66037000-66038000 rw-s 00000000 00:04 59277      /drm mm object (deleted)
66038000-66050000 r-xp 00000000 08:01 18483833   /usr/lib/jvm/java-7-openjdk-i386/jre/lib/i386/libnet.so
66050000-66051000 r--p 00017000 08:01 18483833   /usr/lib/jvm/java-7-openjdk-i386/jre/lib/i386/libnet.so
66051000-66052000 rw-p 00018000 08:01 18483833   /usr/lib/jvm/java-7-openjdk-i386/jre/lib/i386/libnet.so
66052000-66073000 r-xp 00000000 08:01 18352082   /usr/lib/jni/libj3dcore-ogl.so
66073000-66074000 rw-p 00020000 08:01 18352082   /usr/lib/jni/libj3dcore-ogl.so
66074000-66075000 r-xp 00000000 08:01 18484119   /usr/lib/jvm/java-7-openjdk-i386/jre/lib/i386/libjawt.so
66075000-66076000 r--p 00000000 08:01 18484119   /usr/lib/jvm/java-7-openjdk-i386/jre/lib/i386/libjawt.so
66076000-66077000 rw-p 00001000 08:01 18484119   /usr/lib/jvm/java-7-openjdk-i386/jre/lib/i386/libjawt.so
66077000-6607b000 r--s 00019000 08:01 5770159    /home/gregoire/Documents/MobileRobots/MobileRobotsProject/mbsysCopy/mbsyspad/lib/matlabcontrol-4.0.0.jar
6607b000-66098000 r--s 0014f000 08:01 5770160    /home/gregoire/Documents/MobileRobots/MobileRobotsProject/mbsysCopy/mbsyspad/lib/swingx-all-1.6.4.jar
66098000-66099000 r--s 00017000 08:01 5770146    /home/gregoire/Documents/MobileRobots/MobileRobotsProject/mbsysCopy/mbsyspad/lib/j3D.jar
66099000-6609b000 r--s 0004c000 08:01 5770161    /home/gregoire/Documents/MobileRobots/MobileRobotsProject/mbsysCopy/mbsyspad/lib/vecmath.jar
6609b000-660a9000 r--s 00193000 08:01 5770149    /home/gregoire/Documents/MobileRobots/MobileRobotsProject/mbsysCopy/mbsyspad/lib/j3dutils.jar
660a9000-660b5000 r--s 002c7000 08:01 5770148    /home/gregoire/Documents/MobileRobots/MobileRobotsProject/mbsysCopy/mbsyspad/lib/j3dcore.jar
660b5000-660c0000 r--s 00108000 08:01 5770152    /home/gregoire/Documents/MobileRobots/MobileRobotsProject/mbsysCopy/mbsyspad/lib/jogl.jar
660c0000-660c3000 ---p 00000000 00:00 0 
660c3000-66111000 rw-p 00000000 00:00 0          [stack:19903]
66111000-66114000 ---p 00000000 00:00 0 
66114000-66162000 rw-p 00000000 00:00 0          [stack:19902]
66162000-6619e000 r-xp 00000000 08:01 20840700   /lib/i386-linux-gnu/libpcre.so.3.13.1
6619e000-6619f000 r--p 0003b000 08:01 20840700   /lib/i386-linux-gnu/libpcre.so.3.13.1
6619f000-661a0000 rw-p 0003c000 08:01 20840700   /lib/i386-linux-gnu/libpcre.so.3.13.1
661a0000-661c0000 r-xp 00000000 08:01 20841595   /lib/i386-linux-gnu/libselinux.so.1
661c0000-661c1000 r--p 0001f000 08:01 20841595   /lib/i386-linux-gnu/libselinux.so.1
661c1000-661c2000 rw-p 00020000 08:01 20841595   /lib/i386-linux-gnu/libselinux.so.1
661c2000-661c3000 rw-p 00000000 00:00 0 
661c3000-662cd000 r-xp 00000000 08:01 20841496   /lib/i386-linux-gnu/libglib-2.0.so.0.4002.0
662cd000-662ce000 r--p 00109000 08:01 20841496   /lib/i386-linux-gnu/libglib-2.0.so.0.4002.0
662ce000-662cf000 rw-p 0010a000 08:01 20841496   /lib/i386-linux-gnu/libglib-2.0.so.0.4002.0
662cf000-662f4000 r-xp 00000000 08:01 20840645   /lib/i386-linux-gnu/libexpat.so.1.6.0
662f4000-662f5000 ---p 00025000 08:01 20840645   /lib/i386-linux-gnu/libexpat.so.1.6.0
662f5000-662f7000 r--p 00025000 08:01 20840645   /lib/i386-linux-gnu/libexpat.so.1.6.0
662f7000-662f8000 rw-p 00027000 08:01 20840645   /lib/i386-linux-gnu/libexpat.so.1.6.0
662f8000-66348000 r-xp 00000000 08:01 18224739   /usr/lib/i386-linux-gnu/libgobject-2.0.so.0.4002.0
66348000-66349000 r--p 0004f000 08:01 18224739   /usr/lib/i386-linux-gnu/libgobject-2.0.so.0.4002.0
66349000-6634a000 rw-p 00050000 08:01 18224739   /usr/lib/i386-linux-gnu/libgobject-2.0.so.0.4002.0
6634a000-664c7000 r-xp 00000000 08:01 18224711   /usr/lib/i386-linux-gnu/libgio-2.0.so.0.4002.0
664c7000-664c9000 r--p 0017d000 08:01 18224711   /usr/lib/i386-linux-gnu/libgio-2.0.so.0.4002.0
664c9000-664ca000 rw-p 0017f000 08:01 18224711   /usr/lib/i386-linux-gnu/libgio-2.0.so.0.4002.0
664ca000-664cb000 rw-p 00000000 00:00 0 
664cb000-66504000 r-xp 00000000 08:01 18226186   /usr/lib/i386-linux-gnu/libfontconfig.so.1.8.0
66504000-66505000 r--p 00039000 08:01 18226186   /usr/lib/i386-linux-gnu/libfontconfig.so.1.8.0
66505000-66506000 rw-p 0003a000 08:01 18226186   /usr/lib/i386-linux-gnu/libfontconfig.so.1.8.0
66506000-66508000 r--s 00018000 08:01 18483205   /usr/lib/jvm/java-7-openjdk-i386/jre/lib/jce.jar
66508000-6650c000 r--s 0004f000 08:01 18484133   /usr/lib/jvm/java-7-openjdk-i386/jre/lib/jsse.jar
6650c000-6650d000 r--s 00004000 08:01 5770145    /home/gregoire/Documents/MobileRobots/MobileRobotsProject/mbsysCopy/mbsyspad/lib/gluegen-rt.jar
6650d000-66511000 r--s 00020000 08:01 5770143    /home/gregoire/Documents/MobileRobots/MobileRobotsProject/mbsysCopy/mbsyspad/lib/commons-digester-1.8.jar
66511000-66516000 r--s 0002a000 08:01 5770141    /home/gregoire/Documents/MobileRobots/MobileRobotsProject/mbsysCopy/mbsyspad/lib/commons-beanutils.jar
66516000-6651c000 r--s 00056000 08:01 5770147    /home/gregoire/Documents/MobileRobots/MobileRobotsProject/mbsysCopy/mbsyspad/lib/j3d-vrml97.jar
6651c000-6651f000 r--s 00023000 08:01 5770150    /home/gregoire/Documents/MobileRobots/MobileRobotsProject/mbsysCopy/mbsyspad/lib/jdom.jar
6651f000-66525000 r--s 00047000 08:01 5770144    /home/gregoire/Documents/MobileRobots/MobileRobotsProject/mbsysCopy/mbsyspad/lib/flamingo.jar
66525000-6656d000 r-xp 00000000 08:01 19923017   /usr/lib/jvm/java-7-openjdk-i386/jre/lib/i386/xawt/libmawt.so
6656d000-6656e000 r--p 00048000 08:01 19923017   /usr/lib/jvm/java-7-openjdk-i386/jre/lib/i386/xawt/libmawt.so
6656e000-66570000 rw-p 00049000 08:01 19923017   /usr/lib/jvm/java-7-openjdk-i386/jre/lib/i386/xawt/libmawt.so
66570000-66571000 rw-p 00000000 00:00 0 
66571000-66600000 r-xp 00000000 08:01 18484117   /usr/lib/jvm/java-7-openjdk-i386/jre/lib/i386/libawt.so
66600000-66601000 r--p 0008f000 08:01 18484117   /usr/lib/jvm/java-7-openjdk-i386/jre/lib/i386/libawt.so
66601000-66608000 rw-p 00090000 08:01 18484117   /usr/lib/jvm/java-7-openjdk-i386/jre/lib/i386/libawt.so
66608000-6662c000 rw-p 00000000 00:00 0 
6662c000-6662d000 ---p 00000000 00:00 0 
6662d000-666ad000 rw-p 00000000 00:00 0          [stack:19901]
666ad000-666b0000 ---p 00000000 00:00 0 
666b0000-666fe000 rw-p 00000000 00:00 0          [stack:19900]
666fe000-66701000 ---p 00000000 00:00 0 
66701000-6677f000 rw-p 00000000 00:00 0          [stack:19899]
6677f000-66782000 ---p 00000000 00:00 0 
66782000-66800000 rw-p 00000000 00:00 0          [stack:19898]
66800000-66a00000 r--p 00000000 08:01 18227311   /usr/lib/locale/locale-archive
66a00000-66b00000 rw-p 00000000 00:00 0 
66b00000-66b03000 ---p 00000000 00:00 0 
66b03000-66b51000 rw-p 00000000 00:00 0          [stack:19897]
66b51000-66b54000 ---p 00000000 00:00 0 
66b54000-66ba2000 rw-p 00000000 00:00 0          [stack:19896]
66ba2000-66ba3000 ---p 00000000 00:00 0 
66ba3000-66c23000 rw-p 00000000 00:00 0          [stack:19894]
66c23000-66dd6000 r--s 01d3d000 08:01 18483206   /usr/lib/jvm/java-7-openjdk-i386/jre/lib/rt.jar
66dd6000-69500000 rw-p 00000000 00:00 0 
69500000-69521000 rw-p 00000000 00:00 0 
69521000-69600000 ---p 00000000 00:00 0 
69600000-69601000 r--s 00001000 08:01 5770151    /home/gregoire/Documents/MobileRobots/MobileRobotsProject/mbsysCopy/mbsyspad/lib/jnlp.jar
69601000-6960b000 r--s 000ae000 08:01 18483207   /usr/lib/jvm/java-7-openjdk-i386/jre/lib/resources.jar
6960b000-6960e000 ---p 00000000 00:00 0 
6960e000-69700000 rw-p 00000000 00:00 0          [stack:19895]
69700000-69800000 rw-p 00000000 00:00 0 
69800000-69802000 r--s 0002a000 08:01 5770140    /home/gregoire/Documents/MobileRobots/MobileRobotsProject/mbsysCopy/mbsyspad/lib/MBsysComJ.jar
69802000-69805000 r-xp 00000000 08:01 18224723   /usr/lib/i386-linux-gnu/libgmodule-2.0.so.0.4002.0
69805000-69806000 r--p 00002000 08:01 18224723   /usr/lib/i386-linux-gnu/libgmodule-2.0.so.0.4002.0
69806000-69807000 rw-p 00003000 08:01 18224723   /usr/lib/i386-linux-gnu/libgmodule-2.0.so.0.4002.0
69807000-69808000 ---p 00000000 00:00 0 
69808000-69888000 rw-p 00000000 00:00 0          [stack:19893]
69888000-69889000 ---p 00000000 00:00 0 
69889000-69911000 rw-p 00000000 00:00 0          [stack:19892]
69911000-69949000 rw-p 00000000 00:00 0 
69949000-6995e000 rw-p 00000000 00:00 0 
6995e000-69a92000 rw-p 00000000 00:00 0 
69a92000-69a9a000 rw-p 00000000 00:00 0 
69a9a000-69ad2000 rw-p 00000000 00:00 0 
69ad2000-69ae7000 rw-p 00000000 00:00 0 
69ae7000-69c1a000 rw-p 00000000 00:00 0 
69c1a000-69c45000 rw-p 00000000 00:00 0 
69c45000-69c46000 ---p 00000000 00:00 0 
69c46000-69cbf000 rw-p 00000000 00:00 0 
69cbf000-6acc0000 rw-p 00000000 00:00 0 
6acc0000-71cc0000 rw-p 00000000 00:00 0 
71cc0000-745c0000 rw-p 00000000 00:00 0 
745c0000-9ae00000 rw-p 00000000 00:00 0 
9ae00000-a0200000 rw-p 00000000 00:00 0 
a0200000-a0300000 ---p 00000000 00:00 0 
a0300000-af6c0000 rw-p 00000000 00:00 0 
af6c0000-af6c1000 r--s 00008000 08:01 5770142    /home/gregoire/Documents/MobileRobots/MobileRobotsProject/mbsysCopy/mbsyspad/lib/commons-cli-1.1.jar
af6c1000-af6c6000 r-xp 00000000 08:01 18224369   /usr/lib/i386-linux-gnu/libXtst.so.6.1.0
af6c6000-af6c7000 r--p 00004000 08:01 18224369   /usr/lib/i386-linux-gnu/libXtst.so.6.1.0
af6c7000-af6c8000 rw-p 00005000 08:01 18224369   /usr/lib/i386-linux-gnu/libXtst.so.6.1.0
af6c8000-af6ca000 r-xp 00000000 08:01 18224333   /usr/lib/i386-linux-gnu/libXcomposite.so.1.0.0
af6ca000-af6cb000 r--p 00001000 08:01 18224333   /usr/lib/i386-linux-gnu/libXcomposite.so.1.0.0
af6cb000-af6cc000 rw-p 00002000 08:01 18224333   /usr/lib/i386-linux-gnu/libXcomposite.so.1.0.0
af6cc000-af6db000 r--s 0008c000 08:01 5770138    /home/gregoire/Documents/MobileRobots/MobileRobotsProject/mbsysCopy/mbsyspad/MBsysPad.jar
af6db000-af6df000 r--s 00085000 08:01 18751331   /usr/lib/jvm/java-7-openjdk-i386/jre/lib/ext/localedata.jar
af6df000-af703000 rw-p 00000000 00:00 0 
af703000-af7ba000 rw-p 00000000 00:00 0 
af7ba000-af9fa000 rwxp 00000000 00:00 0 
af9fa000-b27ba000 rw-p 00000000 00:00 0 
b27ba000-b27c4000 r-xp 00000000 08:01 20854272   /lib/i386-linux-gnu/libnss_files-2.19.so
b27c4000-b27c5000 r--p 00009000 08:01 20854272   /lib/i386-linux-gnu/libnss_files-2.19.so
b27c5000-b27c6000 rw-p 0000a000 08:01 20854272   /lib/i386-linux-gnu/libnss_files-2.19.so
b27c6000-b27d0000 r-xp 00000000 08:01 20854264   /lib/i386-linux-gnu/libnss_nis-2.19.so
b27d0000-b27d1000 r--p 00009000 08:01 20854264   /lib/i386-linux-gnu/libnss_nis-2.19.so
b27d1000-b27d2000 rw-p 0000a000 08:01 20854264   /lib/i386-linux-gnu/libnss_nis-2.19.so
b27d2000-b27d5000 r--s 0000f000 08:01 18751219   /usr/lib/jvm/java-7-openjdk-i386/jre/lib/ext/icedtea-sound.jar
b27d5000-b27d6000 r--s 00002000 08:01 18751957   /usr/lib/jvm/java-7-openjdk-i386/jre/lib/ext/dnsns.jar
b27d6000-b27d8000 r--s 00012000 08:01 18751958   /usr/lib/jvm/java-7-openjdk-i386/jre/lib/ext/zipfs.jar
b27d8000-b27dc000 r--s 00034000 08:01 18751956   /usr/lib/jvm/java-7-openjdk-i386/jre/lib/ext/sunjce_provider.jar
b27dc000-b27df000 r--s 0003d000 08:01 18751212   /usr/lib/jvm/java-7-openjdk-i386/jre/lib/ext/sunpkcs11.jar
b27df000-b27e7000 r-xp 00000000 08:01 18484132   /usr/lib/jvm/java-7-openjdk-i386/jre/lib/i386/libzip.so
b27e7000-b27e8000 r--p 00007000 08:01 18484132   /usr/lib/jvm/java-7-openjdk-i386/jre/lib/i386/libzip.so
b27e8000-b27e9000 rw-p 00008000 08:01 18484132   /usr/lib/jvm/java-7-openjdk-i386/jre/lib/i386/libzip.so
b27e9000-b27f1000 rw-s 00000000 08:01 14552362   /tmp/hsperfdata_gregoire/19891
b27f1000-b2818000 r-xp 00000000 08:01 18483211   /usr/lib/jvm/java-7-openjdk-i386/jre/lib/i386/libjava.so
b2818000-b2819000 r--p 00026000 08:01 18483211   /usr/lib/jvm/java-7-openjdk-i386/jre/lib/i386/libjava.so
b2819000-b281a000 rw-p 00027000 08:01 18483211   /usr/lib/jvm/java-7-openjdk-i386/jre/lib/i386/libjava.so
b281a000-b58bd000 rw-p 00000000 00:00 0 
b58bd000-b58d0000 r-xp 00000000 08:01 20854252   /lib/i386-linux-gnu/libresolv-2.19.so
b58d0000-b58d1000 ---p 00013000 08:01 20854252   /lib/i386-linux-gnu/libresolv-2.19.so
b58d1000-b58d2000 r--p 00013000 08:01 20854252   /lib/i386-linux-gnu/libresolv-2.19.so
b58d2000-b58d3000 rw-p 00014000 08:01 20854252   /lib/i386-linux-gnu/libresolv-2.19.so
b58d3000-b58d5000 rw-p 00000000 00:00 0 
b58d5000-b58dc000 r-xp 00000000 08:01 18225047   /usr/lib/i386-linux-gnu/libogg.so.0.8.1
b58dc000-b58dd000 r--p 00006000 08:01 18225047   /usr/lib/i386-linux-gnu/libogg.so.0.8.1
b58dd000-b58de000 rw-p 00007000 08:01 18225047   /usr/lib/i386-linux-gnu/libogg.so.0.8.1
b58de000-b5907000 r-xp 00000000 08:01 18225321   /usr/lib/i386-linux-gnu/libvorbis.so.0.4.5
b5907000-b5908000 ---p 00029000 08:01 18225321   /usr/lib/i386-linux-gnu/libvorbis.so.0.4.5
b5908000-b5909000 r--p 00029000 08:01 18225321   /usr/lib/i386-linux-gnu/libvorbis.so.0.4.5
b5909000-b590a000 rw-p 0002a000 08:01 18225321   /usr/lib/i386-linux-gnu/libvorbis.so.0.4.5
b590a000-b5a70000 r-xp 00000000 08:01 18225323   /usr/lib/i386-linux-gnu/libvorbisenc.so.2.0.8
b5a70000-b5a81000 r--p 00165000 08:01 18225323   /usr/lib/i386-linux-gnu/libvorbisenc.so.2.0.8
b5a81000-b5a82000 rw-p 00176000 08:01 18225323   /usr/lib/i386-linux-gnu/libvorbisenc.so.2.0.8
b5a82000-b5a83000 rw-p 00000000 00:00 0 
b5a83000-b5ab5000 r-xp 00000000 08:01 18224186   /usr/lib/i386-linux-gnu/libFLAC.so.8.3.0
b5ab5000-b5ab6000 r--p 00031000 08:01 18224186   /usr/lib/i386-linux-gnu/libFLAC.so.8.3.0
b5ab6000-b5ab7000 rw-p 00032000 08:01 18224186   /usr/lib/i386-linux-gnu/libFLAC.so.8.3.0
b5ab7000-b5acc000 r-xp 00000000 08:01 20854260   /lib/i386-linux-gnu/libnsl-2.19.so
b5acc000-b5acd000 r--p 00015000 08:01 20854260   /lib/i386-linux-gnu/libnsl-2.19.so
b5acd000-b5ace000 rw-p 00016000 08:01 20854260   /lib/i386-linux-gnu/libnsl-2.19.so
b5ace000-b5ad0000 rw-p 00000000 00:00 0 
b5ad0000-b5ad5000 r-xp 00000000 08:01 18224339   /usr/lib/i386-linux-gnu/libXdmcp.so.6.0.0
b5ad5000-b5ad6000 r--p 00004000 08:01 18224339   /usr/lib/i386-linux-gnu/libXdmcp.so.6.0.0
b5ad6000-b5ad7000 rw-p 00005000 08:01 18224339   /usr/lib/i386-linux-gnu/libXdmcp.so.6.0.0
b5ad7000-b5ad9000 r-xp 00000000 08:01 18224328   /usr/lib/i386-linux-gnu/libXau.so.6.0.0
b5ad9000-b5ada000 r--p 00001000 08:01 18224328   /usr/lib/i386-linux-gnu/libXau.so.6.0.0
b5ada000-b5adb000 rw-p 00002000 08:01 18224328   /usr/lib/i386-linux-gnu/libXau.so.6.0.0
b5adb000-b5ae0000 r-xp 00000000 08:01 18224418   /usr/lib/i386-linux-gnu/libasyncns.so.0.3.1
b5ae0000-b5ae1000 r--p 00004000 08:01 18224418   /usr/lib/i386-linux-gnu/libasyncns.so.0.3.1
b5ae1000-b5ae2000 rw-p 00005000 08:01 18224418   /usr/lib/i386-linux-gnu/libasyncns.so.0.3.1
b5ae2000-b5ae3000 rw-p 00000000 00:00 0 
b5ae3000-b5b4e000 r-xp 00000000 08:01 18219697   /usr/lib/i386-linux-gnu/libsndfile.so.1.0.25
b5b4e000-b5b4f000 ---p 0006b000 08:01 18219697   /usr/lib/i386-linux-gnu/libsndfile.so.1.0.25
b5b4f000-b5b50000 r--p 0006b000 08:01 18219697   /usr/lib/i386-linux-gnu/libsndfile.so.1.0.25
b5b50000-b5b51000 rw-p 0006c000 08:01 18219697   /usr/lib/i386-linux-gnu/libsndfile.so.1.0.25
b5b51000-b5b55000 rw-p 00000000 00:00 0 
b5b55000-b5b5d000 r-xp 00000000 08:01 20841625   /lib/i386-linux-gnu/libwrap.so.0.7.6
b5b5d000-b5b5e000 r--p 00007000 08:01 20841625   /lib/i386-linux-gnu/libwrap.so.0.7.6
b5b5e000-b5b5f000 rw-p 00008000 08:01 20841625   /lib/i386-linux-gnu/libwrap.so.0.7.6
b5b5f000-b5b85000 r-xp 00000000 08:01 20841983   /lib/i386-linux-gnu/libpng12.so.0.50.0
b5b85000-b5b86000 r--p 00025000 08:01 20841983   /lib/i386-linux-gnu/libpng12.so.0.50.0
b5b86000-b5b87000 rw-p 00026000 08:01 20841983   /lib/i386-linux-gnu/libpng12.so.0.50.0
b5b87000-b5b8c000 r-xp 00000000 08:01 18219065   /usr/lib/i386-linux-gnu/libffi.so.6.0.1
b5b8c000-b5b8d000 r--p 00005000 08:01 18219065   /usr/lib/i386-linux-gnu/libffi.so.6.0.1
b5b8d000-b5b8e000 rw-p 00006000 08:01 18219065   /usr/lib/i386-linux-gnu/libffi.so.6.0.1
b5b8e000-b5b92000 r-xp 00000000 08:01 18219488   /usr/lib/i386-linux-gnu/libXfixes.so.3.1.0
b5b92000-b5b93000 r--p 00003000 08:01 18219488   /usr/lib/i386-linux-gnu/libXfixes.so.3.1.0
b5b93000-b5b94000 rw-p 00004000 08:01 18219488   /usr/lib/i386-linux-gnu/libXfixes.so.3.1.0
b5b94000-b5b95000 rw-p 00000000 00:00 0 
b5b95000-b5b9e000 r-xp 00000000 08:01 18221390   /usr/lib/i386-linux-gnu/libXrender.so.1.3.0
b5b9e000-b5b9f000 r--p 00008000 08:01 18221390   /usr/lib/i386-linux-gnu/libXrender.so.1.3.0
b5b9f000-b5ba0000 rw-p 00009000 08:01 18221390   /usr/lib/i386-linux-gnu/libXrender.so.1.3.0
b5ba0000-b5bc0000 r-xp 00000000 08:01 18225394   /usr/lib/i386-linux-gnu/libxcb.so.1.1.0
b5bc0000-b5bc1000 r--p 0001f000 08:01 18225394   /usr/lib/i386-linux-gnu/libxcb.so.1.1.0
b5bc1000-b5bc2000 rw-p 00020000 08:01 18225394   /usr/lib/i386-linux-gnu/libxcb.so.1.1.0
b5bc2000-b5c0b000 r-xp 00000000 08:01 20841479   /lib/i386-linux-gnu/libdbus-1.so.3.7.6
b5c0b000-b5c0c000 r--p 00048000 08:01 20841479   /lib/i386-linux-gnu/libdbus-1.so.3.7.6
b5c0c000-b5c0d000 rw-p 00049000 08:01 20841479   /lib/i386-linux-gnu/libdbus-1.so.3.7.6
b5c0d000-b5c16000 r-xp 00000000 08:01 20841505   /lib/i386-linux-gnu/libjson-c.so.2.0.0
b5c16000-b5c17000 r--p 00008000 08:01 20841505   /lib/i386-linux-gnu/libjson-c.so.2.0.0
b5c17000-b5c18000 rw-p 00009000 08:01 20841505   /lib/i386-linux-gnu/libjson-c.so.2.0.0
b5c18000-b5c85000 r-xp 00000000 08:01 18226821   /usr/lib/i386-linux-gnu/pulseaudio/libpulsecommon-4.0.so
b5c85000-b5c86000 r--p 0006c000 08:01 18226821   /usr/lib/i386-linux-gnu/pulseaudio/libpulsecommon-4.0.so
b5c86000-b5c87000 rw-p 0006d000 08:01 18226821   /usr/lib/i386-linux-gnu/pulseaudio/libpulsecommon-4.0.so
b5c87000-b5c88000 rw-p 00000000 00:00 0 
b5c88000-b5d23000 r-xp 00000000 08:01 18227707   /usr/lib/i386-linux-gnu/libfreetype.so.6.11.1
b5d23000-b5d27000 r--p 0009a000 08:01 18227707   /usr/lib/i386-linux-gnu/libfreetype.so.6.11.1
b5d27000-b5d28000 rw-p 0009e000 08:01 18227707   /usr/lib/i386-linux-gnu/libfreetype.so.6.11.1
b5d28000-b5d2f000 r-xp 00000000 08:01 20854268   /lib/i386-linux-gnu/librt-2.19.so
b5d2f000-b5d30000 r--p 00006000 08:01 20854268   /lib/i386-linux-gnu/librt-2.19.so
b5d30000-b5d31000 rw-p 00007000 08:01 20854268   /lib/i386-linux-gnu/librt-2.19.so
b5d31000-b5d49000 r-xp 00000000 08:01 20854261   /lib/i386-linux-gnu/libpthread-2.19.so
b5d49000-b5d4a000 r--p 00018000 08:01 20854261   /lib/i386-linux-gnu/libpthread-2.19.so
b5d4a000-b5d4b000 rw-p 00019000 08:01 20854261   /lib/i386-linux-gnu/libpthread-2.19.so
b5d4b000-b5d4d000 rw-p 00000000 00:00 0 
b5d4d000-b5d87000 r-xp 00000000 08:01 18225398   /usr/lib/i386-linux-gnu/libxkbcommon.so.0.0.0
b5d87000-b5d88000 r--p 00039000 08:01 18225398   /usr/lib/i386-linux-gnu/libxkbcommon.so.0.0.0
b5d88000-b5d89000 rw-p 0003a000 08:01 18225398   /usr/lib/i386-linux-gnu/libxkbcommon.so.0.0.0
b5d89000-b5d8a000 rw-p 00000000 00:00 0 
b5d8a000-b5d8e000 r-xp 00000000 08:01 18225336   /usr/lib/i386-linux-gnu/libwayland-cursor.so.0.0.0
b5d8e000-b5d8f000 r--p 00003000 08:01 18225336   /usr/lib/i386-linux-gnu/libwayland-cursor.so.0.0.0
b5d8f000-b5d93000 rw-p 00004000 08:01 18225336   /usr/lib/i386-linux-gnu/libwayland-cursor.so.0.0.0
b5d93000-b5d9c000 r-xp 00000000 08:01 18225334   /usr/lib/i386-linux-gnu/libwayland-client.so.0.2.0
b5d9c000-b5d9d000 ---p 00009000 08:01 18225334   /usr/lib/i386-linux-gnu/libwayland-client.so.0.2.0
b5d9d000-b5d9e000 r--p 00009000 08:01 18225334   /usr/lib/i386-linux-gnu/libwayland-client.so.0.2.0
b5d9e000-b5d9f000 rw-p 0000a000 08:01 18225334   /usr/lib/i386-linux-gnu/libwayland-client.so.0.2.0
b5d9f000-b5da0000 r-xp 00000000 08:01 18220505   /usr/lib/i386-linux-gnu/libwayland-egl.so.1.0.0
b5da0000-b5da1000 r--p 00000000 08:01 18220505   /usr/lib/i386-linux-gnu/libwayland-egl.so.1.0.0
b5da1000-b5da2000 rw-p 00001000 08:01 18220505   /usr/lib/i386-linux-gnu/libwayland-egl.so.1.0.0
b5da2000-b5da6000 r-xp 00000000 08:01 18224379   /usr/lib/i386-linux-gnu/libXxf86vm.so.1.0.0
b5da6000-b5da7000 r--p 00004000 08:01 18224379   /usr/lib/i386-linux-gnu/libXxf86vm.so.1.0.0
b5da7000-b5da8000 rw-p 00005000 08:01 18224379   /usr/lib/i386-linux-gnu/libXxf86vm.so.1.0.0
b5da8000-b5daa000 r-xp 00000000 08:01 18224365   /usr/lib/i386-linux-gnu/libXss.so.1.0.0
b5daa000-b5dab000 r--p 00001000 08:01 18224365   /usr/lib/i386-linux-gnu/libXss.so.1.0.0
b5dab000-b5dac000 rw-p 00002000 08:01 18224365   /usr/lib/i386-linux-gnu/libXss.so.1.0.0
b5dac000-b5dad000 rw-p 00000000 00:00 0 
b5dad000-b5db6000 r-xp 00000000 08:01 18226177   /usr/lib/i386-linux-gnu/libXrandr.so.2.2.0
b5db6000-b5db7000 r--p 00008000 08:01 18226177   /usr/lib/i386-linux-gnu/libXrandr.so.2.2.0
b5db7000-b5db8000 rw-p 00009000 08:01 18226177   /usr/lib/i386-linux-gnu/libXrandr.so.2.2.0
b5db8000-b5dc6000 r-xp 00000000 08:01 18221388   /usr/lib/i386-linux-gnu/libXi.so.6.1.0
b5dc6000-b5dc7000 r--p 0000e000 08:01 18221388   /usr/lib/i386-linux-gnu/libXi.so.6.1.0
b5dc7000-b5dc8000 rw-p 0000f000 08:01 18221388   /usr/lib/i386-linux-gnu/libXi.so.6.1.0
b5dc8000-b5dca000 r-xp 00000000 08:01 18224351   /usr/lib/i386-linux-gnu/libXinerama.so.1.0.0
b5dca000-b5dcb000 r--p 00001000 08:01 18224351   /usr/lib/i386-linux-gnu/libXinerama.so.1.0.0
b5dcb000-b5dcc000 rw-p 00002000 08:01 18224351   /usr/lib/i386-linux-gnu/libXinerama.so.1.0.0
b5dcc000-b5dd5000 r-xp 00000000 08:01 18224335   /usr/lib/i386-linux-gnu/libXcursor.so.1.0.2
b5dd5000-b5dd6000 r--p 00008000 08:01 18224335   /usr/lib/i386-linux-gnu/libXcursor.so.1.0.2
b5dd6000-b5dd7000 rw-p 00009000 08:01 18224335   /usr/lib/i386-linux-gnu/libXcursor.so.1.0.2
b5dd7000-b5de8000 r-xp 00000000 08:01 18220240   /usr/lib/i386-linux-gnu/libXext.so.6.4.0
b5de8000-b5de9000 r--p 00010000 08:01 18220240   /usr/lib/i386-linux-gnu/libXext.so.6.4.0
b5de9000-b5dea000 rw-p 00011000 08:01 18220240   /usr/lib/i386-linux-gnu/libXext.so.6.4.0
b5dea000-b5deb000 rw-p 00000000 00:00 0 
b5deb000-b5f1b000 r-xp 00000000 08:01 18224324   /usr/lib/i386-linux-gnu/libX11.so.6.3.0
b5f1b000-b5f1c000 r--p 00130000 08:01 18224324   /usr/lib/i386-linux-gnu/libX11.so.6.3.0
b5f1c000-b5f1e000 rw-p 00131000 08:01 18224324   /usr/lib/i386-linux-gnu/libX11.so.6.3.0
b5f1e000-b5f1f000 rw-p 00000000 00:00 0 
b5f1f000-b5f6c000 r-xp 00000000 08:01 18225116   /usr/lib/i386-linux-gnu/libpulse.so.0.16.2
b5f6c000-b5f6d000 r--p 0004c000 08:01 18225116   /usr/lib/i386-linux-gnu/libpulse.so.0.16.2
b5f6d000-b5f6e000 rw-p 0004d000 08:01 18225116   /usr/lib/i386-linux-gnu/libpulse.so.0.16.2
b5f6e000-b5f71000 r-xp 00000000 08:01 18225114   /usr/lib/i386-linux-gnu/libpulse-simple.so.0.0.4
b5f71000-b5f72000 r--p 00002000 08:01 18225114   /usr/lib/i386-linux-gnu/libpulse-simple.so.0.0.4
b5f72000-b5f73000 rw-p 00003000 08:01 18225114   /usr/lib/i386-linux-gnu/libpulse-simple.so.0.0.4
b5f73000-b6064000 r-xp 00000000 08:01 18224410   /usr/lib/i386-linux-gnu/libasound.so.2.0.0
b6064000-b6068000 r--p 000f0000 08:01 18224410   /usr/lib/i386-linux-gnu/libasound.so.2.0.0
b6068000-b6069000 rw-p 000f4000 08:01 18224410   /usr/lib/i386-linux-gnu/libasound.so.2.0.0
b6069000-b608d000 r-xp 00000000 08:01 20841512   /lib/i386-linux-gnu/liblzma.so.5.0.0
b608d000-b608e000 r--p 00023000 08:01 20841512   /lib/i386-linux-gnu/liblzma.so.5.0.0
b608e000-b608f000 rw-p 00024000 08:01 20841512   /lib/i386-linux-gnu/liblzma.so.5.0.0
b608f000-b6090000 rw-p 00000000 00:00 0 
b6090000-b60a8000 r-xp 00000000 08:01 20841628   /lib/i386-linux-gnu/libz.so.1.2.8
b60a8000-b60a9000 r--p 00017000 08:01 20841628   /lib/i386-linux-gnu/libz.so.1.2.8
b60a9000-b60aa000 rw-p 00018000 08:01 20841628   /lib/i386-linux-gnu/libz.so.1.2.8
b60aa000-b60ad000 r-xp 00000000 08:01 20854256   /lib/i386-linux-gnu/libdl-2.19.so
b60ad000-b60ae000 r--p 00002000 08:01 20854256   /lib/i386-linux-gnu/libdl-2.19.so
b60ae000-b60af000 rw-p 00003000 08:01 20854256   /lib/i386-linux-gnu/libdl-2.19.so
b60af000-b6257000 r-xp 00000000 08:01 20854269   /lib/i386-linux-gnu/libc-2.19.so
b6257000-b6258000 ---p 001a8000 08:01 20854269   /lib/i386-linux-gnu/libc-2.19.so
b6258000-b625a000 r--p 001a8000 08:01 20854269   /lib/i386-linux-gnu/libc-2.19.so
b625a000-b625b000 rw-p 001aa000 08:01 20854269   /lib/i386-linux-gnu/libc-2.19.so
b625b000-b625e000 rw-p 00000000 00:00 0 
b625e000-b627a000 r-xp 00000000 08:01 20841980   /lib/i386-linux-gnu/libgcc_s.so.1
b627a000-b627b000 rw-p 0001b000 08:01 20841980   /lib/i386-linux-gnu/libgcc_s.so.1
b627b000-b6357000 r-xp 00000000 08:01 18223271   /usr/lib/i386-linux-gnu/libstdc++.so.6.0.19
b6357000-b635b000 r--p 000dc000 08:01 18223271   /usr/lib/i386-linux-gnu/libstdc++.so.6.0.19
b635b000-b635c000 rw-p 000e0000 08:01 18223271   /usr/lib/i386-linux-gnu/libstdc++.so.6.0.19
b635c000-b6364000 rw-p 00000000 00:00 0 
b6364000-b63a8000 r-xp 00000000 08:01 20854254   /lib/i386-linux-gnu/libm-2.19.so
b63a8000-b63a9000 r--p 00043000 08:01 20854254   /lib/i386-linux-gnu/libm-2.19.so
b63a9000-b63aa000 rw-p 00044000 08:01 20854254   /lib/i386-linux-gnu/libm-2.19.so
b63aa000-b6da7000 r-xp 00000000 08:01 18483215   /usr/lib/jvm/java-7-openjdk-i386/jre/lib/i386/server/libjvm.so
b6da7000-b6da8000 ---p 009fd000 08:01 18483215   /usr/lib/jvm/java-7-openjdk-i386/jre/lib/i386/server/libjvm.so
b6da8000-b6dfa000 r--p 009fd000 08:01 18483215   /usr/lib/jvm/java-7-openjdk-i386/jre/lib/i386/server/libjvm.so
b6dfa000-b6e0e000 rw-p 00a4f000 08:01 18483215   /usr/lib/jvm/java-7-openjdk-i386/jre/lib/i386/server/libjvm.so
b6e0e000-b722b000 rw-p 00000000 00:00 0 
b722b000-b7231000 r-xp 00000000 08:01 18240492   /usr/lib/i386-linux-gnu/libSDL2_ttf-2.0.so.0.10.2
b7231000-b7232000 r--p 00005000 08:01 18240492   /usr/lib/i386-linux-gnu/libSDL2_ttf-2.0.so.0.10.2
b7232000-b7233000 rw-p 00006000 08:01 18240492   /usr/lib/i386-linux-gnu/libSDL2_ttf-2.0.so.0.10.2
b7233000-b733f000 r-xp 00000000 08:01 18240490   /usr/lib/i386-linux-gnu/libSDL2-2.0.so.0.2.0
b733f000-b7342000 r--p 0010b000 08:01 18240490   /usr/lib/i386-linux-gnu/libSDL2-2.0.so.0.2.0
b7342000-b7345000 rw-p 0010e000 08:01 18240490   /usr/lib/i386-linux-gnu/libSDL2-2.0.so.0.2.0
b7345000-b7347000 rw-p 00000000 00:00 0 
b7347000-b7382000 r-xp 00000000 08:01 18219216   /usr/lib/libgslcblas.so.0.0.0
b7382000-b7383000 r--p 0003a000 08:01 18219216   /usr/lib/libgslcblas.so.0.0.0
b7383000-b7384000 rw-p 0003b000 08:01 18219216   /usr/lib/libgslcblas.so.0.0.0
b7384000-b7385000 rw-p 00000000 00:00 0 
b7385000-b75ad000 r-xp 00000000 08:01 18220133   /usr/lib/libgsl.so.0.17.0
b75ad000-b75ae000 ---p 00228000 08:01 18220133   /usr/lib/libgsl.so.0.17.0
b75ae000-b75b0000 r--p 00228000 08:01 18220133   /usr/lib/libgsl.so.0.17.0
b75b0000-b75be000 rw-p 0022a000 08:01 18220133   /usr/lib/libgsl.so.0.17.0
b75be000-b7712000 r-xp 00000000 08:01 18219236   /usr/lib/i386-linux-gnu/libxml2.so.2.9.1
b7712000-b7716000 r--p 00154000 08:01 18219236   /usr/lib/i386-linux-gnu/libxml2.so.2.9.1
b7716000-b7717000 rw-p 00158000 08:01 18219236   /usr/lib/i386-linux-gnu/libxml2.so.2.9.1
b7717000-b7718000 rw-p 00000000 00:00 0 
b7718000-b771a000 r--s 00006000 08:01 18616755   /usr/share/java/java-atk-wrapper.jar
b771a000-b771b000 r--p 00859000 08:01 18227311   /usr/lib/locale/locale-archive
b771b000-b7722000 r-xp 00000000 08:01 20854259   /lib/i386-linux-gnu/libnss_compat-2.19.so
b7722000-b7723000 r--p 00006000 08:01 20854259   /lib/i386-linux-gnu/libnss_compat-2.19.so
b7723000-b7724000 rw-p 00007000 08:01 20854259   /lib/i386-linux-gnu/libnss_compat-2.19.so
b7724000-b7725000 rw-p 00000000 00:00 0 
b7725000-b7726000 r--p 00000000 00:00 0 
b7726000-b7734000 r-xp 00000000 08:01 18483209   /usr/lib/jvm/java-7-openjdk-i386/jre/lib/i386/libverify.so
b7734000-b7735000 r--p 0000d000 08:01 18483209   /usr/lib/jvm/java-7-openjdk-i386/jre/lib/i386/libverify.so
b7735000-b7736000 rw-p 0000e000 08:01 18483209   /usr/lib/jvm/java-7-openjdk-i386/jre/lib/i386/libverify.so
b7736000-b7739000 rw-p 00000000 00:00 0 
b7739000-b773a000 r-xp 00000000 00:00 0          [vdso]
b773a000-b773c000 r--p 00000000 00:00 0          [vvar]
b773c000-b775c000 r-xp 00000000 08:01 20854262   /lib/i386-linux-gnu/ld-2.19.so
b775c000-b775d000 r--p 0001f000 08:01 20854262   /lib/i386-linux-gnu/ld-2.19.so
b775d000-b775e000 rw-p 00020000 08:01 20854262   /lib/i386-linux-gnu/ld-2.19.so
bfdb6000-bfdb7000 rwxp 00000000 00:00 0 
bfdba000-bfdbd000 ---p 00000000 00:00 0 
bfdbe000-bfe0a000 rw-p 00000000 00:00 0          [stack]

VM Arguments:
jvm_args: -Djava.library.path=/usr/lib/jni 
java_command: <unknown>
Launcher Type: generic

Environment Variables:
PATH=/home/gregoire/Applications/anaconda3/bin:/usr/local/sbin:/usr/local/bin:/usr/sbin:/usr/bin:/sbin:/bin:/usr/games:/usr/local/games
SHELL=/bin/bash
DISPLAY=:0.0

Signal Handlers:
SIGSEGV: [libjvm.so+0x8191e0], sa_mask[0]=0x7ffbfeff, sa_flags=0x10000004
SIGBUS: [libjvm.so+0x8191e0], sa_mask[0]=0x7ffbfeff, sa_flags=0x10000004
SIGFPE: [libjvm.so+0x68ddb0], sa_mask[0]=0x7ffbfeff, sa_flags=0x10000004
SIGPIPE: [libjvm.so+0x68ddb0], sa_mask[0]=0x7ffbfeff, sa_flags=0x10000004
SIGXFSZ: [libjvm.so+0x68ddb0], sa_mask[0]=0x7ffbfeff, sa_flags=0x10000004
SIGILL: [libjvm.so+0x68ddb0], sa_mask[0]=0x7ffbfeff, sa_flags=0x10000004
SIGUSR1: SIG_DFL, sa_mask[0]=0x00000000, sa_flags=0x00000000
SIGUSR2: [libjvm.so+0x68df10], sa_mask[0]=0x00000000, sa_flags=0x10000004
SIGHUP: [libjvm.so+0x68de70], sa_mask[0]=0x7ffbfeff, sa_flags=0x10000004
SIGINT: [libjvm.so+0x68de70], sa_mask[0]=0x7ffbfeff, sa_flags=0x10000004
SIGTERM: [libjvm.so+0x68de70], sa_mask[0]=0x7ffbfeff, sa_flags=0x10000004
SIGQUIT: [libjvm.so+0x68de70], sa_mask[0]=0x7ffbfeff, sa_flags=0x10000004
SIGTRAP: SIG_DFL, sa_mask[0]=0x00000000, sa_flags=0x00000000


---------------  S Y S T E M  ---------------

OS:Ubuntu 14.04 (trusty)
uname:Linux 3.16.0-59-generic #79~14.04.1-Ubuntu SMP Mon Jan 18 15:39:06 UTC 2016 i686
libc:glibc 2.19 NPTL 2.19 
rlimit: STACK 8192k, CORE 0k, NPROC 31352, NOFILE 4096, AS infinity
load average:0.42 0.32 0.33

/proc/meminfo:
MemTotal:        4032724 kB
MemFree:         1284744 kB
MemAvailable:    2730184 kB
Buffers:          495704 kB
Cached:          1126440 kB
SwapCached:          172 kB
Active:          1831396 kB
Inactive:         672764 kB
Active(anon):     852644 kB
Inactive(anon):   109960 kB
Active(file):     978752 kB
Inactive(file):   562804 kB
Unevictable:           0 kB
Mlocked:               0 kB
HighTotal:       3170056 kB
HighFree:        1221480 kB
LowTotal:         862668 kB
LowFree:           63264 kB
SwapTotal:       4075516 kB
SwapFree:        4075300 kB
Dirty:              1608 kB
Writeback:             0 kB
AnonPages:        882088 kB
Mapped:           295708 kB
Shmem:             80588 kB
Slab:             200348 kB
SReclaimable:     181892 kB
SUnreclaim:        18456 kB
KernelStack:        3216 kB
PageTables:         8696 kB
NFS_Unstable:          0 kB
Bounce:                0 kB
WritebackTmp:          0 kB
CommitLimit:     6091876 kB
Committed_AS:    3479204 kB
VmallocTotal:     122880 kB
VmallocUsed:       19388 kB
VmallocChunk:      82208 kB
AnonHugePages:    397312 kB
HugePages_Total:       0
HugePages_Free:        0
HugePages_Rsvd:        0
HugePages_Surp:        0
Hugepagesize:       2048 kB
DirectMap4k:       17400 kB
DirectMap2M:      890880 kB


CPU:total 2 (2 cores per cpu, 1 threads per core) family 6 model 55 stepping 8, cmov, cx8, fxsr, mmx, sse, sse2, sse3, ssse3, sse4.1, sse4.2, popcnt, erms, tsc, tscinvbit

/proc/cpuinfo:
processor	: 0
vendor_id	: GenuineIntel
cpu family	: 6
model		: 55
model name	: Intel(R) Celeron(R) CPU  N2840  @ 2.16GHz
stepping	: 8
microcode	: 0x809
cpu MHz		: 2582.293
cache size	: 1024 KB
physical id	: 0
siblings	: 2
core id		: 0
cpu cores	: 2
apicid		: 0
initial apicid	: 0
fdiv_bug	: no
f00f_bug	: no
coma_bug	: no
fpu		: yes
fpu_exception	: yes
cpuid level	: 11
wp		: yes
flags		: fpu vme de pse tsc msr pae mce cx8 apic sep mtrr pge mca cmov pat pse36 clflush dts acpi mmx fxsr sse sse2 ss ht tm pbe nx rdtscp lm constant_tsc arch_perfmon pebs bts xtopology nonstop_tsc aperfmperf pni pclmulqdq dtes64 monitor ds_cpl vmx est tm2 ssse3 cx16 xtpr pdcm sse4_1 sse4_2 movbe popcnt tsc_deadline_timer rdrand lahf_lm 3dnowprefetch ida arat epb dtherm tpr_shadow vnmi flexpriority ept vpid tsc_adjust smep erms
bogomips	: 4326.40
clflush size	: 64
cache_alignment	: 64
address sizes	: 36 bits physical, 48 bits virtual
power management:

processor	: 1
vendor_id	: GenuineIntel
cpu family	: 6
model		: 55
model name	: Intel(R) Celeron(R) CPU  N2840  @ 2.16GHz
stepping	: 8
microcode	: 0x809
cpu MHz		: 2582.293
cache size	: 1024 KB
physical id	: 0
siblings	: 2
core id		: 1
cpu cores	: 2
apicid		: 2
initial apicid	: 2
fdiv_bug	: no
f00f_bug	: no
coma_bug	: no
fpu		: yes
fpu_exception	: yes
cpuid level	: 11
wp		: yes
flags		: fpu vme de pse tsc msr pae mce cx8 apic sep mtrr pge mca cmov pat pse36 clflush dts acpi mmx fxsr sse sse2 ss ht tm pbe nx rdtscp lm constant_tsc arch_perfmon pebs bts xtopology nonstop_tsc aperfmperf pni pclmulqdq dtes64 monitor ds_cpl vmx est tm2 ssse3 cx16 xtpr pdcm sse4_1 sse4_2 movbe popcnt tsc_deadline_timer rdrand lahf_lm 3dnowprefetch ida arat epb dtherm tpr_shadow vnmi flexpriority ept vpid tsc_adjust smep erms
bogomips	: 4326.40
clflush size	: 64
cache_alignment	: 64
address sizes	: 36 bits physical, 48 bits virtual
power management:



Memory: 4k page, physical 4032724k(1284744k free), swap 4075516k(4075300k free)

vm_info: OpenJDK Server VM (24.111-b01) for linux-x86 JRE (1.7.0_111-b01), built on Aug 12 2016 05:32:15 by "buildd" with gcc 4.8.4

time: Wed Nov 16 10:46:15 2016
elapsed time: 5 seconds

