#
# A fatal error has been detected by the Java Runtime Environment:
#
#  SIGSEGV (0xb) at pc=0xb617fe06, pid=19658, tid=3046192896
#
# JRE version: OpenJDK Runtime Environment (7.0_111-b01) (build 1.7.0_111-b01)
# Java VM: OpenJDK Server VM (24.111-b01 mixed mode linux-x86 )
# Derivative: IcedTea 2.6.7
# Distribution: Ubuntu 14.04 LTS, package 7u111-2.6.7-0ubuntu0.14.04.3
# Problematic frame:
# C  [libc.so.6+0x76e06]  cfree+0x26
#
# Failed to write core dump. Core dumps have been disabled. To enable core dumping, try "ulimit -c unlimited" before starting Java again
#
# If you would like to submit a bug report, please include
# instructions on how to reproduce the bug and visit:
#   http://icedtea.classpath.org/bugzilla
# The crash happened outside the Java Virtual Machine in native code.
# See problematic frame for where to report the bug.
#

---------------  T H R E A D  ---------------

Current thread (0x08c55000):  JavaThread "main" [_thread_in_native, id=19658, stack(0xbf930000,0xbf980000)]

siginfo:si_signo=SIGSEGV: si_errno=0, si_code=1 (SEGV_MAPERR), si_addr=0x3feffffc

Registers:
EAX=0x00000000, EBX=0xb62b4000, ECX=0x3ff00000, EDX=0x3feffff8
ESP=0xbf97db70, EBP=0xbf97dc18, ESI=0x08fc2a90, EDI=0x08fc2908
EIP=0xb617fe06, EFLAGS=0x00010206, CR2=0x3feffffc

Top of Stack: (sp=0xbf97db70)
0xbf97db70:   b62b4ac0 b62b4d80 b5913700 b6203420
0xbf97db80:   b62b4ac0 b617fde6 b63b5000 b631d82f
0xbf97db90:   3ff00000 00000000 b62033a9 08fc2a10
0xbf97dba0:   08fc2a90 08fc2908 08fc2a10 0809147a
0xbf97dbb0:   3ff00000 080a4e7f 00000001 00000004
0xbf97dbc0:   3ff00000 00000000 3ff00000 00000000
0xbf97dbd0:   08fc2a50 08fc2a90 08fc2a70 08fc2a30
0xbf97dbe0:   08fc2a10 08fc29f0 08fc2908 08fd0190 

Instructions: (pc=0xb617fe06)
0xb617fde6:   81 c3 1a 42 13 00 83 ec 18 8b 4c 24 20 8b 83 60
0xb617fdf6:   ff ff ff 8b 00 85 c0 75 6f 85 c9 74 7d 8d 51 f8
0xb617fe06:   8b 49 fc f6 c1 02 75 2a 83 e1 04 8d 83 20 04 00
0xb617fe16:   00 74 09 89 d0 25 00 00 f0 ff 8b 00 c7 44 24 20 

Register to memory mapping:

EAX=0x00000000 is an unknown value
EBX=0xb62b4000: <offset 0x1ab000> in /lib/i386-linux-gnu/libc.so.6 at 0xb6109000
ECX=0x3ff00000 is an unknown value
EDX=0x3feffff8 is an unknown value
ESP=0xbf97db70 is pointing into the stack for thread: 0x08c55000
EBP=0xbf97dc18 is pointing into the stack for thread: 0x08c55000
ESI=0x08fc2a90 is an unknown value
EDI=0x08fc2908 is an unknown value


Stack: [0xbf930000,0xbf980000],  sp=0xbf97db70,  free space=310k
Native frames: (J=compiled Java code, j=interpreted, Vv=VM code, C=native code)
C  [libc.so.6+0x76e06]  cfree+0x26


---------------  P R O C E S S  ---------------

Java Threads: ( => current thread )
  0x09407000 JavaThread "J3D-InputDeviceScheduler-1" [_thread_blocked, id=19690, stack(0x64f4d000,0x64f9e000)]
  0x09405400 JavaThread "J3D-SoundSchedulerUpdateThread-1" [_thread_blocked, id=19689, stack(0x650ee000,0x6513f000)]
  0x09403800 JavaThread "J3D-RenderStructureUpdateThread-1" [_thread_blocked, id=19688, stack(0x6513f000,0x65190000)]
  0x09628400 JavaThread "J3D-BehaviorScheduler-1" [_thread_blocked, id=19687, stack(0x65190000,0x651e1000)]
  0x09624c00 JavaThread "J3D-TransformStructureUpdateThread-1" [_thread_in_Java, id=19686, stack(0x651e1000,0x65232000)]
  0x093a0400 JavaThread "J3D-RenderingEnvironmentStructureUpdateThread-1" [_thread_blocked, id=19685, stack(0x65232000,0x65283000)]
  0x093a3c00 JavaThread "J3D-SoundStructureUpdateThread-1" [_thread_blocked, id=19684, stack(0x65283000,0x652d4000)]
  0x093a3400 JavaThread "J3D-GeometryStructureUpdateThread-1" [_thread_blocked, id=19683, stack(0x652d4000,0x65325000)]
  0x09403400 JavaThread "J3D-BehaviorStructureUpdateThread-1" [_thread_blocked, id=19682, stack(0x6409e000,0x640ef000)]
  0x0944e800 JavaThread "AWT-EventQueue-0" [_thread_blocked, id=19681, stack(0x6555e000,0x655af000)]
  0x0944e000 JavaThread "AWT-Shutdown" [_thread_blocked, id=19680, stack(0x6550d000,0x6555e000)]
  0x091cb000 JavaThread "Image Fetcher 0" daemon [_thread_blocked, id=19679, stack(0x653af000,0x65400000)]
  0x091b4000 JavaThread "Timer-0" daemon [_thread_blocked, id=19676, stack(0x655af000,0x65600000)]
  0x09166000 JavaThread "J3D-Renderer-1" [_thread_blocked, id=19675, stack(0x65e33000,0x65e84000)]
  0x09161400 JavaThread "J3D-MasterControl-1" [_thread_blocked, id=19674, stack(0x65e84000,0x65ed5000)]
  0x0914d800 JavaThread "J3D-NotificationThread" [_thread_blocked, id=19673, stack(0x65ed5000,0x65f26000)]
  0x0917e400 JavaThread "J3D-TimerThread" [_thread_blocked, id=19672, stack(0x65f26000,0x65f77000)]
  0x0918e800 JavaThread "J3D-RenderingAttributesStructureUpdateThread" [_thread_blocked, id=19671, stack(0x65f77000,0x65fc8000)]
  0x08e7f400 JavaThread "AWT-XAWT" daemon [_thread_in_native, id=19670, stack(0x6611e000,0x6616f000)]
  0x08e6e800 JavaThread "Java2D Disposer" daemon [_thread_blocked, id=19669, stack(0x6616f000,0x661c0000)]
  0x08d7b800 JavaThread "Service Thread" daemon [_thread_blocked, id=19667, stack(0x6670b000,0x6675c000)]
  0x08d79800 JavaThread "C2 CompilerThread1" daemon [_thread_blocked, id=19666, stack(0x6675c000,0x667dd000)]
  0x08d77800 JavaThread "C2 CompilerThread0" daemon [_thread_blocked, id=19665, stack(0x667dd000,0x6685e000)]
  0x08d76000 JavaThread "Signal Dispatcher" daemon [_thread_blocked, id=19664, stack(0x6685e000,0x668af000)]
  0x08d64000 JavaThread "Finalizer" daemon [_thread_blocked, id=19663, stack(0x66aaf000,0x66b00000)]
  0x08d5f000 JavaThread "Reference Handler" daemon [_thread_blocked, id=19662, stack(0x66c08000,0x66c59000)]
=>0x08c55000 JavaThread "main" [_thread_in_native, id=19658, stack(0xbf930000,0xbf980000)]

Other Threads:
  0x08d5c800 VMThread [stack: 0x66c59000,0x66cda000] [id=19661]
  0x08d7d800 WatcherThread [stack: 0x6668a000,0x6670b000] [id=19668]

VM state:not at safepoint (normal execution)

VM Mutex/Monitor currently owned by a thread: None

Heap
 PSYoungGen      total 72448K, used 15966K [0x9ae80000, 0xa2d80000, 0xaf740000)
  eden space 56576K, 10% used [0x9ae80000,0x9b471570,0x9e5c0000)
  from space 15872K, 62% used [0x9e5c0000,0x9ef664d0,0x9f540000)
  to   space 15872K, 0% used [0xa1e00000,0xa1e00000,0xa2d80000)
 ParOldGen       total 40704K, used 8158K [0x71d40000, 0x74500000, 0x9ae80000)
  object space 40704K, 20% used [0x71d40000,0x72537900,0x74500000)
 PSPermGen       total 25856K, used 13962K [0x69d40000, 0x6b680000, 0x71d40000)
  object space 25856K, 53% used [0x69d40000,0x6aae2870,0x6b680000)

Card table byte_map: [0x69b12000,0x69d40000] byte_map_base: 0x697c3600

Polling page: 0xb777f000

Code Cache  [0xaf814000, 0xafa54000, 0xb2814000)
 total_blobs=589 nmethods=253 adapters=290 free_code_cache=48265Kb largest_free_block=49376128

Compilation events (10 events):
Event: 4.559 Thread 0x08d77800 nmethod 266 0xaf8e3488 code [0xaf8e3560, 0xaf8e35d0]
Event: 4.617 Thread 0x08d77800  267             java.lang.StringBuilder::<init> (7 bytes)
Event: 4.618 Thread 0x08d77800 nmethod 267 0xaf8978c8 code [0xaf8979c0, 0xaf897a90]
Event: 4.639 Thread 0x08d77800  268             sun.java2d.loops.GraphicsPrimitive::getUniqueID (5 bytes)
Event: 4.640 Thread 0x08d77800 nmethod 268 0xaf897748 code [0xaf897820, 0xaf897870]
Event: 4.688 Thread 0x08d79800 nmethod 251% 0xaf8f42c8 code [0xaf8f4880, 0xaf8f7a48]
Event: 5.212 Thread 0x08d77800  269             javax.vecmath.Tuple3d::set (17 bytes)
Event: 5.212 Thread 0x08d77800 nmethod 269 0xaf8ea9c8 code [0xaf8eaaa0, 0xaf8eaaf0]
Event: 5.212 Thread 0x08d77800  270             javax.media.j3d.Transform3D::transform (151 bytes)
Event: 5.215 Thread 0x08d77800 nmethod 270 0xaf8ea6c8 code [0xaf8ea7c0, 0xaf8ea8d0]

GC Heap History (10 events):
Event: 2.637 GC heap before
{Heap before GC invocations=4 (full 0):
 PSYoungGen      total 18432K, used 18429K [0x9ae80000, 0x9d280000, 0xaf740000)
  eden space 15872K, 100% used [0x9ae80000,0x9be00000,0x9be00000)
  from space 2560K, 99% used [0x9be00000,0x9c07f478,0x9c080000)
  to   space 2560K, 0% used [0x9d000000,0x9d000000,0x9d280000)
 ParOldGen       total 41984K, used 12664K [0x71d40000, 0x74640000, 0x9ae80000)
  object space 41984K, 30% used [0x71d40000,0x7299e330,0x74640000)
 PSPermGen       total 16384K, used 12172K [0x69d40000, 0x6ad40000, 0x71d40000)
  object space 16384K, 74% used [0x69d40000,0x6a923330,0x6ad40000)
Event: 2.684 GC heap after
Heap after GC invocations=4 (full 0):
 PSYoungGen      total 34304K, used 2553K [0x9ae80000, 0x9d280000, 0xaf740000)
  eden space 31744K, 0% used [0x9ae80000,0x9ae80000,0x9cd80000)
  from space 2560K, 99% used [0x9d000000,0x9d27e548,0x9d280000)
  to   space 2560K, 0% used [0x9cd80000,0x9cd80000,0x9d000000)
 ParOldGen       total 41984K, used 22096K [0x71d40000, 0x74640000, 0x9ae80000)
  object space 41984K, 52% used [0x71d40000,0x732d42f0,0x74640000)
 PSPermGen       total 16384K, used 12172K [0x69d40000, 0x6ad40000, 0x71d40000)
  object space 16384K, 74% used [0x69d40000,0x6a923330,0x6ad40000)
}
Event: 3.077 GC heap before
{Heap before GC invocations=5 (full 0):
 PSYoungGen      total 34304K, used 34297K [0x9ae80000, 0x9d280000, 0xaf740000)
  eden space 31744K, 100% used [0x9ae80000,0x9cd80000,0x9cd80000)
  from space 2560K, 99% used [0x9d000000,0x9d27e548,0x9d280000)
  to   space 2560K, 0% used [0x9cd80000,0x9cd80000,0x9d000000)
 ParOldGen       total 41984K, used 22096K [0x71d40000, 0x74640000, 0x9ae80000)
  object space 41984K, 52% used [0x71d40000,0x732d42f0,0x74640000)
 PSPermGen       total 16384K, used 12852K [0x69d40000, 0x6ad40000, 0x71d40000)
  object space 16384K, 78% used [0x69d40000,0x6a9cd168,0x6ad40000)
Event: 3.119 GC heap after
Heap after GC invocations=5 (full 0):
 PSYoungGen      total 34304K, used 2552K [0x9ae80000, 0xa0c00000, 0xaf740000)
  eden space 31744K, 0% used [0x9ae80000,0x9ae80000,0x9cd80000)
  from space 2560K, 99% used [0x9cd80000,0x9cffe120,0x9d000000)
  to   space 16128K, 0% used [0x9fc40000,0x9fc40000,0xa0c00000)
 ParOldGen       total 41984K, used 30054K [0x71d40000, 0x74640000, 0x9ae80000)
  object space 41984K, 71% used [0x71d40000,0x73a999f0,0x74640000)
 PSPermGen       total 16384K, used 12852K [0x69d40000, 0x6ad40000, 0x71d40000)
  object space 16384K, 78% used [0x69d40000,0x6a9cd168,0x6ad40000)
}
Event: 3.119 GC heap before
{Heap before GC invocations=6 (full 1):
 PSYoungGen      total 34304K, used 2552K [0x9ae80000, 0xa0c00000, 0xaf740000)
  eden space 31744K, 0% used [0x9ae80000,0x9ae80000,0x9cd80000)
  from space 2560K, 99% used [0x9cd80000,0x9cffe120,0x9d000000)
  to   space 16128K, 0% used [0x9fc40000,0x9fc40000,0xa0c00000)
 ParOldGen       total 41984K, used 30054K [0x71d40000, 0x74640000, 0x9ae80000)
  object space 41984K, 71% used [0x71d40000,0x73a999f0,0x74640000)
 PSPermGen       total 16384K, used 12852K [0x69d40000, 0x6ad40000, 0x71d40000)
  object space 16384K, 78% used [0x69d40000,0x6a9cd168,0x6ad40000)
Event: 3.220 GC heap after
Heap after GC invocations=6 (full 1):
 PSYoungGen      total 34304K, used 0K [0x9ae80000, 0xa0c00000, 0xaf740000)
  eden space 31744K, 0% used [0x9ae80000,0x9ae80000,0x9cd80000)
  from space 2560K, 0% used [0x9cd80000,0x9cd80000,0x9d000000)
  to   space 16128K, 0% used [0x9fc40000,0x9fc40000,0xa0c00000)
 ParOldGen       total 40704K, used 8158K [0x71d40000, 0x74500000, 0x9ae80000)
  object space 40704K, 20% used [0x71d40000,0x72537900,0x74500000)
 PSPermGen       total 25856K, used 12848K [0x69d40000, 0x6b680000, 0x71d40000)
  object space 25856K, 49% used [0x69d40000,0x6a9cc208,0x6b680000)
}
Event: 3.715 GC heap before
{Heap before GC invocations=7 (full 1):
 PSYoungGen      total 34304K, used 31744K [0x9ae80000, 0xa0c00000, 0xaf740000)
  eden space 31744K, 100% used [0x9ae80000,0x9cd80000,0x9cd80000)
  from space 2560K, 0% used [0x9cd80000,0x9cd80000,0x9d000000)
  to   space 16128K, 0% used [0x9fc40000,0x9fc40000,0xa0c00000)
 ParOldGen       total 40704K, used 8158K [0x71d40000, 0x74500000, 0x9ae80000)
  object space 40704K, 20% used [0x71d40000,0x72537900,0x74500000)
 PSPermGen       total 25856K, used 12892K [0x69d40000, 0x6b680000, 0x71d40000)
  object space 25856K, 49% used [0x69d40000,0x6a9d7158,0x6b680000)
Event: 3.729 GC heap after
Heap after GC invocations=7 (full 1):
 PSYoungGen      total 65280K, used 4472K [0x9ae80000, 0xa04c0000, 0xaf740000)
  eden space 56576K, 0% used [0x9ae80000,0x9ae80000,0x9e5c0000)
  from space 8704K, 51% used [0x9fc40000,0xa009e080,0xa04c0000)
  to   space 15872K, 0% used [0x9e5c0000,0x9e5c0000,0x9f540000)
 ParOldGen       total 40704K, used 8158K [0x71d40000, 0x74500000, 0x9ae80000)
  object space 40704K, 20% used [0x71d40000,0x72537900,0x74500000)
 PSPermGen       total 25856K, used 12892K [0x69d40000, 0x6b680000, 0x71d40000)
  object space 25856K, 49% used [0x69d40000,0x6a9d7158,0x6b680000)
}
Event: 4.379 GC heap before
{Heap before GC invocations=8 (full 1):
 PSYoungGen      total 65280K, used 61048K [0x9ae80000, 0xa04c0000, 0xaf740000)
  eden space 56576K, 100% used [0x9ae80000,0x9e5c0000,0x9e5c0000)
  from space 8704K, 51% used [0x9fc40000,0xa009e080,0xa04c0000)
  to   space 15872K, 0% used [0x9e5c0000,0x9e5c0000,0x9f540000)
 ParOldGen       total 40704K, used 8158K [0x71d40000, 0x74500000, 0x9ae80000)
  object space 40704K, 20% used [0x71d40000,0x72537900,0x74500000)
 PSPermGen       total 25856K, used 12936K [0x69d40000, 0x6b680000, 0x71d40000)
  object space 25856K, 50% used [0x69d40000,0x6a9e2218,0x6b680000)
Event: 4.398 GC heap after
Heap after GC invocations=8 (full 1):
 PSYoungGen      total 72448K, used 9881K [0x9ae80000, 0xa2d80000, 0xaf740000)
  eden space 56576K, 0% used [0x9ae80000,0x9ae80000,0x9e5c0000)
  from space 15872K, 62% used [0x9e5c0000,0x9ef664d0,0x9f540000)
  to   space 15872K, 0% used [0xa1e00000,0xa1e00000,0xa2d80000)
 ParOldGen       total 40704K, used 8158K [0x71d40000, 0x74500000, 0x9ae80000)
  object space 40704K, 20% used [0x71d40000,0x72537900,0x74500000)
 PSPermGen       total 25856K, used 12936K [0x69d40000, 0x6b680000, 0x71d40000)
  object space 25856K, 50% used [0x69d40000,0x6a9e2218,0x6b680000)
}

Deoptimization events (10 events):
Event: 3.288 Thread 0x08c55000 Uncommon trap: reason=unstable_if action=reinterpret pc=0xaf8b376c method=com.sun.j3d.utils.geometry.EdgeTable.<init>([I)V @ 68
Event: 3.294 Thread 0x08c55000 Uncommon trap: reason=unstable_if action=reinterpret pc=0xaf8ce030 method=sun.misc.FloatingDecimal.readJavaFormatString(Ljava/lang/String;)Lsun/misc/FloatingDecimal; @ 509
Event: 3.323 Thread 0x08c55000 Uncommon trap: reason=unstable_if action=reinterpret pc=0xaf8ac5d4 method=com.sun.j3d.utils.geometry.EdgeTable.<init>([I)V @ 68
Event: 4.440 Thread 0x08c55000 Uncommon trap: reason=unstable_if action=reinterpret pc=0xaf8cfbec method=java.util.Properties.load0(Ljava/util/Properties$LineReader;)V @ 12
Event: 4.448 Thread 0x08c55000 Uncommon trap: reason=unstable_if action=reinterpret pc=0xaf8a0208 method=java.util.ArrayList.indexOf(Ljava/lang/Object;)I @ 41
Event: 4.526 Thread 0x08c55000 Uncommon trap: reason=unstable_if action=reinterpret pc=0xaf8eb7b4 method=javax.media.j3d.GeometryArrayRetained.computeBoundingBox(I[F)V @ 30
Event: 4.628 Thread 0x08c55000 Uncommon trap: reason=bimorphic action=maybe_recompile pc=0xaf8ccfe4 method=java.util.HashMap.put(Ljava/lang/Object;Ljava/lang/Object;)Ljava/lang/Object; @ 83
Event: 4.648 Thread 0x08c55000 Uncommon trap: reason=bimorphic action=maybe_recompile pc=0xaf8ccfe4 method=java.util.HashMap.put(Ljava/lang/Object;Ljava/lang/Object;)Ljava/lang/Object; @ 83
Event: 4.650 Thread 0x08c55000 Uncommon trap: reason=bimorphic action=maybe_recompile pc=0xaf8ccfe4 method=java.util.HashMap.put(Ljava/lang/Object;Ljava/lang/Object;)Ljava/lang/Object; @ 83
Event: 4.707 Thread 0x0944e800 Uncommon trap: reason=unstable_if action=reinterpret pc=0xaf89da5c method=java.lang.Class.getName()Ljava/lang/String; @ 6

Internal exceptions (10 events):
Event: 2.840 Thread 0x08c55000 Implicit null exception at 0xaf89718d to 0xaf897775
Event: 2.944 Thread 0x08c55000 Implicit null exception at 0xaf89574d to 0xaf89616d
Event: 2.944 Thread 0x08c55000 Implicit null exception at 0xaf89574d to 0xaf89616d
Event: 2.947 Thread 0x08c55000 Implicit null exception at 0xaf89574d to 0xaf89616d
Event: 3.285 Thread 0x08c55000 Implicit null exception at 0xaf8d2213 to 0xaf8d2451
Event: 4.361 Thread 0x08c55000 Threw 0x9e53d3a0 at /build/openjdk-7-Ylwexc/openjdk-7-7u111-2.6.7/build/openjdk/hotspot/src/share/vm/prims/jvm.cpp:1322
Event: 4.442 Thread 0x08c55000 Threw 0x9afc7e68 at /build/openjdk-7-Ylwexc/openjdk-7-7u111-2.6.7/build/openjdk/hotspot/src/share/vm/prims/jvm.cpp:1322
Event: 4.442 Thread 0x08c55000 Threw 0x9afcb038 at /build/openjdk-7-Ylwexc/openjdk-7-7u111-2.6.7/build/openjdk/hotspot/src/share/vm/prims/jvm.cpp:1322
Event: 4.707 Thread 0x0944e800 Implicit null exception at 0xaf89d631 to 0xaf89da45
Event: 5.112 Thread 0x0944e800 Threw 0x9b3614e0 at /build/openjdk-7-Ylwexc/openjdk-7-7u111-2.6.7/build/openjdk/hotspot/src/share/vm/prims/jni.cpp:747

Events (10 events):
Event: 5.206 Executing VM operation: RevokeBias
Event: 5.206 Executing VM operation: RevokeBias done
Event: 5.206 Executing VM operation: RevokeBias
Event: 5.206 Executing VM operation: RevokeBias done
Event: 5.207 Executing VM operation: RevokeBias
Event: 5.207 Executing VM operation: RevokeBias done
Event: 5.207 Executing VM operation: BulkRevokeBias
Event: 5.207 Executing VM operation: BulkRevokeBias done
Event: 5.207 Executing VM operation: RevokeBias
Event: 5.207 Executing VM operation: RevokeBias done


Dynamic libraries:
08048000-080b5000 r-xp 00000000 08:01 5902081    /home/gregoire/Documents/MobileRobots/MobileRobotsProject/workR/build/exe_projectRobotran
080b5000-080b6000 r--p 0006c000 08:01 5902081    /home/gregoire/Documents/MobileRobots/MobileRobotsProject/workR/build/exe_projectRobotran
080b6000-080b7000 rw-p 0006d000 08:01 5902081    /home/gregoire/Documents/MobileRobots/MobileRobotsProject/workR/build/exe_projectRobotran
08c46000-09828000 rw-p 00000000 00:00 0          [heap]
6409e000-640a1000 ---p 00000000 00:00 0 
640a1000-640ef000 rw-p 00000000 00:00 0          [stack:19682]
64f4d000-64f50000 ---p 00000000 00:00 0 
64f50000-64f9e000 rw-p 00000000 00:00 0          [stack:19690]
64f9e000-650ee000 rw-s 00000000 00:04 45776916   /SYSV00000000 (deleted)
650ee000-650f1000 ---p 00000000 00:00 0 
650f1000-6513f000 rw-p 00000000 00:00 0          [stack:19689]
6513f000-65142000 ---p 00000000 00:00 0 
65142000-65190000 rw-p 00000000 00:00 0          [stack:19688]
65190000-65193000 ---p 00000000 00:00 0 
65193000-651e1000 rw-p 00000000 00:00 0          [stack:19687]
651e1000-651e4000 ---p 00000000 00:00 0 
651e4000-65232000 rw-p 00000000 00:00 0          [stack:19686]
65232000-65235000 ---p 00000000 00:00 0 
65235000-65283000 rw-p 00000000 00:00 0          [stack:19685]
65283000-65286000 ---p 00000000 00:00 0 
65286000-652d4000 rw-p 00000000 00:00 0          [stack:19684]
652d4000-652d7000 ---p 00000000 00:00 0 
652d7000-65325000 rw-p 00000000 00:00 0          [stack:19683]
65325000-6535a000 r-xp 00000000 08:01 18225272   /usr/lib/i386-linux-gnu/libtxc_dxtn_s2tc.so.0.0.0
6535a000-6535b000 r--p 00034000 08:01 18225272   /usr/lib/i386-linux-gnu/libtxc_dxtn_s2tc.so.0.0.0
6535b000-6535c000 rw-p 00035000 08:01 18225272   /usr/lib/i386-linux-gnu/libtxc_dxtn_s2tc.so.0.0.0
6535c000-653ac000 r-xp 00000000 08:01 18484113   /usr/lib/jvm/java-7-openjdk-i386/jre/lib/i386/libfontmanager.so
653ac000-653ae000 r--p 0004f000 08:01 18484113   /usr/lib/jvm/java-7-openjdk-i386/jre/lib/i386/libfontmanager.so
653ae000-653af000 rw-p 00051000 08:01 18484113   /usr/lib/jvm/java-7-openjdk-i386/jre/lib/i386/libfontmanager.so
653af000-653b2000 ---p 00000000 00:00 0 
653b2000-65400000 rw-p 00000000 00:00 0          [stack:19679]
65400000-654fc000 rw-p 00000000 00:00 0 
654fc000-65500000 ---p 00000000 00:00 0 
6550d000-65510000 ---p 00000000 00:00 0 
65510000-6555e000 rw-p 00000000 00:00 0          [stack:19680]
6555e000-65561000 ---p 00000000 00:00 0 
65561000-655af000 rw-p 00000000 00:00 0          [stack:19681]
655af000-655b2000 ---p 00000000 00:00 0 
655b2000-65600000 rw-p 00000000 00:00 0          [stack:19676]
65600000-65631000 rw-p 00000000 00:00 0 
65631000-65700000 ---p 00000000 00:00 0 
65724000-6572a000 rw-p 00000000 00:00 0 
6572a000-65731000 r--s 00000000 08:01 18219920   /usr/lib/i386-linux-gnu/gconv/gconv-modules.cache
65731000-65742000 r-xp 00000000 08:01 18483846   /usr/lib/jvm/java-7-openjdk-i386/jre/lib/i386/libnio.so
65742000-65743000 r--p 00010000 08:01 18483846   /usr/lib/jvm/java-7-openjdk-i386/jre/lib/i386/libnio.so
65743000-65744000 rw-p 00011000 08:01 18483846   /usr/lib/jvm/java-7-openjdk-i386/jre/lib/i386/libnio.so
65744000-6574d000 r-xp 00000000 08:01 18225079   /usr/lib/i386-linux-gnu/libpciaccess.so.0.11.1
6574d000-6574e000 r--p 00008000 08:01 18225079   /usr/lib/i386-linux-gnu/libpciaccess.so.0.11.1
6574e000-6574f000 rw-p 00009000 08:01 18225079   /usr/lib/i386-linux-gnu/libpciaccess.so.0.11.1
6574f000-6575a000 r-xp 00000000 08:01 18221979   /usr/lib/i386-linux-gnu/libdrm_radeon.so.1.0.1
6575a000-6575b000 r--p 0000a000 08:01 18221979   /usr/lib/i386-linux-gnu/libdrm_radeon.so.1.0.1
6575b000-6575c000 rw-p 0000b000 08:01 18221979   /usr/lib/i386-linux-gnu/libdrm_radeon.so.1.0.1
6575c000-65763000 r-xp 00000000 08:01 18221982   /usr/lib/i386-linux-gnu/libdrm_nouveau.so.2.0.0
65763000-65764000 r--p 00006000 08:01 18221982   /usr/lib/i386-linux-gnu/libdrm_nouveau.so.2.0.0
65764000-65765000 rw-p 00007000 08:01 18221982   /usr/lib/i386-linux-gnu/libdrm_nouveau.so.2.0.0
65765000-65786000 r-xp 00000000 08:01 18221790   /usr/lib/i386-linux-gnu/libdrm_intel.so.1.0.0
65786000-65787000 r--p 00020000 08:01 18221790   /usr/lib/i386-linux-gnu/libdrm_intel.so.1.0.0
65787000-65788000 rw-p 00021000 08:01 18221790   /usr/lib/i386-linux-gnu/libdrm_intel.so.1.0.0
65788000-65db2000 r-xp 00000000 08:01 18219429   /usr/lib/i386-linux-gnu/dri/i965_dri.so
65db2000-65dd3000 r--p 00629000 08:01 18219429   /usr/lib/i386-linux-gnu/dri/i965_dri.so
65dd3000-65dd9000 rw-p 0064a000 08:01 18219429   /usr/lib/i386-linux-gnu/dri/i965_dri.so
65dd9000-65ddf000 rw-p 00000000 00:00 0 
65ddf000-65de7000 r-xp 00000000 08:01 20841527   /lib/i386-linux-gnu/libnih-dbus.so.1.0.0
65de7000-65de8000 r--p 00007000 08:01 20841527   /lib/i386-linux-gnu/libnih-dbus.so.1.0.0
65de8000-65de9000 rw-p 00008000 08:01 20841527   /lib/i386-linux-gnu/libnih-dbus.so.1.0.0
65de9000-65e00000 r-xp 00000000 08:01 20841529   /lib/i386-linux-gnu/libnih.so.1.0.0
65e00000-65e01000 r--p 00016000 08:01 20841529   /lib/i386-linux-gnu/libnih.so.1.0.0
65e01000-65e02000 rw-p 00017000 08:01 20841529   /lib/i386-linux-gnu/libnih.so.1.0.0
65e02000-65e1e000 r-xp 00000000 08:01 20841579   /lib/i386-linux-gnu/libcgmanager.so.0.0.0
65e1e000-65e1f000 r--p 0001b000 08:01 20841579   /lib/i386-linux-gnu/libcgmanager.so.0.0.0
65e1f000-65e20000 rw-p 0001c000 08:01 20841579   /lib/i386-linux-gnu/libcgmanager.so.0.0.0
65e20000-65e31000 r-xp 00000000 08:01 20840723   /lib/i386-linux-gnu/libudev.so.1.3.5
65e31000-65e32000 r--p 00010000 08:01 20840723   /lib/i386-linux-gnu/libudev.so.1.3.5
65e32000-65e33000 rw-p 00011000 08:01 20840723   /lib/i386-linux-gnu/libudev.so.1.3.5
65e33000-65e36000 ---p 00000000 00:00 0 
65e36000-65e84000 rw-p 00000000 00:00 0          [stack:19675]
65e84000-65e87000 ---p 00000000 00:00 0 
65e87000-65ed5000 rw-p 00000000 00:00 0          [stack:19674]
65ed5000-65ed8000 ---p 00000000 00:00 0 
65ed8000-65f26000 rw-p 00000000 00:00 0          [stack:19673]
65f26000-65f29000 ---p 00000000 00:00 0 
65f29000-65f77000 rw-p 00000000 00:00 0          [stack:19672]
65f77000-65f7a000 ---p 00000000 00:00 0 
65f7a000-65fc8000 rw-p 00000000 00:00 0          [stack:19671]
65fc8000-65fd6000 r-xp 00000000 08:01 18222710   /usr/lib/i386-linux-gnu/libdrm.so.2.4.0
65fd6000-65fd7000 r--p 0000d000 08:01 18222710   /usr/lib/i386-linux-gnu/libdrm.so.2.4.0
65fd7000-65fd8000 rw-p 0000e000 08:01 18222710   /usr/lib/i386-linux-gnu/libdrm.so.2.4.0
65fd8000-65fdc000 r-xp 00000000 08:01 18225362   /usr/lib/i386-linux-gnu/libxcb-dri2.so.0.0.0
65fdc000-65fdd000 r--p 00003000 08:01 18225362   /usr/lib/i386-linux-gnu/libxcb-dri2.so.0.0.0
65fdd000-65fde000 rw-p 00004000 08:01 18225362   /usr/lib/i386-linux-gnu/libxcb-dri2.so.0.0.0
65fde000-65ff4000 r-xp 00000000 08:01 18225366   /usr/lib/i386-linux-gnu/libxcb-glx.so.0.0.0
65ff4000-65ff5000 r--p 00016000 08:01 18225366   /usr/lib/i386-linux-gnu/libxcb-glx.so.0.0.0
65ff5000-65ff6000 rw-p 00017000 08:01 18225366   /usr/lib/i386-linux-gnu/libxcb-glx.so.0.0.0
65ff6000-65ff7000 r-xp 00000000 08:01 18224322   /usr/lib/i386-linux-gnu/libX11-xcb.so.1.0.0
65ff7000-65ff8000 r--p 00000000 08:01 18224322   /usr/lib/i386-linux-gnu/libX11-xcb.so.1.0.0
65ff8000-65ff9000 rw-p 00001000 08:01 18224322   /usr/lib/i386-linux-gnu/libX11-xcb.so.1.0.0
65ff9000-65ffb000 r-xp 00000000 08:01 18224337   /usr/lib/i386-linux-gnu/libXdamage.so.1.1.0
65ffb000-65ffc000 r--p 00001000 08:01 18224337   /usr/lib/i386-linux-gnu/libXdamage.so.1.1.0
65ffc000-65ffd000 rw-p 00002000 08:01 18224337   /usr/lib/i386-linux-gnu/libXdamage.so.1.1.0
65ffd000-66010000 r-xp 00000000 08:01 18224101   /usr/lib/i386-linux-gnu/libglapi.so.0.0.0
66010000-66012000 r--p 00013000 08:01 18224101   /usr/lib/i386-linux-gnu/libglapi.so.0.0.0
66012000-66018000 rwxp 00015000 08:01 18224101   /usr/lib/i386-linux-gnu/libglapi.so.0.0.0
66018000-66019000 r-xp 00000000 08:01 18225404   /usr/lib/i386-linux-gnu/libxshmfence.so.1.0.0
66019000-6601a000 r--p 00000000 08:01 18225404   /usr/lib/i386-linux-gnu/libxshmfence.so.1.0.0
6601a000-6601b000 rw-p 00001000 08:01 18225404   /usr/lib/i386-linux-gnu/libxshmfence.so.1.0.0
6601b000-66020000 r-xp 00000000 08:01 18225386   /usr/lib/i386-linux-gnu/libxcb-sync.so.1.0.0
66020000-66021000 r--p 00004000 08:01 18225386   /usr/lib/i386-linux-gnu/libxcb-sync.so.1.0.0
66021000-66022000 rw-p 00005000 08:01 18225386   /usr/lib/i386-linux-gnu/libxcb-sync.so.1.0.0
66022000-66024000 r-xp 00000000 08:01 18225374   /usr/lib/i386-linux-gnu/libxcb-present.so.0.0.0
66024000-66025000 r--p 00001000 08:01 18225374   /usr/lib/i386-linux-gnu/libxcb-present.so.0.0.0
66025000-66026000 rw-p 00002000 08:01 18225374   /usr/lib/i386-linux-gnu/libxcb-present.so.0.0.0
66026000-66028000 r-xp 00000000 08:01 18225364   /usr/lib/i386-linux-gnu/libxcb-dri3.so.0.0.0
66028000-66029000 r--p 00001000 08:01 18225364   /usr/lib/i386-linux-gnu/libxcb-dri3.so.0.0.0
66029000-6602a000 rw-p 00002000 08:01 18225364   /usr/lib/i386-linux-gnu/libxcb-dri3.so.0.0.0
6602a000-66085000 r-xp 00000000 08:01 18219640   /usr/lib/i386-linux-gnu/mesa/libGL.so.1.2.0
66085000-66086000 ---p 0005b000 08:01 18219640   /usr/lib/i386-linux-gnu/mesa/libGL.so.1.2.0
66086000-66088000 r--p 0005b000 08:01 18219640   /usr/lib/i386-linux-gnu/mesa/libGL.so.1.2.0
66088000-6608d000 rwxp 0005d000 08:01 18219640   /usr/lib/i386-linux-gnu/mesa/libGL.so.1.2.0
6608d000-66091000 rw-p 00000000 00:00 0 
66091000-66092000 rw-s 00000000 00:04 59440      /drm mm object (deleted)
66092000-660aa000 r-xp 00000000 08:01 18483833   /usr/lib/jvm/java-7-openjdk-i386/jre/lib/i386/libnet.so
660aa000-660ab000 r--p 00017000 08:01 18483833   /usr/lib/jvm/java-7-openjdk-i386/jre/lib/i386/libnet.so
660ab000-660ac000 rw-p 00018000 08:01 18483833   /usr/lib/jvm/java-7-openjdk-i386/jre/lib/i386/libnet.so
660ac000-660cd000 r-xp 00000000 08:01 18352082   /usr/lib/jni/libj3dcore-ogl.so
660cd000-660ce000 rw-p 00020000 08:01 18352082   /usr/lib/jni/libj3dcore-ogl.so
660ce000-660cf000 r-xp 00000000 08:01 18484119   /usr/lib/jvm/java-7-openjdk-i386/jre/lib/i386/libjawt.so
660cf000-660d0000 r--p 00000000 08:01 18484119   /usr/lib/jvm/java-7-openjdk-i386/jre/lib/i386/libjawt.so
660d0000-660d1000 rw-p 00001000 08:01 18484119   /usr/lib/jvm/java-7-openjdk-i386/jre/lib/i386/libjawt.so
660d1000-660d5000 r--s 00019000 08:01 5770159    /home/gregoire/Documents/MobileRobots/MobileRobotsProject/mbsysCopy/mbsyspad/lib/matlabcontrol-4.0.0.jar
660d5000-660f2000 r--s 0014f000 08:01 5770160    /home/gregoire/Documents/MobileRobots/MobileRobotsProject/mbsysCopy/mbsyspad/lib/swingx-all-1.6.4.jar
660f2000-660f3000 r--s 00017000 08:01 5770146    /home/gregoire/Documents/MobileRobots/MobileRobotsProject/mbsysCopy/mbsyspad/lib/j3D.jar
660f3000-660f5000 r--s 0004c000 08:01 5770161    /home/gregoire/Documents/MobileRobots/MobileRobotsProject/mbsysCopy/mbsyspad/lib/vecmath.jar
660f5000-66103000 r--s 00193000 08:01 5770149    /home/gregoire/Documents/MobileRobots/MobileRobotsProject/mbsysCopy/mbsyspad/lib/j3dutils.jar
66103000-66107000 r--s 0004f000 08:01 18484133   /usr/lib/jvm/java-7-openjdk-i386/jre/lib/jsse.jar
66107000-66113000 r--s 002c7000 08:01 5770148    /home/gregoire/Documents/MobileRobots/MobileRobotsProject/mbsysCopy/mbsyspad/lib/j3dcore.jar
66113000-6611e000 r--s 00108000 08:01 5770152    /home/gregoire/Documents/MobileRobots/MobileRobotsProject/mbsysCopy/mbsyspad/lib/jogl.jar
6611e000-66121000 ---p 00000000 00:00 0 
66121000-6616f000 rw-p 00000000 00:00 0          [stack:19670]
6616f000-66172000 ---p 00000000 00:00 0 
66172000-661c0000 rw-p 00000000 00:00 0          [stack:19669]
661c0000-661fc000 r-xp 00000000 08:01 20840700   /lib/i386-linux-gnu/libpcre.so.3.13.1
661fc000-661fd000 r--p 0003b000 08:01 20840700   /lib/i386-linux-gnu/libpcre.so.3.13.1
661fd000-661fe000 rw-p 0003c000 08:01 20840700   /lib/i386-linux-gnu/libpcre.so.3.13.1
661fe000-6621e000 r-xp 00000000 08:01 20841595   /lib/i386-linux-gnu/libselinux.so.1
6621e000-6621f000 r--p 0001f000 08:01 20841595   /lib/i386-linux-gnu/libselinux.so.1
6621f000-66220000 rw-p 00020000 08:01 20841595   /lib/i386-linux-gnu/libselinux.so.1
66220000-66221000 rw-p 00000000 00:00 0 
66221000-6632b000 r-xp 00000000 08:01 20841496   /lib/i386-linux-gnu/libglib-2.0.so.0.4002.0
6632b000-6632c000 r--p 00109000 08:01 20841496   /lib/i386-linux-gnu/libglib-2.0.so.0.4002.0
6632c000-6632d000 rw-p 0010a000 08:01 20841496   /lib/i386-linux-gnu/libglib-2.0.so.0.4002.0
6632d000-66352000 r-xp 00000000 08:01 20840645   /lib/i386-linux-gnu/libexpat.so.1.6.0
66352000-66353000 ---p 00025000 08:01 20840645   /lib/i386-linux-gnu/libexpat.so.1.6.0
66353000-66355000 r--p 00025000 08:01 20840645   /lib/i386-linux-gnu/libexpat.so.1.6.0
66355000-66356000 rw-p 00027000 08:01 20840645   /lib/i386-linux-gnu/libexpat.so.1.6.0
66356000-663a6000 r-xp 00000000 08:01 18224739   /usr/lib/i386-linux-gnu/libgobject-2.0.so.0.4002.0
663a6000-663a7000 r--p 0004f000 08:01 18224739   /usr/lib/i386-linux-gnu/libgobject-2.0.so.0.4002.0
663a7000-663a8000 rw-p 00050000 08:01 18224739   /usr/lib/i386-linux-gnu/libgobject-2.0.so.0.4002.0
663a8000-66525000 r-xp 00000000 08:01 18224711   /usr/lib/i386-linux-gnu/libgio-2.0.so.0.4002.0
66525000-66527000 r--p 0017d000 08:01 18224711   /usr/lib/i386-linux-gnu/libgio-2.0.so.0.4002.0
66527000-66528000 rw-p 0017f000 08:01 18224711   /usr/lib/i386-linux-gnu/libgio-2.0.so.0.4002.0
66528000-66529000 rw-p 00000000 00:00 0 
66529000-66562000 r-xp 00000000 08:01 18226186   /usr/lib/i386-linux-gnu/libfontconfig.so.1.8.0
66562000-66563000 r--p 00039000 08:01 18226186   /usr/lib/i386-linux-gnu/libfontconfig.so.1.8.0
66563000-66564000 rw-p 0003a000 08:01 18226186   /usr/lib/i386-linux-gnu/libfontconfig.so.1.8.0
66564000-66568000 r--s 00020000 08:01 5770143    /home/gregoire/Documents/MobileRobots/MobileRobotsProject/mbsysCopy/mbsyspad/lib/commons-digester-1.8.jar
66568000-6656d000 r--s 0002a000 08:01 5770141    /home/gregoire/Documents/MobileRobots/MobileRobotsProject/mbsysCopy/mbsyspad/lib/commons-beanutils.jar
6656d000-66573000 r--s 00056000 08:01 5770147    /home/gregoire/Documents/MobileRobots/MobileRobotsProject/mbsysCopy/mbsyspad/lib/j3d-vrml97.jar
66573000-66579000 r--s 00047000 08:01 5770144    /home/gregoire/Documents/MobileRobots/MobileRobotsProject/mbsysCopy/mbsyspad/lib/flamingo.jar
66579000-66583000 r--s 000ae000 08:01 18483207   /usr/lib/jvm/java-7-openjdk-i386/jre/lib/resources.jar
66583000-665cb000 r-xp 00000000 08:01 19923017   /usr/lib/jvm/java-7-openjdk-i386/jre/lib/i386/xawt/libmawt.so
665cb000-665cc000 r--p 00048000 08:01 19923017   /usr/lib/jvm/java-7-openjdk-i386/jre/lib/i386/xawt/libmawt.so
665cc000-665ce000 rw-p 00049000 08:01 19923017   /usr/lib/jvm/java-7-openjdk-i386/jre/lib/i386/xawt/libmawt.so
665ce000-665cf000 rw-p 00000000 00:00 0 
665cf000-6665e000 r-xp 00000000 08:01 18484117   /usr/lib/jvm/java-7-openjdk-i386/jre/lib/i386/libawt.so
6665e000-6665f000 r--p 0008f000 08:01 18484117   /usr/lib/jvm/java-7-openjdk-i386/jre/lib/i386/libawt.so
6665f000-66666000 rw-p 00090000 08:01 18484117   /usr/lib/jvm/java-7-openjdk-i386/jre/lib/i386/libawt.so
66666000-6668a000 rw-p 00000000 00:00 0 
6668a000-6668b000 ---p 00000000 00:00 0 
6668b000-6670b000 rw-p 00000000 00:00 0          [stack:19668]
6670b000-6670e000 ---p 00000000 00:00 0 
6670e000-6675c000 rw-p 00000000 00:00 0          [stack:19667]
6675c000-6675f000 ---p 00000000 00:00 0 
6675f000-667dd000 rw-p 00000000 00:00 0          [stack:19666]
667dd000-667e0000 ---p 00000000 00:00 0 
667e0000-6685e000 rw-p 00000000 00:00 0          [stack:19665]
6685e000-66861000 ---p 00000000 00:00 0 
66861000-668af000 rw-p 00000000 00:00 0          [stack:19664]
668af000-66aaf000 r--p 00000000 08:01 18227311   /usr/lib/locale/locale-archive
66aaf000-66ab2000 ---p 00000000 00:00 0 
66ab2000-66b00000 rw-p 00000000 00:00 0          [stack:19663]
66b00000-66c00000 rw-p 00000000 00:00 0 
66c00000-66c02000 r--s 00018000 08:01 18483205   /usr/lib/jvm/java-7-openjdk-i386/jre/lib/jce.jar
66c02000-66c03000 r--s 00004000 08:01 5770145    /home/gregoire/Documents/MobileRobots/MobileRobotsProject/mbsysCopy/mbsyspad/lib/gluegen-rt.jar
66c03000-66c06000 r-xp 00000000 08:01 18224723   /usr/lib/i386-linux-gnu/libgmodule-2.0.so.0.4002.0
66c06000-66c07000 r--p 00002000 08:01 18224723   /usr/lib/i386-linux-gnu/libgmodule-2.0.so.0.4002.0
66c07000-66c08000 rw-p 00003000 08:01 18224723   /usr/lib/i386-linux-gnu/libgmodule-2.0.so.0.4002.0
66c08000-66c0b000 ---p 00000000 00:00 0 
66c0b000-66c59000 rw-p 00000000 00:00 0          [stack:19662]
66c59000-66c5a000 ---p 00000000 00:00 0 
66c5a000-66d23000 rw-p 00000000 00:00 0          [stack:19661]
66d23000-66ed6000 r--s 01d3d000 08:01 18483206   /usr/lib/jvm/java-7-openjdk-i386/jre/lib/rt.jar
66ed6000-69600000 rw-p 00000000 00:00 0 
69600000-69621000 rw-p 00000000 00:00 0 
69621000-69700000 ---p 00000000 00:00 0 
69700000-69702000 r--s 0002a000 08:01 5770140    /home/gregoire/Documents/MobileRobots/MobileRobotsProject/mbsysCopy/mbsyspad/lib/MBsysComJ.jar
69702000-69707000 r-xp 00000000 08:01 18224369   /usr/lib/i386-linux-gnu/libXtst.so.6.1.0
69707000-69708000 r--p 00004000 08:01 18224369   /usr/lib/i386-linux-gnu/libXtst.so.6.1.0
69708000-69709000 rw-p 00005000 08:01 18224369   /usr/lib/i386-linux-gnu/libXtst.so.6.1.0
69709000-6977f000 rw-p 00000000 00:00 0 
6977f000-69780000 ---p 00000000 00:00 0 
69780000-69800000 rw-p 00000000 00:00 0          [stack:19660]
69800000-69900000 rw-p 00000000 00:00 0 
69900000-69901000 r--s 00001000 08:01 5770151    /home/gregoire/Documents/MobileRobots/MobileRobotsProject/mbsysCopy/mbsyspad/lib/jnlp.jar
69901000-69904000 r--s 00023000 08:01 5770150    /home/gregoire/Documents/MobileRobots/MobileRobotsProject/mbsysCopy/mbsyspad/lib/jdom.jar
69904000-69906000 r-xp 00000000 08:01 18224333   /usr/lib/i386-linux-gnu/libXcomposite.so.1.0.0
69906000-69907000 r--p 00001000 08:01 18224333   /usr/lib/i386-linux-gnu/libXcomposite.so.1.0.0
69907000-69908000 rw-p 00002000 08:01 18224333   /usr/lib/i386-linux-gnu/libXcomposite.so.1.0.0
69908000-69909000 ---p 00000000 00:00 0 
69909000-69996000 rw-p 00000000 00:00 0          [stack:19659]
69996000-699c9000 rw-p 00000000 00:00 0 
699c9000-699dd000 rw-p 00000000 00:00 0 
699dd000-699de000 ---p 00000000 00:00 0 
699de000-69b12000 rw-p 00000000 00:00 0 
69b12000-69b1f000 rw-p 00000000 00:00 0 
69b1f000-69b52000 rw-p 00000000 00:00 0 
69b52000-69b66000 rw-p 00000000 00:00 0 
69b66000-69b67000 ---p 00000000 00:00 0 
69b67000-69c9a000 rw-p 00000000 00:00 0 
69c9a000-69cdb000 rw-p 00000000 00:00 0 
69cdb000-69d3f000 rw-p 00000000 00:00 0 
69d3f000-6b680000 rw-p 00000000 00:00 0 
6b680000-71d40000 rw-p 00000000 00:00 0 
71d40000-74500000 rw-p 00000000 00:00 0 
74500000-74640000 ---p 00000000 00:00 0 
74640000-9ae80000 rw-p 00000000 00:00 0 
9ae80000-a2d80000 rw-p 00000000 00:00 0 
a2d80000-af740000 rw-p 00000000 00:00 0 
af740000-af741000 r--s 00008000 08:01 5770142    /home/gregoire/Documents/MobileRobots/MobileRobotsProject/mbsysCopy/mbsyspad/lib/commons-cli-1.1.jar
af741000-af750000 r--s 0008c000 08:01 5770138    /home/gregoire/Documents/MobileRobots/MobileRobotsProject/mbsysCopy/mbsyspad/MBsysPad.jar
af750000-af754000 r--s 00085000 08:01 18751331   /usr/lib/jvm/java-7-openjdk-i386/jre/lib/ext/localedata.jar
af754000-af75d000 rw-p 00000000 00:00 0 
af75d000-af814000 rw-p 00000000 00:00 0 
af814000-afa54000 rwxp 00000000 00:00 0 
afa54000-b2814000 rw-p 00000000 00:00 0 
b2814000-b281e000 r-xp 00000000 08:01 20854272   /lib/i386-linux-gnu/libnss_files-2.19.so
b281e000-b281f000 r--p 00009000 08:01 20854272   /lib/i386-linux-gnu/libnss_files-2.19.so
b281f000-b2820000 rw-p 0000a000 08:01 20854272   /lib/i386-linux-gnu/libnss_files-2.19.so
b2820000-b282a000 r-xp 00000000 08:01 20854264   /lib/i386-linux-gnu/libnss_nis-2.19.so
b282a000-b282b000 r--p 00009000 08:01 20854264   /lib/i386-linux-gnu/libnss_nis-2.19.so
b282b000-b282c000 rw-p 0000a000 08:01 20854264   /lib/i386-linux-gnu/libnss_nis-2.19.so
b282c000-b282f000 r--s 0000f000 08:01 18751219   /usr/lib/jvm/java-7-openjdk-i386/jre/lib/ext/icedtea-sound.jar
b282f000-b2830000 r--s 00002000 08:01 18751957   /usr/lib/jvm/java-7-openjdk-i386/jre/lib/ext/dnsns.jar
b2830000-b2832000 r--s 00012000 08:01 18751958   /usr/lib/jvm/java-7-openjdk-i386/jre/lib/ext/zipfs.jar
b2832000-b2836000 r--s 00034000 08:01 18751956   /usr/lib/jvm/java-7-openjdk-i386/jre/lib/ext/sunjce_provider.jar
b2836000-b2839000 r--s 0003d000 08:01 18751212   /usr/lib/jvm/java-7-openjdk-i386/jre/lib/ext/sunpkcs11.jar
b2839000-b2841000 r-xp 00000000 08:01 18484132   /usr/lib/jvm/java-7-openjdk-i386/jre/lib/i386/libzip.so
b2841000-b2842000 r--p 00007000 08:01 18484132   /usr/lib/jvm/java-7-openjdk-i386/jre/lib/i386/libzip.so
b2842000-b2843000 rw-p 00008000 08:01 18484132   /usr/lib/jvm/java-7-openjdk-i386/jre/lib/i386/libzip.so
b2843000-b284b000 rw-s 00000000 08:01 14552362   /tmp/hsperfdata_gregoire/19658
b284b000-b2872000 r-xp 00000000 08:01 18483211   /usr/lib/jvm/java-7-openjdk-i386/jre/lib/i386/libjava.so
b2872000-b2873000 r--p 00026000 08:01 18483211   /usr/lib/jvm/java-7-openjdk-i386/jre/lib/i386/libjava.so
b2873000-b2874000 rw-p 00027000 08:01 18483211   /usr/lib/jvm/java-7-openjdk-i386/jre/lib/i386/libjava.so
b2874000-b5917000 rw-p 00000000 00:00 0 
b5917000-b592a000 r-xp 00000000 08:01 20854252   /lib/i386-linux-gnu/libresolv-2.19.so
b592a000-b592b000 ---p 00013000 08:01 20854252   /lib/i386-linux-gnu/libresolv-2.19.so
b592b000-b592c000 r--p 00013000 08:01 20854252   /lib/i386-linux-gnu/libresolv-2.19.so
b592c000-b592d000 rw-p 00014000 08:01 20854252   /lib/i386-linux-gnu/libresolv-2.19.so
b592d000-b592f000 rw-p 00000000 00:00 0 
b592f000-b5936000 r-xp 00000000 08:01 18225047   /usr/lib/i386-linux-gnu/libogg.so.0.8.1
b5936000-b5937000 r--p 00006000 08:01 18225047   /usr/lib/i386-linux-gnu/libogg.so.0.8.1
b5937000-b5938000 rw-p 00007000 08:01 18225047   /usr/lib/i386-linux-gnu/libogg.so.0.8.1
b5938000-b5961000 r-xp 00000000 08:01 18225321   /usr/lib/i386-linux-gnu/libvorbis.so.0.4.5
b5961000-b5962000 ---p 00029000 08:01 18225321   /usr/lib/i386-linux-gnu/libvorbis.so.0.4.5
b5962000-b5963000 r--p 00029000 08:01 18225321   /usr/lib/i386-linux-gnu/libvorbis.so.0.4.5
b5963000-b5964000 rw-p 0002a000 08:01 18225321   /usr/lib/i386-linux-gnu/libvorbis.so.0.4.5
b5964000-b5aca000 r-xp 00000000 08:01 18225323   /usr/lib/i386-linux-gnu/libvorbisenc.so.2.0.8
b5aca000-b5adb000 r--p 00165000 08:01 18225323   /usr/lib/i386-linux-gnu/libvorbisenc.so.2.0.8
b5adb000-b5adc000 rw-p 00176000 08:01 18225323   /usr/lib/i386-linux-gnu/libvorbisenc.so.2.0.8
b5adc000-b5add000 rw-p 00000000 00:00 0 
b5add000-b5b0f000 r-xp 00000000 08:01 18224186   /usr/lib/i386-linux-gnu/libFLAC.so.8.3.0
b5b0f000-b5b10000 r--p 00031000 08:01 18224186   /usr/lib/i386-linux-gnu/libFLAC.so.8.3.0
b5b10000-b5b11000 rw-p 00032000 08:01 18224186   /usr/lib/i386-linux-gnu/libFLAC.so.8.3.0
b5b11000-b5b26000 r-xp 00000000 08:01 20854260   /lib/i386-linux-gnu/libnsl-2.19.so
b5b26000-b5b27000 r--p 00015000 08:01 20854260   /lib/i386-linux-gnu/libnsl-2.19.so
b5b27000-b5b28000 rw-p 00016000 08:01 20854260   /lib/i386-linux-gnu/libnsl-2.19.so
b5b28000-b5b2a000 rw-p 00000000 00:00 0 
b5b2a000-b5b2f000 r-xp 00000000 08:01 18224339   /usr/lib/i386-linux-gnu/libXdmcp.so.6.0.0
b5b2f000-b5b30000 r--p 00004000 08:01 18224339   /usr/lib/i386-linux-gnu/libXdmcp.so.6.0.0
b5b30000-b5b31000 rw-p 00005000 08:01 18224339   /usr/lib/i386-linux-gnu/libXdmcp.so.6.0.0
b5b31000-b5b33000 r-xp 00000000 08:01 18224328   /usr/lib/i386-linux-gnu/libXau.so.6.0.0
b5b33000-b5b34000 r--p 00001000 08:01 18224328   /usr/lib/i386-linux-gnu/libXau.so.6.0.0
b5b34000-b5b35000 rw-p 00002000 08:01 18224328   /usr/lib/i386-linux-gnu/libXau.so.6.0.0
b5b35000-b5b3a000 r-xp 00000000 08:01 18224418   /usr/lib/i386-linux-gnu/libasyncns.so.0.3.1
b5b3a000-b5b3b000 r--p 00004000 08:01 18224418   /usr/lib/i386-linux-gnu/libasyncns.so.0.3.1
b5b3b000-b5b3c000 rw-p 00005000 08:01 18224418   /usr/lib/i386-linux-gnu/libasyncns.so.0.3.1
b5b3c000-b5b3d000 rw-p 00000000 00:00 0 
b5b3d000-b5ba8000 r-xp 00000000 08:01 18219697   /usr/lib/i386-linux-gnu/libsndfile.so.1.0.25
b5ba8000-b5ba9000 ---p 0006b000 08:01 18219697   /usr/lib/i386-linux-gnu/libsndfile.so.1.0.25
b5ba9000-b5baa000 r--p 0006b000 08:01 18219697   /usr/lib/i386-linux-gnu/libsndfile.so.1.0.25
b5baa000-b5bab000 rw-p 0006c000 08:01 18219697   /usr/lib/i386-linux-gnu/libsndfile.so.1.0.25
b5bab000-b5baf000 rw-p 00000000 00:00 0 
b5baf000-b5bb7000 r-xp 00000000 08:01 20841625   /lib/i386-linux-gnu/libwrap.so.0.7.6
b5bb7000-b5bb8000 r--p 00007000 08:01 20841625   /lib/i386-linux-gnu/libwrap.so.0.7.6
b5bb8000-b5bb9000 rw-p 00008000 08:01 20841625   /lib/i386-linux-gnu/libwrap.so.0.7.6
b5bb9000-b5bdf000 r-xp 00000000 08:01 20841983   /lib/i386-linux-gnu/libpng12.so.0.50.0
b5bdf000-b5be0000 r--p 00025000 08:01 20841983   /lib/i386-linux-gnu/libpng12.so.0.50.0
b5be0000-b5be1000 rw-p 00026000 08:01 20841983   /lib/i386-linux-gnu/libpng12.so.0.50.0
b5be1000-b5be6000 r-xp 00000000 08:01 18219065   /usr/lib/i386-linux-gnu/libffi.so.6.0.1
b5be6000-b5be7000 r--p 00005000 08:01 18219065   /usr/lib/i386-linux-gnu/libffi.so.6.0.1
b5be7000-b5be8000 rw-p 00006000 08:01 18219065   /usr/lib/i386-linux-gnu/libffi.so.6.0.1
b5be8000-b5bec000 r-xp 00000000 08:01 18219488   /usr/lib/i386-linux-gnu/libXfixes.so.3.1.0
b5bec000-b5bed000 r--p 00003000 08:01 18219488   /usr/lib/i386-linux-gnu/libXfixes.so.3.1.0
b5bed000-b5bee000 rw-p 00004000 08:01 18219488   /usr/lib/i386-linux-gnu/libXfixes.so.3.1.0
b5bee000-b5bef000 rw-p 00000000 00:00 0 
b5bef000-b5bf8000 r-xp 00000000 08:01 18221390   /usr/lib/i386-linux-gnu/libXrender.so.1.3.0
b5bf8000-b5bf9000 r--p 00008000 08:01 18221390   /usr/lib/i386-linux-gnu/libXrender.so.1.3.0
b5bf9000-b5bfa000 rw-p 00009000 08:01 18221390   /usr/lib/i386-linux-gnu/libXrender.so.1.3.0
b5bfa000-b5c1a000 r-xp 00000000 08:01 18225394   /usr/lib/i386-linux-gnu/libxcb.so.1.1.0
b5c1a000-b5c1b000 r--p 0001f000 08:01 18225394   /usr/lib/i386-linux-gnu/libxcb.so.1.1.0
b5c1b000-b5c1c000 rw-p 00020000 08:01 18225394   /usr/lib/i386-linux-gnu/libxcb.so.1.1.0
b5c1c000-b5c65000 r-xp 00000000 08:01 20841479   /lib/i386-linux-gnu/libdbus-1.so.3.7.6
b5c65000-b5c66000 r--p 00048000 08:01 20841479   /lib/i386-linux-gnu/libdbus-1.so.3.7.6
b5c66000-b5c67000 rw-p 00049000 08:01 20841479   /lib/i386-linux-gnu/libdbus-1.so.3.7.6
b5c67000-b5c70000 r-xp 00000000 08:01 20841505   /lib/i386-linux-gnu/libjson-c.so.2.0.0
b5c70000-b5c71000 r--p 00008000 08:01 20841505   /lib/i386-linux-gnu/libjson-c.so.2.0.0
b5c71000-b5c72000 rw-p 00009000 08:01 20841505   /lib/i386-linux-gnu/libjson-c.so.2.0.0
b5c72000-b5cdf000 r-xp 00000000 08:01 18226821   /usr/lib/i386-linux-gnu/pulseaudio/libpulsecommon-4.0.so
b5cdf000-b5ce0000 r--p 0006c000 08:01 18226821   /usr/lib/i386-linux-gnu/pulseaudio/libpulsecommon-4.0.so
b5ce0000-b5ce1000 rw-p 0006d000 08:01 18226821   /usr/lib/i386-linux-gnu/pulseaudio/libpulsecommon-4.0.so
b5ce1000-b5ce2000 rw-p 00000000 00:00 0 
b5ce2000-b5d7d000 r-xp 00000000 08:01 18227707   /usr/lib/i386-linux-gnu/libfreetype.so.6.11.1
b5d7d000-b5d81000 r--p 0009a000 08:01 18227707   /usr/lib/i386-linux-gnu/libfreetype.so.6.11.1
b5d81000-b5d82000 rw-p 0009e000 08:01 18227707   /usr/lib/i386-linux-gnu/libfreetype.so.6.11.1
b5d82000-b5d89000 r-xp 00000000 08:01 20854268   /lib/i386-linux-gnu/librt-2.19.so
b5d89000-b5d8a000 r--p 00006000 08:01 20854268   /lib/i386-linux-gnu/librt-2.19.so
b5d8a000-b5d8b000 rw-p 00007000 08:01 20854268   /lib/i386-linux-gnu/librt-2.19.so
b5d8b000-b5da3000 r-xp 00000000 08:01 20854261   /lib/i386-linux-gnu/libpthread-2.19.so
b5da3000-b5da4000 r--p 00018000 08:01 20854261   /lib/i386-linux-gnu/libpthread-2.19.so
b5da4000-b5da5000 rw-p 00019000 08:01 20854261   /lib/i386-linux-gnu/libpthread-2.19.so
b5da5000-b5da7000 rw-p 00000000 00:00 0 
b5da7000-b5de1000 r-xp 00000000 08:01 18225398   /usr/lib/i386-linux-gnu/libxkbcommon.so.0.0.0
b5de1000-b5de2000 r--p 00039000 08:01 18225398   /usr/lib/i386-linux-gnu/libxkbcommon.so.0.0.0
b5de2000-b5de3000 rw-p 0003a000 08:01 18225398   /usr/lib/i386-linux-gnu/libxkbcommon.so.0.0.0
b5de3000-b5de4000 rw-p 00000000 00:00 0 
b5de4000-b5de8000 r-xp 00000000 08:01 18225336   /usr/lib/i386-linux-gnu/libwayland-cursor.so.0.0.0
b5de8000-b5de9000 r--p 00003000 08:01 18225336   /usr/lib/i386-linux-gnu/libwayland-cursor.so.0.0.0
b5de9000-b5ded000 rw-p 00004000 08:01 18225336   /usr/lib/i386-linux-gnu/libwayland-cursor.so.0.0.0
b5ded000-b5df6000 r-xp 00000000 08:01 18225334   /usr/lib/i386-linux-gnu/libwayland-client.so.0.2.0
b5df6000-b5df7000 ---p 00009000 08:01 18225334   /usr/lib/i386-linux-gnu/libwayland-client.so.0.2.0
b5df7000-b5df8000 r--p 00009000 08:01 18225334   /usr/lib/i386-linux-gnu/libwayland-client.so.0.2.0
b5df8000-b5df9000 rw-p 0000a000 08:01 18225334   /usr/lib/i386-linux-gnu/libwayland-client.so.0.2.0
b5df9000-b5dfa000 r-xp 00000000 08:01 18220505   /usr/lib/i386-linux-gnu/libwayland-egl.so.1.0.0
b5dfa000-b5dfb000 r--p 00000000 08:01 18220505   /usr/lib/i386-linux-gnu/libwayland-egl.so.1.0.0
b5dfb000-b5dfc000 rw-p 00001000 08:01 18220505   /usr/lib/i386-linux-gnu/libwayland-egl.so.1.0.0
b5dfc000-b5e00000 r-xp 00000000 08:01 18224379   /usr/lib/i386-linux-gnu/libXxf86vm.so.1.0.0
b5e00000-b5e01000 r--p 00004000 08:01 18224379   /usr/lib/i386-linux-gnu/libXxf86vm.so.1.0.0
b5e01000-b5e02000 rw-p 00005000 08:01 18224379   /usr/lib/i386-linux-gnu/libXxf86vm.so.1.0.0
b5e02000-b5e04000 r-xp 00000000 08:01 18224365   /usr/lib/i386-linux-gnu/libXss.so.1.0.0
b5e04000-b5e05000 r--p 00001000 08:01 18224365   /usr/lib/i386-linux-gnu/libXss.so.1.0.0
b5e05000-b5e06000 rw-p 00002000 08:01 18224365   /usr/lib/i386-linux-gnu/libXss.so.1.0.0
b5e06000-b5e07000 rw-p 00000000 00:00 0 
b5e07000-b5e10000 r-xp 00000000 08:01 18226177   /usr/lib/i386-linux-gnu/libXrandr.so.2.2.0
b5e10000-b5e11000 r--p 00008000 08:01 18226177   /usr/lib/i386-linux-gnu/libXrandr.so.2.2.0
b5e11000-b5e12000 rw-p 00009000 08:01 18226177   /usr/lib/i386-linux-gnu/libXrandr.so.2.2.0
b5e12000-b5e20000 r-xp 00000000 08:01 18221388   /usr/lib/i386-linux-gnu/libXi.so.6.1.0
b5e20000-b5e21000 r--p 0000e000 08:01 18221388   /usr/lib/i386-linux-gnu/libXi.so.6.1.0
b5e21000-b5e22000 rw-p 0000f000 08:01 18221388   /usr/lib/i386-linux-gnu/libXi.so.6.1.0
b5e22000-b5e24000 r-xp 00000000 08:01 18224351   /usr/lib/i386-linux-gnu/libXinerama.so.1.0.0
b5e24000-b5e25000 r--p 00001000 08:01 18224351   /usr/lib/i386-linux-gnu/libXinerama.so.1.0.0
b5e25000-b5e26000 rw-p 00002000 08:01 18224351   /usr/lib/i386-linux-gnu/libXinerama.so.1.0.0
b5e26000-b5e2f000 r-xp 00000000 08:01 18224335   /usr/lib/i386-linux-gnu/libXcursor.so.1.0.2
b5e2f000-b5e30000 r--p 00008000 08:01 18224335   /usr/lib/i386-linux-gnu/libXcursor.so.1.0.2
b5e30000-b5e31000 rw-p 00009000 08:01 18224335   /usr/lib/i386-linux-gnu/libXcursor.so.1.0.2
b5e31000-b5e42000 r-xp 00000000 08:01 18220240   /usr/lib/i386-linux-gnu/libXext.so.6.4.0
b5e42000-b5e43000 r--p 00010000 08:01 18220240   /usr/lib/i386-linux-gnu/libXext.so.6.4.0
b5e43000-b5e44000 rw-p 00011000 08:01 18220240   /usr/lib/i386-linux-gnu/libXext.so.6.4.0
b5e44000-b5e45000 rw-p 00000000 00:00 0 
b5e45000-b5f75000 r-xp 00000000 08:01 18224324   /usr/lib/i386-linux-gnu/libX11.so.6.3.0
b5f75000-b5f76000 r--p 00130000 08:01 18224324   /usr/lib/i386-linux-gnu/libX11.so.6.3.0
b5f76000-b5f78000 rw-p 00131000 08:01 18224324   /usr/lib/i386-linux-gnu/libX11.so.6.3.0
b5f78000-b5f79000 rw-p 00000000 00:00 0 
b5f79000-b5fc6000 r-xp 00000000 08:01 18225116   /usr/lib/i386-linux-gnu/libpulse.so.0.16.2
b5fc6000-b5fc7000 r--p 0004c000 08:01 18225116   /usr/lib/i386-linux-gnu/libpulse.so.0.16.2
b5fc7000-b5fc8000 rw-p 0004d000 08:01 18225116   /usr/lib/i386-linux-gnu/libpulse.so.0.16.2
b5fc8000-b5fcb000 r-xp 00000000 08:01 18225114   /usr/lib/i386-linux-gnu/libpulse-simple.so.0.0.4
b5fcb000-b5fcc000 r--p 00002000 08:01 18225114   /usr/lib/i386-linux-gnu/libpulse-simple.so.0.0.4
b5fcc000-b5fcd000 rw-p 00003000 08:01 18225114   /usr/lib/i386-linux-gnu/libpulse-simple.so.0.0.4
b5fcd000-b60be000 r-xp 00000000 08:01 18224410   /usr/lib/i386-linux-gnu/libasound.so.2.0.0
b60be000-b60c2000 r--p 000f0000 08:01 18224410   /usr/lib/i386-linux-gnu/libasound.so.2.0.0
b60c2000-b60c3000 rw-p 000f4000 08:01 18224410   /usr/lib/i386-linux-gnu/libasound.so.2.0.0
b60c3000-b60e7000 r-xp 00000000 08:01 20841512   /lib/i386-linux-gnu/liblzma.so.5.0.0
b60e7000-b60e8000 r--p 00023000 08:01 20841512   /lib/i386-linux-gnu/liblzma.so.5.0.0
b60e8000-b60e9000 rw-p 00024000 08:01 20841512   /lib/i386-linux-gnu/liblzma.so.5.0.0
b60e9000-b60ea000 rw-p 00000000 00:00 0 
b60ea000-b6102000 r-xp 00000000 08:01 20841628   /lib/i386-linux-gnu/libz.so.1.2.8
b6102000-b6103000 r--p 00017000 08:01 20841628   /lib/i386-linux-gnu/libz.so.1.2.8
b6103000-b6104000 rw-p 00018000 08:01 20841628   /lib/i386-linux-gnu/libz.so.1.2.8
b6104000-b6107000 r-xp 00000000 08:01 20854256   /lib/i386-linux-gnu/libdl-2.19.so
b6107000-b6108000 r--p 00002000 08:01 20854256   /lib/i386-linux-gnu/libdl-2.19.so
b6108000-b6109000 rw-p 00003000 08:01 20854256   /lib/i386-linux-gnu/libdl-2.19.so
b6109000-b62b1000 r-xp 00000000 08:01 20854269   /lib/i386-linux-gnu/libc-2.19.so
b62b1000-b62b2000 ---p 001a8000 08:01 20854269   /lib/i386-linux-gnu/libc-2.19.so
b62b2000-b62b4000 r--p 001a8000 08:01 20854269   /lib/i386-linux-gnu/libc-2.19.so
b62b4000-b62b5000 rw-p 001aa000 08:01 20854269   /lib/i386-linux-gnu/libc-2.19.so
b62b5000-b62b8000 rw-p 00000000 00:00 0 
b62b8000-b62d4000 r-xp 00000000 08:01 20841980   /lib/i386-linux-gnu/libgcc_s.so.1
b62d4000-b62d5000 rw-p 0001b000 08:01 20841980   /lib/i386-linux-gnu/libgcc_s.so.1
b62d5000-b63b1000 r-xp 00000000 08:01 18223271   /usr/lib/i386-linux-gnu/libstdc++.so.6.0.19
b63b1000-b63b5000 r--p 000dc000 08:01 18223271   /usr/lib/i386-linux-gnu/libstdc++.so.6.0.19
b63b5000-b63b6000 rw-p 000e0000 08:01 18223271   /usr/lib/i386-linux-gnu/libstdc++.so.6.0.19
b63b6000-b63be000 rw-p 00000000 00:00 0 
b63be000-b6402000 r-xp 00000000 08:01 20854254   /lib/i386-linux-gnu/libm-2.19.so
b6402000-b6403000 r--p 00043000 08:01 20854254   /lib/i386-linux-gnu/libm-2.19.so
b6403000-b6404000 rw-p 00044000 08:01 20854254   /lib/i386-linux-gnu/libm-2.19.so
b6404000-b6e01000 r-xp 00000000 08:01 18483215   /usr/lib/jvm/java-7-openjdk-i386/jre/lib/i386/server/libjvm.so
b6e01000-b6e02000 ---p 009fd000 08:01 18483215   /usr/lib/jvm/java-7-openjdk-i386/jre/lib/i386/server/libjvm.so
b6e02000-b6e54000 r--p 009fd000 08:01 18483215   /usr/lib/jvm/java-7-openjdk-i386/jre/lib/i386/server/libjvm.so
b6e54000-b6e68000 rw-p 00a4f000 08:01 18483215   /usr/lib/jvm/java-7-openjdk-i386/jre/lib/i386/server/libjvm.so
b6e68000-b7285000 rw-p 00000000 00:00 0 
b7285000-b728b000 r-xp 00000000 08:01 18240492   /usr/lib/i386-linux-gnu/libSDL2_ttf-2.0.so.0.10.2
b728b000-b728c000 r--p 00005000 08:01 18240492   /usr/lib/i386-linux-gnu/libSDL2_ttf-2.0.so.0.10.2
b728c000-b728d000 rw-p 00006000 08:01 18240492   /usr/lib/i386-linux-gnu/libSDL2_ttf-2.0.so.0.10.2
b728d000-b7399000 r-xp 00000000 08:01 18240490   /usr/lib/i386-linux-gnu/libSDL2-2.0.so.0.2.0
b7399000-b739c000 r--p 0010b000 08:01 18240490   /usr/lib/i386-linux-gnu/libSDL2-2.0.so.0.2.0
b739c000-b739f000 rw-p 0010e000 08:01 18240490   /usr/lib/i386-linux-gnu/libSDL2-2.0.so.0.2.0
b739f000-b73a1000 rw-p 00000000 00:00 0 
b73a1000-b73dc000 r-xp 00000000 08:01 18219216   /usr/lib/libgslcblas.so.0.0.0
b73dc000-b73dd000 r--p 0003a000 08:01 18219216   /usr/lib/libgslcblas.so.0.0.0
b73dd000-b73de000 rw-p 0003b000 08:01 18219216   /usr/lib/libgslcblas.so.0.0.0
b73de000-b73df000 rw-p 00000000 00:00 0 
b73df000-b7607000 r-xp 00000000 08:01 18220133   /usr/lib/libgsl.so.0.17.0
b7607000-b7608000 ---p 00228000 08:01 18220133   /usr/lib/libgsl.so.0.17.0
b7608000-b760a000 r--p 00228000 08:01 18220133   /usr/lib/libgsl.so.0.17.0
b760a000-b7618000 rw-p 0022a000 08:01 18220133   /usr/lib/libgsl.so.0.17.0
b7618000-b776c000 r-xp 00000000 08:01 18219236   /usr/lib/i386-linux-gnu/libxml2.so.2.9.1
b776c000-b7770000 r--p 00154000 08:01 18219236   /usr/lib/i386-linux-gnu/libxml2.so.2.9.1
b7770000-b7771000 rw-p 00158000 08:01 18219236   /usr/lib/i386-linux-gnu/libxml2.so.2.9.1
b7771000-b7772000 rw-p 00000000 00:00 0 
b7772000-b7774000 r--s 00006000 08:01 18616755   /usr/share/java/java-atk-wrapper.jar
b7774000-b7775000 r--p 00859000 08:01 18227311   /usr/lib/locale/locale-archive
b7775000-b777c000 r-xp 00000000 08:01 20854259   /lib/i386-linux-gnu/libnss_compat-2.19.so
b777c000-b777d000 r--p 00006000 08:01 20854259   /lib/i386-linux-gnu/libnss_compat-2.19.so
b777d000-b777e000 rw-p 00007000 08:01 20854259   /lib/i386-linux-gnu/libnss_compat-2.19.so
b777e000-b777f000 rw-p 00000000 00:00 0 
b777f000-b7780000 r--p 00000000 00:00 0 
b7780000-b778e000 r-xp 00000000 08:01 18483209   /usr/lib/jvm/java-7-openjdk-i386/jre/lib/i386/libverify.so
b778e000-b778f000 r--p 0000d000 08:01 18483209   /usr/lib/jvm/java-7-openjdk-i386/jre/lib/i386/libverify.so
b778f000-b7790000 rw-p 0000e000 08:01 18483209   /usr/lib/jvm/java-7-openjdk-i386/jre/lib/i386/libverify.so
b7790000-b7793000 rw-p 00000000 00:00 0 
b7793000-b7794000 r-xp 00000000 00:00 0          [vdso]
b7794000-b7796000 r--p 00000000 00:00 0          [vvar]
b7796000-b77b6000 r-xp 00000000 08:01 20854262   /lib/i386-linux-gnu/ld-2.19.so
b77b6000-b77b7000 r--p 0001f000 08:01 20854262   /lib/i386-linux-gnu/ld-2.19.so
b77b7000-b77b8000 rw-p 00020000 08:01 20854262   /lib/i386-linux-gnu/ld-2.19.so
bf92c000-bf92d000 rwxp 00000000 00:00 0 
bf930000-bf933000 ---p 00000000 00:00 0 
bf934000-bf980000 rw-p 00000000 00:00 0          [stack]

VM Arguments:
jvm_args: -Djava.library.path=/usr/lib/jni 
java_command: <unknown>
Launcher Type: generic

Environment Variables:
PATH=/home/gregoire/Applications/anaconda3/bin:/usr/local/sbin:/usr/local/bin:/usr/sbin:/usr/bin:/sbin:/bin:/usr/games:/usr/local/games
SHELL=/bin/bash
DISPLAY=:0.0

Signal Handlers:
SIGSEGV: [libjvm.so+0x8191e0], sa_mask[0]=0x7ffbfeff, sa_flags=0x10000004
SIGBUS: [libjvm.so+0x8191e0], sa_mask[0]=0x7ffbfeff, sa_flags=0x10000004
SIGFPE: [libjvm.so+0x68ddb0], sa_mask[0]=0x7ffbfeff, sa_flags=0x10000004
SIGPIPE: [libjvm.so+0x68ddb0], sa_mask[0]=0x7ffbfeff, sa_flags=0x10000004
SIGXFSZ: [libjvm.so+0x68ddb0], sa_mask[0]=0x7ffbfeff, sa_flags=0x10000004
SIGILL: [libjvm.so+0x68ddb0], sa_mask[0]=0x7ffbfeff, sa_flags=0x10000004
SIGUSR1: SIG_DFL, sa_mask[0]=0x00000000, sa_flags=0x00000000
SIGUSR2: [libjvm.so+0x68df10], sa_mask[0]=0x00000000, sa_flags=0x10000004
SIGHUP: [libjvm.so+0x68de70], sa_mask[0]=0x7ffbfeff, sa_flags=0x10000004
SIGINT: [libjvm.so+0x68de70], sa_mask[0]=0x7ffbfeff, sa_flags=0x10000004
SIGTERM: [libjvm.so+0x68de70], sa_mask[0]=0x7ffbfeff, sa_flags=0x10000004
SIGQUIT: [libjvm.so+0x68de70], sa_mask[0]=0x7ffbfeff, sa_flags=0x10000004
SIGTRAP: SIG_DFL, sa_mask[0]=0x00000000, sa_flags=0x00000000


---------------  S Y S T E M  ---------------

OS:Ubuntu 14.04 (trusty)
uname:Linux 3.16.0-59-generic #79~14.04.1-Ubuntu SMP Mon Jan 18 15:39:06 UTC 2016 i686
libc:glibc 2.19 NPTL 2.19 
rlimit: STACK 8192k, CORE 0k, NPROC 31352, NOFILE 4096, AS infinity
load average:0.73 0.40 0.36

/proc/meminfo:
MemTotal:        4032724 kB
MemFree:         1262120 kB
MemAvailable:    2707292 kB
Buffers:          495536 kB
Cached:          1130368 kB
SwapCached:          172 kB
Active:          1849732 kB
Inactive:         676948 kB
Active(anon):     871240 kB
Inactive(anon):   114152 kB
Active(file):     978492 kB
Inactive(file):   562796 kB
Unevictable:           0 kB
Mlocked:               0 kB
HighTotal:       3170056 kB
HighFree:        1198716 kB
LowTotal:         862668 kB
LowFree:           63404 kB
SwapTotal:       4075516 kB
SwapFree:        4075300 kB
Dirty:              1500 kB
Writeback:             0 kB
AnonPages:        900584 kB
Mapped:           298508 kB
Shmem:             84616 kB
Slab:             200312 kB
SReclaimable:     181892 kB
SUnreclaim:        18420 kB
KernelStack:        3200 kB
PageTables:         8736 kB
NFS_Unstable:          0 kB
Bounce:                0 kB
WritebackTmp:          0 kB
CommitLimit:     6091876 kB
Committed_AS:    3536200 kB
VmallocTotal:     122880 kB
VmallocUsed:       19388 kB
VmallocChunk:      82208 kB
AnonHugePages:    354304 kB
HugePages_Total:       0
HugePages_Free:        0
HugePages_Rsvd:        0
HugePages_Surp:        0
Hugepagesize:       2048 kB
DirectMap4k:       17400 kB
DirectMap2M:      890880 kB


CPU:total 2 (2 cores per cpu, 1 threads per core) family 6 model 55 stepping 8, cmov, cx8, fxsr, mmx, sse, sse2, sse3, ssse3, sse4.1, sse4.2, popcnt, erms, tsc, tscinvbit

/proc/cpuinfo:
processor	: 0
vendor_id	: GenuineIntel
cpu family	: 6
model		: 55
model name	: Intel(R) Celeron(R) CPU  N2840  @ 2.16GHz
stepping	: 8
microcode	: 0x809
cpu MHz		: 2582.293
cache size	: 1024 KB
physical id	: 0
siblings	: 2
core id		: 0
cpu cores	: 2
apicid		: 0
initial apicid	: 0
fdiv_bug	: no
f00f_bug	: no
coma_bug	: no
fpu		: yes
fpu_exception	: yes
cpuid level	: 11
wp		: yes
flags		: fpu vme de pse tsc msr pae mce cx8 apic sep mtrr pge mca cmov pat pse36 clflush dts acpi mmx fxsr sse sse2 ss ht tm pbe nx rdtscp lm constant_tsc arch_perfmon pebs bts xtopology nonstop_tsc aperfmperf pni pclmulqdq dtes64 monitor ds_cpl vmx est tm2 ssse3 cx16 xtpr pdcm sse4_1 sse4_2 movbe popcnt tsc_deadline_timer rdrand lahf_lm 3dnowprefetch ida arat epb dtherm tpr_shadow vnmi flexpriority ept vpid tsc_adjust smep erms
bogomips	: 4326.40
clflush size	: 64
cache_alignment	: 64
address sizes	: 36 bits physical, 48 bits virtual
power management:

processor	: 1
vendor_id	: GenuineIntel
cpu family	: 6
model		: 55
model name	: Intel(R) Celeron(R) CPU  N2840  @ 2.16GHz
stepping	: 8
microcode	: 0x809
cpu MHz		: 2582.293
cache size	: 1024 KB
physical id	: 0
siblings	: 2
core id		: 1
cpu cores	: 2
apicid		: 2
initial apicid	: 2
fdiv_bug	: no
f00f_bug	: no
coma_bug	: no
fpu		: yes
fpu_exception	: yes
cpuid level	: 11
wp		: yes
flags		: fpu vme de pse tsc msr pae mce cx8 apic sep mtrr pge mca cmov pat pse36 clflush dts acpi mmx fxsr sse sse2 ss ht tm pbe nx rdtscp lm constant_tsc arch_perfmon pebs bts xtopology nonstop_tsc aperfmperf pni pclmulqdq dtes64 monitor ds_cpl vmx est tm2 ssse3 cx16 xtpr pdcm sse4_1 sse4_2 movbe popcnt tsc_deadline_timer rdrand lahf_lm 3dnowprefetch ida arat epb dtherm tpr_shadow vnmi flexpriority ept vpid tsc_adjust smep erms
bogomips	: 4326.40
clflush size	: 64
cache_alignment	: 64
address sizes	: 36 bits physical, 48 bits virtual
power management:



Memory: 4k page, physical 4032724k(1262120k free), swap 4075516k(4075300k free)

vm_info: OpenJDK Server VM (24.111-b01) for linux-x86 JRE (1.7.0_111-b01), built on Aug 12 2016 05:32:15 by "buildd" with gcc 4.8.4

time: Wed Nov 16 10:42:17 2016
elapsed time: 5 seconds

