#
# A fatal error has been detected by the Java Runtime Environment:
#
#  SIGSEGV (0xb) at pc=0x080924a7, pid=19150, tid=3046369024
#
# JRE version: OpenJDK Runtime Environment (7.0_111-b01) (build 1.7.0_111-b01)
# Java VM: OpenJDK Server VM (24.111-b01 mixed mode linux-x86 )
# Derivative: IcedTea 2.6.7
# Distribution: Ubuntu 14.04 LTS, package 7u111-2.6.7-0ubuntu0.14.04.3
# Problematic frame:
# C  [exe_projectRobotran+0x4a4a7]  ctrlGr4::SearchGraph::computePath(int, int)+0x137
#
# Failed to write core dump. Core dumps have been disabled. To enable core dumping, try "ulimit -c unlimited" before starting Java again
#
# If you would like to submit a bug report, please include
# instructions on how to reproduce the bug and visit:
#   http://icedtea.classpath.org/bugzilla
# The crash happened outside the Java Virtual Machine in native code.
# See problematic frame for where to report the bug.
#

---------------  T H R E A D  ---------------

Current thread (0x09dc2000):  JavaThread "main" [_thread_in_native, id=19150, stack(0xbf7c7000,0xbf817000)]

siginfo:si_signo=SIGSEGV: si_errno=0, si_code=1 (SEGV_MAPERR), si_addr=0x0000002c

Registers:
EAX=0x00000000, EBX=0x00000000, ECX=0x00000004, EDX=0x0a821d28
ESP=0xbf815c80, EBP=0xbf815d18, ESI=0xbf815cbc, EDI=0x0a8211a8
EIP=0x080924a7, EFLAGS=0x00010246, CR2=0x0000002c

Top of Stack: (sp=0xbf815c80)
0xbf815c80:   bf815cbc 0a8211ac 0a821210 080a56d4
0xbf815c90:   bf815ccc bf815cc1 00000000 00000038
0xbf815ca0:   00000000 0a821c38 00000000 0000006e
0xbf815cb0:   00000000 00000077 0a8211b0 0a821e28
0xbf815cc0:   0a821ca0 0a821bd0 0a8211d0 bf815d28
0xbf815cd0:   b62df420 0a8211d0 bf815d88 b61aa888
0xbf815ce0:   bf815cfc 0a8211ac 0a8211b0 080a56d4
0xbf815cf0:   00000000 00000000 00000000 b634a8b7 

Instructions: (pc=0x080924a7)
0x08092487:   54 24 08 89 5c 24 04 89 34 24 e8 ca 05 00 00 8b
0x08092497:   55 a4 83 ec 04 8b 42 14 31 db 89 45 8c 8b 45 90
0x080924a7:   8b 40 2c c7 44 24 04 a5 2d 0a 08 c7 04 24 01 00
0x080924b7:   00 00 89 44 24 08 89 45 9c e8 eb a4 fc ff 8b 45 

Register to memory mapping:

EAX=0x00000000 is an unknown value
EBX=0x00000000 is an unknown value
ECX=0x00000004 is an unknown value
EDX=0x0a821d28 is an unknown value
ESP=0xbf815c80 is pointing into the stack for thread: 0x09dc2000
EBP=0xbf815d18 is pointing into the stack for thread: 0x09dc2000
ESI=0xbf815cbc is pointing into the stack for thread: 0x09dc2000
EDI=0x0a8211a8 is an unknown value


Stack: [0xbf7c7000,0xbf817000],  sp=0xbf815c80,  free space=315k
Native frames: (J=compiled Java code, j=interpreted, Vv=VM code, C=native code)
C  [exe_projectRobotran+0x4a4a7]  ctrlGr4::SearchGraph::computePath(int, int)+0x137
C  [exe_projectRobotran+0x495d4]  ctrlGr4::controller_loop(ctrlGr4::CtrlStruct*)+0x2e4


---------------  P R O C E S S  ---------------

Java Threads: ( => current thread )
  0x0a673400 JavaThread "J3D-InputDeviceScheduler-1" [_thread_blocked, id=19182, stack(0x64d1a000,0x64d6b000)]
  0x0a552800 JavaThread "J3D-SoundSchedulerUpdateThread-1" [_thread_blocked, id=19181, stack(0x64d6b000,0x64dbc000)]
  0x0a692800 JavaThread "J3D-RenderStructureUpdateThread-1" [_thread_blocked, id=19180, stack(0x64dbc000,0x64e0d000)]
  0x0a672c00 JavaThread "J3D-BehaviorScheduler-1" [_thread_blocked, id=19179, stack(0x64e0d000,0x64e5e000)]
  0x0a803000 JavaThread "J3D-TransformStructureUpdateThread-1" [_thread_blocked, id=19178, stack(0x63b86000,0x63bd7000)]
  0x0a691c00 JavaThread "J3D-RenderingEnvironmentStructureUpdateThread-1" [_thread_blocked, id=19177, stack(0x63e88000,0x63ed9000)]
  0x0a54f800 JavaThread "J3D-SoundStructureUpdateThread-1" [_thread_blocked, id=19176, stack(0x64e5e000,0x64eaf000)]
  0x0a551000 JavaThread "J3D-GeometryStructureUpdateThread-1" [_thread_blocked, id=19175, stack(0x64eaf000,0x64f00000)]
  0x0a550400 JavaThread "J3D-BehaviorStructureUpdateThread-1" [_thread_blocked, id=19174, stack(0x65206000,0x65257000)]
  0x0a4d7000 JavaThread "AWT-EventQueue-0" [_thread_blocked, id=19173, stack(0x654af000,0x65500000)]
  0x0a4d6800 JavaThread "AWT-Shutdown" [_thread_blocked, id=19172, stack(0x6545e000,0x654af000)]
  0x0a2fa800 JavaThread "Image Fetcher 0" daemon [_thread_blocked, id=19171, stack(0x6540d000,0x6545e000)]
  0x0a2bf400 JavaThread "Timer-0" daemon [_thread_blocked, id=19168, stack(0x6561d000,0x6566e000)]
  0x0a2a2800 JavaThread "J3D-Renderer-1" [_thread_blocked, id=19167, stack(0x65d5d000,0x65dae000)]
  0x0a2e0800 JavaThread "J3D-MasterControl-1" [_thread_blocked, id=19166, stack(0x65dae000,0x65dff000)]
  0x0a28b800 JavaThread "J3D-NotificationThread" [_thread_blocked, id=19165, stack(0x65dff000,0x65e50000)]
  0x0a29c800 JavaThread "J3D-TimerThread" [_thread_blocked, id=19164, stack(0x65e50000,0x65ea1000)]
  0x0a299400 JavaThread "J3D-RenderingAttributesStructureUpdateThread" [_thread_blocked, id=19163, stack(0x65ea1000,0x65ef2000)]
  0x09fec400 JavaThread "AWT-XAWT" daemon [_thread_blocked, id=19162, stack(0x6613d000,0x6618e000)]
  0x09fdb800 JavaThread "Java2D Disposer" daemon [_thread_blocked, id=19161, stack(0x6618e000,0x661df000)]
  0x09ee8800 JavaThread "Service Thread" daemon [_thread_blocked, id=19159, stack(0x6670b000,0x6675c000)]
  0x09ee6800 JavaThread "C2 CompilerThread1" daemon [_thread_blocked, id=19158, stack(0x6675c000,0x667dd000)]
  0x09ee4800 JavaThread "C2 CompilerThread0" daemon [_thread_blocked, id=19157, stack(0x667dd000,0x6685e000)]
  0x09ee3000 JavaThread "Signal Dispatcher" daemon [_thread_blocked, id=19156, stack(0x6685e000,0x668af000)]
  0x09ecdc00 JavaThread "Finalizer" daemon [_thread_blocked, id=19155, stack(0x66aaf000,0x66b00000)]
  0x09ecc000 JavaThread "Reference Handler" daemon [_thread_blocked, id=19154, stack(0x66c08000,0x66c59000)]
=>0x09dc2000 JavaThread "main" [_thread_in_native, id=19150, stack(0xbf7c7000,0xbf817000)]

Other Threads:
  0x09ec9800 VMThread [stack: 0x66c59000,0x66cda000] [id=19153]
  0x09eea800 WatcherThread [stack: 0x6668a000,0x6670b000] [id=19160]

VM state:at safepoint (normal execution)

VM Mutex/Monitor currently owned by a thread:  ([mutex/lock_event])
[0x09dbb200] Threads_lock - owner thread: 0x09ec9800
[0x09dbb610] Heap_lock - owner thread: 0x0a550400

Heap
 PSYoungGen      total 71936K, used 70250K [0x9ae80000, 0x9fe00000, 0xaf740000)
  eden space 63232K, 100% used [0x9ae80000,0x9ec40000,0x9ec40000)
  from space 8704K, 80% used [0x9f500000,0x9fbdabf8,0x9fd80000)
  to   space 8960K, 99% used [0x9ec40000,0x9f4fd000,0x9f500000)
 ParOldGen       total 41984K, used 18271K [0x71d40000, 0x74640000, 0x9ae80000)
  object space 41984K, 43% used [0x71d40000,0x72f17e30,0x74640000)
 PSPermGen       total 16384K, used 13939K [0x69d40000, 0x6ad40000, 0x71d40000)
  object space 16384K, 85% used [0x69d40000,0x6aadce70,0x6ad40000)

Card table byte_map: [0x69b12000,0x69d40000] byte_map_base: 0x697c3600

Polling page: 0xb77aa000

Code Cache  [0xaf83f000, 0xafa7f000, 0xb283f000)
 total_blobs=587 nmethods=253 adapters=288 free_code_cache=48263Kb largest_free_block=49388096

Compilation events (10 events):
Event: 4.410 Thread 0x09ee6800 nmethod 267 0xaf913f88 code [0xaf914060, 0xaf9140d0]
Event: 4.448 Thread 0x09ee4800 nmethod 253% 0xaf91c408 code [0xaf91c9c0, 0xaf91fb88]
Event: 4.469 Thread 0x09ee6800  268             java.lang.StringBuilder::<init> (7 bytes)
Event: 4.470 Thread 0x09ee6800 nmethod 268 0xaf915388 code [0xaf915480, 0xaf915550]
Event: 4.488 Thread 0x09ee6800  269             sun.java2d.loops.GraphicsPrimitive::getUniqueID (5 bytes)
Event: 4.488 Thread 0x09ee6800 nmethod 269 0xaf915208 code [0xaf9152e0, 0xaf915330]
Event: 4.931 Thread 0x09ee6800  270             javax.vecmath.Tuple3d::set (17 bytes)
Event: 4.932 Thread 0x09ee6800 nmethod 270 0xaf915748 code [0xaf915820, 0xaf915870]
Event: 4.932 Thread 0x09ee6800  271             javax.media.j3d.Transform3D::transform (151 bytes)
Event: 4.934 Thread 0x09ee6800 nmethod 271 0xaf8c9c48 code [0xaf8c9d40, 0xaf8c9e50]

GC Heap History (10 events):
Event: 2.393 GC heap after
Heap after GC invocations=2 (full 0):
 PSYoungGen      total 18432K, used 2558K [0x9ae80000, 0x9d280000, 0xaf740000)
  eden space 15872K, 0% used [0x9ae80000,0x9ae80000,0x9be00000)
  from space 2560K, 99% used [0x9c080000,0x9c2ffac0,0x9c300000)
  to   space 2560K, 0% used [0x9be00000,0x9be00000,0x9c080000)
 ParOldGen       total 41984K, used 2730K [0x71d40000, 0x74640000, 0x9ae80000)
  object space 41984K, 6% used [0x71d40000,0x71fea8b8,0x74640000)
 PSPermGen       total 16384K, used 12158K [0x69d40000, 0x6ad40000, 0x71d40000)
  object space 16384K, 74% used [0x69d40000,0x6a91f808,0x6ad40000)
}
Event: 2.592 GC heap before
{Heap before GC invocations=3 (full 0):
 PSYoungGen      total 18432K, used 18430K [0x9ae80000, 0x9d280000, 0xaf740000)
  eden space 15872K, 100% used [0x9ae80000,0x9be00000,0x9be00000)
  from space 2560K, 99% used [0x9c080000,0x9c2ffac0,0x9c300000)
  to   space 2560K, 0% used [0x9be00000,0x9be00000,0x9c080000)
 ParOldGen       total 41984K, used 2730K [0x71d40000, 0x74640000, 0x9ae80000)
  object space 41984K, 6% used [0x71d40000,0x71fea8b8,0x74640000)
 PSPermGen       total 16384K, used 12172K [0x69d40000, 0x6ad40000, 0x71d40000)
  object space 16384K, 74% used [0x69d40000,0x6a923040,0x6ad40000)
Event: 2.615 GC heap after
Heap after GC invocations=3 (full 0):
 PSYoungGen      total 18432K, used 2549K [0x9ae80000, 0x9d280000, 0xaf740000)
  eden space 15872K, 0% used [0x9ae80000,0x9ae80000,0x9be00000)
  from space 2560K, 99% used [0x9be00000,0x9c07d488,0x9c080000)
  to   space 2560K, 0% used [0x9d000000,0x9d000000,0x9d280000)
 ParOldGen       total 41984K, used 7416K [0x71d40000, 0x74640000, 0x9ae80000)
  object space 41984K, 17% used [0x71d40000,0x7247e1f8,0x74640000)
 PSPermGen       total 16384K, used 12172K [0x69d40000, 0x6ad40000, 0x71d40000)
  object space 16384K, 74% used [0x69d40000,0x6a923040,0x6ad40000)
}
Event: 2.759 GC heap before
{Heap before GC invocations=4 (full 0):
 PSYoungGen      total 18432K, used 18421K [0x9ae80000, 0x9d280000, 0xaf740000)
  eden space 15872K, 100% used [0x9ae80000,0x9be00000,0x9be00000)
  from space 2560K, 99% used [0x9be00000,0x9c07d488,0x9c080000)
  to   space 2560K, 0% used [0x9d000000,0x9d000000,0x9d280000)
 ParOldGen       total 41984K, used 7416K [0x71d40000, 0x74640000, 0x9ae80000)
  object space 41984K, 17% used [0x71d40000,0x7247e1f8,0x74640000)
 PSPermGen       total 16384K, used 12172K [0x69d40000, 0x6ad40000, 0x71d40000)
  object space 16384K, 74% used [0x69d40000,0x6a923330,0x6ad40000)
Event: 2.779 GC heap after
Heap after GC invocations=4 (full 0):
 PSYoungGen      total 34304K, used 2550K [0x9ae80000, 0x9d280000, 0xaf740000)
  eden space 31744K, 0% used [0x9ae80000,0x9ae80000,0x9cd80000)
  from space 2560K, 99% used [0x9d000000,0x9d27da78,0x9d280000)
  to   space 2560K, 0% used [0x9cd80000,0x9cd80000,0x9d000000)
 ParOldGen       total 41984K, used 11948K [0x71d40000, 0x74640000, 0x9ae80000)
  object space 41984K, 28% used [0x71d40000,0x728eb388,0x74640000)
 PSPermGen       total 16384K, used 12172K [0x69d40000, 0x6ad40000, 0x71d40000)
  object space 16384K, 74% used [0x69d40000,0x6a923330,0x6ad40000)
}
Event: 3.117 GC heap before
{Heap before GC invocations=5 (full 0):
 PSYoungGen      total 34304K, used 34294K [0x9ae80000, 0x9d280000, 0xaf740000)
  eden space 31744K, 100% used [0x9ae80000,0x9cd80000,0x9cd80000)
  from space 2560K, 99% used [0x9d000000,0x9d27da78,0x9d280000)
  to   space 2560K, 0% used [0x9cd80000,0x9cd80000,0x9d000000)
 ParOldGen       total 41984K, used 11948K [0x71d40000, 0x74640000, 0x9ae80000)
  object space 41984K, 28% used [0x71d40000,0x728eb388,0x74640000)
 PSPermGen       total 16384K, used 12852K [0x69d40000, 0x6ad40000, 0x71d40000)
  object space 16384K, 78% used [0x69d40000,0x6a9cd178,0x6ad40000)
Event: 3.131 GC heap after
Heap after GC invocations=5 (full 0):
 PSYoungGen      total 34304K, used 2547K [0x9ae80000, 0x9fd80000, 0xaf740000)
  eden space 31744K, 0% used [0x9ae80000,0x9ae80000,0x9cd80000)
  from space 2560K, 99% used [0x9cd80000,0x9cffcf48,0x9d000000)
  to   space 8704K, 0% used [0x9f500000,0x9f500000,0x9fd80000)
 ParOldGen       total 41984K, used 15369K [0x71d40000, 0x74640000, 0x9ae80000)
  object space 41984K, 36% used [0x71d40000,0x72c42508,0x74640000)
 PSPermGen       total 16384K, used 12852K [0x69d40000, 0x6ad40000, 0x71d40000)
  object space 16384K, 78% used [0x69d40000,0x6a9cd178,0x6ad40000)
}
Event: 3.576 GC heap before
{Heap before GC invocations=6 (full 0):
 PSYoungGen      total 34304K, used 34291K [0x9ae80000, 0x9fd80000, 0xaf740000)
  eden space 31744K, 100% used [0x9ae80000,0x9cd80000,0x9cd80000)
  from space 2560K, 99% used [0x9cd80000,0x9cffcf48,0x9d000000)
  to   space 8704K, 0% used [0x9f500000,0x9f500000,0x9fd80000)
 ParOldGen       total 41984K, used 15369K [0x71d40000, 0x74640000, 0x9ae80000)
  object space 41984K, 36% used [0x71d40000,0x72c42508,0x74640000)
 PSPermGen       total 16384K, used 12896K [0x69d40000, 0x6ad40000, 0x71d40000)
  object space 16384K, 78% used [0x69d40000,0x6a9d8140,0x6ad40000)
Event: 3.601 GC heap after
Heap after GC invocations=6 (full 0):
 PSYoungGen      total 71936K, used 7018K [0x9ae80000, 0x9fe00000, 0xaf740000)
  eden space 63232K, 0% used [0x9ae80000,0x9ae80000,0x9ec40000)
  from space 8704K, 80% used [0x9f500000,0x9fbdabf8,0x9fd80000)
  to   space 8960K, 0% used [0x9ec40000,0x9ec40000,0x9f500000)
 ParOldGen       total 41984K, used 15369K [0x71d40000, 0x74640000, 0x9ae80000)
  object space 41984K, 36% used [0x71d40000,0x72c42508,0x74640000)
 PSPermGen       total 16384K, used 12896K [0x69d40000, 0x6ad40000, 0x71d40000)
  object space 16384K, 78% used [0x69d40000,0x6a9d8140,0x6ad40000)
}
Event: 4.941 GC heap before
{Heap before GC invocations=7 (full 0):
 PSYoungGen      total 71936K, used 70250K [0x9ae80000, 0x9fe00000, 0xaf740000)
  eden space 63232K, 100% used [0x9ae80000,0x9ec40000,0x9ec40000)
  from space 8704K, 80% used [0x9f500000,0x9fbdabf8,0x9fd80000)
  to   space 8960K, 0% used [0x9ec40000,0x9ec40000,0x9f500000)
 ParOldGen       total 41984K, used 15369K [0x71d40000, 0x74640000, 0x9ae80000)
  object space 41984K, 36% used [0x71d40000,0x72c42508,0x74640000)
 PSPermGen       total 16384K, used 13939K [0x69d40000, 0x6ad40000, 0x71d40000)
  object space 16384K, 85% used [0x69d40000,0x6aadce70,0x6ad40000)

Deoptimization events (10 events):
Event: 3.200 Thread 0x09dc2000 Uncommon trap: reason=class_check action=maybe_recompile pc=0xaf8e2f4c method=javax.vecmath.Tuple3f.equals(Ljava/lang/Object;)Z @ 1
Event: 3.200 Thread 0x09dc2000 Uncommon trap: reason=unstable_if action=reinterpret pc=0xaf8e68b0 method=com.sun.j3d.utils.geometry.EdgeTable.<init>([I)V @ 68
Event: 3.206 Thread 0x09dc2000 Uncommon trap: reason=unstable_if action=reinterpret pc=0xaf8ff5a8 method=sun.misc.FloatingDecimal.readJavaFormatString(Ljava/lang/String;)Lsun/misc/FloatingDecimal; @ 509
Event: 3.228 Thread 0x09dc2000 Uncommon trap: reason=unstable_if action=reinterpret pc=0xaf8db994 method=com.sun.j3d.utils.geometry.EdgeTable.<init>([I)V @ 68
Event: 4.282 Thread 0x09dc2000 Uncommon trap: reason=unstable_if action=reinterpret pc=0xaf8f696c method=java.util.Properties.load0(Ljava/util/Properties$LineReader;)V @ 12
Event: 4.298 Thread 0x09dc2000 Uncommon trap: reason=unstable_if action=reinterpret pc=0xaf8c2708 method=java.util.ArrayList.indexOf(Ljava/lang/Object;)I @ 41
Event: 4.479 Thread 0x09dc2000 Uncommon trap: reason=bimorphic action=maybe_recompile pc=0xaf8fb864 method=java.util.HashMap.put(Ljava/lang/Object;Ljava/lang/Object;)Ljava/lang/Object; @ 83
Event: 4.494 Thread 0x09dc2000 Uncommon trap: reason=bimorphic action=maybe_recompile pc=0xaf8fb864 method=java.util.HashMap.put(Ljava/lang/Object;Ljava/lang/Object;)Ljava/lang/Object; @ 83
Event: 4.496 Thread 0x09dc2000 Uncommon trap: reason=bimorphic action=maybe_recompile pc=0xaf8fb864 method=java.util.HashMap.put(Ljava/lang/Object;Ljava/lang/Object;)Ljava/lang/Object; @ 83
Event: 4.545 Thread 0x0a4d7000 Uncommon trap: reason=unstable_if action=reinterpret pc=0xaf892e5c method=java.lang.Class.getName()Ljava/lang/String; @ 6

Internal exceptions (10 events):
Event: 2.881 Thread 0x09dc2000 Implicit null exception at 0xaf8c160d to 0xaf8c1bf5
Event: 2.997 Thread 0x09dc2000 Implicit null exception at 0xaf8d12cf to 0xaf8d1981
Event: 2.997 Thread 0x09dc2000 Implicit null exception at 0xaf8d12cf to 0xaf8d1981
Event: 3.001 Thread 0x09dc2000 Implicit null exception at 0xaf8d12cf to 0xaf8d1981
Event: 3.197 Thread 0x09dc2000 Implicit null exception at 0xaf901593 to 0xaf9017d1
Event: 4.217 Thread 0x09dc2000 Threw 0x9e5372a0 at /build/openjdk-7-Ylwexc/openjdk-7-7u111-2.6.7/build/openjdk/hotspot/src/share/vm/prims/jvm.cpp:1322
Event: 4.284 Thread 0x09dc2000 Threw 0x9e706318 at /build/openjdk-7-Ylwexc/openjdk-7-7u111-2.6.7/build/openjdk/hotspot/src/share/vm/prims/jvm.cpp:1322
Event: 4.292 Thread 0x09dc2000 Threw 0x9e7094e8 at /build/openjdk-7-Ylwexc/openjdk-7-7u111-2.6.7/build/openjdk/hotspot/src/share/vm/prims/jvm.cpp:1322
Event: 4.545 Thread 0x0a4d7000 Implicit null exception at 0xaf892a31 to 0xaf892e45
Event: 4.862 Thread 0x0a4d7000 Threw 0x9b1079a8 at /build/openjdk-7-Ylwexc/openjdk-7-7u111-2.6.7/build/openjdk/hotspot/src/share/vm/prims/jni.cpp:747

Events (10 events):
Event: 4.935 Executing VM operation: RevokeBias done
Event: 4.935 Executing VM operation: RevokeBias
Event: 4.936 Executing VM operation: RevokeBias done
Event: 4.936 Executing VM operation: RevokeBias
Event: 4.936 Executing VM operation: RevokeBias done
Event: 4.936 Executing VM operation: RevokeBias
Event: 4.936 Executing VM operation: RevokeBias done
Event: 4.936 Executing VM operation: RevokeBias
Event: 4.936 Executing VM operation: RevokeBias done
Event: 4.941 Executing VM operation: RevokeBias


Dynamic libraries:
08048000-080b5000 r-xp 00000000 08:01 5902081    /home/gregoire/Documents/MobileRobots/MobileRobotsProject/workR/build/exe_projectRobotran
080b5000-080b6000 r--p 0006d000 08:01 5902081    /home/gregoire/Documents/MobileRobots/MobileRobotsProject/workR/build/exe_projectRobotran
080b6000-080b7000 rw-p 0006e000 08:01 5902081    /home/gregoire/Documents/MobileRobots/MobileRobotsProject/workR/build/exe_projectRobotran
09db3000-0a876000 rw-p 00000000 00:00 0          [heap]
63b86000-63b89000 ---p 00000000 00:00 0 
63b89000-63bd7000 rw-p 00000000 00:00 0          [stack:19178]
63e88000-63e8b000 ---p 00000000 00:00 0 
63e8b000-63ed9000 rw-p 00000000 00:00 0          [stack:19177]
64bca000-64d1a000 rw-s 00000000 00:04 44171284   /SYSV00000000 (deleted)
64d1a000-64d1d000 ---p 00000000 00:00 0 
64d1d000-64d6b000 rw-p 00000000 00:00 0          [stack:19182]
64d6b000-64d6e000 ---p 00000000 00:00 0 
64d6e000-64dbc000 rw-p 00000000 00:00 0          [stack:19181]
64dbc000-64dbf000 ---p 00000000 00:00 0 
64dbf000-64e0d000 rw-p 00000000 00:00 0          [stack:19180]
64e0d000-64e10000 ---p 00000000 00:00 0 
64e10000-64e5e000 rw-p 00000000 00:00 0          [stack:19179]
64e5e000-64e61000 ---p 00000000 00:00 0 
64e61000-64eaf000 rw-p 00000000 00:00 0          [stack:19176]
64eaf000-64eb2000 ---p 00000000 00:00 0 
64eb2000-64f00000 rw-p 00000000 00:00 0          [stack:19175]
64f00000-64ff6000 rw-p 00000000 00:00 0 
64ff6000-65000000 ---p 00000000 00:00 0 
65000000-6502e000 rw-p 00000000 00:00 0 
6502e000-65100000 ---p 00000000 00:00 0 
65100000-651fd000 rw-p 00000000 00:00 0 
651fd000-65200000 ---p 00000000 00:00 0 
65206000-65209000 ---p 00000000 00:00 0 
65209000-65257000 rw-p 00000000 00:00 0          [stack:19174]
65257000-6528c000 r-xp 00000000 08:01 18225272   /usr/lib/i386-linux-gnu/libtxc_dxtn_s2tc.so.0.0.0
6528c000-6528d000 r--p 00034000 08:01 18225272   /usr/lib/i386-linux-gnu/libtxc_dxtn_s2tc.so.0.0.0
6528d000-6528e000 rw-p 00035000 08:01 18225272   /usr/lib/i386-linux-gnu/libtxc_dxtn_s2tc.so.0.0.0
652ad000-652fd000 r-xp 00000000 08:01 18484113   /usr/lib/jvm/java-7-openjdk-i386/jre/lib/i386/libfontmanager.so
652fd000-652ff000 r--p 0004f000 08:01 18484113   /usr/lib/jvm/java-7-openjdk-i386/jre/lib/i386/libfontmanager.so
652ff000-65300000 rw-p 00051000 08:01 18484113   /usr/lib/jvm/java-7-openjdk-i386/jre/lib/i386/libfontmanager.so
65300000-65400000 rw-p 00000000 00:00 0 
6540b000-6540d000 rw-p 00000000 00:00 0 
6540d000-65410000 ---p 00000000 00:00 0 
65410000-6545e000 rw-p 00000000 00:00 0          [stack:19171]
6545e000-65461000 ---p 00000000 00:00 0 
65461000-654af000 rw-p 00000000 00:00 0          [stack:19172]
654af000-654b2000 ---p 00000000 00:00 0 
654b2000-65500000 rw-p 00000000 00:00 0          [stack:19173]
65500000-65531000 rw-p 00000000 00:00 0 
65531000-65600000 ---p 00000000 00:00 0 
65600000-65603000 rw-p 00000000 00:00 0 
65603000-6560a000 r--s 00000000 08:01 18219920   /usr/lib/i386-linux-gnu/gconv/gconv-modules.cache
6560a000-6561b000 r-xp 00000000 08:01 18483846   /usr/lib/jvm/java-7-openjdk-i386/jre/lib/i386/libnio.so
6561b000-6561c000 r--p 00010000 08:01 18483846   /usr/lib/jvm/java-7-openjdk-i386/jre/lib/i386/libnio.so
6561c000-6561d000 rw-p 00011000 08:01 18483846   /usr/lib/jvm/java-7-openjdk-i386/jre/lib/i386/libnio.so
6561d000-65620000 ---p 00000000 00:00 0 
65620000-6566e000 rw-p 00000000 00:00 0          [stack:19168]
6566e000-65677000 r-xp 00000000 08:01 18225079   /usr/lib/i386-linux-gnu/libpciaccess.so.0.11.1
65677000-65678000 r--p 00008000 08:01 18225079   /usr/lib/i386-linux-gnu/libpciaccess.so.0.11.1
65678000-65679000 rw-p 00009000 08:01 18225079   /usr/lib/i386-linux-gnu/libpciaccess.so.0.11.1
65679000-65684000 r-xp 00000000 08:01 18221979   /usr/lib/i386-linux-gnu/libdrm_radeon.so.1.0.1
65684000-65685000 r--p 0000a000 08:01 18221979   /usr/lib/i386-linux-gnu/libdrm_radeon.so.1.0.1
65685000-65686000 rw-p 0000b000 08:01 18221979   /usr/lib/i386-linux-gnu/libdrm_radeon.so.1.0.1
65686000-6568d000 r-xp 00000000 08:01 18221982   /usr/lib/i386-linux-gnu/libdrm_nouveau.so.2.0.0
6568d000-6568e000 r--p 00006000 08:01 18221982   /usr/lib/i386-linux-gnu/libdrm_nouveau.so.2.0.0
6568e000-6568f000 rw-p 00007000 08:01 18221982   /usr/lib/i386-linux-gnu/libdrm_nouveau.so.2.0.0
6568f000-656b0000 r-xp 00000000 08:01 18221790   /usr/lib/i386-linux-gnu/libdrm_intel.so.1.0.0
656b0000-656b1000 r--p 00020000 08:01 18221790   /usr/lib/i386-linux-gnu/libdrm_intel.so.1.0.0
656b1000-656b2000 rw-p 00021000 08:01 18221790   /usr/lib/i386-linux-gnu/libdrm_intel.so.1.0.0
656b2000-65cdc000 r-xp 00000000 08:01 18219429   /usr/lib/i386-linux-gnu/dri/i965_dri.so
65cdc000-65cfd000 r--p 00629000 08:01 18219429   /usr/lib/i386-linux-gnu/dri/i965_dri.so
65cfd000-65d03000 rw-p 0064a000 08:01 18219429   /usr/lib/i386-linux-gnu/dri/i965_dri.so
65d03000-65d09000 rw-p 00000000 00:00 0 
65d09000-65d11000 r-xp 00000000 08:01 20841527   /lib/i386-linux-gnu/libnih-dbus.so.1.0.0
65d11000-65d12000 r--p 00007000 08:01 20841527   /lib/i386-linux-gnu/libnih-dbus.so.1.0.0
65d12000-65d13000 rw-p 00008000 08:01 20841527   /lib/i386-linux-gnu/libnih-dbus.so.1.0.0
65d13000-65d2a000 r-xp 00000000 08:01 20841529   /lib/i386-linux-gnu/libnih.so.1.0.0
65d2a000-65d2b000 r--p 00016000 08:01 20841529   /lib/i386-linux-gnu/libnih.so.1.0.0
65d2b000-65d2c000 rw-p 00017000 08:01 20841529   /lib/i386-linux-gnu/libnih.so.1.0.0
65d2c000-65d48000 r-xp 00000000 08:01 20841579   /lib/i386-linux-gnu/libcgmanager.so.0.0.0
65d48000-65d49000 r--p 0001b000 08:01 20841579   /lib/i386-linux-gnu/libcgmanager.so.0.0.0
65d49000-65d4a000 rw-p 0001c000 08:01 20841579   /lib/i386-linux-gnu/libcgmanager.so.0.0.0
65d4a000-65d5b000 r-xp 00000000 08:01 20840723   /lib/i386-linux-gnu/libudev.so.1.3.5
65d5b000-65d5c000 r--p 00010000 08:01 20840723   /lib/i386-linux-gnu/libudev.so.1.3.5
65d5c000-65d5d000 rw-p 00011000 08:01 20840723   /lib/i386-linux-gnu/libudev.so.1.3.5
65d5d000-65d60000 ---p 00000000 00:00 0 
65d60000-65dae000 rw-p 00000000 00:00 0          [stack:19167]
65dae000-65db1000 ---p 00000000 00:00 0 
65db1000-65dff000 rw-p 00000000 00:00 0          [stack:19166]
65dff000-65e02000 ---p 00000000 00:00 0 
65e02000-65e50000 rw-p 00000000 00:00 0          [stack:19165]
65e50000-65e53000 ---p 00000000 00:00 0 
65e53000-65ea1000 rw-p 00000000 00:00 0          [stack:19164]
65ea1000-65ea4000 ---p 00000000 00:00 0 
65ea4000-65ef2000 rw-p 00000000 00:00 0          [stack:19163]
65ef2000-65f00000 r-xp 00000000 08:01 18222710   /usr/lib/i386-linux-gnu/libdrm.so.2.4.0
65f00000-65f01000 r--p 0000d000 08:01 18222710   /usr/lib/i386-linux-gnu/libdrm.so.2.4.0
65f01000-65f02000 rw-p 0000e000 08:01 18222710   /usr/lib/i386-linux-gnu/libdrm.so.2.4.0
65f02000-65f06000 r-xp 00000000 08:01 18225362   /usr/lib/i386-linux-gnu/libxcb-dri2.so.0.0.0
65f06000-65f07000 r--p 00003000 08:01 18225362   /usr/lib/i386-linux-gnu/libxcb-dri2.so.0.0.0
65f07000-65f08000 rw-p 00004000 08:01 18225362   /usr/lib/i386-linux-gnu/libxcb-dri2.so.0.0.0
65f08000-65f1e000 r-xp 00000000 08:01 18225366   /usr/lib/i386-linux-gnu/libxcb-glx.so.0.0.0
65f1e000-65f1f000 r--p 00016000 08:01 18225366   /usr/lib/i386-linux-gnu/libxcb-glx.so.0.0.0
65f1f000-65f20000 rw-p 00017000 08:01 18225366   /usr/lib/i386-linux-gnu/libxcb-glx.so.0.0.0
65f20000-65f22000 r-xp 00000000 08:01 18224337   /usr/lib/i386-linux-gnu/libXdamage.so.1.1.0
65f22000-65f23000 r--p 00001000 08:01 18224337   /usr/lib/i386-linux-gnu/libXdamage.so.1.1.0
65f23000-65f24000 rw-p 00002000 08:01 18224337   /usr/lib/i386-linux-gnu/libXdamage.so.1.1.0
65f24000-65f37000 r-xp 00000000 08:01 18224101   /usr/lib/i386-linux-gnu/libglapi.so.0.0.0
65f37000-65f39000 r--p 00013000 08:01 18224101   /usr/lib/i386-linux-gnu/libglapi.so.0.0.0
65f39000-65f3f000 rwxp 00015000 08:01 18224101   /usr/lib/i386-linux-gnu/libglapi.so.0.0.0
65f3f000-65f9a000 r-xp 00000000 08:01 18219640   /usr/lib/i386-linux-gnu/mesa/libGL.so.1.2.0
65f9a000-65f9b000 ---p 0005b000 08:01 18219640   /usr/lib/i386-linux-gnu/mesa/libGL.so.1.2.0
65f9b000-65f9d000 r--p 0005b000 08:01 18219640   /usr/lib/i386-linux-gnu/mesa/libGL.so.1.2.0
65f9d000-65fa2000 rwxp 0005d000 08:01 18219640   /usr/lib/i386-linux-gnu/mesa/libGL.so.1.2.0
65fa2000-65fa7000 rw-p 00000000 00:00 0 
65fa7000-65fbf000 r-xp 00000000 08:01 18483833   /usr/lib/jvm/java-7-openjdk-i386/jre/lib/i386/libnet.so
65fbf000-65fc0000 r--p 00017000 08:01 18483833   /usr/lib/jvm/java-7-openjdk-i386/jre/lib/i386/libnet.so
65fc0000-65fc1000 rw-p 00018000 08:01 18483833   /usr/lib/jvm/java-7-openjdk-i386/jre/lib/i386/libnet.so
65fc1000-65fe2000 r-xp 00000000 08:01 18352082   /usr/lib/jni/libj3dcore-ogl.so
65fe2000-65fe3000 rw-p 00020000 08:01 18352082   /usr/lib/jni/libj3dcore-ogl.so
65fe3000-66000000 r--s 0014f000 08:01 5770160    /home/gregoire/Documents/MobileRobots/MobileRobotsProject/mbsysCopy/mbsyspad/lib/swingx-all-1.6.4.jar
66000000-660fe000 rw-p 00000000 00:00 0 
660fe000-66100000 ---p 00000000 00:00 0 
66100000-66101000 r-xp 00000000 08:01 18224322   /usr/lib/i386-linux-gnu/libX11-xcb.so.1.0.0
66101000-66102000 r--p 00000000 08:01 18224322   /usr/lib/i386-linux-gnu/libX11-xcb.so.1.0.0
66102000-66103000 rw-p 00001000 08:01 18224322   /usr/lib/i386-linux-gnu/libX11-xcb.so.1.0.0
66103000-66104000 r-xp 00000000 08:01 18225404   /usr/lib/i386-linux-gnu/libxshmfence.so.1.0.0
66104000-66105000 r--p 00000000 08:01 18225404   /usr/lib/i386-linux-gnu/libxshmfence.so.1.0.0
66105000-66106000 rw-p 00001000 08:01 18225404   /usr/lib/i386-linux-gnu/libxshmfence.so.1.0.0
66106000-6610b000 r-xp 00000000 08:01 18225386   /usr/lib/i386-linux-gnu/libxcb-sync.so.1.0.0
6610b000-6610c000 r--p 00004000 08:01 18225386   /usr/lib/i386-linux-gnu/libxcb-sync.so.1.0.0
6610c000-6610d000 rw-p 00005000 08:01 18225386   /usr/lib/i386-linux-gnu/libxcb-sync.so.1.0.0
6610d000-6610f000 r-xp 00000000 08:01 18225374   /usr/lib/i386-linux-gnu/libxcb-present.so.0.0.0
6610f000-66110000 r--p 00001000 08:01 18225374   /usr/lib/i386-linux-gnu/libxcb-present.so.0.0.0
66110000-66111000 rw-p 00002000 08:01 18225374   /usr/lib/i386-linux-gnu/libxcb-present.so.0.0.0
66111000-66113000 r-xp 00000000 08:01 18225364   /usr/lib/i386-linux-gnu/libxcb-dri3.so.0.0.0
66113000-66114000 r--p 00001000 08:01 18225364   /usr/lib/i386-linux-gnu/libxcb-dri3.so.0.0.0
66114000-66115000 rw-p 00002000 08:01 18225364   /usr/lib/i386-linux-gnu/libxcb-dri3.so.0.0.0
66115000-66116000 r-xp 00000000 08:01 18484119   /usr/lib/jvm/java-7-openjdk-i386/jre/lib/i386/libjawt.so
66116000-66117000 r--p 00000000 08:01 18484119   /usr/lib/jvm/java-7-openjdk-i386/jre/lib/i386/libjawt.so
66117000-66118000 rw-p 00001000 08:01 18484119   /usr/lib/jvm/java-7-openjdk-i386/jre/lib/i386/libjawt.so
66118000-66126000 r--s 00193000 08:01 5770149    /home/gregoire/Documents/MobileRobots/MobileRobotsProject/mbsysCopy/mbsyspad/lib/j3dutils.jar
66126000-66132000 r--s 002c7000 08:01 5770148    /home/gregoire/Documents/MobileRobots/MobileRobotsProject/mbsysCopy/mbsyspad/lib/j3dcore.jar
66132000-6613d000 r--s 00108000 08:01 5770152    /home/gregoire/Documents/MobileRobots/MobileRobotsProject/mbsysCopy/mbsyspad/lib/jogl.jar
6613d000-66140000 ---p 00000000 00:00 0 
66140000-6618e000 rw-p 00000000 00:00 0          [stack:19162]
6618e000-66191000 ---p 00000000 00:00 0 
66191000-661df000 rw-p 00000000 00:00 0          [stack:19161]
661df000-6621b000 r-xp 00000000 08:01 20840700   /lib/i386-linux-gnu/libpcre.so.3.13.1
6621b000-6621c000 r--p 0003b000 08:01 20840700   /lib/i386-linux-gnu/libpcre.so.3.13.1
6621c000-6621d000 rw-p 0003c000 08:01 20840700   /lib/i386-linux-gnu/libpcre.so.3.13.1
6621d000-6623d000 r-xp 00000000 08:01 20841595   /lib/i386-linux-gnu/libselinux.so.1
6623d000-6623e000 r--p 0001f000 08:01 20841595   /lib/i386-linux-gnu/libselinux.so.1
6623e000-6623f000 rw-p 00020000 08:01 20841595   /lib/i386-linux-gnu/libselinux.so.1
6623f000-66240000 rw-p 00000000 00:00 0 
66240000-6634a000 r-xp 00000000 08:01 20841496   /lib/i386-linux-gnu/libglib-2.0.so.0.4002.0
6634a000-6634b000 r--p 00109000 08:01 20841496   /lib/i386-linux-gnu/libglib-2.0.so.0.4002.0
6634b000-6634c000 rw-p 0010a000 08:01 20841496   /lib/i386-linux-gnu/libglib-2.0.so.0.4002.0
6634c000-66371000 r-xp 00000000 08:01 20840645   /lib/i386-linux-gnu/libexpat.so.1.6.0
66371000-66372000 ---p 00025000 08:01 20840645   /lib/i386-linux-gnu/libexpat.so.1.6.0
66372000-66374000 r--p 00025000 08:01 20840645   /lib/i386-linux-gnu/libexpat.so.1.6.0
66374000-66375000 rw-p 00027000 08:01 20840645   /lib/i386-linux-gnu/libexpat.so.1.6.0
66375000-663c5000 r-xp 00000000 08:01 18224739   /usr/lib/i386-linux-gnu/libgobject-2.0.so.0.4002.0
663c5000-663c6000 r--p 0004f000 08:01 18224739   /usr/lib/i386-linux-gnu/libgobject-2.0.so.0.4002.0
663c6000-663c7000 rw-p 00050000 08:01 18224739   /usr/lib/i386-linux-gnu/libgobject-2.0.so.0.4002.0
663c7000-66544000 r-xp 00000000 08:01 18224711   /usr/lib/i386-linux-gnu/libgio-2.0.so.0.4002.0
66544000-66546000 r--p 0017d000 08:01 18224711   /usr/lib/i386-linux-gnu/libgio-2.0.so.0.4002.0
66546000-66547000 rw-p 0017f000 08:01 18224711   /usr/lib/i386-linux-gnu/libgio-2.0.so.0.4002.0
66547000-66548000 rw-p 00000000 00:00 0 
66548000-66581000 r-xp 00000000 08:01 18226186   /usr/lib/i386-linux-gnu/libfontconfig.so.1.8.0
66581000-66582000 r--p 00039000 08:01 18226186   /usr/lib/i386-linux-gnu/libfontconfig.so.1.8.0
66582000-66583000 rw-p 0003a000 08:01 18226186   /usr/lib/i386-linux-gnu/libfontconfig.so.1.8.0
66583000-665cb000 r-xp 00000000 08:01 19923017   /usr/lib/jvm/java-7-openjdk-i386/jre/lib/i386/xawt/libmawt.so
665cb000-665cc000 r--p 00048000 08:01 19923017   /usr/lib/jvm/java-7-openjdk-i386/jre/lib/i386/xawt/libmawt.so
665cc000-665ce000 rw-p 00049000 08:01 19923017   /usr/lib/jvm/java-7-openjdk-i386/jre/lib/i386/xawt/libmawt.so
665ce000-665cf000 rw-p 00000000 00:00 0 
665cf000-6665e000 r-xp 00000000 08:01 18484117   /usr/lib/jvm/java-7-openjdk-i386/jre/lib/i386/libawt.so
6665e000-6665f000 r--p 0008f000 08:01 18484117   /usr/lib/jvm/java-7-openjdk-i386/jre/lib/i386/libawt.so
6665f000-66666000 rw-p 00090000 08:01 18484117   /usr/lib/jvm/java-7-openjdk-i386/jre/lib/i386/libawt.so
66666000-6668a000 rw-p 00000000 00:00 0 
6668a000-6668b000 ---p 00000000 00:00 0 
6668b000-6670b000 rw-p 00000000 00:00 0          [stack:19160]
6670b000-6670e000 ---p 00000000 00:00 0 
6670e000-6675c000 rw-p 00000000 00:00 0          [stack:19159]
6675c000-6675f000 ---p 00000000 00:00 0 
6675f000-667dd000 rw-p 00000000 00:00 0          [stack:19158]
667dd000-667e0000 ---p 00000000 00:00 0 
667e0000-6685e000 rw-p 00000000 00:00 0          [stack:19157]
6685e000-66861000 ---p 00000000 00:00 0 
66861000-668af000 rw-p 00000000 00:00 0          [stack:19156]
668af000-66aaf000 r--p 00000000 08:01 18227311   /usr/lib/locale/locale-archive
66aaf000-66ab2000 ---p 00000000 00:00 0 
66ab2000-66b00000 rw-p 00000000 00:00 0          [stack:19155]
66b00000-66c00000 rw-p 00000000 00:00 0 
66c00000-66c01000 rw-s 00000000 00:04 57850      /drm mm object (deleted)
66c01000-66c05000 r--s 00019000 08:01 5770159    /home/gregoire/Documents/MobileRobots/MobileRobotsProject/mbsysCopy/mbsyspad/lib/matlabcontrol-4.0.0.jar
66c05000-66c06000 r--s 00017000 08:01 5770146    /home/gregoire/Documents/MobileRobots/MobileRobotsProject/mbsysCopy/mbsyspad/lib/j3D.jar
66c06000-66c08000 r--s 0004c000 08:01 5770161    /home/gregoire/Documents/MobileRobots/MobileRobotsProject/mbsysCopy/mbsyspad/lib/vecmath.jar
66c08000-66c0b000 ---p 00000000 00:00 0 
66c0b000-66c59000 rw-p 00000000 00:00 0          [stack:19154]
66c59000-66c5a000 ---p 00000000 00:00 0 
66c5a000-66d23000 rw-p 00000000 00:00 0          [stack:19153]
66d23000-66ed6000 r--s 01d3d000 08:01 18483206   /usr/lib/jvm/java-7-openjdk-i386/jre/lib/rt.jar
66ed6000-69600000 rw-p 00000000 00:00 0 
69600000-69621000 rw-p 00000000 00:00 0 
69621000-69700000 ---p 00000000 00:00 0 
69700000-69702000 r--s 00018000 08:01 18483205   /usr/lib/jvm/java-7-openjdk-i386/jre/lib/jce.jar
69702000-69706000 r--s 0004f000 08:01 18484133   /usr/lib/jvm/java-7-openjdk-i386/jre/lib/jsse.jar
69706000-69707000 r--s 00004000 08:01 5770145    /home/gregoire/Documents/MobileRobots/MobileRobotsProject/mbsysCopy/mbsyspad/lib/gluegen-rt.jar
69707000-69708000 r--s 00001000 08:01 5770151    /home/gregoire/Documents/MobileRobots/MobileRobotsProject/mbsysCopy/mbsyspad/lib/jnlp.jar
69708000-6970c000 r--s 00020000 08:01 5770143    /home/gregoire/Documents/MobileRobots/MobileRobotsProject/mbsysCopy/mbsyspad/lib/commons-digester-1.8.jar
6970c000-69711000 r--s 0002a000 08:01 5770141    /home/gregoire/Documents/MobileRobots/MobileRobotsProject/mbsysCopy/mbsyspad/lib/commons-beanutils.jar
69711000-69717000 r--s 00056000 08:01 5770147    /home/gregoire/Documents/MobileRobots/MobileRobotsProject/mbsysCopy/mbsyspad/lib/j3d-vrml97.jar
69717000-6971a000 r--s 00023000 08:01 5770150    /home/gregoire/Documents/MobileRobots/MobileRobotsProject/mbsysCopy/mbsyspad/lib/jdom.jar
6971a000-69724000 r--s 000ae000 08:01 18483207   /usr/lib/jvm/java-7-openjdk-i386/jre/lib/resources.jar
69724000-6977f000 rw-p 00000000 00:00 0 
6977f000-69780000 ---p 00000000 00:00 0 
69780000-69800000 rw-p 00000000 00:00 0          [stack:19152]
69800000-698f9000 rw-p 00000000 00:00 0 
698f9000-69900000 ---p 00000000 00:00 0 
69900000-69902000 r--s 0002a000 08:01 5770140    /home/gregoire/Documents/MobileRobots/MobileRobotsProject/mbsysCopy/mbsyspad/lib/MBsysComJ.jar
69902000-69908000 r--s 00047000 08:01 5770144    /home/gregoire/Documents/MobileRobots/MobileRobotsProject/mbsysCopy/mbsyspad/lib/flamingo.jar
69908000-69909000 ---p 00000000 00:00 0 
69909000-69991000 rw-p 00000000 00:00 0          [stack:19151]
69991000-699c9000 rw-p 00000000 00:00 0 
699c9000-699de000 rw-p 00000000 00:00 0 
699de000-69b12000 rw-p 00000000 00:00 0 
69b12000-69b1a000 rw-p 00000000 00:00 0 
69b1a000-69b52000 rw-p 00000000 00:00 0 
69b52000-69b67000 rw-p 00000000 00:00 0 
69b67000-69c9a000 rw-p 00000000 00:00 0 
69c9a000-69ce5000 rw-p 00000000 00:00 0 
69ce5000-69d3f000 rw-p 00000000 00:00 0 
69d3f000-6ad40000 rw-p 00000000 00:00 0 
6ad40000-71d40000 rw-p 00000000 00:00 0 
71d40000-74640000 rw-p 00000000 00:00 0 
74640000-9ae80000 rw-p 00000000 00:00 0 
9ae80000-a4300000 rw-p 00000000 00:00 0 
a4300000-af740000 rw-p 00000000 00:00 0 
af740000-af741000 r--s 00008000 08:01 5770142    /home/gregoire/Documents/MobileRobots/MobileRobotsProject/mbsysCopy/mbsyspad/lib/commons-cli-1.1.jar
af741000-af744000 r-xp 00000000 08:01 18224723   /usr/lib/i386-linux-gnu/libgmodule-2.0.so.0.4002.0
af744000-af745000 r--p 00002000 08:01 18224723   /usr/lib/i386-linux-gnu/libgmodule-2.0.so.0.4002.0
af745000-af746000 rw-p 00003000 08:01 18224723   /usr/lib/i386-linux-gnu/libgmodule-2.0.so.0.4002.0
af746000-af74b000 r-xp 00000000 08:01 18224369   /usr/lib/i386-linux-gnu/libXtst.so.6.1.0
af74b000-af74c000 r--p 00004000 08:01 18224369   /usr/lib/i386-linux-gnu/libXtst.so.6.1.0
af74c000-af74d000 rw-p 00005000 08:01 18224369   /usr/lib/i386-linux-gnu/libXtst.so.6.1.0
af74d000-af74f000 r-xp 00000000 08:01 18224333   /usr/lib/i386-linux-gnu/libXcomposite.so.1.0.0
af74f000-af750000 r--p 00001000 08:01 18224333   /usr/lib/i386-linux-gnu/libXcomposite.so.1.0.0
af750000-af751000 rw-p 00002000 08:01 18224333   /usr/lib/i386-linux-gnu/libXcomposite.so.1.0.0
af751000-af760000 r--s 0008c000 08:01 5770138    /home/gregoire/Documents/MobileRobots/MobileRobotsProject/mbsysCopy/mbsyspad/MBsysPad.jar
af760000-af764000 r--s 00085000 08:01 18751331   /usr/lib/jvm/java-7-openjdk-i386/jre/lib/ext/localedata.jar
af764000-af788000 rw-p 00000000 00:00 0 
af788000-af83f000 rw-p 00000000 00:00 0 
af83f000-afa7f000 rwxp 00000000 00:00 0 
afa7f000-b283f000 rw-p 00000000 00:00 0 
b283f000-b2849000 r-xp 00000000 08:01 20854272   /lib/i386-linux-gnu/libnss_files-2.19.so
b2849000-b284a000 r--p 00009000 08:01 20854272   /lib/i386-linux-gnu/libnss_files-2.19.so
b284a000-b284b000 rw-p 0000a000 08:01 20854272   /lib/i386-linux-gnu/libnss_files-2.19.so
b284b000-b2855000 r-xp 00000000 08:01 20854264   /lib/i386-linux-gnu/libnss_nis-2.19.so
b2855000-b2856000 r--p 00009000 08:01 20854264   /lib/i386-linux-gnu/libnss_nis-2.19.so
b2856000-b2857000 rw-p 0000a000 08:01 20854264   /lib/i386-linux-gnu/libnss_nis-2.19.so
b2857000-b285a000 r--s 0000f000 08:01 18751219   /usr/lib/jvm/java-7-openjdk-i386/jre/lib/ext/icedtea-sound.jar
b285a000-b285b000 r--s 00002000 08:01 18751957   /usr/lib/jvm/java-7-openjdk-i386/jre/lib/ext/dnsns.jar
b285b000-b285d000 r--s 00012000 08:01 18751958   /usr/lib/jvm/java-7-openjdk-i386/jre/lib/ext/zipfs.jar
b285d000-b2861000 r--s 00034000 08:01 18751956   /usr/lib/jvm/java-7-openjdk-i386/jre/lib/ext/sunjce_provider.jar
b2861000-b2864000 r--s 0003d000 08:01 18751212   /usr/lib/jvm/java-7-openjdk-i386/jre/lib/ext/sunpkcs11.jar
b2864000-b286c000 r-xp 00000000 08:01 18484132   /usr/lib/jvm/java-7-openjdk-i386/jre/lib/i386/libzip.so
b286c000-b286d000 r--p 00007000 08:01 18484132   /usr/lib/jvm/java-7-openjdk-i386/jre/lib/i386/libzip.so
b286d000-b286e000 rw-p 00008000 08:01 18484132   /usr/lib/jvm/java-7-openjdk-i386/jre/lib/i386/libzip.so
b286e000-b2876000 rw-s 00000000 08:01 14552362   /tmp/hsperfdata_gregoire/19150
b2876000-b289d000 r-xp 00000000 08:01 18483211   /usr/lib/jvm/java-7-openjdk-i386/jre/lib/i386/libjava.so
b289d000-b289e000 r--p 00026000 08:01 18483211   /usr/lib/jvm/java-7-openjdk-i386/jre/lib/i386/libjava.so
b289e000-b289f000 rw-p 00027000 08:01 18483211   /usr/lib/jvm/java-7-openjdk-i386/jre/lib/i386/libjava.so
b289f000-b5942000 rw-p 00000000 00:00 0 
b5942000-b5955000 r-xp 00000000 08:01 20854252   /lib/i386-linux-gnu/libresolv-2.19.so
b5955000-b5956000 ---p 00013000 08:01 20854252   /lib/i386-linux-gnu/libresolv-2.19.so
b5956000-b5957000 r--p 00013000 08:01 20854252   /lib/i386-linux-gnu/libresolv-2.19.so
b5957000-b5958000 rw-p 00014000 08:01 20854252   /lib/i386-linux-gnu/libresolv-2.19.so
b5958000-b595a000 rw-p 00000000 00:00 0 
b595a000-b5961000 r-xp 00000000 08:01 18225047   /usr/lib/i386-linux-gnu/libogg.so.0.8.1
b5961000-b5962000 r--p 00006000 08:01 18225047   /usr/lib/i386-linux-gnu/libogg.so.0.8.1
b5962000-b5963000 rw-p 00007000 08:01 18225047   /usr/lib/i386-linux-gnu/libogg.so.0.8.1
b5963000-b598c000 r-xp 00000000 08:01 18225321   /usr/lib/i386-linux-gnu/libvorbis.so.0.4.5
b598c000-b598d000 ---p 00029000 08:01 18225321   /usr/lib/i386-linux-gnu/libvorbis.so.0.4.5
b598d000-b598e000 r--p 00029000 08:01 18225321   /usr/lib/i386-linux-gnu/libvorbis.so.0.4.5
b598e000-b598f000 rw-p 0002a000 08:01 18225321   /usr/lib/i386-linux-gnu/libvorbis.so.0.4.5
b598f000-b5af5000 r-xp 00000000 08:01 18225323   /usr/lib/i386-linux-gnu/libvorbisenc.so.2.0.8
b5af5000-b5b06000 r--p 00165000 08:01 18225323   /usr/lib/i386-linux-gnu/libvorbisenc.so.2.0.8
b5b06000-b5b07000 rw-p 00176000 08:01 18225323   /usr/lib/i386-linux-gnu/libvorbisenc.so.2.0.8
b5b07000-b5b08000 rw-p 00000000 00:00 0 
b5b08000-b5b3a000 r-xp 00000000 08:01 18224186   /usr/lib/i386-linux-gnu/libFLAC.so.8.3.0
b5b3a000-b5b3b000 r--p 00031000 08:01 18224186   /usr/lib/i386-linux-gnu/libFLAC.so.8.3.0
b5b3b000-b5b3c000 rw-p 00032000 08:01 18224186   /usr/lib/i386-linux-gnu/libFLAC.so.8.3.0
b5b3c000-b5b51000 r-xp 00000000 08:01 20854260   /lib/i386-linux-gnu/libnsl-2.19.so
b5b51000-b5b52000 r--p 00015000 08:01 20854260   /lib/i386-linux-gnu/libnsl-2.19.so
b5b52000-b5b53000 rw-p 00016000 08:01 20854260   /lib/i386-linux-gnu/libnsl-2.19.so
b5b53000-b5b55000 rw-p 00000000 00:00 0 
b5b55000-b5b5a000 r-xp 00000000 08:01 18224339   /usr/lib/i386-linux-gnu/libXdmcp.so.6.0.0
b5b5a000-b5b5b000 r--p 00004000 08:01 18224339   /usr/lib/i386-linux-gnu/libXdmcp.so.6.0.0
b5b5b000-b5b5c000 rw-p 00005000 08:01 18224339   /usr/lib/i386-linux-gnu/libXdmcp.so.6.0.0
b5b5c000-b5b5e000 r-xp 00000000 08:01 18224328   /usr/lib/i386-linux-gnu/libXau.so.6.0.0
b5b5e000-b5b5f000 r--p 00001000 08:01 18224328   /usr/lib/i386-linux-gnu/libXau.so.6.0.0
b5b5f000-b5b60000 rw-p 00002000 08:01 18224328   /usr/lib/i386-linux-gnu/libXau.so.6.0.0
b5b60000-b5b65000 r-xp 00000000 08:01 18224418   /usr/lib/i386-linux-gnu/libasyncns.so.0.3.1
b5b65000-b5b66000 r--p 00004000 08:01 18224418   /usr/lib/i386-linux-gnu/libasyncns.so.0.3.1
b5b66000-b5b67000 rw-p 00005000 08:01 18224418   /usr/lib/i386-linux-gnu/libasyncns.so.0.3.1
b5b67000-b5b68000 rw-p 00000000 00:00 0 
b5b68000-b5bd3000 r-xp 00000000 08:01 18219697   /usr/lib/i386-linux-gnu/libsndfile.so.1.0.25
b5bd3000-b5bd4000 ---p 0006b000 08:01 18219697   /usr/lib/i386-linux-gnu/libsndfile.so.1.0.25
b5bd4000-b5bd5000 r--p 0006b000 08:01 18219697   /usr/lib/i386-linux-gnu/libsndfile.so.1.0.25
b5bd5000-b5bd6000 rw-p 0006c000 08:01 18219697   /usr/lib/i386-linux-gnu/libsndfile.so.1.0.25
b5bd6000-b5bda000 rw-p 00000000 00:00 0 
b5bda000-b5be2000 r-xp 00000000 08:01 20841625   /lib/i386-linux-gnu/libwrap.so.0.7.6
b5be2000-b5be3000 r--p 00007000 08:01 20841625   /lib/i386-linux-gnu/libwrap.so.0.7.6
b5be3000-b5be4000 rw-p 00008000 08:01 20841625   /lib/i386-linux-gnu/libwrap.so.0.7.6
b5be4000-b5c0a000 r-xp 00000000 08:01 20841983   /lib/i386-linux-gnu/libpng12.so.0.50.0
b5c0a000-b5c0b000 r--p 00025000 08:01 20841983   /lib/i386-linux-gnu/libpng12.so.0.50.0
b5c0b000-b5c0c000 rw-p 00026000 08:01 20841983   /lib/i386-linux-gnu/libpng12.so.0.50.0
b5c0c000-b5c11000 r-xp 00000000 08:01 18219065   /usr/lib/i386-linux-gnu/libffi.so.6.0.1
b5c11000-b5c12000 r--p 00005000 08:01 18219065   /usr/lib/i386-linux-gnu/libffi.so.6.0.1
b5c12000-b5c13000 rw-p 00006000 08:01 18219065   /usr/lib/i386-linux-gnu/libffi.so.6.0.1
b5c13000-b5c17000 r-xp 00000000 08:01 18219488   /usr/lib/i386-linux-gnu/libXfixes.so.3.1.0
b5c17000-b5c18000 r--p 00003000 08:01 18219488   /usr/lib/i386-linux-gnu/libXfixes.so.3.1.0
b5c18000-b5c19000 rw-p 00004000 08:01 18219488   /usr/lib/i386-linux-gnu/libXfixes.so.3.1.0
b5c19000-b5c1a000 rw-p 00000000 00:00 0 
b5c1a000-b5c23000 r-xp 00000000 08:01 18221390   /usr/lib/i386-linux-gnu/libXrender.so.1.3.0
b5c23000-b5c24000 r--p 00008000 08:01 18221390   /usr/lib/i386-linux-gnu/libXrender.so.1.3.0
b5c24000-b5c25000 rw-p 00009000 08:01 18221390   /usr/lib/i386-linux-gnu/libXrender.so.1.3.0
b5c25000-b5c45000 r-xp 00000000 08:01 18225394   /usr/lib/i386-linux-gnu/libxcb.so.1.1.0
b5c45000-b5c46000 r--p 0001f000 08:01 18225394   /usr/lib/i386-linux-gnu/libxcb.so.1.1.0
b5c46000-b5c47000 rw-p 00020000 08:01 18225394   /usr/lib/i386-linux-gnu/libxcb.so.1.1.0
b5c47000-b5c90000 r-xp 00000000 08:01 20841479   /lib/i386-linux-gnu/libdbus-1.so.3.7.6
b5c90000-b5c91000 r--p 00048000 08:01 20841479   /lib/i386-linux-gnu/libdbus-1.so.3.7.6
b5c91000-b5c92000 rw-p 00049000 08:01 20841479   /lib/i386-linux-gnu/libdbus-1.so.3.7.6
b5c92000-b5c9b000 r-xp 00000000 08:01 20841505   /lib/i386-linux-gnu/libjson-c.so.2.0.0
b5c9b000-b5c9c000 r--p 00008000 08:01 20841505   /lib/i386-linux-gnu/libjson-c.so.2.0.0
b5c9c000-b5c9d000 rw-p 00009000 08:01 20841505   /lib/i386-linux-gnu/libjson-c.so.2.0.0
b5c9d000-b5d0a000 r-xp 00000000 08:01 18226821   /usr/lib/i386-linux-gnu/pulseaudio/libpulsecommon-4.0.so
b5d0a000-b5d0b000 r--p 0006c000 08:01 18226821   /usr/lib/i386-linux-gnu/pulseaudio/libpulsecommon-4.0.so
b5d0b000-b5d0c000 rw-p 0006d000 08:01 18226821   /usr/lib/i386-linux-gnu/pulseaudio/libpulsecommon-4.0.so
b5d0c000-b5d0d000 rw-p 00000000 00:00 0 
b5d0d000-b5da8000 r-xp 00000000 08:01 18227707   /usr/lib/i386-linux-gnu/libfreetype.so.6.11.1
b5da8000-b5dac000 r--p 0009a000 08:01 18227707   /usr/lib/i386-linux-gnu/libfreetype.so.6.11.1
b5dac000-b5dad000 rw-p 0009e000 08:01 18227707   /usr/lib/i386-linux-gnu/libfreetype.so.6.11.1
b5dad000-b5db4000 r-xp 00000000 08:01 20854268   /lib/i386-linux-gnu/librt-2.19.so
b5db4000-b5db5000 r--p 00006000 08:01 20854268   /lib/i386-linux-gnu/librt-2.19.so
b5db5000-b5db6000 rw-p 00007000 08:01 20854268   /lib/i386-linux-gnu/librt-2.19.so
b5db6000-b5dce000 r-xp 00000000 08:01 20854261   /lib/i386-linux-gnu/libpthread-2.19.so
b5dce000-b5dcf000 r--p 00018000 08:01 20854261   /lib/i386-linux-gnu/libpthread-2.19.so
b5dcf000-b5dd0000 rw-p 00019000 08:01 20854261   /lib/i386-linux-gnu/libpthread-2.19.so
b5dd0000-b5dd2000 rw-p 00000000 00:00 0 
b5dd2000-b5e0c000 r-xp 00000000 08:01 18225398   /usr/lib/i386-linux-gnu/libxkbcommon.so.0.0.0
b5e0c000-b5e0d000 r--p 00039000 08:01 18225398   /usr/lib/i386-linux-gnu/libxkbcommon.so.0.0.0
b5e0d000-b5e0e000 rw-p 0003a000 08:01 18225398   /usr/lib/i386-linux-gnu/libxkbcommon.so.0.0.0
b5e0e000-b5e0f000 rw-p 00000000 00:00 0 
b5e0f000-b5e13000 r-xp 00000000 08:01 18225336   /usr/lib/i386-linux-gnu/libwayland-cursor.so.0.0.0
b5e13000-b5e14000 r--p 00003000 08:01 18225336   /usr/lib/i386-linux-gnu/libwayland-cursor.so.0.0.0
b5e14000-b5e18000 rw-p 00004000 08:01 18225336   /usr/lib/i386-linux-gnu/libwayland-cursor.so.0.0.0
b5e18000-b5e21000 r-xp 00000000 08:01 18225334   /usr/lib/i386-linux-gnu/libwayland-client.so.0.2.0
b5e21000-b5e22000 ---p 00009000 08:01 18225334   /usr/lib/i386-linux-gnu/libwayland-client.so.0.2.0
b5e22000-b5e23000 r--p 00009000 08:01 18225334   /usr/lib/i386-linux-gnu/libwayland-client.so.0.2.0
b5e23000-b5e24000 rw-p 0000a000 08:01 18225334   /usr/lib/i386-linux-gnu/libwayland-client.so.0.2.0
b5e24000-b5e25000 r-xp 00000000 08:01 18220505   /usr/lib/i386-linux-gnu/libwayland-egl.so.1.0.0
b5e25000-b5e26000 r--p 00000000 08:01 18220505   /usr/lib/i386-linux-gnu/libwayland-egl.so.1.0.0
b5e26000-b5e27000 rw-p 00001000 08:01 18220505   /usr/lib/i386-linux-gnu/libwayland-egl.so.1.0.0
b5e27000-b5e2b000 r-xp 00000000 08:01 18224379   /usr/lib/i386-linux-gnu/libXxf86vm.so.1.0.0
b5e2b000-b5e2c000 r--p 00004000 08:01 18224379   /usr/lib/i386-linux-gnu/libXxf86vm.so.1.0.0
b5e2c000-b5e2d000 rw-p 00005000 08:01 18224379   /usr/lib/i386-linux-gnu/libXxf86vm.so.1.0.0
b5e2d000-b5e2f000 r-xp 00000000 08:01 18224365   /usr/lib/i386-linux-gnu/libXss.so.1.0.0
b5e2f000-b5e30000 r--p 00001000 08:01 18224365   /usr/lib/i386-linux-gnu/libXss.so.1.0.0
b5e30000-b5e31000 rw-p 00002000 08:01 18224365   /usr/lib/i386-linux-gnu/libXss.so.1.0.0
b5e31000-b5e32000 rw-p 00000000 00:00 0 
b5e32000-b5e3b000 r-xp 00000000 08:01 18226177   /usr/lib/i386-linux-gnu/libXrandr.so.2.2.0
b5e3b000-b5e3c000 r--p 00008000 08:01 18226177   /usr/lib/i386-linux-gnu/libXrandr.so.2.2.0
b5e3c000-b5e3d000 rw-p 00009000 08:01 18226177   /usr/lib/i386-linux-gnu/libXrandr.so.2.2.0
b5e3d000-b5e4b000 r-xp 00000000 08:01 18221388   /usr/lib/i386-linux-gnu/libXi.so.6.1.0
b5e4b000-b5e4c000 r--p 0000e000 08:01 18221388   /usr/lib/i386-linux-gnu/libXi.so.6.1.0
b5e4c000-b5e4d000 rw-p 0000f000 08:01 18221388   /usr/lib/i386-linux-gnu/libXi.so.6.1.0
b5e4d000-b5e4f000 r-xp 00000000 08:01 18224351   /usr/lib/i386-linux-gnu/libXinerama.so.1.0.0
b5e4f000-b5e50000 r--p 00001000 08:01 18224351   /usr/lib/i386-linux-gnu/libXinerama.so.1.0.0
b5e50000-b5e51000 rw-p 00002000 08:01 18224351   /usr/lib/i386-linux-gnu/libXinerama.so.1.0.0
b5e51000-b5e5a000 r-xp 00000000 08:01 18224335   /usr/lib/i386-linux-gnu/libXcursor.so.1.0.2
b5e5a000-b5e5b000 r--p 00008000 08:01 18224335   /usr/lib/i386-linux-gnu/libXcursor.so.1.0.2
b5e5b000-b5e5c000 rw-p 00009000 08:01 18224335   /usr/lib/i386-linux-gnu/libXcursor.so.1.0.2
b5e5c000-b5e6d000 r-xp 00000000 08:01 18220240   /usr/lib/i386-linux-gnu/libXext.so.6.4.0
b5e6d000-b5e6e000 r--p 00010000 08:01 18220240   /usr/lib/i386-linux-gnu/libXext.so.6.4.0
b5e6e000-b5e6f000 rw-p 00011000 08:01 18220240   /usr/lib/i386-linux-gnu/libXext.so.6.4.0
b5e6f000-b5e70000 rw-p 00000000 00:00 0 
b5e70000-b5fa0000 r-xp 00000000 08:01 18224324   /usr/lib/i386-linux-gnu/libX11.so.6.3.0
b5fa0000-b5fa1000 r--p 00130000 08:01 18224324   /usr/lib/i386-linux-gnu/libX11.so.6.3.0
b5fa1000-b5fa3000 rw-p 00131000 08:01 18224324   /usr/lib/i386-linux-gnu/libX11.so.6.3.0
b5fa3000-b5fa4000 rw-p 00000000 00:00 0 
b5fa4000-b5ff1000 r-xp 00000000 08:01 18225116   /usr/lib/i386-linux-gnu/libpulse.so.0.16.2
b5ff1000-b5ff2000 r--p 0004c000 08:01 18225116   /usr/lib/i386-linux-gnu/libpulse.so.0.16.2
b5ff2000-b5ff3000 rw-p 0004d000 08:01 18225116   /usr/lib/i386-linux-gnu/libpulse.so.0.16.2
b5ff3000-b5ff6000 r-xp 00000000 08:01 18225114   /usr/lib/i386-linux-gnu/libpulse-simple.so.0.0.4
b5ff6000-b5ff7000 r--p 00002000 08:01 18225114   /usr/lib/i386-linux-gnu/libpulse-simple.so.0.0.4
b5ff7000-b5ff8000 rw-p 00003000 08:01 18225114   /usr/lib/i386-linux-gnu/libpulse-simple.so.0.0.4
b5ff8000-b60e9000 r-xp 00000000 08:01 18224410   /usr/lib/i386-linux-gnu/libasound.so.2.0.0
b60e9000-b60ed000 r--p 000f0000 08:01 18224410   /usr/lib/i386-linux-gnu/libasound.so.2.0.0
b60ed000-b60ee000 rw-p 000f4000 08:01 18224410   /usr/lib/i386-linux-gnu/libasound.so.2.0.0
b60ee000-b6112000 r-xp 00000000 08:01 20841512   /lib/i386-linux-gnu/liblzma.so.5.0.0
b6112000-b6113000 r--p 00023000 08:01 20841512   /lib/i386-linux-gnu/liblzma.so.5.0.0
b6113000-b6114000 rw-p 00024000 08:01 20841512   /lib/i386-linux-gnu/liblzma.so.5.0.0
b6114000-b6115000 rw-p 00000000 00:00 0 
b6115000-b612d000 r-xp 00000000 08:01 20841628   /lib/i386-linux-gnu/libz.so.1.2.8
b612d000-b612e000 r--p 00017000 08:01 20841628   /lib/i386-linux-gnu/libz.so.1.2.8
b612e000-b612f000 rw-p 00018000 08:01 20841628   /lib/i386-linux-gnu/libz.so.1.2.8
b612f000-b6132000 r-xp 00000000 08:01 20854256   /lib/i386-linux-gnu/libdl-2.19.so
b6132000-b6133000 r--p 00002000 08:01 20854256   /lib/i386-linux-gnu/libdl-2.19.so
b6133000-b6134000 rw-p 00003000 08:01 20854256   /lib/i386-linux-gnu/libdl-2.19.so
b6134000-b62dc000 r-xp 00000000 08:01 20854269   /lib/i386-linux-gnu/libc-2.19.so
b62dc000-b62dd000 ---p 001a8000 08:01 20854269   /lib/i386-linux-gnu/libc-2.19.so
b62dd000-b62df000 r--p 001a8000 08:01 20854269   /lib/i386-linux-gnu/libc-2.19.so
b62df000-b62e0000 rw-p 001aa000 08:01 20854269   /lib/i386-linux-gnu/libc-2.19.so
b62e0000-b62e3000 rw-p 00000000 00:00 0 
b62e3000-b62ff000 r-xp 00000000 08:01 20841980   /lib/i386-linux-gnu/libgcc_s.so.1
b62ff000-b6300000 rw-p 0001b000 08:01 20841980   /lib/i386-linux-gnu/libgcc_s.so.1
b6300000-b63dc000 r-xp 00000000 08:01 18223271   /usr/lib/i386-linux-gnu/libstdc++.so.6.0.19
b63dc000-b63e0000 r--p 000dc000 08:01 18223271   /usr/lib/i386-linux-gnu/libstdc++.so.6.0.19
b63e0000-b63e1000 rw-p 000e0000 08:01 18223271   /usr/lib/i386-linux-gnu/libstdc++.so.6.0.19
b63e1000-b63e9000 rw-p 00000000 00:00 0 
b63e9000-b642d000 r-xp 00000000 08:01 20854254   /lib/i386-linux-gnu/libm-2.19.so
b642d000-b642e000 r--p 00043000 08:01 20854254   /lib/i386-linux-gnu/libm-2.19.so
b642e000-b642f000 rw-p 00044000 08:01 20854254   /lib/i386-linux-gnu/libm-2.19.so
b642f000-b6e2c000 r-xp 00000000 08:01 18483215   /usr/lib/jvm/java-7-openjdk-i386/jre/lib/i386/server/libjvm.so
b6e2c000-b6e2d000 ---p 009fd000 08:01 18483215   /usr/lib/jvm/java-7-openjdk-i386/jre/lib/i386/server/libjvm.so
b6e2d000-b6e7f000 r--p 009fd000 08:01 18483215   /usr/lib/jvm/java-7-openjdk-i386/jre/lib/i386/server/libjvm.so
b6e7f000-b6e93000 rw-p 00a4f000 08:01 18483215   /usr/lib/jvm/java-7-openjdk-i386/jre/lib/i386/server/libjvm.so
b6e93000-b72b0000 rw-p 00000000 00:00 0 
b72b0000-b72b6000 r-xp 00000000 08:01 18240492   /usr/lib/i386-linux-gnu/libSDL2_ttf-2.0.so.0.10.2
b72b6000-b72b7000 r--p 00005000 08:01 18240492   /usr/lib/i386-linux-gnu/libSDL2_ttf-2.0.so.0.10.2
b72b7000-b72b8000 rw-p 00006000 08:01 18240492   /usr/lib/i386-linux-gnu/libSDL2_ttf-2.0.so.0.10.2
b72b8000-b73c4000 r-xp 00000000 08:01 18240490   /usr/lib/i386-linux-gnu/libSDL2-2.0.so.0.2.0
b73c4000-b73c7000 r--p 0010b000 08:01 18240490   /usr/lib/i386-linux-gnu/libSDL2-2.0.so.0.2.0
b73c7000-b73ca000 rw-p 0010e000 08:01 18240490   /usr/lib/i386-linux-gnu/libSDL2-2.0.so.0.2.0
b73ca000-b73cc000 rw-p 00000000 00:00 0 
b73cc000-b7407000 r-xp 00000000 08:01 18219216   /usr/lib/libgslcblas.so.0.0.0
b7407000-b7408000 r--p 0003a000 08:01 18219216   /usr/lib/libgslcblas.so.0.0.0
b7408000-b7409000 rw-p 0003b000 08:01 18219216   /usr/lib/libgslcblas.so.0.0.0
b7409000-b740a000 rw-p 00000000 00:00 0 
b740a000-b7632000 r-xp 00000000 08:01 18220133   /usr/lib/libgsl.so.0.17.0
b7632000-b7633000 ---p 00228000 08:01 18220133   /usr/lib/libgsl.so.0.17.0
b7633000-b7635000 r--p 00228000 08:01 18220133   /usr/lib/libgsl.so.0.17.0
b7635000-b7643000 rw-p 0022a000 08:01 18220133   /usr/lib/libgsl.so.0.17.0
b7643000-b7797000 r-xp 00000000 08:01 18219236   /usr/lib/i386-linux-gnu/libxml2.so.2.9.1
b7797000-b779b000 r--p 00154000 08:01 18219236   /usr/lib/i386-linux-gnu/libxml2.so.2.9.1
b779b000-b779c000 rw-p 00158000 08:01 18219236   /usr/lib/i386-linux-gnu/libxml2.so.2.9.1
b779c000-b779d000 rw-p 00000000 00:00 0 
b779d000-b779f000 r--s 00006000 08:01 18616755   /usr/share/java/java-atk-wrapper.jar
b779f000-b77a0000 r--p 00859000 08:01 18227311   /usr/lib/locale/locale-archive
b77a0000-b77a7000 r-xp 00000000 08:01 20854259   /lib/i386-linux-gnu/libnss_compat-2.19.so
b77a7000-b77a8000 r--p 00006000 08:01 20854259   /lib/i386-linux-gnu/libnss_compat-2.19.so
b77a8000-b77a9000 rw-p 00007000 08:01 20854259   /lib/i386-linux-gnu/libnss_compat-2.19.so
b77a9000-b77aa000 rw-p 00000000 00:00 0 
b77aa000-b77ab000 r--p 00000000 00:00 0 
b77ab000-b77b9000 r-xp 00000000 08:01 18483209   /usr/lib/jvm/java-7-openjdk-i386/jre/lib/i386/libverify.so
b77b9000-b77ba000 r--p 0000d000 08:01 18483209   /usr/lib/jvm/java-7-openjdk-i386/jre/lib/i386/libverify.so
b77ba000-b77bb000 rw-p 0000e000 08:01 18483209   /usr/lib/jvm/java-7-openjdk-i386/jre/lib/i386/libverify.so
b77bb000-b77be000 rw-p 00000000 00:00 0 
b77be000-b77bf000 r-xp 00000000 00:00 0          [vdso]
b77bf000-b77c1000 r--p 00000000 00:00 0          [vvar]
b77c1000-b77e1000 r-xp 00000000 08:01 20854262   /lib/i386-linux-gnu/ld-2.19.so
b77e1000-b77e2000 r--p 0001f000 08:01 20854262   /lib/i386-linux-gnu/ld-2.19.so
b77e2000-b77e3000 rw-p 00020000 08:01 20854262   /lib/i386-linux-gnu/ld-2.19.so
bf7c3000-bf7c4000 rwxp 00000000 00:00 0 
bf7c7000-bf7ca000 ---p 00000000 00:00 0 
bf7cb000-bf817000 rw-p 00000000 00:00 0          [stack]

VM Arguments:
jvm_args: -Djava.library.path=/usr/lib/jni 
java_command: <unknown>
Launcher Type: generic

Environment Variables:
PATH=/home/gregoire/Applications/anaconda3/bin:/usr/local/sbin:/usr/local/bin:/usr/sbin:/usr/bin:/sbin:/bin:/usr/games:/usr/local/games
SHELL=/bin/bash
DISPLAY=:0.0

Signal Handlers:
SIGSEGV: [libjvm.so+0x8191e0], sa_mask[0]=0x7ffbfeff, sa_flags=0x10000004
SIGBUS: [libjvm.so+0x8191e0], sa_mask[0]=0x7ffbfeff, sa_flags=0x10000004
SIGFPE: [libjvm.so+0x68ddb0], sa_mask[0]=0x7ffbfeff, sa_flags=0x10000004
SIGPIPE: [libjvm.so+0x68ddb0], sa_mask[0]=0x7ffbfeff, sa_flags=0x10000004
SIGXFSZ: [libjvm.so+0x68ddb0], sa_mask[0]=0x7ffbfeff, sa_flags=0x10000004
SIGILL: [libjvm.so+0x68ddb0], sa_mask[0]=0x7ffbfeff, sa_flags=0x10000004
SIGUSR1: SIG_DFL, sa_mask[0]=0x00000000, sa_flags=0x00000000
SIGUSR2: [libjvm.so+0x68df10], sa_mask[0]=0x00000000, sa_flags=0x10000004
SIGHUP: [libjvm.so+0x68de70], sa_mask[0]=0x7ffbfeff, sa_flags=0x10000004
SIGINT: [libjvm.so+0x68de70], sa_mask[0]=0x7ffbfeff, sa_flags=0x10000004
SIGTERM: [libjvm.so+0x68de70], sa_mask[0]=0x7ffbfeff, sa_flags=0x10000004
SIGQUIT: [libjvm.so+0x68de70], sa_mask[0]=0x7ffbfeff, sa_flags=0x10000004
SIGTRAP: SIG_DFL, sa_mask[0]=0x00000000, sa_flags=0x00000000


---------------  S Y S T E M  ---------------

OS:Ubuntu 14.04 (trusty)
uname:Linux 3.16.0-59-generic #79~14.04.1-Ubuntu SMP Mon Jan 18 15:39:06 UTC 2016 i686
libc:glibc 2.19 NPTL 2.19 
rlimit: STACK 8192k, CORE 0k, NPROC 31352, NOFILE 4096, AS infinity
load average:1.03 0.61 0.53

/proc/meminfo:
MemTotal:        4032724 kB
MemFree:         1280504 kB
MemAvailable:    2724888 kB
Buffers:          494976 kB
Cached:          1130564 kB
SwapCached:          172 kB
Active:          1830840 kB
Inactive:         677308 kB
Active(anon):     853084 kB
Inactive(anon):   114552 kB
Active(file):     977756 kB
Inactive(file):   562756 kB
Unevictable:           0 kB
Mlocked:               0 kB
HighTotal:       3170056 kB
HighFree:        1216608 kB
LowTotal:         862668 kB
LowFree:           63896 kB
SwapTotal:       4075516 kB
SwapFree:        4075300 kB
Dirty:              1668 kB
Writeback:             0 kB
AnonPages:        882424 kB
Mapped:           297772 kB
Shmem:             85028 kB
Slab:             200268 kB
SReclaimable:     181868 kB
SUnreclaim:        18400 kB
KernelStack:        3248 kB
PageTables:         8692 kB
NFS_Unstable:          0 kB
Bounce:                0 kB
WritebackTmp:          0 kB
CommitLimit:     6091876 kB
Committed_AS:    3560292 kB
VmallocTotal:     122880 kB
VmallocUsed:       19388 kB
VmallocChunk:      82208 kB
AnonHugePages:    315392 kB
HugePages_Total:       0
HugePages_Free:        0
HugePages_Rsvd:        0
HugePages_Surp:        0
Hugepagesize:       2048 kB
DirectMap4k:       17400 kB
DirectMap2M:      890880 kB


CPU:total 2 (2 cores per cpu, 1 threads per core) family 6 model 55 stepping 8, cmov, cx8, fxsr, mmx, sse, sse2, sse3, ssse3, sse4.1, sse4.2, popcnt, erms, tsc, tscinvbit

/proc/cpuinfo:
processor	: 0
vendor_id	: GenuineIntel
cpu family	: 6
model		: 55
model name	: Intel(R) Celeron(R) CPU  N2840  @ 2.16GHz
stepping	: 8
microcode	: 0x809
cpu MHz		: 2582.293
cache size	: 1024 KB
physical id	: 0
siblings	: 2
core id		: 0
cpu cores	: 2
apicid		: 0
initial apicid	: 0
fdiv_bug	: no
f00f_bug	: no
coma_bug	: no
fpu		: yes
fpu_exception	: yes
cpuid level	: 11
wp		: yes
flags		: fpu vme de pse tsc msr pae mce cx8 apic sep mtrr pge mca cmov pat pse36 clflush dts acpi mmx fxsr sse sse2 ss ht tm pbe nx rdtscp lm constant_tsc arch_perfmon pebs bts xtopology nonstop_tsc aperfmperf pni pclmulqdq dtes64 monitor ds_cpl vmx est tm2 ssse3 cx16 xtpr pdcm sse4_1 sse4_2 movbe popcnt tsc_deadline_timer rdrand lahf_lm 3dnowprefetch ida arat epb dtherm tpr_shadow vnmi flexpriority ept vpid tsc_adjust smep erms
bogomips	: 4326.40
clflush size	: 64
cache_alignment	: 64
address sizes	: 36 bits physical, 48 bits virtual
power management:

processor	: 1
vendor_id	: GenuineIntel
cpu family	: 6
model		: 55
model name	: Intel(R) Celeron(R) CPU  N2840  @ 2.16GHz
stepping	: 8
microcode	: 0x809
cpu MHz		: 2582.293
cache size	: 1024 KB
physical id	: 0
siblings	: 2
core id		: 1
cpu cores	: 2
apicid		: 2
initial apicid	: 2
fdiv_bug	: no
f00f_bug	: no
coma_bug	: no
fpu		: yes
fpu_exception	: yes
cpuid level	: 11
wp		: yes
flags		: fpu vme de pse tsc msr pae mce cx8 apic sep mtrr pge mca cmov pat pse36 clflush dts acpi mmx fxsr sse sse2 ss ht tm pbe nx rdtscp lm constant_tsc arch_perfmon pebs bts xtopology nonstop_tsc aperfmperf pni pclmulqdq dtes64 monitor ds_cpl vmx est tm2 ssse3 cx16 xtpr pdcm sse4_1 sse4_2 movbe popcnt tsc_deadline_timer rdrand lahf_lm 3dnowprefetch ida arat epb dtherm tpr_shadow vnmi flexpriority ept vpid tsc_adjust smep erms
bogomips	: 4326.40
clflush size	: 64
cache_alignment	: 64
address sizes	: 36 bits physical, 48 bits virtual
power management:



Memory: 4k page, physical 4032724k(1280504k free), swap 4075516k(4075300k free)

vm_info: OpenJDK Server VM (24.111-b01) for linux-x86 JRE (1.7.0_111-b01), built on Aug 12 2016 05:32:15 by "buildd" with gcc 4.8.4

time: Wed Nov 16 10:22:45 2016
elapsed time: 5 seconds

