#
# A fatal error has been detected by the Java Runtime Environment:
#
#  SIGSEGV (0xb) at pc=0x000000000045e7ea, pid=6162, tid=0x00007f96eaa4d8c0
#
# JRE version: OpenJDK Runtime Environment (8.0_111-b14) (build 1.8.0_111-8u111-b14-2ubuntu0.16.04.2-b14)
# Java VM: OpenJDK 64-Bit Server VM (25.111-b14 mixed mode linux-amd64 compressed oops)
# Problematic frame:
# C  [exe_projectRobotran+0x5e7ea]  ctrlGr4::SearchGraph::_graphInit()+0x8da
#
# Failed to write core dump. Core dumps have been disabled. To enable core dumping, try "ulimit -c unlimited" before starting Java again
#
# If you would like to submit a bug report, please visit:
#   http://bugreport.java.com/bugreport/crash.jsp
# The crash happened outside the Java Virtual Machine in native code.
# See problematic frame for where to report the bug.
#

---------------  T H R E A D  ---------------

Current thread (0x000000000231b000):  JavaThread "main" [_thread_in_native, id=6162, stack(0x00007ffdf4b8a000,0x00007ffdf4c8a000)]

siginfo: si_signo: 11 (SIGSEGV), si_code: 1 (SEGV_MAPERR), si_addr: 0x0000000000000008

Registers:
RAX=0x00007ffdf4c870c8, RBX=0x0000000000000000, RCX=0x0000000000000004, RDX=0x0000000000000002
RSP=0x00007ffdf4c87040, RBP=0x000000000000001f, RSI=0x0000000000471a78, RDI=0x00007ffdf4c870d8
R8 =0x0000000000000002, R9 =0x0000000000000006, R10=0x00007f96e81b3ba8, R11=0x0000000000000001
R12=0x00007ffdf4c87160, R13=0x00007ffdf4c87188, R14=0x0000000000000000, R15=0x0000000000000000
RIP=0x000000000045e7ea, EFLAGS=0x0000000000010206, CSGSFS=0x0000000000000033, ERR=0x0000000000000004
  TRAPNO=0x000000000000000e

Top of Stack: (sp=0x00007ffdf4c87040)
0x00007ffdf4c87040:   0000000000000000 0000000000000000
0x00007ffdf4c87050:   00007ffdf4c87098 00007ffdf4c870d8
0x00007ffdf4c87060:   00007ffdf4c87180 0000000000000000
0x00007ffdf4c87070:   3fd6666666666666 00007f96e7df3d80
0x00007ffdf4c87080:   0000000000471698 00007ffdf4c87098
0x00007ffdf4c87090:   0000000000000002 00006a624f007450
0x00007ffdf4c870a0:   0000000000000001 bfc3333333333333
0x00007ffdf4c870b0:   0000000000000000 0000000000000000
0x00007ffdf4c870c0:   0000000000471b30 00007ffdf4c870d8
0x00007ffdf4c870d0:   0000000000000002 00006a624f007450
0x00007ffdf4c870e0:   00007ffdf4c87150 bfee666666666667
0x00007ffdf4c870f0:   3ff8ccccccccccd0 0b03e34d08732a00
0x00007ffdf4c87100:   ffff80020b378eb1 00007ffdf4c87160
0x00007ffdf4c87110:   00007ffdf4c87168 0000000002be7ed0
0x00007ffdf4c87120:   0000000002be7b80 000000000230c0d0
0x00007ffdf4c87130:   0000000000000000 000000000045ea7c
0x00007ffdf4c87140:   0000000002be7fa0 0000000002be7cb0
0x00007ffdf4c87150:   0000000002be7ed0 000000000045db4a
0x00007ffdf4c87160:   00000000004716c0 0000000002be3180
0x00007ffdf4c87170:   0000000002be31e0 0000000002be31e0
0x00007ffdf4c87180:   0000000000000004 0000000000000000
0x00007ffdf4c87190:   0000000002bf6940 0000000002c0aa70
0x00007ffdf4c871a0:   0000000002c0aa30 000000000000028c
0x00007ffdf4c871b0:   000000000000028b 0b03e34d08732a00
0x00007ffdf4c871c0:   0000000002be78c0 000000000045afcd
0x00007ffdf4c871d0:   0000000002be7c70 0000000000000000
0x00007ffdf4c871e0:   0000000002be7c70 0000000000000000
0x00007ffdf4c871f0:   0000000000000000 000000000045436b
0x00007ffdf4c87200:   0000000000000000 0000000002be7c70
0x00007ffdf4c87210:   0000000000000000 00000000004402ca
0x00007ffdf4c87220:   0000000002be7bb0 0000000000000000
0x00007ffdf4c87230:   000000000230c380 0000000000441f82 

Instructions: (pc=0x000000000045e7ea)
0x000000000045e7ca:   24 48 01 4c 89 ce 48 8b 46 28 48 8d bc 24 80 00
0x000000000045e7da:   00 00 f2 0f 10 48 08 f2 0f 10 00 e8 c6 38 00 00
0x000000000045e7ea:   f2 41 0f 10 4e 08 48 8d 7c 24 40 f2 41 0f 10 06
0x000000000045e7fa:   e8 b1 38 00 00 48 8d b4 24 80 00 00 00 48 8d 7c 

Register to memory mapping:

RAX=0x00007ffdf4c870c8 is pointing into the stack for thread: 0x000000000231b000
RBX=0x0000000000000000 is an unknown value
RCX=0x0000000000000004 is an unknown value
RDX=0x0000000000000002 is an unknown value
RSP=0x00007ffdf4c87040 is pointing into the stack for thread: 0x000000000231b000
RBP=0x000000000000001f is an unknown value
RSI=0x0000000000471a78: <offset 0x71a78> in ./exe_projectRobotran at 0x0000000000400000
RDI=0x00007ffdf4c870d8 is pointing into the stack for thread: 0x000000000231b000
R8 =0x0000000000000002 is an unknown value
R9 =0x0000000000000006 is an unknown value
R10=0x00007f96e81b3ba8: <offset 0x3c3ba8> in /lib/x86_64-linux-gnu/libc.so.6 at 0x00007f96e7df0000
R11=0x0000000000000001 is an unknown value
R12=0x00007ffdf4c87160 is pointing into the stack for thread: 0x000000000231b000
R13=0x00007ffdf4c87188 is pointing into the stack for thread: 0x000000000231b000
R14=0x0000000000000000 is an unknown value
R15=0x0000000000000000 is an unknown value


Stack: [0x00007ffdf4b8a000,0x00007ffdf4c8a000],  sp=0x00007ffdf4c87040,  free space=1012k
Native frames: (J=compiled Java code, j=interpreted, Vv=VM code, C=native code)
C  [exe_projectRobotran+0x5e7ea]  ctrlGr4::SearchGraph::_graphInit()+0x8da


---------------  P R O C E S S  ---------------

Java Threads: ( => current thread )
  0x0000000002bb5000 JavaThread "J3D-InputDeviceScheduler-1" [_thread_blocked, id=6194, stack(0x00007f968ce01000,0x00007f968cf02000)]
  0x0000000002d58800 JavaThread "J3D-SoundSchedulerUpdateThread-1" [_thread_blocked, id=6193, stack(0x00007f968cf02000,0x00007f968d003000)]
  0x0000000002d3e800 JavaThread "J3D-RenderStructureUpdateThread-1" [_thread_in_Java, id=6192, stack(0x00007f968d003000,0x00007f968d104000)]
  0x0000000002bae800 JavaThread "J3D-BehaviorScheduler-1" [_thread_blocked, id=6191, stack(0x00007f968d104000,0x00007f968d205000)]
  0x0000000002ba8000 JavaThread "J3D-TransformStructureUpdateThread-1" [_thread_blocked, id=6190, stack(0x00007f968d205000,0x00007f968d306000)]
  0x0000000002bb4000 JavaThread "J3D-RenderingEnvironmentStructureUpdateThread-1" [_thread_blocked, id=6189, stack(0x00007f968d306000,0x00007f968d407000)]
  0x0000000002baf800 JavaThread "J3D-SoundStructureUpdateThread-1" [_thread_blocked, id=6188, stack(0x00007f968d407000,0x00007f968d508000)]
  0x0000000002bab000 JavaThread "J3D-GeometryStructureUpdateThread-1" [_thread_blocked, id=6187, stack(0x00007f968d508000,0x00007f968d609000)]
  0x0000000002d55800 JavaThread "J3D-BehaviorStructureUpdateThread-1" [_thread_blocked, id=6186, stack(0x00007f968d609000,0x00007f968d70a000)]
  0x0000000002928800 JavaThread "Image Fetcher 1" daemon [_thread_blocked, id=6184, stack(0x00007f968e46e000,0x00007f968e56f000)]
  0x0000000002927000 JavaThread "Image Fetcher 0" daemon [_thread_blocked, id=6183, stack(0x00007f968e56f000,0x00007f968e670000)]
  0x0000000002813800 JavaThread "AWT-EventQueue-0" [_thread_blocked, id=6182, stack(0x00007f968e670000,0x00007f968e771000)]
  0x0000000002812000 JavaThread "AWT-Shutdown" [_thread_blocked, id=6181, stack(0x00007f968e771000,0x00007f968e872000)]
  0x00000000028ef800 JavaThread "Timer-0" daemon [_thread_blocked, id=6180, stack(0x00007f968ea72000,0x00007f968eb73000)]
  0x0000000002832000 JavaThread "J3D-Renderer-1" [_thread_in_vm, id=6179, stack(0x00007f968fbfc000,0x00007f968fcfd000)]
  0x0000000002830000 JavaThread "J3D-MasterControl-1" [_thread_blocked, id=6178, stack(0x00007f968fcfd000,0x00007f968fdfe000)]
  0x00000000027f1000 JavaThread "J3D-NotificationThread" [_thread_blocked, id=6177, stack(0x00007f968fdfe000,0x00007f968feff000)]
  0x00000000027c3000 JavaThread "J3D-TimerThread" [_thread_blocked, id=6176, stack(0x00007f968feff000,0x00007f9690000000)]
  0x00000000027f4800 JavaThread "J3D-RenderingAttributesStructureUpdateThread" [_thread_blocked, id=6175, stack(0x00007f96c004a000,0x00007f96c014b000)]
  0x00000000025c1800 JavaThread "AWT-XAWT" daemon [_thread_in_native, id=6174, stack(0x00007f96c22b2000,0x00007f96c23b3000)]
  0x00000000025a0800 JavaThread "Java2D Disposer" daemon [_thread_blocked, id=6173, stack(0x00007f96c23b3000,0x00007f96c24b4000)]
  0x00000000023ee000 JavaThread "Service Thread" daemon [_thread_blocked, id=6171, stack(0x00007f96c2f3a000,0x00007f96c303b000)]
  0x00000000023e6000 JavaThread "C1 CompilerThread1" daemon [_thread_in_vm, id=6170, stack(0x00007f96c303b000,0x00007f96c313c000)]
  0x00000000023e3000 JavaThread "C2 CompilerThread0" daemon [_thread_blocked, id=6169, stack(0x00007f96c313c000,0x00007f96c323d000)]
  0x00000000023e1000 JavaThread "Signal Dispatcher" daemon [_thread_blocked, id=6168, stack(0x00007f96c323d000,0x00007f96c333e000)]
  0x00000000023b8800 JavaThread "Finalizer" daemon [_thread_blocked, id=6167, stack(0x00007f96c3cfd000,0x00007f96c3dfe000)]
  0x00000000023b4000 JavaThread "Reference Handler" daemon [_thread_blocked, id=6166, stack(0x00007f96c3dfe000,0x00007f96c3eff000)]
=>0x000000000231b000 JavaThread "main" [_thread_in_native, id=6162, stack(0x00007ffdf4b8a000,0x00007ffdf4c8a000)]

Other Threads:
  0x00000000023ac800 VMThread [stack: 0x00007f96c3eff000,0x00007f96c4000000] [id=6165]
  0x00000000023f8000 WatcherThread [stack: 0x00007f96c2e39000,0x00007f96c2f3a000] [id=6172]

VM state:not at safepoint (normal execution)

VM Mutex/Monitor currently owned by a thread: None

Heap:
 PSYoungGen      total 113664K, used 36523K [0x00000000e1500000, 0x00000000e9400000, 0x0000000100000000)
  eden space 98304K, 28% used [0x00000000e1500000,0x00000000e30ce460,0x00000000e7500000)
  from space 15360K, 52% used [0x00000000e8500000,0x00000000e8cdc840,0x00000000e9400000)
  to   space 15872K, 0% used [0x00000000e7500000,0x00000000e7500000,0x00000000e8480000)
 ParOldGen       total 64512K, used 31377K [0x00000000a3e00000, 0x00000000a7d00000, 0x00000000e1500000)
  object space 64512K, 48% used [0x00000000a3e00000,0x00000000a5ca4428,0x00000000a7d00000)
 Metaspace       used 20376K, capacity 20542K, committed 20864K, reserved 1067008K
  class space    used 2282K, capacity 2354K, committed 2432K, reserved 1048576K

Card table byte_map: [0x00007f96cc9da000,0x00007f96cccbc000] byte_map_base: 0x00007f96cc4bb000

Marking Bits: (ParMarkBitMap*) 0x00007f96e9977220
 Begin Bits: [0x00007f96c97dc000, 0x00007f96caee4000)
 End Bits:   [0x00007f96caee4000, 0x00007f96cc5ec000)

Polling page: 0x00007f96eab08000

CodeCache: size=245760Kb used=6822Kb max_used=6822Kb free=238937Kb
 bounds [0x00007f96cd07c000, 0x00007f96cd72c000, 0x00007f96dc07c000]
 total_blobs=2551 nmethods=1849 adapters=617
 compilation: enabled

Compilation events (10 events):
Event: 2.395 Thread 0x00000000023e6000 nmethod 1831 0x00007f96cd7221d0 code [0x00007f96cd722340, 0x00007f96cd722530]
Event: 2.395 Thread 0x00000000023e6000 1847       1       java.awt.EventDispatchThread$1::evaluate (2 bytes)
Event: 2.395 Thread 0x00000000023e6000 nmethod 1847 0x00007f96cd721f10 code [0x00007f96cd722060, 0x00007f96cd722170]
Event: 2.395 Thread 0x00000000023e6000 1848  s    1       java.awt.EventDispatchThread::getEventQueue (5 bytes)
Event: 2.395 Thread 0x00000000023e6000 nmethod 1848 0x00007f96cd721ad0 code [0x00007f96cd721c20, 0x00007f96cd721e90]
Event: 2.395 Thread 0x00000000023e6000 1846       1       java.util.LinkedList::size (5 bytes)
Event: 2.395 Thread 0x00000000023e6000 nmethod 1846 0x00007f96cd721810 code [0x00007f96cd721960, 0x00007f96cd721a70]
Event: 2.404 Thread 0x00000000023e6000 1856   !   3       javax.vecmath.Tuple3f::equals (45 bytes)
Event: 2.404 Thread 0x00000000023e6000 nmethod 1856 0x00007f96cd721310 code [0x00007f96cd721480, 0x00007f96cd721750]
Event: 2.405 Thread 0x00000000023e6000 1857   !   3       javax.media.j3d.Renderer::doWork (6488 bytes)

GC Heap History (10 events):
Event: 1.023 GC heap before
{Heap before GC invocations=2 (full 0):
 PSYoungGen      total 28160K, used 28144K [0x00000000e1500000, 0x00000000e3400000, 0x0000000100000000)
  eden space 24576K, 100% used [0x00000000e1500000,0x00000000e2d00000,0x00000000e2d00000)
  from space 3584K, 99% used [0x00000000e2d00000,0x00000000e307c020,0x00000000e3080000)
  to   space 3584K, 0% used [0x00000000e3080000,0x00000000e3080000,0x00000000e3400000)
 ParOldGen       total 64512K, used 2026K [0x00000000a3e00000, 0x00000000a7d00000, 0x00000000e1500000)
  object space 64512K, 3% used [0x00000000a3e00000,0x00000000a3ffab00,0x00000000a7d00000)
 Metaspace       used 17131K, capacity 17366K, committed 17536K, reserved 1064960K
  class space    used 1967K, capacity 2054K, committed 2176K, reserved 1048576K
Event: 1.031 GC heap after
Heap after GC invocations=2 (full 0):
 PSYoungGen      total 28160K, used 3578K [0x00000000e1500000, 0x00000000e4c00000, 0x0000000100000000)
  eden space 24576K, 0% used [0x00000000e1500000,0x00000000e1500000,0x00000000e2d00000)
  from space 3584K, 99% used [0x00000000e3080000,0x00000000e33fea10,0x00000000e3400000)
  to   space 3584K, 0% used [0x00000000e2d00000,0x00000000e2d00000,0x00000000e3080000)
 ParOldGen       total 64512K, used 4943K [0x00000000a3e00000, 0x00000000a7d00000, 0x00000000e1500000)
  object space 64512K, 7% used [0x00000000a3e00000,0x00000000a42d3ca0,0x00000000a7d00000)
 Metaspace       used 17131K, capacity 17366K, committed 17536K, reserved 1064960K
  class space    used 1967K, capacity 2054K, committed 2176K, reserved 1048576K
}
Event: 1.118 GC heap before
{Heap before GC invocations=3 (full 0):
 PSYoungGen      total 28160K, used 28154K [0x00000000e1500000, 0x00000000e4c00000, 0x0000000100000000)
  eden space 24576K, 100% used [0x00000000e1500000,0x00000000e2d00000,0x00000000e2d00000)
  from space 3584K, 99% used [0x00000000e3080000,0x00000000e33fea10,0x00000000e3400000)
  to   space 3584K, 0% used [0x00000000e2d00000,0x00000000e2d00000,0x00000000e3080000)
 ParOldGen       total 64512K, used 4943K [0x00000000a3e00000, 0x00000000a7d00000, 0x00000000e1500000)
  object space 64512K, 7% used [0x00000000a3e00000,0x00000000a42d3ca0,0x00000000a7d00000)
 Metaspace       used 17146K, capacity 17366K, committed 17536K, reserved 1064960K
  class space    used 1967K, capacity 2054K, committed 2176K, reserved 1048576K
Event: 1.139 GC heap after
Heap after GC invocations=3 (full 0):
 PSYoungGen      total 28160K, used 3568K [0x00000000e1500000, 0x00000000e4c00000, 0x0000000100000000)
  eden space 24576K, 0% used [0x00000000e1500000,0x00000000e1500000,0x00000000e2d00000)
  from space 3584K, 99% used [0x00000000e2d00000,0x00000000e307c220,0x00000000e3080000)
  to   space 3584K, 0% used [0x00000000e4880000,0x00000000e4880000,0x00000000e4c00000)
 ParOldGen       total 64512K, used 13709K [0x00000000a3e00000, 0x00000000a7d00000, 0x00000000e1500000)
  object space 64512K, 21% used [0x00000000a3e00000,0x00000000a4b637f8,0x00000000a7d00000)
 Metaspace       used 17146K, capacity 17366K, committed 17536K, reserved 1064960K
  class space    used 1967K, capacity 2054K, committed 2176K, reserved 1048576K
}
Event: 1.275 GC heap before
{Heap before GC invocations=4 (full 0):
 PSYoungGen      total 28160K, used 28144K [0x00000000e1500000, 0x00000000e4c00000, 0x0000000100000000)
  eden space 24576K, 100% used [0x00000000e1500000,0x00000000e2d00000,0x00000000e2d00000)
  from space 3584K, 99% used [0x00000000e2d00000,0x00000000e307c220,0x00000000e3080000)
  to   space 3584K, 0% used [0x00000000e4880000,0x00000000e4880000,0x00000000e4c00000)
 ParOldGen       total 64512K, used 13709K [0x00000000a3e00000, 0x00000000a7d00000, 0x00000000e1500000)
  object space 64512K, 21% used [0x00000000a3e00000,0x00000000a4b637f8,0x00000000a7d00000)
 Metaspace       used 18048K, capacity 18272K, committed 18560K, reserved 1064960K
  class space    used 2076K, capacity 2157K, committed 2176K, reserved 1048576K
Event: 1.297 GC heap after
Heap after GC invocations=4 (full 0):
 PSYoungGen      total 52736K, used 3572K [0x00000000e1500000, 0x00000000e4c00000, 0x0000000100000000)
  eden space 49152K, 0% used [0x00000000e1500000,0x00000000e1500000,0x00000000e4500000)
  from space 3584K, 99% used [0x00000000e4880000,0x00000000e4bfd3f0,0x00000000e4c00000)
  to   space 3584K, 0% used [0x00000000e4500000,0x00000000e4500000,0x00000000e4880000)
 ParOldGen       total 64512K, used 22364K [0x00000000a3e00000, 0x00000000a7d00000, 0x00000000e1500000)
  object space 64512K, 34% used [0x00000000a3e00000,0x00000000a53d70b8,0x00000000a7d00000)
 Metaspace       used 18048K, capacity 18272K, committed 18560K, reserved 1064960K
  class space    used 2076K, capacity 2157K, committed 2176K, reserved 1048576K
}
Event: 1.623 GC heap before
{Heap before GC invocations=5 (full 0):
 PSYoungGen      total 52736K, used 52724K [0x00000000e1500000, 0x00000000e4c00000, 0x0000000100000000)
  eden space 49152K, 100% used [0x00000000e1500000,0x00000000e4500000,0x00000000e4500000)
  from space 3584K, 99% used [0x00000000e4880000,0x00000000e4bfd3f0,0x00000000e4c00000)
  to   space 3584K, 0% used [0x00000000e4500000,0x00000000e4500000,0x00000000e4880000)
 ParOldGen       total 64512K, used 22364K [0x00000000a3e00000, 0x00000000a7d00000, 0x00000000e1500000)
  object space 64512K, 34% used [0x00000000a3e00000,0x00000000a53d70b8,0x00000000a7d00000)
 Metaspace       used 18398K, capacity 18616K, committed 18816K, reserved 1067008K
  class space    used 2091K, capacity 2159K, committed 2176K, reserved 1048576K
Event: 1.646 GC heap after
Heap after GC invocations=5 (full 0):
 PSYoungGen      total 52736K, used 3578K [0x00000000e1500000, 0x00000000e9500000, 0x0000000100000000)
  eden space 49152K, 0% used [0x00000000e1500000,0x00000000e1500000,0x00000000e4500000)
  from space 3584K, 99% used [0x00000000e4500000,0x00000000e487e940,0x00000000e4880000)
  to   space 16384K, 0% used [0x00000000e8500000,0x00000000e8500000,0x00000000e9500000)
 ParOldGen       total 64512K, used 31377K [0x00000000a3e00000, 0x00000000a7d00000, 0x00000000e1500000)
  object space 64512K, 48% used [0x00000000a3e00000,0x00000000a5ca4428,0x00000000a7d00000)
 Metaspace       used 18398K, capacity 18616K, committed 18816K, reserved 1067008K
  class space    used 2091K, capacity 2159K, committed 2176K, reserved 1048576K
}
Event: 1.823 GC heap before
{Heap before GC invocations=6 (full 0):
 PSYoungGen      total 52736K, used 52730K [0x00000000e1500000, 0x00000000e9500000, 0x0000000100000000)
  eden space 49152K, 100% used [0x00000000e1500000,0x00000000e4500000,0x00000000e4500000)
  from space 3584K, 99% used [0x00000000e4500000,0x00000000e487e940,0x00000000e4880000)
  to   space 16384K, 0% used [0x00000000e8500000,0x00000000e8500000,0x00000000e9500000)
 ParOldGen       total 64512K, used 31377K [0x00000000a3e00000, 0x00000000a7d00000, 0x00000000e1500000)
  object space 64512K, 48% used [0x00000000a3e00000,0x00000000a5ca4428,0x00000000a7d00000)
 Metaspace       used 18520K, capacity 18680K, committed 18816K, reserved 1067008K
  class space    used 2091K, capacity 2159K, committed 2176K, reserved 1048576K
Event: 1.831 GC heap after
Heap after GC invocations=6 (full 0):
 PSYoungGen      total 113664K, used 8050K [0x00000000e1500000, 0x00000000e9400000, 0x0000000100000000)
  eden space 98304K, 0% used [0x00000000e1500000,0x00000000e1500000,0x00000000e7500000)
  from space 15360K, 52% used [0x00000000e8500000,0x00000000e8cdc840,0x00000000e9400000)
  to   space 15872K, 0% used [0x00000000e7500000,0x00000000e7500000,0x00000000e8480000)
 ParOldGen       total 64512K, used 31377K [0x00000000a3e00000, 0x00000000a7d00000, 0x00000000e1500000)
  object space 64512K, 48% used [0x00000000a3e00000,0x00000000a5ca4428,0x00000000a7d00000)
 Metaspace       used 18520K, capacity 18680K, committed 18816K, reserved 1067008K
  class space    used 2091K, capacity 2159K, committed 2176K, reserved 1048576K
}

Deoptimization events (10 events):
Event: 1.246 Thread 0x000000000231b000 Uncommon trap: reason=null_check action=maybe_recompile pc=0x00007f96cd484c88 method=sun.misc.FloatingDecimal.readJavaFormatString(Ljava/lang/String;)Lsun/misc/FloatingDecimal$ASCIIToBinaryConverter; @ 5
Event: 1.423 Thread 0x000000000231b000 Uncommon trap: reason=class_check action=maybe_recompile pc=0x00007f96cd429190 method=javax.vecmath.Tuple3f.equals(Ljava/lang/Object;)Z @ 1
Event: 1.423 Thread 0x000000000231b000 Uncommon trap: reason=class_check action=maybe_recompile pc=0x00007f96cd429190 method=javax.vecmath.Tuple3f.equals(Ljava/lang/Object;)Z @ 1
Event: 1.423 Thread 0x000000000231b000 Uncommon trap: reason=class_check action=maybe_recompile pc=0x00007f96cd429190 method=javax.vecmath.Tuple3f.equals(Ljava/lang/Object;)Z @ 1
Event: 1.423 Thread 0x000000000231b000 Uncommon trap: reason=class_check action=maybe_recompile pc=0x00007f96cd429190 method=javax.vecmath.Tuple3f.equals(Ljava/lang/Object;)Z @ 1
Event: 1.424 Thread 0x000000000231b000 Uncommon trap: reason=unstable_if action=reinterpret pc=0x00007f96cd506a0c method=com.sun.j3d.utils.geometry.EdgeTable.<init>([I)V @ 68
Event: 1.430 Thread 0x000000000231b000 Uncommon trap: reason=unstable_if action=reinterpret pc=0x00007f96cd4d05b8 method=sun.misc.FloatingDecimal.readJavaFormatString(Ljava/lang/String;)Lsun/misc/FloatingDecimal$ASCIIToBinaryConverter; @ 327
Event: 1.959 Thread 0x000000000231b000 Uncommon trap: reason=unstable_if action=reinterpret pc=0x00007f96cd674db8 method=javax.media.j3d.BoundingBox.updateBoundsStates()V @ 169
Event: 2.028 Thread 0x000000000231b000 Uncommon trap: reason=class_check action=maybe_recompile pc=0x00007f96cd50f9c4 method=java.util.HashMap.putVal(ILjava/lang/Object;Ljava/lang/Object;ZZ)Ljava/lang/Object; @ 253
Event: 2.031 Thread 0x000000000231b000 Uncommon trap: reason=class_check action=maybe_recompile pc=0x00007f96cd50f9c4 method=java.util.HashMap.putVal(ILjava/lang/Object;Ljava/lang/Object;ZZ)Ljava/lang/Object; @ 253

Internal exceptions (10 events):
Event: 1.476 Thread 0x000000000231b000 Exception <a 'java/lang/NullPointerException'> (0x00000000e2c7ce00) thrown at [/build/openjdk-8-8jAw7G/openjdk-8-8u111-b14/src/hotspot/src/share/vm/runtime/sharedRuntime.cpp, line 605]
Event: 1.477 Thread 0x000000000231b000 Implicit null exception at 0x00007f96cd536701 to 0x00007f96cd539bb0
Event: 1.477 Thread 0x000000000231b000 Exception <a 'java/lang/NullPointerException'> (0x00000000e2c84190) thrown at [/build/openjdk-8-8jAw7G/openjdk-8-8u111-b14/src/hotspot/src/share/vm/runtime/sharedRuntime.cpp, line 605]
Event: 1.477 Thread 0x000000000231b000 Implicit null exception at 0x00007f96cd536701 to 0x00007f96cd539bb0
Event: 1.477 Thread 0x000000000231b000 Exception <a 'java/lang/NullPointerException'> (0x00000000e2c84400) thrown at [/build/openjdk-8-8jAw7G/openjdk-8-8u111-b14/src/hotspot/src/share/vm/runtime/sharedRuntime.cpp, line 605]
Event: 1.478 Thread 0x000000000231b000 Implicit null exception at 0x00007f96cd536701 to 0x00007f96cd539bb0
Event: 1.478 Thread 0x000000000231b000 Exception <a 'java/lang/NullPointerException'> (0x00000000e2c8b898) thrown at [/build/openjdk-8-8jAw7G/openjdk-8-8u111-b14/src/hotspot/src/share/vm/runtime/sharedRuntime.cpp, line 605]
Event: 1.478 Thread 0x000000000231b000 Implicit null exception at 0x00007f96cd536701 to 0x00007f96cd539bb0
Event: 1.478 Thread 0x000000000231b000 Exception <a 'java/lang/NullPointerException'> (0x00000000e2c8bb08) thrown at [/build/openjdk-8-8jAw7G/openjdk-8-8u111-b14/src/hotspot/src/share/vm/runtime/sharedRuntime.cpp, line 605]
Event: 2.284 Thread 0x0000000002813800 Exception <a 'java/lang/UnsupportedOperationException': > (0x00000000e16f4478) thrown at [/build/openjdk-8-8jAw7G/openjdk-8-8u111-b14/src/hotspot/src/share/vm/prims/jni.cpp, line 735]

Events (10 events):
Event: 2.384 loading class javax/media/j3d/ShaderAppearanceRetained
Event: 2.384 loading class javax/media/j3d/ShaderAppearanceRetained done
Event: 2.385 Executing VM operation: Deoptimize
Event: 2.385 Executing VM operation: Deoptimize done
Event: 2.386 loading class javax/media/j3d/ShaderBin
Event: 2.386 loading class javax/media/j3d/ShaderBin done
Event: 2.386 loading class javax/media/j3d/ShaderAttributeSetRetained
Event: 2.386 loading class javax/media/j3d/ShaderAttributeSetRetained done
Event: 2.399 loading class javax/media/j3d/VertexArrayRenderMethod
Event: 2.399 loading class javax/media/j3d/VertexArrayRenderMethod done


Dynamic libraries:
00400000-00482000 r-xp 00000000 fc:00 20185316                           /home/louis/Documents/Robotics/MICRO_MobileRobots/m454_project/workR/build/exe_projectRobotran
00681000-00682000 r--p 00081000 fc:00 20185316                           /home/louis/Documents/Robotics/MICRO_MobileRobots/m454_project/workR/build/exe_projectRobotran
00682000-00683000 rw-p 00082000 fc:00 20185316                           /home/louis/Documents/Robotics/MICRO_MobileRobots/m454_project/workR/build/exe_projectRobotran
00683000-00684000 rw-p 00000000 00:00 0 
022f6000-02e8d000 rw-p 00000000 00:00 0                                  [heap]
a3e00000-a7d00000 rw-p 00000000 00:00 0 
a7d00000-e1500000 ---p 00000000 00:00 0 
e1500000-e9400000 rw-p 00000000 00:00 0 
e9400000-100000000 ---p 00000000 00:00 0 
100000000-100260000 rw-p 00000000 00:00 0 
100260000-140000000 ---p 00000000 00:00 0 
7f9680000000-7f9681601000 rw-p 00000000 00:00 0 
7f9681601000-7f9684000000 ---p 00000000 00:00 0 
7f9688000000-7f9688021000 rw-p 00000000 00:00 0 
7f9688021000-7f968c000000 ---p 00000000 00:00 0 
7f968ccb1000-7f968ce01000 rw-s 00000000 00:05 5079060                    /SYSV00000000 (deleted)
7f968ce01000-7f968ce04000 ---p 00000000 00:00 0 
7f968ce04000-7f968cf02000 rw-p 00000000 00:00 0 
7f968cf02000-7f968cf05000 ---p 00000000 00:00 0 
7f968cf05000-7f968d003000 rw-p 00000000 00:00 0 
7f968d003000-7f968d006000 ---p 00000000 00:00 0 
7f968d006000-7f968d104000 rw-p 00000000 00:00 0 
7f968d104000-7f968d107000 ---p 00000000 00:00 0 
7f968d107000-7f968d205000 rw-p 00000000 00:00 0 
7f968d205000-7f968d208000 ---p 00000000 00:00 0 
7f968d208000-7f968d306000 rw-p 00000000 00:00 0 
7f968d306000-7f968d309000 ---p 00000000 00:00 0 
7f968d309000-7f968d407000 rw-p 00000000 00:00 0 
7f968d407000-7f968d40a000 ---p 00000000 00:00 0 
7f968d40a000-7f968d508000 rw-p 00000000 00:00 0 
7f968d508000-7f968d50b000 ---p 00000000 00:00 0 
7f968d50b000-7f968d609000 rw-p 00000000 00:00 0 
7f968d609000-7f968d60c000 ---p 00000000 00:00 0 
7f968d60c000-7f968d70a000 rw-p 00000000 00:00 0 
7f968d70a000-7f968d741000 r-xp 00000000 fc:00 13116302                   /usr/lib/x86_64-linux-gnu/libtxc_dxtn_s2tc.so.0.0.0
7f968d741000-7f968d940000 ---p 00037000 fc:00 13116302                   /usr/lib/x86_64-linux-gnu/libtxc_dxtn_s2tc.so.0.0.0
7f968d940000-7f968d941000 r--p 00036000 fc:00 13116302                   /usr/lib/x86_64-linux-gnu/libtxc_dxtn_s2tc.so.0.0.0
7f968d941000-7f968d942000 rw-p 00037000 fc:00 13116302                   /usr/lib/x86_64-linux-gnu/libtxc_dxtn_s2tc.so.0.0.0
7f968d942000-7f968db42000 rw-p 00000000 00:00 0 
7f968db42000-7f968db53000 r-xp 00000000 fc:00 13243287                   /usr/lib/jvm/java-8-openjdk-amd64/jre/lib/amd64/libnio.so
7f968db53000-7f968dd53000 ---p 00011000 fc:00 13243287                   /usr/lib/jvm/java-8-openjdk-amd64/jre/lib/amd64/libnio.so
7f968dd53000-7f968dd54000 r--p 00011000 fc:00 13243287                   /usr/lib/jvm/java-8-openjdk-amd64/jre/lib/amd64/libnio.so
7f968dd54000-7f968dd55000 rw-p 00012000 fc:00 13243287                   /usr/lib/jvm/java-8-openjdk-amd64/jre/lib/amd64/libnio.so
7f968dd55000-7f968e056000 rw-p 00000000 00:00 0 
7f968e056000-7f968e06d000 r-xp 00000000 fc:00 13243311                   /usr/lib/jvm/java-8-openjdk-amd64/jre/lib/amd64/libnet.so
7f968e06d000-7f968e26c000 ---p 00017000 fc:00 13243311                   /usr/lib/jvm/java-8-openjdk-amd64/jre/lib/amd64/libnet.so
7f968e26c000-7f968e26d000 r--p 00016000 fc:00 13243311                   /usr/lib/jvm/java-8-openjdk-amd64/jre/lib/amd64/libnet.so
7f968e26d000-7f968e26e000 rw-p 00017000 fc:00 13243311                   /usr/lib/jvm/java-8-openjdk-amd64/jre/lib/amd64/libnet.so
7f968e26e000-7f968e46e000 rw-p 00000000 00:00 0 
7f968e46e000-7f968e471000 ---p 00000000 00:00 0 
7f968e471000-7f968e56f000 rw-p 00000000 00:00 0 
7f968e56f000-7f968e572000 ---p 00000000 00:00 0 
7f968e572000-7f968e670000 rw-p 00000000 00:00 0 
7f968e670000-7f968e673000 ---p 00000000 00:00 0 
7f968e673000-7f968e771000 rw-p 00000000 00:00 0 
7f968e771000-7f968e774000 ---p 00000000 00:00 0 
7f968e774000-7f968ea72000 rw-p 00000000 00:00 0 
7f968ea72000-7f968ea75000 ---p 00000000 00:00 0 
7f968ea75000-7f968eb73000 rw-p 00000000 00:00 0 
7f968eb73000-7f968eb7b000 r-xp 00000000 fc:00 13116064                   /usr/lib/x86_64-linux-gnu/libpciaccess.so.0.11.1
7f968eb7b000-7f968ed7b000 ---p 00008000 fc:00 13116064                   /usr/lib/x86_64-linux-gnu/libpciaccess.so.0.11.1
7f968ed7b000-7f968ed7c000 r--p 00008000 fc:00 13116064                   /usr/lib/x86_64-linux-gnu/libpciaccess.so.0.11.1
7f968ed7c000-7f968ed7d000 rw-p 00009000 fc:00 13116064                   /usr/lib/x86_64-linux-gnu/libpciaccess.so.0.11.1
7f968ed7d000-7f968ed88000 r-xp 00000000 fc:00 13109427                   /usr/lib/x86_64-linux-gnu/libdrm_radeon.so.1.0.1
7f968ed88000-7f968ef87000 ---p 0000b000 fc:00 13109427                   /usr/lib/x86_64-linux-gnu/libdrm_radeon.so.1.0.1
7f968ef87000-7f968ef88000 r--p 0000a000 fc:00 13109427                   /usr/lib/x86_64-linux-gnu/libdrm_radeon.so.1.0.1
7f968ef88000-7f968ef89000 rw-p 0000b000 fc:00 13109427                   /usr/lib/x86_64-linux-gnu/libdrm_radeon.so.1.0.1
7f968ef89000-7f968ef90000 r-xp 00000000 fc:00 13109429                   /usr/lib/x86_64-linux-gnu/libdrm_nouveau.so.2.0.0
7f968ef90000-7f968f18f000 ---p 00007000 fc:00 13109429                   /usr/lib/x86_64-linux-gnu/libdrm_nouveau.so.2.0.0
7f968f18f000-7f968f190000 r--p 00006000 fc:00 13109429                   /usr/lib/x86_64-linux-gnu/libdrm_nouveau.so.2.0.0
7f968f190000-7f968f191000 rw-p 00007000 fc:00 13109429                   /usr/lib/x86_64-linux-gnu/libdrm_nouveau.so.2.0.0
7f968f191000-7f968f1b1000 r-xp 00000000 fc:00 13109425                   /usr/lib/x86_64-linux-gnu/libdrm_intel.so.1.0.0
7f968f1b1000-7f968f3b0000 ---p 00020000 fc:00 13109425                   /usr/lib/x86_64-linux-gnu/libdrm_intel.so.1.0.0
7f968f3b0000-7f968f3b1000 r--p 0001f000 fc:00 13109425                   /usr/lib/x86_64-linux-gnu/libdrm_intel.so.1.0.0
7f968f3b1000-7f968f3b2000 rw-p 00020000 fc:00 13109425                   /usr/lib/x86_64-linux-gnu/libdrm_intel.so.1.0.0
7f968f3b2000-7f968f9b7000 r-xp 00000000 fc:00 13372356                   /usr/lib/x86_64-linux-gnu/dri/i965_dri.so
7f968f9b7000-7f968fbb7000 ---p 00605000 fc:00 13372356                   /usr/lib/x86_64-linux-gnu/dri/i965_dri.so
7f968fbb7000-7f968fbed000 r--p 00605000 fc:00 13372356                   /usr/lib/x86_64-linux-gnu/dri/i965_dri.so
7f968fbed000-7f968fbf4000 rw-p 0063b000 fc:00 13372356                   /usr/lib/x86_64-linux-gnu/dri/i965_dri.so
7f968fbf4000-7f968fbfc000 rw-p 00000000 00:00 0 
7f968fbfc000-7f968fbff000 ---p 00000000 00:00 0 
7f968fbff000-7f968fcfd000 rw-p 00000000 00:00 0 
7f968fcfd000-7f968fd00000 ---p 00000000 00:00 0 
7f968fd00000-7f968fdfe000 rw-p 00000000 00:00 0 
7f968fdfe000-7f968fe01000 ---p 00000000 00:00 0 
7f968fe01000-7f968feff000 rw-p 00000000 00:00 0 
7f968feff000-7f968ff02000 ---p 00000000 00:00 0 
7f968ff02000-7f9690000000 rw-p 00000000 00:00 0 
7f9690000000-7f9690021000 rw-p 00000000 00:00 0 
7f9690021000-7f9694000000 ---p 00000000 00:00 0 
7f9694000000-7f9694021000 rw-p 00000000 00:00 0 
7f9694021000-7f9698000000 ---p 00000000 00:00 0 
7f9698000000-7f9698021000 rw-p 00000000 00:00 0 
7f9698021000-7f969c000000 ---p 00000000 00:00 0 
7f969c000000-7f969c021000 rw-p 00000000 00:00 0 
7f969c021000-7f96a0000000 ---p 00000000 00:00 0 
7f96a0000000-7f96a06d9000 rw-p 00000000 00:00 0 
7f96a06d9000-7f96a4000000 ---p 00000000 00:00 0 
7f96a4000000-7f96a4021000 rw-p 00000000 00:00 0 
7f96a4021000-7f96a8000000 ---p 00000000 00:00 0 
7f96a8000000-7f96a8021000 rw-p 00000000 00:00 0 
7f96a8021000-7f96ac000000 ---p 00000000 00:00 0 
7f96ac000000-7f96ac4ff000 rw-p 00000000 00:00 0 
7f96ac4ff000-7f96b0000000 ---p 00000000 00:00 0 
7f96b0000000-7f96b0021000 rw-p 00000000 00:00 0 
7f96b0021000-7f96b4000000 ---p 00000000 00:00 0 
7f96b4000000-7f96b4021000 rw-p 00000000 00:00 0 
7f96b4021000-7f96b8000000 ---p 00000000 00:00 0 
7f96b8000000-7f96b80af000 rw-p 00000000 00:00 0 
7f96b80af000-7f96bc000000 ---p 00000000 00:00 0 
7f96bc000000-7f96bc0a5000 rw-p 00000000 00:00 0 
7f96bc0a5000-7f96c0000000 ---p 00000000 00:00 0 
7f96c0022000-7f96c002a000 rw-s 00000000 00:05 44590                      /drm mm object (deleted)
7f96c002a000-7f96c0048000 r-xp 00000000 fc:00 13632045                   /lib/x86_64-linux-gnu/libudev.so.1.6.4
7f96c0048000-7f96c0049000 r--p 0001d000 fc:00 13632045                   /lib/x86_64-linux-gnu/libudev.so.1.6.4
7f96c0049000-7f96c004a000 rw-p 0001e000 fc:00 13632045                   /lib/x86_64-linux-gnu/libudev.so.1.6.4
7f96c004a000-7f96c004d000 ---p 00000000 00:00 0 
7f96c004d000-7f96c034b000 rw-p 00000000 00:00 0 
7f96c034b000-7f96c0359000 r-xp 00000000 fc:00 13109404                   /usr/lib/x86_64-linux-gnu/libdrm.so.2.4.0
7f96c0359000-7f96c0558000 ---p 0000e000 fc:00 13109404                   /usr/lib/x86_64-linux-gnu/libdrm.so.2.4.0
7f96c0558000-7f96c0559000 r--p 0000d000 fc:00 13109404                   /usr/lib/x86_64-linux-gnu/libdrm.so.2.4.0
7f96c0559000-7f96c055a000 rw-p 0000e000 fc:00 13109404                   /usr/lib/x86_64-linux-gnu/libdrm.so.2.4.0
7f96c055a000-7f96c055e000 r-xp 00000000 fc:00 13116463                   /usr/lib/x86_64-linux-gnu/libxcb-dri2.so.0.0.0
7f96c055e000-7f96c075d000 ---p 00004000 fc:00 13116463                   /usr/lib/x86_64-linux-gnu/libxcb-dri2.so.0.0.0
7f96c075d000-7f96c075e000 r--p 00003000 fc:00 13116463                   /usr/lib/x86_64-linux-gnu/libxcb-dri2.so.0.0.0
7f96c075e000-7f96c075f000 rw-p 00004000 fc:00 13116463                   /usr/lib/x86_64-linux-gnu/libxcb-dri2.so.0.0.0
7f96c075f000-7f96c0776000 r-xp 00000000 fc:00 13116467                   /usr/lib/x86_64-linux-gnu/libxcb-glx.so.0.0.0
7f96c0776000-7f96c0975000 ---p 00017000 fc:00 13116467                   /usr/lib/x86_64-linux-gnu/libxcb-glx.so.0.0.0
7f96c0975000-7f96c0977000 r--p 00016000 fc:00 13116467                   /usr/lib/x86_64-linux-gnu/libxcb-glx.so.0.0.0
7f96c0977000-7f96c0978000 rw-p 00018000 fc:00 13116467                   /usr/lib/x86_64-linux-gnu/libxcb-glx.so.0.0.0
7f96c0978000-7f96c0979000 r-xp 00000000 fc:00 13115111                   /usr/lib/x86_64-linux-gnu/libX11-xcb.so.1.0.0
7f96c0979000-7f96c0b78000 ---p 00001000 fc:00 13115111                   /usr/lib/x86_64-linux-gnu/libX11-xcb.so.1.0.0
7f96c0b78000-7f96c0b79000 r--p 00000000 fc:00 13115111                   /usr/lib/x86_64-linux-gnu/libX11-xcb.so.1.0.0
7f96c0b79000-7f96c0b7a000 rw-p 00001000 fc:00 13115111                   /usr/lib/x86_64-linux-gnu/libX11-xcb.so.1.0.0
7f96c0b7a000-7f96c0b7c000 r-xp 00000000 fc:00 13115126                   /usr/lib/x86_64-linux-gnu/libXdamage.so.1.1.0
7f96c0b7c000-7f96c0d7b000 ---p 00002000 fc:00 13115126                   /usr/lib/x86_64-linux-gnu/libXdamage.so.1.1.0
7f96c0d7b000-7f96c0d7c000 r--p 00001000 fc:00 13115126                   /usr/lib/x86_64-linux-gnu/libXdamage.so.1.1.0
7f96c0d7c000-7f96c0d7d000 rw-p 00002000 fc:00 13115126                   /usr/lib/x86_64-linux-gnu/libXdamage.so.1.1.0
7f96c0d7d000-7f96c0da6000 r-xp 00000000 fc:00 13109443                   /usr/lib/x86_64-linux-gnu/libglapi.so.0.0.0
7f96c0da6000-7f96c0fa5000 ---p 00029000 fc:00 13109443                   /usr/lib/x86_64-linux-gnu/libglapi.so.0.0.0
7f96c0fa5000-7f96c0fa9000 r--p 00028000 fc:00 13109443                   /usr/lib/x86_64-linux-gnu/libglapi.so.0.0.0
7f96c0fa9000-7f96c0faa000 rw-p 0002c000 fc:00 13109443                   /usr/lib/x86_64-linux-gnu/libglapi.so.0.0.0
7f96c0faa000-7f96c0fab000 rw-p 00000000 00:00 0 
7f96c0fab000-7f96c0fac000 r-xp 00000000 fc:00 13116507                   /usr/lib/x86_64-linux-gnu/libxshmfence.so.1.0.0
7f96c0fac000-7f96c11ac000 ---p 00001000 fc:00 13116507                   /usr/lib/x86_64-linux-gnu/libxshmfence.so.1.0.0
7f96c11ac000-7f96c11ad000 r--p 00001000 fc:00 13116507                   /usr/lib/x86_64-linux-gnu/libxshmfence.so.1.0.0
7f96c11ad000-7f96c11ae000 rw-p 00002000 fc:00 13116507                   /usr/lib/x86_64-linux-gnu/libxshmfence.so.1.0.0
7f96c11ae000-7f96c11b3000 r-xp 00000000 fc:00 13116487                   /usr/lib/x86_64-linux-gnu/libxcb-sync.so.1.0.0
7f96c11b3000-7f96c13b3000 ---p 00005000 fc:00 13116487                   /usr/lib/x86_64-linux-gnu/libxcb-sync.so.1.0.0
7f96c13b3000-7f96c13b4000 r--p 00005000 fc:00 13116487                   /usr/lib/x86_64-linux-gnu/libxcb-sync.so.1.0.0
7f96c13b4000-7f96c13b5000 rw-p 00006000 fc:00 13116487                   /usr/lib/x86_64-linux-gnu/libxcb-sync.so.1.0.0
7f96c13b5000-7f96c13b7000 r-xp 00000000 fc:00 13116475                   /usr/lib/x86_64-linux-gnu/libxcb-present.so.0.0.0
7f96c13b7000-7f96c15b6000 ---p 00002000 fc:00 13116475                   /usr/lib/x86_64-linux-gnu/libxcb-present.so.0.0.0
7f96c15b6000-7f96c15b7000 r--p 00001000 fc:00 13116475                   /usr/lib/x86_64-linux-gnu/libxcb-present.so.0.0.0
7f96c15b7000-7f96c15b8000 rw-p 00002000 fc:00 13116475                   /usr/lib/x86_64-linux-gnu/libxcb-present.so.0.0.0
7f96c15b8000-7f96c15ba000 r-xp 00000000 fc:00 13116465                   /usr/lib/x86_64-linux-gnu/libxcb-dri3.so.0.0.0
7f96c15ba000-7f96c17b9000 ---p 00002000 fc:00 13116465                   /usr/lib/x86_64-linux-gnu/libxcb-dri3.so.0.0.0
7f96c17b9000-7f96c17ba000 r--p 00001000 fc:00 13116465                   /usr/lib/x86_64-linux-gnu/libxcb-dri3.so.0.0.0
7f96c17ba000-7f96c17bb000 rw-p 00002000 fc:00 13116465                   /usr/lib/x86_64-linux-gnu/libxcb-dri3.so.0.0.0
7f96c17bb000-7f96c17e1000 r-xp 00000000 fc:00 13635965                   /lib/x86_64-linux-gnu/libexpat.so.1.6.0
7f96c17e1000-7f96c19e1000 ---p 00026000 fc:00 13635965                   /lib/x86_64-linux-gnu/libexpat.so.1.6.0
7f96c19e1000-7f96c19e3000 r--p 00026000 fc:00 13635965                   /lib/x86_64-linux-gnu/libexpat.so.1.6.0
7f96c19e3000-7f96c19e4000 rw-p 00028000 fc:00 13635965                   /lib/x86_64-linux-gnu/libexpat.so.1.6.0
7f96c19e4000-7f96c1a51000 r-xp 00000000 fc:00 13374456                   /usr/lib/x86_64-linux-gnu/mesa/libGL.so.1.2.0
7f96c1a51000-7f96c1c50000 ---p 0006d000 fc:00 13374456                   /usr/lib/x86_64-linux-gnu/mesa/libGL.so.1.2.0
7f96c1c50000-7f96c1c53000 r--p 0006c000 fc:00 13374456                   /usr/lib/x86_64-linux-gnu/mesa/libGL.so.1.2.0
7f96c1c53000-7f96c1c54000 rw-p 0006f000 fc:00 13374456                   /usr/lib/x86_64-linux-gnu/mesa/libGL.so.1.2.0
7f96c1c54000-7f96c1c55000 rw-p 00000000 00:00 0 
7f96c1c59000-7f96c1c61000 rw-s 00000000 00:05 44586                      /drm mm object (deleted)
7f96c1c61000-7f96c1c69000 rw-s 00000000 00:05 44577                      /drm mm object (deleted)
7f96c1c69000-7f96c1c71000 rw-s 00000000 00:05 45507                      /drm mm object (deleted)
7f96c1c71000-7f96c1c92000 r-xp 00000000 fc:00 13507058                   /usr/lib/jni/libj3dcore-ogl.so
7f96c1c92000-7f96c1e92000 ---p 00021000 fc:00 13507058                   /usr/lib/jni/libj3dcore-ogl.so
7f96c1e92000-7f96c1e93000 rw-p 00021000 fc:00 13507058                   /usr/lib/jni/libj3dcore-ogl.so
7f96c1e93000-7f96c1e94000 r-xp 00000000 fc:00 13243313                   /usr/lib/jvm/java-8-openjdk-amd64/jre/lib/amd64/libjawt.so
7f96c1e94000-7f96c2093000 ---p 00001000 fc:00 13243313                   /usr/lib/jvm/java-8-openjdk-amd64/jre/lib/amd64/libjawt.so
7f96c2093000-7f96c2094000 r--p 00000000 fc:00 13243313                   /usr/lib/jvm/java-8-openjdk-amd64/jre/lib/amd64/libjawt.so
7f96c2094000-7f96c2095000 rw-p 00001000 fc:00 13243313                   /usr/lib/jvm/java-8-openjdk-amd64/jre/lib/amd64/libjawt.so
7f96c2095000-7f96c20b2000 r--s 0014f000 fc:00 20187033                   /home/louis/Documents/Robotics/MICRO_MobileRobots/m454_project/mbsysCopy/mbsyspad/lib/swingx-all-1.6.4.jar
7f96c20b2000-7f96c22b2000 rw-p 00000000 00:00 0 
7f96c22b2000-7f96c22b5000 ---p 00000000 00:00 0 
7f96c22b5000-7f96c23b3000 rw-p 00000000 00:00 0 
7f96c23b3000-7f96c23b6000 ---p 00000000 00:00 0 
7f96c23b6000-7f96c24b4000 rw-p 00000000 00:00 0 
7f96c24b4000-7f96c2506000 r-xp 00000000 fc:00 13243282                   /usr/lib/jvm/java-8-openjdk-amd64/jre/lib/amd64/libfontmanager.so
7f96c2506000-7f96c2706000 ---p 00052000 fc:00 13243282                   /usr/lib/jvm/java-8-openjdk-amd64/jre/lib/amd64/libfontmanager.so
7f96c2706000-7f96c2708000 r--p 00052000 fc:00 13243282                   /usr/lib/jvm/java-8-openjdk-amd64/jre/lib/amd64/libfontmanager.so
7f96c2708000-7f96c2709000 rw-p 00054000 fc:00 13243282                   /usr/lib/jvm/java-8-openjdk-amd64/jre/lib/amd64/libfontmanager.so
7f96c2709000-7f96c270e000 r-xp 00000000 fc:00 13115156                   /usr/lib/x86_64-linux-gnu/libXtst.so.6.1.0
7f96c270e000-7f96c290d000 ---p 00005000 fc:00 13115156                   /usr/lib/x86_64-linux-gnu/libXtst.so.6.1.0
7f96c290d000-7f96c290e000 r--p 00004000 fc:00 13115156                   /usr/lib/x86_64-linux-gnu/libXtst.so.6.1.0
7f96c290e000-7f96c290f000 rw-p 00005000 fc:00 13115156                   /usr/lib/x86_64-linux-gnu/libXtst.so.6.1.0
7f96c290f000-7f96c2963000 r-xp 00000000 fc:00 13243305                   /usr/lib/jvm/java-8-openjdk-amd64/jre/lib/amd64/libawt_xawt.so
7f96c2963000-7f96c2b63000 ---p 00054000 fc:00 13243305                   /usr/lib/jvm/java-8-openjdk-amd64/jre/lib/amd64/libawt_xawt.so
7f96c2b63000-7f96c2b64000 r--p 00054000 fc:00 13243305                   /usr/lib/jvm/java-8-openjdk-amd64/jre/lib/amd64/libawt_xawt.so
7f96c2b64000-7f96c2b67000 rw-p 00055000 fc:00 13243305                   /usr/lib/jvm/java-8-openjdk-amd64/jre/lib/amd64/libawt_xawt.so
7f96c2b67000-7f96c2b68000 rw-p 00000000 00:00 0 
7f96c2b68000-7f96c2c08000 r-xp 00000000 fc:00 13243312                   /usr/lib/jvm/java-8-openjdk-amd64/jre/lib/amd64/libawt.so
7f96c2c08000-7f96c2e08000 ---p 000a0000 fc:00 13243312                   /usr/lib/jvm/java-8-openjdk-amd64/jre/lib/amd64/libawt.so
7f96c2e08000-7f96c2e09000 r--p 000a0000 fc:00 13243312                   /usr/lib/jvm/java-8-openjdk-amd64/jre/lib/amd64/libawt.so
7f96c2e09000-7f96c2e14000 rw-p 000a1000 fc:00 13243312                   /usr/lib/jvm/java-8-openjdk-amd64/jre/lib/amd64/libawt.so
7f96c2e14000-7f96c2e39000 rw-p 00000000 00:00 0 
7f96c2e39000-7f96c2e3a000 ---p 00000000 00:00 0 
7f96c2e3a000-7f96c2f3a000 rw-p 00000000 00:00 0 
7f96c2f3a000-7f96c2f3d000 ---p 00000000 00:00 0 
7f96c2f3d000-7f96c303b000 rw-p 00000000 00:00 0 
7f96c303b000-7f96c303e000 ---p 00000000 00:00 0 
7f96c303e000-7f96c313c000 rw-p 00000000 00:00 0 
7f96c313c000-7f96c313f000 ---p 00000000 00:00 0 
7f96c313f000-7f96c323d000 rw-p 00000000 00:00 0 
7f96c323d000-7f96c3240000 ---p 00000000 00:00 0 
7f96c3240000-7f96c333e000 rw-p 00000000 00:00 0 
7f96c333e000-7f96c3cfd000 r--p 00000000 fc:00 13114158                   /usr/lib/locale/locale-archive
7f96c3cfd000-7f96c3d00000 ---p 00000000 00:00 0 
7f96c3d00000-7f96c3dfe000 rw-p 00000000 00:00 0 
7f96c3dfe000-7f96c3e01000 ---p 00000000 00:00 0 
7f96c3e01000-7f96c3eff000 rw-p 00000000 00:00 0 
7f96c3eff000-7f96c3f00000 ---p 00000000 00:00 0 
7f96c3f00000-7f96c4000000 rw-p 00000000 00:00 0 
7f96c4000000-7f96c4021000 rw-p 00000000 00:00 0 
7f96c4021000-7f96c8000000 ---p 00000000 00:00 0 
7f96c8005000-7f96c8006000 rw-s 00000000 00:05 45504                      /drm mm object (deleted)
7f96c8006000-7f96c8007000 rw-s 101aff000 00:06 195                       /dev/dri/card0
7f96c8007000-7f96c800f000 rw-s 00000000 00:05 45502                      /drm mm object (deleted)
7f96c800f000-7f96c8016000 r--s 00000000 fc:00 13372067                   /usr/lib/x86_64-linux-gnu/gconv/gconv-modules.cache
7f96c8016000-7f96c801a000 r--s 00019000 fc:00 20187034                   /home/louis/Documents/Robotics/MICRO_MobileRobots/m454_project/mbsysCopy/mbsyspad/lib/matlabcontrol-4.0.0.jar
7f96c801a000-7f96c801b000 r--s 00017000 fc:00 20187041                   /home/louis/Documents/Robotics/MICRO_MobileRobots/m454_project/mbsysCopy/mbsyspad/lib/j3D.jar
7f96c801b000-7f96c801d000 r--s 0004c000 fc:00 20187032                   /home/louis/Documents/Robotics/MICRO_MobileRobots/m454_project/mbsysCopy/mbsyspad/lib/vecmath.jar
7f96c801d000-7f96c802b000 r--s 00193000 fc:00 20187038                   /home/louis/Documents/Robotics/MICRO_MobileRobots/m454_project/mbsysCopy/mbsyspad/lib/j3dutils.jar
7f96c802b000-7f96c802e000 r--s 00015000 fc:00 13243326                   /usr/lib/jvm/java-8-openjdk-amd64/jre/lib/jce.jar
7f96c802e000-7f96c8032000 r--s 00097000 fc:00 13243330                   /usr/lib/jvm/java-8-openjdk-amd64/jre/lib/jsse.jar
7f96c8032000-7f96c803e000 r--s 002c7000 fc:00 20187039                   /home/louis/Documents/Robotics/MICRO_MobileRobots/m454_project/mbsysCopy/mbsyspad/lib/j3dcore.jar
7f96c803e000-7f96c8049000 r--s 00108000 fc:00 20187035                   /home/louis/Documents/Robotics/MICRO_MobileRobots/m454_project/mbsysCopy/mbsyspad/lib/jogl.jar
7f96c8049000-7f96c804a000 r--s 00004000 fc:00 20187042                   /home/louis/Documents/Robotics/MICRO_MobileRobots/m454_project/mbsysCopy/mbsyspad/lib/gluegen-rt.jar
7f96c804a000-7f96c804b000 r--s 00001000 fc:00 20187036                   /home/louis/Documents/Robotics/MICRO_MobileRobots/m454_project/mbsysCopy/mbsyspad/lib/jnlp.jar
7f96c804b000-7f96c804f000 r--s 00020000 fc:00 20187044                   /home/louis/Documents/Robotics/MICRO_MobileRobots/m454_project/mbsysCopy/mbsyspad/lib/commons-digester-1.8.jar
7f96c804f000-7f96c8050000 r--s 00008000 fc:00 20187045                   /home/louis/Documents/Robotics/MICRO_MobileRobots/m454_project/mbsysCopy/mbsyspad/lib/commons-cli-1.1.jar
7f96c8050000-7f96c8055000 r--s 0002a000 fc:00 20187046                   /home/louis/Documents/Robotics/MICRO_MobileRobots/m454_project/mbsysCopy/mbsyspad/lib/commons-beanutils.jar
7f96c8055000-7f96c805b000 r--s 00056000 fc:00 20187040                   /home/louis/Documents/Robotics/MICRO_MobileRobots/m454_project/mbsysCopy/mbsyspad/lib/j3d-vrml97.jar
7f96c805b000-7f96c805d000 r--s 0002a000 fc:00 20187047                   /home/louis/Documents/Robotics/MICRO_MobileRobots/m454_project/mbsysCopy/mbsyspad/lib/MBsysComJ.jar
7f96c805d000-7f96c8060000 r--s 00023000 fc:00 20187037                   /home/louis/Documents/Robotics/MICRO_MobileRobots/m454_project/mbsysCopy/mbsyspad/lib/jdom.jar
7f96c8060000-7f96c8066000 r--s 00047000 fc:00 20187043                   /home/louis/Documents/Robotics/MICRO_MobileRobots/m454_project/mbsysCopy/mbsyspad/lib/flamingo.jar
7f96c8066000-7f96c8079000 r--s 00346000 fc:00 13243317                   /usr/lib/jvm/java-8-openjdk-amd64/jre/lib/resources.jar
7f96c8079000-7f96c8088000 r--s 0008c000 fc:00 20186688                   /home/louis/Documents/Robotics/MICRO_MobileRobots/m454_project/mbsysCopy/mbsyspad/MBsysPad.jar
7f96c8088000-7f96c808d000 r--s 0003b000 fc:00 13371709                   /usr/lib/jvm/java-8-openjdk-amd64/jre/lib/ext/sunjce_provider.jar
7f96c808d000-7f96c808e000 r--s 00010000 fc:00 13372842                   /usr/lib/jvm/java-8-openjdk-amd64/jre/lib/ext/zipfs.jar
7f96c808e000-7f96c80a9000 r--s 001d5000 fc:00 13371708                   /usr/lib/jvm/java-8-openjdk-amd64/jre/lib/ext/nashorn.jar
7f96c80a9000-7f96c80c4000 r--s 00394000 fc:00 13371707                   /usr/lib/jvm/java-8-openjdk-amd64/jre/lib/ext/cldrdata.jar
7f96c80c4000-7f96c8a5c000 rw-p 00000000 00:00 0 
7f96c8a5c000-7f96c8c2a000 r--s 03bf1000 fc:00 13243320                   /usr/lib/jvm/java-8-openjdk-amd64/jre/lib/rt.jar
7f96c8c2a000-7f96cc5ec000 rw-p 00000000 00:00 0 
7f96cc5ec000-7f96cc5ed000 ---p 00000000 00:00 0 
7f96cc5ed000-7f96cc6ed000 rw-p 00000000 00:00 0 
7f96cc6ed000-7f96cc6ee000 ---p 00000000 00:00 0 
7f96cc6ee000-7f96cc80e000 rw-p 00000000 00:00 0 
7f96cc80e000-7f96cc9da000 ---p 00000000 00:00 0 
7f96cc9da000-7f96cc9fa000 rw-p 00000000 00:00 0 
7f96cc9fa000-7f96ccbc5000 ---p 00000000 00:00 0 
7f96ccbc5000-7f96ccc05000 rw-p 00000000 00:00 0 
7f96ccc05000-7f96cccbb000 ---p 00000000 00:00 0 
7f96cccbb000-7f96cccd7000 rw-p 00000000 00:00 0 
7f96cccd7000-7f96cd07c000 ---p 00000000 00:00 0 
7f96cd07c000-7f96cd72c000 rwxp 00000000 00:00 0 
7f96cd72c000-7f96dc07c000 ---p 00000000 00:00 0 
7f96dc07c000-7f96dc084000 r-xp 00000000 fc:00 13243292                   /usr/lib/jvm/java-8-openjdk-amd64/jre/lib/amd64/libzip.so
7f96dc084000-7f96dc283000 ---p 00008000 fc:00 13243292                   /usr/lib/jvm/java-8-openjdk-amd64/jre/lib/amd64/libzip.so
7f96dc283000-7f96dc284000 r--p 00007000 fc:00 13243292                   /usr/lib/jvm/java-8-openjdk-amd64/jre/lib/amd64/libzip.so
7f96dc284000-7f96dc285000 rw-p 00008000 fc:00 13243292                   /usr/lib/jvm/java-8-openjdk-amd64/jre/lib/amd64/libzip.so
7f96dc285000-7f96dc290000 r-xp 00000000 fc:00 13636033                   /lib/x86_64-linux-gnu/libnss_files-2.23.so
7f96dc290000-7f96dc48f000 ---p 0000b000 fc:00 13636033                   /lib/x86_64-linux-gnu/libnss_files-2.23.so
7f96dc48f000-7f96dc490000 r--p 0000a000 fc:00 13636033                   /lib/x86_64-linux-gnu/libnss_files-2.23.so
7f96dc490000-7f96dc491000 rw-p 0000b000 fc:00 13636033                   /lib/x86_64-linux-gnu/libnss_files-2.23.so
7f96dc491000-7f96dc497000 rw-p 00000000 00:00 0 
7f96dc497000-7f96dc4a2000 r-xp 00000000 fc:00 13636043                   /lib/x86_64-linux-gnu/libnss_nis-2.23.so
7f96dc4a2000-7f96dc6a1000 ---p 0000b000 fc:00 13636043                   /lib/x86_64-linux-gnu/libnss_nis-2.23.so
7f96dc6a1000-7f96dc6a2000 r--p 0000a000 fc:00 13636043                   /lib/x86_64-linux-gnu/libnss_nis-2.23.so
7f96dc6a2000-7f96dc6a3000 rw-p 0000b000 fc:00 13636043                   /lib/x86_64-linux-gnu/libnss_nis-2.23.so
7f96dc6a3000-7f96dc6ab000 r-xp 00000000 fc:00 13636029                   /lib/x86_64-linux-gnu/libnss_compat-2.23.so
7f96dc6ab000-7f96dc8aa000 ---p 00008000 fc:00 13636029                   /lib/x86_64-linux-gnu/libnss_compat-2.23.so
7f96dc8aa000-7f96dc8ab000 r--p 00007000 fc:00 13636029                   /lib/x86_64-linux-gnu/libnss_compat-2.23.so
7f96dc8ab000-7f96dc8ac000 rw-p 00008000 fc:00 13636029                   /lib/x86_64-linux-gnu/libnss_compat-2.23.so
7f96dc8ac000-7f96dc8d9000 r-xp 00000000 fc:00 13243286                   /usr/lib/jvm/java-8-openjdk-amd64/jre/lib/amd64/libjava.so
7f96dc8d9000-7f96dcad8000 ---p 0002d000 fc:00 13243286                   /usr/lib/jvm/java-8-openjdk-amd64/jre/lib/amd64/libjava.so
7f96dcad8000-7f96dcad9000 r--p 0002c000 fc:00 13243286                   /usr/lib/jvm/java-8-openjdk-amd64/jre/lib/amd64/libjava.so
7f96dcad9000-7f96dcadb000 rw-p 0002d000 fc:00 13243286                   /usr/lib/jvm/java-8-openjdk-amd64/jre/lib/amd64/libjava.so
7f96dcadb000-7f96dcaea000 r-xp 00000000 fc:00 13243290                   /usr/lib/jvm/java-8-openjdk-amd64/jre/lib/amd64/libverify.so
7f96dcaea000-7f96dcce9000 ---p 0000f000 fc:00 13243290                   /usr/lib/jvm/java-8-openjdk-amd64/jre/lib/amd64/libverify.so
7f96dcce9000-7f96dcceb000 r--p 0000e000 fc:00 13243290                   /usr/lib/jvm/java-8-openjdk-amd64/jre/lib/amd64/libverify.so
7f96dcceb000-7f96dccec000 rw-p 00010000 fc:00 13243290                   /usr/lib/jvm/java-8-openjdk-amd64/jre/lib/amd64/libverify.so
7f96dccec000-7f96dfc8c000 rw-p 00000000 00:00 0 
7f96dfc8c000-7f96dfcb6000 r-xp 00000000 fc:00 13116372                   /usr/lib/x86_64-linux-gnu/libvorbis.so.0.4.8
7f96dfcb6000-7f96dfeb6000 ---p 0002a000 fc:00 13116372                   /usr/lib/x86_64-linux-gnu/libvorbis.so.0.4.8
7f96dfeb6000-7f96dfeb7000 r--p 0002a000 fc:00 13116372                   /usr/lib/x86_64-linux-gnu/libvorbis.so.0.4.8
7f96dfeb7000-7f96dfeb8000 rw-p 0002b000 fc:00 13116372                   /usr/lib/x86_64-linux-gnu/libvorbis.so.0.4.8
7f96dfeb8000-7f96dfebf000 r-xp 00000000 fc:00 13116024                   /usr/lib/x86_64-linux-gnu/libogg.so.0.8.2
7f96dfebf000-7f96e00bf000 ---p 00007000 fc:00 13116024                   /usr/lib/x86_64-linux-gnu/libogg.so.0.8.2
7f96e00bf000-7f96e00c0000 r--p 00007000 fc:00 13116024                   /usr/lib/x86_64-linux-gnu/libogg.so.0.8.2
7f96e00c0000-7f96e00c1000 rw-p 00008000 fc:00 13116024                   /usr/lib/x86_64-linux-gnu/libogg.so.0.8.2
7f96e00c1000-7f96e00d3000 r-xp 00000000 fc:00 13635978                   /lib/x86_64-linux-gnu/libgpg-error.so.0.17.0
7f96e00d3000-7f96e02d3000 ---p 00012000 fc:00 13635978                   /lib/x86_64-linux-gnu/libgpg-error.so.0.17.0
7f96e02d3000-7f96e02d4000 r--p 00012000 fc:00 13635978                   /lib/x86_64-linux-gnu/libgpg-error.so.0.17.0
7f96e02d4000-7f96e02d5000 rw-p 00013000 fc:00 13635978                   /lib/x86_64-linux-gnu/libgpg-error.so.0.17.0
7f96e02d5000-7f96e0343000 r-xp 00000000 fc:00 13636063                   /lib/x86_64-linux-gnu/libpcre.so.3.13.2
7f96e0343000-7f96e0543000 ---p 0006e000 fc:00 13636063                   /lib/x86_64-linux-gnu/libpcre.so.3.13.2
7f96e0543000-7f96e0544000 r--p 0006e000 fc:00 13636063                   /lib/x86_64-linux-gnu/libpcre.so.3.13.2
7f96e0544000-7f96e0545000 rw-p 0006f000 fc:00 13636063                   /lib/x86_64-linux-gnu/libpcre.so.3.13.2
7f96e0545000-7f96e055c000 r-xp 00000000 fc:00 13636086                   /lib/x86_64-linux-gnu/libresolv-2.23.so
7f96e055c000-7f96e075c000 ---p 00017000 fc:00 13636086                   /lib/x86_64-linux-gnu/libresolv-2.23.so
7f96e075c000-7f96e075d000 r--p 00017000 fc:00 13636086                   /lib/x86_64-linux-gnu/libresolv-2.23.so
7f96e075d000-7f96e075e000 rw-p 00018000 fc:00 13636086                   /lib/x86_64-linux-gnu/libresolv-2.23.so
7f96e075e000-7f96e0760000 rw-p 00000000 00:00 0 
7f96e0760000-7f96e07ed000 r-xp 00000000 fc:00 13116374                   /usr/lib/x86_64-linux-gnu/libvorbisenc.so.2.0.11
7f96e07ed000-7f96e09ec000 ---p 0008d000 fc:00 13116374                   /usr/lib/x86_64-linux-gnu/libvorbisenc.so.2.0.11
7f96e09ec000-7f96e0a08000 r--p 0008c000 fc:00 13116374                   /usr/lib/x86_64-linux-gnu/libvorbisenc.so.2.0.11
7f96e0a08000-7f96e0a09000 rw-p 000a8000 fc:00 13116374                   /usr/lib/x86_64-linux-gnu/libvorbisenc.so.2.0.11
7f96e0a09000-7f96e0a7c000 r-xp 00000000 fc:00 13114969                   /usr/lib/x86_64-linux-gnu/libFLAC.so.8.3.0
7f96e0a7c000-7f96e0c7c000 ---p 00073000 fc:00 13114969                   /usr/lib/x86_64-linux-gnu/libFLAC.so.8.3.0
7f96e0c7c000-7f96e0c7d000 r--p 00073000 fc:00 13114969                   /usr/lib/x86_64-linux-gnu/libFLAC.so.8.3.0
7f96e0c7d000-7f96e0c7e000 rw-p 00074000 fc:00 13114969                   /usr/lib/x86_64-linux-gnu/libFLAC.so.8.3.0
7f96e0c7e000-7f96e0c94000 r-xp 00000000 fc:00 13636027                   /lib/x86_64-linux-gnu/libnsl-2.23.so
7f96e0c94000-7f96e0e93000 ---p 00016000 fc:00 13636027                   /lib/x86_64-linux-gnu/libnsl-2.23.so
7f96e0e93000-7f96e0e94000 r--p 00015000 fc:00 13636027                   /lib/x86_64-linux-gnu/libnsl-2.23.so
7f96e0e94000-7f96e0e95000 rw-p 00016000 fc:00 13636027                   /lib/x86_64-linux-gnu/libnsl-2.23.so
7f96e0e95000-7f96e0e97000 rw-p 00000000 00:00 0 
7f96e0e97000-7f96e0f6f000 r-xp 00000000 fc:00 13631516                   /lib/x86_64-linux-gnu/libgcrypt.so.20.0.5
7f96e0f6f000-7f96e116e000 ---p 000d8000 fc:00 13631516                   /lib/x86_64-linux-gnu/libgcrypt.so.20.0.5
7f96e116e000-7f96e116f000 r--p 000d7000 fc:00 13631516                   /lib/x86_64-linux-gnu/libgcrypt.so.20.0.5
7f96e116f000-7f96e1177000 rw-p 000d8000 fc:00 13631516                   /lib/x86_64-linux-gnu/libgcrypt.so.20.0.5
7f96e1177000-7f96e1178000 rw-p 00000000 00:00 0 
7f96e1178000-7f96e1197000 r-xp 00000000 fc:00 13636092                   /lib/x86_64-linux-gnu/libselinux.so.1
7f96e1197000-7f96e1396000 ---p 0001f000 fc:00 13636092                   /lib/x86_64-linux-gnu/libselinux.so.1
7f96e1396000-7f96e1397000 r--p 0001e000 fc:00 13636092                   /lib/x86_64-linux-gnu/libselinux.so.1
7f96e1397000-7f96e1398000 rw-p 0001f000 fc:00 13636092                   /lib/x86_64-linux-gnu/libselinux.so.1
7f96e1398000-7f96e139a000 rw-p 00000000 00:00 0 
7f96e139a000-7f96e139f000 r-xp 00000000 fc:00 13115128                   /usr/lib/x86_64-linux-gnu/libXdmcp.so.6.0.0
7f96e139f000-7f96e159e000 ---p 00005000 fc:00 13115128                   /usr/lib/x86_64-linux-gnu/libXdmcp.so.6.0.0
7f96e159e000-7f96e159f000 r--p 00004000 fc:00 13115128                   /usr/lib/x86_64-linux-gnu/libXdmcp.so.6.0.0
7f96e159f000-7f96e15a0000 rw-p 00005000 fc:00 13115128                   /usr/lib/x86_64-linux-gnu/libXdmcp.so.6.0.0
7f96e15a0000-7f96e15a2000 r-xp 00000000 fc:00 13115117                   /usr/lib/x86_64-linux-gnu/libXau.so.6.0.0
7f96e15a2000-7f96e17a2000 ---p 00002000 fc:00 13115117                   /usr/lib/x86_64-linux-gnu/libXau.so.6.0.0
7f96e17a2000-7f96e17a3000 r--p 00002000 fc:00 13115117                   /usr/lib/x86_64-linux-gnu/libXau.so.6.0.0
7f96e17a3000-7f96e17a4000 rw-p 00003000 fc:00 13115117                   /usr/lib/x86_64-linux-gnu/libXau.so.6.0.0
7f96e17a4000-7f96e17a9000 r-xp 00000000 fc:00 13115219                   /usr/lib/x86_64-linux-gnu/libasyncns.so.0.3.1
7f96e17a9000-7f96e19a8000 ---p 00005000 fc:00 13115219                   /usr/lib/x86_64-linux-gnu/libasyncns.so.0.3.1
7f96e19a8000-7f96e19a9000 r--p 00004000 fc:00 13115219                   /usr/lib/x86_64-linux-gnu/libasyncns.so.0.3.1
7f96e19a9000-7f96e19aa000 rw-p 00005000 fc:00 13115219                   /usr/lib/x86_64-linux-gnu/libasyncns.so.0.3.1
7f96e19aa000-7f96e1a0c000 r-xp 00000000 fc:00 13116226                   /usr/lib/x86_64-linux-gnu/libsndfile.so.1.0.25
7f96e1a0c000-7f96e1c0c000 ---p 00062000 fc:00 13116226                   /usr/lib/x86_64-linux-gnu/libsndfile.so.1.0.25
7f96e1c0c000-7f96e1c0e000 r--p 00062000 fc:00 13116226                   /usr/lib/x86_64-linux-gnu/libsndfile.so.1.0.25
7f96e1c0e000-7f96e1c0f000 rw-p 00064000 fc:00 13116226                   /usr/lib/x86_64-linux-gnu/libsndfile.so.1.0.25
7f96e1c0f000-7f96e1c13000 rw-p 00000000 00:00 0 
7f96e1c13000-7f96e1c1b000 r-xp 00000000 fc:00 13636120                   /lib/x86_64-linux-gnu/libwrap.so.0.7.6
7f96e1c1b000-7f96e1e1a000 ---p 00008000 fc:00 13636120                   /lib/x86_64-linux-gnu/libwrap.so.0.7.6
7f96e1e1a000-7f96e1e1b000 r--p 00007000 fc:00 13636120                   /lib/x86_64-linux-gnu/libwrap.so.0.7.6
7f96e1e1b000-7f96e1e1c000 rw-p 00008000 fc:00 13636120                   /lib/x86_64-linux-gnu/libwrap.so.0.7.6
7f96e1e1c000-7f96e1e1d000 rw-p 00000000 00:00 0 
7f96e1e1d000-7f96e1e41000 r-xp 00000000 fc:00 13636075                   /lib/x86_64-linux-gnu/libpng12.so.0.54.0
7f96e1e41000-7f96e2040000 ---p 00024000 fc:00 13636075                   /lib/x86_64-linux-gnu/libpng12.so.0.54.0
7f96e2040000-7f96e2041000 r--p 00023000 fc:00 13636075                   /lib/x86_64-linux-gnu/libpng12.so.0.54.0
7f96e2041000-7f96e2042000 rw-p 00024000 fc:00 13636075                   /lib/x86_64-linux-gnu/libpng12.so.0.54.0
7f96e2042000-7f96e2049000 r-xp 00000000 fc:00 13115500                   /usr/lib/x86_64-linux-gnu/libffi.so.6.0.4
7f96e2049000-7f96e2248000 ---p 00007000 fc:00 13115500                   /usr/lib/x86_64-linux-gnu/libffi.so.6.0.4
7f96e2248000-7f96e2249000 r--p 00006000 fc:00 13115500                   /usr/lib/x86_64-linux-gnu/libffi.so.6.0.4
7f96e2249000-7f96e224a000 rw-p 00007000 fc:00 13115500                   /usr/lib/x86_64-linux-gnu/libffi.so.6.0.4
7f96e224a000-7f96e224f000 r-xp 00000000 fc:00 13115132                   /usr/lib/x86_64-linux-gnu/libXfixes.so.3.1.0
7f96e224f000-7f96e244e000 ---p 00005000 fc:00 13115132                   /usr/lib/x86_64-linux-gnu/libXfixes.so.3.1.0
7f96e244e000-7f96e244f000 r--p 00004000 fc:00 13115132                   /usr/lib/x86_64-linux-gnu/libXfixes.so.3.1.0
7f96e244f000-7f96e2450000 rw-p 00005000 fc:00 13115132                   /usr/lib/x86_64-linux-gnu/libXfixes.so.3.1.0
7f96e2450000-7f96e2459000 r-xp 00000000 fc:00 13115150                   /usr/lib/x86_64-linux-gnu/libXrender.so.1.3.0
7f96e2459000-7f96e2658000 ---p 00009000 fc:00 13115150                   /usr/lib/x86_64-linux-gnu/libXrender.so.1.3.0
7f96e2658000-7f96e2659000 r--p 00008000 fc:00 13115150                   /usr/lib/x86_64-linux-gnu/libXrender.so.1.3.0
7f96e2659000-7f96e265a000 rw-p 00009000 fc:00 13115150                   /usr/lib/x86_64-linux-gnu/libXrender.so.1.3.0
7f96e265a000-7f96e267b000 r-xp 00000000 fc:00 13116495                   /usr/lib/x86_64-linux-gnu/libxcb.so.1.1.0
7f96e267b000-7f96e287a000 ---p 00021000 fc:00 13116495                   /usr/lib/x86_64-linux-gnu/libxcb.so.1.1.0
7f96e287a000-7f96e287b000 r--p 00020000 fc:00 13116495                   /usr/lib/x86_64-linux-gnu/libxcb.so.1.1.0
7f96e287b000-7f96e287c000 rw-p 00021000 fc:00 13116495                   /usr/lib/x86_64-linux-gnu/libxcb.so.1.1.0
7f96e287c000-7f96e288f000 r-xp 00000000 fc:00 13635930                   /lib/x86_64-linux-gnu/libbsd.so.0.8.2
7f96e288f000-7f96e2a8e000 ---p 00013000 fc:00 13635930                   /lib/x86_64-linux-gnu/libbsd.so.0.8.2
7f96e2a8e000-7f96e2a8f000 r--p 00012000 fc:00 13635930                   /lib/x86_64-linux-gnu/libbsd.so.0.8.2
7f96e2a8f000-7f96e2a90000 rw-p 00013000 fc:00 13635930                   /lib/x86_64-linux-gnu/libbsd.so.0.8.2
7f96e2a90000-7f96e2a91000 rw-p 00000000 00:00 0 
7f96e2a91000-7f96e2adb000 r-xp 00000000 fc:00 13631660                   /lib/x86_64-linux-gnu/libdbus-1.so.3.14.6
7f96e2adb000-7f96e2cdb000 ---p 0004a000 fc:00 13631660                   /lib/x86_64-linux-gnu/libdbus-1.so.3.14.6
7f96e2cdb000-7f96e2cdc000 r--p 0004a000 fc:00 13631660                   /lib/x86_64-linux-gnu/libdbus-1.so.3.14.6
7f96e2cdc000-7f96e2cdd000 rw-p 0004b000 fc:00 13631660                   /lib/x86_64-linux-gnu/libdbus-1.so.3.14.6
7f96e2cdd000-7f96e2d56000 r-xp 00000000 fc:00 13372434                   /usr/lib/x86_64-linux-gnu/pulseaudio/libpulsecommon-8.0.so
7f96e2d56000-7f96e2f55000 ---p 00079000 fc:00 13372434                   /usr/lib/x86_64-linux-gnu/pulseaudio/libpulsecommon-8.0.so
7f96e2f55000-7f96e2f56000 r--p 00078000 fc:00 13372434                   /usr/lib/x86_64-linux-gnu/pulseaudio/libpulsecommon-8.0.so
7f96e2f56000-7f96e2f57000 rw-p 00079000 fc:00 13372434                   /usr/lib/x86_64-linux-gnu/pulseaudio/libpulsecommon-8.0.so
7f96e2f57000-7f96e2f61000 r-xp 00000000 fc:00 13635993                   /lib/x86_64-linux-gnu/libjson-c.so.2.0.0
7f96e2f61000-7f96e3160000 ---p 0000a000 fc:00 13635993                   /lib/x86_64-linux-gnu/libjson-c.so.2.0.0
7f96e3160000-7f96e3161000 r--p 00009000 fc:00 13635993                   /lib/x86_64-linux-gnu/libjson-c.so.2.0.0
7f96e3161000-7f96e3162000 rw-p 0000a000 fc:00 13635993                   /lib/x86_64-linux-gnu/libjson-c.so.2.0.0
7f96e3162000-7f96e4a18000 r-xp 00000000 fc:00 13115795                   /usr/lib/x86_64-linux-gnu/libicudata.so.55.1
7f96e4a18000-7f96e4c17000 ---p 018b6000 fc:00 13115795                   /usr/lib/x86_64-linux-gnu/libicudata.so.55.1
7f96e4c17000-7f96e4c18000 r--p 018b5000 fc:00 13115795                   /usr/lib/x86_64-linux-gnu/libicudata.so.55.1
7f96e4c18000-7f96e4c19000 rw-p 018b6000 fc:00 13115795                   /usr/lib/x86_64-linux-gnu/libicudata.so.55.1
7f96e4c19000-7f96e4cbd000 r-xp 00000000 fc:00 13115548                   /usr/lib/x86_64-linux-gnu/libfreetype.so.6.12.1
7f96e4cbd000-7f96e4ebc000 ---p 000a4000 fc:00 13115548                   /usr/lib/x86_64-linux-gnu/libfreetype.so.6.12.1
7f96e4ebc000-7f96e4ec2000 r--p 000a3000 fc:00 13115548                   /usr/lib/x86_64-linux-gnu/libfreetype.so.6.12.1
7f96e4ec2000-7f96e4ec3000 rw-p 000a9000 fc:00 13115548                   /usr/lib/x86_64-linux-gnu/libfreetype.so.6.12.1
7f96e4ec3000-7f96e4eca000 r-xp 00000000 fc:00 13636088                   /lib/x86_64-linux-gnu/librt-2.23.so
7f96e4eca000-7f96e50c9000 ---p 00007000 fc:00 13636088                   /lib/x86_64-linux-gnu/librt-2.23.so
7f96e50c9000-7f96e50ca000 r--p 00006000 fc:00 13636088                   /lib/x86_64-linux-gnu/librt-2.23.so
7f96e50ca000-7f96e50cb000 rw-p 00007000 fc:00 13636088                   /lib/x86_64-linux-gnu/librt-2.23.so
7f96e50cb000-7f96e50e3000 r-xp 00000000 fc:00 13636080                   /lib/x86_64-linux-gnu/libpthread-2.23.so
7f96e50e3000-7f96e52e2000 ---p 00018000 fc:00 13636080                   /lib/x86_64-linux-gnu/libpthread-2.23.so
7f96e52e2000-7f96e52e3000 r--p 00017000 fc:00 13636080                   /lib/x86_64-linux-gnu/libpthread-2.23.so
7f96e52e3000-7f96e52e4000 rw-p 00018000 fc:00 13636080                   /lib/x86_64-linux-gnu/libpthread-2.23.so
7f96e52e4000-7f96e52e8000 rw-p 00000000 00:00 0 
7f96e52e8000-7f96e5325000 r-xp 00000000 fc:00 13116499                   /usr/lib/x86_64-linux-gnu/libxkbcommon.so.0.0.0
7f96e5325000-7f96e5524000 ---p 0003d000 fc:00 13116499                   /usr/lib/x86_64-linux-gnu/libxkbcommon.so.0.0.0
7f96e5524000-7f96e5526000 r--p 0003c000 fc:00 13116499                   /usr/lib/x86_64-linux-gnu/libxkbcommon.so.0.0.0
7f96e5526000-7f96e5527000 rw-p 0003e000 fc:00 13116499                   /usr/lib/x86_64-linux-gnu/libxkbcommon.so.0.0.0
7f96e5527000-7f96e552b000 r-xp 00000000 fc:00 13116389                   /usr/lib/x86_64-linux-gnu/libwayland-cursor.so.0.0.0
7f96e552b000-7f96e572a000 ---p 00004000 fc:00 13116389                   /usr/lib/x86_64-linux-gnu/libwayland-cursor.so.0.0.0
7f96e572a000-7f96e572b000 r--p 00003000 fc:00 13116389                   /usr/lib/x86_64-linux-gnu/libwayland-cursor.so.0.0.0
7f96e572b000-7f96e572f000 rw-p 00004000 fc:00 13116389                   /usr/lib/x86_64-linux-gnu/libwayland-cursor.so.0.0.0
7f96e572f000-7f96e573b000 r-xp 00000000 fc:00 13116387                   /usr/lib/x86_64-linux-gnu/libwayland-client.so.0.3.0
7f96e573b000-7f96e593a000 ---p 0000c000 fc:00 13116387                   /usr/lib/x86_64-linux-gnu/libwayland-client.so.0.3.0
7f96e593a000-7f96e593c000 r--p 0000b000 fc:00 13116387                   /usr/lib/x86_64-linux-gnu/libwayland-client.so.0.3.0
7f96e593c000-7f96e593d000 rw-p 0000d000 fc:00 13116387                   /usr/lib/x86_64-linux-gnu/libwayland-client.so.0.3.0
7f96e593d000-7f96e593e000 r-xp 00000000 fc:00 13112025                   /usr/lib/x86_64-linux-gnu/libwayland-egl.so.1.0.0
7f96e593e000-7f96e5b3d000 ---p 00001000 fc:00 13112025                   /usr/lib/x86_64-linux-gnu/libwayland-egl.so.1.0.0
7f96e5b3d000-7f96e5b3e000 r--p 00000000 fc:00 13112025                   /usr/lib/x86_64-linux-gnu/libwayland-egl.so.1.0.0
7f96e5b3e000-7f96e5b3f000 rw-p 00001000 fc:00 13112025                   /usr/lib/x86_64-linux-gnu/libwayland-egl.so.1.0.0
7f96e5b3f000-7f96e5b44000 r-xp 00000000 fc:00 13115166                   /usr/lib/x86_64-linux-gnu/libXxf86vm.so.1.0.0
7f96e5b44000-7f96e5d43000 ---p 00005000 fc:00 13115166                   /usr/lib/x86_64-linux-gnu/libXxf86vm.so.1.0.0
7f96e5d43000-7f96e5d44000 r--p 00004000 fc:00 13115166                   /usr/lib/x86_64-linux-gnu/libXxf86vm.so.1.0.0
7f96e5d44000-7f96e5d45000 rw-p 00005000 fc:00 13115166                   /usr/lib/x86_64-linux-gnu/libXxf86vm.so.1.0.0
7f96e5d45000-7f96e5d47000 r-xp 00000000 fc:00 13115152                   /usr/lib/x86_64-linux-gnu/libXss.so.1.0.0
7f96e5d47000-7f96e5f47000 ---p 00002000 fc:00 13115152                   /usr/lib/x86_64-linux-gnu/libXss.so.1.0.0
7f96e5f47000-7f96e5f48000 r--p 00002000 fc:00 13115152                   /usr/lib/x86_64-linux-gnu/libXss.so.1.0.0
7f96e5f48000-7f96e5f49000 rw-p 00003000 fc:00 13115152                   /usr/lib/x86_64-linux-gnu/libXss.so.1.0.0
7f96e5f49000-7f96e5f53000 r-xp 00000000 fc:00 13115148                   /usr/lib/x86_64-linux-gnu/libXrandr.so.2.2.0
7f96e5f53000-7f96e6152000 ---p 0000a000 fc:00 13115148                   /usr/lib/x86_64-linux-gnu/libXrandr.so.2.2.0
7f96e6152000-7f96e6153000 r--p 00009000 fc:00 13115148                   /usr/lib/x86_64-linux-gnu/libXrandr.so.2.2.0
7f96e6153000-7f96e6154000 rw-p 0000a000 fc:00 13115148                   /usr/lib/x86_64-linux-gnu/libXrandr.so.2.2.0
7f96e6154000-7f96e6163000 r-xp 00000000 fc:00 13115138                   /usr/lib/x86_64-linux-gnu/libXi.so.6.1.0
7f96e6163000-7f96e6362000 ---p 0000f000 fc:00 13115138                   /usr/lib/x86_64-linux-gnu/libXi.so.6.1.0
7f96e6362000-7f96e6363000 r--p 0000e000 fc:00 13115138                   /usr/lib/x86_64-linux-gnu/libXi.so.6.1.0
7f96e6363000-7f96e6364000 rw-p 0000f000 fc:00 13115138                   /usr/lib/x86_64-linux-gnu/libXi.so.6.1.0
7f96e6364000-7f96e6366000 r-xp 00000000 fc:00 13115140                   /usr/lib/x86_64-linux-gnu/libXinerama.so.1.0.0
7f96e6366000-7f96e6565000 ---p 00002000 fc:00 13115140                   /usr/lib/x86_64-linux-gnu/libXinerama.so.1.0.0
7f96e6565000-7f96e6566000 r--p 00001000 fc:00 13115140                   /usr/lib/x86_64-linux-gnu/libXinerama.so.1.0.0
7f96e6566000-7f96e6567000 rw-p 00002000 fc:00 13115140                   /usr/lib/x86_64-linux-gnu/libXinerama.so.1.0.0
7f96e6567000-7f96e6570000 r-xp 00000000 fc:00 13115124                   /usr/lib/x86_64-linux-gnu/libXcursor.so.1.0.2
7f96e6570000-7f96e676f000 ---p 00009000 fc:00 13115124                   /usr/lib/x86_64-linux-gnu/libXcursor.so.1.0.2
7f96e676f000-7f96e6770000 r--p 00008000 fc:00 13115124                   /usr/lib/x86_64-linux-gnu/libXcursor.so.1.0.2
7f96e6770000-7f96e6771000 rw-p 00009000 fc:00 13115124                   /usr/lib/x86_64-linux-gnu/libXcursor.so.1.0.2
7f96e6771000-7f96e6782000 r-xp 00000000 fc:00 13115130                   /usr/lib/x86_64-linux-gnu/libXext.so.6.4.0
7f96e6782000-7f96e6981000 ---p 00011000 fc:00 13115130                   /usr/lib/x86_64-linux-gnu/libXext.so.6.4.0
7f96e6981000-7f96e6982000 r--p 00010000 fc:00 13115130                   /usr/lib/x86_64-linux-gnu/libXext.so.6.4.0
7f96e6982000-7f96e6983000 rw-p 00011000 fc:00 13115130                   /usr/lib/x86_64-linux-gnu/libXext.so.6.4.0
7f96e6983000-7f96e6ab8000 r-xp 00000000 fc:00 13115113                   /usr/lib/x86_64-linux-gnu/libX11.so.6.3.0
7f96e6ab8000-7f96e6cb8000 ---p 00135000 fc:00 13115113                   /usr/lib/x86_64-linux-gnu/libX11.so.6.3.0
7f96e6cb8000-7f96e6cb9000 r--p 00135000 fc:00 13115113                   /usr/lib/x86_64-linux-gnu/libX11.so.6.3.0
7f96e6cb9000-7f96e6cbd000 rw-p 00136000 fc:00 13115113                   /usr/lib/x86_64-linux-gnu/libX11.so.6.3.0
7f96e6cbd000-7f96e6cc9000 r-xp 00000000 fc:00 13110414                   /usr/lib/x86_64-linux-gnu/libsndio.so.6.1
7f96e6cc9000-7f96e6ec9000 ---p 0000c000 fc:00 13110414                   /usr/lib/x86_64-linux-gnu/libsndio.so.6.1
7f96e6ec9000-7f96e6eca000 r--p 0000c000 fc:00 13110414                   /usr/lib/x86_64-linux-gnu/libsndio.so.6.1
7f96e6eca000-7f96e6ecb000 rw-p 0000d000 fc:00 13110414                   /usr/lib/x86_64-linux-gnu/libsndio.so.6.1
7f96e6ecb000-7f96e6ecd000 rw-p 00000000 00:00 0 
7f96e6ecd000-7f96e6f1b000 r-xp 00000000 fc:00 13116114                   /usr/lib/x86_64-linux-gnu/libpulse.so.0.19.0
7f96e6f1b000-7f96e711a000 ---p 0004e000 fc:00 13116114                   /usr/lib/x86_64-linux-gnu/libpulse.so.0.19.0
7f96e711a000-7f96e711b000 r--p 0004d000 fc:00 13116114                   /usr/lib/x86_64-linux-gnu/libpulse.so.0.19.0
7f96e711b000-7f96e711c000 rw-p 0004e000 fc:00 13116114                   /usr/lib/x86_64-linux-gnu/libpulse.so.0.19.0
7f96e711c000-7f96e7215000 r-xp 00000000 fc:00 13115209                   /usr/lib/x86_64-linux-gnu/libasound.so.2.0.0
7f96e7215000-7f96e7414000 ---p 000f9000 fc:00 13115209                   /usr/lib/x86_64-linux-gnu/libasound.so.2.0.0
7f96e7414000-7f96e741b000 r--p 000f8000 fc:00 13115209                   /usr/lib/x86_64-linux-gnu/libasound.so.2.0.0
7f96e741b000-7f96e741c000 rw-p 000ff000 fc:00 13115209                   /usr/lib/x86_64-linux-gnu/libasound.so.2.0.0
7f96e741c000-7f96e743d000 r-xp 00000000 fc:00 13636001                   /lib/x86_64-linux-gnu/liblzma.so.5.0.0
7f96e743d000-7f96e763c000 ---p 00021000 fc:00 13636001                   /lib/x86_64-linux-gnu/liblzma.so.5.0.0
7f96e763c000-7f96e763d000 r--p 00020000 fc:00 13636001                   /lib/x86_64-linux-gnu/liblzma.so.5.0.0
7f96e763d000-7f96e763e000 rw-p 00021000 fc:00 13636001                   /lib/x86_64-linux-gnu/liblzma.so.5.0.0
7f96e763e000-7f96e7657000 r-xp 00000000 fc:00 13636125                   /lib/x86_64-linux-gnu/libz.so.1.2.8
7f96e7657000-7f96e7856000 ---p 00019000 fc:00 13636125                   /lib/x86_64-linux-gnu/libz.so.1.2.8
7f96e7856000-7f96e7857000 r--p 00018000 fc:00 13636125                   /lib/x86_64-linux-gnu/libz.so.1.2.8
7f96e7857000-7f96e7858000 rw-p 00019000 fc:00 13636125                   /lib/x86_64-linux-gnu/libz.so.1.2.8
7f96e7858000-7f96e79d7000 r-xp 00000000 fc:00 13115809                   /usr/lib/x86_64-linux-gnu/libicuuc.so.55.1
7f96e79d7000-7f96e7bd7000 ---p 0017f000 fc:00 13115809                   /usr/lib/x86_64-linux-gnu/libicuuc.so.55.1
7f96e7bd7000-7f96e7be7000 r--p 0017f000 fc:00 13115809                   /usr/lib/x86_64-linux-gnu/libicuuc.so.55.1
7f96e7be7000-7f96e7be8000 rw-p 0018f000 fc:00 13115809                   /usr/lib/x86_64-linux-gnu/libicuuc.so.55.1
7f96e7be8000-7f96e7bec000 rw-p 00000000 00:00 0 
7f96e7bec000-7f96e7bef000 r-xp 00000000 fc:00 13635958                   /lib/x86_64-linux-gnu/libdl-2.23.so
7f96e7bef000-7f96e7dee000 ---p 00003000 fc:00 13635958                   /lib/x86_64-linux-gnu/libdl-2.23.so
7f96e7dee000-7f96e7def000 r--p 00002000 fc:00 13635958                   /lib/x86_64-linux-gnu/libdl-2.23.so
7f96e7def000-7f96e7df0000 rw-p 00003000 fc:00 13635958                   /lib/x86_64-linux-gnu/libdl-2.23.so
7f96e7df0000-7f96e7fb0000 r-xp 00000000 fc:00 13635934                   /lib/x86_64-linux-gnu/libc-2.23.so
7f96e7fb0000-7f96e81af000 ---p 001c0000 fc:00 13635934                   /lib/x86_64-linux-gnu/libc-2.23.so
7f96e81af000-7f96e81b3000 r--p 001bf000 fc:00 13635934                   /lib/x86_64-linux-gnu/libc-2.23.so
7f96e81b3000-7f96e81b5000 rw-p 001c3000 fc:00 13635934                   /lib/x86_64-linux-gnu/libc-2.23.so
7f96e81b5000-7f96e81b9000 rw-p 00000000 00:00 0 
7f96e81b9000-7f96e81cf000 r-xp 00000000 fc:00 13635972                   /lib/x86_64-linux-gnu/libgcc_s.so.1
7f96e81cf000-7f96e83ce000 ---p 00016000 fc:00 13635972                   /lib/x86_64-linux-gnu/libgcc_s.so.1
7f96e83ce000-7f96e83cf000 rw-p 00015000 fc:00 13635972                   /lib/x86_64-linux-gnu/libgcc_s.so.1
7f96e83cf000-7f96e8541000 r-xp 00000000 fc:00 13109252                   /usr/lib/x86_64-linux-gnu/libstdc++.so.6.0.21
7f96e8541000-7f96e8741000 ---p 00172000 fc:00 13109252                   /usr/lib/x86_64-linux-gnu/libstdc++.so.6.0.21
7f96e8741000-7f96e874b000 r--p 00172000 fc:00 13109252                   /usr/lib/x86_64-linux-gnu/libstdc++.so.6.0.21
7f96e874b000-7f96e874d000 rw-p 0017c000 fc:00 13109252                   /usr/lib/x86_64-linux-gnu/libstdc++.so.6.0.21
7f96e874d000-7f96e8751000 rw-p 00000000 00:00 0 
7f96e8751000-7f96e8859000 r-xp 00000000 fc:00 13636004                   /lib/x86_64-linux-gnu/libm-2.23.so
7f96e8859000-7f96e8a58000 ---p 00108000 fc:00 13636004                   /lib/x86_64-linux-gnu/libm-2.23.so
7f96e8a58000-7f96e8a59000 r--p 00107000 fc:00 13636004                   /lib/x86_64-linux-gnu/libm-2.23.so
7f96e8a59000-7f96e8a5a000 rw-p 00108000 fc:00 13636004                   /lib/x86_64-linux-gnu/libm-2.23.so
7f96e8a5a000-7f96e96a9000 r-xp 00000000 fc:00 13243293                   /usr/lib/jvm/java-8-openjdk-amd64/jre/lib/amd64/server/libjvm.so
7f96e96a9000-7f96e98a8000 ---p 00c4f000 fc:00 13243293                   /usr/lib/jvm/java-8-openjdk-amd64/jre/lib/amd64/server/libjvm.so
7f96e98a8000-7f96e993b000 r--p 00c4e000 fc:00 13243293                   /usr/lib/jvm/java-8-openjdk-amd64/jre/lib/amd64/server/libjvm.so
7f96e993b000-7f96e9964000 rw-p 00ce1000 fc:00 13243293                   /usr/lib/jvm/java-8-openjdk-amd64/jre/lib/amd64/server/libjvm.so
7f96e9964000-7f96e9994000 rw-p 00000000 00:00 0 
7f96e9994000-7f96e999b000 r-xp 00000000 fc:00 13110477                   /usr/lib/x86_64-linux-gnu/libSDL2_ttf-2.0.so.0.14.0
7f96e999b000-7f96e9b9a000 ---p 00007000 fc:00 13110477                   /usr/lib/x86_64-linux-gnu/libSDL2_ttf-2.0.so.0.14.0
7f96e9b9a000-7f96e9b9b000 r--p 00006000 fc:00 13110477                   /usr/lib/x86_64-linux-gnu/libSDL2_ttf-2.0.so.0.14.0
7f96e9b9b000-7f96e9b9c000 rw-p 00007000 fc:00 13110477                   /usr/lib/x86_64-linux-gnu/libSDL2_ttf-2.0.so.0.14.0
7f96e9b9c000-7f96e9ca3000 r-xp 00000000 fc:00 13110415                   /usr/lib/x86_64-linux-gnu/libSDL2-2.0.so.0.4.0
7f96e9ca3000-7f96e9ea3000 ---p 00107000 fc:00 13110415                   /usr/lib/x86_64-linux-gnu/libSDL2-2.0.so.0.4.0
7f96e9ea3000-7f96e9ea7000 r--p 00107000 fc:00 13110415                   /usr/lib/x86_64-linux-gnu/libSDL2-2.0.so.0.4.0
7f96e9ea7000-7f96e9eab000 rw-p 0010b000 fc:00 13110415                   /usr/lib/x86_64-linux-gnu/libSDL2-2.0.so.0.4.0
7f96e9eab000-7f96e9eaf000 rw-p 00000000 00:00 0 
7f96e9eaf000-7f96e9eec000 r-xp 00000000 fc:00 13110278                   /usr/lib/x86_64-linux-gnu/libgslcblas.so.0.0.0
7f96e9eec000-7f96ea0eb000 ---p 0003d000 fc:00 13110278                   /usr/lib/x86_64-linux-gnu/libgslcblas.so.0.0.0
7f96ea0eb000-7f96ea0ec000 r--p 0003c000 fc:00 13110278                   /usr/lib/x86_64-linux-gnu/libgslcblas.so.0.0.0
7f96ea0ec000-7f96ea0ed000 rw-p 0003d000 fc:00 13110278                   /usr/lib/x86_64-linux-gnu/libgslcblas.so.0.0.0
7f96ea0ed000-7f96ea31b000 r-xp 00000000 fc:00 13110276                   /usr/lib/x86_64-linux-gnu/libgsl.so.19.0.0
7f96ea31b000-7f96ea51a000 ---p 0022e000 fc:00 13110276                   /usr/lib/x86_64-linux-gnu/libgsl.so.19.0.0
7f96ea51a000-7f96ea51d000 r--p 0022d000 fc:00 13110276                   /usr/lib/x86_64-linux-gnu/libgsl.so.19.0.0
7f96ea51d000-7f96ea52b000 rw-p 00230000 fc:00 13110276                   /usr/lib/x86_64-linux-gnu/libgsl.so.19.0.0
7f96ea52b000-7f96ea52c000 rw-p 00000000 00:00 0 
7f96ea52c000-7f96ea6db000 r-xp 00000000 fc:00 13116505                   /usr/lib/x86_64-linux-gnu/libxml2.so.2.9.3
7f96ea6db000-7f96ea8db000 ---p 001af000 fc:00 13116505                   /usr/lib/x86_64-linux-gnu/libxml2.so.2.9.3
7f96ea8db000-7f96ea8e3000 r--p 001af000 fc:00 13116505                   /usr/lib/x86_64-linux-gnu/libxml2.so.2.9.3
7f96ea8e3000-7f96ea8e5000 rw-p 001b7000 fc:00 13116505                   /usr/lib/x86_64-linux-gnu/libxml2.so.2.9.3
7f96ea8e5000-7f96ea8e6000 rw-p 00000000 00:00 0 
7f96ea8e6000-7f96ea90c000 r-xp 00000000 fc:00 13635906                   /lib/x86_64-linux-gnu/ld-2.23.so
7f96ea90c000-7f96ea90d000 r--s 0000a000 fc:00 13371711                   /usr/lib/jvm/java-8-openjdk-amd64/jre/lib/ext/jaccess.jar
7f96ea90d000-7f96ea910000 r--s 0000f000 fc:00 13372864                   /usr/lib/jvm/java-8-openjdk-amd64/jre/lib/ext/icedtea-sound.jar
7f96ea910000-7f96eaa59000 rw-p 00000000 00:00 0 
7f96eaa59000-7f96eaad9000 r-xp 00000000 fc:00 13632177                   /lib/x86_64-linux-gnu/libsystemd.so.0.14.0
7f96eaad9000-7f96eaadc000 r--p 0007f000 fc:00 13632177                   /lib/x86_64-linux-gnu/libsystemd.so.0.14.0
7f96eaadc000-7f96eaadd000 rw-p 00082000 fc:00 13632177                   /lib/x86_64-linux-gnu/libsystemd.so.0.14.0
7f96eaadd000-7f96eaaed000 rw-p 00000000 00:00 0 
7f96eaaed000-7f96eaaef000 r--s 00008000 fc:00 13372357                   /usr/lib/jvm/java-8-openjdk-amd64/jre/lib/ext/sunec.jar
7f96eaaef000-7f96eaaf9000 r--s 00116000 fc:00 13372358                   /usr/lib/jvm/java-8-openjdk-amd64/jre/lib/ext/localedata.jar
7f96eaaf9000-7f96eaafb000 r--s 00001000 fc:00 13372865                   /usr/lib/jvm/java-8-openjdk-amd64/jre/lib/ext/dnsns.jar
7f96eaafb000-7f96eaaff000 r--s 00037000 fc:00 13371710                   /usr/lib/jvm/java-8-openjdk-amd64/jre/lib/ext/sunpkcs11.jar
7f96eaaff000-7f96eab07000 rw-s 00000000 fc:00 10485775                   /tmp/hsperfdata_louis/6162
7f96eab07000-7f96eab08000 rw-p 00000000 00:00 0 
7f96eab08000-7f96eab09000 r--p 00000000 00:00 0 
7f96eab09000-7f96eab0b000 rw-p 00000000 00:00 0 
7f96eab0b000-7f96eab0c000 r--p 00025000 fc:00 13635906                   /lib/x86_64-linux-gnu/ld-2.23.so
7f96eab0c000-7f96eab0d000 rw-p 00026000 fc:00 13635906                   /lib/x86_64-linux-gnu/ld-2.23.so
7f96eab0d000-7f96eab0e000 rw-p 00000000 00:00 0 
7ffdf4b8a000-7ffdf4b8d000 ---p 00000000 00:00 0 
7ffdf4b8e000-7ffdf4c8a000 rw-p 00000000 00:00 0                          [stack]
7ffdf4c93000-7ffdf4c95000 r--p 00000000 00:00 0                          [vvar]
7ffdf4c95000-7ffdf4c97000 r-xp 00000000 00:00 0                          [vdso]
ffffffffff600000-ffffffffff601000 r-xp 00000000 00:00 0                  [vsyscall]

VM Arguments:
jvm_args: -Djava.library.path=/usr/lib/jni 
java_command: <unknown>
java_class_path (initial): /home/louis/Documents/Robotics/MICRO_MobileRobots/m454_project/mbsysCopy/mbs_common/mbs_realtime/../../mbsyspad/MBsysPad.jar
Launcher Type: generic

Environment Variables:
PATH=/home/louis/bin:/home/louis/.local/bin:/usr/local/sbin:/usr/local/bin:/usr/sbin:/usr/bin:/sbin:/bin:/usr/games:/usr/local/games:/snap/bin
SHELL=/bin/bash
DISPLAY=:0

Signal Handlers:
SIGSEGV: [libjvm.so+0xa65880], sa_mask[0]=11111111011111111101111111111110, sa_flags=SA_RESTART|SA_SIGINFO
SIGBUS: [libjvm.so+0xa65880], sa_mask[0]=11111111011111111101111111111110, sa_flags=SA_RESTART|SA_SIGINFO
SIGFPE: [libjvm.so+0x8af1c0], sa_mask[0]=11111111011111111101111111111110, sa_flags=SA_RESTART|SA_SIGINFO
SIGPIPE: [libjvm.so+0x8af1c0], sa_mask[0]=11111111011111111101111111111110, sa_flags=SA_RESTART|SA_SIGINFO
SIGXFSZ: [libjvm.so+0x8af1c0], sa_mask[0]=11111111011111111101111111111110, sa_flags=SA_RESTART|SA_SIGINFO
SIGILL: [libjvm.so+0x8af1c0], sa_mask[0]=11111111011111111101111111111110, sa_flags=SA_RESTART|SA_SIGINFO
SIGUSR1: SIG_DFL, sa_mask[0]=00000000000000000000000000000000, sa_flags=none
SIGUSR2: [libjvm.so+0x8af070], sa_mask[0]=00000000000000000000000000000000, sa_flags=SA_RESTART|SA_SIGINFO
SIGHUP: [libjvm.so+0x8af540], sa_mask[0]=11111111011111111101111111111110, sa_flags=SA_RESTART|SA_SIGINFO
SIGINT: [libjvm.so+0x8af540], sa_mask[0]=11111111011111111101111111111110, sa_flags=SA_RESTART|SA_SIGINFO
SIGTERM: [libjvm.so+0x8af540], sa_mask[0]=11111111011111111101111111111110, sa_flags=SA_RESTART|SA_SIGINFO
SIGQUIT: [libjvm.so+0x8af540], sa_mask[0]=11111111011111111101111111111110, sa_flags=SA_RESTART|SA_SIGINFO


---------------  S Y S T E M  ---------------

OS:DISTRIB_ID=Ubuntu
DISTRIB_RELEASE=16.04
DISTRIB_CODENAME=xenial
DISTRIB_DESCRIPTION="Ubuntu 16.04.1 LTS"

uname:Linux 4.4.0-47-generic #68-Ubuntu SMP Wed Oct 26 19:39:52 UTC 2016 x86_64
libc:glibc 2.23 NPTL 2.23 
rlimit: STACK 8192k, CORE 0k, NPROC 23394, NOFILE 65536, AS infinity
load average:0.38 0.29 0.28

/proc/meminfo:
MemTotal:        6030368 kB
MemFree:         3560880 kB
MemAvailable:    4249716 kB
Buffers:           72072 kB
Cached:          1159688 kB
SwapCached:            0 kB
Active:          1433412 kB
Inactive:         847864 kB
Active(anon):    1053292 kB
Inactive(anon):   356868 kB
Active(file):     380120 kB
Inactive(file):   490996 kB
Unevictable:          32 kB
Mlocked:              32 kB
SwapTotal:       6209532 kB
SwapFree:        6209532 kB
Dirty:              1384 kB
Writeback:             0 kB
AnonPages:       1049780 kB
Mapped:           298880 kB
Shmem:            360500 kB
Slab:              89152 kB
SReclaimable:      58044 kB
SUnreclaim:        31108 kB
KernelStack:        7568 kB
PageTables:        31644 kB
NFS_Unstable:          0 kB
Bounce:                0 kB
WritebackTmp:          0 kB
CommitLimit:     9224716 kB
Committed_AS:    4442400 kB
VmallocTotal:   34359738367 kB
VmallocUsed:           0 kB
VmallocChunk:          0 kB
HardwareCorrupted:     0 kB
AnonHugePages:    620544 kB
CmaTotal:              0 kB
CmaFree:               0 kB
HugePages_Total:       0
HugePages_Free:        0
HugePages_Rsvd:        0
HugePages_Surp:        0
Hugepagesize:       2048 kB
DirectMap4k:      128208 kB
DirectMap2M:     3985408 kB
DirectMap1G:     3145728 kB


CPU:total 2 (2 cores per cpu, 1 threads per core) family 6 model 60 stepping 3, cmov, cx8, fxsr, mmx, sse, sse2, sse3, ssse3, sse4.1, sse4.2, popcnt, clmul, erms, lzcnt, tsc, tscinvbit

/proc/cpuinfo:
processor	: 0
vendor_id	: GenuineIntel
cpu family	: 6
model		: 60
model name	: Intel(R) Celeron(R) CPU 2970M @ 2.20GHz
stepping	: 3
microcode	: 0x17
cpu MHz		: 2200.000
cache size	: 2048 KB
physical id	: 0
siblings	: 2
core id		: 0
cpu cores	: 2
apicid		: 0
initial apicid	: 0
fpu		: yes
fpu_exception	: yes
cpuid level	: 13
wp		: yes
flags		: fpu vme de pse tsc msr pae mce cx8 apic sep mtrr pge mca cmov pat pse36 clflush dts acpi mmx fxsr sse sse2 ss ht tm pbe syscall nx pdpe1gb rdtscp lm constant_tsc arch_perfmon pebs bts rep_good nopl xtopology nonstop_tsc aperfmperf eagerfpu pni pclmulqdq dtes64 monitor ds_cpl vmx est tm2 ssse3 sdbg cx16 xtpr pdcm pcid sse4_1 sse4_2 movbe popcnt tsc_deadline_timer xsave rdrand lahf_lm abm epb tpr_shadow vnmi flexpriority ept vpid fsgsbase tsc_adjust erms invpcid xsaveopt dtherm arat pln pts
bugs		:
bogomips	: 4390.10
clflush size	: 64
cache_alignment	: 64
address sizes	: 39 bits physical, 48 bits virtual
power management:

processor	: 1
vendor_id	: GenuineIntel
cpu family	: 6
model		: 60
model name	: Intel(R) Celeron(R) CPU 2970M @ 2.20GHz
stepping	: 3
microcode	: 0x17
cpu MHz		: 2199.914
cache size	: 2048 KB
physical id	: 0
siblings	: 2
core id		: 1
cpu cores	: 2
apicid		: 2
initial apicid	: 2
fpu		: yes
fpu_exception	: yes
cpuid level	: 13
wp		: yes
flags		: fpu vme de pse tsc msr pae mce cx8 apic sep mtrr pge mca cmov pat pse36 clflush dts acpi mmx fxsr sse sse2 ss ht tm pbe syscall nx pdpe1gb rdtscp lm constant_tsc arch_perfmon pebs bts rep_good nopl xtopology nonstop_tsc aperfmperf eagerfpu pni pclmulqdq dtes64 monitor ds_cpl vmx est tm2 ssse3 sdbg cx16 xtpr pdcm pcid sse4_1 sse4_2 movbe popcnt tsc_deadline_timer xsave rdrand lahf_lm abm epb tpr_shadow vnmi flexpriority ept vpid fsgsbase tsc_adjust erms invpcid xsaveopt dtherm arat pln pts
bugs		:
bogomips	: 4390.10
clflush size	: 64
cache_alignment	: 64
address sizes	: 39 bits physical, 48 bits virtual
power management:



Memory: 4k page, physical 6030368k(3560880k free), swap 6209532k(6209532k free)

vm_info: OpenJDK 64-Bit Server VM (25.111-b14) for linux-amd64 JRE (1.8.0_111-8u111-b14-2ubuntu0.16.04.2-b14), built on Oct 27 2016 18:10:19 by "buildd" with gcc 5.4.0 20160609

time: Wed Nov 16 09:06:59 2016
elapsed time: 2 seconds (0d 0h 0m 2s)

