#
# A fatal error has been detected by the Java Runtime Environment:
#
#  SIGSEGV (0xb) at pc=0x08092318, pid=18096, tid=3045598976
#
# JRE version: OpenJDK Runtime Environment (7.0_111-b01) (build 1.7.0_111-b01)
# Java VM: OpenJDK Server VM (24.111-b01 mixed mode linux-x86 )
# Derivative: IcedTea 2.6.7
# Distribution: Ubuntu 14.04 LTS, package 7u111-2.6.7-0ubuntu0.14.04.3
# Problematic frame:
# C  [exe_projectRobotran+0x4a318]  ctrlGr4::SearchGraph::computePath(int, int)+0x128
#
# Failed to write core dump. Core dumps have been disabled. To enable core dumping, try "ulimit -c unlimited" before starting Java again
#
# If you would like to submit a bug report, please include
# instructions on how to reproduce the bug and visit:
#   http://icedtea.classpath.org/bugzilla
# The crash happened outside the Java Virtual Machine in native code.
# See problematic frame for where to report the bug.
#

---------------  T H R E A D  ---------------

Current thread (0x08247000):  JavaThread "main" [_thread_in_native, id=18096, stack(0xbf9ce000,0xbfa1e000)]

siginfo:si_signo=SIGSEGV: si_errno=0, si_code=1 (SEGV_MAPERR), si_addr=0x0000002c

Registers:
EAX=0x00000000, EBX=0x00000000, ECX=0x08971528, EDX=0x00000004
ESP=0xbfa1cca0, EBP=0xbfa1cd08, ESI=0xbfa1cd54, EDI=0x0896e660
EIP=0x08092318, EFLAGS=0x00010246, CR2=0x0000002c

Top of Stack: (sp=0xbfa1cca0)
0xbfa1cca0:   bfa1cccc 0896e65c 089714e8 080a4fec
0xbfa1ccb0:   bfa1ccdc bfa1ccda 0896e6c8 b6223000
0xbfa1ccc0:   b6223420 bfa1cccc 0896e65c 08971628
0xbfa1ccd0:   bfa1ccec 0896e65c 0896e660 bfa1cd18
0xbfa1cce0:   b60ee837 b6324000 00000018 b628e8b7
0xbfa1ccf0:   00000018 00000000 3ff00000 08971588
0xbfa1cd00:   08971608 08971480 bfa1cd78 08091454
0xbfa1cd10:   bfa1cd54 0896e658 00000001 00000004 

Instructions: (pc=0x08092318)
0x080922f8:   ec 4f 0a 08 89 4c 24 08 89 44 24 04 8b 45 bc 89
0x08092308:   04 24 e8 71 02 00 00 83 ec 04 8d b6 00 00 00 00
0x08092318:   8b 7b 2c c7 44 24 04 00 00 00 00 89 1c 24 e8 85
0x08092328:   fa ff ff 3b 7d 14 75 e8 8b 55 10 8d 45 dc 8b 4d 

Register to memory mapping:

EAX=0x00000000 is an unknown value
EBX=0x00000000 is an unknown value
ECX=0x08971528 is an unknown value
EDX=0x00000004 is an unknown value
ESP=0xbfa1cca0 is pointing into the stack for thread: 0x08247000
EBP=0xbfa1cd08 is pointing into the stack for thread: 0x08247000
ESI=0xbfa1cd54 is pointing into the stack for thread: 0x08247000
EDI=0x0896e660 is an unknown value


Stack: [0xbf9ce000,0xbfa1e000],  sp=0xbfa1cca0,  free space=315k
Native frames: (J=compiled Java code, j=interpreted, Vv=VM code, C=native code)
C  [exe_projectRobotran+0x4a318]  ctrlGr4::SearchGraph::computePath(int, int)+0x128
C  [exe_projectRobotran+0x49454]  ctrlGr4::controller_loop(ctrlGr4::CtrlStruct*)+0x2e4


---------------  P R O C E S S  ---------------

Java Threads: ( => current thread )
  0x085cc400 JavaThread "J3D-InputDeviceScheduler-1" [_thread_blocked, id=18128, stack(0x64a1d000,0x64a6e000)]
  0x085c8400 JavaThread "J3D-SoundSchedulerUpdateThread-1" [_thread_blocked, id=18127, stack(0x64a6e000,0x64abf000)]
  0x085c6800 JavaThread "J3D-RenderStructureUpdateThread-1" [_thread_blocked, id=18126, stack(0x64abf000,0x64b10000)]
  0x087f6400 JavaThread "J3D-BehaviorScheduler-1" [_thread_blocked, id=18125, stack(0x64d5e000,0x64daf000)]
  0x0859c400 JavaThread "J3D-TransformStructureUpdateThread-1" [_thread_blocked, id=18124, stack(0x64daf000,0x64e00000)]
  0x089ca800 JavaThread "J3D-RenderingEnvironmentStructureUpdateThread-1" [_thread_blocked, id=18123, stack(0x64f0d000,0x64f5e000)]
  0x089da400 JavaThread "J3D-SoundStructureUpdateThread-1" [_thread_blocked, id=18122, stack(0x64f5e000,0x64faf000)]
  0x088e1400 JavaThread "J3D-GeometryStructureUpdateThread-1" [_thread_blocked, id=18121, stack(0x64faf000,0x65000000)]
  0x088e0800 JavaThread "J3D-BehaviorStructureUpdateThread-1" [_thread_blocked, id=18120, stack(0x65146000,0x65197000)]
  0x088eec00 JavaThread "AWT-EventQueue-0" [_thread_blocked, id=18119, stack(0x6550f000,0x65560000)]
  0x088ee400 JavaThread "AWT-Shutdown" [_thread_blocked, id=18118, stack(0x653af000,0x65400000)]
  0x087b8800 JavaThread "Image Fetcher 0" daemon [_thread_blocked, id=18117, stack(0x6535e000,0x653af000)]
  0x087bb800 JavaThread "Timer-0" daemon [_thread_blocked, id=18114, stack(0x65560000,0x655b1000)]
  0x08757800 JavaThread "J3D-Renderer-1" [_thread_blocked, id=18113, stack(0x65ca0000,0x65cf1000)]
  0x087a9c00 JavaThread "J3D-MasterControl-1" [_thread_in_vm, id=18112, stack(0x65cf1000,0x65d42000)]
  0x087a8000 JavaThread "J3D-NotificationThread" [_thread_blocked, id=18111, stack(0x65d42000,0x65d93000)]
  0x08795800 JavaThread "J3D-TimerThread" [_thread_blocked, id=18110, stack(0x65d93000,0x65de4000)]
  0x0875d400 JavaThread "J3D-RenderingAttributesStructureUpdateThread" [_thread_blocked, id=18109, stack(0x65de4000,0x65e35000)]
  0x084bd800 JavaThread "AWT-XAWT" daemon [_thread_in_native, id=18108, stack(0x6608e000,0x660df000)]
  0x084acc00 JavaThread "Java2D Disposer" daemon [_thread_blocked, id=18107, stack(0x660df000,0x66130000)]
  0x0836d800 JavaThread "Service Thread" daemon [_thread_blocked, id=18105, stack(0x6665c000,0x666ad000)]
  0x0836b800 JavaThread "C2 CompilerThread1" daemon [_thread_blocked, id=18104, stack(0x666ad000,0x6672e000)]
  0x08369800 JavaThread "C2 CompilerThread0" daemon [_thread_blocked, id=18103, stack(0x6672e000,0x667af000)]
  0x08368000 JavaThread "Signal Dispatcher" daemon [_thread_blocked, id=18102, stack(0x667af000,0x66800000)]
  0x08356000 JavaThread "Finalizer" daemon [_thread_blocked, id=18101, stack(0x66b00000,0x66b51000)]
  0x08351000 JavaThread "Reference Handler" daemon [_thread_blocked, id=18100, stack(0x66b51000,0x66ba2000)]
=>0x08247000 JavaThread "main" [_thread_in_native, id=18096, stack(0xbf9ce000,0xbfa1e000)]

Other Threads:
  0x0834e800 VMThread [stack: 0x66ba2000,0x66c23000] [id=18099]
  0x0836f800 WatcherThread [stack: 0x665db000,0x6665c000] [id=18106]

VM state:synchronizing (normal execution)

VM Mutex/Monitor currently owned by a thread:  ([mutex/lock_event])
[0x08240200] Threads_lock - owner thread: 0x0834e800

Heap
 PSYoungGen      total 71936K, used 15141K [0x9ae00000, 0xa2b40000, 0xaf6c0000)
  eden space 56064K, 10% used [0x9ae00000,0x9b380250,0x9e4c0000)
  from space 15872K, 59% used [0x9e4c0000,0x9ee094c0,0x9f440000)
  to   space 15616K, 0% used [0xa1c00000,0xa1c00000,0xa2b40000)
 ParOldGen       total 40960K, used 8157K [0x71cc0000, 0x744c0000, 0x9ae00000)
  object space 40960K, 19% used [0x71cc0000,0x724b7670,0x744c0000)
 PSPermGen       total 25856K, used 13948K [0x69cc0000, 0x6b600000, 0x71cc0000)
  object space 25856K, 53% used [0x69cc0000,0x6aa5f0e8,0x6b600000)

Card table byte_map: [0x69a92000,0x69cc0000] byte_map_base: 0x69743a00

Polling page: 0xb76ee000

Code Cache  [0xaf783000, 0xaf9c3000, 0xb2783000)
 total_blobs=590 nmethods=254 adapters=290 free_code_cache=48241Kb largest_free_block=49357504

Compilation events (10 events):
Event: 4.558 Thread 0x0836b800 nmethod 264 0xaf85c948 code [0xaf85ca20, 0xaf85ca70]
Event: 4.566 Thread 0x0836b800  265   !         javax.media.j3d.GeometryArrayRetained::computeBoundingBox (288 bytes)
Event: 4.579 Thread 0x0836b800 nmethod 265 0xaf860708 code [0xaf860880, 0xaf860ea4]
Event: 4.579 Thread 0x0836b800  266             javax.media.j3d.SceneGraphObject::getCapability (19 bytes)
Event: 4.580 Thread 0x0836b800 nmethod 266 0xaf85c748 code [0xaf85c820, 0xaf85c890]
Event: 4.631 Thread 0x0836b800  267             java.lang.StringBuilder::<init> (7 bytes)
Event: 4.632 Thread 0x0836b800 nmethod 267 0xaf85e308 code [0xaf85e400, 0xaf85e4d0]
Event: 4.652 Thread 0x0836b800  268             sun.java2d.loops.GraphicsPrimitive::getUniqueID (5 bytes)
Event: 4.653 Thread 0x0836b800 nmethod 268 0xaf85e188 code [0xaf85e260, 0xaf85e2b0]
Event: 4.705 Thread 0x08369800 nmethod 251% 0xaf867b88 code [0xaf868140, 0xaf86b308]

GC Heap History (10 events):
Event: 2.633 GC heap before
{Heap before GC invocations=4 (full 0):
 PSYoungGen      total 18432K, used 18416K [0x9ae00000, 0x9d200000, 0xaf6c0000)
  eden space 15872K, 100% used [0x9ae00000,0x9bd80000,0x9bd80000)
  from space 2560K, 99% used [0x9bd80000,0x9bffc080,0x9c000000)
  to   space 2560K, 0% used [0x9cf80000,0x9cf80000,0x9d200000)
 ParOldGen       total 41984K, used 12677K [0x71cc0000, 0x745c0000, 0x9ae00000)
  object space 41984K, 30% used [0x71cc0000,0x729214c0,0x745c0000)
 PSPermGen       total 16384K, used 12172K [0x69cc0000, 0x6acc0000, 0x71cc0000)
  object space 16384K, 74% used [0x69cc0000,0x6a8a3330,0x6acc0000)
Event: 2.679 GC heap after
Heap after GC invocations=4 (full 0):
 PSYoungGen      total 34304K, used 2548K [0x9ae00000, 0x9d200000, 0xaf6c0000)
  eden space 31744K, 0% used [0x9ae00000,0x9ae00000,0x9cd00000)
  from space 2560K, 99% used [0x9cf80000,0x9d1fd360,0x9d200000)
  to   space 2560K, 0% used [0x9cd00000,0x9cd00000,0x9cf80000)
 ParOldGen       total 41984K, used 22218K [0x71cc0000, 0x745c0000, 0x9ae00000)
  object space 41984K, 52% used [0x71cc0000,0x73272b48,0x745c0000)
 PSPermGen       total 16384K, used 12172K [0x69cc0000, 0x6acc0000, 0x71cc0000)
  object space 16384K, 74% used [0x69cc0000,0x6a8a3330,0x6acc0000)
}
Event: 3.060 GC heap before
{Heap before GC invocations=5 (full 0):
 PSYoungGen      total 34304K, used 34292K [0x9ae00000, 0x9d200000, 0xaf6c0000)
  eden space 31744K, 100% used [0x9ae00000,0x9cd00000,0x9cd00000)
  from space 2560K, 99% used [0x9cf80000,0x9d1fd360,0x9d200000)
  to   space 2560K, 0% used [0x9cd00000,0x9cd00000,0x9cf80000)
 ParOldGen       total 41984K, used 22218K [0x71cc0000, 0x745c0000, 0x9ae00000)
  object space 41984K, 52% used [0x71cc0000,0x73272b48,0x745c0000)
 PSPermGen       total 16384K, used 12852K [0x69cc0000, 0x6acc0000, 0x71cc0000)
  object space 16384K, 78% used [0x69cc0000,0x6a94d178,0x6acc0000)
Event: 3.101 GC heap after
Heap after GC invocations=5 (full 0):
 PSYoungGen      total 34304K, used 2554K [0x9ae00000, 0xa0b80000, 0xaf6c0000)
  eden space 31744K, 0% used [0x9ae00000,0x9ae00000,0x9cd00000)
  from space 2560K, 99% used [0x9cd00000,0x9cf7eb40,0x9cf80000)
  to   space 16128K, 0% used [0x9fbc0000,0x9fbc0000,0xa0b80000)
 ParOldGen       total 41984K, used 30189K [0x71cc0000, 0x745c0000, 0x9ae00000)
  object space 41984K, 71% used [0x71cc0000,0x73a3b768,0x745c0000)
 PSPermGen       total 16384K, used 12852K [0x69cc0000, 0x6acc0000, 0x71cc0000)
  object space 16384K, 78% used [0x69cc0000,0x6a94d178,0x6acc0000)
}
Event: 3.102 GC heap before
{Heap before GC invocations=6 (full 1):
 PSYoungGen      total 34304K, used 2554K [0x9ae00000, 0xa0b80000, 0xaf6c0000)
  eden space 31744K, 0% used [0x9ae00000,0x9ae00000,0x9cd00000)
  from space 2560K, 99% used [0x9cd00000,0x9cf7eb40,0x9cf80000)
  to   space 16128K, 0% used [0x9fbc0000,0x9fbc0000,0xa0b80000)
 ParOldGen       total 41984K, used 30189K [0x71cc0000, 0x745c0000, 0x9ae00000)
  object space 41984K, 71% used [0x71cc0000,0x73a3b768,0x745c0000)
 PSPermGen       total 16384K, used 12852K [0x69cc0000, 0x6acc0000, 0x71cc0000)
  object space 16384K, 78% used [0x69cc0000,0x6a94d178,0x6acc0000)
Event: 3.204 GC heap after
Heap after GC invocations=6 (full 1):
 PSYoungGen      total 34304K, used 0K [0x9ae00000, 0xa0b80000, 0xaf6c0000)
  eden space 31744K, 0% used [0x9ae00000,0x9ae00000,0x9cd00000)
  from space 2560K, 0% used [0x9cd00000,0x9cd00000,0x9cf80000)
  to   space 16128K, 0% used [0x9fbc0000,0x9fbc0000,0xa0b80000)
 ParOldGen       total 40960K, used 8157K [0x71cc0000, 0x744c0000, 0x9ae00000)
  object space 40960K, 19% used [0x71cc0000,0x724b7670,0x744c0000)
 PSPermGen       total 25856K, used 12848K [0x69cc0000, 0x6b600000, 0x71cc0000)
  object space 25856K, 49% used [0x69cc0000,0x6a94c208,0x6b600000)
}
Event: 3.721 GC heap before
{Heap before GC invocations=7 (full 1):
 PSYoungGen      total 34304K, used 31744K [0x9ae00000, 0xa0b80000, 0xaf6c0000)
  eden space 31744K, 100% used [0x9ae00000,0x9cd00000,0x9cd00000)
  from space 2560K, 0% used [0x9cd00000,0x9cd00000,0x9cf80000)
  to   space 16128K, 0% used [0x9fbc0000,0x9fbc0000,0xa0b80000)
 ParOldGen       total 40960K, used 8157K [0x71cc0000, 0x744c0000, 0x9ae00000)
  object space 40960K, 19% used [0x71cc0000,0x724b7670,0x744c0000)
 PSPermGen       total 25856K, used 12892K [0x69cc0000, 0x6b600000, 0x71cc0000)
  object space 25856K, 49% used [0x69cc0000,0x6a957158,0x6b600000)
Event: 3.748 GC heap after
Heap after GC invocations=7 (full 1):
 PSYoungGen      total 64256K, used 4447K [0x9ae00000, 0xa03c0000, 0xaf6c0000)
  eden space 56064K, 0% used [0x9ae00000,0x9ae00000,0x9e4c0000)
  from space 8192K, 54% used [0x9fbc0000,0xa0017d90,0xa03c0000)
  to   space 15872K, 0% used [0x9e4c0000,0x9e4c0000,0x9f440000)
 ParOldGen       total 40960K, used 8157K [0x71cc0000, 0x744c0000, 0x9ae00000)
  object space 40960K, 19% used [0x71cc0000,0x724b7670,0x744c0000)
 PSPermGen       total 25856K, used 12892K [0x69cc0000, 0x6b600000, 0x71cc0000)
  object space 25856K, 49% used [0x69cc0000,0x6a957158,0x6b600000)
}
Event: 4.380 GC heap before
{Heap before GC invocations=8 (full 1):
 PSYoungGen      total 64256K, used 60511K [0x9ae00000, 0xa03c0000, 0xaf6c0000)
  eden space 56064K, 100% used [0x9ae00000,0x9e4c0000,0x9e4c0000)
  from space 8192K, 54% used [0x9fbc0000,0xa0017d90,0xa03c0000)
  to   space 15872K, 0% used [0x9e4c0000,0x9e4c0000,0x9f440000)
 ParOldGen       total 40960K, used 8157K [0x71cc0000, 0x744c0000, 0x9ae00000)
  object space 40960K, 19% used [0x71cc0000,0x724b7670,0x744c0000)
 PSPermGen       total 25856K, used 12935K [0x69cc0000, 0x6b600000, 0x71cc0000)
  object space 25856K, 50% used [0x69cc0000,0x6a961f28,0x6b600000)
Event: 4.398 GC heap after
Heap after GC invocations=8 (full 1):
 PSYoungGen      total 71936K, used 9509K [0x9ae00000, 0xa2b40000, 0xaf6c0000)
  eden space 56064K, 0% used [0x9ae00000,0x9ae00000,0x9e4c0000)
  from space 15872K, 59% used [0x9e4c0000,0x9ee094c0,0x9f440000)
  to   space 15616K, 0% used [0xa1c00000,0xa1c00000,0xa2b40000)
 ParOldGen       total 40960K, used 8157K [0x71cc0000, 0x744c0000, 0x9ae00000)
  object space 40960K, 19% used [0x71cc0000,0x724b7670,0x744c0000)
 PSPermGen       total 25856K, used 12935K [0x69cc0000, 0x6b600000, 0x71cc0000)
  object space 25856K, 50% used [0x69cc0000,0x6a961f28,0x6b600000)
}

Deoptimization events (10 events):
Event: 3.271 Thread 0x08247000 Uncommon trap: reason=unstable_if action=reinterpret pc=0xaf826930 method=com.sun.j3d.utils.geometry.EdgeTable.<init>([I)V @ 68
Event: 3.277 Thread 0x08247000 Uncommon trap: reason=unstable_if action=reinterpret pc=0xaf83c930 method=sun.misc.FloatingDecimal.readJavaFormatString(Ljava/lang/String;)Lsun/misc/FloatingDecimal; @ 509
Event: 3.305 Thread 0x08247000 Uncommon trap: reason=unstable_if action=reinterpret pc=0xaf81c054 method=com.sun.j3d.utils.geometry.EdgeTable.<init>([I)V @ 68
Event: 4.457 Thread 0x08247000 Uncommon trap: reason=unstable_if action=reinterpret pc=0xaf83efe0 method=java.util.Properties.load0(Ljava/util/Properties$LineReader;)V @ 12
Event: 4.464 Thread 0x08247000 Uncommon trap: reason=unstable_if action=reinterpret pc=0xaf80ae48 method=java.util.ArrayList.indexOf(Ljava/lang/Object;)I @ 41
Event: 4.558 Thread 0x08247000 Uncommon trap: reason=unstable_if action=reinterpret pc=0xaf85f06c method=javax.media.j3d.GeometryArrayRetained.computeBoundingBox(I[F)V @ 30
Event: 4.641 Thread 0x08247000 Uncommon trap: reason=bimorphic action=maybe_recompile pc=0xaf837424 method=java.util.HashMap.put(Ljava/lang/Object;Ljava/lang/Object;)Ljava/lang/Object; @ 83
Event: 4.660 Thread 0x08247000 Uncommon trap: reason=bimorphic action=maybe_recompile pc=0xaf837424 method=java.util.HashMap.put(Ljava/lang/Object;Ljava/lang/Object;)Ljava/lang/Object; @ 83
Event: 4.663 Thread 0x08247000 Uncommon trap: reason=bimorphic action=maybe_recompile pc=0xaf837424 method=java.util.HashMap.put(Ljava/lang/Object;Ljava/lang/Object;)Ljava/lang/Object; @ 83
Event: 4.751 Thread 0x088eec00 Uncommon trap: reason=unstable_if action=reinterpret pc=0xaf80df9c method=java.lang.Class.getName()Ljava/lang/String; @ 6

Internal exceptions (10 events):
Event: 2.812 Thread 0x08247000 Implicit null exception at 0xaf80ba8d to 0xaf80c075
Event: 2.912 Thread 0x08247000 Implicit null exception at 0xaf80e68d to 0xaf80f0ad
Event: 2.913 Thread 0x08247000 Implicit null exception at 0xaf80e68d to 0xaf80f0ad
Event: 2.916 Thread 0x08247000 Implicit null exception at 0xaf80e68d to 0xaf80f0ad
Event: 3.268 Thread 0x08247000 Implicit null exception at 0xaf83b953 to 0xaf83bb91
Event: 4.399 Thread 0x08247000 Threw 0x9ae03690 at /build/openjdk-7-Ylwexc/openjdk-7-7u111-2.6.7/build/openjdk/hotspot/src/share/vm/prims/jvm.cpp:1322
Event: 4.458 Thread 0x08247000 Threw 0x9afce138 at /build/openjdk-7-Ylwexc/openjdk-7-7u111-2.6.7/build/openjdk/hotspot/src/share/vm/prims/jvm.cpp:1322
Event: 4.459 Thread 0x08247000 Threw 0x9afd1308 at /build/openjdk-7-Ylwexc/openjdk-7-7u111-2.6.7/build/openjdk/hotspot/src/share/vm/prims/jvm.cpp:1322
Event: 4.751 Thread 0x088eec00 Implicit null exception at 0xaf80db71 to 0xaf80df85
Event: 5.453 Thread 0x088eec00 Threw 0x9b2cfe98 at /build/openjdk-7-Ylwexc/openjdk-7-7u111-2.6.7/build/openjdk/hotspot/src/share/vm/prims/jni.cpp:747

Events (10 events):
Event: 5.496 Executing VM operation: RevokeBias
Event: 5.496 Executing VM operation: RevokeBias done
Event: 5.497 Thread 0x085c8400 Thread added: 0x085c8400
Event: 5.497 Executing VM operation: RevokeBias
Event: 5.497 Executing VM operation: RevokeBias done
Event: 5.499 loading class 0x08692688
Event: 5.499 loading class 0x08692688 done
Event: 5.503 Thread 0x085cc400 Thread added: 0x085cc400
Event: 5.503 Executing VM operation: RevokeBias
Event: 5.507 Executing VM operation: RevokeBias done


Dynamic libraries:
08048000-080b5000 r-xp 00000000 08:01 5902081    /home/gregoire/Documents/MobileRobots/MobileRobotsProject/workR/build/exe_projectRobotran
080b5000-080b6000 r--p 0006c000 08:01 5902081    /home/gregoire/Documents/MobileRobots/MobileRobotsProject/workR/build/exe_projectRobotran
080b6000-080b7000 rw-p 0006d000 08:01 5902081    /home/gregoire/Documents/MobileRobots/MobileRobotsProject/workR/build/exe_projectRobotran
08238000-08a26000 rw-p 00000000 00:00 0          [heap]
64a1d000-64a20000 ---p 00000000 00:00 0 
64a20000-64a6e000 rw-p 00000000 00:00 0          [stack:18128]
64a6e000-64a71000 ---p 00000000 00:00 0 
64a71000-64abf000 rw-p 00000000 00:00 0          [stack:18127]
64abf000-64ac2000 ---p 00000000 00:00 0 
64ac2000-64c0e000 rw-p 00000000 00:00 0          [stack:18126]
64c0e000-64d5e000 rw-s 00000000 00:04 42139697   /SYSV00000000 (deleted)
64d5e000-64d61000 ---p 00000000 00:00 0 
64d61000-64daf000 rw-p 00000000 00:00 0          [stack:18125]
64daf000-64db2000 ---p 00000000 00:00 0 
64db2000-64e00000 rw-p 00000000 00:00 0          [stack:18124]
64e00000-64ef2000 rw-p 00000000 00:00 0 
64ef2000-64f00000 ---p 00000000 00:00 0 
64f0d000-64f10000 ---p 00000000 00:00 0 
64f10000-64f5e000 rw-p 00000000 00:00 0          [stack:18123]
64f5e000-64f61000 ---p 00000000 00:00 0 
64f61000-64faf000 rw-p 00000000 00:00 0          [stack:18122]
64faf000-64fb2000 ---p 00000000 00:00 0 
64fb2000-65000000 rw-p 00000000 00:00 0          [stack:18121]
65000000-650fd000 rw-p 00000000 00:00 0 
650fd000-65100000 ---p 00000000 00:00 0 
65146000-65149000 ---p 00000000 00:00 0 
65149000-65197000 rw-p 00000000 00:00 0          [stack:18120]
65197000-651cc000 r-xp 00000000 08:01 18225272   /usr/lib/i386-linux-gnu/libtxc_dxtn_s2tc.so.0.0.0
651cc000-651cd000 r--p 00034000 08:01 18225272   /usr/lib/i386-linux-gnu/libtxc_dxtn_s2tc.so.0.0.0
651cd000-651ce000 rw-p 00035000 08:01 18225272   /usr/lib/i386-linux-gnu/libtxc_dxtn_s2tc.so.0.0.0
651ed000-651fe000 r-xp 00000000 08:01 18483846   /usr/lib/jvm/java-7-openjdk-i386/jre/lib/i386/libnio.so
651fe000-651ff000 r--p 00010000 08:01 18483846   /usr/lib/jvm/java-7-openjdk-i386/jre/lib/i386/libnio.so
651ff000-65200000 rw-p 00011000 08:01 18483846   /usr/lib/jvm/java-7-openjdk-i386/jre/lib/i386/libnio.so
65200000-652fb000 rw-p 00000000 00:00 0 
652fb000-65300000 ---p 00000000 00:00 0 
6530b000-6535b000 r-xp 00000000 08:01 18484113   /usr/lib/jvm/java-7-openjdk-i386/jre/lib/i386/libfontmanager.so
6535b000-6535d000 r--p 0004f000 08:01 18484113   /usr/lib/jvm/java-7-openjdk-i386/jre/lib/i386/libfontmanager.so
6535d000-6535e000 rw-p 00051000 08:01 18484113   /usr/lib/jvm/java-7-openjdk-i386/jre/lib/i386/libfontmanager.so
6535e000-65361000 ---p 00000000 00:00 0 
65361000-653af000 rw-p 00000000 00:00 0          [stack:18117]
653af000-653b2000 ---p 00000000 00:00 0 
653b2000-65400000 rw-p 00000000 00:00 0          [stack:18118]
65400000-65431000 rw-p 00000000 00:00 0 
65431000-65500000 ---p 00000000 00:00 0 
65504000-65508000 rw-p 00000000 00:00 0 
65508000-6550f000 r--s 00000000 08:01 18219920   /usr/lib/i386-linux-gnu/gconv/gconv-modules.cache
6550f000-65512000 ---p 00000000 00:00 0 
65512000-65560000 rw-p 00000000 00:00 0          [stack:18119]
65560000-65563000 ---p 00000000 00:00 0 
65563000-655b1000 rw-p 00000000 00:00 0          [stack:18114]
655b1000-655ba000 r-xp 00000000 08:01 18225079   /usr/lib/i386-linux-gnu/libpciaccess.so.0.11.1
655ba000-655bb000 r--p 00008000 08:01 18225079   /usr/lib/i386-linux-gnu/libpciaccess.so.0.11.1
655bb000-655bc000 rw-p 00009000 08:01 18225079   /usr/lib/i386-linux-gnu/libpciaccess.so.0.11.1
655bc000-655c7000 r-xp 00000000 08:01 18221979   /usr/lib/i386-linux-gnu/libdrm_radeon.so.1.0.1
655c7000-655c8000 r--p 0000a000 08:01 18221979   /usr/lib/i386-linux-gnu/libdrm_radeon.so.1.0.1
655c8000-655c9000 rw-p 0000b000 08:01 18221979   /usr/lib/i386-linux-gnu/libdrm_radeon.so.1.0.1
655c9000-655d0000 r-xp 00000000 08:01 18221982   /usr/lib/i386-linux-gnu/libdrm_nouveau.so.2.0.0
655d0000-655d1000 r--p 00006000 08:01 18221982   /usr/lib/i386-linux-gnu/libdrm_nouveau.so.2.0.0
655d1000-655d2000 rw-p 00007000 08:01 18221982   /usr/lib/i386-linux-gnu/libdrm_nouveau.so.2.0.0
655d2000-655f3000 r-xp 00000000 08:01 18221790   /usr/lib/i386-linux-gnu/libdrm_intel.so.1.0.0
655f3000-655f4000 r--p 00020000 08:01 18221790   /usr/lib/i386-linux-gnu/libdrm_intel.so.1.0.0
655f4000-655f5000 rw-p 00021000 08:01 18221790   /usr/lib/i386-linux-gnu/libdrm_intel.so.1.0.0
655f5000-65c1f000 r-xp 00000000 08:01 18219429   /usr/lib/i386-linux-gnu/dri/i965_dri.so
65c1f000-65c40000 r--p 00629000 08:01 18219429   /usr/lib/i386-linux-gnu/dri/i965_dri.so
65c40000-65c46000 rw-p 0064a000 08:01 18219429   /usr/lib/i386-linux-gnu/dri/i965_dri.so
65c46000-65c4c000 rw-p 00000000 00:00 0 
65c4c000-65c54000 r-xp 00000000 08:01 20841527   /lib/i386-linux-gnu/libnih-dbus.so.1.0.0
65c54000-65c55000 r--p 00007000 08:01 20841527   /lib/i386-linux-gnu/libnih-dbus.so.1.0.0
65c55000-65c56000 rw-p 00008000 08:01 20841527   /lib/i386-linux-gnu/libnih-dbus.so.1.0.0
65c56000-65c6d000 r-xp 00000000 08:01 20841529   /lib/i386-linux-gnu/libnih.so.1.0.0
65c6d000-65c6e000 r--p 00016000 08:01 20841529   /lib/i386-linux-gnu/libnih.so.1.0.0
65c6e000-65c6f000 rw-p 00017000 08:01 20841529   /lib/i386-linux-gnu/libnih.so.1.0.0
65c6f000-65c8b000 r-xp 00000000 08:01 20841579   /lib/i386-linux-gnu/libcgmanager.so.0.0.0
65c8b000-65c8c000 r--p 0001b000 08:01 20841579   /lib/i386-linux-gnu/libcgmanager.so.0.0.0
65c8c000-65c8d000 rw-p 0001c000 08:01 20841579   /lib/i386-linux-gnu/libcgmanager.so.0.0.0
65c8d000-65c9e000 r-xp 00000000 08:01 20840723   /lib/i386-linux-gnu/libudev.so.1.3.5
65c9e000-65c9f000 r--p 00010000 08:01 20840723   /lib/i386-linux-gnu/libudev.so.1.3.5
65c9f000-65ca0000 rw-p 00011000 08:01 20840723   /lib/i386-linux-gnu/libudev.so.1.3.5
65ca0000-65ca3000 ---p 00000000 00:00 0 
65ca3000-65cf1000 rw-p 00000000 00:00 0          [stack:18113]
65cf1000-65cf4000 ---p 00000000 00:00 0 
65cf4000-65d42000 rw-p 00000000 00:00 0          [stack:18112]
65d42000-65d45000 ---p 00000000 00:00 0 
65d45000-65d93000 rw-p 00000000 00:00 0          [stack:18111]
65d93000-65d96000 ---p 00000000 00:00 0 
65d96000-65de4000 rw-p 00000000 00:00 0          [stack:18110]
65de4000-65de7000 ---p 00000000 00:00 0 
65de7000-65e35000 rw-p 00000000 00:00 0          [stack:18109]
65e35000-65e43000 r-xp 00000000 08:01 18222710   /usr/lib/i386-linux-gnu/libdrm.so.2.4.0
65e43000-65e44000 r--p 0000d000 08:01 18222710   /usr/lib/i386-linux-gnu/libdrm.so.2.4.0
65e44000-65e45000 rw-p 0000e000 08:01 18222710   /usr/lib/i386-linux-gnu/libdrm.so.2.4.0
65e45000-65e49000 r-xp 00000000 08:01 18225362   /usr/lib/i386-linux-gnu/libxcb-dri2.so.0.0.0
65e49000-65e4a000 r--p 00003000 08:01 18225362   /usr/lib/i386-linux-gnu/libxcb-dri2.so.0.0.0
65e4a000-65e4b000 rw-p 00004000 08:01 18225362   /usr/lib/i386-linux-gnu/libxcb-dri2.so.0.0.0
65e4b000-65e61000 r-xp 00000000 08:01 18225366   /usr/lib/i386-linux-gnu/libxcb-glx.so.0.0.0
65e61000-65e62000 r--p 00016000 08:01 18225366   /usr/lib/i386-linux-gnu/libxcb-glx.so.0.0.0
65e62000-65e63000 rw-p 00017000 08:01 18225366   /usr/lib/i386-linux-gnu/libxcb-glx.so.0.0.0
65e63000-65e76000 r-xp 00000000 08:01 18224101   /usr/lib/i386-linux-gnu/libglapi.so.0.0.0
65e76000-65e78000 r--p 00013000 08:01 18224101   /usr/lib/i386-linux-gnu/libglapi.so.0.0.0
65e78000-65e7e000 rwxp 00015000 08:01 18224101   /usr/lib/i386-linux-gnu/libglapi.so.0.0.0
65e7e000-65ed9000 r-xp 00000000 08:01 18219640   /usr/lib/i386-linux-gnu/mesa/libGL.so.1.2.0
65ed9000-65eda000 ---p 0005b000 08:01 18219640   /usr/lib/i386-linux-gnu/mesa/libGL.so.1.2.0
65eda000-65edc000 r--p 0005b000 08:01 18219640   /usr/lib/i386-linux-gnu/mesa/libGL.so.1.2.0
65edc000-65ee1000 rwxp 0005d000 08:01 18219640   /usr/lib/i386-linux-gnu/mesa/libGL.so.1.2.0
65ee1000-65ee6000 rw-p 00000000 00:00 0 
65ee6000-65efe000 r-xp 00000000 08:01 18483833   /usr/lib/jvm/java-7-openjdk-i386/jre/lib/i386/libnet.so
65efe000-65eff000 r--p 00017000 08:01 18483833   /usr/lib/jvm/java-7-openjdk-i386/jre/lib/i386/libnet.so
65eff000-65f00000 rw-p 00018000 08:01 18483833   /usr/lib/jvm/java-7-openjdk-i386/jre/lib/i386/libnet.so
65f00000-66000000 rw-p 00000000 00:00 0 
66000000-66001000 rw-p 00000000 00:00 0 
66001000-66002000 rw-s 00000000 00:04 56930      /drm mm object (deleted)
66002000-66003000 r-xp 00000000 08:01 18224322   /usr/lib/i386-linux-gnu/libX11-xcb.so.1.0.0
66003000-66004000 r--p 00000000 08:01 18224322   /usr/lib/i386-linux-gnu/libX11-xcb.so.1.0.0
66004000-66005000 rw-p 00001000 08:01 18224322   /usr/lib/i386-linux-gnu/libX11-xcb.so.1.0.0
66005000-66007000 r-xp 00000000 08:01 18224337   /usr/lib/i386-linux-gnu/libXdamage.so.1.1.0
66007000-66008000 r--p 00001000 08:01 18224337   /usr/lib/i386-linux-gnu/libXdamage.so.1.1.0
66008000-66009000 rw-p 00002000 08:01 18224337   /usr/lib/i386-linux-gnu/libXdamage.so.1.1.0
66009000-6600a000 r-xp 00000000 08:01 18225404   /usr/lib/i386-linux-gnu/libxshmfence.so.1.0.0
6600a000-6600b000 r--p 00000000 08:01 18225404   /usr/lib/i386-linux-gnu/libxshmfence.so.1.0.0
6600b000-6600c000 rw-p 00001000 08:01 18225404   /usr/lib/i386-linux-gnu/libxshmfence.so.1.0.0
6600c000-66011000 r-xp 00000000 08:01 18225386   /usr/lib/i386-linux-gnu/libxcb-sync.so.1.0.0
66011000-66012000 r--p 00004000 08:01 18225386   /usr/lib/i386-linux-gnu/libxcb-sync.so.1.0.0
66012000-66013000 rw-p 00005000 08:01 18225386   /usr/lib/i386-linux-gnu/libxcb-sync.so.1.0.0
66013000-66015000 r-xp 00000000 08:01 18225374   /usr/lib/i386-linux-gnu/libxcb-present.so.0.0.0
66015000-66016000 r--p 00001000 08:01 18225374   /usr/lib/i386-linux-gnu/libxcb-present.so.0.0.0
66016000-66017000 rw-p 00002000 08:01 18225374   /usr/lib/i386-linux-gnu/libxcb-present.so.0.0.0
66017000-66019000 r-xp 00000000 08:01 18225364   /usr/lib/i386-linux-gnu/libxcb-dri3.so.0.0.0
66019000-6601a000 r--p 00001000 08:01 18225364   /usr/lib/i386-linux-gnu/libxcb-dri3.so.0.0.0
6601a000-6601b000 rw-p 00002000 08:01 18225364   /usr/lib/i386-linux-gnu/libxcb-dri3.so.0.0.0
6601b000-6603c000 r-xp 00000000 08:01 18352082   /usr/lib/jni/libj3dcore-ogl.so
6603c000-6603d000 rw-p 00020000 08:01 18352082   /usr/lib/jni/libj3dcore-ogl.so
6603d000-6603e000 r-xp 00000000 08:01 18484119   /usr/lib/jvm/java-7-openjdk-i386/jre/lib/i386/libjawt.so
6603e000-6603f000 r--p 00000000 08:01 18484119   /usr/lib/jvm/java-7-openjdk-i386/jre/lib/i386/libjawt.so
6603f000-66040000 rw-p 00001000 08:01 18484119   /usr/lib/jvm/java-7-openjdk-i386/jre/lib/i386/libjawt.so
66040000-66044000 r--s 00019000 08:01 5770159    /home/gregoire/Documents/MobileRobots/MobileRobotsProject/mbsysCopy/mbsyspad/lib/matlabcontrol-4.0.0.jar
66044000-66061000 r--s 0014f000 08:01 5770160    /home/gregoire/Documents/MobileRobots/MobileRobotsProject/mbsysCopy/mbsyspad/lib/swingx-all-1.6.4.jar
66061000-66063000 r--s 0004c000 08:01 5770161    /home/gregoire/Documents/MobileRobots/MobileRobotsProject/mbsysCopy/mbsyspad/lib/vecmath.jar
66063000-66071000 r--s 00193000 08:01 5770149    /home/gregoire/Documents/MobileRobots/MobileRobotsProject/mbsysCopy/mbsyspad/lib/j3dutils.jar
66071000-66073000 r--s 00018000 08:01 18483205   /usr/lib/jvm/java-7-openjdk-i386/jre/lib/jce.jar
66073000-66077000 r--s 0004f000 08:01 18484133   /usr/lib/jvm/java-7-openjdk-i386/jre/lib/jsse.jar
66077000-66083000 r--s 002c7000 08:01 5770148    /home/gregoire/Documents/MobileRobots/MobileRobotsProject/mbsysCopy/mbsyspad/lib/j3dcore.jar
66083000-6608e000 r--s 00108000 08:01 5770152    /home/gregoire/Documents/MobileRobots/MobileRobotsProject/mbsysCopy/mbsyspad/lib/jogl.jar
6608e000-66091000 ---p 00000000 00:00 0 
66091000-660df000 rw-p 00000000 00:00 0          [stack:18108]
660df000-660e2000 ---p 00000000 00:00 0 
660e2000-66130000 rw-p 00000000 00:00 0          [stack:18107]
66130000-6616c000 r-xp 00000000 08:01 20840700   /lib/i386-linux-gnu/libpcre.so.3.13.1
6616c000-6616d000 r--p 0003b000 08:01 20840700   /lib/i386-linux-gnu/libpcre.so.3.13.1
6616d000-6616e000 rw-p 0003c000 08:01 20840700   /lib/i386-linux-gnu/libpcre.so.3.13.1
6616e000-6618e000 r-xp 00000000 08:01 20841595   /lib/i386-linux-gnu/libselinux.so.1
6618e000-6618f000 r--p 0001f000 08:01 20841595   /lib/i386-linux-gnu/libselinux.so.1
6618f000-66190000 rw-p 00020000 08:01 20841595   /lib/i386-linux-gnu/libselinux.so.1
66190000-66191000 rw-p 00000000 00:00 0 
66191000-6629b000 r-xp 00000000 08:01 20841496   /lib/i386-linux-gnu/libglib-2.0.so.0.4002.0
6629b000-6629c000 r--p 00109000 08:01 20841496   /lib/i386-linux-gnu/libglib-2.0.so.0.4002.0
6629c000-6629d000 rw-p 0010a000 08:01 20841496   /lib/i386-linux-gnu/libglib-2.0.so.0.4002.0
6629d000-662c2000 r-xp 00000000 08:01 20840645   /lib/i386-linux-gnu/libexpat.so.1.6.0
662c2000-662c3000 ---p 00025000 08:01 20840645   /lib/i386-linux-gnu/libexpat.so.1.6.0
662c3000-662c5000 r--p 00025000 08:01 20840645   /lib/i386-linux-gnu/libexpat.so.1.6.0
662c5000-662c6000 rw-p 00027000 08:01 20840645   /lib/i386-linux-gnu/libexpat.so.1.6.0
662c6000-66316000 r-xp 00000000 08:01 18224739   /usr/lib/i386-linux-gnu/libgobject-2.0.so.0.4002.0
66316000-66317000 r--p 0004f000 08:01 18224739   /usr/lib/i386-linux-gnu/libgobject-2.0.so.0.4002.0
66317000-66318000 rw-p 00050000 08:01 18224739   /usr/lib/i386-linux-gnu/libgobject-2.0.so.0.4002.0
66318000-66495000 r-xp 00000000 08:01 18224711   /usr/lib/i386-linux-gnu/libgio-2.0.so.0.4002.0
66495000-66497000 r--p 0017d000 08:01 18224711   /usr/lib/i386-linux-gnu/libgio-2.0.so.0.4002.0
66497000-66498000 rw-p 0017f000 08:01 18224711   /usr/lib/i386-linux-gnu/libgio-2.0.so.0.4002.0
66498000-66499000 rw-p 00000000 00:00 0 
66499000-664d2000 r-xp 00000000 08:01 18226186   /usr/lib/i386-linux-gnu/libfontconfig.so.1.8.0
664d2000-664d3000 r--p 00039000 08:01 18226186   /usr/lib/i386-linux-gnu/libfontconfig.so.1.8.0
664d3000-664d4000 rw-p 0003a000 08:01 18226186   /usr/lib/i386-linux-gnu/libfontconfig.so.1.8.0
664d4000-6651c000 r-xp 00000000 08:01 19923017   /usr/lib/jvm/java-7-openjdk-i386/jre/lib/i386/xawt/libmawt.so
6651c000-6651d000 r--p 00048000 08:01 19923017   /usr/lib/jvm/java-7-openjdk-i386/jre/lib/i386/xawt/libmawt.so
6651d000-6651f000 rw-p 00049000 08:01 19923017   /usr/lib/jvm/java-7-openjdk-i386/jre/lib/i386/xawt/libmawt.so
6651f000-66520000 rw-p 00000000 00:00 0 
66520000-665af000 r-xp 00000000 08:01 18484117   /usr/lib/jvm/java-7-openjdk-i386/jre/lib/i386/libawt.so
665af000-665b0000 r--p 0008f000 08:01 18484117   /usr/lib/jvm/java-7-openjdk-i386/jre/lib/i386/libawt.so
665b0000-665b7000 rw-p 00090000 08:01 18484117   /usr/lib/jvm/java-7-openjdk-i386/jre/lib/i386/libawt.so
665b7000-665db000 rw-p 00000000 00:00 0 
665db000-665dc000 ---p 00000000 00:00 0 
665dc000-6665c000 rw-p 00000000 00:00 0          [stack:18106]
6665c000-6665f000 ---p 00000000 00:00 0 
6665f000-666ad000 rw-p 00000000 00:00 0          [stack:18105]
666ad000-666b0000 ---p 00000000 00:00 0 
666b0000-6672e000 rw-p 00000000 00:00 0          [stack:18104]
6672e000-66731000 ---p 00000000 00:00 0 
66731000-667af000 rw-p 00000000 00:00 0          [stack:18103]
667af000-667b2000 ---p 00000000 00:00 0 
667b2000-66800000 rw-p 00000000 00:00 0          [stack:18102]
66800000-66a00000 r--p 00000000 08:01 18227311   /usr/lib/locale/locale-archive
66a00000-66b00000 rw-p 00000000 00:00 0 
66b00000-66b03000 ---p 00000000 00:00 0 
66b03000-66b51000 rw-p 00000000 00:00 0          [stack:18101]
66b51000-66b54000 ---p 00000000 00:00 0 
66b54000-66ba2000 rw-p 00000000 00:00 0          [stack:18100]
66ba2000-66ba3000 ---p 00000000 00:00 0 
66ba3000-66c23000 rw-p 00000000 00:00 0          [stack:18099]
66c23000-66dd6000 r--s 01d3d000 08:01 18483206   /usr/lib/jvm/java-7-openjdk-i386/jre/lib/rt.jar
66dd6000-69500000 rw-p 00000000 00:00 0 
69500000-69521000 rw-p 00000000 00:00 0 
69521000-69600000 ---p 00000000 00:00 0 
69600000-69601000 r--s 00017000 08:01 5770146    /home/gregoire/Documents/MobileRobots/MobileRobotsProject/mbsysCopy/mbsyspad/lib/j3D.jar
69601000-69602000 r--s 00004000 08:01 5770145    /home/gregoire/Documents/MobileRobots/MobileRobotsProject/mbsysCopy/mbsyspad/lib/gluegen-rt.jar
69602000-69603000 r--s 00001000 08:01 5770151    /home/gregoire/Documents/MobileRobots/MobileRobotsProject/mbsysCopy/mbsyspad/lib/jnlp.jar
69603000-69606000 r-xp 00000000 08:01 18224723   /usr/lib/i386-linux-gnu/libgmodule-2.0.so.0.4002.0
69606000-69607000 r--p 00002000 08:01 18224723   /usr/lib/i386-linux-gnu/libgmodule-2.0.so.0.4002.0
69607000-69608000 rw-p 00003000 08:01 18224723   /usr/lib/i386-linux-gnu/libgmodule-2.0.so.0.4002.0
69608000-6960d000 r-xp 00000000 08:01 18224369   /usr/lib/i386-linux-gnu/libXtst.so.6.1.0
6960d000-6960e000 r--p 00004000 08:01 18224369   /usr/lib/i386-linux-gnu/libXtst.so.6.1.0
6960e000-6960f000 rw-p 00005000 08:01 18224369   /usr/lib/i386-linux-gnu/libXtst.so.6.1.0
6960f000-69611000 r-xp 00000000 08:01 18224333   /usr/lib/i386-linux-gnu/libXcomposite.so.1.0.0
69611000-69612000 r--p 00001000 08:01 18224333   /usr/lib/i386-linux-gnu/libXcomposite.so.1.0.0
69612000-69613000 rw-p 00002000 08:01 18224333   /usr/lib/i386-linux-gnu/libXcomposite.so.1.0.0
69613000-69617000 r--s 00020000 08:01 5770143    /home/gregoire/Documents/MobileRobots/MobileRobotsProject/mbsysCopy/mbsyspad/lib/commons-digester-1.8.jar
69617000-6961c000 r--s 0002a000 08:01 5770141    /home/gregoire/Documents/MobileRobots/MobileRobotsProject/mbsysCopy/mbsyspad/lib/commons-beanutils.jar
6961c000-69622000 r--s 00056000 08:01 5770147    /home/gregoire/Documents/MobileRobots/MobileRobotsProject/mbsysCopy/mbsyspad/lib/j3d-vrml97.jar
69622000-69628000 r--s 00047000 08:01 5770144    /home/gregoire/Documents/MobileRobots/MobileRobotsProject/mbsysCopy/mbsyspad/lib/flamingo.jar
69628000-69632000 r--s 000ae000 08:01 18483207   /usr/lib/jvm/java-7-openjdk-i386/jre/lib/resources.jar
69632000-69641000 r--s 0008c000 08:01 5770138    /home/gregoire/Documents/MobileRobots/MobileRobotsProject/mbsysCopy/mbsyspad/MBsysPad.jar
69641000-69700000 rw-p 00000000 00:00 0 
69700000-697fa000 rw-p 00000000 00:00 0 
697fa000-69800000 ---p 00000000 00:00 0 
69800000-69801000 r--s 00008000 08:01 5770142    /home/gregoire/Documents/MobileRobots/MobileRobotsProject/mbsysCopy/mbsyspad/lib/commons-cli-1.1.jar
69801000-69803000 r--s 0002a000 08:01 5770140    /home/gregoire/Documents/MobileRobots/MobileRobotsProject/mbsysCopy/mbsyspad/lib/MBsysComJ.jar
69803000-69807000 r--s 00085000 08:01 18751331   /usr/lib/jvm/java-7-openjdk-i386/jre/lib/ext/localedata.jar
69807000-69808000 ---p 00000000 00:00 0 
69808000-69888000 rw-p 00000000 00:00 0          [stack:18098]
69888000-69889000 ---p 00000000 00:00 0 
69889000-69916000 rw-p 00000000 00:00 0          [stack:18097]
69916000-69949000 rw-p 00000000 00:00 0 
69949000-6995d000 rw-p 00000000 00:00 0 
6995d000-6995e000 ---p 00000000 00:00 0 
6995e000-69a92000 rw-p 00000000 00:00 0 
69a92000-69a9f000 rw-p 00000000 00:00 0 
69a9f000-69ad2000 rw-p 00000000 00:00 0 
69ad2000-69ae6000 rw-p 00000000 00:00 0 
69ae6000-69ae7000 ---p 00000000 00:00 0 
69ae7000-69c1a000 rw-p 00000000 00:00 0 
69c1a000-69c5a000 rw-p 00000000 00:00 0 
69c5a000-69cbf000 rw-p 00000000 00:00 0 
69cbf000-6b600000 rw-p 00000000 00:00 0 
6b600000-71cc0000 rw-p 00000000 00:00 0 
71cc0000-744c0000 rw-p 00000000 00:00 0 
744c0000-745c0000 ---p 00000000 00:00 0 
745c0000-9ae00000 rw-p 00000000 00:00 0 
9ae00000-a2b40000 rw-p 00000000 00:00 0 
a2b40000-af6c0000 rw-p 00000000 00:00 0 
af6c0000-af6c3000 r--s 00023000 08:01 5770150    /home/gregoire/Documents/MobileRobots/MobileRobotsProject/mbsysCopy/mbsyspad/lib/jdom.jar
af6c3000-af6cc000 rw-p 00000000 00:00 0 
af6cc000-af783000 rw-p 00000000 00:00 0 
af783000-af9c3000 rwxp 00000000 00:00 0 
af9c3000-b2783000 rw-p 00000000 00:00 0 
b2783000-b278d000 r-xp 00000000 08:01 20854272   /lib/i386-linux-gnu/libnss_files-2.19.so
b278d000-b278e000 r--p 00009000 08:01 20854272   /lib/i386-linux-gnu/libnss_files-2.19.so
b278e000-b278f000 rw-p 0000a000 08:01 20854272   /lib/i386-linux-gnu/libnss_files-2.19.so
b278f000-b2799000 r-xp 00000000 08:01 20854264   /lib/i386-linux-gnu/libnss_nis-2.19.so
b2799000-b279a000 r--p 00009000 08:01 20854264   /lib/i386-linux-gnu/libnss_nis-2.19.so
b279a000-b279b000 rw-p 0000a000 08:01 20854264   /lib/i386-linux-gnu/libnss_nis-2.19.so
b279b000-b279e000 r--s 0000f000 08:01 18751219   /usr/lib/jvm/java-7-openjdk-i386/jre/lib/ext/icedtea-sound.jar
b279e000-b279f000 r--s 00002000 08:01 18751957   /usr/lib/jvm/java-7-openjdk-i386/jre/lib/ext/dnsns.jar
b279f000-b27a1000 r--s 00012000 08:01 18751958   /usr/lib/jvm/java-7-openjdk-i386/jre/lib/ext/zipfs.jar
b27a1000-b27a5000 r--s 00034000 08:01 18751956   /usr/lib/jvm/java-7-openjdk-i386/jre/lib/ext/sunjce_provider.jar
b27a5000-b27a8000 r--s 0003d000 08:01 18751212   /usr/lib/jvm/java-7-openjdk-i386/jre/lib/ext/sunpkcs11.jar
b27a8000-b27b0000 r-xp 00000000 08:01 18484132   /usr/lib/jvm/java-7-openjdk-i386/jre/lib/i386/libzip.so
b27b0000-b27b1000 r--p 00007000 08:01 18484132   /usr/lib/jvm/java-7-openjdk-i386/jre/lib/i386/libzip.so
b27b1000-b27b2000 rw-p 00008000 08:01 18484132   /usr/lib/jvm/java-7-openjdk-i386/jre/lib/i386/libzip.so
b27b2000-b27ba000 rw-s 00000000 08:01 14552362   /tmp/hsperfdata_gregoire/18096
b27ba000-b27e1000 r-xp 00000000 08:01 18483211   /usr/lib/jvm/java-7-openjdk-i386/jre/lib/i386/libjava.so
b27e1000-b27e2000 r--p 00026000 08:01 18483211   /usr/lib/jvm/java-7-openjdk-i386/jre/lib/i386/libjava.so
b27e2000-b27e3000 rw-p 00027000 08:01 18483211   /usr/lib/jvm/java-7-openjdk-i386/jre/lib/i386/libjava.so
b27e3000-b5886000 rw-p 00000000 00:00 0 
b5886000-b5899000 r-xp 00000000 08:01 20854252   /lib/i386-linux-gnu/libresolv-2.19.so
b5899000-b589a000 ---p 00013000 08:01 20854252   /lib/i386-linux-gnu/libresolv-2.19.so
b589a000-b589b000 r--p 00013000 08:01 20854252   /lib/i386-linux-gnu/libresolv-2.19.so
b589b000-b589c000 rw-p 00014000 08:01 20854252   /lib/i386-linux-gnu/libresolv-2.19.so
b589c000-b589e000 rw-p 00000000 00:00 0 
b589e000-b58a5000 r-xp 00000000 08:01 18225047   /usr/lib/i386-linux-gnu/libogg.so.0.8.1
b58a5000-b58a6000 r--p 00006000 08:01 18225047   /usr/lib/i386-linux-gnu/libogg.so.0.8.1
b58a6000-b58a7000 rw-p 00007000 08:01 18225047   /usr/lib/i386-linux-gnu/libogg.so.0.8.1
b58a7000-b58d0000 r-xp 00000000 08:01 18225321   /usr/lib/i386-linux-gnu/libvorbis.so.0.4.5
b58d0000-b58d1000 ---p 00029000 08:01 18225321   /usr/lib/i386-linux-gnu/libvorbis.so.0.4.5
b58d1000-b58d2000 r--p 00029000 08:01 18225321   /usr/lib/i386-linux-gnu/libvorbis.so.0.4.5
b58d2000-b58d3000 rw-p 0002a000 08:01 18225321   /usr/lib/i386-linux-gnu/libvorbis.so.0.4.5
b58d3000-b5a39000 r-xp 00000000 08:01 18225323   /usr/lib/i386-linux-gnu/libvorbisenc.so.2.0.8
b5a39000-b5a4a000 r--p 00165000 08:01 18225323   /usr/lib/i386-linux-gnu/libvorbisenc.so.2.0.8
b5a4a000-b5a4b000 rw-p 00176000 08:01 18225323   /usr/lib/i386-linux-gnu/libvorbisenc.so.2.0.8
b5a4b000-b5a4c000 rw-p 00000000 00:00 0 
b5a4c000-b5a7e000 r-xp 00000000 08:01 18224186   /usr/lib/i386-linux-gnu/libFLAC.so.8.3.0
b5a7e000-b5a7f000 r--p 00031000 08:01 18224186   /usr/lib/i386-linux-gnu/libFLAC.so.8.3.0
b5a7f000-b5a80000 rw-p 00032000 08:01 18224186   /usr/lib/i386-linux-gnu/libFLAC.so.8.3.0
b5a80000-b5a95000 r-xp 00000000 08:01 20854260   /lib/i386-linux-gnu/libnsl-2.19.so
b5a95000-b5a96000 r--p 00015000 08:01 20854260   /lib/i386-linux-gnu/libnsl-2.19.so
b5a96000-b5a97000 rw-p 00016000 08:01 20854260   /lib/i386-linux-gnu/libnsl-2.19.so
b5a97000-b5a99000 rw-p 00000000 00:00 0 
b5a99000-b5a9e000 r-xp 00000000 08:01 18224339   /usr/lib/i386-linux-gnu/libXdmcp.so.6.0.0
b5a9e000-b5a9f000 r--p 00004000 08:01 18224339   /usr/lib/i386-linux-gnu/libXdmcp.so.6.0.0
b5a9f000-b5aa0000 rw-p 00005000 08:01 18224339   /usr/lib/i386-linux-gnu/libXdmcp.so.6.0.0
b5aa0000-b5aa2000 r-xp 00000000 08:01 18224328   /usr/lib/i386-linux-gnu/libXau.so.6.0.0
b5aa2000-b5aa3000 r--p 00001000 08:01 18224328   /usr/lib/i386-linux-gnu/libXau.so.6.0.0
b5aa3000-b5aa4000 rw-p 00002000 08:01 18224328   /usr/lib/i386-linux-gnu/libXau.so.6.0.0
b5aa4000-b5aa9000 r-xp 00000000 08:01 18224418   /usr/lib/i386-linux-gnu/libasyncns.so.0.3.1
b5aa9000-b5aaa000 r--p 00004000 08:01 18224418   /usr/lib/i386-linux-gnu/libasyncns.so.0.3.1
b5aaa000-b5aab000 rw-p 00005000 08:01 18224418   /usr/lib/i386-linux-gnu/libasyncns.so.0.3.1
b5aab000-b5aac000 rw-p 00000000 00:00 0 
b5aac000-b5b17000 r-xp 00000000 08:01 18219697   /usr/lib/i386-linux-gnu/libsndfile.so.1.0.25
b5b17000-b5b18000 ---p 0006b000 08:01 18219697   /usr/lib/i386-linux-gnu/libsndfile.so.1.0.25
b5b18000-b5b19000 r--p 0006b000 08:01 18219697   /usr/lib/i386-linux-gnu/libsndfile.so.1.0.25
b5b19000-b5b1a000 rw-p 0006c000 08:01 18219697   /usr/lib/i386-linux-gnu/libsndfile.so.1.0.25
b5b1a000-b5b1e000 rw-p 00000000 00:00 0 
b5b1e000-b5b26000 r-xp 00000000 08:01 20841625   /lib/i386-linux-gnu/libwrap.so.0.7.6
b5b26000-b5b27000 r--p 00007000 08:01 20841625   /lib/i386-linux-gnu/libwrap.so.0.7.6
b5b27000-b5b28000 rw-p 00008000 08:01 20841625   /lib/i386-linux-gnu/libwrap.so.0.7.6
b5b28000-b5b4e000 r-xp 00000000 08:01 20841983   /lib/i386-linux-gnu/libpng12.so.0.50.0
b5b4e000-b5b4f000 r--p 00025000 08:01 20841983   /lib/i386-linux-gnu/libpng12.so.0.50.0
b5b4f000-b5b50000 rw-p 00026000 08:01 20841983   /lib/i386-linux-gnu/libpng12.so.0.50.0
b5b50000-b5b55000 r-xp 00000000 08:01 18219065   /usr/lib/i386-linux-gnu/libffi.so.6.0.1
b5b55000-b5b56000 r--p 00005000 08:01 18219065   /usr/lib/i386-linux-gnu/libffi.so.6.0.1
b5b56000-b5b57000 rw-p 00006000 08:01 18219065   /usr/lib/i386-linux-gnu/libffi.so.6.0.1
b5b57000-b5b5b000 r-xp 00000000 08:01 18219488   /usr/lib/i386-linux-gnu/libXfixes.so.3.1.0
b5b5b000-b5b5c000 r--p 00003000 08:01 18219488   /usr/lib/i386-linux-gnu/libXfixes.so.3.1.0
b5b5c000-b5b5d000 rw-p 00004000 08:01 18219488   /usr/lib/i386-linux-gnu/libXfixes.so.3.1.0
b5b5d000-b5b5e000 rw-p 00000000 00:00 0 
b5b5e000-b5b67000 r-xp 00000000 08:01 18221390   /usr/lib/i386-linux-gnu/libXrender.so.1.3.0
b5b67000-b5b68000 r--p 00008000 08:01 18221390   /usr/lib/i386-linux-gnu/libXrender.so.1.3.0
b5b68000-b5b69000 rw-p 00009000 08:01 18221390   /usr/lib/i386-linux-gnu/libXrender.so.1.3.0
b5b69000-b5b89000 r-xp 00000000 08:01 18225394   /usr/lib/i386-linux-gnu/libxcb.so.1.1.0
b5b89000-b5b8a000 r--p 0001f000 08:01 18225394   /usr/lib/i386-linux-gnu/libxcb.so.1.1.0
b5b8a000-b5b8b000 rw-p 00020000 08:01 18225394   /usr/lib/i386-linux-gnu/libxcb.so.1.1.0
b5b8b000-b5bd4000 r-xp 00000000 08:01 20841479   /lib/i386-linux-gnu/libdbus-1.so.3.7.6
b5bd4000-b5bd5000 r--p 00048000 08:01 20841479   /lib/i386-linux-gnu/libdbus-1.so.3.7.6
b5bd5000-b5bd6000 rw-p 00049000 08:01 20841479   /lib/i386-linux-gnu/libdbus-1.so.3.7.6
b5bd6000-b5bdf000 r-xp 00000000 08:01 20841505   /lib/i386-linux-gnu/libjson-c.so.2.0.0
b5bdf000-b5be0000 r--p 00008000 08:01 20841505   /lib/i386-linux-gnu/libjson-c.so.2.0.0
b5be0000-b5be1000 rw-p 00009000 08:01 20841505   /lib/i386-linux-gnu/libjson-c.so.2.0.0
b5be1000-b5c4e000 r-xp 00000000 08:01 18226821   /usr/lib/i386-linux-gnu/pulseaudio/libpulsecommon-4.0.so
b5c4e000-b5c4f000 r--p 0006c000 08:01 18226821   /usr/lib/i386-linux-gnu/pulseaudio/libpulsecommon-4.0.so
b5c4f000-b5c50000 rw-p 0006d000 08:01 18226821   /usr/lib/i386-linux-gnu/pulseaudio/libpulsecommon-4.0.so
b5c50000-b5c51000 rw-p 00000000 00:00 0 
b5c51000-b5cec000 r-xp 00000000 08:01 18227707   /usr/lib/i386-linux-gnu/libfreetype.so.6.11.1
b5cec000-b5cf0000 r--p 0009a000 08:01 18227707   /usr/lib/i386-linux-gnu/libfreetype.so.6.11.1
b5cf0000-b5cf1000 rw-p 0009e000 08:01 18227707   /usr/lib/i386-linux-gnu/libfreetype.so.6.11.1
b5cf1000-b5cf8000 r-xp 00000000 08:01 20854268   /lib/i386-linux-gnu/librt-2.19.so
b5cf8000-b5cf9000 r--p 00006000 08:01 20854268   /lib/i386-linux-gnu/librt-2.19.so
b5cf9000-b5cfa000 rw-p 00007000 08:01 20854268   /lib/i386-linux-gnu/librt-2.19.so
b5cfa000-b5d12000 r-xp 00000000 08:01 20854261   /lib/i386-linux-gnu/libpthread-2.19.so
b5d12000-b5d13000 r--p 00018000 08:01 20854261   /lib/i386-linux-gnu/libpthread-2.19.so
b5d13000-b5d14000 rw-p 00019000 08:01 20854261   /lib/i386-linux-gnu/libpthread-2.19.so
b5d14000-b5d16000 rw-p 00000000 00:00 0 
b5d16000-b5d50000 r-xp 00000000 08:01 18225398   /usr/lib/i386-linux-gnu/libxkbcommon.so.0.0.0
b5d50000-b5d51000 r--p 00039000 08:01 18225398   /usr/lib/i386-linux-gnu/libxkbcommon.so.0.0.0
b5d51000-b5d52000 rw-p 0003a000 08:01 18225398   /usr/lib/i386-linux-gnu/libxkbcommon.so.0.0.0
b5d52000-b5d53000 rw-p 00000000 00:00 0 
b5d53000-b5d57000 r-xp 00000000 08:01 18225336   /usr/lib/i386-linux-gnu/libwayland-cursor.so.0.0.0
b5d57000-b5d58000 r--p 00003000 08:01 18225336   /usr/lib/i386-linux-gnu/libwayland-cursor.so.0.0.0
b5d58000-b5d5c000 rw-p 00004000 08:01 18225336   /usr/lib/i386-linux-gnu/libwayland-cursor.so.0.0.0
b5d5c000-b5d65000 r-xp 00000000 08:01 18225334   /usr/lib/i386-linux-gnu/libwayland-client.so.0.2.0
b5d65000-b5d66000 ---p 00009000 08:01 18225334   /usr/lib/i386-linux-gnu/libwayland-client.so.0.2.0
b5d66000-b5d67000 r--p 00009000 08:01 18225334   /usr/lib/i386-linux-gnu/libwayland-client.so.0.2.0
b5d67000-b5d68000 rw-p 0000a000 08:01 18225334   /usr/lib/i386-linux-gnu/libwayland-client.so.0.2.0
b5d68000-b5d69000 r-xp 00000000 08:01 18220505   /usr/lib/i386-linux-gnu/libwayland-egl.so.1.0.0
b5d69000-b5d6a000 r--p 00000000 08:01 18220505   /usr/lib/i386-linux-gnu/libwayland-egl.so.1.0.0
b5d6a000-b5d6b000 rw-p 00001000 08:01 18220505   /usr/lib/i386-linux-gnu/libwayland-egl.so.1.0.0
b5d6b000-b5d6f000 r-xp 00000000 08:01 18224379   /usr/lib/i386-linux-gnu/libXxf86vm.so.1.0.0
b5d6f000-b5d70000 r--p 00004000 08:01 18224379   /usr/lib/i386-linux-gnu/libXxf86vm.so.1.0.0
b5d70000-b5d71000 rw-p 00005000 08:01 18224379   /usr/lib/i386-linux-gnu/libXxf86vm.so.1.0.0
b5d71000-b5d73000 r-xp 00000000 08:01 18224365   /usr/lib/i386-linux-gnu/libXss.so.1.0.0
b5d73000-b5d74000 r--p 00001000 08:01 18224365   /usr/lib/i386-linux-gnu/libXss.so.1.0.0
b5d74000-b5d75000 rw-p 00002000 08:01 18224365   /usr/lib/i386-linux-gnu/libXss.so.1.0.0
b5d75000-b5d76000 rw-p 00000000 00:00 0 
b5d76000-b5d7f000 r-xp 00000000 08:01 18226177   /usr/lib/i386-linux-gnu/libXrandr.so.2.2.0
b5d7f000-b5d80000 r--p 00008000 08:01 18226177   /usr/lib/i386-linux-gnu/libXrandr.so.2.2.0
b5d80000-b5d81000 rw-p 00009000 08:01 18226177   /usr/lib/i386-linux-gnu/libXrandr.so.2.2.0
b5d81000-b5d8f000 r-xp 00000000 08:01 18221388   /usr/lib/i386-linux-gnu/libXi.so.6.1.0
b5d8f000-b5d90000 r--p 0000e000 08:01 18221388   /usr/lib/i386-linux-gnu/libXi.so.6.1.0
b5d90000-b5d91000 rw-p 0000f000 08:01 18221388   /usr/lib/i386-linux-gnu/libXi.so.6.1.0
b5d91000-b5d93000 r-xp 00000000 08:01 18224351   /usr/lib/i386-linux-gnu/libXinerama.so.1.0.0
b5d93000-b5d94000 r--p 00001000 08:01 18224351   /usr/lib/i386-linux-gnu/libXinerama.so.1.0.0
b5d94000-b5d95000 rw-p 00002000 08:01 18224351   /usr/lib/i386-linux-gnu/libXinerama.so.1.0.0
b5d95000-b5d9e000 r-xp 00000000 08:01 18224335   /usr/lib/i386-linux-gnu/libXcursor.so.1.0.2
b5d9e000-b5d9f000 r--p 00008000 08:01 18224335   /usr/lib/i386-linux-gnu/libXcursor.so.1.0.2
b5d9f000-b5da0000 rw-p 00009000 08:01 18224335   /usr/lib/i386-linux-gnu/libXcursor.so.1.0.2
b5da0000-b5db1000 r-xp 00000000 08:01 18220240   /usr/lib/i386-linux-gnu/libXext.so.6.4.0
b5db1000-b5db2000 r--p 00010000 08:01 18220240   /usr/lib/i386-linux-gnu/libXext.so.6.4.0
b5db2000-b5db3000 rw-p 00011000 08:01 18220240   /usr/lib/i386-linux-gnu/libXext.so.6.4.0
b5db3000-b5db4000 rw-p 00000000 00:00 0 
b5db4000-b5ee4000 r-xp 00000000 08:01 18224324   /usr/lib/i386-linux-gnu/libX11.so.6.3.0
b5ee4000-b5ee5000 r--p 00130000 08:01 18224324   /usr/lib/i386-linux-gnu/libX11.so.6.3.0
b5ee5000-b5ee7000 rw-p 00131000 08:01 18224324   /usr/lib/i386-linux-gnu/libX11.so.6.3.0
b5ee7000-b5ee8000 rw-p 00000000 00:00 0 
b5ee8000-b5f35000 r-xp 00000000 08:01 18225116   /usr/lib/i386-linux-gnu/libpulse.so.0.16.2
b5f35000-b5f36000 r--p 0004c000 08:01 18225116   /usr/lib/i386-linux-gnu/libpulse.so.0.16.2
b5f36000-b5f37000 rw-p 0004d000 08:01 18225116   /usr/lib/i386-linux-gnu/libpulse.so.0.16.2
b5f37000-b5f3a000 r-xp 00000000 08:01 18225114   /usr/lib/i386-linux-gnu/libpulse-simple.so.0.0.4
b5f3a000-b5f3b000 r--p 00002000 08:01 18225114   /usr/lib/i386-linux-gnu/libpulse-simple.so.0.0.4
b5f3b000-b5f3c000 rw-p 00003000 08:01 18225114   /usr/lib/i386-linux-gnu/libpulse-simple.so.0.0.4
b5f3c000-b602d000 r-xp 00000000 08:01 18224410   /usr/lib/i386-linux-gnu/libasound.so.2.0.0
b602d000-b6031000 r--p 000f0000 08:01 18224410   /usr/lib/i386-linux-gnu/libasound.so.2.0.0
b6031000-b6032000 rw-p 000f4000 08:01 18224410   /usr/lib/i386-linux-gnu/libasound.so.2.0.0
b6032000-b6056000 r-xp 00000000 08:01 20841512   /lib/i386-linux-gnu/liblzma.so.5.0.0
b6056000-b6057000 r--p 00023000 08:01 20841512   /lib/i386-linux-gnu/liblzma.so.5.0.0
b6057000-b6058000 rw-p 00024000 08:01 20841512   /lib/i386-linux-gnu/liblzma.so.5.0.0
b6058000-b6059000 rw-p 00000000 00:00 0 
b6059000-b6071000 r-xp 00000000 08:01 20841628   /lib/i386-linux-gnu/libz.so.1.2.8
b6071000-b6072000 r--p 00017000 08:01 20841628   /lib/i386-linux-gnu/libz.so.1.2.8
b6072000-b6073000 rw-p 00018000 08:01 20841628   /lib/i386-linux-gnu/libz.so.1.2.8
b6073000-b6076000 r-xp 00000000 08:01 20854256   /lib/i386-linux-gnu/libdl-2.19.so
b6076000-b6077000 r--p 00002000 08:01 20854256   /lib/i386-linux-gnu/libdl-2.19.so
b6077000-b6078000 rw-p 00003000 08:01 20854256   /lib/i386-linux-gnu/libdl-2.19.so
b6078000-b6220000 r-xp 00000000 08:01 20854269   /lib/i386-linux-gnu/libc-2.19.so
b6220000-b6221000 ---p 001a8000 08:01 20854269   /lib/i386-linux-gnu/libc-2.19.so
b6221000-b6223000 r--p 001a8000 08:01 20854269   /lib/i386-linux-gnu/libc-2.19.so
b6223000-b6224000 rw-p 001aa000 08:01 20854269   /lib/i386-linux-gnu/libc-2.19.so
b6224000-b6227000 rw-p 00000000 00:00 0 
b6227000-b6243000 r-xp 00000000 08:01 20841980   /lib/i386-linux-gnu/libgcc_s.so.1
b6243000-b6244000 rw-p 0001b000 08:01 20841980   /lib/i386-linux-gnu/libgcc_s.so.1
b6244000-b6320000 r-xp 00000000 08:01 18223271   /usr/lib/i386-linux-gnu/libstdc++.so.6.0.19
b6320000-b6324000 r--p 000dc000 08:01 18223271   /usr/lib/i386-linux-gnu/libstdc++.so.6.0.19
b6324000-b6325000 rw-p 000e0000 08:01 18223271   /usr/lib/i386-linux-gnu/libstdc++.so.6.0.19
b6325000-b632d000 rw-p 00000000 00:00 0 
b632d000-b6371000 r-xp 00000000 08:01 20854254   /lib/i386-linux-gnu/libm-2.19.so
b6371000-b6372000 r--p 00043000 08:01 20854254   /lib/i386-linux-gnu/libm-2.19.so
b6372000-b6373000 rw-p 00044000 08:01 20854254   /lib/i386-linux-gnu/libm-2.19.so
b6373000-b6d70000 r-xp 00000000 08:01 18483215   /usr/lib/jvm/java-7-openjdk-i386/jre/lib/i386/server/libjvm.so
b6d70000-b6d71000 ---p 009fd000 08:01 18483215   /usr/lib/jvm/java-7-openjdk-i386/jre/lib/i386/server/libjvm.so
b6d71000-b6dc3000 r--p 009fd000 08:01 18483215   /usr/lib/jvm/java-7-openjdk-i386/jre/lib/i386/server/libjvm.so
b6dc3000-b6dd7000 rw-p 00a4f000 08:01 18483215   /usr/lib/jvm/java-7-openjdk-i386/jre/lib/i386/server/libjvm.so
b6dd7000-b71f4000 rw-p 00000000 00:00 0 
b71f4000-b71fa000 r-xp 00000000 08:01 18240492   /usr/lib/i386-linux-gnu/libSDL2_ttf-2.0.so.0.10.2
b71fa000-b71fb000 r--p 00005000 08:01 18240492   /usr/lib/i386-linux-gnu/libSDL2_ttf-2.0.so.0.10.2
b71fb000-b71fc000 rw-p 00006000 08:01 18240492   /usr/lib/i386-linux-gnu/libSDL2_ttf-2.0.so.0.10.2
b71fc000-b7308000 r-xp 00000000 08:01 18240490   /usr/lib/i386-linux-gnu/libSDL2-2.0.so.0.2.0
b7308000-b730b000 r--p 0010b000 08:01 18240490   /usr/lib/i386-linux-gnu/libSDL2-2.0.so.0.2.0
b730b000-b730e000 rw-p 0010e000 08:01 18240490   /usr/lib/i386-linux-gnu/libSDL2-2.0.so.0.2.0
b730e000-b7310000 rw-p 00000000 00:00 0 
b7310000-b734b000 r-xp 00000000 08:01 18219216   /usr/lib/libgslcblas.so.0.0.0
b734b000-b734c000 r--p 0003a000 08:01 18219216   /usr/lib/libgslcblas.so.0.0.0
b734c000-b734d000 rw-p 0003b000 08:01 18219216   /usr/lib/libgslcblas.so.0.0.0
b734d000-b734e000 rw-p 00000000 00:00 0 
b734e000-b7576000 r-xp 00000000 08:01 18220133   /usr/lib/libgsl.so.0.17.0
b7576000-b7577000 ---p 00228000 08:01 18220133   /usr/lib/libgsl.so.0.17.0
b7577000-b7579000 r--p 00228000 08:01 18220133   /usr/lib/libgsl.so.0.17.0
b7579000-b7587000 rw-p 0022a000 08:01 18220133   /usr/lib/libgsl.so.0.17.0
b7587000-b76db000 r-xp 00000000 08:01 18219236   /usr/lib/i386-linux-gnu/libxml2.so.2.9.1
b76db000-b76df000 r--p 00154000 08:01 18219236   /usr/lib/i386-linux-gnu/libxml2.so.2.9.1
b76df000-b76e0000 rw-p 00158000 08:01 18219236   /usr/lib/i386-linux-gnu/libxml2.so.2.9.1
b76e0000-b76e1000 rw-p 00000000 00:00 0 
b76e1000-b76e3000 r--s 00006000 08:01 18616755   /usr/share/java/java-atk-wrapper.jar
b76e3000-b76e4000 r--p 00859000 08:01 18227311   /usr/lib/locale/locale-archive
b76e4000-b76eb000 r-xp 00000000 08:01 20854259   /lib/i386-linux-gnu/libnss_compat-2.19.so
b76eb000-b76ec000 r--p 00006000 08:01 20854259   /lib/i386-linux-gnu/libnss_compat-2.19.so
b76ec000-b76ed000 rw-p 00007000 08:01 20854259   /lib/i386-linux-gnu/libnss_compat-2.19.so
b76ed000-b76ee000 rw-p 00000000 00:00 0 
b76ee000-b76ef000 r--p 00000000 00:00 0 
b76ef000-b76fd000 r-xp 00000000 08:01 18483209   /usr/lib/jvm/java-7-openjdk-i386/jre/lib/i386/libverify.so
b76fd000-b76fe000 r--p 0000d000 08:01 18483209   /usr/lib/jvm/java-7-openjdk-i386/jre/lib/i386/libverify.so
b76fe000-b76ff000 rw-p 0000e000 08:01 18483209   /usr/lib/jvm/java-7-openjdk-i386/jre/lib/i386/libverify.so
b76ff000-b7702000 rw-p 00000000 00:00 0 
b7702000-b7703000 r-xp 00000000 00:00 0          [vdso]
b7703000-b7705000 r--p 00000000 00:00 0          [vvar]
b7705000-b7725000 r-xp 00000000 08:01 20854262   /lib/i386-linux-gnu/ld-2.19.so
b7725000-b7726000 r--p 0001f000 08:01 20854262   /lib/i386-linux-gnu/ld-2.19.so
b7726000-b7727000 rw-p 00020000 08:01 20854262   /lib/i386-linux-gnu/ld-2.19.so
bf9ca000-bf9cb000 rwxp 00000000 00:00 0 
bf9ce000-bf9d1000 ---p 00000000 00:00 0 
bf9d2000-bfa1e000 rw-p 00000000 00:00 0          [stack]

VM Arguments:
jvm_args: -Djava.library.path=/usr/lib/jni 
java_command: <unknown>
Launcher Type: generic

Environment Variables:
PATH=/home/gregoire/Applications/anaconda3/bin:/usr/local/sbin:/usr/local/bin:/usr/sbin:/usr/bin:/sbin:/bin:/usr/games:/usr/local/games
SHELL=/bin/bash
DISPLAY=:0.0

Signal Handlers:
SIGSEGV: [libjvm.so+0x8191e0], sa_mask[0]=0x7ffbfeff, sa_flags=0x10000004
SIGBUS: [libjvm.so+0x8191e0], sa_mask[0]=0x7ffbfeff, sa_flags=0x10000004
SIGFPE: [libjvm.so+0x68ddb0], sa_mask[0]=0x7ffbfeff, sa_flags=0x10000004
SIGPIPE: [libjvm.so+0x68ddb0], sa_mask[0]=0x7ffbfeff, sa_flags=0x10000004
SIGXFSZ: [libjvm.so+0x68ddb0], sa_mask[0]=0x7ffbfeff, sa_flags=0x10000004
SIGILL: [libjvm.so+0x68ddb0], sa_mask[0]=0x7ffbfeff, sa_flags=0x10000004
SIGUSR1: SIG_DFL, sa_mask[0]=0x00000000, sa_flags=0x00000000
SIGUSR2: [libjvm.so+0x68df10], sa_mask[0]=0x00000000, sa_flags=0x10000004
SIGHUP: [libjvm.so+0x68de70], sa_mask[0]=0x7ffbfeff, sa_flags=0x10000004
SIGINT: [libjvm.so+0x68de70], sa_mask[0]=0x7ffbfeff, sa_flags=0x10000004
SIGTERM: [libjvm.so+0x68de70], sa_mask[0]=0x7ffbfeff, sa_flags=0x10000004
SIGQUIT: [libjvm.so+0x68de70], sa_mask[0]=0x7ffbfeff, sa_flags=0x10000004
SIGTRAP: SIG_DFL, sa_mask[0]=0x00000000, sa_flags=0x00000000


---------------  S Y S T E M  ---------------

OS:Ubuntu 14.04 (trusty)
uname:Linux 3.16.0-59-generic #79~14.04.1-Ubuntu SMP Mon Jan 18 15:39:06 UTC 2016 i686
libc:glibc 2.19 NPTL 2.19 
rlimit: STACK 8192k, CORE 0k, NPROC 31352, NOFILE 4096, AS infinity
load average:0.86 0.67 0.51

/proc/meminfo:
MemTotal:        4032724 kB
MemFree:         1236944 kB
MemAvailable:    2679676 kB
Buffers:          493884 kB
Cached:          1128948 kB
SwapCached:          172 kB
Active:          1870188 kB
Inactive:         681272 kB
Active(anon):     896952 kB
Inactive(anon):   115652 kB
Active(file):     973236 kB
Inactive(file):   565620 kB
Unevictable:           0 kB
Mlocked:               0 kB
HighTotal:       3170056 kB
HighFree:        1174216 kB
LowTotal:         862668 kB
LowFree:           62728 kB
SwapTotal:       4075516 kB
SwapFree:        4075300 kB
Dirty:              1144 kB
Writeback:             0 kB
AnonPages:        928492 kB
Mapped:           298872 kB
Shmem:             83976 kB
Slab:             200440 kB
SReclaimable:     181876 kB
SUnreclaim:        18564 kB
KernelStack:        3208 kB
PageTables:         8824 kB
NFS_Unstable:          0 kB
Bounce:                0 kB
WritebackTmp:          0 kB
CommitLimit:     6091876 kB
Committed_AS:    3548928 kB
VmallocTotal:     122880 kB
VmallocUsed:       19388 kB
VmallocChunk:      82208 kB
AnonHugePages:    428032 kB
HugePages_Total:       0
HugePages_Free:        0
HugePages_Rsvd:        0
HugePages_Surp:        0
Hugepagesize:       2048 kB
DirectMap4k:       17400 kB
DirectMap2M:      890880 kB


CPU:total 2 (2 cores per cpu, 1 threads per core) family 6 model 55 stepping 8, cmov, cx8, fxsr, mmx, sse, sse2, sse3, ssse3, sse4.1, sse4.2, popcnt, erms, tsc, tscinvbit

/proc/cpuinfo:
processor	: 0
vendor_id	: GenuineIntel
cpu family	: 6
model		: 55
model name	: Intel(R) Celeron(R) CPU  N2840  @ 2.16GHz
stepping	: 8
microcode	: 0x809
cpu MHz		: 2582.293
cache size	: 1024 KB
physical id	: 0
siblings	: 2
core id		: 0
cpu cores	: 2
apicid		: 0
initial apicid	: 0
fdiv_bug	: no
f00f_bug	: no
coma_bug	: no
fpu		: yes
fpu_exception	: yes
cpuid level	: 11
wp		: yes
flags		: fpu vme de pse tsc msr pae mce cx8 apic sep mtrr pge mca cmov pat pse36 clflush dts acpi mmx fxsr sse sse2 ss ht tm pbe nx rdtscp lm constant_tsc arch_perfmon pebs bts xtopology nonstop_tsc aperfmperf pni pclmulqdq dtes64 monitor ds_cpl vmx est tm2 ssse3 cx16 xtpr pdcm sse4_1 sse4_2 movbe popcnt tsc_deadline_timer rdrand lahf_lm 3dnowprefetch ida arat epb dtherm tpr_shadow vnmi flexpriority ept vpid tsc_adjust smep erms
bogomips	: 4326.40
clflush size	: 64
cache_alignment	: 64
address sizes	: 36 bits physical, 48 bits virtual
power management:

processor	: 1
vendor_id	: GenuineIntel
cpu family	: 6
model		: 55
model name	: Intel(R) Celeron(R) CPU  N2840  @ 2.16GHz
stepping	: 8
microcode	: 0x809
cpu MHz		: 2582.293
cache size	: 1024 KB
physical id	: 0
siblings	: 2
core id		: 1
cpu cores	: 2
apicid		: 2
initial apicid	: 2
fdiv_bug	: no
f00f_bug	: no
coma_bug	: no
fpu		: yes
fpu_exception	: yes
cpuid level	: 11
wp		: yes
flags		: fpu vme de pse tsc msr pae mce cx8 apic sep mtrr pge mca cmov pat pse36 clflush dts acpi mmx fxsr sse sse2 ss ht tm pbe nx rdtscp lm constant_tsc arch_perfmon pebs bts xtopology nonstop_tsc aperfmperf pni pclmulqdq dtes64 monitor ds_cpl vmx est tm2 ssse3 cx16 xtpr pdcm sse4_1 sse4_2 movbe popcnt tsc_deadline_timer rdrand lahf_lm 3dnowprefetch ida arat epb dtherm tpr_shadow vnmi flexpriority ept vpid tsc_adjust smep erms
bogomips	: 4326.40
clflush size	: 64
cache_alignment	: 64
address sizes	: 36 bits physical, 48 bits virtual
power management:



Memory: 4k page, physical 4032724k(1236944k free), swap 4075516k(4075300k free)

vm_info: OpenJDK Server VM (24.111-b01) for linux-x86 JRE (1.7.0_111-b01), built on Aug 12 2016 05:32:15 by "buildd" with gcc 4.8.4

time: Wed Nov 16 10:11:40 2016
elapsed time: 5 seconds

