#
# A fatal error has been detected by the Java Runtime Environment:
#
#  SIGSEGV (0xb) at pc=0x08092477, pid=17656, tid=3045713664
#
# JRE version: OpenJDK Runtime Environment (7.0_111-b01) (build 1.7.0_111-b01)
# Java VM: OpenJDK Server VM (24.111-b01 mixed mode linux-x86 )
# Derivative: IcedTea 2.6.7
# Distribution: Ubuntu 14.04 LTS, package 7u111-2.6.7-0ubuntu0.14.04.3
# Problematic frame:
# C  [exe_projectRobotran+0x4a477]  ctrlGr4::SearchGraph::computePath(int, int)+0x137
#
# Failed to write core dump. Core dumps have been disabled. To enable core dumping, try "ulimit -c unlimited" before starting Java again
#
# If you would like to submit a bug report, please include
# instructions on how to reproduce the bug and visit:
#   http://icedtea.classpath.org/bugzilla
# The crash happened outside the Java Virtual Machine in native code.
# See problematic frame for where to report the bug.
#

---------------  T H R E A D  ---------------

Current thread (0x08945000):  JavaThread "main" [_thread_in_native, id=17656, stack(0xbfd14000,0xbfd64000)]

siginfo:si_signo=SIGSEGV: si_errno=0, si_code=1 (SEGV_MAPERR), si_addr=0x0000002c

Registers:
EAX=0x00000000, EBX=0x00000000, ECX=0x00000004, EDX=0x08f6fb18
ESP=0xbfd62030, EBP=0xbfd620c8, ESI=0xbfd6206c, EDI=0x08f6ef98
EIP=0x08092477, EFLAGS=0x00010246, CR2=0x0000002c

Top of Stack: (sp=0xbfd62030)
0xbfd62030:   bfd6206c 08f6ef9c 08f6f000 080a5694
0xbfd62040:   bfd6207c bfd62071 00000000 00000038
0xbfd62050:   00000000 08f6fa28 00000000 0000006e
0xbfd62060:   00000000 00000077 08f6efa0 08f6fc18
0xbfd62070:   08f6fa90 08f6f9c0 08f6efc0 bfd620d8
0xbfd62080:   b623f420 08f6efc0 bfd62138 b610a888
0xbfd62090:   bfd620ac 08f6ef9c 08f6efa0 080a5694
0xbfd620a0:   00000000 00000000 00000000 b62aa8b7 

Instructions: (pc=0x08092477)
0x08092457:   54 24 08 89 5c 24 04 89 34 24 e8 ca 05 00 00 8b
0x08092467:   55 a4 83 ec 04 8b 42 14 31 db 89 45 8c 8b 45 90
0x08092477:   8b 70 2c c7 44 24 04 00 00 00 00 89 04 24 89 75
0x08092487:   9c e8 73 fa ff ff 8b 45 9c 3b 45 14 0f 84 30 03 

Register to memory mapping:

EAX=0x00000000 is an unknown value
EBX=0x00000000 is an unknown value
ECX=0x00000004 is an unknown value
EDX=0x08f6fb18 is an unknown value
ESP=0xbfd62030 is pointing into the stack for thread: 0x08945000
EBP=0xbfd620c8 is pointing into the stack for thread: 0x08945000
ESI=0xbfd6206c is pointing into the stack for thread: 0x08945000
EDI=0x08f6ef98 is an unknown value


Stack: [0xbfd14000,0xbfd64000],  sp=0xbfd62030,  free space=312k
Native frames: (J=compiled Java code, j=interpreted, Vv=VM code, C=native code)
C  [exe_projectRobotran+0x4a477]  ctrlGr4::SearchGraph::computePath(int, int)+0x137
C  [exe_projectRobotran+0x495d4]  ctrlGr4::controller_loop(ctrlGr4::CtrlStruct*)+0x2e4


---------------  P R O C E S S  ---------------

Java Threads: ( => current thread )
  0x08f64800 JavaThread "J3D-InputDeviceScheduler-1" [_thread_in_vm, id=17689, stack(0x64ad4000,0x64b25000)]
  0x090d7c00 JavaThread "J3D-SoundSchedulerUpdateThread-1" [_thread_blocked, id=17688, stack(0x64d73000,0x64dc4000)]
  0x090e8000 JavaThread "J3D-RenderStructureUpdateThread-1" [_thread_blocked, id=17687, stack(0x64dc4000,0x64e15000)]
  0x08d00000 JavaThread "J3D-BehaviorScheduler-1" [_thread_blocked, id=17686, stack(0x64e15000,0x64e66000)]
  0x0906a800 JavaThread "J3D-TransformStructureUpdateThread-1" [_thread_blocked, id=17685, stack(0x64e66000,0x64eb7000)]
  0x08c92800 JavaThread "J3D-RenderingEnvironmentStructureUpdateThread-1" [_thread_blocked, id=17684, stack(0x64eb7000,0x64f08000)]
  0x09068800 JavaThread "J3D-SoundStructureUpdateThread-1" [_thread_blocked, id=17683, stack(0x64f08000,0x64f59000)]
  0x09068400 JavaThread "J3D-GeometryStructureUpdateThread-1" [_thread_blocked, id=17682, stack(0x64f59000,0x64faa000)]
  0x08d01400 JavaThread "J3D-BehaviorStructureUpdateThread-1" [_thread_blocked, id=17681, stack(0x63d23000,0x63d74000)]
  0x08ffe400 JavaThread "AWT-EventQueue-0" [_thread_blocked, id=17679, stack(0x6552b000,0x6557c000)]
  0x08ffdc00 JavaThread "AWT-Shutdown" [_thread_blocked, id=17678, stack(0x653af000,0x65400000)]
  0x08e77000 JavaThread "Image Fetcher 0" daemon [_thread_blocked, id=17677, stack(0x6535e000,0x653af000)]
  0x08ec1800 JavaThread "Timer-0" daemon [_thread_blocked, id=17674, stack(0x6557c000,0x655cd000)]
  0x08e5bc00 JavaThread "J3D-Renderer-1" [_thread_blocked, id=17673, stack(0x65cbc000,0x65d0d000)]
  0x08ea0400 JavaThread "J3D-MasterControl-1" [_thread_blocked, id=17672, stack(0x65d0d000,0x65d5e000)]
  0x08ea1000 JavaThread "J3D-NotificationThread" [_thread_blocked, id=17671, stack(0x65d5e000,0x65daf000)]
  0x08eaa400 JavaThread "J3D-TimerThread" [_thread_blocked, id=17670, stack(0x65daf000,0x65e00000)]
  0x08e45000 JavaThread "J3D-RenderingAttributesStructureUpdateThread" [_thread_blocked, id=17669, stack(0x65e00000,0x65e51000)]
  0x08bbb800 JavaThread "AWT-XAWT" daemon [_thread_blocked, id=17668, stack(0x660ac000,0x660fd000)]
  0x08baac00 JavaThread "Java2D Disposer" daemon [_thread_blocked, id=17667, stack(0x660fd000,0x6614e000)]
  0x08a6b800 JavaThread "Service Thread" daemon [_thread_blocked, id=17665, stack(0x666ad000,0x666fe000)]
  0x08a69800 JavaThread "C2 CompilerThread1" daemon [_thread_blocked, id=17664, stack(0x666fe000,0x6677f000)]
  0x08a67800 JavaThread "C2 CompilerThread0" daemon [_thread_blocked, id=17663, stack(0x6677f000,0x66800000)]
  0x08a66000 JavaThread "Signal Dispatcher" daemon [_thread_blocked, id=17662, stack(0x66b00000,0x66b51000)]
  0x08a50c00 JavaThread "Finalizer" daemon [_thread_blocked, id=17661, stack(0x66b51000,0x66ba2000)]
  0x08a4f000 JavaThread "Reference Handler" daemon [_thread_blocked, id=17660, stack(0x6960b000,0x6965c000)]
=>0x08945000 JavaThread "main" [_thread_in_native, id=17656, stack(0xbfd14000,0xbfd64000)]

Other Threads:
  0x08a4c800 VMThread [stack: 0x66ba2000,0x66c23000] [id=17659]
  0x08a6d800 WatcherThread [stack: 0x6662c000,0x666ad000] [id=17666]

VM state:not at safepoint (normal execution)

VM Mutex/Monitor currently owned by a thread: None

Heap
 PSYoungGen      total 68608K, used 18966K [0x9ae00000, 0xa1fc0000, 0xaf6c0000)
  eden space 53248K, 18% used [0x9ae00000,0x9b778b50,0x9e200000)
  from space 15360K, 60% used [0x9e200000,0x9eb0cef0,0x9f100000)
  to   space 15104K, 0% used [0xa1100000,0xa1100000,0xa1fc0000)
 ParOldGen       total 41984K, used 8117K [0x71cc0000, 0x745c0000, 0x9ae00000)
  object space 41984K, 19% used [0x71cc0000,0x724ad490,0x745c0000)
 PSPermGen       total 25856K, used 13948K [0x69cc0000, 0x6b600000, 0x71cc0000)
  object space 25856K, 53% used [0x69cc0000,0x6aa5f180,0x6b600000)

Card table byte_map: [0x69a92000,0x69cc0000] byte_map_base: 0x69743a00

Polling page: 0xb770a000

Code Cache  [0xaf79f000, 0xaf9df000, 0xb279f000)
 total_blobs=583 nmethods=247 adapters=290 free_code_cache=48275Kb largest_free_block=49387584

Compilation events (10 events):
Event: 4.768 Thread 0x08a69800 nmethod 262 0xaf826908 code [0xaf8269e0, 0xaf826a30]
Event: 4.776 Thread 0x08a69800  263   !         javax.media.j3d.GeometryArrayRetained::computeBoundingBox (288 bytes)
Event: 4.792 Thread 0x08a69800 nmethod 263 0xaf836d48 code [0xaf836ec0, 0xaf837504]
Event: 4.792 Thread 0x08a69800  264             javax.media.j3d.SceneGraphObject::getCapability (19 bytes)
Event: 4.792 Thread 0x08a69800 nmethod 264 0xaf836bc8 code [0xaf836ca0, 0xaf836d10]
Event: 4.852 Thread 0x08a69800  265             java.lang.StringBuilder::<init> (7 bytes)
Event: 4.854 Thread 0x08a69800 nmethod 265 0xaf872488 code [0xaf872580, 0xaf872650]
Event: 4.879 Thread 0x08a69800  266             sun.java2d.loops.GraphicsPrimitive::getUniqueID (5 bytes)
Event: 4.879 Thread 0x08a69800 nmethod 266 0xaf826208 code [0xaf8262e0, 0xaf826330]
Event: 4.897 Thread 0x08a67800 nmethod 249% 0xaf87c608 code [0xaf87cbc0, 0xaf87fd88]

GC Heap History (10 events):
Event: 2.814 GC heap before
{Heap before GC invocations=4 (full 0):
 PSYoungGen      total 18432K, used 18428K [0x9ae00000, 0x9d200000, 0xaf6c0000)
  eden space 15872K, 100% used [0x9ae00000,0x9bd80000,0x9bd80000)
  from space 2560K, 99% used [0x9bd80000,0x9bfff378,0x9c000000)
  to   space 2560K, 0% used [0x9cf80000,0x9cf80000,0x9d200000)
 ParOldGen       total 41984K, used 12666K [0x71cc0000, 0x745c0000, 0x9ae00000)
  object space 41984K, 30% used [0x71cc0000,0x7291e950,0x745c0000)
 PSPermGen       total 16384K, used 12172K [0x69cc0000, 0x6acc0000, 0x71cc0000)
  object space 16384K, 74% used [0x69cc0000,0x6a8a3320,0x6acc0000)
Event: 2.861 GC heap after
Heap after GC invocations=4 (full 0):
 PSYoungGen      total 34304K, used 2554K [0x9ae00000, 0x9d200000, 0xaf6c0000)
  eden space 31744K, 0% used [0x9ae00000,0x9ae00000,0x9cd00000)
  from space 2560K, 99% used [0x9cf80000,0x9d1feb40,0x9d200000)
  to   space 2560K, 0% used [0x9cd00000,0x9cd00000,0x9cf80000)
 ParOldGen       total 41984K, used 21829K [0x71cc0000, 0x745c0000, 0x9ae00000)
  object space 41984K, 51% used [0x71cc0000,0x73211490,0x745c0000)
 PSPermGen       total 16384K, used 12172K [0x69cc0000, 0x6acc0000, 0x71cc0000)
  object space 16384K, 74% used [0x69cc0000,0x6a8a3320,0x6acc0000)
}
Event: 3.220 GC heap before
{Heap before GC invocations=5 (full 0):
 PSYoungGen      total 34304K, used 34298K [0x9ae00000, 0x9d200000, 0xaf6c0000)
  eden space 31744K, 100% used [0x9ae00000,0x9cd00000,0x9cd00000)
  from space 2560K, 99% used [0x9cf80000,0x9d1feb40,0x9d200000)
  to   space 2560K, 0% used [0x9cd00000,0x9cd00000,0x9cf80000)
 ParOldGen       total 41984K, used 21829K [0x71cc0000, 0x745c0000, 0x9ae00000)
  object space 41984K, 51% used [0x71cc0000,0x73211490,0x745c0000)
 PSPermGen       total 16384K, used 12852K [0x69cc0000, 0x6acc0000, 0x71cc0000)
  object space 16384K, 78% used [0x69cc0000,0x6a94d158,0x6acc0000)
Event: 3.257 GC heap after
Heap after GC invocations=5 (full 0):
 PSYoungGen      total 34304K, used 2550K [0x9ae00000, 0xa0a80000, 0xaf6c0000)
  eden space 31744K, 0% used [0x9ae00000,0x9ae00000,0x9cd00000)
  from space 2560K, 99% used [0x9cd00000,0x9cf7da10,0x9cf80000)
  to   space 15616K, 0% used [0x9fb40000,0x9fb40000,0xa0a80000)
 ParOldGen       total 41984K, used 29267K [0x71cc0000, 0x745c0000, 0x9ae00000)
  object space 41984K, 69% used [0x71cc0000,0x73954e30,0x745c0000)
 PSPermGen       total 16384K, used 12852K [0x69cc0000, 0x6acc0000, 0x71cc0000)
  object space 16384K, 78% used [0x69cc0000,0x6a94d158,0x6acc0000)
}
Event: 3.257 GC heap before
{Heap before GC invocations=6 (full 1):
 PSYoungGen      total 34304K, used 2550K [0x9ae00000, 0xa0a80000, 0xaf6c0000)
  eden space 31744K, 0% used [0x9ae00000,0x9ae00000,0x9cd00000)
  from space 2560K, 99% used [0x9cd00000,0x9cf7da10,0x9cf80000)
  to   space 15616K, 0% used [0x9fb40000,0x9fb40000,0xa0a80000)
 ParOldGen       total 41984K, used 29267K [0x71cc0000, 0x745c0000, 0x9ae00000)
  object space 41984K, 69% used [0x71cc0000,0x73954e30,0x745c0000)
 PSPermGen       total 16384K, used 12852K [0x69cc0000, 0x6acc0000, 0x71cc0000)
  object space 16384K, 78% used [0x69cc0000,0x6a94d158,0x6acc0000)
Event: 3.399 GC heap after
Heap after GC invocations=6 (full 1):
 PSYoungGen      total 34304K, used 0K [0x9ae00000, 0xa0a80000, 0xaf6c0000)
  eden space 31744K, 0% used [0x9ae00000,0x9ae00000,0x9cd00000)
  from space 2560K, 0% used [0x9cd00000,0x9cd00000,0x9cf80000)
  to   space 15616K, 0% used [0x9fb40000,0x9fb40000,0xa0a80000)
 ParOldGen       total 41984K, used 8117K [0x71cc0000, 0x745c0000, 0x9ae00000)
  object space 41984K, 19% used [0x71cc0000,0x724ad490,0x745c0000)
 PSPermGen       total 25856K, used 12848K [0x69cc0000, 0x6b600000, 0x71cc0000)
  object space 25856K, 49% used [0x69cc0000,0x6a94c208,0x6b600000)
}
Event: 3.873 GC heap before
{Heap before GC invocations=7 (full 1):
 PSYoungGen      total 34304K, used 31744K [0x9ae00000, 0xa0a80000, 0xaf6c0000)
  eden space 31744K, 100% used [0x9ae00000,0x9cd00000,0x9cd00000)
  from space 2560K, 0% used [0x9cd00000,0x9cd00000,0x9cf80000)
  to   space 15616K, 0% used [0x9fb40000,0x9fb40000,0xa0a80000)
 ParOldGen       total 41984K, used 8117K [0x71cc0000, 0x745c0000, 0x9ae00000)
  object space 41984K, 19% used [0x71cc0000,0x724ad490,0x745c0000)
 PSPermGen       total 25856K, used 12891K [0x69cc0000, 0x6b600000, 0x71cc0000)
  object space 25856K, 49% used [0x69cc0000,0x6a956e38,0x6b600000)
Event: 3.896 GC heap after
Heap after GC invocations=7 (full 1):
 PSYoungGen      total 57856K, used 4845K [0x9ae00000, 0xa0000000, 0xaf6c0000)
  eden space 52992K, 0% used [0x9ae00000,0x9ae00000,0x9e1c0000)
  from space 4864K, 99% used [0x9fb40000,0x9fffb4a0,0xa0000000)
  to   space 15360K, 0% used [0x9e200000,0x9e200000,0x9f100000)
 ParOldGen       total 41984K, used 8117K [0x71cc0000, 0x745c0000, 0x9ae00000)
  object space 41984K, 19% used [0x71cc0000,0x724ad490,0x745c0000)
 PSPermGen       total 25856K, used 12891K [0x69cc0000, 0x6b600000, 0x71cc0000)
  object space 25856K, 49% used [0x69cc0000,0x6a956e38,0x6b600000)
}
Event: 4.461 GC heap before
{Heap before GC invocations=8 (full 1):
 PSYoungGen      total 57856K, used 57837K [0x9ae00000, 0xa0000000, 0xaf6c0000)
  eden space 52992K, 100% used [0x9ae00000,0x9e1c0000,0x9e1c0000)
  from space 4864K, 99% used [0x9fb40000,0x9fffb4a0,0xa0000000)
  to   space 15360K, 0% used [0x9e200000,0x9e200000,0x9f100000)
 ParOldGen       total 41984K, used 8117K [0x71cc0000, 0x745c0000, 0x9ae00000)
  object space 41984K, 19% used [0x71cc0000,0x724ad490,0x745c0000)
 PSPermGen       total 25856K, used 12921K [0x69cc0000, 0x6b600000, 0x71cc0000)
  object space 25856K, 49% used [0x69cc0000,0x6a95e440,0x6b600000)
Event: 4.479 GC heap after
Heap after GC invocations=8 (full 1):
 PSYoungGen      total 68608K, used 9267K [0x9ae00000, 0xa1fc0000, 0xaf6c0000)
  eden space 53248K, 0% used [0x9ae00000,0x9ae00000,0x9e200000)
  from space 15360K, 60% used [0x9e200000,0x9eb0cef0,0x9f100000)
  to   space 15104K, 0% used [0xa1100000,0xa1100000,0xa1fc0000)
 ParOldGen       total 41984K, used 8117K [0x71cc0000, 0x745c0000, 0x9ae00000)
  object space 41984K, 19% used [0x71cc0000,0x724ad490,0x745c0000)
 PSPermGen       total 25856K, used 12921K [0x69cc0000, 0x6b600000, 0x71cc0000)
  object space 25856K, 49% used [0x69cc0000,0x6a95e440,0x6b600000)
}

Deoptimization events (10 events):
Event: 3.473 Thread 0x08945000 Uncommon trap: reason=unstable_if action=reinterpret pc=0xaf842c6c method=com.sun.j3d.utils.geometry.EdgeTable.<init>([I)V @ 68
Event: 3.479 Thread 0x08945000 Uncommon trap: reason=unstable_if action=reinterpret pc=0xaf85b970 method=sun.misc.FloatingDecimal.readJavaFormatString(Ljava/lang/String;)Lsun/misc/FloatingDecimal; @ 509
Event: 3.506 Thread 0x08945000 Uncommon trap: reason=unstable_if action=reinterpret pc=0xaf838514 method=com.sun.j3d.utils.geometry.EdgeTable.<init>([I)V @ 68
Event: 4.630 Thread 0x08945000 Uncommon trap: reason=unstable_if action=reinterpret pc=0xaf855d34 method=java.util.Properties.load0(Ljava/util/Properties$LineReader;)V @ 12
Event: 4.637 Thread 0x08945000 Uncommon trap: reason=unstable_if action=reinterpret pc=0xaf82d188 method=java.util.ArrayList.indexOf(Ljava/lang/Object;)I @ 41
Event: 4.769 Thread 0x08945000 Uncommon trap: reason=unstable_if action=reinterpret pc=0xaf8757b4 method=javax.media.j3d.GeometryArrayRetained.computeBoundingBox(I[F)V @ 30
Event: 4.868 Thread 0x08945000 Uncommon trap: reason=bimorphic action=maybe_recompile pc=0xaf851024 method=java.util.HashMap.put(Ljava/lang/Object;Ljava/lang/Object;)Ljava/lang/Object; @ 83
Event: 4.887 Thread 0x08945000 Uncommon trap: reason=bimorphic action=maybe_recompile pc=0xaf851024 method=java.util.HashMap.put(Ljava/lang/Object;Ljava/lang/Object;)Ljava/lang/Object; @ 83
Event: 4.890 Thread 0x08945000 Uncommon trap: reason=bimorphic action=maybe_recompile pc=0xaf851024 method=java.util.HashMap.put(Ljava/lang/Object;Ljava/lang/Object;)Ljava/lang/Object; @ 83
Event: 4.938 Thread 0x08ffe400 Uncommon trap: reason=unstable_if action=reinterpret pc=0xaf800c1c method=java.lang.Class.getName()Ljava/lang/String; @ 6

Internal exceptions (10 events):
Event: 2.964 Thread 0x08945000 Implicit null exception at 0xaf825f4d to 0xaf826535
Event: 3.099 Thread 0x08945000 Implicit null exception at 0xaf82894d to 0xaf82936d
Event: 3.100 Thread 0x08945000 Implicit null exception at 0xaf82894d to 0xaf82936d
Event: 3.103 Thread 0x08945000 Implicit null exception at 0xaf82894d to 0xaf82936d
Event: 3.470 Thread 0x08945000 Implicit null exception at 0xaf85e353 to 0xaf85e591
Event: 4.575 Thread 0x08945000 Threw 0x9b16fdf0 at /build/openjdk-7-Ylwexc/openjdk-7-7u111-2.6.7/build/openjdk/hotspot/src/share/vm/prims/jvm.cpp:1322
Event: 4.632 Thread 0x08945000 Threw 0x9b33dad8 at /build/openjdk-7-Ylwexc/openjdk-7-7u111-2.6.7/build/openjdk/hotspot/src/share/vm/prims/jvm.cpp:1322
Event: 4.632 Thread 0x08945000 Threw 0x9b340ca8 at /build/openjdk-7-Ylwexc/openjdk-7-7u111-2.6.7/build/openjdk/hotspot/src/share/vm/prims/jvm.cpp:1322
Event: 4.938 Thread 0x08ffe400 Implicit null exception at 0xaf8007f1 to 0xaf800c05
Event: 5.444 Thread 0x08ffe400 Threw 0x9b6d50f8 at /build/openjdk-7-Ylwexc/openjdk-7-7u111-2.6.7/build/openjdk/hotspot/src/share/vm/prims/jni.cpp:747

Events (10 events):
Event: 5.485 Executing VM operation: RevokeBias
Event: 5.485 Executing VM operation: RevokeBias done
Event: 5.486 Thread 0x090d7c00 Thread added: 0x090d7c00
Event: 5.487 Executing VM operation: RevokeBias
Event: 5.487 Executing VM operation: RevokeBias done
Event: 5.487 loading class 0x08b1d5f0
Event: 5.488 loading class 0x08b1d5f0 done
Event: 5.489 loading class 0x08d77638
Event: 5.489 loading class 0x08d77638 done
Event: 5.504 Thread 0x08f64800 Thread added: 0x08f64800


Dynamic libraries:
08048000-080b5000 r-xp 00000000 08:01 5902081    /home/gregoire/Documents/MobileRobots/MobileRobotsProject/workR/build/exe_projectRobotran
080b5000-080b6000 r--p 0006c000 08:01 5902081    /home/gregoire/Documents/MobileRobots/MobileRobotsProject/workR/build/exe_projectRobotran
080b6000-080b7000 rw-p 0006d000 08:01 5902081    /home/gregoire/Documents/MobileRobots/MobileRobotsProject/workR/build/exe_projectRobotran
08936000-0921a000 rw-p 00000000 00:00 0          [heap]
63d23000-63d26000 ---p 00000000 00:00 0 
63d26000-63d74000 rw-p 00000000 00:00 0          [stack:17681]
64ad4000-64ad7000 ---p 00000000 00:00 0 
64ad7000-64c23000 rw-p 00000000 00:00 0          [stack:17689]
64c23000-64d73000 rw-s 00000000 00:04 41582641   /SYSV00000000 (deleted)
64d73000-64d76000 ---p 00000000 00:00 0 
64d76000-64dc4000 rw-p 00000000 00:00 0          [stack:17688]
64dc4000-64dc7000 ---p 00000000 00:00 0 
64dc7000-64e15000 rw-p 00000000 00:00 0          [stack:17687]
64e15000-64e18000 ---p 00000000 00:00 0 
64e18000-64e66000 rw-p 00000000 00:00 0          [stack:17686]
64e66000-64e69000 ---p 00000000 00:00 0 
64e69000-64eb7000 rw-p 00000000 00:00 0          [stack:17685]
64eb7000-64eba000 ---p 00000000 00:00 0 
64eba000-64f08000 rw-p 00000000 00:00 0          [stack:17684]
64f08000-64f0b000 ---p 00000000 00:00 0 
64f0b000-64f59000 rw-p 00000000 00:00 0          [stack:17683]
64f59000-64f5c000 ---p 00000000 00:00 0 
64f5c000-64faa000 rw-p 00000000 00:00 0          [stack:17682]
64faa000-64fdf000 r-xp 00000000 08:01 18225272   /usr/lib/i386-linux-gnu/libtxc_dxtn_s2tc.so.0.0.0
64fdf000-64fe0000 r--p 00034000 08:01 18225272   /usr/lib/i386-linux-gnu/libtxc_dxtn_s2tc.so.0.0.0
64fe0000-64fe1000 rw-p 00035000 08:01 18225272   /usr/lib/i386-linux-gnu/libtxc_dxtn_s2tc.so.0.0.0
65000000-650eb000 rw-p 00000000 00:00 0 
650eb000-65100000 ---p 00000000 00:00 0 
65100000-651e9000 rw-p 00000000 00:00 0 
651e9000-65200000 ---p 00000000 00:00 0 
65200000-652fe000 rw-p 00000000 00:00 0 
652fe000-65300000 ---p 00000000 00:00 0 
6530b000-6535b000 r-xp 00000000 08:01 18484113   /usr/lib/jvm/java-7-openjdk-i386/jre/lib/i386/libfontmanager.so
6535b000-6535d000 r--p 0004f000 08:01 18484113   /usr/lib/jvm/java-7-openjdk-i386/jre/lib/i386/libfontmanager.so
6535d000-6535e000 rw-p 00051000 08:01 18484113   /usr/lib/jvm/java-7-openjdk-i386/jre/lib/i386/libfontmanager.so
6535e000-65361000 ---p 00000000 00:00 0 
65361000-653af000 rw-p 00000000 00:00 0          [stack:17677]
653af000-653b2000 ---p 00000000 00:00 0 
653b2000-65400000 rw-p 00000000 00:00 0          [stack:17678]
65400000-65431000 rw-p 00000000 00:00 0 
65431000-65500000 ---p 00000000 00:00 0 
6550d000-65511000 rw-p 00000000 00:00 0 
65511000-65518000 r--s 00000000 08:01 18219920   /usr/lib/i386-linux-gnu/gconv/gconv-modules.cache
65518000-65529000 r-xp 00000000 08:01 18483846   /usr/lib/jvm/java-7-openjdk-i386/jre/lib/i386/libnio.so
65529000-6552a000 r--p 00010000 08:01 18483846   /usr/lib/jvm/java-7-openjdk-i386/jre/lib/i386/libnio.so
6552a000-6552b000 rw-p 00011000 08:01 18483846   /usr/lib/jvm/java-7-openjdk-i386/jre/lib/i386/libnio.so
6552b000-6552e000 ---p 00000000 00:00 0 
6552e000-6557c000 rw-p 00000000 00:00 0          [stack:17679]
6557c000-6557f000 ---p 00000000 00:00 0 
6557f000-655cd000 rw-p 00000000 00:00 0          [stack:17674]
655cd000-655d6000 r-xp 00000000 08:01 18225079   /usr/lib/i386-linux-gnu/libpciaccess.so.0.11.1
655d6000-655d7000 r--p 00008000 08:01 18225079   /usr/lib/i386-linux-gnu/libpciaccess.so.0.11.1
655d7000-655d8000 rw-p 00009000 08:01 18225079   /usr/lib/i386-linux-gnu/libpciaccess.so.0.11.1
655d8000-655e3000 r-xp 00000000 08:01 18221979   /usr/lib/i386-linux-gnu/libdrm_radeon.so.1.0.1
655e3000-655e4000 r--p 0000a000 08:01 18221979   /usr/lib/i386-linux-gnu/libdrm_radeon.so.1.0.1
655e4000-655e5000 rw-p 0000b000 08:01 18221979   /usr/lib/i386-linux-gnu/libdrm_radeon.so.1.0.1
655e5000-655ec000 r-xp 00000000 08:01 18221982   /usr/lib/i386-linux-gnu/libdrm_nouveau.so.2.0.0
655ec000-655ed000 r--p 00006000 08:01 18221982   /usr/lib/i386-linux-gnu/libdrm_nouveau.so.2.0.0
655ed000-655ee000 rw-p 00007000 08:01 18221982   /usr/lib/i386-linux-gnu/libdrm_nouveau.so.2.0.0
655ee000-6560f000 r-xp 00000000 08:01 18221790   /usr/lib/i386-linux-gnu/libdrm_intel.so.1.0.0
6560f000-65610000 r--p 00020000 08:01 18221790   /usr/lib/i386-linux-gnu/libdrm_intel.so.1.0.0
65610000-65611000 rw-p 00021000 08:01 18221790   /usr/lib/i386-linux-gnu/libdrm_intel.so.1.0.0
65611000-65c3b000 r-xp 00000000 08:01 18219429   /usr/lib/i386-linux-gnu/dri/i965_dri.so
65c3b000-65c5c000 r--p 00629000 08:01 18219429   /usr/lib/i386-linux-gnu/dri/i965_dri.so
65c5c000-65c62000 rw-p 0064a000 08:01 18219429   /usr/lib/i386-linux-gnu/dri/i965_dri.so
65c62000-65c68000 rw-p 00000000 00:00 0 
65c68000-65c70000 r-xp 00000000 08:01 20841527   /lib/i386-linux-gnu/libnih-dbus.so.1.0.0
65c70000-65c71000 r--p 00007000 08:01 20841527   /lib/i386-linux-gnu/libnih-dbus.so.1.0.0
65c71000-65c72000 rw-p 00008000 08:01 20841527   /lib/i386-linux-gnu/libnih-dbus.so.1.0.0
65c72000-65c89000 r-xp 00000000 08:01 20841529   /lib/i386-linux-gnu/libnih.so.1.0.0
65c89000-65c8a000 r--p 00016000 08:01 20841529   /lib/i386-linux-gnu/libnih.so.1.0.0
65c8a000-65c8b000 rw-p 00017000 08:01 20841529   /lib/i386-linux-gnu/libnih.so.1.0.0
65c8b000-65ca7000 r-xp 00000000 08:01 20841579   /lib/i386-linux-gnu/libcgmanager.so.0.0.0
65ca7000-65ca8000 r--p 0001b000 08:01 20841579   /lib/i386-linux-gnu/libcgmanager.so.0.0.0
65ca8000-65ca9000 rw-p 0001c000 08:01 20841579   /lib/i386-linux-gnu/libcgmanager.so.0.0.0
65ca9000-65cba000 r-xp 00000000 08:01 20840723   /lib/i386-linux-gnu/libudev.so.1.3.5
65cba000-65cbb000 r--p 00010000 08:01 20840723   /lib/i386-linux-gnu/libudev.so.1.3.5
65cbb000-65cbc000 rw-p 00011000 08:01 20840723   /lib/i386-linux-gnu/libudev.so.1.3.5
65cbc000-65cbf000 ---p 00000000 00:00 0 
65cbf000-65d0d000 rw-p 00000000 00:00 0          [stack:17673]
65d0d000-65d10000 ---p 00000000 00:00 0 
65d10000-65d5e000 rw-p 00000000 00:00 0          [stack:17672]
65d5e000-65d61000 ---p 00000000 00:00 0 
65d61000-65daf000 rw-p 00000000 00:00 0          [stack:17671]
65daf000-65db2000 ---p 00000000 00:00 0 
65db2000-65e00000 rw-p 00000000 00:00 0          [stack:17670]
65e00000-65e03000 ---p 00000000 00:00 0 
65e03000-65e51000 rw-p 00000000 00:00 0          [stack:17669]
65e51000-65e5f000 r-xp 00000000 08:01 18222710   /usr/lib/i386-linux-gnu/libdrm.so.2.4.0
65e5f000-65e60000 r--p 0000d000 08:01 18222710   /usr/lib/i386-linux-gnu/libdrm.so.2.4.0
65e60000-65e61000 rw-p 0000e000 08:01 18222710   /usr/lib/i386-linux-gnu/libdrm.so.2.4.0
65e61000-65e65000 r-xp 00000000 08:01 18225362   /usr/lib/i386-linux-gnu/libxcb-dri2.so.0.0.0
65e65000-65e66000 r--p 00003000 08:01 18225362   /usr/lib/i386-linux-gnu/libxcb-dri2.so.0.0.0
65e66000-65e67000 rw-p 00004000 08:01 18225362   /usr/lib/i386-linux-gnu/libxcb-dri2.so.0.0.0
65e67000-65e7d000 r-xp 00000000 08:01 18225366   /usr/lib/i386-linux-gnu/libxcb-glx.so.0.0.0
65e7d000-65e7e000 r--p 00016000 08:01 18225366   /usr/lib/i386-linux-gnu/libxcb-glx.so.0.0.0
65e7e000-65e7f000 rw-p 00017000 08:01 18225366   /usr/lib/i386-linux-gnu/libxcb-glx.so.0.0.0
65e7f000-65e80000 r-xp 00000000 08:01 18224322   /usr/lib/i386-linux-gnu/libX11-xcb.so.1.0.0
65e80000-65e81000 r--p 00000000 08:01 18224322   /usr/lib/i386-linux-gnu/libX11-xcb.so.1.0.0
65e81000-65e82000 rw-p 00001000 08:01 18224322   /usr/lib/i386-linux-gnu/libX11-xcb.so.1.0.0
65e82000-65e95000 r-xp 00000000 08:01 18224101   /usr/lib/i386-linux-gnu/libglapi.so.0.0.0
65e95000-65e97000 r--p 00013000 08:01 18224101   /usr/lib/i386-linux-gnu/libglapi.so.0.0.0
65e97000-65e9d000 rwxp 00015000 08:01 18224101   /usr/lib/i386-linux-gnu/libglapi.so.0.0.0
65e9d000-65ef8000 r-xp 00000000 08:01 18219640   /usr/lib/i386-linux-gnu/mesa/libGL.so.1.2.0
65ef8000-65ef9000 ---p 0005b000 08:01 18219640   /usr/lib/i386-linux-gnu/mesa/libGL.so.1.2.0
65ef9000-65efb000 r--p 0005b000 08:01 18219640   /usr/lib/i386-linux-gnu/mesa/libGL.so.1.2.0
65efb000-65f00000 rwxp 0005d000 08:01 18219640   /usr/lib/i386-linux-gnu/mesa/libGL.so.1.2.0
65f00000-65ff6000 rw-p 00000000 00:00 0 
65ff6000-66000000 ---p 00000000 00:00 0 
66000000-66002000 rw-p 00000000 00:00 0 
66002000-66004000 r-xp 00000000 08:01 18224337   /usr/lib/i386-linux-gnu/libXdamage.so.1.1.0
66004000-66005000 r--p 00001000 08:01 18224337   /usr/lib/i386-linux-gnu/libXdamage.so.1.1.0
66005000-66006000 rw-p 00002000 08:01 18224337   /usr/lib/i386-linux-gnu/libXdamage.so.1.1.0
66006000-66007000 r-xp 00000000 08:01 18225404   /usr/lib/i386-linux-gnu/libxshmfence.so.1.0.0
66007000-66008000 r--p 00000000 08:01 18225404   /usr/lib/i386-linux-gnu/libxshmfence.so.1.0.0
66008000-66009000 rw-p 00001000 08:01 18225404   /usr/lib/i386-linux-gnu/libxshmfence.so.1.0.0
66009000-6600e000 r-xp 00000000 08:01 18225386   /usr/lib/i386-linux-gnu/libxcb-sync.so.1.0.0
6600e000-6600f000 r--p 00004000 08:01 18225386   /usr/lib/i386-linux-gnu/libxcb-sync.so.1.0.0
6600f000-66010000 rw-p 00005000 08:01 18225386   /usr/lib/i386-linux-gnu/libxcb-sync.so.1.0.0
66010000-66012000 r-xp 00000000 08:01 18225374   /usr/lib/i386-linux-gnu/libxcb-present.so.0.0.0
66012000-66013000 r--p 00001000 08:01 18225374   /usr/lib/i386-linux-gnu/libxcb-present.so.0.0.0
66013000-66014000 rw-p 00002000 08:01 18225374   /usr/lib/i386-linux-gnu/libxcb-present.so.0.0.0
66014000-66016000 r-xp 00000000 08:01 18225364   /usr/lib/i386-linux-gnu/libxcb-dri3.so.0.0.0
66016000-66017000 r--p 00001000 08:01 18225364   /usr/lib/i386-linux-gnu/libxcb-dri3.so.0.0.0
66017000-66018000 rw-p 00002000 08:01 18225364   /usr/lib/i386-linux-gnu/libxcb-dri3.so.0.0.0
66018000-6601c000 rw-p 00000000 00:00 0 
6601c000-6601d000 rw-s 00000000 00:04 55646      /drm mm object (deleted)
6601d000-66035000 r-xp 00000000 08:01 18483833   /usr/lib/jvm/java-7-openjdk-i386/jre/lib/i386/libnet.so
66035000-66036000 r--p 00017000 08:01 18483833   /usr/lib/jvm/java-7-openjdk-i386/jre/lib/i386/libnet.so
66036000-66037000 rw-p 00018000 08:01 18483833   /usr/lib/jvm/java-7-openjdk-i386/jre/lib/i386/libnet.so
66037000-66058000 r-xp 00000000 08:01 18352082   /usr/lib/jni/libj3dcore-ogl.so
66058000-66059000 rw-p 00020000 08:01 18352082   /usr/lib/jni/libj3dcore-ogl.so
66059000-6605a000 r-xp 00000000 08:01 18484119   /usr/lib/jvm/java-7-openjdk-i386/jre/lib/i386/libjawt.so
6605a000-6605b000 r--p 00000000 08:01 18484119   /usr/lib/jvm/java-7-openjdk-i386/jre/lib/i386/libjawt.so
6605b000-6605c000 rw-p 00001000 08:01 18484119   /usr/lib/jvm/java-7-openjdk-i386/jre/lib/i386/libjawt.so
6605c000-66060000 r--s 00019000 08:01 5770159    /home/gregoire/Documents/MobileRobots/MobileRobotsProject/mbsysCopy/mbsyspad/lib/matlabcontrol-4.0.0.jar
66060000-6607d000 r--s 0014f000 08:01 5770160    /home/gregoire/Documents/MobileRobots/MobileRobotsProject/mbsysCopy/mbsyspad/lib/swingx-all-1.6.4.jar
6607d000-6607e000 r--s 00017000 08:01 5770146    /home/gregoire/Documents/MobileRobots/MobileRobotsProject/mbsysCopy/mbsyspad/lib/j3D.jar
6607e000-66080000 r--s 0004c000 08:01 5770161    /home/gregoire/Documents/MobileRobots/MobileRobotsProject/mbsysCopy/mbsyspad/lib/vecmath.jar
66080000-6608e000 r--s 00193000 08:01 5770149    /home/gregoire/Documents/MobileRobots/MobileRobotsProject/mbsysCopy/mbsyspad/lib/j3dutils.jar
6608e000-66090000 r--s 00018000 08:01 18483205   /usr/lib/jvm/java-7-openjdk-i386/jre/lib/jce.jar
66090000-66094000 r--s 0004f000 08:01 18484133   /usr/lib/jvm/java-7-openjdk-i386/jre/lib/jsse.jar
66094000-660a0000 r--s 002c7000 08:01 5770148    /home/gregoire/Documents/MobileRobots/MobileRobotsProject/mbsysCopy/mbsyspad/lib/j3dcore.jar
660a0000-660ab000 r--s 00108000 08:01 5770152    /home/gregoire/Documents/MobileRobots/MobileRobotsProject/mbsysCopy/mbsyspad/lib/jogl.jar
660ab000-660ac000 r--s 00004000 08:01 5770145    /home/gregoire/Documents/MobileRobots/MobileRobotsProject/mbsysCopy/mbsyspad/lib/gluegen-rt.jar
660ac000-660af000 ---p 00000000 00:00 0 
660af000-660fd000 rw-p 00000000 00:00 0          [stack:17668]
660fd000-66100000 ---p 00000000 00:00 0 
66100000-6614e000 rw-p 00000000 00:00 0          [stack:17667]
6614e000-6618a000 r-xp 00000000 08:01 20840700   /lib/i386-linux-gnu/libpcre.so.3.13.1
6618a000-6618b000 r--p 0003b000 08:01 20840700   /lib/i386-linux-gnu/libpcre.so.3.13.1
6618b000-6618c000 rw-p 0003c000 08:01 20840700   /lib/i386-linux-gnu/libpcre.so.3.13.1
6618c000-661ac000 r-xp 00000000 08:01 20841595   /lib/i386-linux-gnu/libselinux.so.1
661ac000-661ad000 r--p 0001f000 08:01 20841595   /lib/i386-linux-gnu/libselinux.so.1
661ad000-661ae000 rw-p 00020000 08:01 20841595   /lib/i386-linux-gnu/libselinux.so.1
661ae000-661af000 rw-p 00000000 00:00 0 
661af000-662b9000 r-xp 00000000 08:01 20841496   /lib/i386-linux-gnu/libglib-2.0.so.0.4002.0
662b9000-662ba000 r--p 00109000 08:01 20841496   /lib/i386-linux-gnu/libglib-2.0.so.0.4002.0
662ba000-662bb000 rw-p 0010a000 08:01 20841496   /lib/i386-linux-gnu/libglib-2.0.so.0.4002.0
662bb000-662be000 r-xp 00000000 08:01 18224723   /usr/lib/i386-linux-gnu/libgmodule-2.0.so.0.4002.0
662be000-662bf000 r--p 00002000 08:01 18224723   /usr/lib/i386-linux-gnu/libgmodule-2.0.so.0.4002.0
662bf000-662c0000 rw-p 00003000 08:01 18224723   /usr/lib/i386-linux-gnu/libgmodule-2.0.so.0.4002.0
662c0000-662e5000 r-xp 00000000 08:01 20840645   /lib/i386-linux-gnu/libexpat.so.1.6.0
662e5000-662e6000 ---p 00025000 08:01 20840645   /lib/i386-linux-gnu/libexpat.so.1.6.0
662e6000-662e8000 r--p 00025000 08:01 20840645   /lib/i386-linux-gnu/libexpat.so.1.6.0
662e8000-662e9000 rw-p 00027000 08:01 20840645   /lib/i386-linux-gnu/libexpat.so.1.6.0
662e9000-66339000 r-xp 00000000 08:01 18224739   /usr/lib/i386-linux-gnu/libgobject-2.0.so.0.4002.0
66339000-6633a000 r--p 0004f000 08:01 18224739   /usr/lib/i386-linux-gnu/libgobject-2.0.so.0.4002.0
6633a000-6633b000 rw-p 00050000 08:01 18224739   /usr/lib/i386-linux-gnu/libgobject-2.0.so.0.4002.0
6633b000-664b8000 r-xp 00000000 08:01 18224711   /usr/lib/i386-linux-gnu/libgio-2.0.so.0.4002.0
664b8000-664ba000 r--p 0017d000 08:01 18224711   /usr/lib/i386-linux-gnu/libgio-2.0.so.0.4002.0
664ba000-664bb000 rw-p 0017f000 08:01 18224711   /usr/lib/i386-linux-gnu/libgio-2.0.so.0.4002.0
664bb000-664bc000 rw-p 00000000 00:00 0 
664bc000-664f5000 r-xp 00000000 08:01 18226186   /usr/lib/i386-linux-gnu/libfontconfig.so.1.8.0
664f5000-664f6000 r--p 00039000 08:01 18226186   /usr/lib/i386-linux-gnu/libfontconfig.so.1.8.0
664f6000-664f7000 rw-p 0003a000 08:01 18226186   /usr/lib/i386-linux-gnu/libfontconfig.so.1.8.0
664f7000-664fb000 r--s 00020000 08:01 5770143    /home/gregoire/Documents/MobileRobots/MobileRobotsProject/mbsysCopy/mbsyspad/lib/commons-digester-1.8.jar
664fb000-66500000 r--s 0002a000 08:01 5770141    /home/gregoire/Documents/MobileRobots/MobileRobotsProject/mbsysCopy/mbsyspad/lib/commons-beanutils.jar
66500000-66506000 r--s 00056000 08:01 5770147    /home/gregoire/Documents/MobileRobots/MobileRobotsProject/mbsysCopy/mbsyspad/lib/j3d-vrml97.jar
66506000-6650c000 r--s 00047000 08:01 5770144    /home/gregoire/Documents/MobileRobots/MobileRobotsProject/mbsysCopy/mbsyspad/lib/flamingo.jar
6650c000-66516000 r--s 000ae000 08:01 18483207   /usr/lib/jvm/java-7-openjdk-i386/jre/lib/resources.jar
66516000-6655e000 r-xp 00000000 08:01 19923017   /usr/lib/jvm/java-7-openjdk-i386/jre/lib/i386/xawt/libmawt.so
6655e000-6655f000 r--p 00048000 08:01 19923017   /usr/lib/jvm/java-7-openjdk-i386/jre/lib/i386/xawt/libmawt.so
6655f000-66561000 rw-p 00049000 08:01 19923017   /usr/lib/jvm/java-7-openjdk-i386/jre/lib/i386/xawt/libmawt.so
66561000-66562000 rw-p 00000000 00:00 0 
66562000-665f1000 r-xp 00000000 08:01 18484117   /usr/lib/jvm/java-7-openjdk-i386/jre/lib/i386/libawt.so
665f1000-665f2000 r--p 0008f000 08:01 18484117   /usr/lib/jvm/java-7-openjdk-i386/jre/lib/i386/libawt.so
665f2000-665f9000 rw-p 00090000 08:01 18484117   /usr/lib/jvm/java-7-openjdk-i386/jre/lib/i386/libawt.so
665f9000-6661d000 rw-p 00000000 00:00 0 
6661d000-6662c000 r--s 0008c000 08:01 5770138    /home/gregoire/Documents/MobileRobots/MobileRobotsProject/mbsysCopy/mbsyspad/MBsysPad.jar
6662c000-6662d000 ---p 00000000 00:00 0 
6662d000-666ad000 rw-p 00000000 00:00 0          [stack:17666]
666ad000-666b0000 ---p 00000000 00:00 0 
666b0000-666fe000 rw-p 00000000 00:00 0          [stack:17665]
666fe000-66701000 ---p 00000000 00:00 0 
66701000-6677f000 rw-p 00000000 00:00 0          [stack:17664]
6677f000-66782000 ---p 00000000 00:00 0 
66782000-66800000 rw-p 00000000 00:00 0          [stack:17663]
66800000-66a00000 r--p 00000000 08:01 18227311   /usr/lib/locale/locale-archive
66a00000-66b00000 rw-p 00000000 00:00 0 
66b00000-66b03000 ---p 00000000 00:00 0 
66b03000-66b51000 rw-p 00000000 00:00 0          [stack:17662]
66b51000-66b54000 ---p 00000000 00:00 0 
66b54000-66ba2000 rw-p 00000000 00:00 0          [stack:17661]
66ba2000-66ba3000 ---p 00000000 00:00 0 
66ba3000-66c23000 rw-p 00000000 00:00 0          [stack:17659]
66c23000-66dd6000 r--s 01d3d000 08:01 18483206   /usr/lib/jvm/java-7-openjdk-i386/jre/lib/rt.jar
66dd6000-69500000 rw-p 00000000 00:00 0 
69500000-69521000 rw-p 00000000 00:00 0 
69521000-69600000 ---p 00000000 00:00 0 
69600000-69601000 r--s 00001000 08:01 5770151    /home/gregoire/Documents/MobileRobots/MobileRobotsProject/mbsysCopy/mbsyspad/lib/jnlp.jar
69601000-69602000 r--s 00008000 08:01 5770142    /home/gregoire/Documents/MobileRobots/MobileRobotsProject/mbsysCopy/mbsyspad/lib/commons-cli-1.1.jar
69602000-69604000 r--s 0002a000 08:01 5770140    /home/gregoire/Documents/MobileRobots/MobileRobotsProject/mbsysCopy/mbsyspad/lib/MBsysComJ.jar
69604000-69609000 r-xp 00000000 08:01 18224369   /usr/lib/i386-linux-gnu/libXtst.so.6.1.0
69609000-6960a000 r--p 00004000 08:01 18224369   /usr/lib/i386-linux-gnu/libXtst.so.6.1.0
6960a000-6960b000 rw-p 00005000 08:01 18224369   /usr/lib/i386-linux-gnu/libXtst.so.6.1.0
6960b000-6960e000 ---p 00000000 00:00 0 
6960e000-69700000 rw-p 00000000 00:00 0          [stack:17660]
69700000-697fc000 rw-p 00000000 00:00 0 
697fc000-69800000 ---p 00000000 00:00 0 
69800000-69803000 r--s 00023000 08:01 5770150    /home/gregoire/Documents/MobileRobots/MobileRobotsProject/mbsysCopy/mbsyspad/lib/jdom.jar
69803000-69805000 r-xp 00000000 08:01 18224333   /usr/lib/i386-linux-gnu/libXcomposite.so.1.0.0
69805000-69806000 r--p 00001000 08:01 18224333   /usr/lib/i386-linux-gnu/libXcomposite.so.1.0.0
69806000-69807000 rw-p 00002000 08:01 18224333   /usr/lib/i386-linux-gnu/libXcomposite.so.1.0.0
69807000-69808000 ---p 00000000 00:00 0 
69808000-69888000 rw-p 00000000 00:00 0          [stack:17658]
69888000-69889000 ---p 00000000 00:00 0 
69889000-69916000 rw-p 00000000 00:00 0          [stack:17657]
69916000-69949000 rw-p 00000000 00:00 0 
69949000-6995e000 rw-p 00000000 00:00 0 
6995e000-69a92000 rw-p 00000000 00:00 0 
69a92000-69a9f000 rw-p 00000000 00:00 0 
69a9f000-69ad2000 rw-p 00000000 00:00 0 
69ad2000-69ae7000 rw-p 00000000 00:00 0 
69ae7000-69c1a000 rw-p 00000000 00:00 0 
69c1a000-69c54000 rw-p 00000000 00:00 0 
69c54000-69cbf000 rw-p 00000000 00:00 0 
69cbf000-6b600000 rw-p 00000000 00:00 0 
6b600000-71cc0000 rw-p 00000000 00:00 0 
71cc0000-745c0000 rw-p 00000000 00:00 0 
745c0000-9ae00000 rw-p 00000000 00:00 0 
9ae00000-a1fc0000 rw-p 00000000 00:00 0 
a1fc0000-af6c0000 rw-p 00000000 00:00 0 
af6c0000-af6c4000 r--s 00085000 08:01 18751331   /usr/lib/jvm/java-7-openjdk-i386/jre/lib/ext/localedata.jar
af6c4000-af6e8000 rw-p 00000000 00:00 0 
af6e8000-af79f000 rw-p 00000000 00:00 0 
af79f000-af9df000 rwxp 00000000 00:00 0 
af9df000-b279f000 rw-p 00000000 00:00 0 
b279f000-b27a9000 r-xp 00000000 08:01 20854272   /lib/i386-linux-gnu/libnss_files-2.19.so
b27a9000-b27aa000 r--p 00009000 08:01 20854272   /lib/i386-linux-gnu/libnss_files-2.19.so
b27aa000-b27ab000 rw-p 0000a000 08:01 20854272   /lib/i386-linux-gnu/libnss_files-2.19.so
b27ab000-b27b5000 r-xp 00000000 08:01 20854264   /lib/i386-linux-gnu/libnss_nis-2.19.so
b27b5000-b27b6000 r--p 00009000 08:01 20854264   /lib/i386-linux-gnu/libnss_nis-2.19.so
b27b6000-b27b7000 rw-p 0000a000 08:01 20854264   /lib/i386-linux-gnu/libnss_nis-2.19.so
b27b7000-b27ba000 r--s 0000f000 08:01 18751219   /usr/lib/jvm/java-7-openjdk-i386/jre/lib/ext/icedtea-sound.jar
b27ba000-b27bb000 r--s 00002000 08:01 18751957   /usr/lib/jvm/java-7-openjdk-i386/jre/lib/ext/dnsns.jar
b27bb000-b27bd000 r--s 00012000 08:01 18751958   /usr/lib/jvm/java-7-openjdk-i386/jre/lib/ext/zipfs.jar
b27bd000-b27c1000 r--s 00034000 08:01 18751956   /usr/lib/jvm/java-7-openjdk-i386/jre/lib/ext/sunjce_provider.jar
b27c1000-b27c4000 r--s 0003d000 08:01 18751212   /usr/lib/jvm/java-7-openjdk-i386/jre/lib/ext/sunpkcs11.jar
b27c4000-b27cc000 r-xp 00000000 08:01 18484132   /usr/lib/jvm/java-7-openjdk-i386/jre/lib/i386/libzip.so
b27cc000-b27cd000 r--p 00007000 08:01 18484132   /usr/lib/jvm/java-7-openjdk-i386/jre/lib/i386/libzip.so
b27cd000-b27ce000 rw-p 00008000 08:01 18484132   /usr/lib/jvm/java-7-openjdk-i386/jre/lib/i386/libzip.so
b27ce000-b27d6000 rw-s 00000000 08:01 14552362   /tmp/hsperfdata_gregoire/17656
b27d6000-b27fd000 r-xp 00000000 08:01 18483211   /usr/lib/jvm/java-7-openjdk-i386/jre/lib/i386/libjava.so
b27fd000-b27fe000 r--p 00026000 08:01 18483211   /usr/lib/jvm/java-7-openjdk-i386/jre/lib/i386/libjava.so
b27fe000-b27ff000 rw-p 00027000 08:01 18483211   /usr/lib/jvm/java-7-openjdk-i386/jre/lib/i386/libjava.so
b27ff000-b58a2000 rw-p 00000000 00:00 0 
b58a2000-b58b5000 r-xp 00000000 08:01 20854252   /lib/i386-linux-gnu/libresolv-2.19.so
b58b5000-b58b6000 ---p 00013000 08:01 20854252   /lib/i386-linux-gnu/libresolv-2.19.so
b58b6000-b58b7000 r--p 00013000 08:01 20854252   /lib/i386-linux-gnu/libresolv-2.19.so
b58b7000-b58b8000 rw-p 00014000 08:01 20854252   /lib/i386-linux-gnu/libresolv-2.19.so
b58b8000-b58ba000 rw-p 00000000 00:00 0 
b58ba000-b58c1000 r-xp 00000000 08:01 18225047   /usr/lib/i386-linux-gnu/libogg.so.0.8.1
b58c1000-b58c2000 r--p 00006000 08:01 18225047   /usr/lib/i386-linux-gnu/libogg.so.0.8.1
b58c2000-b58c3000 rw-p 00007000 08:01 18225047   /usr/lib/i386-linux-gnu/libogg.so.0.8.1
b58c3000-b58ec000 r-xp 00000000 08:01 18225321   /usr/lib/i386-linux-gnu/libvorbis.so.0.4.5
b58ec000-b58ed000 ---p 00029000 08:01 18225321   /usr/lib/i386-linux-gnu/libvorbis.so.0.4.5
b58ed000-b58ee000 r--p 00029000 08:01 18225321   /usr/lib/i386-linux-gnu/libvorbis.so.0.4.5
b58ee000-b58ef000 rw-p 0002a000 08:01 18225321   /usr/lib/i386-linux-gnu/libvorbis.so.0.4.5
b58ef000-b5a55000 r-xp 00000000 08:01 18225323   /usr/lib/i386-linux-gnu/libvorbisenc.so.2.0.8
b5a55000-b5a66000 r--p 00165000 08:01 18225323   /usr/lib/i386-linux-gnu/libvorbisenc.so.2.0.8
b5a66000-b5a67000 rw-p 00176000 08:01 18225323   /usr/lib/i386-linux-gnu/libvorbisenc.so.2.0.8
b5a67000-b5a68000 rw-p 00000000 00:00 0 
b5a68000-b5a9a000 r-xp 00000000 08:01 18224186   /usr/lib/i386-linux-gnu/libFLAC.so.8.3.0
b5a9a000-b5a9b000 r--p 00031000 08:01 18224186   /usr/lib/i386-linux-gnu/libFLAC.so.8.3.0
b5a9b000-b5a9c000 rw-p 00032000 08:01 18224186   /usr/lib/i386-linux-gnu/libFLAC.so.8.3.0
b5a9c000-b5ab1000 r-xp 00000000 08:01 20854260   /lib/i386-linux-gnu/libnsl-2.19.so
b5ab1000-b5ab2000 r--p 00015000 08:01 20854260   /lib/i386-linux-gnu/libnsl-2.19.so
b5ab2000-b5ab3000 rw-p 00016000 08:01 20854260   /lib/i386-linux-gnu/libnsl-2.19.so
b5ab3000-b5ab5000 rw-p 00000000 00:00 0 
b5ab5000-b5aba000 r-xp 00000000 08:01 18224339   /usr/lib/i386-linux-gnu/libXdmcp.so.6.0.0
b5aba000-b5abb000 r--p 00004000 08:01 18224339   /usr/lib/i386-linux-gnu/libXdmcp.so.6.0.0
b5abb000-b5abc000 rw-p 00005000 08:01 18224339   /usr/lib/i386-linux-gnu/libXdmcp.so.6.0.0
b5abc000-b5abe000 r-xp 00000000 08:01 18224328   /usr/lib/i386-linux-gnu/libXau.so.6.0.0
b5abe000-b5abf000 r--p 00001000 08:01 18224328   /usr/lib/i386-linux-gnu/libXau.so.6.0.0
b5abf000-b5ac0000 rw-p 00002000 08:01 18224328   /usr/lib/i386-linux-gnu/libXau.so.6.0.0
b5ac0000-b5ac5000 r-xp 00000000 08:01 18224418   /usr/lib/i386-linux-gnu/libasyncns.so.0.3.1
b5ac5000-b5ac6000 r--p 00004000 08:01 18224418   /usr/lib/i386-linux-gnu/libasyncns.so.0.3.1
b5ac6000-b5ac7000 rw-p 00005000 08:01 18224418   /usr/lib/i386-linux-gnu/libasyncns.so.0.3.1
b5ac7000-b5ac8000 rw-p 00000000 00:00 0 
b5ac8000-b5b33000 r-xp 00000000 08:01 18219697   /usr/lib/i386-linux-gnu/libsndfile.so.1.0.25
b5b33000-b5b34000 ---p 0006b000 08:01 18219697   /usr/lib/i386-linux-gnu/libsndfile.so.1.0.25
b5b34000-b5b35000 r--p 0006b000 08:01 18219697   /usr/lib/i386-linux-gnu/libsndfile.so.1.0.25
b5b35000-b5b36000 rw-p 0006c000 08:01 18219697   /usr/lib/i386-linux-gnu/libsndfile.so.1.0.25
b5b36000-b5b3a000 rw-p 00000000 00:00 0 
b5b3a000-b5b42000 r-xp 00000000 08:01 20841625   /lib/i386-linux-gnu/libwrap.so.0.7.6
b5b42000-b5b43000 r--p 00007000 08:01 20841625   /lib/i386-linux-gnu/libwrap.so.0.7.6
b5b43000-b5b44000 rw-p 00008000 08:01 20841625   /lib/i386-linux-gnu/libwrap.so.0.7.6
b5b44000-b5b6a000 r-xp 00000000 08:01 20841983   /lib/i386-linux-gnu/libpng12.so.0.50.0
b5b6a000-b5b6b000 r--p 00025000 08:01 20841983   /lib/i386-linux-gnu/libpng12.so.0.50.0
b5b6b000-b5b6c000 rw-p 00026000 08:01 20841983   /lib/i386-linux-gnu/libpng12.so.0.50.0
b5b6c000-b5b71000 r-xp 00000000 08:01 18219065   /usr/lib/i386-linux-gnu/libffi.so.6.0.1
b5b71000-b5b72000 r--p 00005000 08:01 18219065   /usr/lib/i386-linux-gnu/libffi.so.6.0.1
b5b72000-b5b73000 rw-p 00006000 08:01 18219065   /usr/lib/i386-linux-gnu/libffi.so.6.0.1
b5b73000-b5b77000 r-xp 00000000 08:01 18219488   /usr/lib/i386-linux-gnu/libXfixes.so.3.1.0
b5b77000-b5b78000 r--p 00003000 08:01 18219488   /usr/lib/i386-linux-gnu/libXfixes.so.3.1.0
b5b78000-b5b79000 rw-p 00004000 08:01 18219488   /usr/lib/i386-linux-gnu/libXfixes.so.3.1.0
b5b79000-b5b7a000 rw-p 00000000 00:00 0 
b5b7a000-b5b83000 r-xp 00000000 08:01 18221390   /usr/lib/i386-linux-gnu/libXrender.so.1.3.0
b5b83000-b5b84000 r--p 00008000 08:01 18221390   /usr/lib/i386-linux-gnu/libXrender.so.1.3.0
b5b84000-b5b85000 rw-p 00009000 08:01 18221390   /usr/lib/i386-linux-gnu/libXrender.so.1.3.0
b5b85000-b5ba5000 r-xp 00000000 08:01 18225394   /usr/lib/i386-linux-gnu/libxcb.so.1.1.0
b5ba5000-b5ba6000 r--p 0001f000 08:01 18225394   /usr/lib/i386-linux-gnu/libxcb.so.1.1.0
b5ba6000-b5ba7000 rw-p 00020000 08:01 18225394   /usr/lib/i386-linux-gnu/libxcb.so.1.1.0
b5ba7000-b5bf0000 r-xp 00000000 08:01 20841479   /lib/i386-linux-gnu/libdbus-1.so.3.7.6
b5bf0000-b5bf1000 r--p 00048000 08:01 20841479   /lib/i386-linux-gnu/libdbus-1.so.3.7.6
b5bf1000-b5bf2000 rw-p 00049000 08:01 20841479   /lib/i386-linux-gnu/libdbus-1.so.3.7.6
b5bf2000-b5bfb000 r-xp 00000000 08:01 20841505   /lib/i386-linux-gnu/libjson-c.so.2.0.0
b5bfb000-b5bfc000 r--p 00008000 08:01 20841505   /lib/i386-linux-gnu/libjson-c.so.2.0.0
b5bfc000-b5bfd000 rw-p 00009000 08:01 20841505   /lib/i386-linux-gnu/libjson-c.so.2.0.0
b5bfd000-b5c6a000 r-xp 00000000 08:01 18226821   /usr/lib/i386-linux-gnu/pulseaudio/libpulsecommon-4.0.so
b5c6a000-b5c6b000 r--p 0006c000 08:01 18226821   /usr/lib/i386-linux-gnu/pulseaudio/libpulsecommon-4.0.so
b5c6b000-b5c6c000 rw-p 0006d000 08:01 18226821   /usr/lib/i386-linux-gnu/pulseaudio/libpulsecommon-4.0.so
b5c6c000-b5c6d000 rw-p 00000000 00:00 0 
b5c6d000-b5d08000 r-xp 00000000 08:01 18227707   /usr/lib/i386-linux-gnu/libfreetype.so.6.11.1
b5d08000-b5d0c000 r--p 0009a000 08:01 18227707   /usr/lib/i386-linux-gnu/libfreetype.so.6.11.1
b5d0c000-b5d0d000 rw-p 0009e000 08:01 18227707   /usr/lib/i386-linux-gnu/libfreetype.so.6.11.1
b5d0d000-b5d14000 r-xp 00000000 08:01 20854268   /lib/i386-linux-gnu/librt-2.19.so
b5d14000-b5d15000 r--p 00006000 08:01 20854268   /lib/i386-linux-gnu/librt-2.19.so
b5d15000-b5d16000 rw-p 00007000 08:01 20854268   /lib/i386-linux-gnu/librt-2.19.so
b5d16000-b5d2e000 r-xp 00000000 08:01 20854261   /lib/i386-linux-gnu/libpthread-2.19.so
b5d2e000-b5d2f000 r--p 00018000 08:01 20854261   /lib/i386-linux-gnu/libpthread-2.19.so
b5d2f000-b5d30000 rw-p 00019000 08:01 20854261   /lib/i386-linux-gnu/libpthread-2.19.so
b5d30000-b5d32000 rw-p 00000000 00:00 0 
b5d32000-b5d6c000 r-xp 00000000 08:01 18225398   /usr/lib/i386-linux-gnu/libxkbcommon.so.0.0.0
b5d6c000-b5d6d000 r--p 00039000 08:01 18225398   /usr/lib/i386-linux-gnu/libxkbcommon.so.0.0.0
b5d6d000-b5d6e000 rw-p 0003a000 08:01 18225398   /usr/lib/i386-linux-gnu/libxkbcommon.so.0.0.0
b5d6e000-b5d6f000 rw-p 00000000 00:00 0 
b5d6f000-b5d73000 r-xp 00000000 08:01 18225336   /usr/lib/i386-linux-gnu/libwayland-cursor.so.0.0.0
b5d73000-b5d74000 r--p 00003000 08:01 18225336   /usr/lib/i386-linux-gnu/libwayland-cursor.so.0.0.0
b5d74000-b5d78000 rw-p 00004000 08:01 18225336   /usr/lib/i386-linux-gnu/libwayland-cursor.so.0.0.0
b5d78000-b5d81000 r-xp 00000000 08:01 18225334   /usr/lib/i386-linux-gnu/libwayland-client.so.0.2.0
b5d81000-b5d82000 ---p 00009000 08:01 18225334   /usr/lib/i386-linux-gnu/libwayland-client.so.0.2.0
b5d82000-b5d83000 r--p 00009000 08:01 18225334   /usr/lib/i386-linux-gnu/libwayland-client.so.0.2.0
b5d83000-b5d84000 rw-p 0000a000 08:01 18225334   /usr/lib/i386-linux-gnu/libwayland-client.so.0.2.0
b5d84000-b5d85000 r-xp 00000000 08:01 18220505   /usr/lib/i386-linux-gnu/libwayland-egl.so.1.0.0
b5d85000-b5d86000 r--p 00000000 08:01 18220505   /usr/lib/i386-linux-gnu/libwayland-egl.so.1.0.0
b5d86000-b5d87000 rw-p 00001000 08:01 18220505   /usr/lib/i386-linux-gnu/libwayland-egl.so.1.0.0
b5d87000-b5d8b000 r-xp 00000000 08:01 18224379   /usr/lib/i386-linux-gnu/libXxf86vm.so.1.0.0
b5d8b000-b5d8c000 r--p 00004000 08:01 18224379   /usr/lib/i386-linux-gnu/libXxf86vm.so.1.0.0
b5d8c000-b5d8d000 rw-p 00005000 08:01 18224379   /usr/lib/i386-linux-gnu/libXxf86vm.so.1.0.0
b5d8d000-b5d8f000 r-xp 00000000 08:01 18224365   /usr/lib/i386-linux-gnu/libXss.so.1.0.0
b5d8f000-b5d90000 r--p 00001000 08:01 18224365   /usr/lib/i386-linux-gnu/libXss.so.1.0.0
b5d90000-b5d91000 rw-p 00002000 08:01 18224365   /usr/lib/i386-linux-gnu/libXss.so.1.0.0
b5d91000-b5d92000 rw-p 00000000 00:00 0 
b5d92000-b5d9b000 r-xp 00000000 08:01 18226177   /usr/lib/i386-linux-gnu/libXrandr.so.2.2.0
b5d9b000-b5d9c000 r--p 00008000 08:01 18226177   /usr/lib/i386-linux-gnu/libXrandr.so.2.2.0
b5d9c000-b5d9d000 rw-p 00009000 08:01 18226177   /usr/lib/i386-linux-gnu/libXrandr.so.2.2.0
b5d9d000-b5dab000 r-xp 00000000 08:01 18221388   /usr/lib/i386-linux-gnu/libXi.so.6.1.0
b5dab000-b5dac000 r--p 0000e000 08:01 18221388   /usr/lib/i386-linux-gnu/libXi.so.6.1.0
b5dac000-b5dad000 rw-p 0000f000 08:01 18221388   /usr/lib/i386-linux-gnu/libXi.so.6.1.0
b5dad000-b5daf000 r-xp 00000000 08:01 18224351   /usr/lib/i386-linux-gnu/libXinerama.so.1.0.0
b5daf000-b5db0000 r--p 00001000 08:01 18224351   /usr/lib/i386-linux-gnu/libXinerama.so.1.0.0
b5db0000-b5db1000 rw-p 00002000 08:01 18224351   /usr/lib/i386-linux-gnu/libXinerama.so.1.0.0
b5db1000-b5dba000 r-xp 00000000 08:01 18224335   /usr/lib/i386-linux-gnu/libXcursor.so.1.0.2
b5dba000-b5dbb000 r--p 00008000 08:01 18224335   /usr/lib/i386-linux-gnu/libXcursor.so.1.0.2
b5dbb000-b5dbc000 rw-p 00009000 08:01 18224335   /usr/lib/i386-linux-gnu/libXcursor.so.1.0.2
b5dbc000-b5dcd000 r-xp 00000000 08:01 18220240   /usr/lib/i386-linux-gnu/libXext.so.6.4.0
b5dcd000-b5dce000 r--p 00010000 08:01 18220240   /usr/lib/i386-linux-gnu/libXext.so.6.4.0
b5dce000-b5dcf000 rw-p 00011000 08:01 18220240   /usr/lib/i386-linux-gnu/libXext.so.6.4.0
b5dcf000-b5dd0000 rw-p 00000000 00:00 0 
b5dd0000-b5f00000 r-xp 00000000 08:01 18224324   /usr/lib/i386-linux-gnu/libX11.so.6.3.0
b5f00000-b5f01000 r--p 00130000 08:01 18224324   /usr/lib/i386-linux-gnu/libX11.so.6.3.0
b5f01000-b5f03000 rw-p 00131000 08:01 18224324   /usr/lib/i386-linux-gnu/libX11.so.6.3.0
b5f03000-b5f04000 rw-p 00000000 00:00 0 
b5f04000-b5f51000 r-xp 00000000 08:01 18225116   /usr/lib/i386-linux-gnu/libpulse.so.0.16.2
b5f51000-b5f52000 r--p 0004c000 08:01 18225116   /usr/lib/i386-linux-gnu/libpulse.so.0.16.2
b5f52000-b5f53000 rw-p 0004d000 08:01 18225116   /usr/lib/i386-linux-gnu/libpulse.so.0.16.2
b5f53000-b5f56000 r-xp 00000000 08:01 18225114   /usr/lib/i386-linux-gnu/libpulse-simple.so.0.0.4
b5f56000-b5f57000 r--p 00002000 08:01 18225114   /usr/lib/i386-linux-gnu/libpulse-simple.so.0.0.4
b5f57000-b5f58000 rw-p 00003000 08:01 18225114   /usr/lib/i386-linux-gnu/libpulse-simple.so.0.0.4
b5f58000-b6049000 r-xp 00000000 08:01 18224410   /usr/lib/i386-linux-gnu/libasound.so.2.0.0
b6049000-b604d000 r--p 000f0000 08:01 18224410   /usr/lib/i386-linux-gnu/libasound.so.2.0.0
b604d000-b604e000 rw-p 000f4000 08:01 18224410   /usr/lib/i386-linux-gnu/libasound.so.2.0.0
b604e000-b6072000 r-xp 00000000 08:01 20841512   /lib/i386-linux-gnu/liblzma.so.5.0.0
b6072000-b6073000 r--p 00023000 08:01 20841512   /lib/i386-linux-gnu/liblzma.so.5.0.0
b6073000-b6074000 rw-p 00024000 08:01 20841512   /lib/i386-linux-gnu/liblzma.so.5.0.0
b6074000-b6075000 rw-p 00000000 00:00 0 
b6075000-b608d000 r-xp 00000000 08:01 20841628   /lib/i386-linux-gnu/libz.so.1.2.8
b608d000-b608e000 r--p 00017000 08:01 20841628   /lib/i386-linux-gnu/libz.so.1.2.8
b608e000-b608f000 rw-p 00018000 08:01 20841628   /lib/i386-linux-gnu/libz.so.1.2.8
b608f000-b6092000 r-xp 00000000 08:01 20854256   /lib/i386-linux-gnu/libdl-2.19.so
b6092000-b6093000 r--p 00002000 08:01 20854256   /lib/i386-linux-gnu/libdl-2.19.so
b6093000-b6094000 rw-p 00003000 08:01 20854256   /lib/i386-linux-gnu/libdl-2.19.so
b6094000-b623c000 r-xp 00000000 08:01 20854269   /lib/i386-linux-gnu/libc-2.19.so
b623c000-b623d000 ---p 001a8000 08:01 20854269   /lib/i386-linux-gnu/libc-2.19.so
b623d000-b623f000 r--p 001a8000 08:01 20854269   /lib/i386-linux-gnu/libc-2.19.so
b623f000-b6240000 rw-p 001aa000 08:01 20854269   /lib/i386-linux-gnu/libc-2.19.so
b6240000-b6243000 rw-p 00000000 00:00 0 
b6243000-b625f000 r-xp 00000000 08:01 20841980   /lib/i386-linux-gnu/libgcc_s.so.1
b625f000-b6260000 rw-p 0001b000 08:01 20841980   /lib/i386-linux-gnu/libgcc_s.so.1
b6260000-b633c000 r-xp 00000000 08:01 18223271   /usr/lib/i386-linux-gnu/libstdc++.so.6.0.19
b633c000-b6340000 r--p 000dc000 08:01 18223271   /usr/lib/i386-linux-gnu/libstdc++.so.6.0.19
b6340000-b6341000 rw-p 000e0000 08:01 18223271   /usr/lib/i386-linux-gnu/libstdc++.so.6.0.19
b6341000-b6349000 rw-p 00000000 00:00 0 
b6349000-b638d000 r-xp 00000000 08:01 20854254   /lib/i386-linux-gnu/libm-2.19.so
b638d000-b638e000 r--p 00043000 08:01 20854254   /lib/i386-linux-gnu/libm-2.19.so
b638e000-b638f000 rw-p 00044000 08:01 20854254   /lib/i386-linux-gnu/libm-2.19.so
b638f000-b6d8c000 r-xp 00000000 08:01 18483215   /usr/lib/jvm/java-7-openjdk-i386/jre/lib/i386/server/libjvm.so
b6d8c000-b6d8d000 ---p 009fd000 08:01 18483215   /usr/lib/jvm/java-7-openjdk-i386/jre/lib/i386/server/libjvm.so
b6d8d000-b6ddf000 r--p 009fd000 08:01 18483215   /usr/lib/jvm/java-7-openjdk-i386/jre/lib/i386/server/libjvm.so
b6ddf000-b6df3000 rw-p 00a4f000 08:01 18483215   /usr/lib/jvm/java-7-openjdk-i386/jre/lib/i386/server/libjvm.so
b6df3000-b7210000 rw-p 00000000 00:00 0 
b7210000-b7216000 r-xp 00000000 08:01 18240492   /usr/lib/i386-linux-gnu/libSDL2_ttf-2.0.so.0.10.2
b7216000-b7217000 r--p 00005000 08:01 18240492   /usr/lib/i386-linux-gnu/libSDL2_ttf-2.0.so.0.10.2
b7217000-b7218000 rw-p 00006000 08:01 18240492   /usr/lib/i386-linux-gnu/libSDL2_ttf-2.0.so.0.10.2
b7218000-b7324000 r-xp 00000000 08:01 18240490   /usr/lib/i386-linux-gnu/libSDL2-2.0.so.0.2.0
b7324000-b7327000 r--p 0010b000 08:01 18240490   /usr/lib/i386-linux-gnu/libSDL2-2.0.so.0.2.0
b7327000-b732a000 rw-p 0010e000 08:01 18240490   /usr/lib/i386-linux-gnu/libSDL2-2.0.so.0.2.0
b732a000-b732c000 rw-p 00000000 00:00 0 
b732c000-b7367000 r-xp 00000000 08:01 18219216   /usr/lib/libgslcblas.so.0.0.0
b7367000-b7368000 r--p 0003a000 08:01 18219216   /usr/lib/libgslcblas.so.0.0.0
b7368000-b7369000 rw-p 0003b000 08:01 18219216   /usr/lib/libgslcblas.so.0.0.0
b7369000-b736a000 rw-p 00000000 00:00 0 
b736a000-b7592000 r-xp 00000000 08:01 18220133   /usr/lib/libgsl.so.0.17.0
b7592000-b7593000 ---p 00228000 08:01 18220133   /usr/lib/libgsl.so.0.17.0
b7593000-b7595000 r--p 00228000 08:01 18220133   /usr/lib/libgsl.so.0.17.0
b7595000-b75a3000 rw-p 0022a000 08:01 18220133   /usr/lib/libgsl.so.0.17.0
b75a3000-b76f7000 r-xp 00000000 08:01 18219236   /usr/lib/i386-linux-gnu/libxml2.so.2.9.1
b76f7000-b76fb000 r--p 00154000 08:01 18219236   /usr/lib/i386-linux-gnu/libxml2.so.2.9.1
b76fb000-b76fc000 rw-p 00158000 08:01 18219236   /usr/lib/i386-linux-gnu/libxml2.so.2.9.1
b76fc000-b76fd000 rw-p 00000000 00:00 0 
b76fd000-b76ff000 r--s 00006000 08:01 18616755   /usr/share/java/java-atk-wrapper.jar
b76ff000-b7700000 r--p 00859000 08:01 18227311   /usr/lib/locale/locale-archive
b7700000-b7707000 r-xp 00000000 08:01 20854259   /lib/i386-linux-gnu/libnss_compat-2.19.so
b7707000-b7708000 r--p 00006000 08:01 20854259   /lib/i386-linux-gnu/libnss_compat-2.19.so
b7708000-b7709000 rw-p 00007000 08:01 20854259   /lib/i386-linux-gnu/libnss_compat-2.19.so
b7709000-b770a000 rw-p 00000000 00:00 0 
b770a000-b770b000 r--p 00000000 00:00 0 
b770b000-b7719000 r-xp 00000000 08:01 18483209   /usr/lib/jvm/java-7-openjdk-i386/jre/lib/i386/libverify.so
b7719000-b771a000 r--p 0000d000 08:01 18483209   /usr/lib/jvm/java-7-openjdk-i386/jre/lib/i386/libverify.so
b771a000-b771b000 rw-p 0000e000 08:01 18483209   /usr/lib/jvm/java-7-openjdk-i386/jre/lib/i386/libverify.so
b771b000-b771e000 rw-p 00000000 00:00 0 
b771e000-b771f000 r-xp 00000000 00:00 0          [vdso]
b771f000-b7721000 r--p 00000000 00:00 0          [vvar]
b7721000-b7741000 r-xp 00000000 08:01 20854262   /lib/i386-linux-gnu/ld-2.19.so
b7741000-b7742000 r--p 0001f000 08:01 20854262   /lib/i386-linux-gnu/ld-2.19.so
b7742000-b7743000 rw-p 00020000 08:01 20854262   /lib/i386-linux-gnu/ld-2.19.so
bfd10000-bfd11000 rwxp 00000000 00:00 0 
bfd14000-bfd17000 ---p 00000000 00:00 0 
bfd18000-bfd64000 rw-p 00000000 00:00 0          [stack]

VM Arguments:
jvm_args: -Djava.library.path=/usr/lib/jni 
java_command: <unknown>
Launcher Type: generic

Environment Variables:
PATH=/home/gregoire/Applications/anaconda3/bin:/usr/local/sbin:/usr/local/bin:/usr/sbin:/usr/bin:/sbin:/bin:/usr/games:/usr/local/games
SHELL=/bin/bash
DISPLAY=:0.0

Signal Handlers:
SIGSEGV: [libjvm.so+0x8191e0], sa_mask[0]=0x7ffbfeff, sa_flags=0x10000004
SIGBUS: [libjvm.so+0x8191e0], sa_mask[0]=0x7ffbfeff, sa_flags=0x10000004
SIGFPE: [libjvm.so+0x68ddb0], sa_mask[0]=0x7ffbfeff, sa_flags=0x10000004
SIGPIPE: [libjvm.so+0x68ddb0], sa_mask[0]=0x7ffbfeff, sa_flags=0x10000004
SIGXFSZ: [libjvm.so+0x68ddb0], sa_mask[0]=0x7ffbfeff, sa_flags=0x10000004
SIGILL: [libjvm.so+0x68ddb0], sa_mask[0]=0x7ffbfeff, sa_flags=0x10000004
SIGUSR1: SIG_DFL, sa_mask[0]=0x00000000, sa_flags=0x00000000
SIGUSR2: [libjvm.so+0x68df10], sa_mask[0]=0x00000000, sa_flags=0x10000004
SIGHUP: [libjvm.so+0x68de70], sa_mask[0]=0x7ffbfeff, sa_flags=0x10000004
SIGINT: [libjvm.so+0x68de70], sa_mask[0]=0x7ffbfeff, sa_flags=0x10000004
SIGTERM: [libjvm.so+0x68de70], sa_mask[0]=0x7ffbfeff, sa_flags=0x10000004
SIGQUIT: [libjvm.so+0x68de70], sa_mask[0]=0x7ffbfeff, sa_flags=0x10000004
SIGTRAP: SIG_DFL, sa_mask[0]=0x00000000, sa_flags=0x00000000


---------------  S Y S T E M  ---------------

OS:Ubuntu 14.04 (trusty)
uname:Linux 3.16.0-59-generic #79~14.04.1-Ubuntu SMP Mon Jan 18 15:39:06 UTC 2016 i686
libc:glibc 2.19 NPTL 2.19 
rlimit: STACK 8192k, CORE 0k, NPROC 31352, NOFILE 4096, AS infinity
load average:0.50 0.34 0.33

/proc/meminfo:
MemTotal:        4032724 kB
MemFree:         1244780 kB
MemAvailable:    2687008 kB
Buffers:          493560 kB
Cached:          1127300 kB
SwapCached:          172 kB
Active:          1863084 kB
Inactive:         680140 kB
Active(anon):     890740 kB
Inactive(anon):   114112 kB
Active(file):     972344 kB
Inactive(file):   566028 kB
Unevictable:           0 kB
Mlocked:               0 kB
HighTotal:       3170056 kB
HighFree:        1181948 kB
LowTotal:         862668 kB
LowFree:           62832 kB
SwapTotal:       4075516 kB
SwapFree:        4075300 kB
Dirty:              1148 kB
Writeback:             0 kB
AnonPages:        922284 kB
Mapped:           299100 kB
Shmem:             82488 kB
Slab:             200396 kB
SReclaimable:     181840 kB
SUnreclaim:        18556 kB
KernelStack:        3208 kB
PageTables:         8800 kB
NFS_Unstable:          0 kB
Bounce:                0 kB
WritebackTmp:          0 kB
CommitLimit:     6091876 kB
Committed_AS:    3535332 kB
VmallocTotal:     122880 kB
VmallocUsed:       19388 kB
VmallocChunk:      82208 kB
AnonHugePages:    438272 kB
HugePages_Total:       0
HugePages_Free:        0
HugePages_Rsvd:        0
HugePages_Surp:        0
Hugepagesize:       2048 kB
DirectMap4k:       17400 kB
DirectMap2M:      890880 kB


CPU:total 2 (2 cores per cpu, 1 threads per core) family 6 model 55 stepping 8, cmov, cx8, fxsr, mmx, sse, sse2, sse3, ssse3, sse4.1, sse4.2, popcnt, erms, tsc, tscinvbit

/proc/cpuinfo:
processor	: 0
vendor_id	: GenuineIntel
cpu family	: 6
model		: 55
model name	: Intel(R) Celeron(R) CPU  N2840  @ 2.16GHz
stepping	: 8
microcode	: 0x809
cpu MHz		: 2582.293
cache size	: 1024 KB
physical id	: 0
siblings	: 2
core id		: 0
cpu cores	: 2
apicid		: 0
initial apicid	: 0
fdiv_bug	: no
f00f_bug	: no
coma_bug	: no
fpu		: yes
fpu_exception	: yes
cpuid level	: 11
wp		: yes
flags		: fpu vme de pse tsc msr pae mce cx8 apic sep mtrr pge mca cmov pat pse36 clflush dts acpi mmx fxsr sse sse2 ss ht tm pbe nx rdtscp lm constant_tsc arch_perfmon pebs bts xtopology nonstop_tsc aperfmperf pni pclmulqdq dtes64 monitor ds_cpl vmx est tm2 ssse3 cx16 xtpr pdcm sse4_1 sse4_2 movbe popcnt tsc_deadline_timer rdrand lahf_lm 3dnowprefetch ida arat epb dtherm tpr_shadow vnmi flexpriority ept vpid tsc_adjust smep erms
bogomips	: 4326.40
clflush size	: 64
cache_alignment	: 64
address sizes	: 36 bits physical, 48 bits virtual
power management:

processor	: 1
vendor_id	: GenuineIntel
cpu family	: 6
model		: 55
model name	: Intel(R) Celeron(R) CPU  N2840  @ 2.16GHz
stepping	: 8
microcode	: 0x809
cpu MHz		: 2582.293
cache size	: 1024 KB
physical id	: 0
siblings	: 2
core id		: 1
cpu cores	: 2
apicid		: 2
initial apicid	: 2
fdiv_bug	: no
f00f_bug	: no
coma_bug	: no
fpu		: yes
fpu_exception	: yes
cpuid level	: 11
wp		: yes
flags		: fpu vme de pse tsc msr pae mce cx8 apic sep mtrr pge mca cmov pat pse36 clflush dts acpi mmx fxsr sse sse2 ss ht tm pbe nx rdtscp lm constant_tsc arch_perfmon pebs bts xtopology nonstop_tsc aperfmperf pni pclmulqdq dtes64 monitor ds_cpl vmx est tm2 ssse3 cx16 xtpr pdcm sse4_1 sse4_2 movbe popcnt tsc_deadline_timer rdrand lahf_lm 3dnowprefetch ida arat epb dtherm tpr_shadow vnmi flexpriority ept vpid tsc_adjust smep erms
bogomips	: 4326.40
clflush size	: 64
cache_alignment	: 64
address sizes	: 36 bits physical, 48 bits virtual
power management:



Memory: 4k page, physical 4032724k(1244780k free), swap 4075516k(4075300k free)

vm_info: OpenJDK Server VM (24.111-b01) for linux-x86 JRE (1.7.0_111-b01), built on Aug 12 2016 05:32:15 by "buildd" with gcc 4.8.4

time: Wed Nov 16 10:06:19 2016
elapsed time: 5 seconds

