#
# A fatal error has been detected by the Java Runtime Environment:
#
#  SIGSEGV (0xb) at pc=0x080924a7, pid=18835, tid=3045492480
#
# JRE version: OpenJDK Runtime Environment (7.0_111-b01) (build 1.7.0_111-b01)
# Java VM: OpenJDK Server VM (24.111-b01 mixed mode linux-x86 )
# Derivative: IcedTea 2.6.7
# Distribution: Ubuntu 14.04 LTS, package 7u111-2.6.7-0ubuntu0.14.04.3
# Problematic frame:
# C  [exe_projectRobotran+0x4a4a7]  ctrlGr4::SearchGraph::computePath(int, int)+0x137
#
# Failed to write core dump. Core dumps have been disabled. To enable core dumping, try "ulimit -c unlimited" before starting Java again
#
# If you would like to submit a bug report, please include
# instructions on how to reproduce the bug and visit:
#   http://icedtea.classpath.org/bugzilla
# The crash happened outside the Java Virtual Machine in native code.
# See problematic frame for where to report the bug.
#

---------------  T H R E A D  ---------------

Current thread (0x08e40000):  JavaThread "main" [_thread_in_native, id=18835, stack(0xbfef6000,0xbff46000)]

siginfo:si_signo=SIGSEGV: si_errno=0, si_code=1 (SEGV_MAPERR), si_addr=0x0000002c

Registers:
EAX=0x00000000, EBX=0x00000000, ECX=0x00000004, EDX=0x094f6b18
ESP=0xbff449c0, EBP=0xbff44a58, ESI=0x094f5f9c, EDI=0x094f5f98
EIP=0x080924a7, EFLAGS=0x00010246, CR2=0x0000002c

Top of Stack: (sp=0xbff449c0)
0xbff449c0:   bff449fc 094f5f9c 094f6000 080a56d4
0xbff449d0:   bff44a0c bff44a01 00000000 00000038
0xbff449e0:   00000000 094f6a28 00000000 0000006e
0xbff449f0:   00000000 00000077 094f5fa0 094f6c18
0xbff44a00:   094f6a90 094f69c0 094f5fc0 bff44a68
0xbff44a10:   b6209420 094f5fc0 bff44ac8 b60d4888
0xbff44a20:   bff44a3c 094f5f9c 094f5fa0 080a56d4
0xbff44a30:   00000000 00000000 00000000 b62748b7 

Instructions: (pc=0x080924a7)
0x08092487:   54 24 08 89 74 24 04 89 1c 24 e8 ca 05 00 00 8b
0x08092497:   55 a4 83 ec 04 8b 42 14 31 db 89 45 8c 8b 45 90
0x080924a7:   8b 40 2c c7 44 24 04 a5 2d 0a 08 c7 04 24 01 00
0x080924b7:   00 00 89 45 9c 8b 45 10 89 44 24 08 e8 e8 a4 fc 

Register to memory mapping:

EAX=0x00000000 is an unknown value
EBX=0x00000000 is an unknown value
ECX=0x00000004 is an unknown value
EDX=0x094f6b18 is an unknown value
ESP=0xbff449c0 is pointing into the stack for thread: 0x08e40000
EBP=0xbff44a58 is pointing into the stack for thread: 0x08e40000
ESI=0x094f5f9c is an unknown value
EDI=0x094f5f98 is an unknown value


Stack: [0xbfef6000,0xbff46000],  sp=0xbff449c0,  free space=314k
Native frames: (J=compiled Java code, j=interpreted, Vv=VM code, C=native code)
C  [exe_projectRobotran+0x4a4a7]  ctrlGr4::SearchGraph::computePath(int, int)+0x137
C  [exe_projectRobotran+0x495d4]  ctrlGr4::controller_loop(ctrlGr4::CtrlStruct*)+0x2e4


---------------  P R O C E S S  ---------------

Java Threads: ( => current thread )
  0x091c2c00 JavaThread "J3D-BehaviorStructureUpdateThread-1" [_thread_blocked, id=18859, stack(0x65125000,0x65176000)]
  0x0944a400 JavaThread "AWT-EventQueue-0" [_thread_blocked, id=18858, stack(0x653af000,0x65400000)]
  0x09449c00 JavaThread "AWT-Shutdown" [_thread_blocked, id=18857, stack(0x6535e000,0x653af000)]
  0x0934b000 JavaThread "Image Fetcher 0" daemon [_thread_blocked, id=18856, stack(0x6530d000,0x6535e000)]
  0x093a5000 JavaThread "Timer-0" daemon [_thread_blocked, id=18853, stack(0x65547000,0x65598000)]
  0x09343400 JavaThread "J3D-Renderer-1" [_thread_blocked, id=18852, stack(0x65c87000,0x65cd8000)]
  0x09369400 JavaThread "J3D-MasterControl-1" [_thread_blocked, id=18851, stack(0x65cd8000,0x65d29000)]
  0x0933e400 JavaThread "J3D-NotificationThread" [_thread_blocked, id=18850, stack(0x65d29000,0x65d7a000)]
  0x0933fc00 JavaThread "J3D-TimerThread" [_thread_blocked, id=18849, stack(0x65d7a000,0x65dcb000)]
  0x09362000 JavaThread "J3D-RenderingAttributesStructureUpdateThread" [_thread_blocked, id=18848, stack(0x65dcb000,0x65e1c000)]
  0x090b6800 JavaThread "AWT-XAWT" daemon [_thread_in_native, id=18847, stack(0x66060000,0x660b1000)]
  0x090a6000 JavaThread "Java2D Disposer" daemon [_thread_blocked, id=18846, stack(0x660b1000,0x66102000)]
  0x08f66800 JavaThread "Service Thread" daemon [_thread_blocked, id=18844, stack(0x6660b000,0x6665c000)]
  0x08f64800 JavaThread "C2 CompilerThread1" daemon [_thread_blocked, id=18843, stack(0x6665c000,0x666dd000)]
  0x08f62800 JavaThread "C2 CompilerThread0" daemon [_thread_blocked, id=18842, stack(0x666dd000,0x6675e000)]
  0x08f61000 JavaThread "Signal Dispatcher" daemon [_thread_blocked, id=18841, stack(0x6675e000,0x667af000)]
  0x08f4bc00 JavaThread "Finalizer" daemon [_thread_blocked, id=18840, stack(0x669af000,0x66a00000)]
  0x08f4a000 JavaThread "Reference Handler" daemon [_thread_blocked, id=18839, stack(0x66b08000,0x66b59000)]
=>0x08e40000 JavaThread "main" [_thread_in_native, id=18835, stack(0xbfef6000,0xbff46000)]

Other Threads:
  0x08f47800 VMThread [stack: 0x66b59000,0x66bda000] [id=18838]
  0x08f68800 WatcherThread [stack: 0x6658a000,0x6660b000] [id=18845]

VM state:not at safepoint (normal execution)

VM Mutex/Monitor currently owned by a thread: None

Heap
 PSYoungGen      total 72448K, used 15651K [0x9adc0000, 0xa2cc0000, 0xaf680000)
  eden space 56576K, 10% used [0x9adc0000,0x9b35c640,0x9e500000)
  from space 15872K, 62% used [0x9e500000,0x9eeac7b0,0x9f480000)
  to   space 15872K, 0% used [0xa1d40000,0xa1d40000,0xa2cc0000)
 ParOldGen       total 40704K, used 8155K [0x71c80000, 0x74440000, 0x9adc0000)
  object space 40704K, 20% used [0x71c80000,0x72476f70,0x74440000)
 PSPermGen       total 25856K, used 13894K [0x69c80000, 0x6b5c0000, 0x71c80000)
  object space 25856K, 53% used [0x69c80000,0x6aa11ae8,0x6b5c0000)

Card table byte_map: [0x69a52000,0x69c80000] byte_map_base: 0x69703c00

Polling page: 0xb76d4000

Code Cache  [0xaf769000, 0xaf9a9000, 0xb2769000)
 total_blobs=591 nmethods=257 adapters=288 free_code_cache=48255Kb largest_free_block=49361152

Compilation events (10 events):
Event: 4.571 Thread 0x08f62800 nmethod 270 0xaf7da408 code [0xaf7da4e0, 0xaf7da550]
Event: 4.622 Thread 0x08f62800  271             java.lang.StringBuilder::<init> (7 bytes)
Event: 4.623 Thread 0x08f62800 nmethod 271 0xaf83bf48 code [0xaf83c040, 0xaf83c110]
Event: 4.644 Thread 0x08f62800  272             sun.java2d.loops.GraphicsPrimitive::getUniqueID (5 bytes)
Event: 4.644 Thread 0x08f62800 nmethod 272 0xaf7da288 code [0xaf7da360, 0xaf7da3b0]
Event: 4.688 Thread 0x08f64800 nmethod 255% 0xaf84cd48 code [0xaf84d300, 0xaf8504c8]
Event: 5.408 Thread 0x08f62800  273             java.util.logging.Level::intValue (5 bytes)
Event: 5.409 Thread 0x08f62800 nmethod 273 0xaf7f2808 code [0xaf7f28e0, 0xaf7f2930]
Event: 5.409 Thread 0x08f62800  274             sun.util.logging.LoggingSupport::ensureAvailable (17 bytes)
Event: 5.409 Thread 0x08f62800 nmethod 274 0xaf7c0e88 code [0xaf7c0f60, 0xaf7c0f90]

GC Heap History (10 events):
Event: 2.763 GC heap before
{Heap before GC invocations=4 (full 0):
 PSYoungGen      total 18432K, used 18416K [0x9adc0000, 0x9d1c0000, 0xaf680000)
  eden space 15872K, 100% used [0x9adc0000,0x9bd40000,0x9bd40000)
  from space 2560K, 99% used [0x9bd40000,0x9bfbc050,0x9bfc0000)
  to   space 2560K, 0% used [0x9cf40000,0x9cf40000,0x9d1c0000)
 ParOldGen       total 41984K, used 12679K [0x71c80000, 0x74580000, 0x9adc0000)
  object space 41984K, 30% used [0x71c80000,0x728e1f98,0x74580000)
 PSPermGen       total 16384K, used 12172K [0x69c80000, 0x6ac80000, 0x71c80000)
  object space 16384K, 74% used [0x69c80000,0x6a863330,0x6ac80000)
Event: 2.824 GC heap after
Heap after GC invocations=4 (full 0):
 PSYoungGen      total 34304K, used 2552K [0x9adc0000, 0x9d1c0000, 0xaf680000)
  eden space 31744K, 0% used [0x9adc0000,0x9adc0000,0x9ccc0000)
  from space 2560K, 99% used [0x9cf40000,0x9d1be060,0x9d1c0000)
  to   space 2560K, 0% used [0x9ccc0000,0x9ccc0000,0x9cf40000)
 ParOldGen       total 41984K, used 22214K [0x71c80000, 0x74580000, 0x9adc0000)
  object space 41984K, 52% used [0x71c80000,0x732318f0,0x74580000)
 PSPermGen       total 16384K, used 12172K [0x69c80000, 0x6ac80000, 0x71c80000)
  object space 16384K, 74% used [0x69c80000,0x6a863330,0x6ac80000)
}
Event: 3.174 GC heap before
{Heap before GC invocations=5 (full 0):
 PSYoungGen      total 34304K, used 34296K [0x9adc0000, 0x9d1c0000, 0xaf680000)
  eden space 31744K, 100% used [0x9adc0000,0x9ccc0000,0x9ccc0000)
  from space 2560K, 99% used [0x9cf40000,0x9d1be060,0x9d1c0000)
  to   space 2560K, 0% used [0x9ccc0000,0x9ccc0000,0x9cf40000)
 ParOldGen       total 41984K, used 22214K [0x71c80000, 0x74580000, 0x9adc0000)
  object space 41984K, 52% used [0x71c80000,0x732318f0,0x74580000)
 PSPermGen       total 16384K, used 12852K [0x69c80000, 0x6ac80000, 0x71c80000)
  object space 16384K, 78% used [0x69c80000,0x6a90d168,0x6ac80000)
Event: 3.211 GC heap after
Heap after GC invocations=5 (full 0):
 PSYoungGen      total 34304K, used 2557K [0x9adc0000, 0xa0b40000, 0xaf680000)
  eden space 31744K, 0% used [0x9adc0000,0x9adc0000,0x9ccc0000)
  from space 2560K, 99% used [0x9ccc0000,0x9cf3f470,0x9cf40000)
  to   space 16128K, 0% used [0x9fb80000,0x9fb80000,0xa0b40000)
 ParOldGen       total 41984K, used 30184K [0x71c80000, 0x74580000, 0x9adc0000)
  object space 41984K, 71% used [0x71c80000,0x739fa378,0x74580000)
 PSPermGen       total 16384K, used 12852K [0x69c80000, 0x6ac80000, 0x71c80000)
  object space 16384K, 78% used [0x69c80000,0x6a90d168,0x6ac80000)
}
Event: 3.211 GC heap before
{Heap before GC invocations=6 (full 1):
 PSYoungGen      total 34304K, used 2557K [0x9adc0000, 0xa0b40000, 0xaf680000)
  eden space 31744K, 0% used [0x9adc0000,0x9adc0000,0x9ccc0000)
  from space 2560K, 99% used [0x9ccc0000,0x9cf3f470,0x9cf40000)
  to   space 16128K, 0% used [0x9fb80000,0x9fb80000,0xa0b40000)
 ParOldGen       total 41984K, used 30184K [0x71c80000, 0x74580000, 0x9adc0000)
  object space 41984K, 71% used [0x71c80000,0x739fa378,0x74580000)
 PSPermGen       total 16384K, used 12852K [0x69c80000, 0x6ac80000, 0x71c80000)
  object space 16384K, 78% used [0x69c80000,0x6a90d168,0x6ac80000)
Event: 3.313 GC heap after
Heap after GC invocations=6 (full 1):
 PSYoungGen      total 34304K, used 0K [0x9adc0000, 0xa0b40000, 0xaf680000)
  eden space 31744K, 0% used [0x9adc0000,0x9adc0000,0x9ccc0000)
  from space 2560K, 0% used [0x9ccc0000,0x9ccc0000,0x9cf40000)
  to   space 16128K, 0% used [0x9fb80000,0x9fb80000,0xa0b40000)
 ParOldGen       total 40704K, used 8155K [0x71c80000, 0x74440000, 0x9adc0000)
  object space 40704K, 20% used [0x71c80000,0x72476f70,0x74440000)
 PSPermGen       total 25856K, used 12848K [0x69c80000, 0x6b5c0000, 0x71c80000)
  object space 25856K, 49% used [0x69c80000,0x6a90c208,0x6b5c0000)
}
Event: 3.724 GC heap before
{Heap before GC invocations=7 (full 1):
 PSYoungGen      total 34304K, used 31744K [0x9adc0000, 0xa0b40000, 0xaf680000)
  eden space 31744K, 100% used [0x9adc0000,0x9ccc0000,0x9ccc0000)
  from space 2560K, 0% used [0x9ccc0000,0x9ccc0000,0x9cf40000)
  to   space 16128K, 0% used [0x9fb80000,0x9fb80000,0xa0b40000)
 ParOldGen       total 40704K, used 8155K [0x71c80000, 0x74440000, 0x9adc0000)
  object space 40704K, 20% used [0x71c80000,0x72476f70,0x74440000)
 PSPermGen       total 25856K, used 12892K [0x69c80000, 0x6b5c0000, 0x71c80000)
  object space 25856K, 49% used [0x69c80000,0x6a9171d0,0x6b5c0000)
Event: 3.743 GC heap after
Heap after GC invocations=7 (full 1):
 PSYoungGen      total 65280K, used 4469K [0x9adc0000, 0xa0400000, 0xaf680000)
  eden space 56576K, 0% used [0x9adc0000,0x9adc0000,0x9e500000)
  from space 8704K, 51% used [0x9fb80000,0x9ffdd4e0,0xa0400000)
  to   space 15872K, 0% used [0x9e500000,0x9e500000,0x9f480000)
 ParOldGen       total 40704K, used 8155K [0x71c80000, 0x74440000, 0x9adc0000)
  object space 40704K, 20% used [0x71c80000,0x72476f70,0x74440000)
 PSPermGen       total 25856K, used 12892K [0x69c80000, 0x6b5c0000, 0x71c80000)
  object space 25856K, 49% used [0x69c80000,0x6a9171d0,0x6b5c0000)
}
Event: 4.390 GC heap before
{Heap before GC invocations=8 (full 1):
 PSYoungGen      total 65280K, used 61045K [0x9adc0000, 0xa0400000, 0xaf680000)
  eden space 56576K, 100% used [0x9adc0000,0x9e500000,0x9e500000)
  from space 8704K, 51% used [0x9fb80000,0x9ffdd4e0,0xa0400000)
  to   space 15872K, 0% used [0x9e500000,0x9e500000,0x9f480000)
 ParOldGen       total 40704K, used 8155K [0x71c80000, 0x74440000, 0x9adc0000)
  object space 40704K, 20% used [0x71c80000,0x72476f70,0x74440000)
 PSPermGen       total 25856K, used 12936K [0x69c80000, 0x6b5c0000, 0x71c80000)
  object space 25856K, 50% used [0x69c80000,0x6a922218,0x6b5c0000)
Event: 4.408 GC heap after
Heap after GC invocations=8 (full 1):
 PSYoungGen      total 72448K, used 9905K [0x9adc0000, 0xa2cc0000, 0xaf680000)
  eden space 56576K, 0% used [0x9adc0000,0x9adc0000,0x9e500000)
  from space 15872K, 62% used [0x9e500000,0x9eeac7b0,0x9f480000)
  to   space 15872K, 0% used [0xa1d40000,0xa1d40000,0xa2cc0000)
 ParOldGen       total 40704K, used 8155K [0x71c80000, 0x74440000, 0x9adc0000)
  object space 40704K, 20% used [0x71c80000,0x72476f70,0x74440000)
 PSPermGen       total 25856K, used 12936K [0x69c80000, 0x6b5c0000, 0x71c80000)
  object space 25856K, 50% used [0x69c80000,0x6a922218,0x6b5c0000)
}

Deoptimization events (10 events):
Event: 3.382 Thread 0x08e40000 Uncommon trap: reason=unstable_if action=reinterpret pc=0xaf8129f0 method=com.sun.j3d.utils.geometry.EdgeTable.<init>([I)V @ 68
Event: 3.388 Thread 0x08e40000 Uncommon trap: reason=unstable_if action=reinterpret pc=0xaf821ba8 method=sun.misc.FloatingDecimal.readJavaFormatString(Ljava/lang/String;)Lsun/misc/FloatingDecimal; @ 509
Event: 3.422 Thread 0x08e40000 Uncommon trap: reason=unstable_if action=reinterpret pc=0xaf8050d4 method=com.sun.j3d.utils.geometry.EdgeTable.<init>([I)V @ 68
Event: 4.447 Thread 0x08e40000 Uncommon trap: reason=unstable_if action=reinterpret pc=0xaf823df4 method=java.util.Properties.load0(Ljava/util/Properties$LineReader;)V @ 12
Event: 4.455 Thread 0x08e40000 Uncommon trap: reason=unstable_if action=reinterpret pc=0xaf7dc008 method=java.util.ArrayList.indexOf(Ljava/lang/Object;)I @ 41
Event: 4.533 Thread 0x08e40000 Uncommon trap: reason=unstable_if action=reinterpret pc=0xaf7f51ac method=javax.media.j3d.GeometryArrayRetained.computeBoundingBox(I[F)V @ 30
Event: 4.633 Thread 0x08e40000 Uncommon trap: reason=bimorphic action=maybe_recompile pc=0xaf826ba4 method=java.util.HashMap.put(Ljava/lang/Object;Ljava/lang/Object;)Ljava/lang/Object; @ 83
Event: 4.652 Thread 0x08e40000 Uncommon trap: reason=bimorphic action=maybe_recompile pc=0xaf826ba4 method=java.util.HashMap.put(Ljava/lang/Object;Ljava/lang/Object;)Ljava/lang/Object; @ 83
Event: 4.655 Thread 0x08e40000 Uncommon trap: reason=bimorphic action=maybe_recompile pc=0xaf826ba4 method=java.util.HashMap.put(Ljava/lang/Object;Ljava/lang/Object;)Ljava/lang/Object; @ 83
Event: 4.733 Thread 0x0944a400 Uncommon trap: reason=unstable_if action=reinterpret pc=0xaf8357dc method=java.lang.Class.getName()Ljava/lang/String; @ 6

Internal exceptions (10 events):
Event: 2.934 Thread 0x08e40000 Implicit null exception at 0xaf7f1acd to 0xaf7f20b5
Event: 3.052 Thread 0x08e40000 Implicit null exception at 0xaf7f9b8f to 0xaf7fa241
Event: 3.052 Thread 0x08e40000 Implicit null exception at 0xaf7f9b8f to 0xaf7fa241
Event: 3.055 Thread 0x08e40000 Implicit null exception at 0xaf7f9b8f to 0xaf7fa241
Event: 3.379 Thread 0x08e40000 Implicit null exception at 0xaf828a13 to 0xaf828c51
Event: 4.371 Thread 0x08e40000 Threw 0x9e47afc0 at /build/openjdk-7-Ylwexc/openjdk-7-7u111-2.6.7/build/openjdk/hotspot/src/share/vm/prims/jvm.cpp:1322
Event: 4.449 Thread 0x08e40000 Threw 0x9af05a48 at /build/openjdk-7-Ylwexc/openjdk-7-7u111-2.6.7/build/openjdk/hotspot/src/share/vm/prims/jvm.cpp:1322
Event: 4.450 Thread 0x08e40000 Threw 0x9af08c18 at /build/openjdk-7-Ylwexc/openjdk-7-7u111-2.6.7/build/openjdk/hotspot/src/share/vm/prims/jvm.cpp:1322
Event: 4.733 Thread 0x0944a400 Implicit null exception at 0xaf8353b1 to 0xaf8357c5
Event: 5.389 Thread 0x0944a400 Threw 0x9b2a68a8 at /build/openjdk-7-Ylwexc/openjdk-7-7u111-2.6.7/build/openjdk/hotspot/src/share/vm/prims/jni.cpp:747

Events (10 events):
Event: 5.391 loading class 0x08fcf560 done
Event: 5.391 loading class 0x08fcfd28 done
Event: 5.391 loading class 0x094cbf68 done
Event: 5.407 loading class 0x09018608
Event: 5.408 loading class 0x09018608 done
Event: 5.422 loading class 0x093280e0
Event: 5.422 loading class 0x093280e0 done
Event: 5.428 Thread 0x091c2c00 Thread added: 0x091c2c00
Event: 5.428 Executing VM operation: RevokeBias
Event: 5.428 Executing VM operation: RevokeBias done


Dynamic libraries:
08048000-080b5000 r-xp 00000000 08:01 5902081    /home/gregoire/Documents/MobileRobots/MobileRobotsProject/workR/build/exe_projectRobotran
080b5000-080b6000 r--p 0006d000 08:01 5902081    /home/gregoire/Documents/MobileRobots/MobileRobotsProject/workR/build/exe_projectRobotran
080b6000-080b7000 rw-p 0006e000 08:01 5902081    /home/gregoire/Documents/MobileRobots/MobileRobotsProject/workR/build/exe_projectRobotran
08e31000-0977e000 rw-p 00000000 00:00 0          [heap]
64d10000-64d61000 rw-p 00000000 00:00 0          [stack:18861]
64d61000-64d64000 ---p 00000000 00:00 0 
64d64000-64eb0000 rw-p 00000000 00:00 0          [stack:18860]
64eb0000-65000000 rw-s 00000000 00:04 43319316   /SYSV00000000 (deleted)
65000000-650f9000 rw-p 00000000 00:00 0 
650f9000-65100000 ---p 00000000 00:00 0 
65125000-65128000 ---p 00000000 00:00 0 
65128000-65176000 rw-p 00000000 00:00 0          [stack:18859]
65176000-651ab000 r-xp 00000000 08:01 18225272   /usr/lib/i386-linux-gnu/libtxc_dxtn_s2tc.so.0.0.0
651ab000-651ac000 r--p 00034000 08:01 18225272   /usr/lib/i386-linux-gnu/libtxc_dxtn_s2tc.so.0.0.0
651ac000-651ad000 rw-p 00035000 08:01 18225272   /usr/lib/i386-linux-gnu/libtxc_dxtn_s2tc.so.0.0.0
651ad000-651fd000 r-xp 00000000 08:01 18484113   /usr/lib/jvm/java-7-openjdk-i386/jre/lib/i386/libfontmanager.so
651fd000-651ff000 r--p 0004f000 08:01 18484113   /usr/lib/jvm/java-7-openjdk-i386/jre/lib/i386/libfontmanager.so
651ff000-65200000 rw-p 00051000 08:01 18484113   /usr/lib/jvm/java-7-openjdk-i386/jre/lib/i386/libfontmanager.so
65200000-652f9000 rw-p 00000000 00:00 0 
652f9000-65300000 ---p 00000000 00:00 0 
6530d000-65310000 ---p 00000000 00:00 0 
65310000-6535e000 rw-p 00000000 00:00 0          [stack:18856]
6535e000-65361000 ---p 00000000 00:00 0 
65361000-653af000 rw-p 00000000 00:00 0          [stack:18857]
653af000-653b2000 ---p 00000000 00:00 0 
653b2000-65400000 rw-p 00000000 00:00 0          [stack:18858]
65400000-65431000 rw-p 00000000 00:00 0 
65431000-65500000 ---p 00000000 00:00 0 
65528000-6552d000 rw-p 00000000 00:00 0 
6552d000-65534000 r--s 00000000 08:01 18219920   /usr/lib/i386-linux-gnu/gconv/gconv-modules.cache
65534000-65545000 r-xp 00000000 08:01 18483846   /usr/lib/jvm/java-7-openjdk-i386/jre/lib/i386/libnio.so
65545000-65546000 r--p 00010000 08:01 18483846   /usr/lib/jvm/java-7-openjdk-i386/jre/lib/i386/libnio.so
65546000-65547000 rw-p 00011000 08:01 18483846   /usr/lib/jvm/java-7-openjdk-i386/jre/lib/i386/libnio.so
65547000-6554a000 ---p 00000000 00:00 0 
6554a000-65598000 rw-p 00000000 00:00 0          [stack:18853]
65598000-655a1000 r-xp 00000000 08:01 18225079   /usr/lib/i386-linux-gnu/libpciaccess.so.0.11.1
655a1000-655a2000 r--p 00008000 08:01 18225079   /usr/lib/i386-linux-gnu/libpciaccess.so.0.11.1
655a2000-655a3000 rw-p 00009000 08:01 18225079   /usr/lib/i386-linux-gnu/libpciaccess.so.0.11.1
655a3000-655ae000 r-xp 00000000 08:01 18221979   /usr/lib/i386-linux-gnu/libdrm_radeon.so.1.0.1
655ae000-655af000 r--p 0000a000 08:01 18221979   /usr/lib/i386-linux-gnu/libdrm_radeon.so.1.0.1
655af000-655b0000 rw-p 0000b000 08:01 18221979   /usr/lib/i386-linux-gnu/libdrm_radeon.so.1.0.1
655b0000-655b7000 r-xp 00000000 08:01 18221982   /usr/lib/i386-linux-gnu/libdrm_nouveau.so.2.0.0
655b7000-655b8000 r--p 00006000 08:01 18221982   /usr/lib/i386-linux-gnu/libdrm_nouveau.so.2.0.0
655b8000-655b9000 rw-p 00007000 08:01 18221982   /usr/lib/i386-linux-gnu/libdrm_nouveau.so.2.0.0
655b9000-655da000 r-xp 00000000 08:01 18221790   /usr/lib/i386-linux-gnu/libdrm_intel.so.1.0.0
655da000-655db000 r--p 00020000 08:01 18221790   /usr/lib/i386-linux-gnu/libdrm_intel.so.1.0.0
655db000-655dc000 rw-p 00021000 08:01 18221790   /usr/lib/i386-linux-gnu/libdrm_intel.so.1.0.0
655dc000-65c06000 r-xp 00000000 08:01 18219429   /usr/lib/i386-linux-gnu/dri/i965_dri.so
65c06000-65c27000 r--p 00629000 08:01 18219429   /usr/lib/i386-linux-gnu/dri/i965_dri.so
65c27000-65c2d000 rw-p 0064a000 08:01 18219429   /usr/lib/i386-linux-gnu/dri/i965_dri.so
65c2d000-65c33000 rw-p 00000000 00:00 0 
65c33000-65c3b000 r-xp 00000000 08:01 20841527   /lib/i386-linux-gnu/libnih-dbus.so.1.0.0
65c3b000-65c3c000 r--p 00007000 08:01 20841527   /lib/i386-linux-gnu/libnih-dbus.so.1.0.0
65c3c000-65c3d000 rw-p 00008000 08:01 20841527   /lib/i386-linux-gnu/libnih-dbus.so.1.0.0
65c3d000-65c54000 r-xp 00000000 08:01 20841529   /lib/i386-linux-gnu/libnih.so.1.0.0
65c54000-65c55000 r--p 00016000 08:01 20841529   /lib/i386-linux-gnu/libnih.so.1.0.0
65c55000-65c56000 rw-p 00017000 08:01 20841529   /lib/i386-linux-gnu/libnih.so.1.0.0
65c56000-65c72000 r-xp 00000000 08:01 20841579   /lib/i386-linux-gnu/libcgmanager.so.0.0.0
65c72000-65c73000 r--p 0001b000 08:01 20841579   /lib/i386-linux-gnu/libcgmanager.so.0.0.0
65c73000-65c74000 rw-p 0001c000 08:01 20841579   /lib/i386-linux-gnu/libcgmanager.so.0.0.0
65c74000-65c85000 r-xp 00000000 08:01 20840723   /lib/i386-linux-gnu/libudev.so.1.3.5
65c85000-65c86000 r--p 00010000 08:01 20840723   /lib/i386-linux-gnu/libudev.so.1.3.5
65c86000-65c87000 rw-p 00011000 08:01 20840723   /lib/i386-linux-gnu/libudev.so.1.3.5
65c87000-65c8a000 ---p 00000000 00:00 0 
65c8a000-65cd8000 rw-p 00000000 00:00 0          [stack:18852]
65cd8000-65cdb000 ---p 00000000 00:00 0 
65cdb000-65d29000 rw-p 00000000 00:00 0          [stack:18851]
65d29000-65d2c000 ---p 00000000 00:00 0 
65d2c000-65d7a000 rw-p 00000000 00:00 0          [stack:18850]
65d7a000-65d7d000 ---p 00000000 00:00 0 
65d7d000-65dcb000 rw-p 00000000 00:00 0          [stack:18849]
65dcb000-65dce000 ---p 00000000 00:00 0 
65dce000-65e1c000 rw-p 00000000 00:00 0          [stack:18848]
65e1c000-65e2a000 r-xp 00000000 08:01 18222710   /usr/lib/i386-linux-gnu/libdrm.so.2.4.0
65e2a000-65e2b000 r--p 0000d000 08:01 18222710   /usr/lib/i386-linux-gnu/libdrm.so.2.4.0
65e2b000-65e2c000 rw-p 0000e000 08:01 18222710   /usr/lib/i386-linux-gnu/libdrm.so.2.4.0
65e2c000-65e30000 r-xp 00000000 08:01 18225362   /usr/lib/i386-linux-gnu/libxcb-dri2.so.0.0.0
65e30000-65e31000 r--p 00003000 08:01 18225362   /usr/lib/i386-linux-gnu/libxcb-dri2.so.0.0.0
65e31000-65e32000 rw-p 00004000 08:01 18225362   /usr/lib/i386-linux-gnu/libxcb-dri2.so.0.0.0
65e32000-65e48000 r-xp 00000000 08:01 18225366   /usr/lib/i386-linux-gnu/libxcb-glx.so.0.0.0
65e48000-65e49000 r--p 00016000 08:01 18225366   /usr/lib/i386-linux-gnu/libxcb-glx.so.0.0.0
65e49000-65e4a000 rw-p 00017000 08:01 18225366   /usr/lib/i386-linux-gnu/libxcb-glx.so.0.0.0
65e4a000-65e4b000 r-xp 00000000 08:01 18224322   /usr/lib/i386-linux-gnu/libX11-xcb.so.1.0.0
65e4b000-65e4c000 r--p 00000000 08:01 18224322   /usr/lib/i386-linux-gnu/libX11-xcb.so.1.0.0
65e4c000-65e4d000 rw-p 00001000 08:01 18224322   /usr/lib/i386-linux-gnu/libX11-xcb.so.1.0.0
65e4d000-65e4f000 r-xp 00000000 08:01 18224337   /usr/lib/i386-linux-gnu/libXdamage.so.1.1.0
65e4f000-65e50000 r--p 00001000 08:01 18224337   /usr/lib/i386-linux-gnu/libXdamage.so.1.1.0
65e50000-65e51000 rw-p 00002000 08:01 18224337   /usr/lib/i386-linux-gnu/libXdamage.so.1.1.0
65e51000-65e64000 r-xp 00000000 08:01 18224101   /usr/lib/i386-linux-gnu/libglapi.so.0.0.0
65e64000-65e66000 r--p 00013000 08:01 18224101   /usr/lib/i386-linux-gnu/libglapi.so.0.0.0
65e66000-65e6c000 rwxp 00015000 08:01 18224101   /usr/lib/i386-linux-gnu/libglapi.so.0.0.0
65e6c000-65e6d000 r-xp 00000000 08:01 18225404   /usr/lib/i386-linux-gnu/libxshmfence.so.1.0.0
65e6d000-65e6e000 r--p 00000000 08:01 18225404   /usr/lib/i386-linux-gnu/libxshmfence.so.1.0.0
65e6e000-65e6f000 rw-p 00001000 08:01 18225404   /usr/lib/i386-linux-gnu/libxshmfence.so.1.0.0
65e6f000-65e74000 r-xp 00000000 08:01 18225386   /usr/lib/i386-linux-gnu/libxcb-sync.so.1.0.0
65e74000-65e75000 r--p 00004000 08:01 18225386   /usr/lib/i386-linux-gnu/libxcb-sync.so.1.0.0
65e75000-65e76000 rw-p 00005000 08:01 18225386   /usr/lib/i386-linux-gnu/libxcb-sync.so.1.0.0
65e76000-65e78000 r-xp 00000000 08:01 18225374   /usr/lib/i386-linux-gnu/libxcb-present.so.0.0.0
65e78000-65e79000 r--p 00001000 08:01 18225374   /usr/lib/i386-linux-gnu/libxcb-present.so.0.0.0
65e79000-65e7a000 rw-p 00002000 08:01 18225374   /usr/lib/i386-linux-gnu/libxcb-present.so.0.0.0
65e7a000-65e7c000 r-xp 00000000 08:01 18225364   /usr/lib/i386-linux-gnu/libxcb-dri3.so.0.0.0
65e7c000-65e7d000 r--p 00001000 08:01 18225364   /usr/lib/i386-linux-gnu/libxcb-dri3.so.0.0.0
65e7d000-65e7e000 rw-p 00002000 08:01 18225364   /usr/lib/i386-linux-gnu/libxcb-dri3.so.0.0.0
65e7e000-65ed9000 r-xp 00000000 08:01 18219640   /usr/lib/i386-linux-gnu/mesa/libGL.so.1.2.0
65ed9000-65eda000 ---p 0005b000 08:01 18219640   /usr/lib/i386-linux-gnu/mesa/libGL.so.1.2.0
65eda000-65edc000 r--p 0005b000 08:01 18219640   /usr/lib/i386-linux-gnu/mesa/libGL.so.1.2.0
65edc000-65ee1000 rwxp 0005d000 08:01 18219640   /usr/lib/i386-linux-gnu/mesa/libGL.so.1.2.0
65ee1000-65ee6000 rw-p 00000000 00:00 0 
65ee6000-65efe000 r-xp 00000000 08:01 18483833   /usr/lib/jvm/java-7-openjdk-i386/jre/lib/i386/libnet.so
65efe000-65eff000 r--p 00017000 08:01 18483833   /usr/lib/jvm/java-7-openjdk-i386/jre/lib/i386/libnet.so
65eff000-65f00000 rw-p 00018000 08:01 18483833   /usr/lib/jvm/java-7-openjdk-i386/jre/lib/i386/libnet.so
65f00000-65ff8000 rw-p 00000000 00:00 0 
65ff8000-66000000 ---p 00000000 00:00 0 
66000000-66021000 r-xp 00000000 08:01 18352082   /usr/lib/jni/libj3dcore-ogl.so
66021000-66022000 rw-p 00020000 08:01 18352082   /usr/lib/jni/libj3dcore-ogl.so
66022000-66023000 r-xp 00000000 08:01 18484119   /usr/lib/jvm/java-7-openjdk-i386/jre/lib/i386/libjawt.so
66023000-66024000 r--p 00000000 08:01 18484119   /usr/lib/jvm/java-7-openjdk-i386/jre/lib/i386/libjawt.so
66024000-66025000 rw-p 00001000 08:01 18484119   /usr/lib/jvm/java-7-openjdk-i386/jre/lib/i386/libjawt.so
66025000-66029000 r--s 00019000 08:01 5770159    /home/gregoire/Documents/MobileRobots/MobileRobotsProject/mbsysCopy/mbsyspad/lib/matlabcontrol-4.0.0.jar
66029000-66046000 r--s 0014f000 08:01 5770160    /home/gregoire/Documents/MobileRobots/MobileRobotsProject/mbsysCopy/mbsyspad/lib/swingx-all-1.6.4.jar
66046000-66054000 r--s 00193000 08:01 5770149    /home/gregoire/Documents/MobileRobots/MobileRobotsProject/mbsysCopy/mbsyspad/lib/j3dutils.jar
66054000-66060000 r--s 002c7000 08:01 5770148    /home/gregoire/Documents/MobileRobots/MobileRobotsProject/mbsysCopy/mbsyspad/lib/j3dcore.jar
66060000-66063000 ---p 00000000 00:00 0 
66063000-660b1000 rw-p 00000000 00:00 0          [stack:18847]
660b1000-660b4000 ---p 00000000 00:00 0 
660b4000-66102000 rw-p 00000000 00:00 0          [stack:18846]
66102000-6613e000 r-xp 00000000 08:01 20840700   /lib/i386-linux-gnu/libpcre.so.3.13.1
6613e000-6613f000 r--p 0003b000 08:01 20840700   /lib/i386-linux-gnu/libpcre.so.3.13.1
6613f000-66140000 rw-p 0003c000 08:01 20840700   /lib/i386-linux-gnu/libpcre.so.3.13.1
66140000-6624a000 r-xp 00000000 08:01 20841496   /lib/i386-linux-gnu/libglib-2.0.so.0.4002.0
6624a000-6624b000 r--p 00109000 08:01 20841496   /lib/i386-linux-gnu/libglib-2.0.so.0.4002.0
6624b000-6624c000 rw-p 0010a000 08:01 20841496   /lib/i386-linux-gnu/libglib-2.0.so.0.4002.0
6624c000-66271000 r-xp 00000000 08:01 20840645   /lib/i386-linux-gnu/libexpat.so.1.6.0
66271000-66272000 ---p 00025000 08:01 20840645   /lib/i386-linux-gnu/libexpat.so.1.6.0
66272000-66274000 r--p 00025000 08:01 20840645   /lib/i386-linux-gnu/libexpat.so.1.6.0
66274000-66275000 rw-p 00027000 08:01 20840645   /lib/i386-linux-gnu/libexpat.so.1.6.0
66275000-662c5000 r-xp 00000000 08:01 18224739   /usr/lib/i386-linux-gnu/libgobject-2.0.so.0.4002.0
662c5000-662c6000 r--p 0004f000 08:01 18224739   /usr/lib/i386-linux-gnu/libgobject-2.0.so.0.4002.0
662c6000-662c7000 rw-p 00050000 08:01 18224739   /usr/lib/i386-linux-gnu/libgobject-2.0.so.0.4002.0
662c7000-66444000 r-xp 00000000 08:01 18224711   /usr/lib/i386-linux-gnu/libgio-2.0.so.0.4002.0
66444000-66446000 r--p 0017d000 08:01 18224711   /usr/lib/i386-linux-gnu/libgio-2.0.so.0.4002.0
66446000-66447000 rw-p 0017f000 08:01 18224711   /usr/lib/i386-linux-gnu/libgio-2.0.so.0.4002.0
66447000-66448000 rw-p 00000000 00:00 0 
66448000-66481000 r-xp 00000000 08:01 18226186   /usr/lib/i386-linux-gnu/libfontconfig.so.1.8.0
66481000-66482000 r--p 00039000 08:01 18226186   /usr/lib/i386-linux-gnu/libfontconfig.so.1.8.0
66482000-66483000 rw-p 0003a000 08:01 18226186   /usr/lib/i386-linux-gnu/libfontconfig.so.1.8.0
66483000-664cb000 r-xp 00000000 08:01 19923017   /usr/lib/jvm/java-7-openjdk-i386/jre/lib/i386/xawt/libmawt.so
664cb000-664cc000 r--p 00048000 08:01 19923017   /usr/lib/jvm/java-7-openjdk-i386/jre/lib/i386/xawt/libmawt.so
664cc000-664ce000 rw-p 00049000 08:01 19923017   /usr/lib/jvm/java-7-openjdk-i386/jre/lib/i386/xawt/libmawt.so
664ce000-664cf000 rw-p 00000000 00:00 0 
664cf000-6655e000 r-xp 00000000 08:01 18484117   /usr/lib/jvm/java-7-openjdk-i386/jre/lib/i386/libawt.so
6655e000-6655f000 r--p 0008f000 08:01 18484117   /usr/lib/jvm/java-7-openjdk-i386/jre/lib/i386/libawt.so
6655f000-66566000 rw-p 00090000 08:01 18484117   /usr/lib/jvm/java-7-openjdk-i386/jre/lib/i386/libawt.so
66566000-6658a000 rw-p 00000000 00:00 0 
6658a000-6658b000 ---p 00000000 00:00 0 
6658b000-6660b000 rw-p 00000000 00:00 0          [stack:18845]
6660b000-6660e000 ---p 00000000 00:00 0 
6660e000-6665c000 rw-p 00000000 00:00 0          [stack:18844]
6665c000-6665f000 ---p 00000000 00:00 0 
6665f000-666dd000 rw-p 00000000 00:00 0          [stack:18843]
666dd000-666e0000 ---p 00000000 00:00 0 
666e0000-6675e000 rw-p 00000000 00:00 0          [stack:18842]
6675e000-66761000 ---p 00000000 00:00 0 
66761000-667af000 rw-p 00000000 00:00 0          [stack:18841]
667af000-669af000 r--p 00000000 08:01 18227311   /usr/lib/locale/locale-archive
669af000-669b2000 ---p 00000000 00:00 0 
669b2000-66a00000 rw-p 00000000 00:00 0          [stack:18840]
66a00000-66b00000 rw-p 00000000 00:00 0 
66b00000-66b02000 r--s 0004c000 08:01 5770161    /home/gregoire/Documents/MobileRobots/MobileRobotsProject/mbsysCopy/mbsyspad/lib/vecmath.jar
66b02000-66b04000 r--s 00018000 08:01 18483205   /usr/lib/jvm/java-7-openjdk-i386/jre/lib/jce.jar
66b04000-66b08000 r--s 0004f000 08:01 18484133   /usr/lib/jvm/java-7-openjdk-i386/jre/lib/jsse.jar
66b08000-66b0b000 ---p 00000000 00:00 0 
66b0b000-66b59000 rw-p 00000000 00:00 0          [stack:18839]
66b59000-66b5a000 ---p 00000000 00:00 0 
66b5a000-66c23000 rw-p 00000000 00:00 0          [stack:18838]
66c23000-66dd6000 r--s 01d3d000 08:01 18483206   /usr/lib/jvm/java-7-openjdk-i386/jre/lib/rt.jar
66dd6000-69500000 rw-p 00000000 00:00 0 
69500000-69521000 rw-p 00000000 00:00 0 
69521000-69600000 ---p 00000000 00:00 0 
69600000-69601000 rw-s 00000000 00:04 57587      /drm mm object (deleted)
69601000-69621000 r-xp 00000000 08:01 20841595   /lib/i386-linux-gnu/libselinux.so.1
69621000-69622000 r--p 0001f000 08:01 20841595   /lib/i386-linux-gnu/libselinux.so.1
69622000-69623000 rw-p 00020000 08:01 20841595   /lib/i386-linux-gnu/libselinux.so.1
69623000-6967f000 rw-p 00000000 00:00 0 
6967f000-69680000 ---p 00000000 00:00 0 
69680000-69700000 rw-p 00000000 00:00 0          [stack:18837]
69700000-697fa000 rw-p 00000000 00:00 0 
697fa000-69800000 ---p 00000000 00:00 0 
69800000-69801000 r--s 00017000 08:01 5770146    /home/gregoire/Documents/MobileRobots/MobileRobotsProject/mbsysCopy/mbsyspad/lib/j3D.jar
69801000-6980c000 r--s 00108000 08:01 5770152    /home/gregoire/Documents/MobileRobots/MobileRobotsProject/mbsysCopy/mbsyspad/lib/jogl.jar
6980c000-6980d000 r--s 00004000 08:01 5770145    /home/gregoire/Documents/MobileRobots/MobileRobotsProject/mbsysCopy/mbsyspad/lib/gluegen-rt.jar
6980d000-6980e000 r--s 00001000 08:01 5770151    /home/gregoire/Documents/MobileRobots/MobileRobotsProject/mbsysCopy/mbsyspad/lib/jnlp.jar
6980e000-69813000 r--s 0002a000 08:01 5770141    /home/gregoire/Documents/MobileRobots/MobileRobotsProject/mbsysCopy/mbsyspad/lib/commons-beanutils.jar
69813000-69818000 r-xp 00000000 08:01 18224369   /usr/lib/i386-linux-gnu/libXtst.so.6.1.0
69818000-69819000 r--p 00004000 08:01 18224369   /usr/lib/i386-linux-gnu/libXtst.so.6.1.0
69819000-6981a000 rw-p 00005000 08:01 18224369   /usr/lib/i386-linux-gnu/libXtst.so.6.1.0
6981a000-6981e000 r--s 00020000 08:01 5770143    /home/gregoire/Documents/MobileRobots/MobileRobotsProject/mbsysCopy/mbsyspad/lib/commons-digester-1.8.jar
6981e000-69824000 r--s 00056000 08:01 5770147    /home/gregoire/Documents/MobileRobots/MobileRobotsProject/mbsysCopy/mbsyspad/lib/j3d-vrml97.jar
69824000-69826000 r--s 0002a000 08:01 5770140    /home/gregoire/Documents/MobileRobots/MobileRobotsProject/mbsysCopy/mbsyspad/lib/MBsysComJ.jar
69826000-69829000 r--s 00023000 08:01 5770150    /home/gregoire/Documents/MobileRobots/MobileRobotsProject/mbsysCopy/mbsyspad/lib/jdom.jar
69829000-6982f000 r--s 00047000 08:01 5770144    /home/gregoire/Documents/MobileRobots/MobileRobotsProject/mbsysCopy/mbsyspad/lib/flamingo.jar
6982f000-69839000 r--s 000ae000 08:01 18483207   /usr/lib/jvm/java-7-openjdk-i386/jre/lib/resources.jar
69839000-69848000 r--s 0008c000 08:01 5770138    /home/gregoire/Documents/MobileRobots/MobileRobotsProject/mbsysCopy/mbsyspad/MBsysPad.jar
69848000-69849000 ---p 00000000 00:00 0 
69849000-698d6000 rw-p 00000000 00:00 0          [stack:18836]
698d6000-69909000 rw-p 00000000 00:00 0 
69909000-6991d000 rw-p 00000000 00:00 0 
6991d000-6991e000 ---p 00000000 00:00 0 
6991e000-69a52000 rw-p 00000000 00:00 0 
69a52000-69a5f000 rw-p 00000000 00:00 0 
69a5f000-69a92000 rw-p 00000000 00:00 0 
69a92000-69aa6000 rw-p 00000000 00:00 0 
69aa6000-69aa7000 ---p 00000000 00:00 0 
69aa7000-69bda000 rw-p 00000000 00:00 0 
69bda000-69c1b000 rw-p 00000000 00:00 0 
69c1b000-69c7f000 rw-p 00000000 00:00 0 
69c7f000-6b5c0000 rw-p 00000000 00:00 0 
6b5c0000-71c80000 rw-p 00000000 00:00 0 
71c80000-74440000 rw-p 00000000 00:00 0 
74440000-74580000 ---p 00000000 00:00 0 
74580000-9adc0000 rw-p 00000000 00:00 0 
9adc0000-a2cc0000 rw-p 00000000 00:00 0 
a2cc0000-af680000 rw-p 00000000 00:00 0 
af680000-af681000 r--s 00008000 08:01 5770142    /home/gregoire/Documents/MobileRobots/MobileRobotsProject/mbsysCopy/mbsyspad/lib/commons-cli-1.1.jar
af681000-af684000 r-xp 00000000 08:01 18224723   /usr/lib/i386-linux-gnu/libgmodule-2.0.so.0.4002.0
af684000-af685000 r--p 00002000 08:01 18224723   /usr/lib/i386-linux-gnu/libgmodule-2.0.so.0.4002.0
af685000-af686000 rw-p 00003000 08:01 18224723   /usr/lib/i386-linux-gnu/libgmodule-2.0.so.0.4002.0
af686000-af688000 r-xp 00000000 08:01 18224333   /usr/lib/i386-linux-gnu/libXcomposite.so.1.0.0
af688000-af689000 r--p 00001000 08:01 18224333   /usr/lib/i386-linux-gnu/libXcomposite.so.1.0.0
af689000-af68a000 rw-p 00002000 08:01 18224333   /usr/lib/i386-linux-gnu/libXcomposite.so.1.0.0
af68a000-af68e000 r--s 00085000 08:01 18751331   /usr/lib/jvm/java-7-openjdk-i386/jre/lib/ext/localedata.jar
af68e000-af6b2000 rw-p 00000000 00:00 0 
af6b2000-af769000 rw-p 00000000 00:00 0 
af769000-af9a9000 rwxp 00000000 00:00 0 
af9a9000-b2769000 rw-p 00000000 00:00 0 
b2769000-b2773000 r-xp 00000000 08:01 20854272   /lib/i386-linux-gnu/libnss_files-2.19.so
b2773000-b2774000 r--p 00009000 08:01 20854272   /lib/i386-linux-gnu/libnss_files-2.19.so
b2774000-b2775000 rw-p 0000a000 08:01 20854272   /lib/i386-linux-gnu/libnss_files-2.19.so
b2775000-b277f000 r-xp 00000000 08:01 20854264   /lib/i386-linux-gnu/libnss_nis-2.19.so
b277f000-b2780000 r--p 00009000 08:01 20854264   /lib/i386-linux-gnu/libnss_nis-2.19.so
b2780000-b2781000 rw-p 0000a000 08:01 20854264   /lib/i386-linux-gnu/libnss_nis-2.19.so
b2781000-b2784000 r--s 0000f000 08:01 18751219   /usr/lib/jvm/java-7-openjdk-i386/jre/lib/ext/icedtea-sound.jar
b2784000-b2785000 r--s 00002000 08:01 18751957   /usr/lib/jvm/java-7-openjdk-i386/jre/lib/ext/dnsns.jar
b2785000-b2787000 r--s 00012000 08:01 18751958   /usr/lib/jvm/java-7-openjdk-i386/jre/lib/ext/zipfs.jar
b2787000-b278b000 r--s 00034000 08:01 18751956   /usr/lib/jvm/java-7-openjdk-i386/jre/lib/ext/sunjce_provider.jar
b278b000-b278e000 r--s 0003d000 08:01 18751212   /usr/lib/jvm/java-7-openjdk-i386/jre/lib/ext/sunpkcs11.jar
b278e000-b2796000 r-xp 00000000 08:01 18484132   /usr/lib/jvm/java-7-openjdk-i386/jre/lib/i386/libzip.so
b2796000-b2797000 r--p 00007000 08:01 18484132   /usr/lib/jvm/java-7-openjdk-i386/jre/lib/i386/libzip.so
b2797000-b2798000 rw-p 00008000 08:01 18484132   /usr/lib/jvm/java-7-openjdk-i386/jre/lib/i386/libzip.so
b2798000-b27a0000 rw-s 00000000 08:01 14552362   /tmp/hsperfdata_gregoire/18835
b27a0000-b27c7000 r-xp 00000000 08:01 18483211   /usr/lib/jvm/java-7-openjdk-i386/jre/lib/i386/libjava.so
b27c7000-b27c8000 r--p 00026000 08:01 18483211   /usr/lib/jvm/java-7-openjdk-i386/jre/lib/i386/libjava.so
b27c8000-b27c9000 rw-p 00027000 08:01 18483211   /usr/lib/jvm/java-7-openjdk-i386/jre/lib/i386/libjava.so
b27c9000-b586c000 rw-p 00000000 00:00 0 
b586c000-b587f000 r-xp 00000000 08:01 20854252   /lib/i386-linux-gnu/libresolv-2.19.so
b587f000-b5880000 ---p 00013000 08:01 20854252   /lib/i386-linux-gnu/libresolv-2.19.so
b5880000-b5881000 r--p 00013000 08:01 20854252   /lib/i386-linux-gnu/libresolv-2.19.so
b5881000-b5882000 rw-p 00014000 08:01 20854252   /lib/i386-linux-gnu/libresolv-2.19.so
b5882000-b5884000 rw-p 00000000 00:00 0 
b5884000-b588b000 r-xp 00000000 08:01 18225047   /usr/lib/i386-linux-gnu/libogg.so.0.8.1
b588b000-b588c000 r--p 00006000 08:01 18225047   /usr/lib/i386-linux-gnu/libogg.so.0.8.1
b588c000-b588d000 rw-p 00007000 08:01 18225047   /usr/lib/i386-linux-gnu/libogg.so.0.8.1
b588d000-b58b6000 r-xp 00000000 08:01 18225321   /usr/lib/i386-linux-gnu/libvorbis.so.0.4.5
b58b6000-b58b7000 ---p 00029000 08:01 18225321   /usr/lib/i386-linux-gnu/libvorbis.so.0.4.5
b58b7000-b58b8000 r--p 00029000 08:01 18225321   /usr/lib/i386-linux-gnu/libvorbis.so.0.4.5
b58b8000-b58b9000 rw-p 0002a000 08:01 18225321   /usr/lib/i386-linux-gnu/libvorbis.so.0.4.5
b58b9000-b5a1f000 r-xp 00000000 08:01 18225323   /usr/lib/i386-linux-gnu/libvorbisenc.so.2.0.8
b5a1f000-b5a30000 r--p 00165000 08:01 18225323   /usr/lib/i386-linux-gnu/libvorbisenc.so.2.0.8
b5a30000-b5a31000 rw-p 00176000 08:01 18225323   /usr/lib/i386-linux-gnu/libvorbisenc.so.2.0.8
b5a31000-b5a32000 rw-p 00000000 00:00 0 
b5a32000-b5a64000 r-xp 00000000 08:01 18224186   /usr/lib/i386-linux-gnu/libFLAC.so.8.3.0
b5a64000-b5a65000 r--p 00031000 08:01 18224186   /usr/lib/i386-linux-gnu/libFLAC.so.8.3.0
b5a65000-b5a66000 rw-p 00032000 08:01 18224186   /usr/lib/i386-linux-gnu/libFLAC.so.8.3.0
b5a66000-b5a7b000 r-xp 00000000 08:01 20854260   /lib/i386-linux-gnu/libnsl-2.19.so
b5a7b000-b5a7c000 r--p 00015000 08:01 20854260   /lib/i386-linux-gnu/libnsl-2.19.so
b5a7c000-b5a7d000 rw-p 00016000 08:01 20854260   /lib/i386-linux-gnu/libnsl-2.19.so
b5a7d000-b5a7f000 rw-p 00000000 00:00 0 
b5a7f000-b5a84000 r-xp 00000000 08:01 18224339   /usr/lib/i386-linux-gnu/libXdmcp.so.6.0.0
b5a84000-b5a85000 r--p 00004000 08:01 18224339   /usr/lib/i386-linux-gnu/libXdmcp.so.6.0.0
b5a85000-b5a86000 rw-p 00005000 08:01 18224339   /usr/lib/i386-linux-gnu/libXdmcp.so.6.0.0
b5a86000-b5a88000 r-xp 00000000 08:01 18224328   /usr/lib/i386-linux-gnu/libXau.so.6.0.0
b5a88000-b5a89000 r--p 00001000 08:01 18224328   /usr/lib/i386-linux-gnu/libXau.so.6.0.0
b5a89000-b5a8a000 rw-p 00002000 08:01 18224328   /usr/lib/i386-linux-gnu/libXau.so.6.0.0
b5a8a000-b5a8f000 r-xp 00000000 08:01 18224418   /usr/lib/i386-linux-gnu/libasyncns.so.0.3.1
b5a8f000-b5a90000 r--p 00004000 08:01 18224418   /usr/lib/i386-linux-gnu/libasyncns.so.0.3.1
b5a90000-b5a91000 rw-p 00005000 08:01 18224418   /usr/lib/i386-linux-gnu/libasyncns.so.0.3.1
b5a91000-b5a92000 rw-p 00000000 00:00 0 
b5a92000-b5afd000 r-xp 00000000 08:01 18219697   /usr/lib/i386-linux-gnu/libsndfile.so.1.0.25
b5afd000-b5afe000 ---p 0006b000 08:01 18219697   /usr/lib/i386-linux-gnu/libsndfile.so.1.0.25
b5afe000-b5aff000 r--p 0006b000 08:01 18219697   /usr/lib/i386-linux-gnu/libsndfile.so.1.0.25
b5aff000-b5b00000 rw-p 0006c000 08:01 18219697   /usr/lib/i386-linux-gnu/libsndfile.so.1.0.25
b5b00000-b5b04000 rw-p 00000000 00:00 0 
b5b04000-b5b0c000 r-xp 00000000 08:01 20841625   /lib/i386-linux-gnu/libwrap.so.0.7.6
b5b0c000-b5b0d000 r--p 00007000 08:01 20841625   /lib/i386-linux-gnu/libwrap.so.0.7.6
b5b0d000-b5b0e000 rw-p 00008000 08:01 20841625   /lib/i386-linux-gnu/libwrap.so.0.7.6
b5b0e000-b5b34000 r-xp 00000000 08:01 20841983   /lib/i386-linux-gnu/libpng12.so.0.50.0
b5b34000-b5b35000 r--p 00025000 08:01 20841983   /lib/i386-linux-gnu/libpng12.so.0.50.0
b5b35000-b5b36000 rw-p 00026000 08:01 20841983   /lib/i386-linux-gnu/libpng12.so.0.50.0
b5b36000-b5b3b000 r-xp 00000000 08:01 18219065   /usr/lib/i386-linux-gnu/libffi.so.6.0.1
b5b3b000-b5b3c000 r--p 00005000 08:01 18219065   /usr/lib/i386-linux-gnu/libffi.so.6.0.1
b5b3c000-b5b3d000 rw-p 00006000 08:01 18219065   /usr/lib/i386-linux-gnu/libffi.so.6.0.1
b5b3d000-b5b41000 r-xp 00000000 08:01 18219488   /usr/lib/i386-linux-gnu/libXfixes.so.3.1.0
b5b41000-b5b42000 r--p 00003000 08:01 18219488   /usr/lib/i386-linux-gnu/libXfixes.so.3.1.0
b5b42000-b5b43000 rw-p 00004000 08:01 18219488   /usr/lib/i386-linux-gnu/libXfixes.so.3.1.0
b5b43000-b5b44000 rw-p 00000000 00:00 0 
b5b44000-b5b4d000 r-xp 00000000 08:01 18221390   /usr/lib/i386-linux-gnu/libXrender.so.1.3.0
b5b4d000-b5b4e000 r--p 00008000 08:01 18221390   /usr/lib/i386-linux-gnu/libXrender.so.1.3.0
b5b4e000-b5b4f000 rw-p 00009000 08:01 18221390   /usr/lib/i386-linux-gnu/libXrender.so.1.3.0
b5b4f000-b5b6f000 r-xp 00000000 08:01 18225394   /usr/lib/i386-linux-gnu/libxcb.so.1.1.0
b5b6f000-b5b70000 r--p 0001f000 08:01 18225394   /usr/lib/i386-linux-gnu/libxcb.so.1.1.0
b5b70000-b5b71000 rw-p 00020000 08:01 18225394   /usr/lib/i386-linux-gnu/libxcb.so.1.1.0
b5b71000-b5bba000 r-xp 00000000 08:01 20841479   /lib/i386-linux-gnu/libdbus-1.so.3.7.6
b5bba000-b5bbb000 r--p 00048000 08:01 20841479   /lib/i386-linux-gnu/libdbus-1.so.3.7.6
b5bbb000-b5bbc000 rw-p 00049000 08:01 20841479   /lib/i386-linux-gnu/libdbus-1.so.3.7.6
b5bbc000-b5bc5000 r-xp 00000000 08:01 20841505   /lib/i386-linux-gnu/libjson-c.so.2.0.0
b5bc5000-b5bc6000 r--p 00008000 08:01 20841505   /lib/i386-linux-gnu/libjson-c.so.2.0.0
b5bc6000-b5bc7000 rw-p 00009000 08:01 20841505   /lib/i386-linux-gnu/libjson-c.so.2.0.0
b5bc7000-b5c34000 r-xp 00000000 08:01 18226821   /usr/lib/i386-linux-gnu/pulseaudio/libpulsecommon-4.0.so
b5c34000-b5c35000 r--p 0006c000 08:01 18226821   /usr/lib/i386-linux-gnu/pulseaudio/libpulsecommon-4.0.so
b5c35000-b5c36000 rw-p 0006d000 08:01 18226821   /usr/lib/i386-linux-gnu/pulseaudio/libpulsecommon-4.0.so
b5c36000-b5c37000 rw-p 00000000 00:00 0 
b5c37000-b5cd2000 r-xp 00000000 08:01 18227707   /usr/lib/i386-linux-gnu/libfreetype.so.6.11.1
b5cd2000-b5cd6000 r--p 0009a000 08:01 18227707   /usr/lib/i386-linux-gnu/libfreetype.so.6.11.1
b5cd6000-b5cd7000 rw-p 0009e000 08:01 18227707   /usr/lib/i386-linux-gnu/libfreetype.so.6.11.1
b5cd7000-b5cde000 r-xp 00000000 08:01 20854268   /lib/i386-linux-gnu/librt-2.19.so
b5cde000-b5cdf000 r--p 00006000 08:01 20854268   /lib/i386-linux-gnu/librt-2.19.so
b5cdf000-b5ce0000 rw-p 00007000 08:01 20854268   /lib/i386-linux-gnu/librt-2.19.so
b5ce0000-b5cf8000 r-xp 00000000 08:01 20854261   /lib/i386-linux-gnu/libpthread-2.19.so
b5cf8000-b5cf9000 r--p 00018000 08:01 20854261   /lib/i386-linux-gnu/libpthread-2.19.so
b5cf9000-b5cfa000 rw-p 00019000 08:01 20854261   /lib/i386-linux-gnu/libpthread-2.19.so
b5cfa000-b5cfc000 rw-p 00000000 00:00 0 
b5cfc000-b5d36000 r-xp 00000000 08:01 18225398   /usr/lib/i386-linux-gnu/libxkbcommon.so.0.0.0
b5d36000-b5d37000 r--p 00039000 08:01 18225398   /usr/lib/i386-linux-gnu/libxkbcommon.so.0.0.0
b5d37000-b5d38000 rw-p 0003a000 08:01 18225398   /usr/lib/i386-linux-gnu/libxkbcommon.so.0.0.0
b5d38000-b5d39000 rw-p 00000000 00:00 0 
b5d39000-b5d3d000 r-xp 00000000 08:01 18225336   /usr/lib/i386-linux-gnu/libwayland-cursor.so.0.0.0
b5d3d000-b5d3e000 r--p 00003000 08:01 18225336   /usr/lib/i386-linux-gnu/libwayland-cursor.so.0.0.0
b5d3e000-b5d42000 rw-p 00004000 08:01 18225336   /usr/lib/i386-linux-gnu/libwayland-cursor.so.0.0.0
b5d42000-b5d4b000 r-xp 00000000 08:01 18225334   /usr/lib/i386-linux-gnu/libwayland-client.so.0.2.0
b5d4b000-b5d4c000 ---p 00009000 08:01 18225334   /usr/lib/i386-linux-gnu/libwayland-client.so.0.2.0
b5d4c000-b5d4d000 r--p 00009000 08:01 18225334   /usr/lib/i386-linux-gnu/libwayland-client.so.0.2.0
b5d4d000-b5d4e000 rw-p 0000a000 08:01 18225334   /usr/lib/i386-linux-gnu/libwayland-client.so.0.2.0
b5d4e000-b5d4f000 r-xp 00000000 08:01 18220505   /usr/lib/i386-linux-gnu/libwayland-egl.so.1.0.0
b5d4f000-b5d50000 r--p 00000000 08:01 18220505   /usr/lib/i386-linux-gnu/libwayland-egl.so.1.0.0
b5d50000-b5d51000 rw-p 00001000 08:01 18220505   /usr/lib/i386-linux-gnu/libwayland-egl.so.1.0.0
b5d51000-b5d55000 r-xp 00000000 08:01 18224379   /usr/lib/i386-linux-gnu/libXxf86vm.so.1.0.0
b5d55000-b5d56000 r--p 00004000 08:01 18224379   /usr/lib/i386-linux-gnu/libXxf86vm.so.1.0.0
b5d56000-b5d57000 rw-p 00005000 08:01 18224379   /usr/lib/i386-linux-gnu/libXxf86vm.so.1.0.0
b5d57000-b5d59000 r-xp 00000000 08:01 18224365   /usr/lib/i386-linux-gnu/libXss.so.1.0.0
b5d59000-b5d5a000 r--p 00001000 08:01 18224365   /usr/lib/i386-linux-gnu/libXss.so.1.0.0
b5d5a000-b5d5b000 rw-p 00002000 08:01 18224365   /usr/lib/i386-linux-gnu/libXss.so.1.0.0
b5d5b000-b5d5c000 rw-p 00000000 00:00 0 
b5d5c000-b5d65000 r-xp 00000000 08:01 18226177   /usr/lib/i386-linux-gnu/libXrandr.so.2.2.0
b5d65000-b5d66000 r--p 00008000 08:01 18226177   /usr/lib/i386-linux-gnu/libXrandr.so.2.2.0
b5d66000-b5d67000 rw-p 00009000 08:01 18226177   /usr/lib/i386-linux-gnu/libXrandr.so.2.2.0
b5d67000-b5d75000 r-xp 00000000 08:01 18221388   /usr/lib/i386-linux-gnu/libXi.so.6.1.0
b5d75000-b5d76000 r--p 0000e000 08:01 18221388   /usr/lib/i386-linux-gnu/libXi.so.6.1.0
b5d76000-b5d77000 rw-p 0000f000 08:01 18221388   /usr/lib/i386-linux-gnu/libXi.so.6.1.0
b5d77000-b5d79000 r-xp 00000000 08:01 18224351   /usr/lib/i386-linux-gnu/libXinerama.so.1.0.0
b5d79000-b5d7a000 r--p 00001000 08:01 18224351   /usr/lib/i386-linux-gnu/libXinerama.so.1.0.0
b5d7a000-b5d7b000 rw-p 00002000 08:01 18224351   /usr/lib/i386-linux-gnu/libXinerama.so.1.0.0
b5d7b000-b5d84000 r-xp 00000000 08:01 18224335   /usr/lib/i386-linux-gnu/libXcursor.so.1.0.2
b5d84000-b5d85000 r--p 00008000 08:01 18224335   /usr/lib/i386-linux-gnu/libXcursor.so.1.0.2
b5d85000-b5d86000 rw-p 00009000 08:01 18224335   /usr/lib/i386-linux-gnu/libXcursor.so.1.0.2
b5d86000-b5d97000 r-xp 00000000 08:01 18220240   /usr/lib/i386-linux-gnu/libXext.so.6.4.0
b5d97000-b5d98000 r--p 00010000 08:01 18220240   /usr/lib/i386-linux-gnu/libXext.so.6.4.0
b5d98000-b5d99000 rw-p 00011000 08:01 18220240   /usr/lib/i386-linux-gnu/libXext.so.6.4.0
b5d99000-b5d9a000 rw-p 00000000 00:00 0 
b5d9a000-b5eca000 r-xp 00000000 08:01 18224324   /usr/lib/i386-linux-gnu/libX11.so.6.3.0
b5eca000-b5ecb000 r--p 00130000 08:01 18224324   /usr/lib/i386-linux-gnu/libX11.so.6.3.0
b5ecb000-b5ecd000 rw-p 00131000 08:01 18224324   /usr/lib/i386-linux-gnu/libX11.so.6.3.0
b5ecd000-b5ece000 rw-p 00000000 00:00 0 
b5ece000-b5f1b000 r-xp 00000000 08:01 18225116   /usr/lib/i386-linux-gnu/libpulse.so.0.16.2
b5f1b000-b5f1c000 r--p 0004c000 08:01 18225116   /usr/lib/i386-linux-gnu/libpulse.so.0.16.2
b5f1c000-b5f1d000 rw-p 0004d000 08:01 18225116   /usr/lib/i386-linux-gnu/libpulse.so.0.16.2
b5f1d000-b5f20000 r-xp 00000000 08:01 18225114   /usr/lib/i386-linux-gnu/libpulse-simple.so.0.0.4
b5f20000-b5f21000 r--p 00002000 08:01 18225114   /usr/lib/i386-linux-gnu/libpulse-simple.so.0.0.4
b5f21000-b5f22000 rw-p 00003000 08:01 18225114   /usr/lib/i386-linux-gnu/libpulse-simple.so.0.0.4
b5f22000-b6013000 r-xp 00000000 08:01 18224410   /usr/lib/i386-linux-gnu/libasound.so.2.0.0
b6013000-b6017000 r--p 000f0000 08:01 18224410   /usr/lib/i386-linux-gnu/libasound.so.2.0.0
b6017000-b6018000 rw-p 000f4000 08:01 18224410   /usr/lib/i386-linux-gnu/libasound.so.2.0.0
b6018000-b603c000 r-xp 00000000 08:01 20841512   /lib/i386-linux-gnu/liblzma.so.5.0.0
b603c000-b603d000 r--p 00023000 08:01 20841512   /lib/i386-linux-gnu/liblzma.so.5.0.0
b603d000-b603e000 rw-p 00024000 08:01 20841512   /lib/i386-linux-gnu/liblzma.so.5.0.0
b603e000-b603f000 rw-p 00000000 00:00 0 
b603f000-b6057000 r-xp 00000000 08:01 20841628   /lib/i386-linux-gnu/libz.so.1.2.8
b6057000-b6058000 r--p 00017000 08:01 20841628   /lib/i386-linux-gnu/libz.so.1.2.8
b6058000-b6059000 rw-p 00018000 08:01 20841628   /lib/i386-linux-gnu/libz.so.1.2.8
b6059000-b605c000 r-xp 00000000 08:01 20854256   /lib/i386-linux-gnu/libdl-2.19.so
b605c000-b605d000 r--p 00002000 08:01 20854256   /lib/i386-linux-gnu/libdl-2.19.so
b605d000-b605e000 rw-p 00003000 08:01 20854256   /lib/i386-linux-gnu/libdl-2.19.so
b605e000-b6206000 r-xp 00000000 08:01 20854269   /lib/i386-linux-gnu/libc-2.19.so
b6206000-b6207000 ---p 001a8000 08:01 20854269   /lib/i386-linux-gnu/libc-2.19.so
b6207000-b6209000 r--p 001a8000 08:01 20854269   /lib/i386-linux-gnu/libc-2.19.so
b6209000-b620a000 rw-p 001aa000 08:01 20854269   /lib/i386-linux-gnu/libc-2.19.so
b620a000-b620d000 rw-p 00000000 00:00 0 
b620d000-b6229000 r-xp 00000000 08:01 20841980   /lib/i386-linux-gnu/libgcc_s.so.1
b6229000-b622a000 rw-p 0001b000 08:01 20841980   /lib/i386-linux-gnu/libgcc_s.so.1
b622a000-b6306000 r-xp 00000000 08:01 18223271   /usr/lib/i386-linux-gnu/libstdc++.so.6.0.19
b6306000-b630a000 r--p 000dc000 08:01 18223271   /usr/lib/i386-linux-gnu/libstdc++.so.6.0.19
b630a000-b630b000 rw-p 000e0000 08:01 18223271   /usr/lib/i386-linux-gnu/libstdc++.so.6.0.19
b630b000-b6313000 rw-p 00000000 00:00 0 
b6313000-b6357000 r-xp 00000000 08:01 20854254   /lib/i386-linux-gnu/libm-2.19.so
b6357000-b6358000 r--p 00043000 08:01 20854254   /lib/i386-linux-gnu/libm-2.19.so
b6358000-b6359000 rw-p 00044000 08:01 20854254   /lib/i386-linux-gnu/libm-2.19.so
b6359000-b6d56000 r-xp 00000000 08:01 18483215   /usr/lib/jvm/java-7-openjdk-i386/jre/lib/i386/server/libjvm.so
b6d56000-b6d57000 ---p 009fd000 08:01 18483215   /usr/lib/jvm/java-7-openjdk-i386/jre/lib/i386/server/libjvm.so
b6d57000-b6da9000 r--p 009fd000 08:01 18483215   /usr/lib/jvm/java-7-openjdk-i386/jre/lib/i386/server/libjvm.so
b6da9000-b6dbd000 rw-p 00a4f000 08:01 18483215   /usr/lib/jvm/java-7-openjdk-i386/jre/lib/i386/server/libjvm.so
b6dbd000-b71da000 rw-p 00000000 00:00 0 
b71da000-b71e0000 r-xp 00000000 08:01 18240492   /usr/lib/i386-linux-gnu/libSDL2_ttf-2.0.so.0.10.2
b71e0000-b71e1000 r--p 00005000 08:01 18240492   /usr/lib/i386-linux-gnu/libSDL2_ttf-2.0.so.0.10.2
b71e1000-b71e2000 rw-p 00006000 08:01 18240492   /usr/lib/i386-linux-gnu/libSDL2_ttf-2.0.so.0.10.2
b71e2000-b72ee000 r-xp 00000000 08:01 18240490   /usr/lib/i386-linux-gnu/libSDL2-2.0.so.0.2.0
b72ee000-b72f1000 r--p 0010b000 08:01 18240490   /usr/lib/i386-linux-gnu/libSDL2-2.0.so.0.2.0
b72f1000-b72f4000 rw-p 0010e000 08:01 18240490   /usr/lib/i386-linux-gnu/libSDL2-2.0.so.0.2.0
b72f4000-b72f6000 rw-p 00000000 00:00 0 
b72f6000-b7331000 r-xp 00000000 08:01 18219216   /usr/lib/libgslcblas.so.0.0.0
b7331000-b7332000 r--p 0003a000 08:01 18219216   /usr/lib/libgslcblas.so.0.0.0
b7332000-b7333000 rw-p 0003b000 08:01 18219216   /usr/lib/libgslcblas.so.0.0.0
b7333000-b7334000 rw-p 00000000 00:00 0 
b7334000-b755c000 r-xp 00000000 08:01 18220133   /usr/lib/libgsl.so.0.17.0
b755c000-b755d000 ---p 00228000 08:01 18220133   /usr/lib/libgsl.so.0.17.0
b755d000-b755f000 r--p 00228000 08:01 18220133   /usr/lib/libgsl.so.0.17.0
b755f000-b756d000 rw-p 0022a000 08:01 18220133   /usr/lib/libgsl.so.0.17.0
b756d000-b76c1000 r-xp 00000000 08:01 18219236   /usr/lib/i386-linux-gnu/libxml2.so.2.9.1
b76c1000-b76c5000 r--p 00154000 08:01 18219236   /usr/lib/i386-linux-gnu/libxml2.so.2.9.1
b76c5000-b76c6000 rw-p 00158000 08:01 18219236   /usr/lib/i386-linux-gnu/libxml2.so.2.9.1
b76c6000-b76c7000 rw-p 00000000 00:00 0 
b76c7000-b76c9000 r--s 00006000 08:01 18616755   /usr/share/java/java-atk-wrapper.jar
b76c9000-b76ca000 r--p 00859000 08:01 18227311   /usr/lib/locale/locale-archive
b76ca000-b76d1000 r-xp 00000000 08:01 20854259   /lib/i386-linux-gnu/libnss_compat-2.19.so
b76d1000-b76d2000 r--p 00006000 08:01 20854259   /lib/i386-linux-gnu/libnss_compat-2.19.so
b76d2000-b76d3000 rw-p 00007000 08:01 20854259   /lib/i386-linux-gnu/libnss_compat-2.19.so
b76d3000-b76d4000 rw-p 00000000 00:00 0 
b76d4000-b76d5000 r--p 00000000 00:00 0 
b76d5000-b76e3000 r-xp 00000000 08:01 18483209   /usr/lib/jvm/java-7-openjdk-i386/jre/lib/i386/libverify.so
b76e3000-b76e4000 r--p 0000d000 08:01 18483209   /usr/lib/jvm/java-7-openjdk-i386/jre/lib/i386/libverify.so
b76e4000-b76e5000 rw-p 0000e000 08:01 18483209   /usr/lib/jvm/java-7-openjdk-i386/jre/lib/i386/libverify.so
b76e5000-b76e8000 rw-p 00000000 00:00 0 
b76e8000-b76e9000 r-xp 00000000 00:00 0          [vdso]
b76e9000-b76eb000 r--p 00000000 00:00 0          [vvar]
b76eb000-b770b000 r-xp 00000000 08:01 20854262   /lib/i386-linux-gnu/ld-2.19.so
b770b000-b770c000 r--p 0001f000 08:01 20854262   /lib/i386-linux-gnu/ld-2.19.so
b770c000-b770d000 rw-p 00020000 08:01 20854262   /lib/i386-linux-gnu/ld-2.19.so
bfef2000-bfef3000 rwxp 00000000 00:00 0 
bfef6000-bfef9000 ---p 00000000 00:00 0 
bfefa000-bff46000 rw-p 00000000 00:00 0          [stack]

VM Arguments:
jvm_args: -Djava.library.path=/usr/lib/jni 
java_command: <unknown>
Launcher Type: generic

Environment Variables:
PATH=/home/gregoire/Applications/anaconda3/bin:/usr/local/sbin:/usr/local/bin:/usr/sbin:/usr/bin:/sbin:/bin:/usr/games:/usr/local/games
SHELL=/bin/bash
DISPLAY=:0.0

Signal Handlers:
SIGSEGV: [libjvm.so+0x8191e0], sa_mask[0]=0x7ffbfeff, sa_flags=0x10000004
SIGBUS: [libjvm.so+0x8191e0], sa_mask[0]=0x7ffbfeff, sa_flags=0x10000004
SIGFPE: [libjvm.so+0x68ddb0], sa_mask[0]=0x7ffbfeff, sa_flags=0x10000004
SIGPIPE: [libjvm.so+0x68ddb0], sa_mask[0]=0x7ffbfeff, sa_flags=0x10000004
SIGXFSZ: [libjvm.so+0x68ddb0], sa_mask[0]=0x7ffbfeff, sa_flags=0x10000004
SIGILL: [libjvm.so+0x68ddb0], sa_mask[0]=0x7ffbfeff, sa_flags=0x10000004
SIGUSR1: SIG_DFL, sa_mask[0]=0x00000000, sa_flags=0x00000000
SIGUSR2: [libjvm.so+0x68df10], sa_mask[0]=0x00000000, sa_flags=0x10000004
SIGHUP: [libjvm.so+0x68de70], sa_mask[0]=0x7ffbfeff, sa_flags=0x10000004
SIGINT: [libjvm.so+0x68de70], sa_mask[0]=0x7ffbfeff, sa_flags=0x10000004
SIGTERM: [libjvm.so+0x68de70], sa_mask[0]=0x7ffbfeff, sa_flags=0x10000004
SIGQUIT: [libjvm.so+0x68de70], sa_mask[0]=0x7ffbfeff, sa_flags=0x10000004
SIGTRAP: SIG_DFL, sa_mask[0]=0x00000000, sa_flags=0x00000000


---------------  S Y S T E M  ---------------

OS:Ubuntu 14.04 (trusty)
uname:Linux 3.16.0-59-generic #79~14.04.1-Ubuntu SMP Mon Jan 18 15:39:06 UTC 2016 i686
libc:glibc 2.19 NPTL 2.19 
rlimit: STACK 8192k, CORE 0k, NPROC 31352, NOFILE 4096, AS infinity
load average:0.70 0.60 0.53

/proc/meminfo:
MemTotal:        4032724 kB
MemFree:         1262972 kB
MemAvailable:    2707048 kB
Buffers:          494756 kB
Cached:          1125940 kB
SwapCached:          172 kB
Active:          1851420 kB
Inactive:         673880 kB
Active(anon):     875084 kB
Inactive(anon):   110008 kB
Active(file):     976336 kB
Inactive(file):   563872 kB
Unevictable:           0 kB
Mlocked:               0 kB
HighTotal:       3170056 kB
HighFree:        1198920 kB
LowTotal:         862668 kB
LowFree:           64052 kB
SwapTotal:       4075516 kB
SwapFree:        4075300 kB
Dirty:               964 kB
Writeback:             0 kB
AnonPages:        904524 kB
Mapped:           296868 kB
Shmem:             80488 kB
Slab:             200408 kB
SReclaimable:     181860 kB
SUnreclaim:        18548 kB
KernelStack:        3200 kB
PageTables:         8772 kB
NFS_Unstable:          0 kB
Bounce:                0 kB
WritebackTmp:          0 kB
CommitLimit:     6091876 kB
Committed_AS:    3534588 kB
VmallocTotal:     122880 kB
VmallocUsed:       19388 kB
VmallocChunk:      82208 kB
AnonHugePages:    403456 kB
HugePages_Total:       0
HugePages_Free:        0
HugePages_Rsvd:        0
HugePages_Surp:        0
Hugepagesize:       2048 kB
DirectMap4k:       17400 kB
DirectMap2M:      890880 kB


CPU:total 2 (2 cores per cpu, 1 threads per core) family 6 model 55 stepping 8, cmov, cx8, fxsr, mmx, sse, sse2, sse3, ssse3, sse4.1, sse4.2, popcnt, erms, tsc, tscinvbit

/proc/cpuinfo:
processor	: 0
vendor_id	: GenuineIntel
cpu family	: 6
model		: 55
model name	: Intel(R) Celeron(R) CPU  N2840  @ 2.16GHz
stepping	: 8
microcode	: 0x809
cpu MHz		: 2582.293
cache size	: 1024 KB
physical id	: 0
siblings	: 2
core id		: 0
cpu cores	: 2
apicid		: 0
initial apicid	: 0
fdiv_bug	: no
f00f_bug	: no
coma_bug	: no
fpu		: yes
fpu_exception	: yes
cpuid level	: 11
wp		: yes
flags		: fpu vme de pse tsc msr pae mce cx8 apic sep mtrr pge mca cmov pat pse36 clflush dts acpi mmx fxsr sse sse2 ss ht tm pbe nx rdtscp lm constant_tsc arch_perfmon pebs bts xtopology nonstop_tsc aperfmperf pni pclmulqdq dtes64 monitor ds_cpl vmx est tm2 ssse3 cx16 xtpr pdcm sse4_1 sse4_2 movbe popcnt tsc_deadline_timer rdrand lahf_lm 3dnowprefetch ida arat epb dtherm tpr_shadow vnmi flexpriority ept vpid tsc_adjust smep erms
bogomips	: 4326.40
clflush size	: 64
cache_alignment	: 64
address sizes	: 36 bits physical, 48 bits virtual
power management:

processor	: 1
vendor_id	: GenuineIntel
cpu family	: 6
model		: 55
model name	: Intel(R) Celeron(R) CPU  N2840  @ 2.16GHz
stepping	: 8
microcode	: 0x809
cpu MHz		: 2582.293
cache size	: 1024 KB
physical id	: 0
siblings	: 2
core id		: 1
cpu cores	: 2
apicid		: 2
initial apicid	: 2
fdiv_bug	: no
f00f_bug	: no
coma_bug	: no
fpu		: yes
fpu_exception	: yes
cpuid level	: 11
wp		: yes
flags		: fpu vme de pse tsc msr pae mce cx8 apic sep mtrr pge mca cmov pat pse36 clflush dts acpi mmx fxsr sse sse2 ss ht tm pbe nx rdtscp lm constant_tsc arch_perfmon pebs bts xtopology nonstop_tsc aperfmperf pni pclmulqdq dtes64 monitor ds_cpl vmx est tm2 ssse3 cx16 xtpr pdcm sse4_1 sse4_2 movbe popcnt tsc_deadline_timer rdrand lahf_lm 3dnowprefetch ida arat epb dtherm tpr_shadow vnmi flexpriority ept vpid tsc_adjust smep erms
bogomips	: 4326.40
clflush size	: 64
cache_alignment	: 64
address sizes	: 36 bits physical, 48 bits virtual
power management:



Memory: 4k page, physical 4032724k(1262972k free), swap 4075516k(4075300k free)

vm_info: OpenJDK Server VM (24.111-b01) for linux-x86 JRE (1.7.0_111-b01), built on Aug 12 2016 05:32:15 by "buildd" with gcc 4.8.4

time: Wed Nov 16 10:18:00 2016
elapsed time: 5 seconds

