#
# A fatal error has been detected by the Java Runtime Environment:
#
#  SIGSEGV (0xb) at pc=0x08093432, pid=28126, tid=3046491904
#
# JRE version: OpenJDK Runtime Environment (7.0_111-b01) (build 1.7.0_111-b01)
# Java VM: OpenJDK Server VM (24.111-b01 mixed mode linux-x86 )
# Derivative: IcedTea 2.6.7
# Distribution: Ubuntu 14.04 LTS, package 7u111-2.6.7-0ubuntu0.14.04.3
# Problematic frame:
# C  [exe_projectRobotran+0x4b432]  ctrlGr4::SearchGraph::retrieveBestPath(int, int)+0x122
#
# Failed to write core dump. Core dumps have been disabled. To enable core dumping, try "ulimit -c unlimited" before starting Java again
#
# If you would like to submit a bug report, please include
# instructions on how to reproduce the bug and visit:
#   http://icedtea.classpath.org/bugzilla
# The crash happened outside the Java Virtual Machine in native code.
# See problematic frame for where to report the bug.
#

---------------  T H R E A D  ---------------

Current thread (0x08f6d000):  JavaThread "main" [_thread_in_native, id=28126, stack(0xbf8a2000,0xbf8f2000)]

siginfo:si_signo=SIGSEGV: si_errno=0, si_code=1 (SEGV_MAPERR), si_addr=0x0001002f

Registers:
EAX=0x00010003, EBX=0xbf8ef144, ECX=0x00000003, EDX=0x00000000
ESP=0xbf8ef0c0, EBP=0xbf8ef108, ESI=0x095abf40, EDI=0x095abf54
EIP=0x08093432, EFLAGS=0x00010246, CR2=0x0001002f

Top of Stack: (sp=0xbf8ef0c0)
0xbf8ef0c0:   bf8ef144 bf8ef0ec 00000018 0000007c
0xbf8ef0d0:   b62fd420 00002710 00000014 00000003
0xbf8ef0e0:   00000028 00000003 00000000 00000003
0xbf8ef0f0:   00000000 0000005b 00000000 00000000
0xbf8ef100:   bf8ef1d4 095abf40 bf8ef168 0809356c
0xbf8ef110:   bf8ef144 095abf40 00000000 00000003
0xbf8ef120:   b62fd420 095addb0 bf8ef1f8 b61c8888
0xbf8ef130:   095adee8 095abf54 095adf70 095abf54 

Instructions: (pc=0x08093432)
0x08093412:   89 7c 24 0c 89 54 24 08 89 0c 24 89 45 cc e8 2b
0x08093422:   a5 fc ff 8b 45 cc 83 46 24 01 8b 40 14 8b 40 38
0x08093432:   8b 48 2c 8b 43 04 3b 43 08 89 4d e4 74 56 85 c0
0x08093442:   74 05 89 08 8b 4d e4 83 c0 04 39 4d 10 89 43 04 

Register to memory mapping:

EAX=0x00010003 is an unknown value
EBX=0xbf8ef144 is pointing into the stack for thread: 0x08f6d000
ECX=0x00000003 is an unknown value
EDX=0x00000000 is an unknown value
ESP=0xbf8ef0c0 is pointing into the stack for thread: 0x08f6d000
EBP=0xbf8ef108 is pointing into the stack for thread: 0x08f6d000
ESI=0x095abf40 is an unknown value
EDI=0x095abf54 is an unknown value


Stack: [0xbf8a2000,0xbf8f2000],  sp=0xbf8ef0c0,  free space=308k
Native frames: (J=compiled Java code, j=interpreted, Vv=VM code, C=native code)
C  [exe_projectRobotran+0x4b432]  ctrlGr4::SearchGraph::retrieveBestPath(int, int)+0x122
C  [exe_projectRobotran+0x4b56c]  ctrlGr4::SearchGraph::computePath(int, int)+0x8c
C  [exe_projectRobotran+0x4a61c]  ctrlGr4::controller_loop(ctrlGr4::CtrlStruct*)+0x39c


---------------  P R O C E S S  ---------------

Java Threads: ( => current thread )
  0x09598400 JavaThread "J3D-InputDeviceScheduler-1" [_thread_blocked, id=28158, stack(0x64ca0000,0x64cf1000)]
  0x09506800 JavaThread "J3D-SoundSchedulerUpdateThread-1" [_thread_blocked, id=28157, stack(0x64f3f000,0x64f90000)]
  0x09505400 JavaThread "J3D-RenderStructureUpdateThread-1" [_thread_blocked, id=28156, stack(0x64f90000,0x64fe1000)]
  0x09222c00 JavaThread "J3D-BehaviorScheduler-1" [_thread_blocked, id=28155, stack(0x64fe1000,0x65032000)]
  0x09513800 JavaThread "J3D-TransformStructureUpdateThread-1" [_thread_in_Java, id=28154, stack(0x65032000,0x65083000)]
  0x09222400 JavaThread "J3D-RenderingEnvironmentStructureUpdateThread-1" [_thread_blocked, id=28153, stack(0x65083000,0x650d4000)]
  0x092d3000 JavaThread "J3D-SoundStructureUpdateThread-1" [_thread_blocked, id=28152, stack(0x650d4000,0x65125000)]
  0x096a8400 JavaThread "J3D-GeometryStructureUpdateThread-1" [_thread_blocked, id=28151, stack(0x63e9e000,0x63eef000)]
  0x0934f000 JavaThread "J3D-BehaviorStructureUpdateThread-1" [_thread_blocked, id=28150, stack(0x65125000,0x65176000)]
  0x09591800 JavaThread "AWT-EventQueue-0" [_thread_blocked, id=28149, stack(0x6555e000,0x655af000)]
  0x09591400 JavaThread "AWT-Shutdown" [_thread_blocked, id=28148, stack(0x655af000,0x65600000)]
  0x094b7800 JavaThread "Image Fetcher 0" daemon [_thread_blocked, id=28147, stack(0x6550d000,0x6555e000)]
  0x094a1800 JavaThread "Timer-0" daemon [_thread_blocked, id=28144, stack(0x6573c000,0x6578d000)]
  0x09469400 JavaThread "J3D-Renderer-1" [_thread_blocked, id=28143, stack(0x65e7c000,0x65ecd000)]
  0x09466400 JavaThread "J3D-MasterControl-1" [_thread_blocked, id=28142, stack(0x65ecd000,0x65f1e000)]
  0x094a3400 JavaThread "J3D-NotificationThread" [_thread_blocked, id=28141, stack(0x65f1e000,0x65f6f000)]
  0x094a2800 JavaThread "J3D-TimerThread" [_thread_blocked, id=28140, stack(0x65f6f000,0x65fc0000)]
  0x09448000 JavaThread "J3D-RenderingAttributesStructureUpdateThread" [_thread_blocked, id=28139, stack(0x65fc0000,0x66011000)]
  0x0919f400 JavaThread "AWT-XAWT" daemon [_thread_in_native, id=28138, stack(0x66160000,0x661b1000)]
  0x0918e800 JavaThread "Java2D Disposer" daemon [_thread_blocked, id=28137, stack(0x661b1000,0x66202000)]
  0x09093800 JavaThread "Service Thread" daemon [_thread_blocked, id=28135, stack(0x6670b000,0x6675c000)]
  0x09091800 JavaThread "C2 CompilerThread1" daemon [_thread_blocked, id=28134, stack(0x6675c000,0x667dd000)]
  0x0908f800 JavaThread "C2 CompilerThread0" daemon [_thread_blocked, id=28133, stack(0x667dd000,0x6685e000)]
  0x0908e000 JavaThread "Signal Dispatcher" daemon [_thread_blocked, id=28132, stack(0x6685e000,0x668af000)]
  0x09078c00 JavaThread "Finalizer" daemon [_thread_blocked, id=28131, stack(0x66aaf000,0x66b00000)]
  0x09077000 JavaThread "Reference Handler" daemon [_thread_blocked, id=28130, stack(0x66c08000,0x66c59000)]
=>0x08f6d000 JavaThread "main" [_thread_in_native, id=28126, stack(0xbf8a2000,0xbf8f2000)]

Other Threads:
  0x09074800 VMThread [stack: 0x66c59000,0x66cda000] [id=28129]
  0x09095800 WatcherThread [stack: 0x6668a000,0x6670b000] [id=28136]

VM state:not at safepoint (normal execution)

VM Mutex/Monitor currently owned by a thread: None

Heap
 PSYoungGen      total 70656K, used 17584K [0x9aec0000, 0xa2740000, 0xaf780000)
  eden space 54784K, 15% used [0x9aec0000,0x9b6c7dc0,0x9e440000)
  from space 15872K, 58% used [0x9e440000,0x9ed64340,0x9f3c0000)
  to   space 15360K, 0% used [0xa1840000,0xa1840000,0xa2740000)
 ParOldGen       total 41984K, used 8805K [0x71d80000, 0x74680000, 0x9aec0000)
  object space 41984K, 20% used [0x71d80000,0x726194d8,0x74680000)
 PSPermGen       total 25856K, used 13936K [0x69d80000, 0x6b6c0000, 0x71d80000)
  object space 25856K, 53% used [0x69d80000,0x6ab1c038,0x6b6c0000)

Card table byte_map: [0x69b52000,0x69d80000] byte_map_base: 0x69803400

Polling page: 0xb77c8000

Code Cache  [0xaf85d000, 0xafa9d000, 0xb285d000)
 total_blobs=590 nmethods=256 adapters=288 free_code_cache=48236Kb largest_free_block=49362624

Compilation events (10 events):
Event: 4.621 Thread 0x0908f800 nmethod 270 0xaf93a5c8 code [0xaf93a6a0, 0xaf93a710]
Event: 4.674 Thread 0x0908f800  271             java.lang.StringBuilder::<init> (7 bytes)
Event: 4.675 Thread 0x0908f800 nmethod 271 0xaf937508 code [0xaf937600, 0xaf9376d0]
Event: 4.695 Thread 0x0908f800  272             sun.java2d.loops.GraphicsPrimitive::getUniqueID (5 bytes)
Event: 4.696 Thread 0x0908f800 nmethod 272 0xaf937388 code [0xaf937460, 0xaf9374b0]
Event: 4.795 Thread 0x09091800 nmethod 255% 0xaf940788 code [0xaf940d40, 0xaf943f08]
Event: 5.279 Thread 0x0908f800  273             java.util.logging.Level::intValue (5 bytes)
Event: 5.290 Thread 0x0908f800 nmethod 273 0xaf9378c8 code [0xaf9379a0, 0xaf9379f0]
Event: 5.298 Thread 0x09091800  274             sun.util.logging.LoggingSupport::ensureAvailable (17 bytes)
Event: 5.298 Thread 0x09091800 nmethod 274 0xaf937748 code [0xaf937820, 0xaf937850]

GC Heap History (10 events):
Event: 2.805 GC heap before
{Heap before GC invocations=4 (full 0):
 PSYoungGen      total 18432K, used 18426K [0x9aec0000, 0x9d2c0000, 0xaf780000)
  eden space 15872K, 100% used [0x9aec0000,0x9be40000,0x9be40000)
  from space 2560K, 99% used [0x9be40000,0x9c0bea60,0x9c0c0000)
  to   space 2560K, 0% used [0x9d040000,0x9d040000,0x9d2c0000)
 ParOldGen       total 41984K, used 12572K [0x71d80000, 0x74680000, 0x9aec0000)
  object space 41984K, 29% used [0x71d80000,0x729c7150,0x74680000)
 PSPermGen       total 16384K, used 12172K [0x69d80000, 0x6ad80000, 0x71d80000)
  object space 16384K, 74% used [0x69d80000,0x6a963330,0x6ad80000)
Event: 2.843 GC heap after
Heap after GC invocations=4 (full 0):
 PSYoungGen      total 34304K, used 2545K [0x9aec0000, 0x9d2c0000, 0xaf780000)
  eden space 31744K, 0% used [0x9aec0000,0x9aec0000,0x9cdc0000)
  from space 2560K, 99% used [0x9d040000,0x9d2bc598,0x9d2c0000)
  to   space 2560K, 0% used [0x9cdc0000,0x9cdc0000,0x9d040000)
 ParOldGen       total 41984K, used 21876K [0x71d80000, 0x74680000, 0x9aec0000)
  object space 41984K, 52% used [0x71d80000,0x732dd360,0x74680000)
 PSPermGen       total 16384K, used 12172K [0x69d80000, 0x6ad80000, 0x71d80000)
  object space 16384K, 74% used [0x69d80000,0x6a963330,0x6ad80000)
}
Event: 3.216 GC heap before
{Heap before GC invocations=5 (full 0):
 PSYoungGen      total 34304K, used 34289K [0x9aec0000, 0x9d2c0000, 0xaf780000)
  eden space 31744K, 100% used [0x9aec0000,0x9cdc0000,0x9cdc0000)
  from space 2560K, 99% used [0x9d040000,0x9d2bc598,0x9d2c0000)
  to   space 2560K, 0% used [0x9cdc0000,0x9cdc0000,0x9d040000)
 ParOldGen       total 41984K, used 21876K [0x71d80000, 0x74680000, 0x9aec0000)
  object space 41984K, 52% used [0x71d80000,0x732dd360,0x74680000)
 PSPermGen       total 16384K, used 12852K [0x69d80000, 0x6ad80000, 0x71d80000)
  object space 16384K, 78% used [0x69d80000,0x6aa0d178,0x6ad80000)
Event: 3.255 GC heap after
Heap after GC invocations=5 (full 0):
 PSYoungGen      total 34304K, used 2553K [0x9aec0000, 0xa0c40000, 0xaf780000)
  eden space 31744K, 0% used [0x9aec0000,0x9aec0000,0x9cdc0000)
  from space 2560K, 99% used [0x9cdc0000,0x9d03e718,0x9d040000)
  to   space 16128K, 0% used [0x9fc80000,0x9fc80000,0xa0c40000)
 ParOldGen       total 41984K, used 29841K [0x71d80000, 0x74680000, 0x9aec0000)
  object space 41984K, 71% used [0x71d80000,0x73aa4588,0x74680000)
 PSPermGen       total 16384K, used 12852K [0x69d80000, 0x6ad80000, 0x71d80000)
  object space 16384K, 78% used [0x69d80000,0x6aa0d178,0x6ad80000)
}
Event: 3.256 GC heap before
{Heap before GC invocations=6 (full 1):
 PSYoungGen      total 34304K, used 2553K [0x9aec0000, 0xa0c40000, 0xaf780000)
  eden space 31744K, 0% used [0x9aec0000,0x9aec0000,0x9cdc0000)
  from space 2560K, 99% used [0x9cdc0000,0x9d03e718,0x9d040000)
  to   space 16128K, 0% used [0x9fc80000,0x9fc80000,0xa0c40000)
 ParOldGen       total 41984K, used 29841K [0x71d80000, 0x74680000, 0x9aec0000)
  object space 41984K, 71% used [0x71d80000,0x73aa4588,0x74680000)
 PSPermGen       total 16384K, used 12852K [0x69d80000, 0x6ad80000, 0x71d80000)
  object space 16384K, 78% used [0x69d80000,0x6aa0d178,0x6ad80000)
Event: 3.353 GC heap after
Heap after GC invocations=6 (full 1):
 PSYoungGen      total 34304K, used 0K [0x9aec0000, 0xa0c40000, 0xaf780000)
  eden space 31744K, 0% used [0x9aec0000,0x9aec0000,0x9cdc0000)
  from space 2560K, 0% used [0x9cdc0000,0x9cdc0000,0x9d040000)
  to   space 16128K, 0% used [0x9fc80000,0x9fc80000,0xa0c40000)
 ParOldGen       total 41984K, used 8805K [0x71d80000, 0x74680000, 0x9aec0000)
  object space 41984K, 20% used [0x71d80000,0x726194d8,0x74680000)
 PSPermGen       total 25856K, used 12848K [0x69d80000, 0x6b6c0000, 0x71d80000)
  object space 25856K, 49% used [0x69d80000,0x6aa0c208,0x6b6c0000)
}
Event: 3.805 GC heap before
{Heap before GC invocations=7 (full 1):
 PSYoungGen      total 34304K, used 31744K [0x9aec0000, 0xa0c40000, 0xaf780000)
  eden space 31744K, 100% used [0x9aec0000,0x9cdc0000,0x9cdc0000)
  from space 2560K, 0% used [0x9cdc0000,0x9cdc0000,0x9d040000)
  to   space 16128K, 0% used [0x9fc80000,0x9fc80000,0xa0c40000)
 ParOldGen       total 41984K, used 8805K [0x71d80000, 0x74680000, 0x9aec0000)
  object space 41984K, 20% used [0x71d80000,0x726194d8,0x74680000)
 PSPermGen       total 25856K, used 12892K [0x69d80000, 0x6b6c0000, 0x71d80000)
  object space 25856K, 49% used [0x69d80000,0x6aa17158,0x6b6c0000)
Event: 3.820 GC heap after
Heap after GC invocations=7 (full 1):
 PSYoungGen      total 61696K, used 4475K [0x9aec0000, 0xa0340000, 0xaf780000)
  eden space 54784K, 0% used [0x9aec0000,0x9aec0000,0x9e440000)
  from space 6912K, 64% used [0x9fc80000,0xa00dec20,0xa0340000)
  to   space 15872K, 0% used [0x9e440000,0x9e440000,0x9f3c0000)
 ParOldGen       total 41984K, used 8805K [0x71d80000, 0x74680000, 0x9aec0000)
  object space 41984K, 20% used [0x71d80000,0x726194d8,0x74680000)
 PSPermGen       total 25856K, used 12892K [0x69d80000, 0x6b6c0000, 0x71d80000)
  object space 25856K, 49% used [0x69d80000,0x6aa17158,0x6b6c0000)
}
Event: 4.398 GC heap before
{Heap before GC invocations=8 (full 1):
 PSYoungGen      total 61696K, used 59259K [0x9aec0000, 0xa0340000, 0xaf780000)
  eden space 54784K, 100% used [0x9aec0000,0x9e440000,0x9e440000)
  from space 6912K, 64% used [0x9fc80000,0xa00dec20,0xa0340000)
  to   space 15872K, 0% used [0x9e440000,0x9e440000,0x9f3c0000)
 ParOldGen       total 41984K, used 8805K [0x71d80000, 0x74680000, 0x9aec0000)
  object space 41984K, 20% used [0x71d80000,0x726194d8,0x74680000)
 PSPermGen       total 25856K, used 12925K [0x69d80000, 0x6b6c0000, 0x71d80000)
  object space 25856K, 49% used [0x69d80000,0x6aa1f6b0,0x6b6c0000)
Event: 4.415 GC heap after
Heap after GC invocations=8 (full 1):
 PSYoungGen      total 70656K, used 9360K [0x9aec0000, 0xa2740000, 0xaf780000)
  eden space 54784K, 0% used [0x9aec0000,0x9aec0000,0x9e440000)
  from space 15872K, 58% used [0x9e440000,0x9ed64340,0x9f3c0000)
  to   space 15360K, 0% used [0xa1840000,0xa1840000,0xa2740000)
 ParOldGen       total 41984K, used 8805K [0x71d80000, 0x74680000, 0x9aec0000)
  object space 41984K, 20% used [0x71d80000,0x726194d8,0x74680000)
 PSPermGen       total 25856K, used 12925K [0x69d80000, 0x6b6c0000, 0x71d80000)
  object space 25856K, 49% used [0x69d80000,0x6aa1f6b0,0x6b6c0000)
}

Deoptimization events (10 events):
Event: 3.428 Thread 0x08f6d000 Uncommon trap: reason=unstable_if action=reinterpret pc=0xaf91eb28 method=sun.misc.FloatingDecimal.readJavaFormatString(Ljava/lang/String;)Lsun/misc/FloatingDecimal; @ 509
Event: 3.456 Thread 0x08f6d000 Uncommon trap: reason=unstable_if action=reinterpret pc=0xaf8f8094 method=com.sun.j3d.utils.geometry.EdgeTable.<init>([I)V @ 68
Event: 3.458 Thread 0x08f6d000 Uncommon trap: reason=unstable_if action=reinterpret pc=0xaf90ebdc method=com.sun.j3d.utils.geometry.NormalGenerator.createHardEdges()I @ 352
Event: 4.502 Thread 0x08f6d000 Uncommon trap: reason=unstable_if action=reinterpret pc=0xaf91d4b4 method=java.util.Properties.load0(Ljava/util/Properties$LineReader;)V @ 12
Event: 4.509 Thread 0x08f6d000 Uncommon trap: reason=unstable_if action=reinterpret pc=0xaf8ba248 method=java.util.ArrayList.indexOf(Ljava/lang/Object;)I @ 41
Event: 4.587 Thread 0x08f6d000 Uncommon trap: reason=unstable_if action=reinterpret pc=0xaf92496c method=javax.media.j3d.GeometryArrayRetained.computeBoundingBox(I[F)V @ 30
Event: 4.685 Thread 0x08f6d000 Uncommon trap: reason=bimorphic action=maybe_recompile pc=0xaf91bd24 method=java.util.HashMap.put(Ljava/lang/Object;Ljava/lang/Object;)Ljava/lang/Object; @ 83
Event: 4.703 Thread 0x08f6d000 Uncommon trap: reason=bimorphic action=maybe_recompile pc=0xaf91bd24 method=java.util.HashMap.put(Ljava/lang/Object;Ljava/lang/Object;)Ljava/lang/Object; @ 83
Event: 4.705 Thread 0x08f6d000 Uncommon trap: reason=bimorphic action=maybe_recompile pc=0xaf91bd24 method=java.util.HashMap.put(Ljava/lang/Object;Ljava/lang/Object;)Ljava/lang/Object; @ 83
Event: 4.795 Thread 0x09591800 Uncommon trap: reason=unstable_if action=reinterpret pc=0xaf8e53dc method=java.lang.Class.getName()Ljava/lang/String; @ 6

Internal exceptions (10 events):
Event: 2.977 Thread 0x08f6d000 Implicit null exception at 0xaf8e6a0d to 0xaf8e6ff5
Event: 3.093 Thread 0x08f6d000 Implicit null exception at 0xaf8ecd0f to 0xaf8ed3c1
Event: 3.093 Thread 0x08f6d000 Implicit null exception at 0xaf8ecd0f to 0xaf8ed3c1
Event: 3.096 Thread 0x08f6d000 Implicit null exception at 0xaf8ecd0f to 0xaf8ed3c1
Event: 3.418 Thread 0x08f6d000 Implicit null exception at 0xaf921513 to 0xaf921751
Event: 4.448 Thread 0x08f6d000 Threw 0x9b039458 at /build/openjdk-7-Ylwexc/openjdk-7-7u111-2.6.7/build/openjdk/hotspot/src/share/vm/prims/jvm.cpp:1322
Event: 4.503 Thread 0x08f6d000 Threw 0x9b203f20 at /build/openjdk-7-Ylwexc/openjdk-7-7u111-2.6.7/build/openjdk/hotspot/src/share/vm/prims/jvm.cpp:1322
Event: 4.504 Thread 0x08f6d000 Threw 0x9b2070f0 at /build/openjdk-7-Ylwexc/openjdk-7-7u111-2.6.7/build/openjdk/hotspot/src/share/vm/prims/jvm.cpp:1322
Event: 4.795 Thread 0x09591800 Implicit null exception at 0xaf8e4fb1 to 0xaf8e53c5
Event: 5.237 Thread 0x09591800 Threw 0x9afd9c20 at /build/openjdk-7-Ylwexc/openjdk-7-7u111-2.6.7/build/openjdk/hotspot/src/share/vm/prims/jni.cpp:747

Events (10 events):
Event: 5.316 Executing VM operation: RevokeBias
Event: 5.316 Executing VM operation: RevokeBias done
Event: 5.316 Executing VM operation: RevokeBias
Event: 5.316 Executing VM operation: RevokeBias done
Event: 5.316 Executing VM operation: RevokeBias
Event: 5.316 Executing VM operation: RevokeBias done
Event: 5.316 Executing VM operation: RevokeBias
Event: 5.316 Executing VM operation: RevokeBias done
Event: 5.316 Executing VM operation: BulkRevokeBias
Event: 5.316 Executing VM operation: BulkRevokeBias done


Dynamic libraries:
08048000-080bf000 r-xp 00000000 08:01 6035026    /home/gregoire/Documents/MobileRobots/MobileRobotsProject/workR/build/exe_projectRobotran
080bf000-080c0000 r--p 00076000 08:01 6035026    /home/gregoire/Documents/MobileRobots/MobileRobotsProject/workR/build/exe_projectRobotran
080c0000-080c1000 rw-p 00077000 08:01 6035026    /home/gregoire/Documents/MobileRobots/MobileRobotsProject/workR/build/exe_projectRobotran
08f5e000-0995a000 rw-p 00000000 00:00 0          [heap]
63e9e000-63ea1000 ---p 00000000 00:00 0 
63ea1000-63eef000 rw-p 00000000 00:00 0          [stack:28151]
64ca0000-64ca3000 ---p 00000000 00:00 0 
64ca3000-64def000 rw-p 00000000 00:00 0          [stack:28158]
64def000-64f3f000 rw-s 00000000 00:04 58982420   /SYSV00000000 (deleted)
64f3f000-64f42000 ---p 00000000 00:00 0 
64f42000-64f90000 rw-p 00000000 00:00 0          [stack:28157]
64f90000-64f93000 ---p 00000000 00:00 0 
64f93000-64fe1000 rw-p 00000000 00:00 0          [stack:28156]
64fe1000-64fe4000 ---p 00000000 00:00 0 
64fe4000-65032000 rw-p 00000000 00:00 0          [stack:28155]
65032000-65035000 ---p 00000000 00:00 0 
65035000-65083000 rw-p 00000000 00:00 0          [stack:28154]
65083000-65086000 ---p 00000000 00:00 0 
65086000-650d4000 rw-p 00000000 00:00 0          [stack:28153]
650d4000-650d7000 ---p 00000000 00:00 0 
650d7000-65125000 rw-p 00000000 00:00 0          [stack:28152]
65125000-65128000 ---p 00000000 00:00 0 
65128000-65176000 rw-p 00000000 00:00 0          [stack:28150]
65176000-651ab000 r-xp 00000000 08:01 18225272   /usr/lib/i386-linux-gnu/libtxc_dxtn_s2tc.so.0.0.0
651ab000-651ac000 r--p 00034000 08:01 18225272   /usr/lib/i386-linux-gnu/libtxc_dxtn_s2tc.so.0.0.0
651ac000-651ad000 rw-p 00035000 08:01 18225272   /usr/lib/i386-linux-gnu/libtxc_dxtn_s2tc.so.0.0.0
651ad000-651fd000 r-xp 00000000 08:01 18484113   /usr/lib/jvm/java-7-openjdk-i386/jre/lib/i386/libfontmanager.so
651fd000-651ff000 r--p 0004f000 08:01 18484113   /usr/lib/jvm/java-7-openjdk-i386/jre/lib/i386/libfontmanager.so
651ff000-65200000 rw-p 00051000 08:01 18484113   /usr/lib/jvm/java-7-openjdk-i386/jre/lib/i386/libfontmanager.so
65200000-652ff000 rw-p 00000000 00:00 0 
652ff000-65300000 ---p 00000000 00:00 0 
65300000-653fb000 rw-p 00000000 00:00 0 
653fb000-65400000 ---p 00000000 00:00 0 
65400000-654ff000 rw-p 00000000 00:00 0 
654ff000-65500000 ---p 00000000 00:00 0 
6550d000-65510000 ---p 00000000 00:00 0 
65510000-6555e000 rw-p 00000000 00:00 0          [stack:28147]
6555e000-65561000 ---p 00000000 00:00 0 
65561000-655af000 rw-p 00000000 00:00 0          [stack:28149]
655af000-655b2000 ---p 00000000 00:00 0 
655b2000-65600000 rw-p 00000000 00:00 0          [stack:28148]
65600000-65631000 rw-p 00000000 00:00 0 
65631000-65700000 ---p 00000000 00:00 0 
6571c000-65722000 rw-p 00000000 00:00 0 
65722000-65729000 r--s 00000000 08:01 18219920   /usr/lib/i386-linux-gnu/gconv/gconv-modules.cache
65729000-6573a000 r-xp 00000000 08:01 18483846   /usr/lib/jvm/java-7-openjdk-i386/jre/lib/i386/libnio.so
6573a000-6573b000 r--p 00010000 08:01 18483846   /usr/lib/jvm/java-7-openjdk-i386/jre/lib/i386/libnio.so
6573b000-6573c000 rw-p 00011000 08:01 18483846   /usr/lib/jvm/java-7-openjdk-i386/jre/lib/i386/libnio.so
6573c000-6573f000 ---p 00000000 00:00 0 
6573f000-6578d000 rw-p 00000000 00:00 0          [stack:28144]
6578d000-65796000 r-xp 00000000 08:01 18225079   /usr/lib/i386-linux-gnu/libpciaccess.so.0.11.1
65796000-65797000 r--p 00008000 08:01 18225079   /usr/lib/i386-linux-gnu/libpciaccess.so.0.11.1
65797000-65798000 rw-p 00009000 08:01 18225079   /usr/lib/i386-linux-gnu/libpciaccess.so.0.11.1
65798000-657a3000 r-xp 00000000 08:01 18221979   /usr/lib/i386-linux-gnu/libdrm_radeon.so.1.0.1
657a3000-657a4000 r--p 0000a000 08:01 18221979   /usr/lib/i386-linux-gnu/libdrm_radeon.so.1.0.1
657a4000-657a5000 rw-p 0000b000 08:01 18221979   /usr/lib/i386-linux-gnu/libdrm_radeon.so.1.0.1
657a5000-657ac000 r-xp 00000000 08:01 18221982   /usr/lib/i386-linux-gnu/libdrm_nouveau.so.2.0.0
657ac000-657ad000 r--p 00006000 08:01 18221982   /usr/lib/i386-linux-gnu/libdrm_nouveau.so.2.0.0
657ad000-657ae000 rw-p 00007000 08:01 18221982   /usr/lib/i386-linux-gnu/libdrm_nouveau.so.2.0.0
657ae000-657cf000 r-xp 00000000 08:01 18221790   /usr/lib/i386-linux-gnu/libdrm_intel.so.1.0.0
657cf000-657d0000 r--p 00020000 08:01 18221790   /usr/lib/i386-linux-gnu/libdrm_intel.so.1.0.0
657d0000-657d1000 rw-p 00021000 08:01 18221790   /usr/lib/i386-linux-gnu/libdrm_intel.so.1.0.0
657d1000-65dfb000 r-xp 00000000 08:01 18219429   /usr/lib/i386-linux-gnu/dri/i965_dri.so
65dfb000-65e1c000 r--p 00629000 08:01 18219429   /usr/lib/i386-linux-gnu/dri/i965_dri.so
65e1c000-65e22000 rw-p 0064a000 08:01 18219429   /usr/lib/i386-linux-gnu/dri/i965_dri.so
65e22000-65e28000 rw-p 00000000 00:00 0 
65e28000-65e30000 r-xp 00000000 08:01 20841527   /lib/i386-linux-gnu/libnih-dbus.so.1.0.0
65e30000-65e31000 r--p 00007000 08:01 20841527   /lib/i386-linux-gnu/libnih-dbus.so.1.0.0
65e31000-65e32000 rw-p 00008000 08:01 20841527   /lib/i386-linux-gnu/libnih-dbus.so.1.0.0
65e32000-65e49000 r-xp 00000000 08:01 20841529   /lib/i386-linux-gnu/libnih.so.1.0.0
65e49000-65e4a000 r--p 00016000 08:01 20841529   /lib/i386-linux-gnu/libnih.so.1.0.0
65e4a000-65e4b000 rw-p 00017000 08:01 20841529   /lib/i386-linux-gnu/libnih.so.1.0.0
65e4b000-65e67000 r-xp 00000000 08:01 20841579   /lib/i386-linux-gnu/libcgmanager.so.0.0.0
65e67000-65e68000 r--p 0001b000 08:01 20841579   /lib/i386-linux-gnu/libcgmanager.so.0.0.0
65e68000-65e69000 rw-p 0001c000 08:01 20841579   /lib/i386-linux-gnu/libcgmanager.so.0.0.0
65e69000-65e7a000 r-xp 00000000 08:01 20840723   /lib/i386-linux-gnu/libudev.so.1.3.5
65e7a000-65e7b000 r--p 00010000 08:01 20840723   /lib/i386-linux-gnu/libudev.so.1.3.5
65e7b000-65e7c000 rw-p 00011000 08:01 20840723   /lib/i386-linux-gnu/libudev.so.1.3.5
65e7c000-65e7f000 ---p 00000000 00:00 0 
65e7f000-65ecd000 rw-p 00000000 00:00 0          [stack:28143]
65ecd000-65ed0000 ---p 00000000 00:00 0 
65ed0000-65f1e000 rw-p 00000000 00:00 0          [stack:28142]
65f1e000-65f21000 ---p 00000000 00:00 0 
65f21000-65f6f000 rw-p 00000000 00:00 0          [stack:28141]
65f6f000-65f72000 ---p 00000000 00:00 0 
65f72000-65fc0000 rw-p 00000000 00:00 0          [stack:28140]
65fc0000-65fc3000 ---p 00000000 00:00 0 
65fc3000-66011000 rw-p 00000000 00:00 0          [stack:28139]
66011000-6601f000 r-xp 00000000 08:01 18222710   /usr/lib/i386-linux-gnu/libdrm.so.2.4.0
6601f000-66020000 r--p 0000d000 08:01 18222710   /usr/lib/i386-linux-gnu/libdrm.so.2.4.0
66020000-66021000 rw-p 0000e000 08:01 18222710   /usr/lib/i386-linux-gnu/libdrm.so.2.4.0
66021000-66025000 r-xp 00000000 08:01 18225362   /usr/lib/i386-linux-gnu/libxcb-dri2.so.0.0.0
66025000-66026000 r--p 00003000 08:01 18225362   /usr/lib/i386-linux-gnu/libxcb-dri2.so.0.0.0
66026000-66027000 rw-p 00004000 08:01 18225362   /usr/lib/i386-linux-gnu/libxcb-dri2.so.0.0.0
66027000-6603d000 r-xp 00000000 08:01 18225366   /usr/lib/i386-linux-gnu/libxcb-glx.so.0.0.0
6603d000-6603e000 r--p 00016000 08:01 18225366   /usr/lib/i386-linux-gnu/libxcb-glx.so.0.0.0
6603e000-6603f000 rw-p 00017000 08:01 18225366   /usr/lib/i386-linux-gnu/libxcb-glx.so.0.0.0
6603f000-66040000 r-xp 00000000 08:01 18224322   /usr/lib/i386-linux-gnu/libX11-xcb.so.1.0.0
66040000-66041000 r--p 00000000 08:01 18224322   /usr/lib/i386-linux-gnu/libX11-xcb.so.1.0.0
66041000-66042000 rw-p 00001000 08:01 18224322   /usr/lib/i386-linux-gnu/libX11-xcb.so.1.0.0
66042000-66044000 r-xp 00000000 08:01 18224337   /usr/lib/i386-linux-gnu/libXdamage.so.1.1.0
66044000-66045000 r--p 00001000 08:01 18224337   /usr/lib/i386-linux-gnu/libXdamage.so.1.1.0
66045000-66046000 rw-p 00002000 08:01 18224337   /usr/lib/i386-linux-gnu/libXdamage.so.1.1.0
66046000-66059000 r-xp 00000000 08:01 18224101   /usr/lib/i386-linux-gnu/libglapi.so.0.0.0
66059000-6605b000 r--p 00013000 08:01 18224101   /usr/lib/i386-linux-gnu/libglapi.so.0.0.0
6605b000-66061000 rwxp 00015000 08:01 18224101   /usr/lib/i386-linux-gnu/libglapi.so.0.0.0
66061000-66062000 r-xp 00000000 08:01 18225404   /usr/lib/i386-linux-gnu/libxshmfence.so.1.0.0
66062000-66063000 r--p 00000000 08:01 18225404   /usr/lib/i386-linux-gnu/libxshmfence.so.1.0.0
66063000-66064000 rw-p 00001000 08:01 18225404   /usr/lib/i386-linux-gnu/libxshmfence.so.1.0.0
66064000-66069000 r-xp 00000000 08:01 18225386   /usr/lib/i386-linux-gnu/libxcb-sync.so.1.0.0
66069000-6606a000 r--p 00004000 08:01 18225386   /usr/lib/i386-linux-gnu/libxcb-sync.so.1.0.0
6606a000-6606b000 rw-p 00005000 08:01 18225386   /usr/lib/i386-linux-gnu/libxcb-sync.so.1.0.0
6606b000-6606d000 r-xp 00000000 08:01 18225374   /usr/lib/i386-linux-gnu/libxcb-present.so.0.0.0
6606d000-6606e000 r--p 00001000 08:01 18225374   /usr/lib/i386-linux-gnu/libxcb-present.so.0.0.0
6606e000-6606f000 rw-p 00002000 08:01 18225374   /usr/lib/i386-linux-gnu/libxcb-present.so.0.0.0
6606f000-66071000 r-xp 00000000 08:01 18225364   /usr/lib/i386-linux-gnu/libxcb-dri3.so.0.0.0
66071000-66072000 r--p 00001000 08:01 18225364   /usr/lib/i386-linux-gnu/libxcb-dri3.so.0.0.0
66072000-66073000 rw-p 00002000 08:01 18225364   /usr/lib/i386-linux-gnu/libxcb-dri3.so.0.0.0
66073000-660ce000 r-xp 00000000 08:01 18219640   /usr/lib/i386-linux-gnu/mesa/libGL.so.1.2.0
660ce000-660cf000 ---p 0005b000 08:01 18219640   /usr/lib/i386-linux-gnu/mesa/libGL.so.1.2.0
660cf000-660d1000 r--p 0005b000 08:01 18219640   /usr/lib/i386-linux-gnu/mesa/libGL.so.1.2.0
660d1000-660d6000 rwxp 0005d000 08:01 18219640   /usr/lib/i386-linux-gnu/mesa/libGL.so.1.2.0
660d6000-660da000 rw-p 00000000 00:00 0 
660da000-660db000 rw-s 00000000 00:04 73435      /drm mm object (deleted)
660db000-660f3000 r-xp 00000000 08:01 18483833   /usr/lib/jvm/java-7-openjdk-i386/jre/lib/i386/libnet.so
660f3000-660f4000 r--p 00017000 08:01 18483833   /usr/lib/jvm/java-7-openjdk-i386/jre/lib/i386/libnet.so
660f4000-660f5000 rw-p 00018000 08:01 18483833   /usr/lib/jvm/java-7-openjdk-i386/jre/lib/i386/libnet.so
660f5000-66116000 r-xp 00000000 08:01 18352082   /usr/lib/jni/libj3dcore-ogl.so
66116000-66117000 rw-p 00020000 08:01 18352082   /usr/lib/jni/libj3dcore-ogl.so
66117000-66118000 r-xp 00000000 08:01 18484119   /usr/lib/jvm/java-7-openjdk-i386/jre/lib/i386/libjawt.so
66118000-66119000 r--p 00000000 08:01 18484119   /usr/lib/jvm/java-7-openjdk-i386/jre/lib/i386/libjawt.so
66119000-6611a000 rw-p 00001000 08:01 18484119   /usr/lib/jvm/java-7-openjdk-i386/jre/lib/i386/libjawt.so
6611a000-6611e000 r--s 00019000 08:01 6033270    /home/gregoire/Documents/MobileRobots/MobileRobotsProject/mbsysCopy/mbsyspad/lib/matlabcontrol-4.0.0.jar
6611e000-6613b000 r--s 0014f000 08:01 6033271    /home/gregoire/Documents/MobileRobots/MobileRobotsProject/mbsysCopy/mbsyspad/lib/swingx-all-1.6.4.jar
6613b000-66149000 r--s 00193000 08:01 6033260    /home/gregoire/Documents/MobileRobots/MobileRobotsProject/mbsysCopy/mbsyspad/lib/j3dutils.jar
66149000-66155000 r--s 002c7000 08:01 6033259    /home/gregoire/Documents/MobileRobots/MobileRobotsProject/mbsysCopy/mbsyspad/lib/j3dcore.jar
66155000-66160000 r--s 00108000 08:01 6033263    /home/gregoire/Documents/MobileRobots/MobileRobotsProject/mbsysCopy/mbsyspad/lib/jogl.jar
66160000-66163000 ---p 00000000 00:00 0 
66163000-661b1000 rw-p 00000000 00:00 0          [stack:28138]
661b1000-661b4000 ---p 00000000 00:00 0 
661b4000-66202000 rw-p 00000000 00:00 0          [stack:28137]
66202000-6623e000 r-xp 00000000 08:01 20840700   /lib/i386-linux-gnu/libpcre.so.3.13.1
6623e000-6623f000 r--p 0003b000 08:01 20840700   /lib/i386-linux-gnu/libpcre.so.3.13.1
6623f000-66240000 rw-p 0003c000 08:01 20840700   /lib/i386-linux-gnu/libpcre.so.3.13.1
66240000-6634a000 r-xp 00000000 08:01 20841496   /lib/i386-linux-gnu/libglib-2.0.so.0.4002.0
6634a000-6634b000 r--p 00109000 08:01 20841496   /lib/i386-linux-gnu/libglib-2.0.so.0.4002.0
6634b000-6634c000 rw-p 0010a000 08:01 20841496   /lib/i386-linux-gnu/libglib-2.0.so.0.4002.0
6634c000-66371000 r-xp 00000000 08:01 20840645   /lib/i386-linux-gnu/libexpat.so.1.6.0
66371000-66372000 ---p 00025000 08:01 20840645   /lib/i386-linux-gnu/libexpat.so.1.6.0
66372000-66374000 r--p 00025000 08:01 20840645   /lib/i386-linux-gnu/libexpat.so.1.6.0
66374000-66375000 rw-p 00027000 08:01 20840645   /lib/i386-linux-gnu/libexpat.so.1.6.0
66375000-663c5000 r-xp 00000000 08:01 18224739   /usr/lib/i386-linux-gnu/libgobject-2.0.so.0.4002.0
663c5000-663c6000 r--p 0004f000 08:01 18224739   /usr/lib/i386-linux-gnu/libgobject-2.0.so.0.4002.0
663c6000-663c7000 rw-p 00050000 08:01 18224739   /usr/lib/i386-linux-gnu/libgobject-2.0.so.0.4002.0
663c7000-66544000 r-xp 00000000 08:01 18224711   /usr/lib/i386-linux-gnu/libgio-2.0.so.0.4002.0
66544000-66546000 r--p 0017d000 08:01 18224711   /usr/lib/i386-linux-gnu/libgio-2.0.so.0.4002.0
66546000-66547000 rw-p 0017f000 08:01 18224711   /usr/lib/i386-linux-gnu/libgio-2.0.so.0.4002.0
66547000-66548000 rw-p 00000000 00:00 0 
66548000-66581000 r-xp 00000000 08:01 18226186   /usr/lib/i386-linux-gnu/libfontconfig.so.1.8.0
66581000-66582000 r--p 00039000 08:01 18226186   /usr/lib/i386-linux-gnu/libfontconfig.so.1.8.0
66582000-66583000 rw-p 0003a000 08:01 18226186   /usr/lib/i386-linux-gnu/libfontconfig.so.1.8.0
66583000-665cb000 r-xp 00000000 08:01 19923017   /usr/lib/jvm/java-7-openjdk-i386/jre/lib/i386/xawt/libmawt.so
665cb000-665cc000 r--p 00048000 08:01 19923017   /usr/lib/jvm/java-7-openjdk-i386/jre/lib/i386/xawt/libmawt.so
665cc000-665ce000 rw-p 00049000 08:01 19923017   /usr/lib/jvm/java-7-openjdk-i386/jre/lib/i386/xawt/libmawt.so
665ce000-665cf000 rw-p 00000000 00:00 0 
665cf000-6665e000 r-xp 00000000 08:01 18484117   /usr/lib/jvm/java-7-openjdk-i386/jre/lib/i386/libawt.so
6665e000-6665f000 r--p 0008f000 08:01 18484117   /usr/lib/jvm/java-7-openjdk-i386/jre/lib/i386/libawt.so
6665f000-66666000 rw-p 00090000 08:01 18484117   /usr/lib/jvm/java-7-openjdk-i386/jre/lib/i386/libawt.so
66666000-6668a000 rw-p 00000000 00:00 0 
6668a000-6668b000 ---p 00000000 00:00 0 
6668b000-6670b000 rw-p 00000000 00:00 0          [stack:28136]
6670b000-6670e000 ---p 00000000 00:00 0 
6670e000-6675c000 rw-p 00000000 00:00 0          [stack:28135]
6675c000-6675f000 ---p 00000000 00:00 0 
6675f000-667dd000 rw-p 00000000 00:00 0          [stack:28134]
667dd000-667e0000 ---p 00000000 00:00 0 
667e0000-6685e000 rw-p 00000000 00:00 0          [stack:28133]
6685e000-66861000 ---p 00000000 00:00 0 
66861000-668af000 rw-p 00000000 00:00 0          [stack:28132]
668af000-66aaf000 r--p 00000000 08:01 18227311   /usr/lib/locale/locale-archive
66aaf000-66ab2000 ---p 00000000 00:00 0 
66ab2000-66b00000 rw-p 00000000 00:00 0          [stack:28131]
66b00000-66c00000 rw-p 00000000 00:00 0 
66c00000-66c02000 r--s 0004c000 08:01 6033272    /home/gregoire/Documents/MobileRobots/MobileRobotsProject/mbsysCopy/mbsyspad/lib/vecmath.jar
66c02000-66c04000 r--s 00018000 08:01 18483205   /usr/lib/jvm/java-7-openjdk-i386/jre/lib/jce.jar
66c04000-66c08000 r--s 0004f000 08:01 18484133   /usr/lib/jvm/java-7-openjdk-i386/jre/lib/jsse.jar
66c08000-66c0b000 ---p 00000000 00:00 0 
66c0b000-66c59000 rw-p 00000000 00:00 0          [stack:28130]
66c59000-66c5a000 ---p 00000000 00:00 0 
66c5a000-66d23000 rw-p 00000000 00:00 0          [stack:28129]
66d23000-66ed6000 r--s 01d3d000 08:01 18483206   /usr/lib/jvm/java-7-openjdk-i386/jre/lib/rt.jar
66ed6000-69600000 rw-p 00000000 00:00 0 
69600000-69621000 rw-p 00000000 00:00 0 
69621000-69700000 ---p 00000000 00:00 0 
69700000-69701000 r--s 00017000 08:01 6033257    /home/gregoire/Documents/MobileRobots/MobileRobotsProject/mbsysCopy/mbsyspad/lib/j3D.jar
69701000-69721000 r-xp 00000000 08:01 20841595   /lib/i386-linux-gnu/libselinux.so.1
69721000-69722000 r--p 0001f000 08:01 20841595   /lib/i386-linux-gnu/libselinux.so.1
69722000-69723000 rw-p 00020000 08:01 20841595   /lib/i386-linux-gnu/libselinux.so.1
69723000-6977f000 rw-p 00000000 00:00 0 
6977f000-69780000 ---p 00000000 00:00 0 
69780000-69800000 rw-p 00000000 00:00 0          [stack:28128]
69800000-698ff000 rw-p 00000000 00:00 0 
698ff000-69900000 ---p 00000000 00:00 0 
69900000-69901000 r--s 00004000 08:01 6033256    /home/gregoire/Documents/MobileRobots/MobileRobotsProject/mbsysCopy/mbsyspad/lib/gluegen-rt.jar
69901000-69902000 r--s 00001000 08:01 6033262    /home/gregoire/Documents/MobileRobots/MobileRobotsProject/mbsysCopy/mbsyspad/lib/jnlp.jar
69902000-69906000 r--s 00020000 08:01 6033254    /home/gregoire/Documents/MobileRobots/MobileRobotsProject/mbsysCopy/mbsyspad/lib/commons-digester-1.8.jar
69906000-69909000 r-xp 00000000 08:01 18224723   /usr/lib/i386-linux-gnu/libgmodule-2.0.so.0.4002.0
69909000-6990a000 r--p 00002000 08:01 18224723   /usr/lib/i386-linux-gnu/libgmodule-2.0.so.0.4002.0
6990a000-6990b000 rw-p 00003000 08:01 18224723   /usr/lib/i386-linux-gnu/libgmodule-2.0.so.0.4002.0
6990b000-69910000 r-xp 00000000 08:01 18224369   /usr/lib/i386-linux-gnu/libXtst.so.6.1.0
69910000-69911000 r--p 00004000 08:01 18224369   /usr/lib/i386-linux-gnu/libXtst.so.6.1.0
69911000-69912000 rw-p 00005000 08:01 18224369   /usr/lib/i386-linux-gnu/libXtst.so.6.1.0
69912000-69914000 r-xp 00000000 08:01 18224333   /usr/lib/i386-linux-gnu/libXcomposite.so.1.0.0
69914000-69915000 r--p 00001000 08:01 18224333   /usr/lib/i386-linux-gnu/libXcomposite.so.1.0.0
69915000-69916000 rw-p 00002000 08:01 18224333   /usr/lib/i386-linux-gnu/libXcomposite.so.1.0.0
69916000-69917000 r--s 00008000 08:01 6033253    /home/gregoire/Documents/MobileRobots/MobileRobotsProject/mbsysCopy/mbsyspad/lib/commons-cli-1.1.jar
69917000-6991c000 r--s 0002a000 08:01 6033252    /home/gregoire/Documents/MobileRobots/MobileRobotsProject/mbsysCopy/mbsyspad/lib/commons-beanutils.jar
6991c000-69922000 r--s 00056000 08:01 6033258    /home/gregoire/Documents/MobileRobots/MobileRobotsProject/mbsysCopy/mbsyspad/lib/j3d-vrml97.jar
69922000-69925000 r--s 00023000 08:01 6033261    /home/gregoire/Documents/MobileRobots/MobileRobotsProject/mbsysCopy/mbsyspad/lib/jdom.jar
69925000-6992b000 r--s 00047000 08:01 6033255    /home/gregoire/Documents/MobileRobots/MobileRobotsProject/mbsysCopy/mbsyspad/lib/flamingo.jar
6992b000-69935000 r--s 000ae000 08:01 18483207   /usr/lib/jvm/java-7-openjdk-i386/jre/lib/resources.jar
69935000-69944000 r--s 0008c000 08:01 6033249    /home/gregoire/Documents/MobileRobots/MobileRobotsProject/mbsysCopy/mbsyspad/MBsysPad.jar
69944000-69948000 r--s 00085000 08:01 18751331   /usr/lib/jvm/java-7-openjdk-i386/jre/lib/ext/localedata.jar
69948000-69949000 ---p 00000000 00:00 0 
69949000-699d6000 rw-p 00000000 00:00 0          [stack:28127]
699d6000-69a09000 rw-p 00000000 00:00 0 
69a09000-69a1e000 rw-p 00000000 00:00 0 
69a1e000-69b52000 rw-p 00000000 00:00 0 
69b52000-69b5f000 rw-p 00000000 00:00 0 
69b5f000-69b92000 rw-p 00000000 00:00 0 
69b92000-69ba7000 rw-p 00000000 00:00 0 
69ba7000-69cda000 rw-p 00000000 00:00 0 
69cda000-69d17000 rw-p 00000000 00:00 0 
69d17000-69d7f000 rw-p 00000000 00:00 0 
69d7f000-6b6c0000 rw-p 00000000 00:00 0 
6b6c0000-71d80000 rw-p 00000000 00:00 0 
71d80000-74680000 rw-p 00000000 00:00 0 
74680000-9aec0000 rw-p 00000000 00:00 0 
9aec0000-a2740000 rw-p 00000000 00:00 0 
a2740000-af780000 rw-p 00000000 00:00 0 
af780000-af782000 r--s 0002a000 08:01 6033251    /home/gregoire/Documents/MobileRobots/MobileRobotsProject/mbsysCopy/mbsyspad/lib/MBsysComJ.jar
af782000-af7a6000 rw-p 00000000 00:00 0 
af7a6000-af85d000 rw-p 00000000 00:00 0 
af85d000-afa9d000 rwxp 00000000 00:00 0 
afa9d000-b285d000 rw-p 00000000 00:00 0 
b285d000-b2867000 r-xp 00000000 08:01 20854272   /lib/i386-linux-gnu/libnss_files-2.19.so
b2867000-b2868000 r--p 00009000 08:01 20854272   /lib/i386-linux-gnu/libnss_files-2.19.so
b2868000-b2869000 rw-p 0000a000 08:01 20854272   /lib/i386-linux-gnu/libnss_files-2.19.so
b2869000-b2873000 r-xp 00000000 08:01 20854264   /lib/i386-linux-gnu/libnss_nis-2.19.so
b2873000-b2874000 r--p 00009000 08:01 20854264   /lib/i386-linux-gnu/libnss_nis-2.19.so
b2874000-b2875000 rw-p 0000a000 08:01 20854264   /lib/i386-linux-gnu/libnss_nis-2.19.so
b2875000-b2878000 r--s 0000f000 08:01 18751219   /usr/lib/jvm/java-7-openjdk-i386/jre/lib/ext/icedtea-sound.jar
b2878000-b2879000 r--s 00002000 08:01 18751957   /usr/lib/jvm/java-7-openjdk-i386/jre/lib/ext/dnsns.jar
b2879000-b287b000 r--s 00012000 08:01 18751958   /usr/lib/jvm/java-7-openjdk-i386/jre/lib/ext/zipfs.jar
b287b000-b287f000 r--s 00034000 08:01 18751956   /usr/lib/jvm/java-7-openjdk-i386/jre/lib/ext/sunjce_provider.jar
b287f000-b2882000 r--s 0003d000 08:01 18751212   /usr/lib/jvm/java-7-openjdk-i386/jre/lib/ext/sunpkcs11.jar
b2882000-b288a000 r-xp 00000000 08:01 18484132   /usr/lib/jvm/java-7-openjdk-i386/jre/lib/i386/libzip.so
b288a000-b288b000 r--p 00007000 08:01 18484132   /usr/lib/jvm/java-7-openjdk-i386/jre/lib/i386/libzip.so
b288b000-b288c000 rw-p 00008000 08:01 18484132   /usr/lib/jvm/java-7-openjdk-i386/jre/lib/i386/libzip.so
b288c000-b2894000 rw-s 00000000 08:01 14552362   /tmp/hsperfdata_gregoire/28126
b2894000-b28bb000 r-xp 00000000 08:01 18483211   /usr/lib/jvm/java-7-openjdk-i386/jre/lib/i386/libjava.so
b28bb000-b28bc000 r--p 00026000 08:01 18483211   /usr/lib/jvm/java-7-openjdk-i386/jre/lib/i386/libjava.so
b28bc000-b28bd000 rw-p 00027000 08:01 18483211   /usr/lib/jvm/java-7-openjdk-i386/jre/lib/i386/libjava.so
b28bd000-b5960000 rw-p 00000000 00:00 0 
b5960000-b5973000 r-xp 00000000 08:01 20854252   /lib/i386-linux-gnu/libresolv-2.19.so
b5973000-b5974000 ---p 00013000 08:01 20854252   /lib/i386-linux-gnu/libresolv-2.19.so
b5974000-b5975000 r--p 00013000 08:01 20854252   /lib/i386-linux-gnu/libresolv-2.19.so
b5975000-b5976000 rw-p 00014000 08:01 20854252   /lib/i386-linux-gnu/libresolv-2.19.so
b5976000-b5978000 rw-p 00000000 00:00 0 
b5978000-b597f000 r-xp 00000000 08:01 18225047   /usr/lib/i386-linux-gnu/libogg.so.0.8.1
b597f000-b5980000 r--p 00006000 08:01 18225047   /usr/lib/i386-linux-gnu/libogg.so.0.8.1
b5980000-b5981000 rw-p 00007000 08:01 18225047   /usr/lib/i386-linux-gnu/libogg.so.0.8.1
b5981000-b59aa000 r-xp 00000000 08:01 18225321   /usr/lib/i386-linux-gnu/libvorbis.so.0.4.5
b59aa000-b59ab000 ---p 00029000 08:01 18225321   /usr/lib/i386-linux-gnu/libvorbis.so.0.4.5
b59ab000-b59ac000 r--p 00029000 08:01 18225321   /usr/lib/i386-linux-gnu/libvorbis.so.0.4.5
b59ac000-b59ad000 rw-p 0002a000 08:01 18225321   /usr/lib/i386-linux-gnu/libvorbis.so.0.4.5
b59ad000-b5b13000 r-xp 00000000 08:01 18225323   /usr/lib/i386-linux-gnu/libvorbisenc.so.2.0.8
b5b13000-b5b24000 r--p 00165000 08:01 18225323   /usr/lib/i386-linux-gnu/libvorbisenc.so.2.0.8
b5b24000-b5b25000 rw-p 00176000 08:01 18225323   /usr/lib/i386-linux-gnu/libvorbisenc.so.2.0.8
b5b25000-b5b26000 rw-p 00000000 00:00 0 
b5b26000-b5b58000 r-xp 00000000 08:01 18224186   /usr/lib/i386-linux-gnu/libFLAC.so.8.3.0
b5b58000-b5b59000 r--p 00031000 08:01 18224186   /usr/lib/i386-linux-gnu/libFLAC.so.8.3.0
b5b59000-b5b5a000 rw-p 00032000 08:01 18224186   /usr/lib/i386-linux-gnu/libFLAC.so.8.3.0
b5b5a000-b5b6f000 r-xp 00000000 08:01 20854260   /lib/i386-linux-gnu/libnsl-2.19.so
b5b6f000-b5b70000 r--p 00015000 08:01 20854260   /lib/i386-linux-gnu/libnsl-2.19.so
b5b70000-b5b71000 rw-p 00016000 08:01 20854260   /lib/i386-linux-gnu/libnsl-2.19.so
b5b71000-b5b73000 rw-p 00000000 00:00 0 
b5b73000-b5b78000 r-xp 00000000 08:01 18224339   /usr/lib/i386-linux-gnu/libXdmcp.so.6.0.0
b5b78000-b5b79000 r--p 00004000 08:01 18224339   /usr/lib/i386-linux-gnu/libXdmcp.so.6.0.0
b5b79000-b5b7a000 rw-p 00005000 08:01 18224339   /usr/lib/i386-linux-gnu/libXdmcp.so.6.0.0
b5b7a000-b5b7c000 r-xp 00000000 08:01 18224328   /usr/lib/i386-linux-gnu/libXau.so.6.0.0
b5b7c000-b5b7d000 r--p 00001000 08:01 18224328   /usr/lib/i386-linux-gnu/libXau.so.6.0.0
b5b7d000-b5b7e000 rw-p 00002000 08:01 18224328   /usr/lib/i386-linux-gnu/libXau.so.6.0.0
b5b7e000-b5b83000 r-xp 00000000 08:01 18224418   /usr/lib/i386-linux-gnu/libasyncns.so.0.3.1
b5b83000-b5b84000 r--p 00004000 08:01 18224418   /usr/lib/i386-linux-gnu/libasyncns.so.0.3.1
b5b84000-b5b85000 rw-p 00005000 08:01 18224418   /usr/lib/i386-linux-gnu/libasyncns.so.0.3.1
b5b85000-b5b86000 rw-p 00000000 00:00 0 
b5b86000-b5bf1000 r-xp 00000000 08:01 18219697   /usr/lib/i386-linux-gnu/libsndfile.so.1.0.25
b5bf1000-b5bf2000 ---p 0006b000 08:01 18219697   /usr/lib/i386-linux-gnu/libsndfile.so.1.0.25
b5bf2000-b5bf3000 r--p 0006b000 08:01 18219697   /usr/lib/i386-linux-gnu/libsndfile.so.1.0.25
b5bf3000-b5bf4000 rw-p 0006c000 08:01 18219697   /usr/lib/i386-linux-gnu/libsndfile.so.1.0.25
b5bf4000-b5bf8000 rw-p 00000000 00:00 0 
b5bf8000-b5c00000 r-xp 00000000 08:01 20841625   /lib/i386-linux-gnu/libwrap.so.0.7.6
b5c00000-b5c01000 r--p 00007000 08:01 20841625   /lib/i386-linux-gnu/libwrap.so.0.7.6
b5c01000-b5c02000 rw-p 00008000 08:01 20841625   /lib/i386-linux-gnu/libwrap.so.0.7.6
b5c02000-b5c28000 r-xp 00000000 08:01 20841983   /lib/i386-linux-gnu/libpng12.so.0.50.0
b5c28000-b5c29000 r--p 00025000 08:01 20841983   /lib/i386-linux-gnu/libpng12.so.0.50.0
b5c29000-b5c2a000 rw-p 00026000 08:01 20841983   /lib/i386-linux-gnu/libpng12.so.0.50.0
b5c2a000-b5c2f000 r-xp 00000000 08:01 18219065   /usr/lib/i386-linux-gnu/libffi.so.6.0.1
b5c2f000-b5c30000 r--p 00005000 08:01 18219065   /usr/lib/i386-linux-gnu/libffi.so.6.0.1
b5c30000-b5c31000 rw-p 00006000 08:01 18219065   /usr/lib/i386-linux-gnu/libffi.so.6.0.1
b5c31000-b5c35000 r-xp 00000000 08:01 18219488   /usr/lib/i386-linux-gnu/libXfixes.so.3.1.0
b5c35000-b5c36000 r--p 00003000 08:01 18219488   /usr/lib/i386-linux-gnu/libXfixes.so.3.1.0
b5c36000-b5c37000 rw-p 00004000 08:01 18219488   /usr/lib/i386-linux-gnu/libXfixes.so.3.1.0
b5c37000-b5c38000 rw-p 00000000 00:00 0 
b5c38000-b5c41000 r-xp 00000000 08:01 18221390   /usr/lib/i386-linux-gnu/libXrender.so.1.3.0
b5c41000-b5c42000 r--p 00008000 08:01 18221390   /usr/lib/i386-linux-gnu/libXrender.so.1.3.0
b5c42000-b5c43000 rw-p 00009000 08:01 18221390   /usr/lib/i386-linux-gnu/libXrender.so.1.3.0
b5c43000-b5c63000 r-xp 00000000 08:01 18225394   /usr/lib/i386-linux-gnu/libxcb.so.1.1.0
b5c63000-b5c64000 r--p 0001f000 08:01 18225394   /usr/lib/i386-linux-gnu/libxcb.so.1.1.0
b5c64000-b5c65000 rw-p 00020000 08:01 18225394   /usr/lib/i386-linux-gnu/libxcb.so.1.1.0
b5c65000-b5cae000 r-xp 00000000 08:01 20841479   /lib/i386-linux-gnu/libdbus-1.so.3.7.6
b5cae000-b5caf000 r--p 00048000 08:01 20841479   /lib/i386-linux-gnu/libdbus-1.so.3.7.6
b5caf000-b5cb0000 rw-p 00049000 08:01 20841479   /lib/i386-linux-gnu/libdbus-1.so.3.7.6
b5cb0000-b5cb9000 r-xp 00000000 08:01 20841505   /lib/i386-linux-gnu/libjson-c.so.2.0.0
b5cb9000-b5cba000 r--p 00008000 08:01 20841505   /lib/i386-linux-gnu/libjson-c.so.2.0.0
b5cba000-b5cbb000 rw-p 00009000 08:01 20841505   /lib/i386-linux-gnu/libjson-c.so.2.0.0
b5cbb000-b5d28000 r-xp 00000000 08:01 18226821   /usr/lib/i386-linux-gnu/pulseaudio/libpulsecommon-4.0.so
b5d28000-b5d29000 r--p 0006c000 08:01 18226821   /usr/lib/i386-linux-gnu/pulseaudio/libpulsecommon-4.0.so
b5d29000-b5d2a000 rw-p 0006d000 08:01 18226821   /usr/lib/i386-linux-gnu/pulseaudio/libpulsecommon-4.0.so
b5d2a000-b5d2b000 rw-p 00000000 00:00 0 
b5d2b000-b5dc6000 r-xp 00000000 08:01 18227707   /usr/lib/i386-linux-gnu/libfreetype.so.6.11.1
b5dc6000-b5dca000 r--p 0009a000 08:01 18227707   /usr/lib/i386-linux-gnu/libfreetype.so.6.11.1
b5dca000-b5dcb000 rw-p 0009e000 08:01 18227707   /usr/lib/i386-linux-gnu/libfreetype.so.6.11.1
b5dcb000-b5dd2000 r-xp 00000000 08:01 20854268   /lib/i386-linux-gnu/librt-2.19.so
b5dd2000-b5dd3000 r--p 00006000 08:01 20854268   /lib/i386-linux-gnu/librt-2.19.so
b5dd3000-b5dd4000 rw-p 00007000 08:01 20854268   /lib/i386-linux-gnu/librt-2.19.so
b5dd4000-b5dec000 r-xp 00000000 08:01 20854261   /lib/i386-linux-gnu/libpthread-2.19.so
b5dec000-b5ded000 r--p 00018000 08:01 20854261   /lib/i386-linux-gnu/libpthread-2.19.so
b5ded000-b5dee000 rw-p 00019000 08:01 20854261   /lib/i386-linux-gnu/libpthread-2.19.so
b5dee000-b5df0000 rw-p 00000000 00:00 0 
b5df0000-b5e2a000 r-xp 00000000 08:01 18225398   /usr/lib/i386-linux-gnu/libxkbcommon.so.0.0.0
b5e2a000-b5e2b000 r--p 00039000 08:01 18225398   /usr/lib/i386-linux-gnu/libxkbcommon.so.0.0.0
b5e2b000-b5e2c000 rw-p 0003a000 08:01 18225398   /usr/lib/i386-linux-gnu/libxkbcommon.so.0.0.0
b5e2c000-b5e2d000 rw-p 00000000 00:00 0 
b5e2d000-b5e31000 r-xp 00000000 08:01 18225336   /usr/lib/i386-linux-gnu/libwayland-cursor.so.0.0.0
b5e31000-b5e32000 r--p 00003000 08:01 18225336   /usr/lib/i386-linux-gnu/libwayland-cursor.so.0.0.0
b5e32000-b5e36000 rw-p 00004000 08:01 18225336   /usr/lib/i386-linux-gnu/libwayland-cursor.so.0.0.0
b5e36000-b5e3f000 r-xp 00000000 08:01 18225334   /usr/lib/i386-linux-gnu/libwayland-client.so.0.2.0
b5e3f000-b5e40000 ---p 00009000 08:01 18225334   /usr/lib/i386-linux-gnu/libwayland-client.so.0.2.0
b5e40000-b5e41000 r--p 00009000 08:01 18225334   /usr/lib/i386-linux-gnu/libwayland-client.so.0.2.0
b5e41000-b5e42000 rw-p 0000a000 08:01 18225334   /usr/lib/i386-linux-gnu/libwayland-client.so.0.2.0
b5e42000-b5e43000 r-xp 00000000 08:01 18220505   /usr/lib/i386-linux-gnu/libwayland-egl.so.1.0.0
b5e43000-b5e44000 r--p 00000000 08:01 18220505   /usr/lib/i386-linux-gnu/libwayland-egl.so.1.0.0
b5e44000-b5e45000 rw-p 00001000 08:01 18220505   /usr/lib/i386-linux-gnu/libwayland-egl.so.1.0.0
b5e45000-b5e49000 r-xp 00000000 08:01 18224379   /usr/lib/i386-linux-gnu/libXxf86vm.so.1.0.0
b5e49000-b5e4a000 r--p 00004000 08:01 18224379   /usr/lib/i386-linux-gnu/libXxf86vm.so.1.0.0
b5e4a000-b5e4b000 rw-p 00005000 08:01 18224379   /usr/lib/i386-linux-gnu/libXxf86vm.so.1.0.0
b5e4b000-b5e4d000 r-xp 00000000 08:01 18224365   /usr/lib/i386-linux-gnu/libXss.so.1.0.0
b5e4d000-b5e4e000 r--p 00001000 08:01 18224365   /usr/lib/i386-linux-gnu/libXss.so.1.0.0
b5e4e000-b5e4f000 rw-p 00002000 08:01 18224365   /usr/lib/i386-linux-gnu/libXss.so.1.0.0
b5e4f000-b5e50000 rw-p 00000000 00:00 0 
b5e50000-b5e59000 r-xp 00000000 08:01 18226177   /usr/lib/i386-linux-gnu/libXrandr.so.2.2.0
b5e59000-b5e5a000 r--p 00008000 08:01 18226177   /usr/lib/i386-linux-gnu/libXrandr.so.2.2.0
b5e5a000-b5e5b000 rw-p 00009000 08:01 18226177   /usr/lib/i386-linux-gnu/libXrandr.so.2.2.0
b5e5b000-b5e69000 r-xp 00000000 08:01 18221388   /usr/lib/i386-linux-gnu/libXi.so.6.1.0
b5e69000-b5e6a000 r--p 0000e000 08:01 18221388   /usr/lib/i386-linux-gnu/libXi.so.6.1.0
b5e6a000-b5e6b000 rw-p 0000f000 08:01 18221388   /usr/lib/i386-linux-gnu/libXi.so.6.1.0
b5e6b000-b5e6d000 r-xp 00000000 08:01 18224351   /usr/lib/i386-linux-gnu/libXinerama.so.1.0.0
b5e6d000-b5e6e000 r--p 00001000 08:01 18224351   /usr/lib/i386-linux-gnu/libXinerama.so.1.0.0
b5e6e000-b5e6f000 rw-p 00002000 08:01 18224351   /usr/lib/i386-linux-gnu/libXinerama.so.1.0.0
b5e6f000-b5e78000 r-xp 00000000 08:01 18224335   /usr/lib/i386-linux-gnu/libXcursor.so.1.0.2
b5e78000-b5e79000 r--p 00008000 08:01 18224335   /usr/lib/i386-linux-gnu/libXcursor.so.1.0.2
b5e79000-b5e7a000 rw-p 00009000 08:01 18224335   /usr/lib/i386-linux-gnu/libXcursor.so.1.0.2
b5e7a000-b5e8b000 r-xp 00000000 08:01 18220240   /usr/lib/i386-linux-gnu/libXext.so.6.4.0
b5e8b000-b5e8c000 r--p 00010000 08:01 18220240   /usr/lib/i386-linux-gnu/libXext.so.6.4.0
b5e8c000-b5e8d000 rw-p 00011000 08:01 18220240   /usr/lib/i386-linux-gnu/libXext.so.6.4.0
b5e8d000-b5e8e000 rw-p 00000000 00:00 0 
b5e8e000-b5fbe000 r-xp 00000000 08:01 18224324   /usr/lib/i386-linux-gnu/libX11.so.6.3.0
b5fbe000-b5fbf000 r--p 00130000 08:01 18224324   /usr/lib/i386-linux-gnu/libX11.so.6.3.0
b5fbf000-b5fc1000 rw-p 00131000 08:01 18224324   /usr/lib/i386-linux-gnu/libX11.so.6.3.0
b5fc1000-b5fc2000 rw-p 00000000 00:00 0 
b5fc2000-b600f000 r-xp 00000000 08:01 18225116   /usr/lib/i386-linux-gnu/libpulse.so.0.16.2
b600f000-b6010000 r--p 0004c000 08:01 18225116   /usr/lib/i386-linux-gnu/libpulse.so.0.16.2
b6010000-b6011000 rw-p 0004d000 08:01 18225116   /usr/lib/i386-linux-gnu/libpulse.so.0.16.2
b6011000-b6014000 r-xp 00000000 08:01 18225114   /usr/lib/i386-linux-gnu/libpulse-simple.so.0.0.4
b6014000-b6015000 r--p 00002000 08:01 18225114   /usr/lib/i386-linux-gnu/libpulse-simple.so.0.0.4
b6015000-b6016000 rw-p 00003000 08:01 18225114   /usr/lib/i386-linux-gnu/libpulse-simple.so.0.0.4
b6016000-b6107000 r-xp 00000000 08:01 18224410   /usr/lib/i386-linux-gnu/libasound.so.2.0.0
b6107000-b610b000 r--p 000f0000 08:01 18224410   /usr/lib/i386-linux-gnu/libasound.so.2.0.0
b610b000-b610c000 rw-p 000f4000 08:01 18224410   /usr/lib/i386-linux-gnu/libasound.so.2.0.0
b610c000-b6130000 r-xp 00000000 08:01 20841512   /lib/i386-linux-gnu/liblzma.so.5.0.0
b6130000-b6131000 r--p 00023000 08:01 20841512   /lib/i386-linux-gnu/liblzma.so.5.0.0
b6131000-b6132000 rw-p 00024000 08:01 20841512   /lib/i386-linux-gnu/liblzma.so.5.0.0
b6132000-b6133000 rw-p 00000000 00:00 0 
b6133000-b614b000 r-xp 00000000 08:01 20841628   /lib/i386-linux-gnu/libz.so.1.2.8
b614b000-b614c000 r--p 00017000 08:01 20841628   /lib/i386-linux-gnu/libz.so.1.2.8
b614c000-b614d000 rw-p 00018000 08:01 20841628   /lib/i386-linux-gnu/libz.so.1.2.8
b614d000-b6150000 r-xp 00000000 08:01 20854256   /lib/i386-linux-gnu/libdl-2.19.so
b6150000-b6151000 r--p 00002000 08:01 20854256   /lib/i386-linux-gnu/libdl-2.19.so
b6151000-b6152000 rw-p 00003000 08:01 20854256   /lib/i386-linux-gnu/libdl-2.19.so
b6152000-b62fa000 r-xp 00000000 08:01 20854269   /lib/i386-linux-gnu/libc-2.19.so
b62fa000-b62fb000 ---p 001a8000 08:01 20854269   /lib/i386-linux-gnu/libc-2.19.so
b62fb000-b62fd000 r--p 001a8000 08:01 20854269   /lib/i386-linux-gnu/libc-2.19.so
b62fd000-b62fe000 rw-p 001aa000 08:01 20854269   /lib/i386-linux-gnu/libc-2.19.so
b62fe000-b6301000 rw-p 00000000 00:00 0 
b6301000-b631d000 r-xp 00000000 08:01 20841980   /lib/i386-linux-gnu/libgcc_s.so.1
b631d000-b631e000 rw-p 0001b000 08:01 20841980   /lib/i386-linux-gnu/libgcc_s.so.1
b631e000-b63fa000 r-xp 00000000 08:01 18223271   /usr/lib/i386-linux-gnu/libstdc++.so.6.0.19
b63fa000-b63fe000 r--p 000dc000 08:01 18223271   /usr/lib/i386-linux-gnu/libstdc++.so.6.0.19
b63fe000-b63ff000 rw-p 000e0000 08:01 18223271   /usr/lib/i386-linux-gnu/libstdc++.so.6.0.19
b63ff000-b6407000 rw-p 00000000 00:00 0 
b6407000-b644b000 r-xp 00000000 08:01 20854254   /lib/i386-linux-gnu/libm-2.19.so
b644b000-b644c000 r--p 00043000 08:01 20854254   /lib/i386-linux-gnu/libm-2.19.so
b644c000-b644d000 rw-p 00044000 08:01 20854254   /lib/i386-linux-gnu/libm-2.19.so
b644d000-b6e4a000 r-xp 00000000 08:01 18483215   /usr/lib/jvm/java-7-openjdk-i386/jre/lib/i386/server/libjvm.so
b6e4a000-b6e4b000 ---p 009fd000 08:01 18483215   /usr/lib/jvm/java-7-openjdk-i386/jre/lib/i386/server/libjvm.so
b6e4b000-b6e9d000 r--p 009fd000 08:01 18483215   /usr/lib/jvm/java-7-openjdk-i386/jre/lib/i386/server/libjvm.so
b6e9d000-b6eb1000 rw-p 00a4f000 08:01 18483215   /usr/lib/jvm/java-7-openjdk-i386/jre/lib/i386/server/libjvm.so
b6eb1000-b72ce000 rw-p 00000000 00:00 0 
b72ce000-b72d4000 r-xp 00000000 08:01 18240492   /usr/lib/i386-linux-gnu/libSDL2_ttf-2.0.so.0.10.2
b72d4000-b72d5000 r--p 00005000 08:01 18240492   /usr/lib/i386-linux-gnu/libSDL2_ttf-2.0.so.0.10.2
b72d5000-b72d6000 rw-p 00006000 08:01 18240492   /usr/lib/i386-linux-gnu/libSDL2_ttf-2.0.so.0.10.2
b72d6000-b73e2000 r-xp 00000000 08:01 18240490   /usr/lib/i386-linux-gnu/libSDL2-2.0.so.0.2.0
b73e2000-b73e5000 r--p 0010b000 08:01 18240490   /usr/lib/i386-linux-gnu/libSDL2-2.0.so.0.2.0
b73e5000-b73e8000 rw-p 0010e000 08:01 18240490   /usr/lib/i386-linux-gnu/libSDL2-2.0.so.0.2.0
b73e8000-b73ea000 rw-p 00000000 00:00 0 
b73ea000-b7425000 r-xp 00000000 08:01 18219216   /usr/lib/libgslcblas.so.0.0.0
b7425000-b7426000 r--p 0003a000 08:01 18219216   /usr/lib/libgslcblas.so.0.0.0
b7426000-b7427000 rw-p 0003b000 08:01 18219216   /usr/lib/libgslcblas.so.0.0.0
b7427000-b7428000 rw-p 00000000 00:00 0 
b7428000-b7650000 r-xp 00000000 08:01 18220133   /usr/lib/libgsl.so.0.17.0
b7650000-b7651000 ---p 00228000 08:01 18220133   /usr/lib/libgsl.so.0.17.0
b7651000-b7653000 r--p 00228000 08:01 18220133   /usr/lib/libgsl.so.0.17.0
b7653000-b7661000 rw-p 0022a000 08:01 18220133   /usr/lib/libgsl.so.0.17.0
b7661000-b77b5000 r-xp 00000000 08:01 18219236   /usr/lib/i386-linux-gnu/libxml2.so.2.9.1
b77b5000-b77b9000 r--p 00154000 08:01 18219236   /usr/lib/i386-linux-gnu/libxml2.so.2.9.1
b77b9000-b77ba000 rw-p 00158000 08:01 18219236   /usr/lib/i386-linux-gnu/libxml2.so.2.9.1
b77ba000-b77bb000 rw-p 00000000 00:00 0 
b77bb000-b77bd000 r--s 00006000 08:01 18616755   /usr/share/java/java-atk-wrapper.jar
b77bd000-b77be000 r--p 00859000 08:01 18227311   /usr/lib/locale/locale-archive
b77be000-b77c5000 r-xp 00000000 08:01 20854259   /lib/i386-linux-gnu/libnss_compat-2.19.so
b77c5000-b77c6000 r--p 00006000 08:01 20854259   /lib/i386-linux-gnu/libnss_compat-2.19.so
b77c6000-b77c7000 rw-p 00007000 08:01 20854259   /lib/i386-linux-gnu/libnss_compat-2.19.so
b77c7000-b77c8000 rw-p 00000000 00:00 0 
b77c8000-b77c9000 r--p 00000000 00:00 0 
b77c9000-b77d7000 r-xp 00000000 08:01 18483209   /usr/lib/jvm/java-7-openjdk-i386/jre/lib/i386/libverify.so
b77d7000-b77d8000 r--p 0000d000 08:01 18483209   /usr/lib/jvm/java-7-openjdk-i386/jre/lib/i386/libverify.so
b77d8000-b77d9000 rw-p 0000e000 08:01 18483209   /usr/lib/jvm/java-7-openjdk-i386/jre/lib/i386/libverify.so
b77d9000-b77dc000 rw-p 00000000 00:00 0 
b77dc000-b77dd000 r-xp 00000000 00:00 0          [vdso]
b77dd000-b77df000 r--p 00000000 00:00 0          [vvar]
b77df000-b77ff000 r-xp 00000000 08:01 20854262   /lib/i386-linux-gnu/ld-2.19.so
b77ff000-b7800000 r--p 0001f000 08:01 20854262   /lib/i386-linux-gnu/ld-2.19.so
b7800000-b7801000 rw-p 00020000 08:01 20854262   /lib/i386-linux-gnu/ld-2.19.so
bf89e000-bf89f000 rwxp 00000000 00:00 0 
bf8a2000-bf8a5000 ---p 00000000 00:00 0 
bf8a6000-bf8f2000 rw-p 00000000 00:00 0          [stack]

VM Arguments:
jvm_args: -Djava.library.path=/usr/lib/jni 
java_command: <unknown>
Launcher Type: generic

Environment Variables:
PATH=/home/gregoire/Applications/anaconda3/bin:/usr/local/sbin:/usr/local/bin:/usr/sbin:/usr/bin:/sbin:/bin:/usr/games:/usr/local/games
SHELL=/bin/bash
DISPLAY=:0.0

Signal Handlers:
SIGSEGV: [libjvm.so+0x8191e0], sa_mask[0]=0x7ffbfeff, sa_flags=0x10000004
SIGBUS: [libjvm.so+0x8191e0], sa_mask[0]=0x7ffbfeff, sa_flags=0x10000004
SIGFPE: [libjvm.so+0x68ddb0], sa_mask[0]=0x7ffbfeff, sa_flags=0x10000004
SIGPIPE: [libjvm.so+0x68ddb0], sa_mask[0]=0x7ffbfeff, sa_flags=0x10000004
SIGXFSZ: [libjvm.so+0x68ddb0], sa_mask[0]=0x7ffbfeff, sa_flags=0x10000004
SIGILL: [libjvm.so+0x68ddb0], sa_mask[0]=0x7ffbfeff, sa_flags=0x10000004
SIGUSR1: SIG_DFL, sa_mask[0]=0x00000000, sa_flags=0x00000000
SIGUSR2: [libjvm.so+0x68df10], sa_mask[0]=0x00000000, sa_flags=0x10000004
SIGHUP: [libjvm.so+0x68de70], sa_mask[0]=0x7ffbfeff, sa_flags=0x10000004
SIGINT: [libjvm.so+0x68de70], sa_mask[0]=0x7ffbfeff, sa_flags=0x10000004
SIGTERM: [libjvm.so+0x68de70], sa_mask[0]=0x7ffbfeff, sa_flags=0x10000004
SIGQUIT: [libjvm.so+0x68de70], sa_mask[0]=0x7ffbfeff, sa_flags=0x10000004
SIGTRAP: SIG_DFL, sa_mask[0]=0x00000000, sa_flags=0x00000000


---------------  S Y S T E M  ---------------

OS:Ubuntu 14.04 (trusty)
uname:Linux 3.16.0-59-generic #79~14.04.1-Ubuntu SMP Mon Jan 18 15:39:06 UTC 2016 i686
libc:glibc 2.19 NPTL 2.19 
rlimit: STACK 8192k, CORE 0k, NPROC 31352, NOFILE 4096, AS infinity
load average:0.72 0.62 0.50

/proc/meminfo:
MemTotal:        4032724 kB
MemFree:          860664 kB
MemAvailable:    2629744 kB
Buffers:          458268 kB
Cached:          1491656 kB
SwapCached:          624 kB
Active:          1988816 kB
Inactive:         924548 kB
Active(anon):     939040 kB
Inactive(anon):   119268 kB
Active(file):    1049776 kB
Inactive(file):   805280 kB
Unevictable:           0 kB
Mlocked:               0 kB
HighTotal:       3170056 kB
HighFree:         763652 kB
LowTotal:         862668 kB
LowFree:           97012 kB
SwapTotal:       4075516 kB
SwapFree:        4074824 kB
Dirty:              1200 kB
Writeback:             0 kB
AnonPages:        962804 kB
Mapped:           306240 kB
Shmem:             95016 kB
Slab:             214192 kB
SReclaimable:     194620 kB
SUnreclaim:        19572 kB
KernelStack:        3312 kB
PageTables:         9316 kB
NFS_Unstable:          0 kB
Bounce:                0 kB
WritebackTmp:          0 kB
CommitLimit:     6091876 kB
Committed_AS:    3785364 kB
VmallocTotal:     122880 kB
VmallocUsed:       19388 kB
VmallocChunk:      81416 kB
AnonHugePages:    403456 kB
HugePages_Total:       0
HugePages_Free:        0
HugePages_Rsvd:        0
HugePages_Surp:        0
Hugepagesize:       2048 kB
DirectMap4k:       17400 kB
DirectMap2M:      890880 kB


CPU:total 2 (2 cores per cpu, 1 threads per core) family 6 model 55 stepping 8, cmov, cx8, fxsr, mmx, sse, sse2, sse3, ssse3, sse4.1, sse4.2, popcnt, erms, tsc, tscinvbit

/proc/cpuinfo:
processor	: 0
vendor_id	: GenuineIntel
cpu family	: 6
model		: 55
model name	: Intel(R) Celeron(R) CPU  N2840  @ 2.16GHz
stepping	: 8
microcode	: 0x809
cpu MHz		: 2582.293
cache size	: 1024 KB
physical id	: 0
siblings	: 2
core id		: 0
cpu cores	: 2
apicid		: 0
initial apicid	: 0
fdiv_bug	: no
f00f_bug	: no
coma_bug	: no
fpu		: yes
fpu_exception	: yes
cpuid level	: 11
wp		: yes
flags		: fpu vme de pse tsc msr pae mce cx8 apic sep mtrr pge mca cmov pat pse36 clflush dts acpi mmx fxsr sse sse2 ss ht tm pbe nx rdtscp lm constant_tsc arch_perfmon pebs bts xtopology nonstop_tsc aperfmperf pni pclmulqdq dtes64 monitor ds_cpl vmx est tm2 ssse3 cx16 xtpr pdcm sse4_1 sse4_2 movbe popcnt tsc_deadline_timer rdrand lahf_lm 3dnowprefetch ida arat epb dtherm tpr_shadow vnmi flexpriority ept vpid tsc_adjust smep erms
bogomips	: 4326.40
clflush size	: 64
cache_alignment	: 64
address sizes	: 36 bits physical, 48 bits virtual
power management:

processor	: 1
vendor_id	: GenuineIntel
cpu family	: 6
model		: 55
model name	: Intel(R) Celeron(R) CPU  N2840  @ 2.16GHz
stepping	: 8
microcode	: 0x809
cpu MHz		: 2582.293
cache size	: 1024 KB
physical id	: 0
siblings	: 2
core id		: 1
cpu cores	: 2
apicid		: 2
initial apicid	: 2
fdiv_bug	: no
f00f_bug	: no
coma_bug	: no
fpu		: yes
fpu_exception	: yes
cpuid level	: 11
wp		: yes
flags		: fpu vme de pse tsc msr pae mce cx8 apic sep mtrr pge mca cmov pat pse36 clflush dts acpi mmx fxsr sse sse2 ss ht tm pbe nx rdtscp lm constant_tsc arch_perfmon pebs bts xtopology nonstop_tsc aperfmperf pni pclmulqdq dtes64 monitor ds_cpl vmx est tm2 ssse3 cx16 xtpr pdcm sse4_1 sse4_2 movbe popcnt tsc_deadline_timer rdrand lahf_lm 3dnowprefetch ida arat epb dtherm tpr_shadow vnmi flexpriority ept vpid tsc_adjust smep erms
bogomips	: 4326.40
clflush size	: 64
cache_alignment	: 64
address sizes	: 36 bits physical, 48 bits virtual
power management:



Memory: 4k page, physical 4032724k(860664k free), swap 4075516k(4074824k free)

vm_info: OpenJDK Server VM (24.111-b01) for linux-x86 JRE (1.7.0_111-b01), built on Aug 12 2016 05:32:15 by "buildd" with gcc 4.8.4

time: Wed Nov 16 17:49:28 2016
elapsed time: 5 seconds

