#
# A fatal error has been detected by the Java Runtime Environment:
#
#  SIGSEGV (0xb) at pc=0x000000000045e7e5, pid=7047, tid=0x00007ff8f3bcb8c0
#
# JRE version: OpenJDK Runtime Environment (8.0_111-b14) (build 1.8.0_111-8u111-b14-2ubuntu0.16.04.2-b14)
# Java VM: OpenJDK 64-Bit Server VM (25.111-b14 mixed mode linux-amd64 compressed oops)
# Problematic frame:
# C  [exe_projectRobotran+0x5e7e5]  ctrlGr4::SearchGraph::_graphInit()+0x8b5
#
# Failed to write core dump. Core dumps have been disabled. To enable core dumping, try "ulimit -c unlimited" before starting Java again
#
# If you would like to submit a bug report, please visit:
#   http://bugreport.java.com/bugreport/crash.jsp
# The crash happened outside the Java Virtual Machine in native code.
# See problematic frame for where to report the bug.
#

---------------  T H R E A D  ---------------

Current thread (0x0000000000a8d000):  JavaThread "main" [_thread_in_native, id=7047, stack(0x00007ffff9c47000,0x00007ffff9d47000)]

siginfo: si_signo: 11 (SIGSEGV), si_code: 1 (SEGV_MAPERR), si_addr: 0x0000000000000008

Registers:
RAX=0x0000000000000000, RBX=0x000000000000026c, RCX=0x00007ffff9d44d08, RDX=0x000000000138a630
RSP=0x00007ffff9d44bc0, RBP=0x000000000000028b, RSI=0x000000000138b020, RDI=0x00007ffff9d44c40
R8 =0x000000000138b020, R9 =0x0000000000000001, R10=0x00007ff8f1331ba8, R11=0x0000000000000001
R12=0x00007ffff9d44ce0, R13=0x00007ffff9d44d08, R14=0x0000000001388fb0, R15=0x0000000000000014
RIP=0x000000000045e7e5, EFLAGS=0x0000000000010202, CSGSFS=0x0000000000000033, ERR=0x0000000000000004
  TRAPNO=0x000000000000000e

Top of Stack: (sp=0x00007ffff9d44bc0)
0x00007ffff9d44bc0:   00000000004716c8 000000000138b020
0x00007ffff9d44bd0:   0000000000000000 00007ffff9d44c18
0x00007ffff9d44be0:   00007ffff9d44c58 00007ffff9d44d08
0x00007ffff9d44bf0:   0000000066666666 000000000138b000
0x00007ffff9d44c00:   00000000004716c8 00007ffff9d44c18
0x00007ffff9d44c10:   0000000000000002 00006a624f007450
0x00007ffff9d44c20:   0000000000000053 3ff0cccccccccccc
0x00007ffff9d44c30:   404e4666666666ba 0000000000000000
0x00007ffff9d44c40:   00000000004716c8 00007ffff9d44c58
0x00007ffff9d44c50:   0000000000000002 00006a624f007450
0x00007ffff9d44c60:   00007ffff9d44cd0 3fee666666666664
0x00007ffff9d44c70:   404cb999999999e7 68043c9bb3619300
0x00007ffff9d44c80:   ffff8000062bb331 00007ffff9d44ce0
0x00007ffff9d44c90:   00007ffff9d44ce8 0000000001367d30
0x00007ffff9d44ca0:   00000000013679e0 0000000000a7e0d0
0x00007ffff9d44cb0:   0000000000000000 000000000045ea8c
0x00007ffff9d44cc0:   0000000001367440 0000000001367b10
0x00007ffff9d44cd0:   0000000001367d30 000000000045db4a
0x00007ffff9d44ce0:   00000000004716f0 0000000001367e00
0x00007ffff9d44cf0:   0000000001367e60 0000000001367e60
0x00007ffff9d44d00:   0000000000000004 0000000000000000
0x00007ffff9d44d10:   00000000013767b0 0000000001369880
0x00007ffff9d44d20:   000000000138b020 000000000000028c
0x00007ffff9d44d30:   000000000000028b 68043c9bb3619300
0x00007ffff9d44d40:   0000000001367850 000000000045afcd
0x00007ffff9d44d50:   0000000001367ad0 0000000000000000
0x00007ffff9d44d60:   0000000001367ad0 0000000000000000
0x00007ffff9d44d70:   0000000000000000 000000000045436b
0x00007ffff9d44d80:   0000000000000000 0000000001367ad0
0x00007ffff9d44d90:   0000000000000000 00000000004402ca
0x00007ffff9d44da0:   0000000001367a10 0000000000000000
0x00007ffff9d44db0:   0000000000a7e380 0000000000441f82 

Instructions: (pc=0x000000000045e7e5)
0x000000000045e7c5:   08 e8 f5 a9 fb ff 4c 8b 44 24 08 49 83 44 24 48
0x000000000045e7d5:   01 4c 89 c6 48 8b 46 28 48 8d bc 24 80 00 00 00
0x000000000045e7e5:   f2 0f 10 48 08 f2 0f 10 00 e8 cd 38 00 00 f2 41
0x000000000045e7f5:   0f 10 4e 08 48 8d 7c 24 40 f2 41 0f 10 06 e8 b8 

Register to memory mapping:

RAX=0x0000000000000000 is an unknown value
RBX=0x000000000000026c is an unknown value
RCX=0x00007ffff9d44d08 is pointing into the stack for thread: 0x0000000000a8d000
RDX=0x000000000138a630 is an unknown value
RSP=0x00007ffff9d44bc0 is pointing into the stack for thread: 0x0000000000a8d000
RBP=0x000000000000028b is an unknown value
RSI=0x000000000138b020 is an unknown value
RDI=0x00007ffff9d44c40 is pointing into the stack for thread: 0x0000000000a8d000
R8 =0x000000000138b020 is an unknown value
R9 =0x0000000000000001 is an unknown value
R10=0x00007ff8f1331ba8: <offset 0x3c3ba8> in /lib/x86_64-linux-gnu/libc.so.6 at 0x00007ff8f0f6e000
R11=0x0000000000000001 is an unknown value
R12=0x00007ffff9d44ce0 is pointing into the stack for thread: 0x0000000000a8d000
R13=0x00007ffff9d44d08 is pointing into the stack for thread: 0x0000000000a8d000
R14=0x0000000001388fb0 is an unknown value
R15=0x0000000000000014 is an unknown value


Stack: [0x00007ffff9c47000,0x00007ffff9d47000],  sp=0x00007ffff9d44bc0,  free space=1014k
Native frames: (J=compiled Java code, j=interpreted, Vv=VM code, C=native code)
C  [exe_projectRobotran+0x5e7e5]  ctrlGr4::SearchGraph::_graphInit()+0x8b5


---------------  P R O C E S S  ---------------

Java Threads: ( => current thread )
  0x00000000013f5800 JavaThread "J3D-InputDeviceScheduler-1" [_thread_blocked, id=7079, stack(0x00007ff88df79000,0x00007ff88e07a000)]
  0x0000000001212000 JavaThread "J3D-SoundSchedulerUpdateThread-1" [_thread_blocked, id=7078, stack(0x00007ff88e07a000,0x00007ff88e17b000)]
  0x00000000013f6000 JavaThread "J3D-RenderStructureUpdateThread-1" [_thread_in_vm, id=7077, stack(0x00007ff88e17b000,0x00007ff88e27c000)]
  0x00000000013f0800 JavaThread "J3D-BehaviorScheduler-1" [_thread_blocked, id=7076, stack(0x00007ff88e27c000,0x00007ff88e37d000)]
  0x00000000013ea000 JavaThread "J3D-TransformStructureUpdateThread-1" [_thread_blocked, id=7075, stack(0x00007ff88e37d000,0x00007ff88e47e000)]
  0x000000000120b800 JavaThread "J3D-RenderingEnvironmentStructureUpdateThread-1" [_thread_blocked, id=7074, stack(0x00007ff88e47e000,0x00007ff88e57f000)]
  0x00000000013f1800 JavaThread "J3D-SoundStructureUpdateThread-1" [_thread_blocked, id=7073, stack(0x00007ff88e57f000,0x00007ff88e680000)]
  0x00000000013d2800 JavaThread "J3D-GeometryStructureUpdateThread-1" [_thread_blocked, id=7072, stack(0x00007ff88e680000,0x00007ff88e781000)]
  0x00000000010dc800 JavaThread "J3D-BehaviorStructureUpdateThread-1" [_thread_blocked, id=7071, stack(0x00007ff88e781000,0x00007ff88e882000)]
  0x000000000108d800 JavaThread "Image Fetcher 1" daemon [_thread_blocked, id=7069, stack(0x00007ff88f5e6000,0x00007ff88f6e7000)]
  0x000000000107e000 JavaThread "Image Fetcher 0" daemon [_thread_blocked, id=7068, stack(0x00007ff88f6e7000,0x00007ff88f7e8000)]
  0x0000000000ffa000 JavaThread "AWT-EventQueue-0" [_thread_blocked, id=7067, stack(0x00007ff88f7e8000,0x00007ff88f8e9000)]
  0x0000000000ff8000 JavaThread "AWT-Shutdown" [_thread_blocked, id=7066, stack(0x00007ff88f8e9000,0x00007ff88f9ea000)]
  0x0000000000fc5000 JavaThread "Timer-0" daemon [_thread_blocked, id=7065, stack(0x00007ff8a8046000,0x00007ff8a8147000)]
  0x0000000000fbd800 JavaThread "J3D-Renderer-1" [_thread_in_native, id=7064, stack(0x00007ff8a8dda000,0x00007ff8a8edb000)]
  0x0000000000fbb800 JavaThread "J3D-MasterControl-1" [_thread_blocked, id=7063, stack(0x00007ff8a8edb000,0x00007ff8a8fdc000)]
  0x0000000001003800 JavaThread "J3D-NotificationThread" [_thread_blocked, id=7062, stack(0x00007ff8a8fdc000,0x00007ff8a90dd000)]
  0x0000000000f37800 JavaThread "J3D-TimerThread" [_thread_blocked, id=7061, stack(0x00007ff8a90dd000,0x00007ff8a91de000)]
  0x0000000001005800 JavaThread "J3D-RenderingAttributesStructureUpdateThread" [_thread_blocked, id=7060, stack(0x00007ff8a91de000,0x00007ff8a92df000)]
  0x0000000000d33000 JavaThread "AWT-XAWT" daemon [_thread_blocked, id=7059, stack(0x00007ff8ab479000,0x00007ff8ab57a000)]
  0x0000000000d12000 JavaThread "Java2D Disposer" daemon [_thread_blocked, id=7058, stack(0x00007ff8ab57a000,0x00007ff8ab67b000)]
  0x0000000000b5b000 JavaThread "Service Thread" daemon [_thread_blocked, id=7056, stack(0x00007ff8d017c000,0x00007ff8d027d000)]
  0x0000000000b58000 JavaThread "C1 CompilerThread1" daemon [_thread_blocked, id=7055, stack(0x00007ff8d027d000,0x00007ff8d037e000)]
  0x0000000000b55000 JavaThread "C2 CompilerThread0" daemon [_thread_in_native, id=7054, stack(0x00007ff8d037e000,0x00007ff8d047f000)]
  0x0000000000b53000 JavaThread "Signal Dispatcher" daemon [_thread_blocked, id=7053, stack(0x00007ff8d047f000,0x00007ff8d0580000)]
  0x0000000000b2a800 JavaThread "Finalizer" daemon [_thread_blocked, id=7052, stack(0x00007ff8d0f3f000,0x00007ff8d1040000)]
  0x0000000000b26000 JavaThread "Reference Handler" daemon [_thread_blocked, id=7051, stack(0x00007ff8d1040000,0x00007ff8d1141000)]
=>0x0000000000a8d000 JavaThread "main" [_thread_in_native, id=7047, stack(0x00007ffff9c47000,0x00007ffff9d47000)]

Other Threads:
  0x0000000000b1e800 VMThread [stack: 0x00007ff8d1141000,0x00007ff8d1242000] [id=7050]
  0x0000000000b62000 WatcherThread [stack: 0x00007ff8d007b000,0x00007ff8d017c000] [id=7057]

VM state:not at safepoint (normal execution)

VM Mutex/Monitor currently owned by a thread:  ([mutex/lock_event])
[0x0000000000a824a0] Compile_lock - owner thread: 0x00000000013f6000

Heap:
 PSYoungGen      total 114688K, used 38477K [0x00000000e1500000, 0x00000000e9600000, 0x0000000100000000)
  eden space 98304K, 31% used [0x00000000e1500000,0x00000000e32d35e0,0x00000000e7500000)
  from space 16384K, 48% used [0x00000000e8600000,0x00000000e8dbff50,0x00000000e9600000)
  to   space 16896K, 0% used [0x00000000e7500000,0x00000000e7500000,0x00000000e8580000)
 ParOldGen       total 64512K, used 34233K [0x00000000a3e00000, 0x00000000a7d00000, 0x00000000e1500000)
  object space 64512K, 53% used [0x00000000a3e00000,0x00000000a5f6e7e8,0x00000000a7d00000)
 Metaspace       used 20264K, capacity 20478K, committed 20864K, reserved 1067008K
  class space    used 2279K, capacity 2354K, committed 2432K, reserved 1048576K

Card table byte_map: [0x00007ff8d5b58000,0x00007ff8d5e3a000] byte_map_base: 0x00007ff8d5639000

Marking Bits: (ParMarkBitMap*) 0x00007ff8f2af5220
 Begin Bits: [0x00007ff8d295a000, 0x00007ff8d4062000)
 End Bits:   [0x00007ff8d4062000, 0x00007ff8d576a000)

Polling page: 0x00007ff8f3c86000

CodeCache: size=245760Kb used=6224Kb max_used=6239Kb free=239535Kb
 bounds [0x00007ff8d61fa000, 0x00007ff8d681a000, 0x00007ff8e51fa000]
 total_blobs=2537 nmethods=1835 adapters=617
 compilation: enabled

Compilation events (10 events):
Event: 2.260 Thread 0x0000000000b58000 1851       3       javax.media.j3d.BHLeafNode::updateMarkedBoundingHull (18 bytes)
Event: 2.260 Thread 0x0000000000b58000 nmethod 1851 0x00007ff8d680c390 code [0x00007ff8d680c500, 0x00007ff8d680c7e8]
Event: 2.260 Thread 0x0000000000b58000 1847       3       javax.media.j3d.BHNode::combineBHull (56 bytes)
Event: 2.260 Thread 0x0000000000b58000 nmethod 1847 0x00007ff8d680c910 code [0x00007ff8d680caa0, 0x00007ff8d680cee8]
Event: 2.260 Thread 0x0000000000b58000 1845       3       javax.media.j3d.BHInternalNode::<init> (20 bytes)
Event: 2.260 Thread 0x0000000000b58000 nmethod 1845 0x00007ff8d680d0d0 code [0x00007ff8d680d240, 0x00007ff8d680d4b0]
Event: 2.260 Thread 0x0000000000b58000 1849       3       javax.media.j3d.BHInternalNode::updateMarkedBoundingHull (32 bytes)
Event: 2.261 Thread 0x0000000000b58000 nmethod 1849 0x00007ff8d680d590 code [0x00007ff8d680d720, 0x00007ff8d680da88]
Event: 2.290 Thread 0x0000000000b55000 nmethod 1825 0x00007ff8d6811dd0 code [0x00007ff8d6812100, 0x00007ff8d68136f0]
Event: 2.290 Thread 0x0000000000b55000 1832       4       javax.media.j3d.BoundingBox::updateBoundsStates (186 bytes)

GC Heap History (10 events):
Event: 1.030 GC heap before
{Heap before GC invocations=2 (full 0):
 PSYoungGen      total 28160K, used 28144K [0x00000000e1500000, 0x00000000e3400000, 0x0000000100000000)
  eden space 24576K, 100% used [0x00000000e1500000,0x00000000e2d00000,0x00000000e2d00000)
  from space 3584K, 99% used [0x00000000e2d00000,0x00000000e307c040,0x00000000e3080000)
  to   space 3584K, 0% used [0x00000000e3080000,0x00000000e3080000,0x00000000e3400000)
 ParOldGen       total 64512K, used 2137K [0x00000000a3e00000, 0x00000000a7d00000, 0x00000000e1500000)
  object space 64512K, 3% used [0x00000000a3e00000,0x00000000a4016570,0x00000000a7d00000)
 Metaspace       used 17133K, capacity 17366K, committed 17536K, reserved 1064960K
  class space    used 1967K, capacity 2054K, committed 2176K, reserved 1048576K
Event: 1.039 GC heap after
Heap after GC invocations=2 (full 0):
 PSYoungGen      total 28160K, used 3578K [0x00000000e1500000, 0x00000000e4c00000, 0x0000000100000000)
  eden space 24576K, 0% used [0x00000000e1500000,0x00000000e1500000,0x00000000e2d00000)
  from space 3584K, 99% used [0x00000000e3080000,0x00000000e33fea00,0x00000000e3400000)
  to   space 3584K, 0% used [0x00000000e2d00000,0x00000000e2d00000,0x00000000e3080000)
 ParOldGen       total 64512K, used 5415K [0x00000000a3e00000, 0x00000000a7d00000, 0x00000000e1500000)
  object space 64512K, 8% used [0x00000000a3e00000,0x00000000a4349ff8,0x00000000a7d00000)
 Metaspace       used 17133K, capacity 17366K, committed 17536K, reserved 1064960K
  class space    used 1967K, capacity 2054K, committed 2176K, reserved 1048576K
}
Event: 1.128 GC heap before
{Heap before GC invocations=3 (full 0):
 PSYoungGen      total 28160K, used 28154K [0x00000000e1500000, 0x00000000e4c00000, 0x0000000100000000)
  eden space 24576K, 100% used [0x00000000e1500000,0x00000000e2d00000,0x00000000e2d00000)
  from space 3584K, 99% used [0x00000000e3080000,0x00000000e33fea00,0x00000000e3400000)
  to   space 3584K, 0% used [0x00000000e2d00000,0x00000000e2d00000,0x00000000e3080000)
 ParOldGen       total 64512K, used 5415K [0x00000000a3e00000, 0x00000000a7d00000, 0x00000000e1500000)
  object space 64512K, 8% used [0x00000000a3e00000,0x00000000a4349ff8,0x00000000a7d00000)
 Metaspace       used 17150K, capacity 17366K, committed 17536K, reserved 1064960K
  class space    used 1969K, capacity 2054K, committed 2176K, reserved 1048576K
Event: 1.148 GC heap after
Heap after GC invocations=3 (full 0):
 PSYoungGen      total 28160K, used 3570K [0x00000000e1500000, 0x00000000e4c00000, 0x0000000100000000)
  eden space 24576K, 0% used [0x00000000e1500000,0x00000000e1500000,0x00000000e2d00000)
  from space 3584K, 99% used [0x00000000e2d00000,0x00000000e307cb50,0x00000000e3080000)
  to   space 3584K, 0% used [0x00000000e4880000,0x00000000e4880000,0x00000000e4c00000)
 ParOldGen       total 64512K, used 15980K [0x00000000a3e00000, 0x00000000a7d00000, 0x00000000e1500000)
  object space 64512K, 24% used [0x00000000a3e00000,0x00000000a4d9b210,0x00000000a7d00000)
 Metaspace       used 17150K, capacity 17366K, committed 17536K, reserved 1064960K
  class space    used 1969K, capacity 2054K, committed 2176K, reserved 1048576K
}
Event: 1.281 GC heap before
{Heap before GC invocations=4 (full 0):
 PSYoungGen      total 28160K, used 28146K [0x00000000e1500000, 0x00000000e4c00000, 0x0000000100000000)
  eden space 24576K, 100% used [0x00000000e1500000,0x00000000e2d00000,0x00000000e2d00000)
  from space 3584K, 99% used [0x00000000e2d00000,0x00000000e307cb50,0x00000000e3080000)
  to   space 3584K, 0% used [0x00000000e4880000,0x00000000e4880000,0x00000000e4c00000)
 ParOldGen       total 64512K, used 15980K [0x00000000a3e00000, 0x00000000a7d00000, 0x00000000e1500000)
  object space 64512K, 24% used [0x00000000a3e00000,0x00000000a4d9b210,0x00000000a7d00000)
 Metaspace       used 18039K, capacity 18208K, committed 18304K, reserved 1064960K
  class space    used 2076K, capacity 2157K, committed 2176K, reserved 1048576K
Event: 1.303 GC heap after
Heap after GC invocations=4 (full 0):
 PSYoungGen      total 52736K, used 3559K [0x00000000e1500000, 0x00000000e4c00000, 0x0000000100000000)
  eden space 49152K, 0% used [0x00000000e1500000,0x00000000e1500000,0x00000000e4500000)
  from space 3584K, 99% used [0x00000000e4880000,0x00000000e4bf9d30,0x00000000e4c00000)
  to   space 3584K, 0% used [0x00000000e4500000,0x00000000e4500000,0x00000000e4880000)
 ParOldGen       total 64512K, used 24906K [0x00000000a3e00000, 0x00000000a7d00000, 0x00000000e1500000)
  object space 64512K, 38% used [0x00000000a3e00000,0x00000000a5652ae0,0x00000000a7d00000)
 Metaspace       used 18039K, capacity 18208K, committed 18304K, reserved 1064960K
  class space    used 2076K, capacity 2157K, committed 2176K, reserved 1048576K
}
Event: 1.537 GC heap before
{Heap before GC invocations=5 (full 0):
 PSYoungGen      total 52736K, used 52711K [0x00000000e1500000, 0x00000000e4c00000, 0x0000000100000000)
  eden space 49152K, 100% used [0x00000000e1500000,0x00000000e4500000,0x00000000e4500000)
  from space 3584K, 99% used [0x00000000e4880000,0x00000000e4bf9d30,0x00000000e4c00000)
  to   space 3584K, 0% used [0x00000000e4500000,0x00000000e4500000,0x00000000e4880000)
 ParOldGen       total 64512K, used 24906K [0x00000000a3e00000, 0x00000000a7d00000, 0x00000000e1500000)
  object space 64512K, 38% used [0x00000000a3e00000,0x00000000a5652ae0,0x00000000a7d00000)
 Metaspace       used 18330K, capacity 18548K, committed 18816K, reserved 1067008K
  class space    used 2090K, capacity 2159K, committed 2176K, reserved 1048576K
Event: 1.560 GC heap after
Heap after GC invocations=5 (full 0):
 PSYoungGen      total 52736K, used 3576K [0x00000000e1500000, 0x00000000e9700000, 0x0000000100000000)
  eden space 49152K, 0% used [0x00000000e1500000,0x00000000e1500000,0x00000000e4500000)
  from space 3584K, 99% used [0x00000000e4500000,0x00000000e487e060,0x00000000e4880000)
  to   space 17408K, 0% used [0x00000000e8600000,0x00000000e8600000,0x00000000e9700000)
 ParOldGen       total 64512K, used 34233K [0x00000000a3e00000, 0x00000000a7d00000, 0x00000000e1500000)
  object space 64512K, 53% used [0x00000000a3e00000,0x00000000a5f6e7e8,0x00000000a7d00000)
 Metaspace       used 18330K, capacity 18548K, committed 18816K, reserved 1067008K
  class space    used 2090K, capacity 2159K, committed 2176K, reserved 1048576K
}
Event: 1.748 GC heap before
{Heap before GC invocations=6 (full 0):
 PSYoungGen      total 52736K, used 52728K [0x00000000e1500000, 0x00000000e9700000, 0x0000000100000000)
  eden space 49152K, 100% used [0x00000000e1500000,0x00000000e4500000,0x00000000e4500000)
  from space 3584K, 99% used [0x00000000e4500000,0x00000000e487e060,0x00000000e4880000)
  to   space 17408K, 0% used [0x00000000e8600000,0x00000000e8600000,0x00000000e9700000)
 ParOldGen       total 64512K, used 34233K [0x00000000a3e00000, 0x00000000a7d00000, 0x00000000e1500000)
  object space 64512K, 53% used [0x00000000a3e00000,0x00000000a5f6e7e8,0x00000000a7d00000)
 Metaspace       used 18473K, capacity 18680K, committed 18816K, reserved 1067008K
  class space    used 2091K, capacity 2159K, committed 2176K, reserved 1048576K
Event: 1.758 GC heap after
Heap after GC invocations=6 (full 0):
 PSYoungGen      total 114688K, used 7935K [0x00000000e1500000, 0x00000000e9600000, 0x0000000100000000)
  eden space 98304K, 0% used [0x00000000e1500000,0x00000000e1500000,0x00000000e7500000)
  from space 16384K, 48% used [0x00000000e8600000,0x00000000e8dbff50,0x00000000e9600000)
  to   space 16896K, 0% used [0x00000000e7500000,0x00000000e7500000,0x00000000e8580000)
 ParOldGen       total 64512K, used 34233K [0x00000000a3e00000, 0x00000000a7d00000, 0x00000000e1500000)
  object space 64512K, 53% used [0x00000000a3e00000,0x00000000a5f6e7e8,0x00000000a7d00000)
 Metaspace       used 18473K, capacity 18680K, committed 18816K, reserved 1067008K
  class space    used 2091K, capacity 2159K, committed 2176K, reserved 1048576K
}

Deoptimization events (10 events):
Event: 1.256 Thread 0x0000000000a8d000 Uncommon trap: reason=null_check action=maybe_recompile pc=0x00007ff8d6602198 method=sun.misc.FloatingDecimal.readJavaFormatString(Ljava/lang/String;)Lsun/misc/FloatingDecimal$ASCIIToBinaryConverter; @ 5
Event: 1.390 Thread 0x0000000000a8d000 Uncommon trap: reason=class_check action=maybe_recompile pc=0x00007ff8d6636c90 method=javax.vecmath.Tuple3f.equals(Ljava/lang/Object;)Z @ 1
Event: 1.390 Thread 0x0000000000a8d000 Uncommon trap: reason=class_check action=maybe_recompile pc=0x00007ff8d6636c90 method=javax.vecmath.Tuple3f.equals(Ljava/lang/Object;)Z @ 1
Event: 1.390 Thread 0x0000000000a8d000 Uncommon trap: reason=class_check action=maybe_recompile pc=0x00007ff8d6636c90 method=javax.vecmath.Tuple3f.equals(Ljava/lang/Object;)Z @ 1
Event: 1.390 Thread 0x0000000000a8d000 Uncommon trap: reason=class_check action=maybe_recompile pc=0x00007ff8d6636c90 method=javax.vecmath.Tuple3f.equals(Ljava/lang/Object;)Z @ 1
Event: 1.942 Thread 0x0000000000a8d000 Uncommon trap: reason=class_check action=maybe_recompile pc=0x00007ff8d65f1cac method=java.util.HashMap.putVal(ILjava/lang/Object;Ljava/lang/Object;ZZ)Ljava/lang/Object; @ 253
Event: 1.942 Thread 0x0000000000a8d000 Uncommon trap: reason=bimorphic action=maybe_recompile pc=0x00007ff8d65f1ccc method=java.util.HashMap.putVal(ILjava/lang/Object;Ljava/lang/Object;ZZ)Ljava/lang/Object; @ 91
Event: 1.943 Thread 0x0000000000a8d000 Uncommon trap: reason=class_check action=maybe_recompile pc=0x00007ff8d65f1cac method=java.util.HashMap.putVal(ILjava/lang/Object;Ljava/lang/Object;ZZ)Ljava/lang/Object; @ 253
Event: 1.943 Thread 0x0000000000a8d000 Uncommon trap: reason=class_check action=maybe_recompile pc=0x00007ff8d66a6984 method=java.util.HashMap.putVal(ILjava/lang/Object;Ljava/lang/Object;ZZ)Ljava/lang/Object; @ 253
Event: 2.025 Thread 0x0000000000ffa000 Uncommon trap: reason=unstable_if action=reinterpret pc=0x00007ff8d67f4ae8 method=sun.awt.SunToolkit.getAppContext(Ljava/lang/Object;)Lsun/awt/AppContext; @ 4

Internal exceptions (10 events):
Event: 0.383 Thread 0x0000000000a8d000 Exception <a 'java/security/PrivilegedActionException'> (0x00000000e1f9efb0) thrown at [/build/openjdk-8-8jAw7G/openjdk-8-8u111-b14/src/hotspot/src/share/vm/prims/jvm.cpp, line 1386]
Event: 0.383 Thread 0x0000000000a8d000 Exception <a 'java/security/PrivilegedActionException'> (0x00000000e1f9f590) thrown at [/build/openjdk-8-8jAw7G/openjdk-8-8u111-b14/src/hotspot/src/share/vm/prims/jvm.cpp, line 1386]
Event: 0.383 Thread 0x0000000000a8d000 Exception <a 'java/security/PrivilegedActionException'> (0x00000000e1fa0ae0) thrown at [/build/openjdk-8-8jAw7G/openjdk-8-8u111-b14/src/hotspot/src/share/vm/prims/jvm.cpp, line 1386]
Event: 0.383 Thread 0x0000000000a8d000 Exception <a 'java/security/PrivilegedActionException'> (0x00000000e1fa10c0) thrown at [/build/openjdk-8-8jAw7G/openjdk-8-8u111-b14/src/hotspot/src/share/vm/prims/jvm.cpp, line 1386]
Event: 0.383 Thread 0x0000000000a8d000 Exception <a 'java/security/PrivilegedActionException'> (0x00000000e1fa2680) thrown at [/build/openjdk-8-8jAw7G/openjdk-8-8u111-b14/src/hotspot/src/share/vm/prims/jvm.cpp, line 1386]
Event: 0.383 Thread 0x0000000000a8d000 Exception <a 'java/security/PrivilegedActionException'> (0x00000000e1fa2c60) thrown at [/build/openjdk-8-8jAw7G/openjdk-8-8u111-b14/src/hotspot/src/share/vm/prims/jvm.cpp, line 1386]
Event: 1.253 Thread 0x0000000000a8d000 Implicit null exception at 0x00007ff8d6601511 to 0x00007ff8d660218d
Event: 1.253 Thread 0x0000000000a8d000 Implicit null exception at 0x00007ff8d6601511 to 0x00007ff8d660218d
Event: 1.256 Thread 0x0000000000a8d000 Implicit null exception at 0x00007ff8d6601511 to 0x00007ff8d660218d
Event: 2.191 Thread 0x0000000000ffa000 Exception <a 'java/lang/UnsupportedOperationException': > (0x00000000e16f7c10) thrown at [/build/openjdk-8-8jAw7G/openjdk-8-8u111-b14/src/hotspot/src/share/vm/prims/jni.cpp, line 735]

Events (10 events):
Event: 2.257 loading class javax/media/j3d/LineAttributesRetained
Event: 2.257 loading class javax/media/j3d/LineAttributesRetained done
Event: 2.257 loading class javax/media/j3d/PointAttributesRetained
Event: 2.257 loading class javax/media/j3d/PointAttributesRetained done
Event: 2.273 loading class javax/media/j3d/RenderAtomListInfo
Event: 2.273 loading class javax/media/j3d/RenderAtomListInfo done
Event: 2.273 loading class javax/media/j3d/LightBin
Event: 2.273 loading class javax/media/j3d/LightBin done
Event: 2.287 loading class javax/media/j3d/AttributeBin
Event: 2.287 loading class javax/media/j3d/AttributeBin done


Dynamic libraries:
00400000-00482000 r-xp 00000000 fc:00 20185316                           /home/louis/Documents/Robotics/MICRO_MobileRobots/m454_project/workR/build/exe_projectRobotran
00681000-00682000 r--p 00081000 fc:00 20185316                           /home/louis/Documents/Robotics/MICRO_MobileRobots/m454_project/workR/build/exe_projectRobotran
00682000-00683000 rw-p 00082000 fc:00 20185316                           /home/louis/Documents/Robotics/MICRO_MobileRobots/m454_project/workR/build/exe_projectRobotran
00683000-00684000 rw-p 00000000 00:00 0 
00a68000-01460000 rw-p 00000000 00:00 0                                  [heap]
a3e00000-a7d00000 rw-p 00000000 00:00 0 
a7d00000-e1500000 ---p 00000000 00:00 0 
e1500000-e9600000 rw-p 00000000 00:00 0 
e9600000-100000000 ---p 00000000 00:00 0 
100000000-100260000 rw-p 00000000 00:00 0 
100260000-140000000 ---p 00000000 00:00 0 
7ff88de29000-7ff88df79000 rw-s 00000000 00:05 5931028                    /SYSV00000000 (deleted)
7ff88df79000-7ff88df7c000 ---p 00000000 00:00 0 
7ff88df7c000-7ff88e07a000 rw-p 00000000 00:00 0 
7ff88e07a000-7ff88e07d000 ---p 00000000 00:00 0 
7ff88e07d000-7ff88e17b000 rw-p 00000000 00:00 0 
7ff88e17b000-7ff88e17e000 ---p 00000000 00:00 0 
7ff88e17e000-7ff88e27c000 rw-p 00000000 00:00 0 
7ff88e27c000-7ff88e27f000 ---p 00000000 00:00 0 
7ff88e27f000-7ff88e37d000 rw-p 00000000 00:00 0 
7ff88e37d000-7ff88e380000 ---p 00000000 00:00 0 
7ff88e380000-7ff88e47e000 rw-p 00000000 00:00 0 
7ff88e47e000-7ff88e481000 ---p 00000000 00:00 0 
7ff88e481000-7ff88e57f000 rw-p 00000000 00:00 0 
7ff88e57f000-7ff88e582000 ---p 00000000 00:00 0 
7ff88e582000-7ff88e680000 rw-p 00000000 00:00 0 
7ff88e680000-7ff88e683000 ---p 00000000 00:00 0 
7ff88e683000-7ff88e781000 rw-p 00000000 00:00 0 
7ff88e781000-7ff88e784000 ---p 00000000 00:00 0 
7ff88e784000-7ff88e882000 rw-p 00000000 00:00 0 
7ff88e882000-7ff88e8b9000 r-xp 00000000 fc:00 13116302                   /usr/lib/x86_64-linux-gnu/libtxc_dxtn_s2tc.so.0.0.0
7ff88e8b9000-7ff88eab8000 ---p 00037000 fc:00 13116302                   /usr/lib/x86_64-linux-gnu/libtxc_dxtn_s2tc.so.0.0.0
7ff88eab8000-7ff88eab9000 r--p 00036000 fc:00 13116302                   /usr/lib/x86_64-linux-gnu/libtxc_dxtn_s2tc.so.0.0.0
7ff88eab9000-7ff88eaba000 rw-p 00037000 fc:00 13116302                   /usr/lib/x86_64-linux-gnu/libtxc_dxtn_s2tc.so.0.0.0
7ff88eaba000-7ff88ecba000 rw-p 00000000 00:00 0 
7ff88ecba000-7ff88eccb000 r-xp 00000000 fc:00 13243287                   /usr/lib/jvm/java-8-openjdk-amd64/jre/lib/amd64/libnio.so
7ff88eccb000-7ff88eecb000 ---p 00011000 fc:00 13243287                   /usr/lib/jvm/java-8-openjdk-amd64/jre/lib/amd64/libnio.so
7ff88eecb000-7ff88eecc000 r--p 00011000 fc:00 13243287                   /usr/lib/jvm/java-8-openjdk-amd64/jre/lib/amd64/libnio.so
7ff88eecc000-7ff88eecd000 rw-p 00012000 fc:00 13243287                   /usr/lib/jvm/java-8-openjdk-amd64/jre/lib/amd64/libnio.so
7ff88eecd000-7ff88f1ce000 rw-p 00000000 00:00 0 
7ff88f1ce000-7ff88f1e5000 r-xp 00000000 fc:00 13243311                   /usr/lib/jvm/java-8-openjdk-amd64/jre/lib/amd64/libnet.so
7ff88f1e5000-7ff88f3e4000 ---p 00017000 fc:00 13243311                   /usr/lib/jvm/java-8-openjdk-amd64/jre/lib/amd64/libnet.so
7ff88f3e4000-7ff88f3e5000 r--p 00016000 fc:00 13243311                   /usr/lib/jvm/java-8-openjdk-amd64/jre/lib/amd64/libnet.so
7ff88f3e5000-7ff88f3e6000 rw-p 00017000 fc:00 13243311                   /usr/lib/jvm/java-8-openjdk-amd64/jre/lib/amd64/libnet.so
7ff88f3e6000-7ff88f5e6000 rw-p 00000000 00:00 0 
7ff88f5e6000-7ff88f5e9000 ---p 00000000 00:00 0 
7ff88f5e9000-7ff88f6e7000 rw-p 00000000 00:00 0 
7ff88f6e7000-7ff88f6ea000 ---p 00000000 00:00 0 
7ff88f6ea000-7ff88f7e8000 rw-p 00000000 00:00 0 
7ff88f7e8000-7ff88f7eb000 ---p 00000000 00:00 0 
7ff88f7eb000-7ff88f8e9000 rw-p 00000000 00:00 0 
7ff88f8e9000-7ff88f8ec000 ---p 00000000 00:00 0 
7ff88f8ec000-7ff88fbea000 rw-p 00000000 00:00 0 
7ff88fbea000-7ff88fbf2000 r-xp 00000000 fc:00 13116064                   /usr/lib/x86_64-linux-gnu/libpciaccess.so.0.11.1
7ff88fbf2000-7ff88fdf2000 ---p 00008000 fc:00 13116064                   /usr/lib/x86_64-linux-gnu/libpciaccess.so.0.11.1
7ff88fdf2000-7ff88fdf3000 r--p 00008000 fc:00 13116064                   /usr/lib/x86_64-linux-gnu/libpciaccess.so.0.11.1
7ff88fdf3000-7ff88fdf4000 rw-p 00009000 fc:00 13116064                   /usr/lib/x86_64-linux-gnu/libpciaccess.so.0.11.1
7ff88fdf4000-7ff88fdff000 r-xp 00000000 fc:00 13109427                   /usr/lib/x86_64-linux-gnu/libdrm_radeon.so.1.0.1
7ff88fdff000-7ff88fffe000 ---p 0000b000 fc:00 13109427                   /usr/lib/x86_64-linux-gnu/libdrm_radeon.so.1.0.1
7ff88fffe000-7ff88ffff000 r--p 0000a000 fc:00 13109427                   /usr/lib/x86_64-linux-gnu/libdrm_radeon.so.1.0.1
7ff88ffff000-7ff890000000 rw-p 0000b000 fc:00 13109427                   /usr/lib/x86_64-linux-gnu/libdrm_radeon.so.1.0.1
7ff890000000-7ff890021000 rw-p 00000000 00:00 0 
7ff890021000-7ff894000000 ---p 00000000 00:00 0 
7ff894000000-7ff89554d000 rw-p 00000000 00:00 0 
7ff89554d000-7ff898000000 ---p 00000000 00:00 0 
7ff898000000-7ff898021000 rw-p 00000000 00:00 0 
7ff898021000-7ff89c000000 ---p 00000000 00:00 0 
7ff89c000000-7ff89c021000 rw-p 00000000 00:00 0 
7ff89c021000-7ff8a0000000 ---p 00000000 00:00 0 
7ff8a0000000-7ff8a0021000 rw-p 00000000 00:00 0 
7ff8a0021000-7ff8a4000000 ---p 00000000 00:00 0 
7ff8a4000000-7ff8a4021000 rw-p 00000000 00:00 0 
7ff8a4021000-7ff8a8000000 ---p 00000000 00:00 0 
7ff8a8036000-7ff8a803e000 rw-s 00000000 00:05 48192                      /drm mm object (deleted)
7ff8a803e000-7ff8a8046000 rw-s 00000000 00:05 48171                      /drm mm object (deleted)
7ff8a8046000-7ff8a8049000 ---p 00000000 00:00 0 
7ff8a8049000-7ff8a8147000 rw-p 00000000 00:00 0 
7ff8a8147000-7ff8a814e000 r-xp 00000000 fc:00 13109429                   /usr/lib/x86_64-linux-gnu/libdrm_nouveau.so.2.0.0
7ff8a814e000-7ff8a834d000 ---p 00007000 fc:00 13109429                   /usr/lib/x86_64-linux-gnu/libdrm_nouveau.so.2.0.0
7ff8a834d000-7ff8a834e000 r--p 00006000 fc:00 13109429                   /usr/lib/x86_64-linux-gnu/libdrm_nouveau.so.2.0.0
7ff8a834e000-7ff8a834f000 rw-p 00007000 fc:00 13109429                   /usr/lib/x86_64-linux-gnu/libdrm_nouveau.so.2.0.0
7ff8a834f000-7ff8a836f000 r-xp 00000000 fc:00 13109425                   /usr/lib/x86_64-linux-gnu/libdrm_intel.so.1.0.0
7ff8a836f000-7ff8a856e000 ---p 00020000 fc:00 13109425                   /usr/lib/x86_64-linux-gnu/libdrm_intel.so.1.0.0
7ff8a856e000-7ff8a856f000 r--p 0001f000 fc:00 13109425                   /usr/lib/x86_64-linux-gnu/libdrm_intel.so.1.0.0
7ff8a856f000-7ff8a8570000 rw-p 00020000 fc:00 13109425                   /usr/lib/x86_64-linux-gnu/libdrm_intel.so.1.0.0
7ff8a8570000-7ff8a8b75000 r-xp 00000000 fc:00 13372356                   /usr/lib/x86_64-linux-gnu/dri/i965_dri.so
7ff8a8b75000-7ff8a8d75000 ---p 00605000 fc:00 13372356                   /usr/lib/x86_64-linux-gnu/dri/i965_dri.so
7ff8a8d75000-7ff8a8dab000 r--p 00605000 fc:00 13372356                   /usr/lib/x86_64-linux-gnu/dri/i965_dri.so
7ff8a8dab000-7ff8a8db2000 rw-p 0063b000 fc:00 13372356                   /usr/lib/x86_64-linux-gnu/dri/i965_dri.so
7ff8a8db2000-7ff8a8dba000 rw-p 00000000 00:00 0 
7ff8a8dba000-7ff8a8dd8000 r-xp 00000000 fc:00 13632045                   /lib/x86_64-linux-gnu/libudev.so.1.6.4
7ff8a8dd8000-7ff8a8dd9000 r--p 0001d000 fc:00 13632045                   /lib/x86_64-linux-gnu/libudev.so.1.6.4
7ff8a8dd9000-7ff8a8dda000 rw-p 0001e000 fc:00 13632045                   /lib/x86_64-linux-gnu/libudev.so.1.6.4
7ff8a8dda000-7ff8a8ddd000 ---p 00000000 00:00 0 
7ff8a8ddd000-7ff8a8edb000 rw-p 00000000 00:00 0 
7ff8a8edb000-7ff8a8ede000 ---p 00000000 00:00 0 
7ff8a8ede000-7ff8a8fdc000 rw-p 00000000 00:00 0 
7ff8a8fdc000-7ff8a8fdf000 ---p 00000000 00:00 0 
7ff8a8fdf000-7ff8a90dd000 rw-p 00000000 00:00 0 
7ff8a90dd000-7ff8a90e0000 ---p 00000000 00:00 0 
7ff8a90e0000-7ff8a91de000 rw-p 00000000 00:00 0 
7ff8a91de000-7ff8a91e1000 ---p 00000000 00:00 0 
7ff8a91e1000-7ff8a94df000 rw-p 00000000 00:00 0 
7ff8a94df000-7ff8a94ed000 r-xp 00000000 fc:00 13109404                   /usr/lib/x86_64-linux-gnu/libdrm.so.2.4.0
7ff8a94ed000-7ff8a96ec000 ---p 0000e000 fc:00 13109404                   /usr/lib/x86_64-linux-gnu/libdrm.so.2.4.0
7ff8a96ec000-7ff8a96ed000 r--p 0000d000 fc:00 13109404                   /usr/lib/x86_64-linux-gnu/libdrm.so.2.4.0
7ff8a96ed000-7ff8a96ee000 rw-p 0000e000 fc:00 13109404                   /usr/lib/x86_64-linux-gnu/libdrm.so.2.4.0
7ff8a96ee000-7ff8a96f2000 r-xp 00000000 fc:00 13116463                   /usr/lib/x86_64-linux-gnu/libxcb-dri2.so.0.0.0
7ff8a96f2000-7ff8a98f1000 ---p 00004000 fc:00 13116463                   /usr/lib/x86_64-linux-gnu/libxcb-dri2.so.0.0.0
7ff8a98f1000-7ff8a98f2000 r--p 00003000 fc:00 13116463                   /usr/lib/x86_64-linux-gnu/libxcb-dri2.so.0.0.0
7ff8a98f2000-7ff8a98f3000 rw-p 00004000 fc:00 13116463                   /usr/lib/x86_64-linux-gnu/libxcb-dri2.so.0.0.0
7ff8a98f3000-7ff8a990a000 r-xp 00000000 fc:00 13116467                   /usr/lib/x86_64-linux-gnu/libxcb-glx.so.0.0.0
7ff8a990a000-7ff8a9b09000 ---p 00017000 fc:00 13116467                   /usr/lib/x86_64-linux-gnu/libxcb-glx.so.0.0.0
7ff8a9b09000-7ff8a9b0b000 r--p 00016000 fc:00 13116467                   /usr/lib/x86_64-linux-gnu/libxcb-glx.so.0.0.0
7ff8a9b0b000-7ff8a9b0c000 rw-p 00018000 fc:00 13116467                   /usr/lib/x86_64-linux-gnu/libxcb-glx.so.0.0.0
7ff8a9b0c000-7ff8a9b0d000 r-xp 00000000 fc:00 13115111                   /usr/lib/x86_64-linux-gnu/libX11-xcb.so.1.0.0
7ff8a9b0d000-7ff8a9d0c000 ---p 00001000 fc:00 13115111                   /usr/lib/x86_64-linux-gnu/libX11-xcb.so.1.0.0
7ff8a9d0c000-7ff8a9d0d000 r--p 00000000 fc:00 13115111                   /usr/lib/x86_64-linux-gnu/libX11-xcb.so.1.0.0
7ff8a9d0d000-7ff8a9d0e000 rw-p 00001000 fc:00 13115111                   /usr/lib/x86_64-linux-gnu/libX11-xcb.so.1.0.0
7ff8a9d0e000-7ff8a9d10000 r-xp 00000000 fc:00 13115126                   /usr/lib/x86_64-linux-gnu/libXdamage.so.1.1.0
7ff8a9d10000-7ff8a9f0f000 ---p 00002000 fc:00 13115126                   /usr/lib/x86_64-linux-gnu/libXdamage.so.1.1.0
7ff8a9f0f000-7ff8a9f10000 r--p 00001000 fc:00 13115126                   /usr/lib/x86_64-linux-gnu/libXdamage.so.1.1.0
7ff8a9f10000-7ff8a9f11000 rw-p 00002000 fc:00 13115126                   /usr/lib/x86_64-linux-gnu/libXdamage.so.1.1.0
7ff8a9f11000-7ff8a9f3a000 r-xp 00000000 fc:00 13109443                   /usr/lib/x86_64-linux-gnu/libglapi.so.0.0.0
7ff8a9f3a000-7ff8aa139000 ---p 00029000 fc:00 13109443                   /usr/lib/x86_64-linux-gnu/libglapi.so.0.0.0
7ff8aa139000-7ff8aa13d000 r--p 00028000 fc:00 13109443                   /usr/lib/x86_64-linux-gnu/libglapi.so.0.0.0
7ff8aa13d000-7ff8aa13e000 rw-p 0002c000 fc:00 13109443                   /usr/lib/x86_64-linux-gnu/libglapi.so.0.0.0
7ff8aa13e000-7ff8aa13f000 rw-p 00000000 00:00 0 
7ff8aa13f000-7ff8aa140000 r-xp 00000000 fc:00 13116507                   /usr/lib/x86_64-linux-gnu/libxshmfence.so.1.0.0
7ff8aa140000-7ff8aa340000 ---p 00001000 fc:00 13116507                   /usr/lib/x86_64-linux-gnu/libxshmfence.so.1.0.0
7ff8aa340000-7ff8aa341000 r--p 00001000 fc:00 13116507                   /usr/lib/x86_64-linux-gnu/libxshmfence.so.1.0.0
7ff8aa341000-7ff8aa342000 rw-p 00002000 fc:00 13116507                   /usr/lib/x86_64-linux-gnu/libxshmfence.so.1.0.0
7ff8aa342000-7ff8aa347000 r-xp 00000000 fc:00 13116487                   /usr/lib/x86_64-linux-gnu/libxcb-sync.so.1.0.0
7ff8aa347000-7ff8aa547000 ---p 00005000 fc:00 13116487                   /usr/lib/x86_64-linux-gnu/libxcb-sync.so.1.0.0
7ff8aa547000-7ff8aa548000 r--p 00005000 fc:00 13116487                   /usr/lib/x86_64-linux-gnu/libxcb-sync.so.1.0.0
7ff8aa548000-7ff8aa549000 rw-p 00006000 fc:00 13116487                   /usr/lib/x86_64-linux-gnu/libxcb-sync.so.1.0.0
7ff8aa549000-7ff8aa54b000 r-xp 00000000 fc:00 13116475                   /usr/lib/x86_64-linux-gnu/libxcb-present.so.0.0.0
7ff8aa54b000-7ff8aa74a000 ---p 00002000 fc:00 13116475                   /usr/lib/x86_64-linux-gnu/libxcb-present.so.0.0.0
7ff8aa74a000-7ff8aa74b000 r--p 00001000 fc:00 13116475                   /usr/lib/x86_64-linux-gnu/libxcb-present.so.0.0.0
7ff8aa74b000-7ff8aa74c000 rw-p 00002000 fc:00 13116475                   /usr/lib/x86_64-linux-gnu/libxcb-present.so.0.0.0
7ff8aa74c000-7ff8aa74e000 r-xp 00000000 fc:00 13116465                   /usr/lib/x86_64-linux-gnu/libxcb-dri3.so.0.0.0
7ff8aa74e000-7ff8aa94d000 ---p 00002000 fc:00 13116465                   /usr/lib/x86_64-linux-gnu/libxcb-dri3.so.0.0.0
7ff8aa94d000-7ff8aa94e000 r--p 00001000 fc:00 13116465                   /usr/lib/x86_64-linux-gnu/libxcb-dri3.so.0.0.0
7ff8aa94e000-7ff8aa94f000 rw-p 00002000 fc:00 13116465                   /usr/lib/x86_64-linux-gnu/libxcb-dri3.so.0.0.0
7ff8aa94f000-7ff8aa975000 r-xp 00000000 fc:00 13635965                   /lib/x86_64-linux-gnu/libexpat.so.1.6.0
7ff8aa975000-7ff8aab75000 ---p 00026000 fc:00 13635965                   /lib/x86_64-linux-gnu/libexpat.so.1.6.0
7ff8aab75000-7ff8aab77000 r--p 00026000 fc:00 13635965                   /lib/x86_64-linux-gnu/libexpat.so.1.6.0
7ff8aab77000-7ff8aab78000 rw-p 00028000 fc:00 13635965                   /lib/x86_64-linux-gnu/libexpat.so.1.6.0
7ff8aab78000-7ff8aabe5000 r-xp 00000000 fc:00 13374456                   /usr/lib/x86_64-linux-gnu/mesa/libGL.so.1.2.0
7ff8aabe5000-7ff8aade4000 ---p 0006d000 fc:00 13374456                   /usr/lib/x86_64-linux-gnu/mesa/libGL.so.1.2.0
7ff8aade4000-7ff8aade7000 r--p 0006c000 fc:00 13374456                   /usr/lib/x86_64-linux-gnu/mesa/libGL.so.1.2.0
7ff8aade7000-7ff8aade8000 rw-p 0006f000 fc:00 13374456                   /usr/lib/x86_64-linux-gnu/mesa/libGL.so.1.2.0
7ff8aade8000-7ff8aade9000 rw-p 00000000 00:00 0 
7ff8aadec000-7ff8aadf4000 rw-s 00000000 00:05 48156                      /drm mm object (deleted)
7ff8aadf4000-7ff8aadf5000 rw-s 00000000 00:05 48153                      /drm mm object (deleted)
7ff8aadf5000-7ff8aadf6000 rw-s 101aff000 00:06 195                       /dev/dri/card0
7ff8aadf6000-7ff8aadfe000 rw-s 00000000 00:05 48151                      /drm mm object (deleted)
7ff8aadfe000-7ff8aae05000 r--s 00000000 fc:00 13372067                   /usr/lib/x86_64-linux-gnu/gconv/gconv-modules.cache
7ff8aae05000-7ff8aae26000 r-xp 00000000 fc:00 13507058                   /usr/lib/jni/libj3dcore-ogl.so
7ff8aae26000-7ff8ab026000 ---p 00021000 fc:00 13507058                   /usr/lib/jni/libj3dcore-ogl.so
7ff8ab026000-7ff8ab027000 rw-p 00021000 fc:00 13507058                   /usr/lib/jni/libj3dcore-ogl.so
7ff8ab027000-7ff8ab028000 r-xp 00000000 fc:00 13243313                   /usr/lib/jvm/java-8-openjdk-amd64/jre/lib/amd64/libjawt.so
7ff8ab028000-7ff8ab227000 ---p 00001000 fc:00 13243313                   /usr/lib/jvm/java-8-openjdk-amd64/jre/lib/amd64/libjawt.so
7ff8ab227000-7ff8ab228000 r--p 00000000 fc:00 13243313                   /usr/lib/jvm/java-8-openjdk-amd64/jre/lib/amd64/libjawt.so
7ff8ab228000-7ff8ab229000 rw-p 00001000 fc:00 13243313                   /usr/lib/jvm/java-8-openjdk-amd64/jre/lib/amd64/libjawt.so
7ff8ab229000-7ff8ab22d000 r--s 00019000 fc:00 20187034                   /home/louis/Documents/Robotics/MICRO_MobileRobots/m454_project/mbsysCopy/mbsyspad/lib/matlabcontrol-4.0.0.jar
7ff8ab22d000-7ff8ab24a000 r--s 0014f000 fc:00 20187033                   /home/louis/Documents/Robotics/MICRO_MobileRobots/m454_project/mbsysCopy/mbsyspad/lib/swingx-all-1.6.4.jar
7ff8ab24a000-7ff8ab24b000 r--s 00017000 fc:00 20187041                   /home/louis/Documents/Robotics/MICRO_MobileRobots/m454_project/mbsysCopy/mbsyspad/lib/j3D.jar
7ff8ab24b000-7ff8ab24d000 r--s 0004c000 fc:00 20187032                   /home/louis/Documents/Robotics/MICRO_MobileRobots/m454_project/mbsysCopy/mbsyspad/lib/vecmath.jar
7ff8ab24d000-7ff8ab44d000 rw-p 00000000 00:00 0 
7ff8ab44d000-7ff8ab45b000 r--s 00193000 fc:00 20187038                   /home/louis/Documents/Robotics/MICRO_MobileRobots/m454_project/mbsysCopy/mbsyspad/lib/j3dutils.jar
7ff8ab45b000-7ff8ab45e000 r--s 00015000 fc:00 13243326                   /usr/lib/jvm/java-8-openjdk-amd64/jre/lib/jce.jar
7ff8ab45e000-7ff8ab462000 r--s 00097000 fc:00 13243330                   /usr/lib/jvm/java-8-openjdk-amd64/jre/lib/jsse.jar
7ff8ab462000-7ff8ab46e000 r--s 002c7000 fc:00 20187039                   /home/louis/Documents/Robotics/MICRO_MobileRobots/m454_project/mbsysCopy/mbsyspad/lib/j3dcore.jar
7ff8ab46e000-7ff8ab479000 r--s 00108000 fc:00 20187035                   /home/louis/Documents/Robotics/MICRO_MobileRobots/m454_project/mbsysCopy/mbsyspad/lib/jogl.jar
7ff8ab479000-7ff8ab47c000 ---p 00000000 00:00 0 
7ff8ab47c000-7ff8ab57a000 rw-p 00000000 00:00 0 
7ff8ab57a000-7ff8ab57d000 ---p 00000000 00:00 0 
7ff8ab57d000-7ff8ab67b000 rw-p 00000000 00:00 0 
7ff8ab67b000-7ff8ab6cd000 r-xp 00000000 fc:00 13243282                   /usr/lib/jvm/java-8-openjdk-amd64/jre/lib/amd64/libfontmanager.so
7ff8ab6cd000-7ff8ab8cd000 ---p 00052000 fc:00 13243282                   /usr/lib/jvm/java-8-openjdk-amd64/jre/lib/amd64/libfontmanager.so
7ff8ab8cd000-7ff8ab8cf000 r--p 00052000 fc:00 13243282                   /usr/lib/jvm/java-8-openjdk-amd64/jre/lib/amd64/libfontmanager.so
7ff8ab8cf000-7ff8ab8d0000 rw-p 00054000 fc:00 13243282                   /usr/lib/jvm/java-8-openjdk-amd64/jre/lib/amd64/libfontmanager.so
7ff8ab8d0000-7ff8ab8d5000 r-xp 00000000 fc:00 13115156                   /usr/lib/x86_64-linux-gnu/libXtst.so.6.1.0
7ff8ab8d5000-7ff8abad4000 ---p 00005000 fc:00 13115156                   /usr/lib/x86_64-linux-gnu/libXtst.so.6.1.0
7ff8abad4000-7ff8abad5000 r--p 00004000 fc:00 13115156                   /usr/lib/x86_64-linux-gnu/libXtst.so.6.1.0
7ff8abad5000-7ff8abad6000 rw-p 00005000 fc:00 13115156                   /usr/lib/x86_64-linux-gnu/libXtst.so.6.1.0
7ff8abad6000-7ff8abb2a000 r-xp 00000000 fc:00 13243305                   /usr/lib/jvm/java-8-openjdk-amd64/jre/lib/amd64/libawt_xawt.so
7ff8abb2a000-7ff8abd2a000 ---p 00054000 fc:00 13243305                   /usr/lib/jvm/java-8-openjdk-amd64/jre/lib/amd64/libawt_xawt.so
7ff8abd2a000-7ff8abd2b000 r--p 00054000 fc:00 13243305                   /usr/lib/jvm/java-8-openjdk-amd64/jre/lib/amd64/libawt_xawt.so
7ff8abd2b000-7ff8abd2e000 rw-p 00055000 fc:00 13243305                   /usr/lib/jvm/java-8-openjdk-amd64/jre/lib/amd64/libawt_xawt.so
7ff8abd2e000-7ff8abd2f000 rw-p 00000000 00:00 0 
7ff8abd2f000-7ff8abdcf000 r-xp 00000000 fc:00 13243312                   /usr/lib/jvm/java-8-openjdk-amd64/jre/lib/amd64/libawt.so
7ff8abdcf000-7ff8abfcf000 ---p 000a0000 fc:00 13243312                   /usr/lib/jvm/java-8-openjdk-amd64/jre/lib/amd64/libawt.so
7ff8abfcf000-7ff8abfd0000 r--p 000a0000 fc:00 13243312                   /usr/lib/jvm/java-8-openjdk-amd64/jre/lib/amd64/libawt.so
7ff8abfd0000-7ff8abfdb000 rw-p 000a1000 fc:00 13243312                   /usr/lib/jvm/java-8-openjdk-amd64/jre/lib/amd64/libawt.so
7ff8abfdb000-7ff8ac000000 rw-p 00000000 00:00 0 
7ff8ac000000-7ff8ac579000 rw-p 00000000 00:00 0 
7ff8ac579000-7ff8b0000000 ---p 00000000 00:00 0 
7ff8b0000000-7ff8b0021000 rw-p 00000000 00:00 0 
7ff8b0021000-7ff8b4000000 ---p 00000000 00:00 0 
7ff8b4000000-7ff8b4021000 rw-p 00000000 00:00 0 
7ff8b4021000-7ff8b8000000 ---p 00000000 00:00 0 
7ff8b8000000-7ff8b831f000 rw-p 00000000 00:00 0 
7ff8b831f000-7ff8bc000000 ---p 00000000 00:00 0 
7ff8bc000000-7ff8bc021000 rw-p 00000000 00:00 0 
7ff8bc021000-7ff8c0000000 ---p 00000000 00:00 0 
7ff8c0000000-7ff8c0021000 rw-p 00000000 00:00 0 
7ff8c0021000-7ff8c4000000 ---p 00000000 00:00 0 
7ff8c4000000-7ff8c40a2000 rw-p 00000000 00:00 0 
7ff8c40a2000-7ff8c8000000 ---p 00000000 00:00 0 
7ff8c8000000-7ff8c8022000 rw-p 00000000 00:00 0 
7ff8c8022000-7ff8cc000000 ---p 00000000 00:00 0 
7ff8cc000000-7ff8cc021000 rw-p 00000000 00:00 0 
7ff8cc021000-7ff8d0000000 ---p 00000000 00:00 0 
7ff8d0000000-7ff8d0001000 r--s 00004000 fc:00 20187042                   /home/louis/Documents/Robotics/MICRO_MobileRobots/m454_project/mbsysCopy/mbsyspad/lib/gluegen-rt.jar
7ff8d0001000-7ff8d0002000 r--s 00001000 fc:00 20187036                   /home/louis/Documents/Robotics/MICRO_MobileRobots/m454_project/mbsysCopy/mbsyspad/lib/jnlp.jar
7ff8d0002000-7ff8d0006000 r--s 00020000 fc:00 20187044                   /home/louis/Documents/Robotics/MICRO_MobileRobots/m454_project/mbsysCopy/mbsyspad/lib/commons-digester-1.8.jar
7ff8d0006000-7ff8d0007000 r--s 00008000 fc:00 20187045                   /home/louis/Documents/Robotics/MICRO_MobileRobots/m454_project/mbsysCopy/mbsyspad/lib/commons-cli-1.1.jar
7ff8d0007000-7ff8d000c000 r--s 0002a000 fc:00 20187046                   /home/louis/Documents/Robotics/MICRO_MobileRobots/m454_project/mbsysCopy/mbsyspad/lib/commons-beanutils.jar
7ff8d000c000-7ff8d0012000 r--s 00056000 fc:00 20187040                   /home/louis/Documents/Robotics/MICRO_MobileRobots/m454_project/mbsysCopy/mbsyspad/lib/j3d-vrml97.jar
7ff8d0012000-7ff8d0014000 r--s 0002a000 fc:00 20187047                   /home/louis/Documents/Robotics/MICRO_MobileRobots/m454_project/mbsysCopy/mbsyspad/lib/MBsysComJ.jar
7ff8d0014000-7ff8d0017000 r--s 00023000 fc:00 20187037                   /home/louis/Documents/Robotics/MICRO_MobileRobots/m454_project/mbsysCopy/mbsyspad/lib/jdom.jar
7ff8d0017000-7ff8d001d000 r--s 00047000 fc:00 20187043                   /home/louis/Documents/Robotics/MICRO_MobileRobots/m454_project/mbsysCopy/mbsyspad/lib/flamingo.jar
7ff8d001d000-7ff8d0030000 r--s 00346000 fc:00 13243317                   /usr/lib/jvm/java-8-openjdk-amd64/jre/lib/resources.jar
7ff8d0030000-7ff8d003f000 r--s 0008c000 fc:00 20186688                   /home/louis/Documents/Robotics/MICRO_MobileRobots/m454_project/mbsysCopy/mbsyspad/MBsysPad.jar
7ff8d003f000-7ff8d0044000 r--s 0003b000 fc:00 13371709                   /usr/lib/jvm/java-8-openjdk-amd64/jre/lib/ext/sunjce_provider.jar
7ff8d0044000-7ff8d0045000 r--s 00010000 fc:00 13372842                   /usr/lib/jvm/java-8-openjdk-amd64/jre/lib/ext/zipfs.jar
7ff8d0045000-7ff8d0060000 r--s 001d5000 fc:00 13371708                   /usr/lib/jvm/java-8-openjdk-amd64/jre/lib/ext/nashorn.jar
7ff8d0060000-7ff8d007b000 r--s 00394000 fc:00 13371707                   /usr/lib/jvm/java-8-openjdk-amd64/jre/lib/ext/cldrdata.jar
7ff8d007b000-7ff8d007c000 ---p 00000000 00:00 0 
7ff8d007c000-7ff8d017c000 rw-p 00000000 00:00 0 
7ff8d017c000-7ff8d017f000 ---p 00000000 00:00 0 
7ff8d017f000-7ff8d027d000 rw-p 00000000 00:00 0 
7ff8d027d000-7ff8d0280000 ---p 00000000 00:00 0 
7ff8d0280000-7ff8d037e000 rw-p 00000000 00:00 0 
7ff8d037e000-7ff8d0381000 ---p 00000000 00:00 0 
7ff8d0381000-7ff8d047f000 rw-p 00000000 00:00 0 
7ff8d047f000-7ff8d0482000 ---p 00000000 00:00 0 
7ff8d0482000-7ff8d0580000 rw-p 00000000 00:00 0 
7ff8d0580000-7ff8d0f3f000 r--p 00000000 fc:00 13114158                   /usr/lib/locale/locale-archive
7ff8d0f3f000-7ff8d0f42000 ---p 00000000 00:00 0 
7ff8d0f42000-7ff8d1040000 rw-p 00000000 00:00 0 
7ff8d1040000-7ff8d1043000 ---p 00000000 00:00 0 
7ff8d1043000-7ff8d1141000 rw-p 00000000 00:00 0 
7ff8d1141000-7ff8d1142000 ---p 00000000 00:00 0 
7ff8d1142000-7ff8d1bda000 rw-p 00000000 00:00 0 
7ff8d1bda000-7ff8d1da8000 r--s 03bf1000 fc:00 13243320                   /usr/lib/jvm/java-8-openjdk-amd64/jre/lib/rt.jar
7ff8d1da8000-7ff8d576a000 rw-p 00000000 00:00 0 
7ff8d576a000-7ff8d576b000 ---p 00000000 00:00 0 
7ff8d576b000-7ff8d586b000 rw-p 00000000 00:00 0 
7ff8d586b000-7ff8d586c000 ---p 00000000 00:00 0 
7ff8d586c000-7ff8d598c000 rw-p 00000000 00:00 0 
7ff8d598c000-7ff8d5b58000 ---p 00000000 00:00 0 
7ff8d5b58000-7ff8d5b78000 rw-p 00000000 00:00 0 
7ff8d5b78000-7ff8d5d43000 ---p 00000000 00:00 0 
7ff8d5d43000-7ff8d5d84000 rw-p 00000000 00:00 0 
7ff8d5d84000-7ff8d5e39000 ---p 00000000 00:00 0 
7ff8d5e39000-7ff8d5e53000 rw-p 00000000 00:00 0 
7ff8d5e53000-7ff8d61fa000 ---p 00000000 00:00 0 
7ff8d61fa000-7ff8d681a000 rwxp 00000000 00:00 0 
7ff8d681a000-7ff8e51fa000 ---p 00000000 00:00 0 
7ff8e51fa000-7ff8e5202000 r-xp 00000000 fc:00 13243292                   /usr/lib/jvm/java-8-openjdk-amd64/jre/lib/amd64/libzip.so
7ff8e5202000-7ff8e5401000 ---p 00008000 fc:00 13243292                   /usr/lib/jvm/java-8-openjdk-amd64/jre/lib/amd64/libzip.so
7ff8e5401000-7ff8e5402000 r--p 00007000 fc:00 13243292                   /usr/lib/jvm/java-8-openjdk-amd64/jre/lib/amd64/libzip.so
7ff8e5402000-7ff8e5403000 rw-p 00008000 fc:00 13243292                   /usr/lib/jvm/java-8-openjdk-amd64/jre/lib/amd64/libzip.so
7ff8e5403000-7ff8e540e000 r-xp 00000000 fc:00 13636033                   /lib/x86_64-linux-gnu/libnss_files-2.23.so
7ff8e540e000-7ff8e560d000 ---p 0000b000 fc:00 13636033                   /lib/x86_64-linux-gnu/libnss_files-2.23.so
7ff8e560d000-7ff8e560e000 r--p 0000a000 fc:00 13636033                   /lib/x86_64-linux-gnu/libnss_files-2.23.so
7ff8e560e000-7ff8e560f000 rw-p 0000b000 fc:00 13636033                   /lib/x86_64-linux-gnu/libnss_files-2.23.so
7ff8e560f000-7ff8e5615000 rw-p 00000000 00:00 0 
7ff8e5615000-7ff8e5620000 r-xp 00000000 fc:00 13636043                   /lib/x86_64-linux-gnu/libnss_nis-2.23.so
7ff8e5620000-7ff8e581f000 ---p 0000b000 fc:00 13636043                   /lib/x86_64-linux-gnu/libnss_nis-2.23.so
7ff8e581f000-7ff8e5820000 r--p 0000a000 fc:00 13636043                   /lib/x86_64-linux-gnu/libnss_nis-2.23.so
7ff8e5820000-7ff8e5821000 rw-p 0000b000 fc:00 13636043                   /lib/x86_64-linux-gnu/libnss_nis-2.23.so
7ff8e5821000-7ff8e5829000 r-xp 00000000 fc:00 13636029                   /lib/x86_64-linux-gnu/libnss_compat-2.23.so
7ff8e5829000-7ff8e5a28000 ---p 00008000 fc:00 13636029                   /lib/x86_64-linux-gnu/libnss_compat-2.23.so
7ff8e5a28000-7ff8e5a29000 r--p 00007000 fc:00 13636029                   /lib/x86_64-linux-gnu/libnss_compat-2.23.so
7ff8e5a29000-7ff8e5a2a000 rw-p 00008000 fc:00 13636029                   /lib/x86_64-linux-gnu/libnss_compat-2.23.so
7ff8e5a2a000-7ff8e5a57000 r-xp 00000000 fc:00 13243286                   /usr/lib/jvm/java-8-openjdk-amd64/jre/lib/amd64/libjava.so
7ff8e5a57000-7ff8e5c56000 ---p 0002d000 fc:00 13243286                   /usr/lib/jvm/java-8-openjdk-amd64/jre/lib/amd64/libjava.so
7ff8e5c56000-7ff8e5c57000 r--p 0002c000 fc:00 13243286                   /usr/lib/jvm/java-8-openjdk-amd64/jre/lib/amd64/libjava.so
7ff8e5c57000-7ff8e5c59000 rw-p 0002d000 fc:00 13243286                   /usr/lib/jvm/java-8-openjdk-amd64/jre/lib/amd64/libjava.so
7ff8e5c59000-7ff8e5c68000 r-xp 00000000 fc:00 13243290                   /usr/lib/jvm/java-8-openjdk-amd64/jre/lib/amd64/libverify.so
7ff8e5c68000-7ff8e5e67000 ---p 0000f000 fc:00 13243290                   /usr/lib/jvm/java-8-openjdk-amd64/jre/lib/amd64/libverify.so
7ff8e5e67000-7ff8e5e69000 r--p 0000e000 fc:00 13243290                   /usr/lib/jvm/java-8-openjdk-amd64/jre/lib/amd64/libverify.so
7ff8e5e69000-7ff8e5e6a000 rw-p 00010000 fc:00 13243290                   /usr/lib/jvm/java-8-openjdk-amd64/jre/lib/amd64/libverify.so
7ff8e5e6a000-7ff8e8e0a000 rw-p 00000000 00:00 0 
7ff8e8e0a000-7ff8e8e34000 r-xp 00000000 fc:00 13116372                   /usr/lib/x86_64-linux-gnu/libvorbis.so.0.4.8
7ff8e8e34000-7ff8e9034000 ---p 0002a000 fc:00 13116372                   /usr/lib/x86_64-linux-gnu/libvorbis.so.0.4.8
7ff8e9034000-7ff8e9035000 r--p 0002a000 fc:00 13116372                   /usr/lib/x86_64-linux-gnu/libvorbis.so.0.4.8
7ff8e9035000-7ff8e9036000 rw-p 0002b000 fc:00 13116372                   /usr/lib/x86_64-linux-gnu/libvorbis.so.0.4.8
7ff8e9036000-7ff8e903d000 r-xp 00000000 fc:00 13116024                   /usr/lib/x86_64-linux-gnu/libogg.so.0.8.2
7ff8e903d000-7ff8e923d000 ---p 00007000 fc:00 13116024                   /usr/lib/x86_64-linux-gnu/libogg.so.0.8.2
7ff8e923d000-7ff8e923e000 r--p 00007000 fc:00 13116024                   /usr/lib/x86_64-linux-gnu/libogg.so.0.8.2
7ff8e923e000-7ff8e923f000 rw-p 00008000 fc:00 13116024                   /usr/lib/x86_64-linux-gnu/libogg.so.0.8.2
7ff8e923f000-7ff8e9251000 r-xp 00000000 fc:00 13635978                   /lib/x86_64-linux-gnu/libgpg-error.so.0.17.0
7ff8e9251000-7ff8e9451000 ---p 00012000 fc:00 13635978                   /lib/x86_64-linux-gnu/libgpg-error.so.0.17.0
7ff8e9451000-7ff8e9452000 r--p 00012000 fc:00 13635978                   /lib/x86_64-linux-gnu/libgpg-error.so.0.17.0
7ff8e9452000-7ff8e9453000 rw-p 00013000 fc:00 13635978                   /lib/x86_64-linux-gnu/libgpg-error.so.0.17.0
7ff8e9453000-7ff8e94c1000 r-xp 00000000 fc:00 13636063                   /lib/x86_64-linux-gnu/libpcre.so.3.13.2
7ff8e94c1000-7ff8e96c1000 ---p 0006e000 fc:00 13636063                   /lib/x86_64-linux-gnu/libpcre.so.3.13.2
7ff8e96c1000-7ff8e96c2000 r--p 0006e000 fc:00 13636063                   /lib/x86_64-linux-gnu/libpcre.so.3.13.2
7ff8e96c2000-7ff8e96c3000 rw-p 0006f000 fc:00 13636063                   /lib/x86_64-linux-gnu/libpcre.so.3.13.2
7ff8e96c3000-7ff8e96da000 r-xp 00000000 fc:00 13636086                   /lib/x86_64-linux-gnu/libresolv-2.23.so
7ff8e96da000-7ff8e98da000 ---p 00017000 fc:00 13636086                   /lib/x86_64-linux-gnu/libresolv-2.23.so
7ff8e98da000-7ff8e98db000 r--p 00017000 fc:00 13636086                   /lib/x86_64-linux-gnu/libresolv-2.23.so
7ff8e98db000-7ff8e98dc000 rw-p 00018000 fc:00 13636086                   /lib/x86_64-linux-gnu/libresolv-2.23.so
7ff8e98dc000-7ff8e98de000 rw-p 00000000 00:00 0 
7ff8e98de000-7ff8e996b000 r-xp 00000000 fc:00 13116374                   /usr/lib/x86_64-linux-gnu/libvorbisenc.so.2.0.11
7ff8e996b000-7ff8e9b6a000 ---p 0008d000 fc:00 13116374                   /usr/lib/x86_64-linux-gnu/libvorbisenc.so.2.0.11
7ff8e9b6a000-7ff8e9b86000 r--p 0008c000 fc:00 13116374                   /usr/lib/x86_64-linux-gnu/libvorbisenc.so.2.0.11
7ff8e9b86000-7ff8e9b87000 rw-p 000a8000 fc:00 13116374                   /usr/lib/x86_64-linux-gnu/libvorbisenc.so.2.0.11
7ff8e9b87000-7ff8e9bfa000 r-xp 00000000 fc:00 13114969                   /usr/lib/x86_64-linux-gnu/libFLAC.so.8.3.0
7ff8e9bfa000-7ff8e9dfa000 ---p 00073000 fc:00 13114969                   /usr/lib/x86_64-linux-gnu/libFLAC.so.8.3.0
7ff8e9dfa000-7ff8e9dfb000 r--p 00073000 fc:00 13114969                   /usr/lib/x86_64-linux-gnu/libFLAC.so.8.3.0
7ff8e9dfb000-7ff8e9dfc000 rw-p 00074000 fc:00 13114969                   /usr/lib/x86_64-linux-gnu/libFLAC.so.8.3.0
7ff8e9dfc000-7ff8e9e12000 r-xp 00000000 fc:00 13636027                   /lib/x86_64-linux-gnu/libnsl-2.23.so
7ff8e9e12000-7ff8ea011000 ---p 00016000 fc:00 13636027                   /lib/x86_64-linux-gnu/libnsl-2.23.so
7ff8ea011000-7ff8ea012000 r--p 00015000 fc:00 13636027                   /lib/x86_64-linux-gnu/libnsl-2.23.so
7ff8ea012000-7ff8ea013000 rw-p 00016000 fc:00 13636027                   /lib/x86_64-linux-gnu/libnsl-2.23.so
7ff8ea013000-7ff8ea015000 rw-p 00000000 00:00 0 
7ff8ea015000-7ff8ea0ed000 r-xp 00000000 fc:00 13631516                   /lib/x86_64-linux-gnu/libgcrypt.so.20.0.5
7ff8ea0ed000-7ff8ea2ec000 ---p 000d8000 fc:00 13631516                   /lib/x86_64-linux-gnu/libgcrypt.so.20.0.5
7ff8ea2ec000-7ff8ea2ed000 r--p 000d7000 fc:00 13631516                   /lib/x86_64-linux-gnu/libgcrypt.so.20.0.5
7ff8ea2ed000-7ff8ea2f5000 rw-p 000d8000 fc:00 13631516                   /lib/x86_64-linux-gnu/libgcrypt.so.20.0.5
7ff8ea2f5000-7ff8ea2f6000 rw-p 00000000 00:00 0 
7ff8ea2f6000-7ff8ea315000 r-xp 00000000 fc:00 13636092                   /lib/x86_64-linux-gnu/libselinux.so.1
7ff8ea315000-7ff8ea514000 ---p 0001f000 fc:00 13636092                   /lib/x86_64-linux-gnu/libselinux.so.1
7ff8ea514000-7ff8ea515000 r--p 0001e000 fc:00 13636092                   /lib/x86_64-linux-gnu/libselinux.so.1
7ff8ea515000-7ff8ea516000 rw-p 0001f000 fc:00 13636092                   /lib/x86_64-linux-gnu/libselinux.so.1
7ff8ea516000-7ff8ea518000 rw-p 00000000 00:00 0 
7ff8ea518000-7ff8ea51d000 r-xp 00000000 fc:00 13115128                   /usr/lib/x86_64-linux-gnu/libXdmcp.so.6.0.0
7ff8ea51d000-7ff8ea71c000 ---p 00005000 fc:00 13115128                   /usr/lib/x86_64-linux-gnu/libXdmcp.so.6.0.0
7ff8ea71c000-7ff8ea71d000 r--p 00004000 fc:00 13115128                   /usr/lib/x86_64-linux-gnu/libXdmcp.so.6.0.0
7ff8ea71d000-7ff8ea71e000 rw-p 00005000 fc:00 13115128                   /usr/lib/x86_64-linux-gnu/libXdmcp.so.6.0.0
7ff8ea71e000-7ff8ea720000 r-xp 00000000 fc:00 13115117                   /usr/lib/x86_64-linux-gnu/libXau.so.6.0.0
7ff8ea720000-7ff8ea920000 ---p 00002000 fc:00 13115117                   /usr/lib/x86_64-linux-gnu/libXau.so.6.0.0
7ff8ea920000-7ff8ea921000 r--p 00002000 fc:00 13115117                   /usr/lib/x86_64-linux-gnu/libXau.so.6.0.0
7ff8ea921000-7ff8ea922000 rw-p 00003000 fc:00 13115117                   /usr/lib/x86_64-linux-gnu/libXau.so.6.0.0
7ff8ea922000-7ff8ea927000 r-xp 00000000 fc:00 13115219                   /usr/lib/x86_64-linux-gnu/libasyncns.so.0.3.1
7ff8ea927000-7ff8eab26000 ---p 00005000 fc:00 13115219                   /usr/lib/x86_64-linux-gnu/libasyncns.so.0.3.1
7ff8eab26000-7ff8eab27000 r--p 00004000 fc:00 13115219                   /usr/lib/x86_64-linux-gnu/libasyncns.so.0.3.1
7ff8eab27000-7ff8eab28000 rw-p 00005000 fc:00 13115219                   /usr/lib/x86_64-linux-gnu/libasyncns.so.0.3.1
7ff8eab28000-7ff8eab8a000 r-xp 00000000 fc:00 13116226                   /usr/lib/x86_64-linux-gnu/libsndfile.so.1.0.25
7ff8eab8a000-7ff8ead8a000 ---p 00062000 fc:00 13116226                   /usr/lib/x86_64-linux-gnu/libsndfile.so.1.0.25
7ff8ead8a000-7ff8ead8c000 r--p 00062000 fc:00 13116226                   /usr/lib/x86_64-linux-gnu/libsndfile.so.1.0.25
7ff8ead8c000-7ff8ead8d000 rw-p 00064000 fc:00 13116226                   /usr/lib/x86_64-linux-gnu/libsndfile.so.1.0.25
7ff8ead8d000-7ff8ead91000 rw-p 00000000 00:00 0 
7ff8ead91000-7ff8ead99000 r-xp 00000000 fc:00 13636120                   /lib/x86_64-linux-gnu/libwrap.so.0.7.6
7ff8ead99000-7ff8eaf98000 ---p 00008000 fc:00 13636120                   /lib/x86_64-linux-gnu/libwrap.so.0.7.6
7ff8eaf98000-7ff8eaf99000 r--p 00007000 fc:00 13636120                   /lib/x86_64-linux-gnu/libwrap.so.0.7.6
7ff8eaf99000-7ff8eaf9a000 rw-p 00008000 fc:00 13636120                   /lib/x86_64-linux-gnu/libwrap.so.0.7.6
7ff8eaf9a000-7ff8eaf9b000 rw-p 00000000 00:00 0 
7ff8eaf9b000-7ff8eafbf000 r-xp 00000000 fc:00 13636075                   /lib/x86_64-linux-gnu/libpng12.so.0.54.0
7ff8eafbf000-7ff8eb1be000 ---p 00024000 fc:00 13636075                   /lib/x86_64-linux-gnu/libpng12.so.0.54.0
7ff8eb1be000-7ff8eb1bf000 r--p 00023000 fc:00 13636075                   /lib/x86_64-linux-gnu/libpng12.so.0.54.0
7ff8eb1bf000-7ff8eb1c0000 rw-p 00024000 fc:00 13636075                   /lib/x86_64-linux-gnu/libpng12.so.0.54.0
7ff8eb1c0000-7ff8eb1c7000 r-xp 00000000 fc:00 13115500                   /usr/lib/x86_64-linux-gnu/libffi.so.6.0.4
7ff8eb1c7000-7ff8eb3c6000 ---p 00007000 fc:00 13115500                   /usr/lib/x86_64-linux-gnu/libffi.so.6.0.4
7ff8eb3c6000-7ff8eb3c7000 r--p 00006000 fc:00 13115500                   /usr/lib/x86_64-linux-gnu/libffi.so.6.0.4
7ff8eb3c7000-7ff8eb3c8000 rw-p 00007000 fc:00 13115500                   /usr/lib/x86_64-linux-gnu/libffi.so.6.0.4
7ff8eb3c8000-7ff8eb3cd000 r-xp 00000000 fc:00 13115132                   /usr/lib/x86_64-linux-gnu/libXfixes.so.3.1.0
7ff8eb3cd000-7ff8eb5cc000 ---p 00005000 fc:00 13115132                   /usr/lib/x86_64-linux-gnu/libXfixes.so.3.1.0
7ff8eb5cc000-7ff8eb5cd000 r--p 00004000 fc:00 13115132                   /usr/lib/x86_64-linux-gnu/libXfixes.so.3.1.0
7ff8eb5cd000-7ff8eb5ce000 rw-p 00005000 fc:00 13115132                   /usr/lib/x86_64-linux-gnu/libXfixes.so.3.1.0
7ff8eb5ce000-7ff8eb5d7000 r-xp 00000000 fc:00 13115150                   /usr/lib/x86_64-linux-gnu/libXrender.so.1.3.0
7ff8eb5d7000-7ff8eb7d6000 ---p 00009000 fc:00 13115150                   /usr/lib/x86_64-linux-gnu/libXrender.so.1.3.0
7ff8eb7d6000-7ff8eb7d7000 r--p 00008000 fc:00 13115150                   /usr/lib/x86_64-linux-gnu/libXrender.so.1.3.0
7ff8eb7d7000-7ff8eb7d8000 rw-p 00009000 fc:00 13115150                   /usr/lib/x86_64-linux-gnu/libXrender.so.1.3.0
7ff8eb7d8000-7ff8eb7f9000 r-xp 00000000 fc:00 13116495                   /usr/lib/x86_64-linux-gnu/libxcb.so.1.1.0
7ff8eb7f9000-7ff8eb9f8000 ---p 00021000 fc:00 13116495                   /usr/lib/x86_64-linux-gnu/libxcb.so.1.1.0
7ff8eb9f8000-7ff8eb9f9000 r--p 00020000 fc:00 13116495                   /usr/lib/x86_64-linux-gnu/libxcb.so.1.1.0
7ff8eb9f9000-7ff8eb9fa000 rw-p 00021000 fc:00 13116495                   /usr/lib/x86_64-linux-gnu/libxcb.so.1.1.0
7ff8eb9fa000-7ff8eba0d000 r-xp 00000000 fc:00 13635930                   /lib/x86_64-linux-gnu/libbsd.so.0.8.2
7ff8eba0d000-7ff8ebc0c000 ---p 00013000 fc:00 13635930                   /lib/x86_64-linux-gnu/libbsd.so.0.8.2
7ff8ebc0c000-7ff8ebc0d000 r--p 00012000 fc:00 13635930                   /lib/x86_64-linux-gnu/libbsd.so.0.8.2
7ff8ebc0d000-7ff8ebc0e000 rw-p 00013000 fc:00 13635930                   /lib/x86_64-linux-gnu/libbsd.so.0.8.2
7ff8ebc0e000-7ff8ebc0f000 rw-p 00000000 00:00 0 
7ff8ebc0f000-7ff8ebc59000 r-xp 00000000 fc:00 13631660                   /lib/x86_64-linux-gnu/libdbus-1.so.3.14.6
7ff8ebc59000-7ff8ebe59000 ---p 0004a000 fc:00 13631660                   /lib/x86_64-linux-gnu/libdbus-1.so.3.14.6
7ff8ebe59000-7ff8ebe5a000 r--p 0004a000 fc:00 13631660                   /lib/x86_64-linux-gnu/libdbus-1.so.3.14.6
7ff8ebe5a000-7ff8ebe5b000 rw-p 0004b000 fc:00 13631660                   /lib/x86_64-linux-gnu/libdbus-1.so.3.14.6
7ff8ebe5b000-7ff8ebed4000 r-xp 00000000 fc:00 13372434                   /usr/lib/x86_64-linux-gnu/pulseaudio/libpulsecommon-8.0.so
7ff8ebed4000-7ff8ec0d3000 ---p 00079000 fc:00 13372434                   /usr/lib/x86_64-linux-gnu/pulseaudio/libpulsecommon-8.0.so
7ff8ec0d3000-7ff8ec0d4000 r--p 00078000 fc:00 13372434                   /usr/lib/x86_64-linux-gnu/pulseaudio/libpulsecommon-8.0.so
7ff8ec0d4000-7ff8ec0d5000 rw-p 00079000 fc:00 13372434                   /usr/lib/x86_64-linux-gnu/pulseaudio/libpulsecommon-8.0.so
7ff8ec0d5000-7ff8ec0df000 r-xp 00000000 fc:00 13635993                   /lib/x86_64-linux-gnu/libjson-c.so.2.0.0
7ff8ec0df000-7ff8ec2de000 ---p 0000a000 fc:00 13635993                   /lib/x86_64-linux-gnu/libjson-c.so.2.0.0
7ff8ec2de000-7ff8ec2df000 r--p 00009000 fc:00 13635993                   /lib/x86_64-linux-gnu/libjson-c.so.2.0.0
7ff8ec2df000-7ff8ec2e0000 rw-p 0000a000 fc:00 13635993                   /lib/x86_64-linux-gnu/libjson-c.so.2.0.0
7ff8ec2e0000-7ff8edb96000 r-xp 00000000 fc:00 13115795                   /usr/lib/x86_64-linux-gnu/libicudata.so.55.1
7ff8edb96000-7ff8edd95000 ---p 018b6000 fc:00 13115795                   /usr/lib/x86_64-linux-gnu/libicudata.so.55.1
7ff8edd95000-7ff8edd96000 r--p 018b5000 fc:00 13115795                   /usr/lib/x86_64-linux-gnu/libicudata.so.55.1
7ff8edd96000-7ff8edd97000 rw-p 018b6000 fc:00 13115795                   /usr/lib/x86_64-linux-gnu/libicudata.so.55.1
7ff8edd97000-7ff8ede3b000 r-xp 00000000 fc:00 13115548                   /usr/lib/x86_64-linux-gnu/libfreetype.so.6.12.1
7ff8ede3b000-7ff8ee03a000 ---p 000a4000 fc:00 13115548                   /usr/lib/x86_64-linux-gnu/libfreetype.so.6.12.1
7ff8ee03a000-7ff8ee040000 r--p 000a3000 fc:00 13115548                   /usr/lib/x86_64-linux-gnu/libfreetype.so.6.12.1
7ff8ee040000-7ff8ee041000 rw-p 000a9000 fc:00 13115548                   /usr/lib/x86_64-linux-gnu/libfreetype.so.6.12.1
7ff8ee041000-7ff8ee048000 r-xp 00000000 fc:00 13636088                   /lib/x86_64-linux-gnu/librt-2.23.so
7ff8ee048000-7ff8ee247000 ---p 00007000 fc:00 13636088                   /lib/x86_64-linux-gnu/librt-2.23.so
7ff8ee247000-7ff8ee248000 r--p 00006000 fc:00 13636088                   /lib/x86_64-linux-gnu/librt-2.23.so
7ff8ee248000-7ff8ee249000 rw-p 00007000 fc:00 13636088                   /lib/x86_64-linux-gnu/librt-2.23.so
7ff8ee249000-7ff8ee261000 r-xp 00000000 fc:00 13636080                   /lib/x86_64-linux-gnu/libpthread-2.23.so
7ff8ee261000-7ff8ee460000 ---p 00018000 fc:00 13636080                   /lib/x86_64-linux-gnu/libpthread-2.23.so
7ff8ee460000-7ff8ee461000 r--p 00017000 fc:00 13636080                   /lib/x86_64-linux-gnu/libpthread-2.23.so
7ff8ee461000-7ff8ee462000 rw-p 00018000 fc:00 13636080                   /lib/x86_64-linux-gnu/libpthread-2.23.so
7ff8ee462000-7ff8ee466000 rw-p 00000000 00:00 0 
7ff8ee466000-7ff8ee4a3000 r-xp 00000000 fc:00 13116499                   /usr/lib/x86_64-linux-gnu/libxkbcommon.so.0.0.0
7ff8ee4a3000-7ff8ee6a2000 ---p 0003d000 fc:00 13116499                   /usr/lib/x86_64-linux-gnu/libxkbcommon.so.0.0.0
7ff8ee6a2000-7ff8ee6a4000 r--p 0003c000 fc:00 13116499                   /usr/lib/x86_64-linux-gnu/libxkbcommon.so.0.0.0
7ff8ee6a4000-7ff8ee6a5000 rw-p 0003e000 fc:00 13116499                   /usr/lib/x86_64-linux-gnu/libxkbcommon.so.0.0.0
7ff8ee6a5000-7ff8ee6a9000 r-xp 00000000 fc:00 13116389                   /usr/lib/x86_64-linux-gnu/libwayland-cursor.so.0.0.0
7ff8ee6a9000-7ff8ee8a8000 ---p 00004000 fc:00 13116389                   /usr/lib/x86_64-linux-gnu/libwayland-cursor.so.0.0.0
7ff8ee8a8000-7ff8ee8a9000 r--p 00003000 fc:00 13116389                   /usr/lib/x86_64-linux-gnu/libwayland-cursor.so.0.0.0
7ff8ee8a9000-7ff8ee8ad000 rw-p 00004000 fc:00 13116389                   /usr/lib/x86_64-linux-gnu/libwayland-cursor.so.0.0.0
7ff8ee8ad000-7ff8ee8b9000 r-xp 00000000 fc:00 13116387                   /usr/lib/x86_64-linux-gnu/libwayland-client.so.0.3.0
7ff8ee8b9000-7ff8eeab8000 ---p 0000c000 fc:00 13116387                   /usr/lib/x86_64-linux-gnu/libwayland-client.so.0.3.0
7ff8eeab8000-7ff8eeaba000 r--p 0000b000 fc:00 13116387                   /usr/lib/x86_64-linux-gnu/libwayland-client.so.0.3.0
7ff8eeaba000-7ff8eeabb000 rw-p 0000d000 fc:00 13116387                   /usr/lib/x86_64-linux-gnu/libwayland-client.so.0.3.0
7ff8eeabb000-7ff8eeabc000 r-xp 00000000 fc:00 13112025                   /usr/lib/x86_64-linux-gnu/libwayland-egl.so.1.0.0
7ff8eeabc000-7ff8eecbb000 ---p 00001000 fc:00 13112025                   /usr/lib/x86_64-linux-gnu/libwayland-egl.so.1.0.0
7ff8eecbb000-7ff8eecbc000 r--p 00000000 fc:00 13112025                   /usr/lib/x86_64-linux-gnu/libwayland-egl.so.1.0.0
7ff8eecbc000-7ff8eecbd000 rw-p 00001000 fc:00 13112025                   /usr/lib/x86_64-linux-gnu/libwayland-egl.so.1.0.0
7ff8eecbd000-7ff8eecc2000 r-xp 00000000 fc:00 13115166                   /usr/lib/x86_64-linux-gnu/libXxf86vm.so.1.0.0
7ff8eecc2000-7ff8eeec1000 ---p 00005000 fc:00 13115166                   /usr/lib/x86_64-linux-gnu/libXxf86vm.so.1.0.0
7ff8eeec1000-7ff8eeec2000 r--p 00004000 fc:00 13115166                   /usr/lib/x86_64-linux-gnu/libXxf86vm.so.1.0.0
7ff8eeec2000-7ff8eeec3000 rw-p 00005000 fc:00 13115166                   /usr/lib/x86_64-linux-gnu/libXxf86vm.so.1.0.0
7ff8eeec3000-7ff8eeec5000 r-xp 00000000 fc:00 13115152                   /usr/lib/x86_64-linux-gnu/libXss.so.1.0.0
7ff8eeec5000-7ff8ef0c5000 ---p 00002000 fc:00 13115152                   /usr/lib/x86_64-linux-gnu/libXss.so.1.0.0
7ff8ef0c5000-7ff8ef0c6000 r--p 00002000 fc:00 13115152                   /usr/lib/x86_64-linux-gnu/libXss.so.1.0.0
7ff8ef0c6000-7ff8ef0c7000 rw-p 00003000 fc:00 13115152                   /usr/lib/x86_64-linux-gnu/libXss.so.1.0.0
7ff8ef0c7000-7ff8ef0d1000 r-xp 00000000 fc:00 13115148                   /usr/lib/x86_64-linux-gnu/libXrandr.so.2.2.0
7ff8ef0d1000-7ff8ef2d0000 ---p 0000a000 fc:00 13115148                   /usr/lib/x86_64-linux-gnu/libXrandr.so.2.2.0
7ff8ef2d0000-7ff8ef2d1000 r--p 00009000 fc:00 13115148                   /usr/lib/x86_64-linux-gnu/libXrandr.so.2.2.0
7ff8ef2d1000-7ff8ef2d2000 rw-p 0000a000 fc:00 13115148                   /usr/lib/x86_64-linux-gnu/libXrandr.so.2.2.0
7ff8ef2d2000-7ff8ef2e1000 r-xp 00000000 fc:00 13115138                   /usr/lib/x86_64-linux-gnu/libXi.so.6.1.0
7ff8ef2e1000-7ff8ef4e0000 ---p 0000f000 fc:00 13115138                   /usr/lib/x86_64-linux-gnu/libXi.so.6.1.0
7ff8ef4e0000-7ff8ef4e1000 r--p 0000e000 fc:00 13115138                   /usr/lib/x86_64-linux-gnu/libXi.so.6.1.0
7ff8ef4e1000-7ff8ef4e2000 rw-p 0000f000 fc:00 13115138                   /usr/lib/x86_64-linux-gnu/libXi.so.6.1.0
7ff8ef4e2000-7ff8ef4e4000 r-xp 00000000 fc:00 13115140                   /usr/lib/x86_64-linux-gnu/libXinerama.so.1.0.0
7ff8ef4e4000-7ff8ef6e3000 ---p 00002000 fc:00 13115140                   /usr/lib/x86_64-linux-gnu/libXinerama.so.1.0.0
7ff8ef6e3000-7ff8ef6e4000 r--p 00001000 fc:00 13115140                   /usr/lib/x86_64-linux-gnu/libXinerama.so.1.0.0
7ff8ef6e4000-7ff8ef6e5000 rw-p 00002000 fc:00 13115140                   /usr/lib/x86_64-linux-gnu/libXinerama.so.1.0.0
7ff8ef6e5000-7ff8ef6ee000 r-xp 00000000 fc:00 13115124                   /usr/lib/x86_64-linux-gnu/libXcursor.so.1.0.2
7ff8ef6ee000-7ff8ef8ed000 ---p 00009000 fc:00 13115124                   /usr/lib/x86_64-linux-gnu/libXcursor.so.1.0.2
7ff8ef8ed000-7ff8ef8ee000 r--p 00008000 fc:00 13115124                   /usr/lib/x86_64-linux-gnu/libXcursor.so.1.0.2
7ff8ef8ee000-7ff8ef8ef000 rw-p 00009000 fc:00 13115124                   /usr/lib/x86_64-linux-gnu/libXcursor.so.1.0.2
7ff8ef8ef000-7ff8ef900000 r-xp 00000000 fc:00 13115130                   /usr/lib/x86_64-linux-gnu/libXext.so.6.4.0
7ff8ef900000-7ff8efaff000 ---p 00011000 fc:00 13115130                   /usr/lib/x86_64-linux-gnu/libXext.so.6.4.0
7ff8efaff000-7ff8efb00000 r--p 00010000 fc:00 13115130                   /usr/lib/x86_64-linux-gnu/libXext.so.6.4.0
7ff8efb00000-7ff8efb01000 rw-p 00011000 fc:00 13115130                   /usr/lib/x86_64-linux-gnu/libXext.so.6.4.0
7ff8efb01000-7ff8efc36000 r-xp 00000000 fc:00 13115113                   /usr/lib/x86_64-linux-gnu/libX11.so.6.3.0
7ff8efc36000-7ff8efe36000 ---p 00135000 fc:00 13115113                   /usr/lib/x86_64-linux-gnu/libX11.so.6.3.0
7ff8efe36000-7ff8efe37000 r--p 00135000 fc:00 13115113                   /usr/lib/x86_64-linux-gnu/libX11.so.6.3.0
7ff8efe37000-7ff8efe3b000 rw-p 00136000 fc:00 13115113                   /usr/lib/x86_64-linux-gnu/libX11.so.6.3.0
7ff8efe3b000-7ff8efe47000 r-xp 00000000 fc:00 13110414                   /usr/lib/x86_64-linux-gnu/libsndio.so.6.1
7ff8efe47000-7ff8f0047000 ---p 0000c000 fc:00 13110414                   /usr/lib/x86_64-linux-gnu/libsndio.so.6.1
7ff8f0047000-7ff8f0048000 r--p 0000c000 fc:00 13110414                   /usr/lib/x86_64-linux-gnu/libsndio.so.6.1
7ff8f0048000-7ff8f0049000 rw-p 0000d000 fc:00 13110414                   /usr/lib/x86_64-linux-gnu/libsndio.so.6.1
7ff8f0049000-7ff8f004b000 rw-p 00000000 00:00 0 
7ff8f004b000-7ff8f0099000 r-xp 00000000 fc:00 13116114                   /usr/lib/x86_64-linux-gnu/libpulse.so.0.19.0
7ff8f0099000-7ff8f0298000 ---p 0004e000 fc:00 13116114                   /usr/lib/x86_64-linux-gnu/libpulse.so.0.19.0
7ff8f0298000-7ff8f0299000 r--p 0004d000 fc:00 13116114                   /usr/lib/x86_64-linux-gnu/libpulse.so.0.19.0
7ff8f0299000-7ff8f029a000 rw-p 0004e000 fc:00 13116114                   /usr/lib/x86_64-linux-gnu/libpulse.so.0.19.0
7ff8f029a000-7ff8f0393000 r-xp 00000000 fc:00 13115209                   /usr/lib/x86_64-linux-gnu/libasound.so.2.0.0
7ff8f0393000-7ff8f0592000 ---p 000f9000 fc:00 13115209                   /usr/lib/x86_64-linux-gnu/libasound.so.2.0.0
7ff8f0592000-7ff8f0599000 r--p 000f8000 fc:00 13115209                   /usr/lib/x86_64-linux-gnu/libasound.so.2.0.0
7ff8f0599000-7ff8f059a000 rw-p 000ff000 fc:00 13115209                   /usr/lib/x86_64-linux-gnu/libasound.so.2.0.0
7ff8f059a000-7ff8f05bb000 r-xp 00000000 fc:00 13636001                   /lib/x86_64-linux-gnu/liblzma.so.5.0.0
7ff8f05bb000-7ff8f07ba000 ---p 00021000 fc:00 13636001                   /lib/x86_64-linux-gnu/liblzma.so.5.0.0
7ff8f07ba000-7ff8f07bb000 r--p 00020000 fc:00 13636001                   /lib/x86_64-linux-gnu/liblzma.so.5.0.0
7ff8f07bb000-7ff8f07bc000 rw-p 00021000 fc:00 13636001                   /lib/x86_64-linux-gnu/liblzma.so.5.0.0
7ff8f07bc000-7ff8f07d5000 r-xp 00000000 fc:00 13636125                   /lib/x86_64-linux-gnu/libz.so.1.2.8
7ff8f07d5000-7ff8f09d4000 ---p 00019000 fc:00 13636125                   /lib/x86_64-linux-gnu/libz.so.1.2.8
7ff8f09d4000-7ff8f09d5000 r--p 00018000 fc:00 13636125                   /lib/x86_64-linux-gnu/libz.so.1.2.8
7ff8f09d5000-7ff8f09d6000 rw-p 00019000 fc:00 13636125                   /lib/x86_64-linux-gnu/libz.so.1.2.8
7ff8f09d6000-7ff8f0b55000 r-xp 00000000 fc:00 13115809                   /usr/lib/x86_64-linux-gnu/libicuuc.so.55.1
7ff8f0b55000-7ff8f0d55000 ---p 0017f000 fc:00 13115809                   /usr/lib/x86_64-linux-gnu/libicuuc.so.55.1
7ff8f0d55000-7ff8f0d65000 r--p 0017f000 fc:00 13115809                   /usr/lib/x86_64-linux-gnu/libicuuc.so.55.1
7ff8f0d65000-7ff8f0d66000 rw-p 0018f000 fc:00 13115809                   /usr/lib/x86_64-linux-gnu/libicuuc.so.55.1
7ff8f0d66000-7ff8f0d6a000 rw-p 00000000 00:00 0 
7ff8f0d6a000-7ff8f0d6d000 r-xp 00000000 fc:00 13635958                   /lib/x86_64-linux-gnu/libdl-2.23.so
7ff8f0d6d000-7ff8f0f6c000 ---p 00003000 fc:00 13635958                   /lib/x86_64-linux-gnu/libdl-2.23.so
7ff8f0f6c000-7ff8f0f6d000 r--p 00002000 fc:00 13635958                   /lib/x86_64-linux-gnu/libdl-2.23.so
7ff8f0f6d000-7ff8f0f6e000 rw-p 00003000 fc:00 13635958                   /lib/x86_64-linux-gnu/libdl-2.23.so
7ff8f0f6e000-7ff8f112e000 r-xp 00000000 fc:00 13635934                   /lib/x86_64-linux-gnu/libc-2.23.so
7ff8f112e000-7ff8f132d000 ---p 001c0000 fc:00 13635934                   /lib/x86_64-linux-gnu/libc-2.23.so
7ff8f132d000-7ff8f1331000 r--p 001bf000 fc:00 13635934                   /lib/x86_64-linux-gnu/libc-2.23.so
7ff8f1331000-7ff8f1333000 rw-p 001c3000 fc:00 13635934                   /lib/x86_64-linux-gnu/libc-2.23.so
7ff8f1333000-7ff8f1337000 rw-p 00000000 00:00 0 
7ff8f1337000-7ff8f134d000 r-xp 00000000 fc:00 13635972                   /lib/x86_64-linux-gnu/libgcc_s.so.1
7ff8f134d000-7ff8f154c000 ---p 00016000 fc:00 13635972                   /lib/x86_64-linux-gnu/libgcc_s.so.1
7ff8f154c000-7ff8f154d000 rw-p 00015000 fc:00 13635972                   /lib/x86_64-linux-gnu/libgcc_s.so.1
7ff8f154d000-7ff8f16bf000 r-xp 00000000 fc:00 13109252                   /usr/lib/x86_64-linux-gnu/libstdc++.so.6.0.21
7ff8f16bf000-7ff8f18bf000 ---p 00172000 fc:00 13109252                   /usr/lib/x86_64-linux-gnu/libstdc++.so.6.0.21
7ff8f18bf000-7ff8f18c9000 r--p 00172000 fc:00 13109252                   /usr/lib/x86_64-linux-gnu/libstdc++.so.6.0.21
7ff8f18c9000-7ff8f18cb000 rw-p 0017c000 fc:00 13109252                   /usr/lib/x86_64-linux-gnu/libstdc++.so.6.0.21
7ff8f18cb000-7ff8f18cf000 rw-p 00000000 00:00 0 
7ff8f18cf000-7ff8f19d7000 r-xp 00000000 fc:00 13636004                   /lib/x86_64-linux-gnu/libm-2.23.so
7ff8f19d7000-7ff8f1bd6000 ---p 00108000 fc:00 13636004                   /lib/x86_64-linux-gnu/libm-2.23.so
7ff8f1bd6000-7ff8f1bd7000 r--p 00107000 fc:00 13636004                   /lib/x86_64-linux-gnu/libm-2.23.so
7ff8f1bd7000-7ff8f1bd8000 rw-p 00108000 fc:00 13636004                   /lib/x86_64-linux-gnu/libm-2.23.so
7ff8f1bd8000-7ff8f2827000 r-xp 00000000 fc:00 13243293                   /usr/lib/jvm/java-8-openjdk-amd64/jre/lib/amd64/server/libjvm.so
7ff8f2827000-7ff8f2a26000 ---p 00c4f000 fc:00 13243293                   /usr/lib/jvm/java-8-openjdk-amd64/jre/lib/amd64/server/libjvm.so
7ff8f2a26000-7ff8f2ab9000 r--p 00c4e000 fc:00 13243293                   /usr/lib/jvm/java-8-openjdk-amd64/jre/lib/amd64/server/libjvm.so
7ff8f2ab9000-7ff8f2ae2000 rw-p 00ce1000 fc:00 13243293                   /usr/lib/jvm/java-8-openjdk-amd64/jre/lib/amd64/server/libjvm.so
7ff8f2ae2000-7ff8f2b12000 rw-p 00000000 00:00 0 
7ff8f2b12000-7ff8f2b19000 r-xp 00000000 fc:00 13110477                   /usr/lib/x86_64-linux-gnu/libSDL2_ttf-2.0.so.0.14.0
7ff8f2b19000-7ff8f2d18000 ---p 00007000 fc:00 13110477                   /usr/lib/x86_64-linux-gnu/libSDL2_ttf-2.0.so.0.14.0
7ff8f2d18000-7ff8f2d19000 r--p 00006000 fc:00 13110477                   /usr/lib/x86_64-linux-gnu/libSDL2_ttf-2.0.so.0.14.0
7ff8f2d19000-7ff8f2d1a000 rw-p 00007000 fc:00 13110477                   /usr/lib/x86_64-linux-gnu/libSDL2_ttf-2.0.so.0.14.0
7ff8f2d1a000-7ff8f2e21000 r-xp 00000000 fc:00 13110415                   /usr/lib/x86_64-linux-gnu/libSDL2-2.0.so.0.4.0
7ff8f2e21000-7ff8f3021000 ---p 00107000 fc:00 13110415                   /usr/lib/x86_64-linux-gnu/libSDL2-2.0.so.0.4.0
7ff8f3021000-7ff8f3025000 r--p 00107000 fc:00 13110415                   /usr/lib/x86_64-linux-gnu/libSDL2-2.0.so.0.4.0
7ff8f3025000-7ff8f3029000 rw-p 0010b000 fc:00 13110415                   /usr/lib/x86_64-linux-gnu/libSDL2-2.0.so.0.4.0
7ff8f3029000-7ff8f302d000 rw-p 00000000 00:00 0 
7ff8f302d000-7ff8f306a000 r-xp 00000000 fc:00 13110278                   /usr/lib/x86_64-linux-gnu/libgslcblas.so.0.0.0
7ff8f306a000-7ff8f3269000 ---p 0003d000 fc:00 13110278                   /usr/lib/x86_64-linux-gnu/libgslcblas.so.0.0.0
7ff8f3269000-7ff8f326a000 r--p 0003c000 fc:00 13110278                   /usr/lib/x86_64-linux-gnu/libgslcblas.so.0.0.0
7ff8f326a000-7ff8f326b000 rw-p 0003d000 fc:00 13110278                   /usr/lib/x86_64-linux-gnu/libgslcblas.so.0.0.0
7ff8f326b000-7ff8f3499000 r-xp 00000000 fc:00 13110276                   /usr/lib/x86_64-linux-gnu/libgsl.so.19.0.0
7ff8f3499000-7ff8f3698000 ---p 0022e000 fc:00 13110276                   /usr/lib/x86_64-linux-gnu/libgsl.so.19.0.0
7ff8f3698000-7ff8f369b000 r--p 0022d000 fc:00 13110276                   /usr/lib/x86_64-linux-gnu/libgsl.so.19.0.0
7ff8f369b000-7ff8f36a9000 rw-p 00230000 fc:00 13110276                   /usr/lib/x86_64-linux-gnu/libgsl.so.19.0.0
7ff8f36a9000-7ff8f36aa000 rw-p 00000000 00:00 0 
7ff8f36aa000-7ff8f3859000 r-xp 00000000 fc:00 13116505                   /usr/lib/x86_64-linux-gnu/libxml2.so.2.9.3
7ff8f3859000-7ff8f3a59000 ---p 001af000 fc:00 13116505                   /usr/lib/x86_64-linux-gnu/libxml2.so.2.9.3
7ff8f3a59000-7ff8f3a61000 r--p 001af000 fc:00 13116505                   /usr/lib/x86_64-linux-gnu/libxml2.so.2.9.3
7ff8f3a61000-7ff8f3a63000 rw-p 001b7000 fc:00 13116505                   /usr/lib/x86_64-linux-gnu/libxml2.so.2.9.3
7ff8f3a63000-7ff8f3a64000 rw-p 00000000 00:00 0 
7ff8f3a64000-7ff8f3a8a000 r-xp 00000000 fc:00 13635906                   /lib/x86_64-linux-gnu/ld-2.23.so
7ff8f3a8a000-7ff8f3a8b000 r--s 0000a000 fc:00 13371711                   /usr/lib/jvm/java-8-openjdk-amd64/jre/lib/ext/jaccess.jar
7ff8f3a8b000-7ff8f3a8e000 r--s 0000f000 fc:00 13372864                   /usr/lib/jvm/java-8-openjdk-amd64/jre/lib/ext/icedtea-sound.jar
7ff8f3a8e000-7ff8f3bd7000 rw-p 00000000 00:00 0 
7ff8f3bd7000-7ff8f3c57000 r-xp 00000000 fc:00 13632177                   /lib/x86_64-linux-gnu/libsystemd.so.0.14.0
7ff8f3c57000-7ff8f3c5a000 r--p 0007f000 fc:00 13632177                   /lib/x86_64-linux-gnu/libsystemd.so.0.14.0
7ff8f3c5a000-7ff8f3c5b000 rw-p 00082000 fc:00 13632177                   /lib/x86_64-linux-gnu/libsystemd.so.0.14.0
7ff8f3c5b000-7ff8f3c6b000 rw-p 00000000 00:00 0 
7ff8f3c6b000-7ff8f3c6d000 r--s 00008000 fc:00 13372357                   /usr/lib/jvm/java-8-openjdk-amd64/jre/lib/ext/sunec.jar
7ff8f3c6d000-7ff8f3c77000 r--s 00116000 fc:00 13372358                   /usr/lib/jvm/java-8-openjdk-amd64/jre/lib/ext/localedata.jar
7ff8f3c77000-7ff8f3c79000 r--s 00001000 fc:00 13372865                   /usr/lib/jvm/java-8-openjdk-amd64/jre/lib/ext/dnsns.jar
7ff8f3c79000-7ff8f3c7d000 r--s 00037000 fc:00 13371710                   /usr/lib/jvm/java-8-openjdk-amd64/jre/lib/ext/sunpkcs11.jar
7ff8f3c7d000-7ff8f3c85000 rw-s 00000000 fc:00 10485775                   /tmp/hsperfdata_louis/7047
7ff8f3c85000-7ff8f3c86000 rw-p 00000000 00:00 0 
7ff8f3c86000-7ff8f3c87000 r--p 00000000 00:00 0 
7ff8f3c87000-7ff8f3c89000 rw-p 00000000 00:00 0 
7ff8f3c89000-7ff8f3c8a000 r--p 00025000 fc:00 13635906                   /lib/x86_64-linux-gnu/ld-2.23.so
7ff8f3c8a000-7ff8f3c8b000 rw-p 00026000 fc:00 13635906                   /lib/x86_64-linux-gnu/ld-2.23.so
7ff8f3c8b000-7ff8f3c8c000 rw-p 00000000 00:00 0 
7ffff9c47000-7ffff9c4a000 ---p 00000000 00:00 0 
7ffff9c4b000-7ffff9d47000 rw-p 00000000 00:00 0                          [stack]
7ffff9d7a000-7ffff9d7c000 r--p 00000000 00:00 0                          [vvar]
7ffff9d7c000-7ffff9d7e000 r-xp 00000000 00:00 0                          [vdso]
ffffffffff600000-ffffffffff601000 r-xp 00000000 00:00 0                  [vsyscall]

VM Arguments:
jvm_args: -Djava.library.path=/usr/lib/jni 
java_command: <unknown>
java_class_path (initial): /home/louis/Documents/Robotics/MICRO_MobileRobots/m454_project/mbsysCopy/mbs_common/mbs_realtime/../../mbsyspad/MBsysPad.jar
Launcher Type: generic

Environment Variables:
PATH=/home/louis/bin:/home/louis/.local/bin:/usr/local/sbin:/usr/local/bin:/usr/sbin:/usr/bin:/sbin:/bin:/usr/games:/usr/local/games:/snap/bin
SHELL=/bin/bash
DISPLAY=:0

Signal Handlers:
SIGSEGV: [libjvm.so+0xa65880], sa_mask[0]=11111111011111111101111111111110, sa_flags=SA_RESTART|SA_SIGINFO
SIGBUS: [libjvm.so+0xa65880], sa_mask[0]=11111111011111111101111111111110, sa_flags=SA_RESTART|SA_SIGINFO
SIGFPE: [libjvm.so+0x8af1c0], sa_mask[0]=11111111011111111101111111111110, sa_flags=SA_RESTART|SA_SIGINFO
SIGPIPE: [libjvm.so+0x8af1c0], sa_mask[0]=11111111011111111101111111111110, sa_flags=SA_RESTART|SA_SIGINFO
SIGXFSZ: [libjvm.so+0x8af1c0], sa_mask[0]=11111111011111111101111111111110, sa_flags=SA_RESTART|SA_SIGINFO
SIGILL: [libjvm.so+0x8af1c0], sa_mask[0]=11111111011111111101111111111110, sa_flags=SA_RESTART|SA_SIGINFO
SIGUSR1: SIG_DFL, sa_mask[0]=00000000000000000000000000000000, sa_flags=none
SIGUSR2: [libjvm.so+0x8af070], sa_mask[0]=00000000000000000000000000000000, sa_flags=SA_RESTART|SA_SIGINFO
SIGHUP: [libjvm.so+0x8af540], sa_mask[0]=11111111011111111101111111111110, sa_flags=SA_RESTART|SA_SIGINFO
SIGINT: [libjvm.so+0x8af540], sa_mask[0]=11111111011111111101111111111110, sa_flags=SA_RESTART|SA_SIGINFO
SIGTERM: [libjvm.so+0x8af540], sa_mask[0]=11111111011111111101111111111110, sa_flags=SA_RESTART|SA_SIGINFO
SIGQUIT: [libjvm.so+0x8af540], sa_mask[0]=11111111011111111101111111111110, sa_flags=SA_RESTART|SA_SIGINFO


---------------  S Y S T E M  ---------------

OS:DISTRIB_ID=Ubuntu
DISTRIB_RELEASE=16.04
DISTRIB_CODENAME=xenial
DISTRIB_DESCRIPTION="Ubuntu 16.04.1 LTS"

uname:Linux 4.4.0-47-generic #68-Ubuntu SMP Wed Oct 26 19:39:52 UTC 2016 x86_64
libc:glibc 2.23 NPTL 2.23 
rlimit: STACK 8192k, CORE 0k, NPROC 23394, NOFILE 65536, AS infinity
load average:0.28 0.26 0.27

/proc/meminfo:
MemTotal:        6030368 kB
MemFree:         3556716 kB
MemAvailable:    4246644 kB
Buffers:           72460 kB
Cached:          1162528 kB
SwapCached:            0 kB
Active:          1435824 kB
Inactive:         849692 kB
Active(anon):    1054380 kB
Inactive(anon):   358920 kB
Active(file):     381444 kB
Inactive(file):   490772 kB
Unevictable:          32 kB
Mlocked:              32 kB
SwapTotal:       6209532 kB
SwapFree:        6209532 kB
Dirty:               196 kB
Writeback:             0 kB
AnonPages:       1050800 kB
Mapped:           299564 kB
Shmem:            362628 kB
Slab:              88892 kB
SReclaimable:      58028 kB
SUnreclaim:        30864 kB
KernelStack:        7344 kB
PageTables:        31636 kB
NFS_Unstable:          0 kB
Bounce:                0 kB
WritebackTmp:          0 kB
CommitLimit:     9224716 kB
Committed_AS:    4419468 kB
VmallocTotal:   34359738367 kB
VmallocUsed:           0 kB
VmallocChunk:          0 kB
HardwareCorrupted:     0 kB
AnonHugePages:    655360 kB
CmaTotal:              0 kB
CmaFree:               0 kB
HugePages_Total:       0
HugePages_Free:        0
HugePages_Rsvd:        0
HugePages_Surp:        0
Hugepagesize:       2048 kB
DirectMap4k:      136400 kB
DirectMap2M:     3977216 kB
DirectMap1G:     3145728 kB


CPU:total 2 (2 cores per cpu, 1 threads per core) family 6 model 60 stepping 3, cmov, cx8, fxsr, mmx, sse, sse2, sse3, ssse3, sse4.1, sse4.2, popcnt, clmul, erms, lzcnt, tsc, tscinvbit

/proc/cpuinfo:
processor	: 0
vendor_id	: GenuineIntel
cpu family	: 6
model		: 60
model name	: Intel(R) Celeron(R) CPU 2970M @ 2.20GHz
stepping	: 3
microcode	: 0x17
cpu MHz		: 2200.000
cache size	: 2048 KB
physical id	: 0
siblings	: 2
core id		: 0
cpu cores	: 2
apicid		: 0
initial apicid	: 0
fpu		: yes
fpu_exception	: yes
cpuid level	: 13
wp		: yes
flags		: fpu vme de pse tsc msr pae mce cx8 apic sep mtrr pge mca cmov pat pse36 clflush dts acpi mmx fxsr sse sse2 ss ht tm pbe syscall nx pdpe1gb rdtscp lm constant_tsc arch_perfmon pebs bts rep_good nopl xtopology nonstop_tsc aperfmperf eagerfpu pni pclmulqdq dtes64 monitor ds_cpl vmx est tm2 ssse3 sdbg cx16 xtpr pdcm pcid sse4_1 sse4_2 movbe popcnt tsc_deadline_timer xsave rdrand lahf_lm abm epb tpr_shadow vnmi flexpriority ept vpid fsgsbase tsc_adjust erms invpcid xsaveopt dtherm arat pln pts
bugs		:
bogomips	: 4390.10
clflush size	: 64
cache_alignment	: 64
address sizes	: 39 bits physical, 48 bits virtual
power management:

processor	: 1
vendor_id	: GenuineIntel
cpu family	: 6
model		: 60
model name	: Intel(R) Celeron(R) CPU 2970M @ 2.20GHz
stepping	: 3
microcode	: 0x17
cpu MHz		: 2200.000
cache size	: 2048 KB
physical id	: 0
siblings	: 2
core id		: 1
cpu cores	: 2
apicid		: 2
initial apicid	: 2
fpu		: yes
fpu_exception	: yes
cpuid level	: 13
wp		: yes
flags		: fpu vme de pse tsc msr pae mce cx8 apic sep mtrr pge mca cmov pat pse36 clflush dts acpi mmx fxsr sse sse2 ss ht tm pbe syscall nx pdpe1gb rdtscp lm constant_tsc arch_perfmon pebs bts rep_good nopl xtopology nonstop_tsc aperfmperf eagerfpu pni pclmulqdq dtes64 monitor ds_cpl vmx est tm2 ssse3 sdbg cx16 xtpr pdcm pcid sse4_1 sse4_2 movbe popcnt tsc_deadline_timer xsave rdrand lahf_lm abm epb tpr_shadow vnmi flexpriority ept vpid fsgsbase tsc_adjust erms invpcid xsaveopt dtherm arat pln pts
bugs		:
bogomips	: 4390.10
clflush size	: 64
cache_alignment	: 64
address sizes	: 39 bits physical, 48 bits virtual
power management:



Memory: 4k page, physical 6030368k(3556716k free), swap 6209532k(6209532k free)

vm_info: OpenJDK 64-Bit Server VM (25.111-b14) for linux-amd64 JRE (1.8.0_111-8u111-b14-2ubuntu0.16.04.2-b14), built on Oct 27 2016 18:10:19 by "buildd" with gcc 5.4.0 20160609

time: Wed Nov 16 09:11:52 2016
elapsed time: 2 seconds (0d 0h 0m 2s)

