#
# A fatal error has been detected by the Java Runtime Environment:
#
#  SIGSEGV (0xb) at pc=0x000000000045e66b, pid=6778, tid=0x00007fccc19538c0
#
# JRE version: OpenJDK Runtime Environment (8.0_111-b14) (build 1.8.0_111-8u111-b14-2ubuntu0.16.04.2-b14)
# Java VM: OpenJDK 64-Bit Server VM (25.111-b14 mixed mode linux-amd64 compressed oops)
# Problematic frame:
# C  [exe_projectRobotran+0x5e66b]  ctrlGr4::SearchGraph::_graphInit()+0x75b
#
# Failed to write core dump. Core dumps have been disabled. To enable core dumping, try "ulimit -c unlimited" before starting Java again
#
# If you would like to submit a bug report, please visit:
#   http://bugreport.java.com/bugreport/crash.jsp
# The crash happened outside the Java Virtual Machine in native code.
# See problematic frame for where to report the bug.
#

---------------  T H R E A D  ---------------

Current thread (0x0000000000eb3000):  JavaThread "main" [_thread_in_native, id=6778, stack(0x00007ffd07d4c000,0x00007ffd07e4c000)]

siginfo: si_signo: 11 (SIGSEGV), si_code: 1 (SEGV_MAPERR), si_addr: 0x0000000000000008

Registers:
RAX=0x00007ffd07e498a8, RBX=0x0000000000000000, RCX=0x0000000000000004, RDX=0x0000000000000002
RSP=0x00007ffd07e49820, RBP=0x000000000000001f, RSI=0x0000000000471a88, RDI=0x00007ffd07e498b8
R8 =0x0000000000000002, R9 =0x0000000000000006, R10=0x0000000000471629, R11=0x0000000000000000
R12=0x00007ffd07e49940, R13=0x00007ffd07e49968, R14=0x0000000000000000, R15=0x0000000000000000
RIP=0x000000000045e66b, EFLAGS=0x0000000000010202, CSGSFS=0xbfe0000000000033, ERR=0x0000000000000004
  TRAPNO=0x000000000000000e

Top of Stack: (sp=0x00007ffd07e49820)
0x00007ffd07e49820:   00000000004716a8 0000000000000000
0x00007ffd07e49830:   0000000000000000 00007ffd07e49878
0x00007ffd07e49840:   00007ffd07e498b8 0000000000000000
0x00007ffd07e49850:   0000000066666666 00007fccbecf9d80
0x00007ffd07e49860:   00000000004716a8 00007ffd07e49878
0x00007ffd07e49870:   0000000000000002 00006a624f007450
0x00007ffd07e49880:   0000000000000053 bfc3333333333333
0x00007ffd07e49890:   0000000000000000 0000000000000000
0x00007ffd07e498a0:   0000000000471b40 00007ffd07e498b8
0x00007ffd07e498b0:   0000000000000002 00006a624f007450
0x00007ffd07e498c0:   00007ffd07e49930 bfee666666666667
0x00007ffd07e498d0:   3ff8ccccccccccd0 e42cfc2576648600
0x00007ffd07e498e0:   ffff8002f81b66d1 00007ffd07e49940
0x00007ffd07e498f0:   00007ffd07e49948 0000000001643ef0
0x00007ffd07e49900:   0000000001643ba0 0000000000ea40d0
0x00007ffd07e49910:   0000000000000000 000000000045ea6c
0x00007ffd07e49920:   00000000017a43a0 0000000001643cd0
0x00007ffd07e49930:   0000000001643ef0 000000000045db4a
0x00007ffd07e49940:   00000000004716d0 0000000001643fc0
0x00007ffd07e49950:   0000000001644020 0000000001644020
0x00007ffd07e49960:   0000000000000004 0000000000000000
0x00007ffd07e49970:   0000000001652880 00000000016669b0
0x00007ffd07e49980:   0000000001666970 000000000000028c
0x00007ffd07e49990:   000000000000028b e42cfc2576648600
0x00007ffd07e499a0:   00000000016435a0 000000000045afcd
0x00007ffd07e499b0:   0000000001643c90 0000000000000000
0x00007ffd07e499c0:   0000000001643c90 0000000000000000
0x00007ffd07e499d0:   0000000000000000 000000000045436b
0x00007ffd07e499e0:   0000000000000000 0000000001643c90
0x00007ffd07e499f0:   0000000000000000 00000000004402ca
0x00007ffd07e49a00:   0000000001643bd0 0000000000000000
0x00007ffd07e49a10:   0000000000ea4380 0000000000441f82 

Instructions: (pc=0x000000000045e66b)
0x000000000045e64b:   24 48 01 4c 89 c6 48 8b 46 28 48 8d bc 24 80 00
0x000000000045e65b:   00 00 f2 0f 10 48 08 f2 0f 10 00 e8 35 3a 00 00
0x000000000045e66b:   f2 41 0f 10 4e 08 48 8d 7c 24 40 f2 41 0f 10 06
0x000000000045e67b:   e8 20 3a 00 00 48 8d b4 24 80 00 00 00 48 8d 7c 

Register to memory mapping:

RAX=0x00007ffd07e498a8 is pointing into the stack for thread: 0x0000000000eb3000
RBX=0x0000000000000000 is an unknown value
RCX=0x0000000000000004 is an unknown value
RDX=0x0000000000000002 is an unknown value
RSP=0x00007ffd07e49820 is pointing into the stack for thread: 0x0000000000eb3000
RBP=0x000000000000001f is an unknown value
RSI=0x0000000000471a88: <offset 0x71a88> in ./exe_projectRobotran at 0x0000000000400000
RDI=0x00007ffd07e498b8 is pointing into the stack for thread: 0x0000000000eb3000
R8 =0x0000000000000002 is an unknown value
R9 =0x0000000000000006 is an unknown value
R10=0x0000000000471629: <offset 0x71629> in ./exe_projectRobotran at 0x0000000000400000
R11=0x0000000000000000 is an unknown value
R12=0x00007ffd07e49940 is pointing into the stack for thread: 0x0000000000eb3000
R13=0x00007ffd07e49968 is pointing into the stack for thread: 0x0000000000eb3000
R14=0x0000000000000000 is an unknown value
R15=0x0000000000000000 is an unknown value


Stack: [0x00007ffd07d4c000,0x00007ffd07e4c000],  sp=0x00007ffd07e49820,  free space=1014k
Native frames: (J=compiled Java code, j=interpreted, Vv=VM code, C=native code)
C  [exe_projectRobotran+0x5e66b]  ctrlGr4::SearchGraph::_graphInit()+0x75b


---------------  P R O C E S S  ---------------

Java Threads: ( => current thread )
  0x00000000017c0800 JavaThread "J3D-InputDeviceScheduler-1" [_thread_blocked, id=6819, stack(0x00007fcc5bbfc000,0x00007fcc5bcfd000)]
  0x00000000017f7800 JavaThread "J3D-SoundSchedulerUpdateThread-1" [_thread_blocked, id=6818, stack(0x00007fcc5bcfd000,0x00007fcc5bdfe000)]
  0x00000000017dc800 JavaThread "J3D-RenderStructureUpdateThread-1" [_thread_in_vm, id=6817, stack(0x00007fcc5bdfe000,0x00007fcc5beff000)]
  0x00000000017fa000 JavaThread "J3D-BehaviorScheduler-1" [_thread_blocked, id=6816, stack(0x00007fcc5beff000,0x00007fcc5c000000)]
  0x00000000017fb000 JavaThread "J3D-TransformStructureUpdateThread-1" [_thread_blocked, id=6815, stack(0x00007fcc6c0a1000,0x00007fcc6c1a2000)]
  0x00000000017dd800 JavaThread "J3D-RenderingEnvironmentStructureUpdateThread-1" [_thread_blocked, id=6814, stack(0x00007fcc6c1a2000,0x00007fcc6c2a3000)]
  0x00000000017c9000 JavaThread "J3D-SoundStructureUpdateThread-1" [_thread_blocked, id=6813, stack(0x00007fcc6c2a3000,0x00007fcc6c3a4000)]
  0x00000000017c3000 JavaThread "J3D-GeometryStructureUpdateThread-1" [_thread_blocked, id=6812, stack(0x00007fcc6c3a4000,0x00007fcc6c4a5000)]
  0x00000000014d1000 JavaThread "J3D-BehaviorStructureUpdateThread-1" [_thread_blocked, id=6811, stack(0x00007fcc6c4a5000,0x00007fcc6c5a6000)]
  0x00000000013d7000 JavaThread "Image Fetcher 1" daemon [_thread_blocked, id=6800, stack(0x00007fcc6d30a000,0x00007fcc6d40b000)]
  0x0000000001369000 JavaThread "Image Fetcher 0" daemon [_thread_blocked, id=6799, stack(0x00007fcc6d40b000,0x00007fcc6d50c000)]
  0x00000000013ca800 JavaThread "AWT-EventQueue-0" [_thread_blocked, id=6798, stack(0x00007fcc6d50c000,0x00007fcc6d60d000)]
  0x00000000013c9000 JavaThread "AWT-Shutdown" [_thread_blocked, id=6797, stack(0x00007fcc6d60d000,0x00007fcc6d70e000)]
  0x0000000001379000 JavaThread "Timer-0" daemon [_thread_blocked, id=6796, stack(0x00007fcc6d90e000,0x00007fcc6da0f000)]
  0x0000000001356000 JavaThread "J3D-Renderer-1" [_thread_in_Java, id=6795, stack(0x00007fcc6ea98000,0x00007fcc6eb99000)]
  0x00000000013d5800 JavaThread "J3D-MasterControl-1" [_thread_blocked, id=6794, stack(0x00007fcc6eb99000,0x00007fcc6ec9a000)]
  0x00000000013d4800 JavaThread "J3D-NotificationThread" [_thread_blocked, id=6793, stack(0x00007fcc6ec9a000,0x00007fcc6ed9b000)]
  0x00000000013d2000 JavaThread "J3D-TimerThread" [_thread_blocked, id=6792, stack(0x00007fcc6ed9b000,0x00007fcc6ee9c000)]
  0x000000000135b000 JavaThread "J3D-RenderingAttributesStructureUpdateThread" [_thread_blocked, id=6791, stack(0x00007fcc6ee9c000,0x00007fcc6ef9d000)]
  0x0000000001129800 JavaThread "AWT-XAWT" daemon [_thread_in_native, id=6790, stack(0x00007fcc9d215000,0x00007fcc9d316000)]
  0x0000000001108800 JavaThread "Java2D Disposer" daemon [_thread_blocked, id=6789, stack(0x00007fcc9d316000,0x00007fcc9d417000)]
  0x0000000000f86000 JavaThread "Service Thread" daemon [_thread_blocked, id=6787, stack(0x00007fcc9df04000,0x00007fcc9e005000)]
  0x0000000000f7e000 JavaThread "C1 CompilerThread1" daemon [_thread_in_vm, id=6786, stack(0x00007fcc9e005000,0x00007fcc9e106000)]
  0x0000000000f7b000 JavaThread "C2 CompilerThread0" daemon [_thread_blocked, id=6785, stack(0x00007fcc9e106000,0x00007fcc9e207000)]
  0x0000000000f79000 JavaThread "Signal Dispatcher" daemon [_thread_blocked, id=6784, stack(0x00007fcc9e207000,0x00007fcc9e308000)]
  0x0000000000f50800 JavaThread "Finalizer" daemon [_thread_blocked, id=6783, stack(0x00007fcc9ecc7000,0x00007fcc9edc8000)]
  0x0000000000f4c000 JavaThread "Reference Handler" daemon [_thread_blocked, id=6782, stack(0x00007fcc9edc8000,0x00007fcc9eec9000)]
=>0x0000000000eb3000 JavaThread "main" [_thread_in_native, id=6778, stack(0x00007ffd07d4c000,0x00007ffd07e4c000)]

Other Threads:
  0x0000000000f44800 VMThread [stack: 0x00007fcc9eec9000,0x00007fcc9efca000] [id=6781]
  0x0000000000f88000 WatcherThread [stack: 0x00007fcc9de03000,0x00007fcc9df04000] [id=6788]

VM state:not at safepoint (normal execution)

VM Mutex/Monitor currently owned by a thread: None

Heap:
 PSYoungGen      total 111616K, used 36313K [0x00000000e1500000, 0x00000000e9000000, 0x0000000100000000)
  eden space 98304K, 28% used [0x00000000e1500000,0x00000000e304caf0,0x00000000e7500000)
  from space 13312K, 62% used [0x00000000e8300000,0x00000000e8b29c20,0x00000000e9000000)
  to   space 13824K, 0% used [0x00000000e7500000,0x00000000e7500000,0x00000000e8280000)
 ParOldGen       total 64512K, used 26356K [0x00000000a3e00000, 0x00000000a7d00000, 0x00000000e1500000)
  object space 64512K, 40% used [0x00000000a3e00000,0x00000000a57bd0d0,0x00000000a7d00000)
 Metaspace       used 20496K, capacity 20662K, committed 20864K, reserved 1067008K
  class space    used 2284K, capacity 2354K, committed 2432K, reserved 1048576K

Card table byte_map: [0x00007fcca38e0000,0x00007fcca3bc2000] byte_map_base: 0x00007fcca33c1000

Marking Bits: (ParMarkBitMap*) 0x00007fccc087d220
 Begin Bits: [0x00007fcca06e2000, 0x00007fcca1dea000)
 End Bits:   [0x00007fcca1dea000, 0x00007fcca34f2000)

Polling page: 0x00007fccc1a0e000

CodeCache: size=245760Kb used=6745Kb max_used=6756Kb free=239014Kb
 bounds [0x00007fcca3f82000, 0x00007fcca4622000, 0x00007fccb2f82000]
 total_blobs=2627 nmethods=1923 adapters=619
 compilation: enabled

Compilation events (10 events):
Event: 2.696 Thread 0x0000000000f7b000 1900       4       javax.media.j3d.NodeRetained::getCurrentLocalToVworld (16 bytes)
Event: 2.698 Thread 0x0000000000f7b000 nmethod 1900 0x00007fcca460e8d0 code [0x00007fcca460ea40, 0x00007fcca460eb98]
Event: 2.700 Thread 0x0000000000f7e000 nmethod 1928 0x00007fcca4615450 code [0x00007fcca4615b60, 0x00007fcca461b6e8]
Event: 2.700 Thread 0x0000000000f7e000 1931       1       javax.media.j3d.Pipeline::getPipelineType (5 bytes)
Event: 2.700 Thread 0x0000000000f7e000 nmethod 1931 0x00007fcca460e610 code [0x00007fcca460e760, 0x00007fcca460e870]
Event: 2.700 Thread 0x0000000000f7e000 1935       3       javax.media.j3d.Pipeline::getPipeline (4 bytes)
Event: 2.700 Thread 0x0000000000f7e000 nmethod 1935 0x00007fcca460e310 code [0x00007fcca460e460, 0x00007fcca460e590]
Event: 2.700 Thread 0x0000000000f7e000 1930   !   3       javax.media.j3d.Renderer::doWork (6488 bytes)
Event: 2.718 Thread 0x0000000000f7b000 1943       4       javax.media.j3d.IndexedObject::<init> (5 bytes)
Event: 2.719 Thread 0x0000000000f7b000 nmethod 1943 0x00007fcca460e110 code [0x00007fcca460e260, 0x00007fcca460e2b8]

GC Heap History (10 events):
Event: 1.147 GC heap before
{Heap before GC invocations=2 (full 0):
 PSYoungGen      total 28160K, used 28128K [0x00000000e1500000, 0x00000000e3400000, 0x0000000100000000)
  eden space 24576K, 100% used [0x00000000e1500000,0x00000000e2d00000,0x00000000e2d00000)
  from space 3584K, 99% used [0x00000000e2d00000,0x00000000e3078030,0x00000000e3080000)
  to   space 3584K, 0% used [0x00000000e3080000,0x00000000e3080000,0x00000000e3400000)
 ParOldGen       total 64512K, used 2174K [0x00000000a3e00000, 0x00000000a7d00000, 0x00000000e1500000)
  object space 64512K, 3% used [0x00000000a3e00000,0x00000000a401fb90,0x00000000a7d00000)
 Metaspace       used 17215K, capacity 17422K, committed 17792K, reserved 1064960K
  class space    used 1972K, capacity 2054K, committed 2176K, reserved 1048576K
Event: 1.162 GC heap after
Heap after GC invocations=2 (full 0):
 PSYoungGen      total 28160K, used 3582K [0x00000000e1500000, 0x00000000e4c00000, 0x0000000100000000)
  eden space 24576K, 0% used [0x00000000e1500000,0x00000000e1500000,0x00000000e2d00000)
  from space 3584K, 99% used [0x00000000e3080000,0x00000000e33ffb00,0x00000000e3400000)
  to   space 3584K, 0% used [0x00000000e2d00000,0x00000000e2d00000,0x00000000e3080000)
 ParOldGen       total 64512K, used 5430K [0x00000000a3e00000, 0x00000000a7d00000, 0x00000000e1500000)
  object space 64512K, 8% used [0x00000000a3e00000,0x00000000a434da80,0x00000000a7d00000)
 Metaspace       used 17215K, capacity 17422K, committed 17792K, reserved 1064960K
  class space    used 1972K, capacity 2054K, committed 2176K, reserved 1048576K
}
Event: 1.263 GC heap before
{Heap before GC invocations=3 (full 0):
 PSYoungGen      total 28160K, used 28158K [0x00000000e1500000, 0x00000000e4c00000, 0x0000000100000000)
  eden space 24576K, 100% used [0x00000000e1500000,0x00000000e2d00000,0x00000000e2d00000)
  from space 3584K, 99% used [0x00000000e3080000,0x00000000e33ffb00,0x00000000e3400000)
  to   space 3584K, 0% used [0x00000000e2d00000,0x00000000e2d00000,0x00000000e3080000)
 ParOldGen       total 64512K, used 5430K [0x00000000a3e00000, 0x00000000a7d00000, 0x00000000e1500000)
  object space 64512K, 8% used [0x00000000a3e00000,0x00000000a434da80,0x00000000a7d00000)
 Metaspace       used 17230K, capacity 17422K, committed 17792K, reserved 1064960K
  class space    used 1972K, capacity 2054K, committed 2176K, reserved 1048576K
Event: 1.276 GC heap after
Heap after GC invocations=3 (full 0):
 PSYoungGen      total 28160K, used 3568K [0x00000000e1500000, 0x00000000e4c00000, 0x0000000100000000)
  eden space 24576K, 0% used [0x00000000e1500000,0x00000000e1500000,0x00000000e2d00000)
  from space 3584K, 99% used [0x00000000e2d00000,0x00000000e307c2b0,0x00000000e3080000)
  to   space 3584K, 0% used [0x00000000e4880000,0x00000000e4880000,0x00000000e4c00000)
 ParOldGen       total 64512K, used 9836K [0x00000000a3e00000, 0x00000000a7d00000, 0x00000000e1500000)
  object space 64512K, 15% used [0x00000000a3e00000,0x00000000a479b2a8,0x00000000a7d00000)
 Metaspace       used 17230K, capacity 17422K, committed 17792K, reserved 1064960K
  class space    used 1972K, capacity 2054K, committed 2176K, reserved 1048576K
}
Event: 1.440 GC heap before
{Heap before GC invocations=4 (full 0):
 PSYoungGen      total 28160K, used 28144K [0x00000000e1500000, 0x00000000e4c00000, 0x0000000100000000)
  eden space 24576K, 100% used [0x00000000e1500000,0x00000000e2d00000,0x00000000e2d00000)
  from space 3584K, 99% used [0x00000000e2d00000,0x00000000e307c2b0,0x00000000e3080000)
  to   space 3584K, 0% used [0x00000000e4880000,0x00000000e4880000,0x00000000e4c00000)
 ParOldGen       total 64512K, used 9836K [0x00000000a3e00000, 0x00000000a7d00000, 0x00000000e1500000)
  object space 64512K, 15% used [0x00000000a3e00000,0x00000000a479b2a8,0x00000000a7d00000)
 Metaspace       used 18136K, capacity 18360K, committed 18688K, reserved 1064960K
  class space    used 2081K, capacity 2189K, committed 2304K, reserved 1048576K
Event: 1.457 GC heap after
Heap after GC invocations=4 (full 0):
 PSYoungGen      total 52736K, used 3553K [0x00000000e1500000, 0x00000000e4c00000, 0x0000000100000000)
  eden space 49152K, 0% used [0x00000000e1500000,0x00000000e1500000,0x00000000e4500000)
  from space 3584K, 99% used [0x00000000e4880000,0x00000000e4bf87f0,0x00000000e4c00000)
  to   space 3584K, 0% used [0x00000000e4500000,0x00000000e4500000,0x00000000e4880000)
 ParOldGen       total 64512K, used 16879K [0x00000000a3e00000, 0x00000000a7d00000, 0x00000000e1500000)
  object space 64512K, 26% used [0x00000000a3e00000,0x00000000a4e7bcc0,0x00000000a7d00000)
 Metaspace       used 18136K, capacity 18360K, committed 18688K, reserved 1064960K
  class space    used 2081K, capacity 2189K, committed 2304K, reserved 1048576K
}
Event: 1.738 GC heap before
{Heap before GC invocations=5 (full 0):
 PSYoungGen      total 52736K, used 52705K [0x00000000e1500000, 0x00000000e4c00000, 0x0000000100000000)
  eden space 49152K, 100% used [0x00000000e1500000,0x00000000e4500000,0x00000000e4500000)
  from space 3584K, 99% used [0x00000000e4880000,0x00000000e4bf87f0,0x00000000e4c00000)
  to   space 3584K, 0% used [0x00000000e4500000,0x00000000e4500000,0x00000000e4880000)
 ParOldGen       total 64512K, used 16879K [0x00000000a3e00000, 0x00000000a7d00000, 0x00000000e1500000)
  object space 64512K, 26% used [0x00000000a3e00000,0x00000000a4e7bcc0,0x00000000a7d00000)
 Metaspace       used 18442K, capacity 18704K, committed 18944K, reserved 1067008K
  class space    used 2095K, capacity 2191K, committed 2304K, reserved 1048576K
Event: 1.758 GC heap after
Heap after GC invocations=5 (full 0):
 PSYoungGen      total 52736K, used 3555K [0x00000000e1500000, 0x00000000e9100000, 0x0000000100000000)
  eden space 49152K, 0% used [0x00000000e1500000,0x00000000e1500000,0x00000000e4500000)
  from space 3584K, 99% used [0x00000000e4500000,0x00000000e4878ca0,0x00000000e4880000)
  to   space 14336K, 0% used [0x00000000e8300000,0x00000000e8300000,0x00000000e9100000)
 ParOldGen       total 64512K, used 26348K [0x00000000a3e00000, 0x00000000a7d00000, 0x00000000e1500000)
  object space 64512K, 40% used [0x00000000a3e00000,0x00000000a57bb0d0,0x00000000a7d00000)
 Metaspace       used 18442K, capacity 18704K, committed 18944K, reserved 1067008K
  class space    used 2095K, capacity 2191K, committed 2304K, reserved 1048576K
}
Event: 2.051 GC heap before
{Heap before GC invocations=6 (full 0):
 PSYoungGen      total 52736K, used 52707K [0x00000000e1500000, 0x00000000e9100000, 0x0000000100000000)
  eden space 49152K, 100% used [0x00000000e1500000,0x00000000e4500000,0x00000000e4500000)
  from space 3584K, 99% used [0x00000000e4500000,0x00000000e4878ca0,0x00000000e4880000)
  to   space 14336K, 0% used [0x00000000e8300000,0x00000000e8300000,0x00000000e9100000)
 ParOldGen       total 64512K, used 26348K [0x00000000a3e00000, 0x00000000a7d00000, 0x00000000e1500000)
  object space 64512K, 40% used [0x00000000a3e00000,0x00000000a57bb0d0,0x00000000a7d00000)
 Metaspace       used 18597K, capacity 18832K, committed 19200K, reserved 1067008K
  class space    used 2096K, capacity 2191K, committed 2304K, reserved 1048576K
Event: 2.065 GC heap after
Heap after GC invocations=6 (full 0):
 PSYoungGen      total 111616K, used 8359K [0x00000000e1500000, 0x00000000e9000000, 0x0000000100000000)
  eden space 98304K, 0% used [0x00000000e1500000,0x00000000e1500000,0x00000000e7500000)
  from space 13312K, 62% used [0x00000000e8300000,0x00000000e8b29c20,0x00000000e9000000)
  to   space 13824K, 0% used [0x00000000e7500000,0x00000000e7500000,0x00000000e8280000)
 ParOldGen       total 64512K, used 26356K [0x00000000a3e00000, 0x00000000a7d00000, 0x00000000e1500000)
  object space 64512K, 40% used [0x00000000a3e00000,0x00000000a57bd0d0,0x00000000a7d00000)
 Metaspace       used 18597K, capacity 18832K, committed 19200K, reserved 1067008K
  class space    used 2096K, capacity 2191K, committed 2304K, reserved 1048576K
}

Deoptimization events (10 events):
Event: 1.370 Thread 0x0000000000eb3000 Uncommon trap: reason=bimorphic action=maybe_recompile pc=0x00007fcca4370a98 method=java.util.HashMap.putVal(ILjava/lang/Object;Ljava/lang/Object;ZZ)Ljava/lang/Object; @ 91
Event: 1.405 Thread 0x0000000000eb3000 Uncommon trap: reason=null_check action=maybe_recompile pc=0x00007fcca436bf80 method=sun.misc.FloatingDecimal.readJavaFormatString(Ljava/lang/String;)Lsun/misc/FloatingDecimal$ASCIIToBinaryConverter; @ 5
Event: 1.405 Thread 0x0000000000eb3000 Uncommon trap: reason=null_check action=maybe_recompile pc=0x00007fcca436bf80 method=sun.misc.FloatingDecimal.readJavaFormatString(Ljava/lang/String;)Lsun/misc/FloatingDecimal$ASCIIToBinaryConverter; @ 5
Event: 1.406 Thread 0x0000000000eb3000 Uncommon trap: reason=unstable_if action=reinterpret pc=0x00007fcca436a628 method=java.lang.String.trim()Ljava/lang/String; @ 15
Event: 1.412 Thread 0x0000000000eb3000 Uncommon trap: reason=null_check action=maybe_recompile pc=0x00007fcca436bf80 method=sun.misc.FloatingDecimal.readJavaFormatString(Ljava/lang/String;)Lsun/misc/FloatingDecimal$ASCIIToBinaryConverter; @ 5
Event: 1.577 Thread 0x0000000000eb3000 Uncommon trap: reason=unstable_if action=reinterpret pc=0x00007fcca43c00c4 method=sun.misc.FloatingDecimal.readJavaFormatString(Ljava/lang/String;)Lsun/misc/FloatingDecimal$ASCIIToBinaryConverter; @ 327
Event: 1.717 Thread 0x0000000000eb3000 Uncommon trap: reason=unstable_if action=reinterpret pc=0x00007fcca44281a4 method=com.sun.j3d.utils.geometry.NormalGenerator.createHardEdges()I @ 352
Event: 2.327 Thread 0x0000000000eb3000 Uncommon trap: reason=class_check action=maybe_recompile pc=0x00007fcca4363778 method=java.util.HashMap.putVal(ILjava/lang/Object;Ljava/lang/Object;ZZ)Ljava/lang/Object; @ 253
Event: 2.328 Thread 0x0000000000eb3000 Uncommon trap: reason=bimorphic action=maybe_recompile pc=0x00007fcca43637a0 method=java.util.HashMap.putVal(ILjava/lang/Object;Ljava/lang/Object;ZZ)Ljava/lang/Object; @ 91
Event: 2.328 Thread 0x0000000000eb3000 Uncommon trap: reason=class_check action=maybe_recompile pc=0x00007fcca43a4f0c method=java.util.HashMap.putVal(ILjava/lang/Object;Ljava/lang/Object;ZZ)Ljava/lang/Object; @ 253

Internal exceptions (10 events):
Event: 1.670 Thread 0x0000000000eb3000 Exception <a 'java/lang/NullPointerException'> (0x00000000e40dde98) thrown at [/build/openjdk-8-8jAw7G/openjdk-8-8u111-b14/src/hotspot/src/share/vm/runtime/sharedRuntime.cpp, line 605]
Event: 1.670 Thread 0x0000000000eb3000 Implicit null exception at 0x00007fcca4400dc1 to 0x00007fcca4404270
Event: 1.670 Thread 0x0000000000eb3000 Exception <a 'java/lang/NullPointerException'> (0x00000000e40de2c0) thrown at [/build/openjdk-8-8jAw7G/openjdk-8-8u111-b14/src/hotspot/src/share/vm/runtime/sharedRuntime.cpp, line 605]
Event: 1.697 Thread 0x0000000000eb3000 Implicit null exception at 0x00007fcca4400dc1 to 0x00007fcca4404270
Event: 1.697 Thread 0x0000000000eb3000 Exception <a 'java/lang/NullPointerException'> (0x00000000e42a66e0) thrown at [/build/openjdk-8-8jAw7G/openjdk-8-8u111-b14/src/hotspot/src/share/vm/runtime/sharedRuntime.cpp, line 605]
Event: 1.697 Thread 0x0000000000eb3000 Implicit null exception at 0x00007fcca4400dc1 to 0x00007fcca4404270
Event: 1.697 Thread 0x0000000000eb3000 Exception <a 'java/lang/NullPointerException'> (0x00000000e42a69b8) thrown at [/build/openjdk-8-8jAw7G/openjdk-8-8u111-b14/src/hotspot/src/share/vm/runtime/sharedRuntime.cpp, line 605]
Event: 1.697 Thread 0x0000000000eb3000 Implicit null exception at 0x00007fcca4400dc1 to 0x00007fcca4404270
Event: 1.697 Thread 0x0000000000eb3000 Exception <a 'java/lang/NullPointerException'> (0x00000000e42a6de0) thrown at [/build/openjdk-8-8jAw7G/openjdk-8-8u111-b14/src/hotspot/src/share/vm/runtime/sharedRuntime.cpp, line 605]
Event: 2.573 Thread 0x00000000013ca800 Exception <a 'java/lang/UnsupportedOperationException': > (0x00000000e1729368) thrown at [/build/openjdk-8-8jAw7G/openjdk-8-8u111-b14/src/hotspot/src/share/vm/prims/jni.cpp, line 735]

Events (10 events):
Event: 2.633 Executing VM operation: Deoptimize
Event: 2.634 Executing VM operation: Deoptimize done
Event: 2.634 loading class javax/media/j3d/PointAttributesRetained
Event: 2.634 loading class javax/media/j3d/PointAttributesRetained done
Event: 2.634 loading class javax/media/j3d/ShaderBin
Event: 2.634 loading class javax/media/j3d/ShaderBin done
Event: 2.636 loading class javax/media/j3d/ShaderAttributeSetRetained
Event: 2.636 loading class javax/media/j3d/ShaderAttributeSetRetained done
Event: 2.675 loading class javax/media/j3d/VertexArrayRenderMethod
Event: 2.675 loading class javax/media/j3d/VertexArrayRenderMethod done


Dynamic libraries:
00400000-00482000 r-xp 00000000 fc:00 20185316                           /home/louis/Documents/Robotics/MICRO_MobileRobots/m454_project/workR/build/exe_projectRobotran
00681000-00682000 r--p 00081000 fc:00 20185316                           /home/louis/Documents/Robotics/MICRO_MobileRobots/m454_project/workR/build/exe_projectRobotran
00682000-00683000 rw-p 00082000 fc:00 20185316                           /home/louis/Documents/Robotics/MICRO_MobileRobots/m454_project/workR/build/exe_projectRobotran
00683000-00684000 rw-p 00000000 00:00 0 
00e8e000-0184f000 rw-p 00000000 00:00 0                                  [heap]
a3e00000-a7d00000 rw-p 00000000 00:00 0 
a7d00000-e1500000 ---p 00000000 00:00 0 
e1500000-e9000000 rw-p 00000000 00:00 0 
e9000000-100000000 ---p 00000000 00:00 0 
100000000-100260000 rw-p 00000000 00:00 0 
100260000-140000000 ---p 00000000 00:00 0 
7fcc5baac000-7fcc5bbfc000 rw-s 00000000 00:05 5799956                    /SYSV00000000 (deleted)
7fcc5bbfc000-7fcc5bbff000 ---p 00000000 00:00 0 
7fcc5bbff000-7fcc5bcfd000 rw-p 00000000 00:00 0 
7fcc5bcfd000-7fcc5bd00000 ---p 00000000 00:00 0 
7fcc5bd00000-7fcc5bdfe000 rw-p 00000000 00:00 0 
7fcc5bdfe000-7fcc5be01000 ---p 00000000 00:00 0 
7fcc5be01000-7fcc5beff000 rw-p 00000000 00:00 0 
7fcc5beff000-7fcc5bf02000 ---p 00000000 00:00 0 
7fcc5bf02000-7fcc5c000000 rw-p 00000000 00:00 0 
7fcc5c000000-7fcc5c021000 rw-p 00000000 00:00 0 
7fcc5c021000-7fcc60000000 ---p 00000000 00:00 0 
7fcc60000000-7fcc61601000 rw-p 00000000 00:00 0 
7fcc61601000-7fcc64000000 ---p 00000000 00:00 0 
7fcc64000000-7fcc64021000 rw-p 00000000 00:00 0 
7fcc64021000-7fcc68000000 ---p 00000000 00:00 0 
7fcc68000000-7fcc68021000 rw-p 00000000 00:00 0 
7fcc68021000-7fcc6c000000 ---p 00000000 00:00 0 
7fcc6c0a1000-7fcc6c0a4000 ---p 00000000 00:00 0 
7fcc6c0a4000-7fcc6c1a2000 rw-p 00000000 00:00 0 
7fcc6c1a2000-7fcc6c1a5000 ---p 00000000 00:00 0 
7fcc6c1a5000-7fcc6c2a3000 rw-p 00000000 00:00 0 
7fcc6c2a3000-7fcc6c2a6000 ---p 00000000 00:00 0 
7fcc6c2a6000-7fcc6c3a4000 rw-p 00000000 00:00 0 
7fcc6c3a4000-7fcc6c3a7000 ---p 00000000 00:00 0 
7fcc6c3a7000-7fcc6c4a5000 rw-p 00000000 00:00 0 
7fcc6c4a5000-7fcc6c4a8000 ---p 00000000 00:00 0 
7fcc6c4a8000-7fcc6c5a6000 rw-p 00000000 00:00 0 
7fcc6c5a6000-7fcc6c5dd000 r-xp 00000000 fc:00 13116302                   /usr/lib/x86_64-linux-gnu/libtxc_dxtn_s2tc.so.0.0.0
7fcc6c5dd000-7fcc6c7dc000 ---p 00037000 fc:00 13116302                   /usr/lib/x86_64-linux-gnu/libtxc_dxtn_s2tc.so.0.0.0
7fcc6c7dc000-7fcc6c7dd000 r--p 00036000 fc:00 13116302                   /usr/lib/x86_64-linux-gnu/libtxc_dxtn_s2tc.so.0.0.0
7fcc6c7dd000-7fcc6c7de000 rw-p 00037000 fc:00 13116302                   /usr/lib/x86_64-linux-gnu/libtxc_dxtn_s2tc.so.0.0.0
7fcc6c7de000-7fcc6c9de000 rw-p 00000000 00:00 0 
7fcc6c9de000-7fcc6c9ef000 r-xp 00000000 fc:00 13243287                   /usr/lib/jvm/java-8-openjdk-amd64/jre/lib/amd64/libnio.so
7fcc6c9ef000-7fcc6cbef000 ---p 00011000 fc:00 13243287                   /usr/lib/jvm/java-8-openjdk-amd64/jre/lib/amd64/libnio.so
7fcc6cbef000-7fcc6cbf0000 r--p 00011000 fc:00 13243287                   /usr/lib/jvm/java-8-openjdk-amd64/jre/lib/amd64/libnio.so
7fcc6cbf0000-7fcc6cbf1000 rw-p 00012000 fc:00 13243287                   /usr/lib/jvm/java-8-openjdk-amd64/jre/lib/amd64/libnio.so
7fcc6cbf1000-7fcc6cef2000 rw-p 00000000 00:00 0 
7fcc6cef2000-7fcc6cf09000 r-xp 00000000 fc:00 13243311                   /usr/lib/jvm/java-8-openjdk-amd64/jre/lib/amd64/libnet.so
7fcc6cf09000-7fcc6d108000 ---p 00017000 fc:00 13243311                   /usr/lib/jvm/java-8-openjdk-amd64/jre/lib/amd64/libnet.so
7fcc6d108000-7fcc6d109000 r--p 00016000 fc:00 13243311                   /usr/lib/jvm/java-8-openjdk-amd64/jre/lib/amd64/libnet.so
7fcc6d109000-7fcc6d10a000 rw-p 00017000 fc:00 13243311                   /usr/lib/jvm/java-8-openjdk-amd64/jre/lib/amd64/libnet.so
7fcc6d10a000-7fcc6d30a000 rw-p 00000000 00:00 0 
7fcc6d30a000-7fcc6d30d000 ---p 00000000 00:00 0 
7fcc6d30d000-7fcc6d40b000 rw-p 00000000 00:00 0 
7fcc6d40b000-7fcc6d40e000 ---p 00000000 00:00 0 
7fcc6d40e000-7fcc6d50c000 rw-p 00000000 00:00 0 
7fcc6d50c000-7fcc6d50f000 ---p 00000000 00:00 0 
7fcc6d50f000-7fcc6d60d000 rw-p 00000000 00:00 0 
7fcc6d60d000-7fcc6d610000 ---p 00000000 00:00 0 
7fcc6d610000-7fcc6d90e000 rw-p 00000000 00:00 0 
7fcc6d90e000-7fcc6d911000 ---p 00000000 00:00 0 
7fcc6d911000-7fcc6da0f000 rw-p 00000000 00:00 0 
7fcc6da0f000-7fcc6da17000 r-xp 00000000 fc:00 13116064                   /usr/lib/x86_64-linux-gnu/libpciaccess.so.0.11.1
7fcc6da17000-7fcc6dc17000 ---p 00008000 fc:00 13116064                   /usr/lib/x86_64-linux-gnu/libpciaccess.so.0.11.1
7fcc6dc17000-7fcc6dc18000 r--p 00008000 fc:00 13116064                   /usr/lib/x86_64-linux-gnu/libpciaccess.so.0.11.1
7fcc6dc18000-7fcc6dc19000 rw-p 00009000 fc:00 13116064                   /usr/lib/x86_64-linux-gnu/libpciaccess.so.0.11.1
7fcc6dc19000-7fcc6dc24000 r-xp 00000000 fc:00 13109427                   /usr/lib/x86_64-linux-gnu/libdrm_radeon.so.1.0.1
7fcc6dc24000-7fcc6de23000 ---p 0000b000 fc:00 13109427                   /usr/lib/x86_64-linux-gnu/libdrm_radeon.so.1.0.1
7fcc6de23000-7fcc6de24000 r--p 0000a000 fc:00 13109427                   /usr/lib/x86_64-linux-gnu/libdrm_radeon.so.1.0.1
7fcc6de24000-7fcc6de25000 rw-p 0000b000 fc:00 13109427                   /usr/lib/x86_64-linux-gnu/libdrm_radeon.so.1.0.1
7fcc6de25000-7fcc6de2c000 r-xp 00000000 fc:00 13109429                   /usr/lib/x86_64-linux-gnu/libdrm_nouveau.so.2.0.0
7fcc6de2c000-7fcc6e02b000 ---p 00007000 fc:00 13109429                   /usr/lib/x86_64-linux-gnu/libdrm_nouveau.so.2.0.0
7fcc6e02b000-7fcc6e02c000 r--p 00006000 fc:00 13109429                   /usr/lib/x86_64-linux-gnu/libdrm_nouveau.so.2.0.0
7fcc6e02c000-7fcc6e02d000 rw-p 00007000 fc:00 13109429                   /usr/lib/x86_64-linux-gnu/libdrm_nouveau.so.2.0.0
7fcc6e02d000-7fcc6e04d000 r-xp 00000000 fc:00 13109425                   /usr/lib/x86_64-linux-gnu/libdrm_intel.so.1.0.0
7fcc6e04d000-7fcc6e24c000 ---p 00020000 fc:00 13109425                   /usr/lib/x86_64-linux-gnu/libdrm_intel.so.1.0.0
7fcc6e24c000-7fcc6e24d000 r--p 0001f000 fc:00 13109425                   /usr/lib/x86_64-linux-gnu/libdrm_intel.so.1.0.0
7fcc6e24d000-7fcc6e24e000 rw-p 00020000 fc:00 13109425                   /usr/lib/x86_64-linux-gnu/libdrm_intel.so.1.0.0
7fcc6e24e000-7fcc6e853000 r-xp 00000000 fc:00 13372356                   /usr/lib/x86_64-linux-gnu/dri/i965_dri.so
7fcc6e853000-7fcc6ea53000 ---p 00605000 fc:00 13372356                   /usr/lib/x86_64-linux-gnu/dri/i965_dri.so
7fcc6ea53000-7fcc6ea89000 r--p 00605000 fc:00 13372356                   /usr/lib/x86_64-linux-gnu/dri/i965_dri.so
7fcc6ea89000-7fcc6ea90000 rw-p 0063b000 fc:00 13372356                   /usr/lib/x86_64-linux-gnu/dri/i965_dri.so
7fcc6ea90000-7fcc6ea98000 rw-p 00000000 00:00 0 
7fcc6ea98000-7fcc6ea9b000 ---p 00000000 00:00 0 
7fcc6ea9b000-7fcc6eb99000 rw-p 00000000 00:00 0 
7fcc6eb99000-7fcc6eb9c000 ---p 00000000 00:00 0 
7fcc6eb9c000-7fcc6ec9a000 rw-p 00000000 00:00 0 
7fcc6ec9a000-7fcc6ec9d000 ---p 00000000 00:00 0 
7fcc6ec9d000-7fcc6ed9b000 rw-p 00000000 00:00 0 
7fcc6ed9b000-7fcc6ed9e000 ---p 00000000 00:00 0 
7fcc6ed9e000-7fcc6ee9c000 rw-p 00000000 00:00 0 
7fcc6ee9c000-7fcc6ee9f000 ---p 00000000 00:00 0 
7fcc6ee9f000-7fcc6f19d000 rw-p 00000000 00:00 0 
7fcc6f19d000-7fcc6f1ab000 r-xp 00000000 fc:00 13109404                   /usr/lib/x86_64-linux-gnu/libdrm.so.2.4.0
7fcc6f1ab000-7fcc6f3aa000 ---p 0000e000 fc:00 13109404                   /usr/lib/x86_64-linux-gnu/libdrm.so.2.4.0
7fcc6f3aa000-7fcc6f3ab000 r--p 0000d000 fc:00 13109404                   /usr/lib/x86_64-linux-gnu/libdrm.so.2.4.0
7fcc6f3ab000-7fcc6f3ac000 rw-p 0000e000 fc:00 13109404                   /usr/lib/x86_64-linux-gnu/libdrm.so.2.4.0
7fcc6f3ac000-7fcc6f3b0000 r-xp 00000000 fc:00 13116463                   /usr/lib/x86_64-linux-gnu/libxcb-dri2.so.0.0.0
7fcc6f3b0000-7fcc6f5af000 ---p 00004000 fc:00 13116463                   /usr/lib/x86_64-linux-gnu/libxcb-dri2.so.0.0.0
7fcc6f5af000-7fcc6f5b0000 r--p 00003000 fc:00 13116463                   /usr/lib/x86_64-linux-gnu/libxcb-dri2.so.0.0.0
7fcc6f5b0000-7fcc6f5b1000 rw-p 00004000 fc:00 13116463                   /usr/lib/x86_64-linux-gnu/libxcb-dri2.so.0.0.0
7fcc6f5b1000-7fcc6f5c8000 r-xp 00000000 fc:00 13116467                   /usr/lib/x86_64-linux-gnu/libxcb-glx.so.0.0.0
7fcc6f5c8000-7fcc6f7c7000 ---p 00017000 fc:00 13116467                   /usr/lib/x86_64-linux-gnu/libxcb-glx.so.0.0.0
7fcc6f7c7000-7fcc6f7c9000 r--p 00016000 fc:00 13116467                   /usr/lib/x86_64-linux-gnu/libxcb-glx.so.0.0.0
7fcc6f7c9000-7fcc6f7ca000 rw-p 00018000 fc:00 13116467                   /usr/lib/x86_64-linux-gnu/libxcb-glx.so.0.0.0
7fcc6f7ca000-7fcc6f7cb000 r-xp 00000000 fc:00 13115111                   /usr/lib/x86_64-linux-gnu/libX11-xcb.so.1.0.0
7fcc6f7cb000-7fcc6f9ca000 ---p 00001000 fc:00 13115111                   /usr/lib/x86_64-linux-gnu/libX11-xcb.so.1.0.0
7fcc6f9ca000-7fcc6f9cb000 r--p 00000000 fc:00 13115111                   /usr/lib/x86_64-linux-gnu/libX11-xcb.so.1.0.0
7fcc6f9cb000-7fcc6f9cc000 rw-p 00001000 fc:00 13115111                   /usr/lib/x86_64-linux-gnu/libX11-xcb.so.1.0.0
7fcc6f9cc000-7fcc6f9ce000 r-xp 00000000 fc:00 13115126                   /usr/lib/x86_64-linux-gnu/libXdamage.so.1.1.0
7fcc6f9ce000-7fcc6fbcd000 ---p 00002000 fc:00 13115126                   /usr/lib/x86_64-linux-gnu/libXdamage.so.1.1.0
7fcc6fbcd000-7fcc6fbce000 r--p 00001000 fc:00 13115126                   /usr/lib/x86_64-linux-gnu/libXdamage.so.1.1.0
7fcc6fbce000-7fcc6fbcf000 rw-p 00002000 fc:00 13115126                   /usr/lib/x86_64-linux-gnu/libXdamage.so.1.1.0
7fcc6fbcf000-7fcc6fbf8000 r-xp 00000000 fc:00 13109443                   /usr/lib/x86_64-linux-gnu/libglapi.so.0.0.0
7fcc6fbf8000-7fcc6fdf7000 ---p 00029000 fc:00 13109443                   /usr/lib/x86_64-linux-gnu/libglapi.so.0.0.0
7fcc6fdf7000-7fcc6fdfb000 r--p 00028000 fc:00 13109443                   /usr/lib/x86_64-linux-gnu/libglapi.so.0.0.0
7fcc6fdfb000-7fcc6fdfc000 rw-p 0002c000 fc:00 13109443                   /usr/lib/x86_64-linux-gnu/libglapi.so.0.0.0
7fcc6fdfc000-7fcc6fdfd000 rw-p 00000000 00:00 0 
7fcc6fdfd000-7fcc6fdfe000 r-xp 00000000 fc:00 13116507                   /usr/lib/x86_64-linux-gnu/libxshmfence.so.1.0.0
7fcc6fdfe000-7fcc6fffe000 ---p 00001000 fc:00 13116507                   /usr/lib/x86_64-linux-gnu/libxshmfence.so.1.0.0
7fcc6fffe000-7fcc6ffff000 r--p 00001000 fc:00 13116507                   /usr/lib/x86_64-linux-gnu/libxshmfence.so.1.0.0
7fcc6ffff000-7fcc70000000 rw-p 00002000 fc:00 13116507                   /usr/lib/x86_64-linux-gnu/libxshmfence.so.1.0.0
7fcc70000000-7fcc70021000 rw-p 00000000 00:00 0 
7fcc70021000-7fcc74000000 ---p 00000000 00:00 0 
7fcc74000000-7fcc74021000 rw-p 00000000 00:00 0 
7fcc74021000-7fcc78000000 ---p 00000000 00:00 0 
7fcc78000000-7fcc78797000 rw-p 00000000 00:00 0 
7fcc78797000-7fcc7c000000 ---p 00000000 00:00 0 
7fcc7c000000-7fcc7c021000 rw-p 00000000 00:00 0 
7fcc7c021000-7fcc80000000 ---p 00000000 00:00 0 
7fcc80000000-7fcc80021000 rw-p 00000000 00:00 0 
7fcc80021000-7fcc84000000 ---p 00000000 00:00 0 
7fcc84000000-7fcc844b3000 rw-p 00000000 00:00 0 
7fcc844b3000-7fcc88000000 ---p 00000000 00:00 0 
7fcc88000000-7fcc88021000 rw-p 00000000 00:00 0 
7fcc88021000-7fcc8c000000 ---p 00000000 00:00 0 
7fcc8c000000-7fcc8c021000 rw-p 00000000 00:00 0 
7fcc8c021000-7fcc90000000 ---p 00000000 00:00 0 
7fcc90000000-7fcc90093000 rw-p 00000000 00:00 0 
7fcc90093000-7fcc94000000 ---p 00000000 00:00 0 
7fcc94000000-7fcc940ad000 rw-p 00000000 00:00 0 
7fcc940ad000-7fcc98000000 ---p 00000000 00:00 0 
7fcc98000000-7fcc98021000 rw-p 00000000 00:00 0 
7fcc98021000-7fcc9c000000 ---p 00000000 00:00 0 
7fcc9c092000-7fcc9c09a000 rw-s 00000000 00:05 46645                      /drm mm object (deleted)
7fcc9c09a000-7fcc9c0a2000 rw-s 00000000 00:05 47148                      /drm mm object (deleted)
7fcc9c0a2000-7fcc9c0aa000 rw-s 00000000 00:05 47139                      /drm mm object (deleted)
7fcc9c0aa000-7fcc9c0c8000 r-xp 00000000 fc:00 13632045                   /lib/x86_64-linux-gnu/libudev.so.1.6.4
7fcc9c0c8000-7fcc9c0c9000 r--p 0001d000 fc:00 13632045                   /lib/x86_64-linux-gnu/libudev.so.1.6.4
7fcc9c0c9000-7fcc9c0ca000 rw-p 0001e000 fc:00 13632045                   /lib/x86_64-linux-gnu/libudev.so.1.6.4
7fcc9c0ca000-7fcc9c0cf000 r-xp 00000000 fc:00 13116487                   /usr/lib/x86_64-linux-gnu/libxcb-sync.so.1.0.0
7fcc9c0cf000-7fcc9c2cf000 ---p 00005000 fc:00 13116487                   /usr/lib/x86_64-linux-gnu/libxcb-sync.so.1.0.0
7fcc9c2cf000-7fcc9c2d0000 r--p 00005000 fc:00 13116487                   /usr/lib/x86_64-linux-gnu/libxcb-sync.so.1.0.0
7fcc9c2d0000-7fcc9c2d1000 rw-p 00006000 fc:00 13116487                   /usr/lib/x86_64-linux-gnu/libxcb-sync.so.1.0.0
7fcc9c2d1000-7fcc9c2d3000 r-xp 00000000 fc:00 13116475                   /usr/lib/x86_64-linux-gnu/libxcb-present.so.0.0.0
7fcc9c2d3000-7fcc9c4d2000 ---p 00002000 fc:00 13116475                   /usr/lib/x86_64-linux-gnu/libxcb-present.so.0.0.0
7fcc9c4d2000-7fcc9c4d3000 r--p 00001000 fc:00 13116475                   /usr/lib/x86_64-linux-gnu/libxcb-present.so.0.0.0
7fcc9c4d3000-7fcc9c4d4000 rw-p 00002000 fc:00 13116475                   /usr/lib/x86_64-linux-gnu/libxcb-present.so.0.0.0
7fcc9c4d4000-7fcc9c4d6000 r-xp 00000000 fc:00 13116465                   /usr/lib/x86_64-linux-gnu/libxcb-dri3.so.0.0.0
7fcc9c4d6000-7fcc9c6d5000 ---p 00002000 fc:00 13116465                   /usr/lib/x86_64-linux-gnu/libxcb-dri3.so.0.0.0
7fcc9c6d5000-7fcc9c6d6000 r--p 00001000 fc:00 13116465                   /usr/lib/x86_64-linux-gnu/libxcb-dri3.so.0.0.0
7fcc9c6d6000-7fcc9c6d7000 rw-p 00002000 fc:00 13116465                   /usr/lib/x86_64-linux-gnu/libxcb-dri3.so.0.0.0
7fcc9c6d7000-7fcc9c6fd000 r-xp 00000000 fc:00 13635965                   /lib/x86_64-linux-gnu/libexpat.so.1.6.0
7fcc9c6fd000-7fcc9c8fd000 ---p 00026000 fc:00 13635965                   /lib/x86_64-linux-gnu/libexpat.so.1.6.0
7fcc9c8fd000-7fcc9c8ff000 r--p 00026000 fc:00 13635965                   /lib/x86_64-linux-gnu/libexpat.so.1.6.0
7fcc9c8ff000-7fcc9c900000 rw-p 00028000 fc:00 13635965                   /lib/x86_64-linux-gnu/libexpat.so.1.6.0
7fcc9c900000-7fcc9c96d000 r-xp 00000000 fc:00 13374456                   /usr/lib/x86_64-linux-gnu/mesa/libGL.so.1.2.0
7fcc9c96d000-7fcc9cb6c000 ---p 0006d000 fc:00 13374456                   /usr/lib/x86_64-linux-gnu/mesa/libGL.so.1.2.0
7fcc9cb6c000-7fcc9cb6f000 r--p 0006c000 fc:00 13374456                   /usr/lib/x86_64-linux-gnu/mesa/libGL.so.1.2.0
7fcc9cb6f000-7fcc9cb70000 rw-p 0006f000 fc:00 13374456                   /usr/lib/x86_64-linux-gnu/mesa/libGL.so.1.2.0
7fcc9cb70000-7fcc9cb71000 rw-p 00000000 00:00 0 
7fcc9cb74000-7fcc9cb7c000 rw-s 00000000 00:05 46625                      /drm mm object (deleted)
7fcc9cb7c000-7fcc9cb7d000 rw-s 00000000 00:05 46622                      /drm mm object (deleted)
7fcc9cb7d000-7fcc9cb7e000 rw-s 101aff000 00:06 195                       /dev/dri/card0
7fcc9cb7e000-7fcc9cb86000 rw-s 00000000 00:05 46620                      /drm mm object (deleted)
7fcc9cb86000-7fcc9cb8d000 r--s 00000000 fc:00 13372067                   /usr/lib/x86_64-linux-gnu/gconv/gconv-modules.cache
7fcc9cb8d000-7fcc9cbae000 r-xp 00000000 fc:00 13507058                   /usr/lib/jni/libj3dcore-ogl.so
7fcc9cbae000-7fcc9cdae000 ---p 00021000 fc:00 13507058                   /usr/lib/jni/libj3dcore-ogl.so
7fcc9cdae000-7fcc9cdaf000 rw-p 00021000 fc:00 13507058                   /usr/lib/jni/libj3dcore-ogl.so
7fcc9cdaf000-7fcc9cdb0000 r-xp 00000000 fc:00 13243313                   /usr/lib/jvm/java-8-openjdk-amd64/jre/lib/amd64/libjawt.so
7fcc9cdb0000-7fcc9cfaf000 ---p 00001000 fc:00 13243313                   /usr/lib/jvm/java-8-openjdk-amd64/jre/lib/amd64/libjawt.so
7fcc9cfaf000-7fcc9cfb0000 r--p 00000000 fc:00 13243313                   /usr/lib/jvm/java-8-openjdk-amd64/jre/lib/amd64/libjawt.so
7fcc9cfb0000-7fcc9cfb1000 rw-p 00001000 fc:00 13243313                   /usr/lib/jvm/java-8-openjdk-amd64/jre/lib/amd64/libjawt.so
7fcc9cfb1000-7fcc9cfb5000 r--s 00019000 fc:00 20187034                   /home/louis/Documents/Robotics/MICRO_MobileRobots/m454_project/mbsysCopy/mbsyspad/lib/matlabcontrol-4.0.0.jar
7fcc9cfb5000-7fcc9cfd2000 r--s 0014f000 fc:00 20187033                   /home/louis/Documents/Robotics/MICRO_MobileRobots/m454_project/mbsysCopy/mbsyspad/lib/swingx-all-1.6.4.jar
7fcc9cfd2000-7fcc9cfd3000 r--s 00017000 fc:00 20187041                   /home/louis/Documents/Robotics/MICRO_MobileRobots/m454_project/mbsysCopy/mbsyspad/lib/j3D.jar
7fcc9cfd3000-7fcc9cfd5000 r--s 0004c000 fc:00 20187032                   /home/louis/Documents/Robotics/MICRO_MobileRobots/m454_project/mbsysCopy/mbsyspad/lib/vecmath.jar
7fcc9cfd5000-7fcc9d1d5000 rw-p 00000000 00:00 0 
7fcc9d1d5000-7fcc9d1e3000 r--s 00193000 fc:00 20187038                   /home/louis/Documents/Robotics/MICRO_MobileRobots/m454_project/mbsysCopy/mbsyspad/lib/j3dutils.jar
7fcc9d1e3000-7fcc9d1e6000 r--s 00015000 fc:00 13243326                   /usr/lib/jvm/java-8-openjdk-amd64/jre/lib/jce.jar
7fcc9d1e6000-7fcc9d1ea000 r--s 00097000 fc:00 13243330                   /usr/lib/jvm/java-8-openjdk-amd64/jre/lib/jsse.jar
7fcc9d1ea000-7fcc9d1f6000 r--s 002c7000 fc:00 20187039                   /home/louis/Documents/Robotics/MICRO_MobileRobots/m454_project/mbsysCopy/mbsyspad/lib/j3dcore.jar
7fcc9d1f6000-7fcc9d201000 r--s 00108000 fc:00 20187035                   /home/louis/Documents/Robotics/MICRO_MobileRobots/m454_project/mbsysCopy/mbsyspad/lib/jogl.jar
7fcc9d201000-7fcc9d202000 r--s 00004000 fc:00 20187042                   /home/louis/Documents/Robotics/MICRO_MobileRobots/m454_project/mbsysCopy/mbsyspad/lib/gluegen-rt.jar
7fcc9d202000-7fcc9d203000 r--s 00001000 fc:00 20187036                   /home/louis/Documents/Robotics/MICRO_MobileRobots/m454_project/mbsysCopy/mbsyspad/lib/jnlp.jar
7fcc9d203000-7fcc9d207000 r--s 00020000 fc:00 20187044                   /home/louis/Documents/Robotics/MICRO_MobileRobots/m454_project/mbsysCopy/mbsyspad/lib/commons-digester-1.8.jar
7fcc9d207000-7fcc9d208000 r--s 00008000 fc:00 20187045                   /home/louis/Documents/Robotics/MICRO_MobileRobots/m454_project/mbsysCopy/mbsyspad/lib/commons-cli-1.1.jar
7fcc9d208000-7fcc9d20d000 r--s 0002a000 fc:00 20187046                   /home/louis/Documents/Robotics/MICRO_MobileRobots/m454_project/mbsysCopy/mbsyspad/lib/commons-beanutils.jar
7fcc9d20d000-7fcc9d213000 r--s 00056000 fc:00 20187040                   /home/louis/Documents/Robotics/MICRO_MobileRobots/m454_project/mbsysCopy/mbsyspad/lib/j3d-vrml97.jar
7fcc9d213000-7fcc9d215000 r--s 0002a000 fc:00 20187047                   /home/louis/Documents/Robotics/MICRO_MobileRobots/m454_project/mbsysCopy/mbsyspad/lib/MBsysComJ.jar
7fcc9d215000-7fcc9d218000 ---p 00000000 00:00 0 
7fcc9d218000-7fcc9d316000 rw-p 00000000 00:00 0 
7fcc9d316000-7fcc9d319000 ---p 00000000 00:00 0 
7fcc9d319000-7fcc9d417000 rw-p 00000000 00:00 0 
7fcc9d417000-7fcc9d469000 r-xp 00000000 fc:00 13243282                   /usr/lib/jvm/java-8-openjdk-amd64/jre/lib/amd64/libfontmanager.so
7fcc9d469000-7fcc9d669000 ---p 00052000 fc:00 13243282                   /usr/lib/jvm/java-8-openjdk-amd64/jre/lib/amd64/libfontmanager.so
7fcc9d669000-7fcc9d66b000 r--p 00052000 fc:00 13243282                   /usr/lib/jvm/java-8-openjdk-amd64/jre/lib/amd64/libfontmanager.so
7fcc9d66b000-7fcc9d66c000 rw-p 00054000 fc:00 13243282                   /usr/lib/jvm/java-8-openjdk-amd64/jre/lib/amd64/libfontmanager.so
7fcc9d66c000-7fcc9d671000 r-xp 00000000 fc:00 13115156                   /usr/lib/x86_64-linux-gnu/libXtst.so.6.1.0
7fcc9d671000-7fcc9d870000 ---p 00005000 fc:00 13115156                   /usr/lib/x86_64-linux-gnu/libXtst.so.6.1.0
7fcc9d870000-7fcc9d871000 r--p 00004000 fc:00 13115156                   /usr/lib/x86_64-linux-gnu/libXtst.so.6.1.0
7fcc9d871000-7fcc9d872000 rw-p 00005000 fc:00 13115156                   /usr/lib/x86_64-linux-gnu/libXtst.so.6.1.0
7fcc9d872000-7fcc9d875000 r--s 00023000 fc:00 20187037                   /home/louis/Documents/Robotics/MICRO_MobileRobots/m454_project/mbsysCopy/mbsyspad/lib/jdom.jar
7fcc9d875000-7fcc9d87b000 r--s 00047000 fc:00 20187043                   /home/louis/Documents/Robotics/MICRO_MobileRobots/m454_project/mbsysCopy/mbsyspad/lib/flamingo.jar
7fcc9d87b000-7fcc9d88e000 r--s 00346000 fc:00 13243317                   /usr/lib/jvm/java-8-openjdk-amd64/jre/lib/resources.jar
7fcc9d88e000-7fcc9d8e2000 r-xp 00000000 fc:00 13243305                   /usr/lib/jvm/java-8-openjdk-amd64/jre/lib/amd64/libawt_xawt.so
7fcc9d8e2000-7fcc9dae2000 ---p 00054000 fc:00 13243305                   /usr/lib/jvm/java-8-openjdk-amd64/jre/lib/amd64/libawt_xawt.so
7fcc9dae2000-7fcc9dae3000 r--p 00054000 fc:00 13243305                   /usr/lib/jvm/java-8-openjdk-amd64/jre/lib/amd64/libawt_xawt.so
7fcc9dae3000-7fcc9dae6000 rw-p 00055000 fc:00 13243305                   /usr/lib/jvm/java-8-openjdk-amd64/jre/lib/amd64/libawt_xawt.so
7fcc9dae6000-7fcc9dae7000 rw-p 00000000 00:00 0 
7fcc9dae7000-7fcc9db87000 r-xp 00000000 fc:00 13243312                   /usr/lib/jvm/java-8-openjdk-amd64/jre/lib/amd64/libawt.so
7fcc9db87000-7fcc9dd87000 ---p 000a0000 fc:00 13243312                   /usr/lib/jvm/java-8-openjdk-amd64/jre/lib/amd64/libawt.so
7fcc9dd87000-7fcc9dd88000 r--p 000a0000 fc:00 13243312                   /usr/lib/jvm/java-8-openjdk-amd64/jre/lib/amd64/libawt.so
7fcc9dd88000-7fcc9dd93000 rw-p 000a1000 fc:00 13243312                   /usr/lib/jvm/java-8-openjdk-amd64/jre/lib/amd64/libawt.so
7fcc9dd93000-7fcc9ddb8000 rw-p 00000000 00:00 0 
7fcc9ddb8000-7fcc9ddc7000 r--s 0008c000 fc:00 20186688                   /home/louis/Documents/Robotics/MICRO_MobileRobots/m454_project/mbsysCopy/mbsyspad/MBsysPad.jar
7fcc9ddc7000-7fcc9ddcc000 r--s 0003b000 fc:00 13371709                   /usr/lib/jvm/java-8-openjdk-amd64/jre/lib/ext/sunjce_provider.jar
7fcc9ddcc000-7fcc9ddcd000 r--s 00010000 fc:00 13372842                   /usr/lib/jvm/java-8-openjdk-amd64/jre/lib/ext/zipfs.jar
7fcc9ddcd000-7fcc9dde8000 r--s 001d5000 fc:00 13371708                   /usr/lib/jvm/java-8-openjdk-amd64/jre/lib/ext/nashorn.jar
7fcc9dde8000-7fcc9de03000 r--s 00394000 fc:00 13371707                   /usr/lib/jvm/java-8-openjdk-amd64/jre/lib/ext/cldrdata.jar
7fcc9de03000-7fcc9de04000 ---p 00000000 00:00 0 
7fcc9de04000-7fcc9df04000 rw-p 00000000 00:00 0 
7fcc9df04000-7fcc9df07000 ---p 00000000 00:00 0 
7fcc9df07000-7fcc9e005000 rw-p 00000000 00:00 0 
7fcc9e005000-7fcc9e008000 ---p 00000000 00:00 0 
7fcc9e008000-7fcc9e106000 rw-p 00000000 00:00 0 
7fcc9e106000-7fcc9e109000 ---p 00000000 00:00 0 
7fcc9e109000-7fcc9e207000 rw-p 00000000 00:00 0 
7fcc9e207000-7fcc9e20a000 ---p 00000000 00:00 0 
7fcc9e20a000-7fcc9e308000 rw-p 00000000 00:00 0 
7fcc9e308000-7fcc9ecc7000 r--p 00000000 fc:00 13114158                   /usr/lib/locale/locale-archive
7fcc9ecc7000-7fcc9ecca000 ---p 00000000 00:00 0 
7fcc9ecca000-7fcc9edc8000 rw-p 00000000 00:00 0 
7fcc9edc8000-7fcc9edcb000 ---p 00000000 00:00 0 
7fcc9edcb000-7fcc9eec9000 rw-p 00000000 00:00 0 
7fcc9eec9000-7fcc9eeca000 ---p 00000000 00:00 0 
7fcc9eeca000-7fcc9f962000 rw-p 00000000 00:00 0 
7fcc9f962000-7fcc9fb30000 r--s 03bf1000 fc:00 13243320                   /usr/lib/jvm/java-8-openjdk-amd64/jre/lib/rt.jar
7fcc9fb30000-7fcca34f2000 rw-p 00000000 00:00 0 
7fcca34f2000-7fcca34f3000 ---p 00000000 00:00 0 
7fcca34f3000-7fcca35f3000 rw-p 00000000 00:00 0 
7fcca35f3000-7fcca35f4000 ---p 00000000 00:00 0 
7fcca35f4000-7fcca3714000 rw-p 00000000 00:00 0 
7fcca3714000-7fcca38e0000 ---p 00000000 00:00 0 
7fcca38e0000-7fcca3900000 rw-p 00000000 00:00 0 
7fcca3900000-7fcca3acb000 ---p 00000000 00:00 0 
7fcca3acb000-7fcca3b09000 rw-p 00000000 00:00 0 
7fcca3b09000-7fcca3bc1000 ---p 00000000 00:00 0 
7fcca3bc1000-7fcca3bdd000 rw-p 00000000 00:00 0 
7fcca3bdd000-7fcca3f82000 ---p 00000000 00:00 0 
7fcca3f82000-7fcca4622000 rwxp 00000000 00:00 0 
7fcca4622000-7fccb2f82000 ---p 00000000 00:00 0 
7fccb2f82000-7fccb2f8a000 r-xp 00000000 fc:00 13243292                   /usr/lib/jvm/java-8-openjdk-amd64/jre/lib/amd64/libzip.so
7fccb2f8a000-7fccb3189000 ---p 00008000 fc:00 13243292                   /usr/lib/jvm/java-8-openjdk-amd64/jre/lib/amd64/libzip.so
7fccb3189000-7fccb318a000 r--p 00007000 fc:00 13243292                   /usr/lib/jvm/java-8-openjdk-amd64/jre/lib/amd64/libzip.so
7fccb318a000-7fccb318b000 rw-p 00008000 fc:00 13243292                   /usr/lib/jvm/java-8-openjdk-amd64/jre/lib/amd64/libzip.so
7fccb318b000-7fccb3196000 r-xp 00000000 fc:00 13636033                   /lib/x86_64-linux-gnu/libnss_files-2.23.so
7fccb3196000-7fccb3395000 ---p 0000b000 fc:00 13636033                   /lib/x86_64-linux-gnu/libnss_files-2.23.so
7fccb3395000-7fccb3396000 r--p 0000a000 fc:00 13636033                   /lib/x86_64-linux-gnu/libnss_files-2.23.so
7fccb3396000-7fccb3397000 rw-p 0000b000 fc:00 13636033                   /lib/x86_64-linux-gnu/libnss_files-2.23.so
7fccb3397000-7fccb339d000 rw-p 00000000 00:00 0 
7fccb339d000-7fccb33a8000 r-xp 00000000 fc:00 13636043                   /lib/x86_64-linux-gnu/libnss_nis-2.23.so
7fccb33a8000-7fccb35a7000 ---p 0000b000 fc:00 13636043                   /lib/x86_64-linux-gnu/libnss_nis-2.23.so
7fccb35a7000-7fccb35a8000 r--p 0000a000 fc:00 13636043                   /lib/x86_64-linux-gnu/libnss_nis-2.23.so
7fccb35a8000-7fccb35a9000 rw-p 0000b000 fc:00 13636043                   /lib/x86_64-linux-gnu/libnss_nis-2.23.so
7fccb35a9000-7fccb35b1000 r-xp 00000000 fc:00 13636029                   /lib/x86_64-linux-gnu/libnss_compat-2.23.so
7fccb35b1000-7fccb37b0000 ---p 00008000 fc:00 13636029                   /lib/x86_64-linux-gnu/libnss_compat-2.23.so
7fccb37b0000-7fccb37b1000 r--p 00007000 fc:00 13636029                   /lib/x86_64-linux-gnu/libnss_compat-2.23.so
7fccb37b1000-7fccb37b2000 rw-p 00008000 fc:00 13636029                   /lib/x86_64-linux-gnu/libnss_compat-2.23.so
7fccb37b2000-7fccb37df000 r-xp 00000000 fc:00 13243286                   /usr/lib/jvm/java-8-openjdk-amd64/jre/lib/amd64/libjava.so
7fccb37df000-7fccb39de000 ---p 0002d000 fc:00 13243286                   /usr/lib/jvm/java-8-openjdk-amd64/jre/lib/amd64/libjava.so
7fccb39de000-7fccb39df000 r--p 0002c000 fc:00 13243286                   /usr/lib/jvm/java-8-openjdk-amd64/jre/lib/amd64/libjava.so
7fccb39df000-7fccb39e1000 rw-p 0002d000 fc:00 13243286                   /usr/lib/jvm/java-8-openjdk-amd64/jre/lib/amd64/libjava.so
7fccb39e1000-7fccb39f0000 r-xp 00000000 fc:00 13243290                   /usr/lib/jvm/java-8-openjdk-amd64/jre/lib/amd64/libverify.so
7fccb39f0000-7fccb3bef000 ---p 0000f000 fc:00 13243290                   /usr/lib/jvm/java-8-openjdk-amd64/jre/lib/amd64/libverify.so
7fccb3bef000-7fccb3bf1000 r--p 0000e000 fc:00 13243290                   /usr/lib/jvm/java-8-openjdk-amd64/jre/lib/amd64/libverify.so
7fccb3bf1000-7fccb3bf2000 rw-p 00010000 fc:00 13243290                   /usr/lib/jvm/java-8-openjdk-amd64/jre/lib/amd64/libverify.so
7fccb3bf2000-7fccb6b92000 rw-p 00000000 00:00 0 
7fccb6b92000-7fccb6bbc000 r-xp 00000000 fc:00 13116372                   /usr/lib/x86_64-linux-gnu/libvorbis.so.0.4.8
7fccb6bbc000-7fccb6dbc000 ---p 0002a000 fc:00 13116372                   /usr/lib/x86_64-linux-gnu/libvorbis.so.0.4.8
7fccb6dbc000-7fccb6dbd000 r--p 0002a000 fc:00 13116372                   /usr/lib/x86_64-linux-gnu/libvorbis.so.0.4.8
7fccb6dbd000-7fccb6dbe000 rw-p 0002b000 fc:00 13116372                   /usr/lib/x86_64-linux-gnu/libvorbis.so.0.4.8
7fccb6dbe000-7fccb6dc5000 r-xp 00000000 fc:00 13116024                   /usr/lib/x86_64-linux-gnu/libogg.so.0.8.2
7fccb6dc5000-7fccb6fc5000 ---p 00007000 fc:00 13116024                   /usr/lib/x86_64-linux-gnu/libogg.so.0.8.2
7fccb6fc5000-7fccb6fc6000 r--p 00007000 fc:00 13116024                   /usr/lib/x86_64-linux-gnu/libogg.so.0.8.2
7fccb6fc6000-7fccb6fc7000 rw-p 00008000 fc:00 13116024                   /usr/lib/x86_64-linux-gnu/libogg.so.0.8.2
7fccb6fc7000-7fccb6fd9000 r-xp 00000000 fc:00 13635978                   /lib/x86_64-linux-gnu/libgpg-error.so.0.17.0
7fccb6fd9000-7fccb71d9000 ---p 00012000 fc:00 13635978                   /lib/x86_64-linux-gnu/libgpg-error.so.0.17.0
7fccb71d9000-7fccb71da000 r--p 00012000 fc:00 13635978                   /lib/x86_64-linux-gnu/libgpg-error.so.0.17.0
7fccb71da000-7fccb71db000 rw-p 00013000 fc:00 13635978                   /lib/x86_64-linux-gnu/libgpg-error.so.0.17.0
7fccb71db000-7fccb7249000 r-xp 00000000 fc:00 13636063                   /lib/x86_64-linux-gnu/libpcre.so.3.13.2
7fccb7249000-7fccb7449000 ---p 0006e000 fc:00 13636063                   /lib/x86_64-linux-gnu/libpcre.so.3.13.2
7fccb7449000-7fccb744a000 r--p 0006e000 fc:00 13636063                   /lib/x86_64-linux-gnu/libpcre.so.3.13.2
7fccb744a000-7fccb744b000 rw-p 0006f000 fc:00 13636063                   /lib/x86_64-linux-gnu/libpcre.so.3.13.2
7fccb744b000-7fccb7462000 r-xp 00000000 fc:00 13636086                   /lib/x86_64-linux-gnu/libresolv-2.23.so
7fccb7462000-7fccb7662000 ---p 00017000 fc:00 13636086                   /lib/x86_64-linux-gnu/libresolv-2.23.so
7fccb7662000-7fccb7663000 r--p 00017000 fc:00 13636086                   /lib/x86_64-linux-gnu/libresolv-2.23.so
7fccb7663000-7fccb7664000 rw-p 00018000 fc:00 13636086                   /lib/x86_64-linux-gnu/libresolv-2.23.so
7fccb7664000-7fccb7666000 rw-p 00000000 00:00 0 
7fccb7666000-7fccb76f3000 r-xp 00000000 fc:00 13116374                   /usr/lib/x86_64-linux-gnu/libvorbisenc.so.2.0.11
7fccb76f3000-7fccb78f2000 ---p 0008d000 fc:00 13116374                   /usr/lib/x86_64-linux-gnu/libvorbisenc.so.2.0.11
7fccb78f2000-7fccb790e000 r--p 0008c000 fc:00 13116374                   /usr/lib/x86_64-linux-gnu/libvorbisenc.so.2.0.11
7fccb790e000-7fccb790f000 rw-p 000a8000 fc:00 13116374                   /usr/lib/x86_64-linux-gnu/libvorbisenc.so.2.0.11
7fccb790f000-7fccb7982000 r-xp 00000000 fc:00 13114969                   /usr/lib/x86_64-linux-gnu/libFLAC.so.8.3.0
7fccb7982000-7fccb7b82000 ---p 00073000 fc:00 13114969                   /usr/lib/x86_64-linux-gnu/libFLAC.so.8.3.0
7fccb7b82000-7fccb7b83000 r--p 00073000 fc:00 13114969                   /usr/lib/x86_64-linux-gnu/libFLAC.so.8.3.0
7fccb7b83000-7fccb7b84000 rw-p 00074000 fc:00 13114969                   /usr/lib/x86_64-linux-gnu/libFLAC.so.8.3.0
7fccb7b84000-7fccb7b9a000 r-xp 00000000 fc:00 13636027                   /lib/x86_64-linux-gnu/libnsl-2.23.so
7fccb7b9a000-7fccb7d99000 ---p 00016000 fc:00 13636027                   /lib/x86_64-linux-gnu/libnsl-2.23.so
7fccb7d99000-7fccb7d9a000 r--p 00015000 fc:00 13636027                   /lib/x86_64-linux-gnu/libnsl-2.23.so
7fccb7d9a000-7fccb7d9b000 rw-p 00016000 fc:00 13636027                   /lib/x86_64-linux-gnu/libnsl-2.23.so
7fccb7d9b000-7fccb7d9d000 rw-p 00000000 00:00 0 
7fccb7d9d000-7fccb7e75000 r-xp 00000000 fc:00 13631516                   /lib/x86_64-linux-gnu/libgcrypt.so.20.0.5
7fccb7e75000-7fccb8074000 ---p 000d8000 fc:00 13631516                   /lib/x86_64-linux-gnu/libgcrypt.so.20.0.5
7fccb8074000-7fccb8075000 r--p 000d7000 fc:00 13631516                   /lib/x86_64-linux-gnu/libgcrypt.so.20.0.5
7fccb8075000-7fccb807d000 rw-p 000d8000 fc:00 13631516                   /lib/x86_64-linux-gnu/libgcrypt.so.20.0.5
7fccb807d000-7fccb807e000 rw-p 00000000 00:00 0 
7fccb807e000-7fccb809d000 r-xp 00000000 fc:00 13636092                   /lib/x86_64-linux-gnu/libselinux.so.1
7fccb809d000-7fccb829c000 ---p 0001f000 fc:00 13636092                   /lib/x86_64-linux-gnu/libselinux.so.1
7fccb829c000-7fccb829d000 r--p 0001e000 fc:00 13636092                   /lib/x86_64-linux-gnu/libselinux.so.1
7fccb829d000-7fccb829e000 rw-p 0001f000 fc:00 13636092                   /lib/x86_64-linux-gnu/libselinux.so.1
7fccb829e000-7fccb82a0000 rw-p 00000000 00:00 0 
7fccb82a0000-7fccb82a5000 r-xp 00000000 fc:00 13115128                   /usr/lib/x86_64-linux-gnu/libXdmcp.so.6.0.0
7fccb82a5000-7fccb84a4000 ---p 00005000 fc:00 13115128                   /usr/lib/x86_64-linux-gnu/libXdmcp.so.6.0.0
7fccb84a4000-7fccb84a5000 r--p 00004000 fc:00 13115128                   /usr/lib/x86_64-linux-gnu/libXdmcp.so.6.0.0
7fccb84a5000-7fccb84a6000 rw-p 00005000 fc:00 13115128                   /usr/lib/x86_64-linux-gnu/libXdmcp.so.6.0.0
7fccb84a6000-7fccb84a8000 r-xp 00000000 fc:00 13115117                   /usr/lib/x86_64-linux-gnu/libXau.so.6.0.0
7fccb84a8000-7fccb86a8000 ---p 00002000 fc:00 13115117                   /usr/lib/x86_64-linux-gnu/libXau.so.6.0.0
7fccb86a8000-7fccb86a9000 r--p 00002000 fc:00 13115117                   /usr/lib/x86_64-linux-gnu/libXau.so.6.0.0
7fccb86a9000-7fccb86aa000 rw-p 00003000 fc:00 13115117                   /usr/lib/x86_64-linux-gnu/libXau.so.6.0.0
7fccb86aa000-7fccb86af000 r-xp 00000000 fc:00 13115219                   /usr/lib/x86_64-linux-gnu/libasyncns.so.0.3.1
7fccb86af000-7fccb88ae000 ---p 00005000 fc:00 13115219                   /usr/lib/x86_64-linux-gnu/libasyncns.so.0.3.1
7fccb88ae000-7fccb88af000 r--p 00004000 fc:00 13115219                   /usr/lib/x86_64-linux-gnu/libasyncns.so.0.3.1
7fccb88af000-7fccb88b0000 rw-p 00005000 fc:00 13115219                   /usr/lib/x86_64-linux-gnu/libasyncns.so.0.3.1
7fccb88b0000-7fccb8912000 r-xp 00000000 fc:00 13116226                   /usr/lib/x86_64-linux-gnu/libsndfile.so.1.0.25
7fccb8912000-7fccb8b12000 ---p 00062000 fc:00 13116226                   /usr/lib/x86_64-linux-gnu/libsndfile.so.1.0.25
7fccb8b12000-7fccb8b14000 r--p 00062000 fc:00 13116226                   /usr/lib/x86_64-linux-gnu/libsndfile.so.1.0.25
7fccb8b14000-7fccb8b15000 rw-p 00064000 fc:00 13116226                   /usr/lib/x86_64-linux-gnu/libsndfile.so.1.0.25
7fccb8b15000-7fccb8b19000 rw-p 00000000 00:00 0 
7fccb8b19000-7fccb8b21000 r-xp 00000000 fc:00 13636120                   /lib/x86_64-linux-gnu/libwrap.so.0.7.6
7fccb8b21000-7fccb8d20000 ---p 00008000 fc:00 13636120                   /lib/x86_64-linux-gnu/libwrap.so.0.7.6
7fccb8d20000-7fccb8d21000 r--p 00007000 fc:00 13636120                   /lib/x86_64-linux-gnu/libwrap.so.0.7.6
7fccb8d21000-7fccb8d22000 rw-p 00008000 fc:00 13636120                   /lib/x86_64-linux-gnu/libwrap.so.0.7.6
7fccb8d22000-7fccb8d23000 rw-p 00000000 00:00 0 
7fccb8d23000-7fccb8d47000 r-xp 00000000 fc:00 13636075                   /lib/x86_64-linux-gnu/libpng12.so.0.54.0
7fccb8d47000-7fccb8f46000 ---p 00024000 fc:00 13636075                   /lib/x86_64-linux-gnu/libpng12.so.0.54.0
7fccb8f46000-7fccb8f47000 r--p 00023000 fc:00 13636075                   /lib/x86_64-linux-gnu/libpng12.so.0.54.0
7fccb8f47000-7fccb8f48000 rw-p 00024000 fc:00 13636075                   /lib/x86_64-linux-gnu/libpng12.so.0.54.0
7fccb8f48000-7fccb8f4f000 r-xp 00000000 fc:00 13115500                   /usr/lib/x86_64-linux-gnu/libffi.so.6.0.4
7fccb8f4f000-7fccb914e000 ---p 00007000 fc:00 13115500                   /usr/lib/x86_64-linux-gnu/libffi.so.6.0.4
7fccb914e000-7fccb914f000 r--p 00006000 fc:00 13115500                   /usr/lib/x86_64-linux-gnu/libffi.so.6.0.4
7fccb914f000-7fccb9150000 rw-p 00007000 fc:00 13115500                   /usr/lib/x86_64-linux-gnu/libffi.so.6.0.4
7fccb9150000-7fccb9155000 r-xp 00000000 fc:00 13115132                   /usr/lib/x86_64-linux-gnu/libXfixes.so.3.1.0
7fccb9155000-7fccb9354000 ---p 00005000 fc:00 13115132                   /usr/lib/x86_64-linux-gnu/libXfixes.so.3.1.0
7fccb9354000-7fccb9355000 r--p 00004000 fc:00 13115132                   /usr/lib/x86_64-linux-gnu/libXfixes.so.3.1.0
7fccb9355000-7fccb9356000 rw-p 00005000 fc:00 13115132                   /usr/lib/x86_64-linux-gnu/libXfixes.so.3.1.0
7fccb9356000-7fccb935f000 r-xp 00000000 fc:00 13115150                   /usr/lib/x86_64-linux-gnu/libXrender.so.1.3.0
7fccb935f000-7fccb955e000 ---p 00009000 fc:00 13115150                   /usr/lib/x86_64-linux-gnu/libXrender.so.1.3.0
7fccb955e000-7fccb955f000 r--p 00008000 fc:00 13115150                   /usr/lib/x86_64-linux-gnu/libXrender.so.1.3.0
7fccb955f000-7fccb9560000 rw-p 00009000 fc:00 13115150                   /usr/lib/x86_64-linux-gnu/libXrender.so.1.3.0
7fccb9560000-7fccb9581000 r-xp 00000000 fc:00 13116495                   /usr/lib/x86_64-linux-gnu/libxcb.so.1.1.0
7fccb9581000-7fccb9780000 ---p 00021000 fc:00 13116495                   /usr/lib/x86_64-linux-gnu/libxcb.so.1.1.0
7fccb9780000-7fccb9781000 r--p 00020000 fc:00 13116495                   /usr/lib/x86_64-linux-gnu/libxcb.so.1.1.0
7fccb9781000-7fccb9782000 rw-p 00021000 fc:00 13116495                   /usr/lib/x86_64-linux-gnu/libxcb.so.1.1.0
7fccb9782000-7fccb9795000 r-xp 00000000 fc:00 13635930                   /lib/x86_64-linux-gnu/libbsd.so.0.8.2
7fccb9795000-7fccb9994000 ---p 00013000 fc:00 13635930                   /lib/x86_64-linux-gnu/libbsd.so.0.8.2
7fccb9994000-7fccb9995000 r--p 00012000 fc:00 13635930                   /lib/x86_64-linux-gnu/libbsd.so.0.8.2
7fccb9995000-7fccb9996000 rw-p 00013000 fc:00 13635930                   /lib/x86_64-linux-gnu/libbsd.so.0.8.2
7fccb9996000-7fccb9997000 rw-p 00000000 00:00 0 
7fccb9997000-7fccb99e1000 r-xp 00000000 fc:00 13631660                   /lib/x86_64-linux-gnu/libdbus-1.so.3.14.6
7fccb99e1000-7fccb9be1000 ---p 0004a000 fc:00 13631660                   /lib/x86_64-linux-gnu/libdbus-1.so.3.14.6
7fccb9be1000-7fccb9be2000 r--p 0004a000 fc:00 13631660                   /lib/x86_64-linux-gnu/libdbus-1.so.3.14.6
7fccb9be2000-7fccb9be3000 rw-p 0004b000 fc:00 13631660                   /lib/x86_64-linux-gnu/libdbus-1.so.3.14.6
7fccb9be3000-7fccb9c5c000 r-xp 00000000 fc:00 13372434                   /usr/lib/x86_64-linux-gnu/pulseaudio/libpulsecommon-8.0.so
7fccb9c5c000-7fccb9e5b000 ---p 00079000 fc:00 13372434                   /usr/lib/x86_64-linux-gnu/pulseaudio/libpulsecommon-8.0.so
7fccb9e5b000-7fccb9e5c000 r--p 00078000 fc:00 13372434                   /usr/lib/x86_64-linux-gnu/pulseaudio/libpulsecommon-8.0.so
7fccb9e5c000-7fccb9e5d000 rw-p 00079000 fc:00 13372434                   /usr/lib/x86_64-linux-gnu/pulseaudio/libpulsecommon-8.0.so
7fccb9e5d000-7fccb9e67000 r-xp 00000000 fc:00 13635993                   /lib/x86_64-linux-gnu/libjson-c.so.2.0.0
7fccb9e67000-7fccba066000 ---p 0000a000 fc:00 13635993                   /lib/x86_64-linux-gnu/libjson-c.so.2.0.0
7fccba066000-7fccba067000 r--p 00009000 fc:00 13635993                   /lib/x86_64-linux-gnu/libjson-c.so.2.0.0
7fccba067000-7fccba068000 rw-p 0000a000 fc:00 13635993                   /lib/x86_64-linux-gnu/libjson-c.so.2.0.0
7fccba068000-7fccbb91e000 r-xp 00000000 fc:00 13115795                   /usr/lib/x86_64-linux-gnu/libicudata.so.55.1
7fccbb91e000-7fccbbb1d000 ---p 018b6000 fc:00 13115795                   /usr/lib/x86_64-linux-gnu/libicudata.so.55.1
7fccbbb1d000-7fccbbb1e000 r--p 018b5000 fc:00 13115795                   /usr/lib/x86_64-linux-gnu/libicudata.so.55.1
7fccbbb1e000-7fccbbb1f000 rw-p 018b6000 fc:00 13115795                   /usr/lib/x86_64-linux-gnu/libicudata.so.55.1
7fccbbb1f000-7fccbbbc3000 r-xp 00000000 fc:00 13115548                   /usr/lib/x86_64-linux-gnu/libfreetype.so.6.12.1
7fccbbbc3000-7fccbbdc2000 ---p 000a4000 fc:00 13115548                   /usr/lib/x86_64-linux-gnu/libfreetype.so.6.12.1
7fccbbdc2000-7fccbbdc8000 r--p 000a3000 fc:00 13115548                   /usr/lib/x86_64-linux-gnu/libfreetype.so.6.12.1
7fccbbdc8000-7fccbbdc9000 rw-p 000a9000 fc:00 13115548                   /usr/lib/x86_64-linux-gnu/libfreetype.so.6.12.1
7fccbbdc9000-7fccbbdd0000 r-xp 00000000 fc:00 13636088                   /lib/x86_64-linux-gnu/librt-2.23.so
7fccbbdd0000-7fccbbfcf000 ---p 00007000 fc:00 13636088                   /lib/x86_64-linux-gnu/librt-2.23.so
7fccbbfcf000-7fccbbfd0000 r--p 00006000 fc:00 13636088                   /lib/x86_64-linux-gnu/librt-2.23.so
7fccbbfd0000-7fccbbfd1000 rw-p 00007000 fc:00 13636088                   /lib/x86_64-linux-gnu/librt-2.23.so
7fccbbfd1000-7fccbbfe9000 r-xp 00000000 fc:00 13636080                   /lib/x86_64-linux-gnu/libpthread-2.23.so
7fccbbfe9000-7fccbc1e8000 ---p 00018000 fc:00 13636080                   /lib/x86_64-linux-gnu/libpthread-2.23.so
7fccbc1e8000-7fccbc1e9000 r--p 00017000 fc:00 13636080                   /lib/x86_64-linux-gnu/libpthread-2.23.so
7fccbc1e9000-7fccbc1ea000 rw-p 00018000 fc:00 13636080                   /lib/x86_64-linux-gnu/libpthread-2.23.so
7fccbc1ea000-7fccbc1ee000 rw-p 00000000 00:00 0 
7fccbc1ee000-7fccbc22b000 r-xp 00000000 fc:00 13116499                   /usr/lib/x86_64-linux-gnu/libxkbcommon.so.0.0.0
7fccbc22b000-7fccbc42a000 ---p 0003d000 fc:00 13116499                   /usr/lib/x86_64-linux-gnu/libxkbcommon.so.0.0.0
7fccbc42a000-7fccbc42c000 r--p 0003c000 fc:00 13116499                   /usr/lib/x86_64-linux-gnu/libxkbcommon.so.0.0.0
7fccbc42c000-7fccbc42d000 rw-p 0003e000 fc:00 13116499                   /usr/lib/x86_64-linux-gnu/libxkbcommon.so.0.0.0
7fccbc42d000-7fccbc431000 r-xp 00000000 fc:00 13116389                   /usr/lib/x86_64-linux-gnu/libwayland-cursor.so.0.0.0
7fccbc431000-7fccbc630000 ---p 00004000 fc:00 13116389                   /usr/lib/x86_64-linux-gnu/libwayland-cursor.so.0.0.0
7fccbc630000-7fccbc631000 r--p 00003000 fc:00 13116389                   /usr/lib/x86_64-linux-gnu/libwayland-cursor.so.0.0.0
7fccbc631000-7fccbc635000 rw-p 00004000 fc:00 13116389                   /usr/lib/x86_64-linux-gnu/libwayland-cursor.so.0.0.0
7fccbc635000-7fccbc641000 r-xp 00000000 fc:00 13116387                   /usr/lib/x86_64-linux-gnu/libwayland-client.so.0.3.0
7fccbc641000-7fccbc840000 ---p 0000c000 fc:00 13116387                   /usr/lib/x86_64-linux-gnu/libwayland-client.so.0.3.0
7fccbc840000-7fccbc842000 r--p 0000b000 fc:00 13116387                   /usr/lib/x86_64-linux-gnu/libwayland-client.so.0.3.0
7fccbc842000-7fccbc843000 rw-p 0000d000 fc:00 13116387                   /usr/lib/x86_64-linux-gnu/libwayland-client.so.0.3.0
7fccbc843000-7fccbc844000 r-xp 00000000 fc:00 13112025                   /usr/lib/x86_64-linux-gnu/libwayland-egl.so.1.0.0
7fccbc844000-7fccbca43000 ---p 00001000 fc:00 13112025                   /usr/lib/x86_64-linux-gnu/libwayland-egl.so.1.0.0
7fccbca43000-7fccbca44000 r--p 00000000 fc:00 13112025                   /usr/lib/x86_64-linux-gnu/libwayland-egl.so.1.0.0
7fccbca44000-7fccbca45000 rw-p 00001000 fc:00 13112025                   /usr/lib/x86_64-linux-gnu/libwayland-egl.so.1.0.0
7fccbca45000-7fccbca4a000 r-xp 00000000 fc:00 13115166                   /usr/lib/x86_64-linux-gnu/libXxf86vm.so.1.0.0
7fccbca4a000-7fccbcc49000 ---p 00005000 fc:00 13115166                   /usr/lib/x86_64-linux-gnu/libXxf86vm.so.1.0.0
7fccbcc49000-7fccbcc4a000 r--p 00004000 fc:00 13115166                   /usr/lib/x86_64-linux-gnu/libXxf86vm.so.1.0.0
7fccbcc4a000-7fccbcc4b000 rw-p 00005000 fc:00 13115166                   /usr/lib/x86_64-linux-gnu/libXxf86vm.so.1.0.0
7fccbcc4b000-7fccbcc4d000 r-xp 00000000 fc:00 13115152                   /usr/lib/x86_64-linux-gnu/libXss.so.1.0.0
7fccbcc4d000-7fccbce4d000 ---p 00002000 fc:00 13115152                   /usr/lib/x86_64-linux-gnu/libXss.so.1.0.0
7fccbce4d000-7fccbce4e000 r--p 00002000 fc:00 13115152                   /usr/lib/x86_64-linux-gnu/libXss.so.1.0.0
7fccbce4e000-7fccbce4f000 rw-p 00003000 fc:00 13115152                   /usr/lib/x86_64-linux-gnu/libXss.so.1.0.0
7fccbce4f000-7fccbce59000 r-xp 00000000 fc:00 13115148                   /usr/lib/x86_64-linux-gnu/libXrandr.so.2.2.0
7fccbce59000-7fccbd058000 ---p 0000a000 fc:00 13115148                   /usr/lib/x86_64-linux-gnu/libXrandr.so.2.2.0
7fccbd058000-7fccbd059000 r--p 00009000 fc:00 13115148                   /usr/lib/x86_64-linux-gnu/libXrandr.so.2.2.0
7fccbd059000-7fccbd05a000 rw-p 0000a000 fc:00 13115148                   /usr/lib/x86_64-linux-gnu/libXrandr.so.2.2.0
7fccbd05a000-7fccbd069000 r-xp 00000000 fc:00 13115138                   /usr/lib/x86_64-linux-gnu/libXi.so.6.1.0
7fccbd069000-7fccbd268000 ---p 0000f000 fc:00 13115138                   /usr/lib/x86_64-linux-gnu/libXi.so.6.1.0
7fccbd268000-7fccbd269000 r--p 0000e000 fc:00 13115138                   /usr/lib/x86_64-linux-gnu/libXi.so.6.1.0
7fccbd269000-7fccbd26a000 rw-p 0000f000 fc:00 13115138                   /usr/lib/x86_64-linux-gnu/libXi.so.6.1.0
7fccbd26a000-7fccbd26c000 r-xp 00000000 fc:00 13115140                   /usr/lib/x86_64-linux-gnu/libXinerama.so.1.0.0
7fccbd26c000-7fccbd46b000 ---p 00002000 fc:00 13115140                   /usr/lib/x86_64-linux-gnu/libXinerama.so.1.0.0
7fccbd46b000-7fccbd46c000 r--p 00001000 fc:00 13115140                   /usr/lib/x86_64-linux-gnu/libXinerama.so.1.0.0
7fccbd46c000-7fccbd46d000 rw-p 00002000 fc:00 13115140                   /usr/lib/x86_64-linux-gnu/libXinerama.so.1.0.0
7fccbd46d000-7fccbd476000 r-xp 00000000 fc:00 13115124                   /usr/lib/x86_64-linux-gnu/libXcursor.so.1.0.2
7fccbd476000-7fccbd675000 ---p 00009000 fc:00 13115124                   /usr/lib/x86_64-linux-gnu/libXcursor.so.1.0.2
7fccbd675000-7fccbd676000 r--p 00008000 fc:00 13115124                   /usr/lib/x86_64-linux-gnu/libXcursor.so.1.0.2
7fccbd676000-7fccbd677000 rw-p 00009000 fc:00 13115124                   /usr/lib/x86_64-linux-gnu/libXcursor.so.1.0.2
7fccbd677000-7fccbd688000 r-xp 00000000 fc:00 13115130                   /usr/lib/x86_64-linux-gnu/libXext.so.6.4.0
7fccbd688000-7fccbd887000 ---p 00011000 fc:00 13115130                   /usr/lib/x86_64-linux-gnu/libXext.so.6.4.0
7fccbd887000-7fccbd888000 r--p 00010000 fc:00 13115130                   /usr/lib/x86_64-linux-gnu/libXext.so.6.4.0
7fccbd888000-7fccbd889000 rw-p 00011000 fc:00 13115130                   /usr/lib/x86_64-linux-gnu/libXext.so.6.4.0
7fccbd889000-7fccbd9be000 r-xp 00000000 fc:00 13115113                   /usr/lib/x86_64-linux-gnu/libX11.so.6.3.0
7fccbd9be000-7fccbdbbe000 ---p 00135000 fc:00 13115113                   /usr/lib/x86_64-linux-gnu/libX11.so.6.3.0
7fccbdbbe000-7fccbdbbf000 r--p 00135000 fc:00 13115113                   /usr/lib/x86_64-linux-gnu/libX11.so.6.3.0
7fccbdbbf000-7fccbdbc3000 rw-p 00136000 fc:00 13115113                   /usr/lib/x86_64-linux-gnu/libX11.so.6.3.0
7fccbdbc3000-7fccbdbcf000 r-xp 00000000 fc:00 13110414                   /usr/lib/x86_64-linux-gnu/libsndio.so.6.1
7fccbdbcf000-7fccbddcf000 ---p 0000c000 fc:00 13110414                   /usr/lib/x86_64-linux-gnu/libsndio.so.6.1
7fccbddcf000-7fccbddd0000 r--p 0000c000 fc:00 13110414                   /usr/lib/x86_64-linux-gnu/libsndio.so.6.1
7fccbddd0000-7fccbddd1000 rw-p 0000d000 fc:00 13110414                   /usr/lib/x86_64-linux-gnu/libsndio.so.6.1
7fccbddd1000-7fccbddd3000 rw-p 00000000 00:00 0 
7fccbddd3000-7fccbde21000 r-xp 00000000 fc:00 13116114                   /usr/lib/x86_64-linux-gnu/libpulse.so.0.19.0
7fccbde21000-7fccbe020000 ---p 0004e000 fc:00 13116114                   /usr/lib/x86_64-linux-gnu/libpulse.so.0.19.0
7fccbe020000-7fccbe021000 r--p 0004d000 fc:00 13116114                   /usr/lib/x86_64-linux-gnu/libpulse.so.0.19.0
7fccbe021000-7fccbe022000 rw-p 0004e000 fc:00 13116114                   /usr/lib/x86_64-linux-gnu/libpulse.so.0.19.0
7fccbe022000-7fccbe11b000 r-xp 00000000 fc:00 13115209                   /usr/lib/x86_64-linux-gnu/libasound.so.2.0.0
7fccbe11b000-7fccbe31a000 ---p 000f9000 fc:00 13115209                   /usr/lib/x86_64-linux-gnu/libasound.so.2.0.0
7fccbe31a000-7fccbe321000 r--p 000f8000 fc:00 13115209                   /usr/lib/x86_64-linux-gnu/libasound.so.2.0.0
7fccbe321000-7fccbe322000 rw-p 000ff000 fc:00 13115209                   /usr/lib/x86_64-linux-gnu/libasound.so.2.0.0
7fccbe322000-7fccbe343000 r-xp 00000000 fc:00 13636001                   /lib/x86_64-linux-gnu/liblzma.so.5.0.0
7fccbe343000-7fccbe542000 ---p 00021000 fc:00 13636001                   /lib/x86_64-linux-gnu/liblzma.so.5.0.0
7fccbe542000-7fccbe543000 r--p 00020000 fc:00 13636001                   /lib/x86_64-linux-gnu/liblzma.so.5.0.0
7fccbe543000-7fccbe544000 rw-p 00021000 fc:00 13636001                   /lib/x86_64-linux-gnu/liblzma.so.5.0.0
7fccbe544000-7fccbe55d000 r-xp 00000000 fc:00 13636125                   /lib/x86_64-linux-gnu/libz.so.1.2.8
7fccbe55d000-7fccbe75c000 ---p 00019000 fc:00 13636125                   /lib/x86_64-linux-gnu/libz.so.1.2.8
7fccbe75c000-7fccbe75d000 r--p 00018000 fc:00 13636125                   /lib/x86_64-linux-gnu/libz.so.1.2.8
7fccbe75d000-7fccbe75e000 rw-p 00019000 fc:00 13636125                   /lib/x86_64-linux-gnu/libz.so.1.2.8
7fccbe75e000-7fccbe8dd000 r-xp 00000000 fc:00 13115809                   /usr/lib/x86_64-linux-gnu/libicuuc.so.55.1
7fccbe8dd000-7fccbeadd000 ---p 0017f000 fc:00 13115809                   /usr/lib/x86_64-linux-gnu/libicuuc.so.55.1
7fccbeadd000-7fccbeaed000 r--p 0017f000 fc:00 13115809                   /usr/lib/x86_64-linux-gnu/libicuuc.so.55.1
7fccbeaed000-7fccbeaee000 rw-p 0018f000 fc:00 13115809                   /usr/lib/x86_64-linux-gnu/libicuuc.so.55.1
7fccbeaee000-7fccbeaf2000 rw-p 00000000 00:00 0 
7fccbeaf2000-7fccbeaf5000 r-xp 00000000 fc:00 13635958                   /lib/x86_64-linux-gnu/libdl-2.23.so
7fccbeaf5000-7fccbecf4000 ---p 00003000 fc:00 13635958                   /lib/x86_64-linux-gnu/libdl-2.23.so
7fccbecf4000-7fccbecf5000 r--p 00002000 fc:00 13635958                   /lib/x86_64-linux-gnu/libdl-2.23.so
7fccbecf5000-7fccbecf6000 rw-p 00003000 fc:00 13635958                   /lib/x86_64-linux-gnu/libdl-2.23.so
7fccbecf6000-7fccbeeb6000 r-xp 00000000 fc:00 13635934                   /lib/x86_64-linux-gnu/libc-2.23.so
7fccbeeb6000-7fccbf0b5000 ---p 001c0000 fc:00 13635934                   /lib/x86_64-linux-gnu/libc-2.23.so
7fccbf0b5000-7fccbf0b9000 r--p 001bf000 fc:00 13635934                   /lib/x86_64-linux-gnu/libc-2.23.so
7fccbf0b9000-7fccbf0bb000 rw-p 001c3000 fc:00 13635934                   /lib/x86_64-linux-gnu/libc-2.23.so
7fccbf0bb000-7fccbf0bf000 rw-p 00000000 00:00 0 
7fccbf0bf000-7fccbf0d5000 r-xp 00000000 fc:00 13635972                   /lib/x86_64-linux-gnu/libgcc_s.so.1
7fccbf0d5000-7fccbf2d4000 ---p 00016000 fc:00 13635972                   /lib/x86_64-linux-gnu/libgcc_s.so.1
7fccbf2d4000-7fccbf2d5000 rw-p 00015000 fc:00 13635972                   /lib/x86_64-linux-gnu/libgcc_s.so.1
7fccbf2d5000-7fccbf447000 r-xp 00000000 fc:00 13109252                   /usr/lib/x86_64-linux-gnu/libstdc++.so.6.0.21
7fccbf447000-7fccbf647000 ---p 00172000 fc:00 13109252                   /usr/lib/x86_64-linux-gnu/libstdc++.so.6.0.21
7fccbf647000-7fccbf651000 r--p 00172000 fc:00 13109252                   /usr/lib/x86_64-linux-gnu/libstdc++.so.6.0.21
7fccbf651000-7fccbf653000 rw-p 0017c000 fc:00 13109252                   /usr/lib/x86_64-linux-gnu/libstdc++.so.6.0.21
7fccbf653000-7fccbf657000 rw-p 00000000 00:00 0 
7fccbf657000-7fccbf75f000 r-xp 00000000 fc:00 13636004                   /lib/x86_64-linux-gnu/libm-2.23.so
7fccbf75f000-7fccbf95e000 ---p 00108000 fc:00 13636004                   /lib/x86_64-linux-gnu/libm-2.23.so
7fccbf95e000-7fccbf95f000 r--p 00107000 fc:00 13636004                   /lib/x86_64-linux-gnu/libm-2.23.so
7fccbf95f000-7fccbf960000 rw-p 00108000 fc:00 13636004                   /lib/x86_64-linux-gnu/libm-2.23.so
7fccbf960000-7fccc05af000 r-xp 00000000 fc:00 13243293                   /usr/lib/jvm/java-8-openjdk-amd64/jre/lib/amd64/server/libjvm.so
7fccc05af000-7fccc07ae000 ---p 00c4f000 fc:00 13243293                   /usr/lib/jvm/java-8-openjdk-amd64/jre/lib/amd64/server/libjvm.so
7fccc07ae000-7fccc0841000 r--p 00c4e000 fc:00 13243293                   /usr/lib/jvm/java-8-openjdk-amd64/jre/lib/amd64/server/libjvm.so
7fccc0841000-7fccc086a000 rw-p 00ce1000 fc:00 13243293                   /usr/lib/jvm/java-8-openjdk-amd64/jre/lib/amd64/server/libjvm.so
7fccc086a000-7fccc089a000 rw-p 00000000 00:00 0 
7fccc089a000-7fccc08a1000 r-xp 00000000 fc:00 13110477                   /usr/lib/x86_64-linux-gnu/libSDL2_ttf-2.0.so.0.14.0
7fccc08a1000-7fccc0aa0000 ---p 00007000 fc:00 13110477                   /usr/lib/x86_64-linux-gnu/libSDL2_ttf-2.0.so.0.14.0
7fccc0aa0000-7fccc0aa1000 r--p 00006000 fc:00 13110477                   /usr/lib/x86_64-linux-gnu/libSDL2_ttf-2.0.so.0.14.0
7fccc0aa1000-7fccc0aa2000 rw-p 00007000 fc:00 13110477                   /usr/lib/x86_64-linux-gnu/libSDL2_ttf-2.0.so.0.14.0
7fccc0aa2000-7fccc0ba9000 r-xp 00000000 fc:00 13110415                   /usr/lib/x86_64-linux-gnu/libSDL2-2.0.so.0.4.0
7fccc0ba9000-7fccc0da9000 ---p 00107000 fc:00 13110415                   /usr/lib/x86_64-linux-gnu/libSDL2-2.0.so.0.4.0
7fccc0da9000-7fccc0dad000 r--p 00107000 fc:00 13110415                   /usr/lib/x86_64-linux-gnu/libSDL2-2.0.so.0.4.0
7fccc0dad000-7fccc0db1000 rw-p 0010b000 fc:00 13110415                   /usr/lib/x86_64-linux-gnu/libSDL2-2.0.so.0.4.0
7fccc0db1000-7fccc0db5000 rw-p 00000000 00:00 0 
7fccc0db5000-7fccc0df2000 r-xp 00000000 fc:00 13110278                   /usr/lib/x86_64-linux-gnu/libgslcblas.so.0.0.0
7fccc0df2000-7fccc0ff1000 ---p 0003d000 fc:00 13110278                   /usr/lib/x86_64-linux-gnu/libgslcblas.so.0.0.0
7fccc0ff1000-7fccc0ff2000 r--p 0003c000 fc:00 13110278                   /usr/lib/x86_64-linux-gnu/libgslcblas.so.0.0.0
7fccc0ff2000-7fccc0ff3000 rw-p 0003d000 fc:00 13110278                   /usr/lib/x86_64-linux-gnu/libgslcblas.so.0.0.0
7fccc0ff3000-7fccc1221000 r-xp 00000000 fc:00 13110276                   /usr/lib/x86_64-linux-gnu/libgsl.so.19.0.0
7fccc1221000-7fccc1420000 ---p 0022e000 fc:00 13110276                   /usr/lib/x86_64-linux-gnu/libgsl.so.19.0.0
7fccc1420000-7fccc1423000 r--p 0022d000 fc:00 13110276                   /usr/lib/x86_64-linux-gnu/libgsl.so.19.0.0
7fccc1423000-7fccc1431000 rw-p 00230000 fc:00 13110276                   /usr/lib/x86_64-linux-gnu/libgsl.so.19.0.0
7fccc1431000-7fccc1432000 rw-p 00000000 00:00 0 
7fccc1432000-7fccc15e1000 r-xp 00000000 fc:00 13116505                   /usr/lib/x86_64-linux-gnu/libxml2.so.2.9.3
7fccc15e1000-7fccc17e1000 ---p 001af000 fc:00 13116505                   /usr/lib/x86_64-linux-gnu/libxml2.so.2.9.3
7fccc17e1000-7fccc17e9000 r--p 001af000 fc:00 13116505                   /usr/lib/x86_64-linux-gnu/libxml2.so.2.9.3
7fccc17e9000-7fccc17eb000 rw-p 001b7000 fc:00 13116505                   /usr/lib/x86_64-linux-gnu/libxml2.so.2.9.3
7fccc17eb000-7fccc17ec000 rw-p 00000000 00:00 0 
7fccc17ec000-7fccc1812000 r-xp 00000000 fc:00 13635906                   /lib/x86_64-linux-gnu/ld-2.23.so
7fccc1812000-7fccc1813000 r--s 0000a000 fc:00 13371711                   /usr/lib/jvm/java-8-openjdk-amd64/jre/lib/ext/jaccess.jar
7fccc1813000-7fccc1816000 r--s 0000f000 fc:00 13372864                   /usr/lib/jvm/java-8-openjdk-amd64/jre/lib/ext/icedtea-sound.jar
7fccc1816000-7fccc195f000 rw-p 00000000 00:00 0 
7fccc195f000-7fccc19df000 r-xp 00000000 fc:00 13632177                   /lib/x86_64-linux-gnu/libsystemd.so.0.14.0
7fccc19df000-7fccc19e2000 r--p 0007f000 fc:00 13632177                   /lib/x86_64-linux-gnu/libsystemd.so.0.14.0
7fccc19e2000-7fccc19e3000 rw-p 00082000 fc:00 13632177                   /lib/x86_64-linux-gnu/libsystemd.so.0.14.0
7fccc19e3000-7fccc19f3000 rw-p 00000000 00:00 0 
7fccc19f3000-7fccc19f5000 r--s 00008000 fc:00 13372357                   /usr/lib/jvm/java-8-openjdk-amd64/jre/lib/ext/sunec.jar
7fccc19f5000-7fccc19ff000 r--s 00116000 fc:00 13372358                   /usr/lib/jvm/java-8-openjdk-amd64/jre/lib/ext/localedata.jar
7fccc19ff000-7fccc1a01000 r--s 00001000 fc:00 13372865                   /usr/lib/jvm/java-8-openjdk-amd64/jre/lib/ext/dnsns.jar
7fccc1a01000-7fccc1a05000 r--s 00037000 fc:00 13371710                   /usr/lib/jvm/java-8-openjdk-amd64/jre/lib/ext/sunpkcs11.jar
7fccc1a05000-7fccc1a0d000 rw-s 00000000 fc:00 10485775                   /tmp/hsperfdata_louis/6778
7fccc1a0d000-7fccc1a0e000 rw-p 00000000 00:00 0 
7fccc1a0e000-7fccc1a0f000 r--p 00000000 00:00 0 
7fccc1a0f000-7fccc1a11000 rw-p 00000000 00:00 0 
7fccc1a11000-7fccc1a12000 r--p 00025000 fc:00 13635906                   /lib/x86_64-linux-gnu/ld-2.23.so
7fccc1a12000-7fccc1a13000 rw-p 00026000 fc:00 13635906                   /lib/x86_64-linux-gnu/ld-2.23.so
7fccc1a13000-7fccc1a14000 rw-p 00000000 00:00 0 
7ffd07d4c000-7ffd07d4f000 ---p 00000000 00:00 0 
7ffd07d50000-7ffd07e4c000 rw-p 00000000 00:00 0                          [stack]
7ffd07fb6000-7ffd07fb8000 r--p 00000000 00:00 0                          [vvar]
7ffd07fb8000-7ffd07fba000 r-xp 00000000 00:00 0                          [vdso]
ffffffffff600000-ffffffffff601000 r-xp 00000000 00:00 0                  [vsyscall]

VM Arguments:
jvm_args: -Djava.library.path=/usr/lib/jni 
java_command: <unknown>
java_class_path (initial): /home/louis/Documents/Robotics/MICRO_MobileRobots/m454_project/mbsysCopy/mbs_common/mbs_realtime/../../mbsyspad/MBsysPad.jar
Launcher Type: generic

Environment Variables:
PATH=/home/louis/bin:/home/louis/.local/bin:/usr/local/sbin:/usr/local/bin:/usr/sbin:/usr/bin:/sbin:/bin:/usr/games:/usr/local/games:/snap/bin
SHELL=/bin/bash
DISPLAY=:0

Signal Handlers:
SIGSEGV: [libjvm.so+0xa65880], sa_mask[0]=11111111011111111101111111111110, sa_flags=SA_RESTART|SA_SIGINFO
SIGBUS: [libjvm.so+0xa65880], sa_mask[0]=11111111011111111101111111111110, sa_flags=SA_RESTART|SA_SIGINFO
SIGFPE: [libjvm.so+0x8af1c0], sa_mask[0]=11111111011111111101111111111110, sa_flags=SA_RESTART|SA_SIGINFO
SIGPIPE: [libjvm.so+0x8af1c0], sa_mask[0]=11111111011111111101111111111110, sa_flags=SA_RESTART|SA_SIGINFO
SIGXFSZ: [libjvm.so+0x8af1c0], sa_mask[0]=11111111011111111101111111111110, sa_flags=SA_RESTART|SA_SIGINFO
SIGILL: [libjvm.so+0x8af1c0], sa_mask[0]=11111111011111111101111111111110, sa_flags=SA_RESTART|SA_SIGINFO
SIGUSR1: SIG_DFL, sa_mask[0]=00000000000000000000000000000000, sa_flags=none
SIGUSR2: [libjvm.so+0x8af070], sa_mask[0]=00000000000000000000000000000000, sa_flags=SA_RESTART|SA_SIGINFO
SIGHUP: [libjvm.so+0x8af540], sa_mask[0]=11111111011111111101111111111110, sa_flags=SA_RESTART|SA_SIGINFO
SIGINT: [libjvm.so+0x8af540], sa_mask[0]=11111111011111111101111111111110, sa_flags=SA_RESTART|SA_SIGINFO
SIGTERM: [libjvm.so+0x8af540], sa_mask[0]=11111111011111111101111111111110, sa_flags=SA_RESTART|SA_SIGINFO
SIGQUIT: [libjvm.so+0x8af540], sa_mask[0]=11111111011111111101111111111110, sa_flags=SA_RESTART|SA_SIGINFO


---------------  S Y S T E M  ---------------

OS:DISTRIB_ID=Ubuntu
DISTRIB_RELEASE=16.04
DISTRIB_CODENAME=xenial
DISTRIB_DESCRIPTION="Ubuntu 16.04.1 LTS"

uname:Linux 4.4.0-47-generic #68-Ubuntu SMP Wed Oct 26 19:39:52 UTC 2016 x86_64
libc:glibc 2.23 NPTL 2.23 
rlimit: STACK 8192k, CORE 0k, NPROC 23394, NOFILE 65536, AS infinity
load average:0.23 0.27 0.27

/proc/meminfo:
MemTotal:        6030368 kB
MemFree:         3553696 kB
MemAvailable:    4243220 kB
Buffers:           72324 kB
Cached:          1167004 kB
SwapCached:            0 kB
Active:          1434080 kB
Inactive:         854548 kB
Active(anon):    1053012 kB
Inactive(anon):   363796 kB
Active(file):     381068 kB
Inactive(file):   490752 kB
Unevictable:          32 kB
Mlocked:              32 kB
SwapTotal:       6209532 kB
SwapFree:        6209532 kB
Dirty:              1408 kB
Writeback:             0 kB
AnonPages:       1049448 kB
Mapped:           299588 kB
Shmem:            367512 kB
Slab:              89028 kB
SReclaimable:      58012 kB
SUnreclaim:        31016 kB
KernelStack:        7504 kB
PageTables:        31612 kB
NFS_Unstable:          0 kB
Bounce:                0 kB
WritebackTmp:          0 kB
CommitLimit:     9224716 kB
Committed_AS:    4428728 kB
VmallocTotal:   34359738367 kB
VmallocUsed:           0 kB
VmallocChunk:          0 kB
HardwareCorrupted:     0 kB
AnonHugePages:    618496 kB
CmaTotal:              0 kB
CmaFree:               0 kB
HugePages_Total:       0
HugePages_Free:        0
HugePages_Rsvd:        0
HugePages_Surp:        0
Hugepagesize:       2048 kB
DirectMap4k:      132304 kB
DirectMap2M:     3981312 kB
DirectMap1G:     3145728 kB


CPU:total 2 (2 cores per cpu, 1 threads per core) family 6 model 60 stepping 3, cmov, cx8, fxsr, mmx, sse, sse2, sse3, ssse3, sse4.1, sse4.2, popcnt, clmul, erms, lzcnt, tsc, tscinvbit

/proc/cpuinfo:
processor	: 0
vendor_id	: GenuineIntel
cpu family	: 6
model		: 60
model name	: Intel(R) Celeron(R) CPU 2970M @ 2.20GHz
stepping	: 3
microcode	: 0x17
cpu MHz		: 2199.914
cache size	: 2048 KB
physical id	: 0
siblings	: 2
core id		: 0
cpu cores	: 2
apicid		: 0
initial apicid	: 0
fpu		: yes
fpu_exception	: yes
cpuid level	: 13
wp		: yes
flags		: fpu vme de pse tsc msr pae mce cx8 apic sep mtrr pge mca cmov pat pse36 clflush dts acpi mmx fxsr sse sse2 ss ht tm pbe syscall nx pdpe1gb rdtscp lm constant_tsc arch_perfmon pebs bts rep_good nopl xtopology nonstop_tsc aperfmperf eagerfpu pni pclmulqdq dtes64 monitor ds_cpl vmx est tm2 ssse3 sdbg cx16 xtpr pdcm pcid sse4_1 sse4_2 movbe popcnt tsc_deadline_timer xsave rdrand lahf_lm abm epb tpr_shadow vnmi flexpriority ept vpid fsgsbase tsc_adjust erms invpcid xsaveopt dtherm arat pln pts
bugs		:
bogomips	: 4390.10
clflush size	: 64
cache_alignment	: 64
address sizes	: 39 bits physical, 48 bits virtual
power management:

processor	: 1
vendor_id	: GenuineIntel
cpu family	: 6
model		: 60
model name	: Intel(R) Celeron(R) CPU 2970M @ 2.20GHz
stepping	: 3
microcode	: 0x17
cpu MHz		: 2199.914
cache size	: 2048 KB
physical id	: 0
siblings	: 2
core id		: 1
cpu cores	: 2
apicid		: 2
initial apicid	: 2
fpu		: yes
fpu_exception	: yes
cpuid level	: 13
wp		: yes
flags		: fpu vme de pse tsc msr pae mce cx8 apic sep mtrr pge mca cmov pat pse36 clflush dts acpi mmx fxsr sse sse2 ss ht tm pbe syscall nx pdpe1gb rdtscp lm constant_tsc arch_perfmon pebs bts rep_good nopl xtopology nonstop_tsc aperfmperf eagerfpu pni pclmulqdq dtes64 monitor ds_cpl vmx est tm2 ssse3 sdbg cx16 xtpr pdcm pcid sse4_1 sse4_2 movbe popcnt tsc_deadline_timer xsave rdrand lahf_lm abm epb tpr_shadow vnmi flexpriority ept vpid fsgsbase tsc_adjust erms invpcid xsaveopt dtherm arat pln pts
bugs		:
bogomips	: 4390.10
clflush size	: 64
cache_alignment	: 64
address sizes	: 39 bits physical, 48 bits virtual
power management:



Memory: 4k page, physical 6030368k(3553696k free), swap 6209532k(6209532k free)

vm_info: OpenJDK 64-Bit Server VM (25.111-b14) for linux-amd64 JRE (1.8.0_111-8u111-b14-2ubuntu0.16.04.2-b14), built on Oct 27 2016 18:10:19 by "buildd" with gcc 5.4.0 20160609

time: Wed Nov 16 09:10:12 2016
elapsed time: 2 seconds (0d 0h 0m 2s)

