#
# A fatal error has been detected by the Java Runtime Environment:
#
#  SIGSEGV (0xb) at pc=0x080924a7, pid=18500, tid=3045783296
#
# JRE version: OpenJDK Runtime Environment (7.0_111-b01) (build 1.7.0_111-b01)
# Java VM: OpenJDK Server VM (24.111-b01 mixed mode linux-x86 )
# Derivative: IcedTea 2.6.7
# Distribution: Ubuntu 14.04 LTS, package 7u111-2.6.7-0ubuntu0.14.04.3
# Problematic frame:
# C  [exe_projectRobotran+0x4a4a7]  ctrlGr4::SearchGraph::computePath(int, int)+0x137
#
# Failed to write core dump. Core dumps have been disabled. To enable core dumping, try "ulimit -c unlimited" before starting Java again
#
# If you would like to submit a bug report, please include
# instructions on how to reproduce the bug and visit:
#   http://icedtea.classpath.org/bugzilla
# The crash happened outside the Java Virtual Machine in native code.
# See problematic frame for where to report the bug.
#

---------------  T H R E A D  ---------------

Current thread (0x0951a000):  JavaThread "main" [_thread_in_native, id=18500, stack(0xbf971000,0xbf9c1000)]

siginfo:si_signo=SIGSEGV: si_errno=0, si_code=1 (SEGV_MAPERR), si_addr=0x0000002c

Registers:
EAX=0x00000000, EBX=0x00000000, ECX=0x00000004, EDX=0x09e263f0
ESP=0xbf9be1e0, EBP=0xbf9be278, ESI=0xbf9be21c, EDI=0x09e25870
EIP=0x080924a7, EFLAGS=0x00010246, CR2=0x0000002c

Top of Stack: (sp=0xbf9be1e0)
0xbf9be1e0:   bf9be21c 09e25874 09e258d8 080a56dc
0xbf9be1f0:   bf9be22c bf9be221 00000000 00000038
0xbf9be200:   00000000 09e26300 00000000 0000006e
0xbf9be210:   00000000 00000077 09e25878 09e264f0
0xbf9be220:   09e26368 09e26298 09e25898 bf9be288
0xbf9be230:   b6250420 09e25898 bf9be2e8 b611b888
0xbf9be240:   bf9be25c 09e25874 09e25878 080a56dc
0xbf9be250:   00000000 00000000 00000000 b62bb8b7 

Instructions: (pc=0x080924a7)
0x08092487:   54 24 08 89 5c 24 04 89 34 24 e8 ca 05 00 00 8b
0x08092497:   55 a4 83 ec 04 8b 42 14 31 db 89 45 8c 8b 45 90
0x080924a7:   8b 70 2c c7 44 24 04 00 00 00 00 89 04 24 89 75
0x080924b7:   9c e8 73 fa ff ff 8b 45 9c c7 44 24 04 80 56 0a 

Register to memory mapping:

EAX=0x00000000 is an unknown value
EBX=0x00000000 is an unknown value
ECX=0x00000004 is an unknown value
EDX=0x09e263f0 is an unknown value
ESP=0xbf9be1e0 is pointing into the stack for thread: 0x0951a000
EBP=0xbf9be278 is pointing into the stack for thread: 0x0951a000
ESI=0xbf9be21c is pointing into the stack for thread: 0x0951a000
EDI=0x09e25870 is an unknown value


Stack: [0xbf971000,0xbf9c1000],  sp=0xbf9be1e0,  free space=308k
Native frames: (J=compiled Java code, j=interpreted, Vv=VM code, C=native code)
C  [exe_projectRobotran+0x4a4a7]  ctrlGr4::SearchGraph::computePath(int, int)+0x137
C  [exe_projectRobotran+0x495d4]  ctrlGr4::controller_loop(ctrlGr4::CtrlStruct*)+0x2e4


---------------  P R O C E S S  ---------------

Java Threads: ( => current thread )
  0x09cdf000 JavaThread "J3D-InputDeviceScheduler-1" [_thread_blocked, id=18532, stack(0x64e34000,0x64e85000)]
  0x09d23400 JavaThread "J3D-SoundSchedulerUpdateThread-1" [_thread_blocked, id=18531, stack(0x64e85000,0x64ed6000)]
  0x09fe5000 JavaThread "J3D-RenderStructureUpdateThread-1" [_thread_blocked, id=18530, stack(0x63c4f000,0x63ca0000)]
  0x09e58800 JavaThread "J3D-BehaviorScheduler-1" [_thread_blocked, id=18529, stack(0x64ed6000,0x64f27000)]
  0x09e14c00 JavaThread "J3D-TransformStructureUpdateThread-1" [_thread_blocked, id=18528, stack(0x64f5e000,0x64faf000)]
  0x09cd2800 JavaThread "J3D-RenderingEnvironmentStructureUpdateThread-1" [_thread_blocked, id=18527, stack(0x64faf000,0x65000000)]
  0x09cffc00 JavaThread "J3D-SoundStructureUpdateThread-1" [_thread_blocked, id=18526, stack(0x6510d000,0x6515e000)]
  0x09c2dc00 JavaThread "J3D-GeometryStructureUpdateThread-1" [_thread_blocked, id=18525, stack(0x6515e000,0x651af000)]
  0x09c2d000 JavaThread "J3D-BehaviorStructureUpdateThread-1" [_thread_blocked, id=18524, stack(0x651af000,0x65200000)]
  0x09bbd800 JavaThread "AWT-EventQueue-0" [_thread_blocked, id=18523, stack(0x6553e000,0x6558f000)]
  0x09adb400 JavaThread "AWT-Shutdown" [_thread_blocked, id=18522, stack(0x653af000,0x65400000)]
  0x09a5a000 JavaThread "Image Fetcher 0" daemon [_thread_blocked, id=18521, stack(0x6535e000,0x653af000)]
  0x09a58400 JavaThread "Timer-0" daemon [_thread_blocked, id=18518, stack(0x6558f000,0x655e0000)]
  0x09a3c800 JavaThread "J3D-Renderer-1" [_thread_blocked, id=18517, stack(0x65cc5000,0x65d16000)]
  0x09a3b000 JavaThread "J3D-MasterControl-1" [_thread_blocked, id=18516, stack(0x65d16000,0x65d67000)]
  0x099ef000 JavaThread "J3D-NotificationThread" [_thread_blocked, id=18515, stack(0x65d67000,0x65db8000)]
  0x09a39000 JavaThread "J3D-TimerThread" [_thread_blocked, id=18514, stack(0x65db8000,0x65e09000)]
  0x09a38000 JavaThread "J3D-RenderingAttributesStructureUpdateThread" [_thread_blocked, id=18513, stack(0x65e09000,0x65e5a000)]
  0x09754400 JavaThread "AWT-XAWT" daemon [_thread_blocked, id=18512, stack(0x660bb000,0x6610c000)]
  0x09743800 JavaThread "Java2D Disposer" daemon [_thread_blocked, id=18511, stack(0x6610c000,0x6615d000)]
  0x09640800 JavaThread "Service Thread" daemon [_thread_blocked, id=18509, stack(0x666ad000,0x666fe000)]
  0x0963e800 JavaThread "C2 CompilerThread1" daemon [_thread_in_native, id=18508, stack(0x666fe000,0x6677f000)]
  0x0963c800 JavaThread "C2 CompilerThread0" daemon [_thread_blocked, id=18507, stack(0x6677f000,0x66800000)]
  0x0963b000 JavaThread "Signal Dispatcher" daemon [_thread_blocked, id=18506, stack(0x66b00000,0x66b51000)]
  0x09625c00 JavaThread "Finalizer" daemon [_thread_blocked, id=18505, stack(0x66b51000,0x66ba2000)]
  0x09624000 JavaThread "Reference Handler" daemon [_thread_blocked, id=18504, stack(0x6960b000,0x6965c000)]
=>0x0951a000 JavaThread "main" [_thread_in_native, id=18500, stack(0xbf971000,0xbf9c1000)]

Other Threads:
  0x09621800 VMThread [stack: 0x66ba2000,0x66c23000] [id=18503]
  0x09642800 WatcherThread [stack: 0x6662c000,0x666ad000] [id=18510]

VM state:at safepoint (normal execution)

VM Mutex/Monitor currently owned by a thread:  ([mutex/lock_event])
[0x09513200] Threads_lock - owner thread: 0x09621800
[0x09513610] Heap_lock - owner thread: 0x09a39000

Heap
 PSYoungGen      total 74752K, used 70861K [0x9ae00000, 0xa0280000, 0xaf6c0000)
  eden space 63488K, 100% used [0x9ae00000,0x9ec00000,0x9ec00000)
  from space 11264K, 65% used [0x9f780000,0x9feb35a0,0xa0280000)
  to   space 11520K, 17% used [0x9ec00000,0x9ee00fa0,0x9f740000)
 ParOldGen       total 41984K, used 20131K [0x71cc0000, 0x745c0000, 0x9ae00000)
  object space 41984K, 47% used [0x71cc0000,0x73068ee0,0x745c0000)
 PSPermGen       total 16384K, used 13947K [0x69cc0000, 0x6acc0000, 0x71cc0000)
  object space 16384K, 85% used [0x69cc0000,0x6aa5ecf0,0x6acc0000)

Card table byte_map: [0x69a92000,0x69cc0000] byte_map_base: 0x69743a00

Polling page: 0xb771b000

Code Cache  [0xaf7b0000, 0xaf9f0000, 0xb27b0000)
 total_blobs=591 nmethods=255 adapters=290 free_code_cache=48249Kb largest_free_block=49366016

Compilation events (10 events):
Event: 4.497 Thread 0x0963e800 nmethod 267 0xaf8868c8 code [0xaf8869a0, 0xaf886a10]
Event: 4.557 Thread 0x0963e800  268             java.lang.StringBuilder::<init> (7 bytes)
Event: 4.559 Thread 0x0963e800 nmethod 268 0xaf889cc8 code [0xaf889dc0, 0xaf889e90]
Event: 4.566 Thread 0x0963c800 nmethod 253% 0xaf892a48 code [0xaf893000, 0xaf8961c8]
Event: 4.577 Thread 0x0963e800  269             sun.java2d.loops.GraphicsPrimitive::getUniqueID (5 bytes)
Event: 4.578 Thread 0x0963e800 nmethod 269 0xaf889b48 code [0xaf889c20, 0xaf889c70]
Event: 4.888 Thread 0x0963e800  270             javax.vecmath.Tuple3d::set (17 bytes)
Event: 4.889 Thread 0x0963e800 nmethod 270 0xaf80f008 code [0xaf80f0e0, 0xaf80f130]
Event: 4.889 Thread 0x0963e800  271             javax.media.j3d.Transform3D::transform (151 bytes)
Event: 4.891 Thread 0x0963e800 nmethod 271 0xaf80ed08 code [0xaf80ee00, 0xaf80ef10]

GC Heap History (10 events):
Event: 2.384 GC heap before
{Heap before GC invocations=2 (full 0):
 PSYoungGen      total 18432K, used 18426K [0x9ae00000, 0x9c280000, 0xaf6c0000)
  eden space 15872K, 100% used [0x9ae00000,0x9bd80000,0x9bd80000)
  from space 2560K, 99% used [0x9bd80000,0x9bffe840,0x9c000000)
  to   space 2560K, 0% used [0x9c000000,0x9c000000,0x9c280000)
 ParOldGen       total 41984K, used 574K [0x71cc0000, 0x745c0000, 0x9ae00000)
  object space 41984K, 1% used [0x71cc0000,0x71d4fa20,0x745c0000)
 PSPermGen       total 16384K, used 12157K [0x69cc0000, 0x6acc0000, 0x71cc0000)
  object space 16384K, 74% used [0x69cc0000,0x6a89f7f8,0x6acc0000)
Event: 2.403 GC heap after
Heap after GC invocations=2 (full 0):
 PSYoungGen      total 18432K, used 2544K [0x9ae00000, 0x9d200000, 0xaf6c0000)
  eden space 15872K, 0% used [0x9ae00000,0x9ae00000,0x9bd80000)
  from space 2560K, 99% used [0x9c000000,0x9c27c070,0x9c280000)
  to   space 2560K, 0% used [0x9bd80000,0x9bd80000,0x9c000000)
 ParOldGen       total 41984K, used 2725K [0x71cc0000, 0x745c0000, 0x9ae00000)
  object space 41984K, 6% used [0x71cc0000,0x71f69490,0x745c0000)
 PSPermGen       total 16384K, used 12157K [0x69cc0000, 0x6acc0000, 0x71cc0000)
  object space 16384K, 74% used [0x69cc0000,0x6a89f7f8,0x6acc0000)
}
Event: 2.603 GC heap before
{Heap before GC invocations=3 (full 0):
 PSYoungGen      total 18432K, used 18416K [0x9ae00000, 0x9d200000, 0xaf6c0000)
  eden space 15872K, 100% used [0x9ae00000,0x9bd80000,0x9bd80000)
  from space 2560K, 99% used [0x9c000000,0x9c27c070,0x9c280000)
  to   space 2560K, 0% used [0x9bd80000,0x9bd80000,0x9c000000)
 ParOldGen       total 41984K, used 2725K [0x71cc0000, 0x745c0000, 0x9ae00000)
  object space 41984K, 6% used [0x71cc0000,0x71f69490,0x745c0000)
 PSPermGen       total 16384K, used 12172K [0x69cc0000, 0x6acc0000, 0x71cc0000)
  object space 16384K, 74% used [0x69cc0000,0x6a8a3030,0x6acc0000)
Event: 2.624 GC heap after
Heap after GC invocations=3 (full 0):
 PSYoungGen      total 18432K, used 2553K [0x9ae00000, 0x9d200000, 0xaf6c0000)
  eden space 15872K, 0% used [0x9ae00000,0x9ae00000,0x9bd80000)
  from space 2560K, 99% used [0x9bd80000,0x9bffe6e8,0x9c000000)
  to   space 2560K, 0% used [0x9cf80000,0x9cf80000,0x9d200000)
 ParOldGen       total 41984K, used 7389K [0x71cc0000, 0x745c0000, 0x9ae00000)
  object space 41984K, 17% used [0x71cc0000,0x723f7790,0x745c0000)
 PSPermGen       total 16384K, used 12172K [0x69cc0000, 0x6acc0000, 0x71cc0000)
  object space 16384K, 74% used [0x69cc0000,0x6a8a3030,0x6acc0000)
}
Event: 2.732 GC heap before
{Heap before GC invocations=4 (full 0):
 PSYoungGen      total 18432K, used 18425K [0x9ae00000, 0x9d200000, 0xaf6c0000)
  eden space 15872K, 100% used [0x9ae00000,0x9bd80000,0x9bd80000)
  from space 2560K, 99% used [0x9bd80000,0x9bffe6e8,0x9c000000)
  to   space 2560K, 0% used [0x9cf80000,0x9cf80000,0x9d200000)
 ParOldGen       total 41984K, used 7389K [0x71cc0000, 0x745c0000, 0x9ae00000)
  object space 41984K, 17% used [0x71cc0000,0x723f7790,0x745c0000)
 PSPermGen       total 16384K, used 12172K [0x69cc0000, 0x6acc0000, 0x71cc0000)
  object space 16384K, 74% used [0x69cc0000,0x6a8a3320,0x6acc0000)
Event: 2.754 GC heap after
Heap after GC invocations=4 (full 0):
 PSYoungGen      total 34304K, used 2545K [0x9ae00000, 0x9d200000, 0xaf6c0000)
  eden space 31744K, 0% used [0x9ae00000,0x9ae00000,0x9cd00000)
  from space 2560K, 99% used [0x9cf80000,0x9d1fc6f8,0x9d200000)
  to   space 2560K, 0% used [0x9cd00000,0x9cd00000,0x9cf80000)
 ParOldGen       total 41984K, used 12180K [0x71cc0000, 0x745c0000, 0x9ae00000)
  object space 41984K, 29% used [0x71cc0000,0x728a50e8,0x745c0000)
 PSPermGen       total 16384K, used 12172K [0x69cc0000, 0x6acc0000, 0x71cc0000)
  object space 16384K, 74% used [0x69cc0000,0x6a8a3320,0x6acc0000)
}
Event: 3.126 GC heap before
{Heap before GC invocations=5 (full 0):
 PSYoungGen      total 34304K, used 34289K [0x9ae00000, 0x9d200000, 0xaf6c0000)
  eden space 31744K, 100% used [0x9ae00000,0x9cd00000,0x9cd00000)
  from space 2560K, 99% used [0x9cf80000,0x9d1fc6f8,0x9d200000)
  to   space 2560K, 0% used [0x9cd00000,0x9cd00000,0x9cf80000)
 ParOldGen       total 41984K, used 12180K [0x71cc0000, 0x745c0000, 0x9ae00000)
  object space 41984K, 29% used [0x71cc0000,0x728a50e8,0x745c0000)
 PSPermGen       total 16384K, used 12852K [0x69cc0000, 0x6acc0000, 0x71cc0000)
  object space 16384K, 78% used [0x69cc0000,0x6a94d158,0x6acc0000)
Event: 3.165 GC heap after
Heap after GC invocations=5 (full 0):
 PSYoungGen      total 34304K, used 2552K [0x9ae00000, 0xa0300000, 0xaf6c0000)
  eden space 31744K, 0% used [0x9ae00000,0x9ae00000,0x9cd00000)
  from space 2560K, 99% used [0x9cd00000,0x9cf7e3e0,0x9cf80000)
  to   space 11776K, 0% used [0x9f780000,0x9f780000,0xa0300000)
 ParOldGen       total 41984K, used 20123K [0x71cc0000, 0x745c0000, 0x9ae00000)
  object space 41984K, 47% used [0x71cc0000,0x73066ee0,0x745c0000)
 PSPermGen       total 16384K, used 12852K [0x69cc0000, 0x6acc0000, 0x71cc0000)
  object space 16384K, 78% used [0x69cc0000,0x6a94d158,0x6acc0000)
}
Event: 3.649 GC heap before
{Heap before GC invocations=6 (full 0):
 PSYoungGen      total 34304K, used 34296K [0x9ae00000, 0xa0300000, 0xaf6c0000)
  eden space 31744K, 100% used [0x9ae00000,0x9cd00000,0x9cd00000)
  from space 2560K, 99% used [0x9cd00000,0x9cf7e3e0,0x9cf80000)
  to   space 11776K, 0% used [0x9f780000,0x9f780000,0xa0300000)
 ParOldGen       total 41984K, used 20123K [0x71cc0000, 0x745c0000, 0x9ae00000)
  object space 41984K, 47% used [0x71cc0000,0x73066ee0,0x745c0000)
 PSPermGen       total 16384K, used 12895K [0x69cc0000, 0x6acc0000, 0x71cc0000)
  object space 16384K, 78% used [0x69cc0000,0x6a957fb0,0x6acc0000)
Event: 3.685 GC heap after
Heap after GC invocations=6 (full 0):
 PSYoungGen      total 74752K, used 7373K [0x9ae00000, 0xa0280000, 0xaf6c0000)
  eden space 63488K, 0% used [0x9ae00000,0x9ae00000,0x9ec00000)
  from space 11264K, 65% used [0x9f780000,0x9feb35a0,0xa0280000)
  to   space 11520K, 0% used [0x9ec00000,0x9ec00000,0x9f740000)
 ParOldGen       total 41984K, used 20123K [0x71cc0000, 0x745c0000, 0x9ae00000)
  object space 41984K, 47% used [0x71cc0000,0x73066ee0,0x745c0000)
 PSPermGen       total 16384K, used 12895K [0x69cc0000, 0x6acc0000, 0x71cc0000)
  object space 16384K, 78% used [0x69cc0000,0x6a957fb0,0x6acc0000)
}

Deoptimization events (10 events):
Event: 3.237 Thread 0x0951a000 Uncommon trap: reason=class_check action=maybe_recompile pc=0xaf84504c method=javax.vecmath.Tuple3f.equals(Ljava/lang/Object;)Z @ 1
Event: 3.237 Thread 0x0951a000 Uncommon trap: reason=unstable_if action=reinterpret pc=0xaf853a70 method=com.sun.j3d.utils.geometry.EdgeTable.<init>([I)V @ 68
Event: 3.243 Thread 0x0951a000 Uncommon trap: reason=unstable_if action=reinterpret pc=0xaf8684b0 method=sun.misc.FloatingDecimal.readJavaFormatString(Ljava/lang/String;)Lsun/misc/FloatingDecimal; @ 509
Event: 3.271 Thread 0x0951a000 Uncommon trap: reason=unstable_if action=reinterpret pc=0xaf849194 method=com.sun.j3d.utils.geometry.EdgeTable.<init>([I)V @ 68
Event: 4.386 Thread 0x0951a000 Uncommon trap: reason=unstable_if action=reinterpret pc=0xaf86b520 method=java.util.Properties.load0(Ljava/util/Properties$LineReader;)V @ 12
Event: 4.402 Thread 0x0951a000 Uncommon trap: reason=unstable_if action=reinterpret pc=0xaf833548 method=java.util.ArrayList.indexOf(Ljava/lang/Object;)I @ 41
Event: 4.568 Thread 0x0951a000 Uncommon trap: reason=bimorphic action=maybe_recompile pc=0xaf8635a4 method=java.util.HashMap.put(Ljava/lang/Object;Ljava/lang/Object;)Ljava/lang/Object; @ 83
Event: 4.584 Thread 0x0951a000 Uncommon trap: reason=bimorphic action=maybe_recompile pc=0xaf8635a4 method=java.util.HashMap.put(Ljava/lang/Object;Ljava/lang/Object;)Ljava/lang/Object; @ 83
Event: 4.586 Thread 0x0951a000 Uncommon trap: reason=bimorphic action=maybe_recompile pc=0xaf8635a4 method=java.util.HashMap.put(Ljava/lang/Object;Ljava/lang/Object;)Ljava/lang/Object; @ 83
Event: 4.615 Thread 0x09bbd800 Uncommon trap: reason=unstable_if action=reinterpret pc=0xaf87649c method=java.lang.Class.getName()Ljava/lang/String; @ 6

Internal exceptions (10 events):
Event: 2.894 Thread 0x0951a000 Implicit null exception at 0xaf83b18d to 0xaf83b775
Event: 3.002 Thread 0x0951a000 Implicit null exception at 0xaf83234f to 0xaf832a09
Event: 3.002 Thread 0x0951a000 Implicit null exception at 0xaf83234f to 0xaf832a09
Event: 3.006 Thread 0x0951a000 Implicit null exception at 0xaf83234f to 0xaf832a09
Event: 3.234 Thread 0x0951a000 Implicit null exception at 0xaf86dbd3 to 0xaf86de11
Event: 4.314 Thread 0x0951a000 Threw 0x9e522a98 at /build/openjdk-7-Ylwexc/openjdk-7-7u111-2.6.7/build/openjdk/hotspot/src/share/vm/prims/jvm.cpp:1322
Event: 4.388 Thread 0x0951a000 Threw 0x9e6eed28 at /build/openjdk-7-Ylwexc/openjdk-7-7u111-2.6.7/build/openjdk/hotspot/src/share/vm/prims/jvm.cpp:1322
Event: 4.397 Thread 0x0951a000 Threw 0x9e6f1ef8 at /build/openjdk-7-Ylwexc/openjdk-7-7u111-2.6.7/build/openjdk/hotspot/src/share/vm/prims/jvm.cpp:1322
Event: 4.615 Thread 0x09bbd800 Implicit null exception at 0xaf876071 to 0xaf876485
Event: 4.936 Thread 0x09bbd800 Threw 0x9af47408 at /build/openjdk-7-Ylwexc/openjdk-7-7u111-2.6.7/build/openjdk/hotspot/src/share/vm/prims/jni.cpp:747

Events (10 events):
Event: 4.936 loading class 0x097df660
Event: 4.937 loading class 0x097df660 done
Event: 4.937 loading class 0x69720d58
Event: 4.937 loading class 0x69720d58 done
Event: 4.937 loading class 0x697e5858
Event: 4.943 loading class 0x096a98d8
Event: 4.943 loading class 0x096a9110
Event: 4.943 loading class 0x096a9110 done
Event: 4.943 loading class 0x096a98d8 done
Event: 4.943 loading class 0x697e5858 done


Dynamic libraries:
08048000-080b5000 r-xp 00000000 08:01 5902081    /home/gregoire/Documents/MobileRobots/MobileRobotsProject/workR/build/exe_projectRobotran
080b5000-080b6000 r--p 0006d000 08:01 5902081    /home/gregoire/Documents/MobileRobots/MobileRobotsProject/workR/build/exe_projectRobotran
080b6000-080b7000 rw-p 0006e000 08:01 5902081    /home/gregoire/Documents/MobileRobots/MobileRobotsProject/workR/build/exe_projectRobotran
0950b000-0a05a000 rw-p 00000000 00:00 0          [heap]
63c4f000-63c52000 ---p 00000000 00:00 0 
63c52000-63ca0000 rw-p 00000000 00:00 0          [stack:18530]
64ce4000-64e34000 rw-s 00000000 00:04 42663985   /SYSV00000000 (deleted)
64e34000-64e37000 ---p 00000000 00:00 0 
64e37000-64e85000 rw-p 00000000 00:00 0          [stack:18532]
64e85000-64e88000 ---p 00000000 00:00 0 
64e88000-64ed6000 rw-p 00000000 00:00 0          [stack:18531]
64ed6000-64ed9000 ---p 00000000 00:00 0 
64ed9000-64f27000 rw-p 00000000 00:00 0          [stack:18529]
64f27000-64f5c000 r-xp 00000000 08:01 18225272   /usr/lib/i386-linux-gnu/libtxc_dxtn_s2tc.so.0.0.0
64f5c000-64f5d000 r--p 00034000 08:01 18225272   /usr/lib/i386-linux-gnu/libtxc_dxtn_s2tc.so.0.0.0
64f5d000-64f5e000 rw-p 00035000 08:01 18225272   /usr/lib/i386-linux-gnu/libtxc_dxtn_s2tc.so.0.0.0
64f5e000-64f61000 ---p 00000000 00:00 0 
64f61000-64faf000 rw-p 00000000 00:00 0          [stack:18528]
64faf000-64fb2000 ---p 00000000 00:00 0 
64fb2000-65000000 rw-p 00000000 00:00 0          [stack:18527]
65000000-650e3000 rw-p 00000000 00:00 0 
650e3000-65100000 ---p 00000000 00:00 0 
6510d000-65110000 ---p 00000000 00:00 0 
65110000-6515e000 rw-p 00000000 00:00 0          [stack:18526]
6515e000-65161000 ---p 00000000 00:00 0 
65161000-651af000 rw-p 00000000 00:00 0          [stack:18525]
651af000-651b2000 ---p 00000000 00:00 0 
651b2000-65200000 rw-p 00000000 00:00 0          [stack:18524]
65200000-652fd000 rw-p 00000000 00:00 0 
652fd000-65300000 ---p 00000000 00:00 0 
6530b000-6535b000 r-xp 00000000 08:01 18484113   /usr/lib/jvm/java-7-openjdk-i386/jre/lib/i386/libfontmanager.so
6535b000-6535d000 r--p 0004f000 08:01 18484113   /usr/lib/jvm/java-7-openjdk-i386/jre/lib/i386/libfontmanager.so
6535d000-6535e000 rw-p 00051000 08:01 18484113   /usr/lib/jvm/java-7-openjdk-i386/jre/lib/i386/libfontmanager.so
6535e000-65361000 ---p 00000000 00:00 0 
65361000-653af000 rw-p 00000000 00:00 0          [stack:18521]
653af000-653b2000 ---p 00000000 00:00 0 
653b2000-65400000 rw-p 00000000 00:00 0          [stack:18522]
65400000-65431000 rw-p 00000000 00:00 0 
65431000-65500000 ---p 00000000 00:00 0 
6551e000-65524000 rw-p 00000000 00:00 0 
65524000-6552b000 r--s 00000000 08:01 18219920   /usr/lib/i386-linux-gnu/gconv/gconv-modules.cache
6552b000-6553c000 r-xp 00000000 08:01 18483846   /usr/lib/jvm/java-7-openjdk-i386/jre/lib/i386/libnio.so
6553c000-6553d000 r--p 00010000 08:01 18483846   /usr/lib/jvm/java-7-openjdk-i386/jre/lib/i386/libnio.so
6553d000-6553e000 rw-p 00011000 08:01 18483846   /usr/lib/jvm/java-7-openjdk-i386/jre/lib/i386/libnio.so
6553e000-65541000 ---p 00000000 00:00 0 
65541000-6558f000 rw-p 00000000 00:00 0          [stack:18523]
6558f000-65592000 ---p 00000000 00:00 0 
65592000-655e0000 rw-p 00000000 00:00 0          [stack:18518]
655e0000-655e9000 r-xp 00000000 08:01 18225079   /usr/lib/i386-linux-gnu/libpciaccess.so.0.11.1
655e9000-655ea000 r--p 00008000 08:01 18225079   /usr/lib/i386-linux-gnu/libpciaccess.so.0.11.1
655ea000-655eb000 rw-p 00009000 08:01 18225079   /usr/lib/i386-linux-gnu/libpciaccess.so.0.11.1
655eb000-655f6000 r-xp 00000000 08:01 18221979   /usr/lib/i386-linux-gnu/libdrm_radeon.so.1.0.1
655f6000-655f7000 r--p 0000a000 08:01 18221979   /usr/lib/i386-linux-gnu/libdrm_radeon.so.1.0.1
655f7000-655f8000 rw-p 0000b000 08:01 18221979   /usr/lib/i386-linux-gnu/libdrm_radeon.so.1.0.1
655f8000-655ff000 r-xp 00000000 08:01 18221982   /usr/lib/i386-linux-gnu/libdrm_nouveau.so.2.0.0
655ff000-65600000 r--p 00006000 08:01 18221982   /usr/lib/i386-linux-gnu/libdrm_nouveau.so.2.0.0
65600000-65601000 rw-p 00007000 08:01 18221982   /usr/lib/i386-linux-gnu/libdrm_nouveau.so.2.0.0
65601000-65622000 r-xp 00000000 08:01 18221790   /usr/lib/i386-linux-gnu/libdrm_intel.so.1.0.0
65622000-65623000 r--p 00020000 08:01 18221790   /usr/lib/i386-linux-gnu/libdrm_intel.so.1.0.0
65623000-65624000 rw-p 00021000 08:01 18221790   /usr/lib/i386-linux-gnu/libdrm_intel.so.1.0.0
65624000-65c4e000 r-xp 00000000 08:01 18219429   /usr/lib/i386-linux-gnu/dri/i965_dri.so
65c4e000-65c6f000 r--p 00629000 08:01 18219429   /usr/lib/i386-linux-gnu/dri/i965_dri.so
65c6f000-65c75000 rw-p 0064a000 08:01 18219429   /usr/lib/i386-linux-gnu/dri/i965_dri.so
65c75000-65c7b000 rw-p 00000000 00:00 0 
65c7b000-65c92000 r-xp 00000000 08:01 20841529   /lib/i386-linux-gnu/libnih.so.1.0.0
65c92000-65c93000 r--p 00016000 08:01 20841529   /lib/i386-linux-gnu/libnih.so.1.0.0
65c93000-65c94000 rw-p 00017000 08:01 20841529   /lib/i386-linux-gnu/libnih.so.1.0.0
65c94000-65cb0000 r-xp 00000000 08:01 20841579   /lib/i386-linux-gnu/libcgmanager.so.0.0.0
65cb0000-65cb1000 r--p 0001b000 08:01 20841579   /lib/i386-linux-gnu/libcgmanager.so.0.0.0
65cb1000-65cb2000 rw-p 0001c000 08:01 20841579   /lib/i386-linux-gnu/libcgmanager.so.0.0.0
65cb2000-65cc3000 r-xp 00000000 08:01 20840723   /lib/i386-linux-gnu/libudev.so.1.3.5
65cc3000-65cc4000 r--p 00010000 08:01 20840723   /lib/i386-linux-gnu/libudev.so.1.3.5
65cc4000-65cc5000 rw-p 00011000 08:01 20840723   /lib/i386-linux-gnu/libudev.so.1.3.5
65cc5000-65cc8000 ---p 00000000 00:00 0 
65cc8000-65d16000 rw-p 00000000 00:00 0          [stack:18517]
65d16000-65d19000 ---p 00000000 00:00 0 
65d19000-65d67000 rw-p 00000000 00:00 0          [stack:18516]
65d67000-65d6a000 ---p 00000000 00:00 0 
65d6a000-65db8000 rw-p 00000000 00:00 0          [stack:18515]
65db8000-65dbb000 ---p 00000000 00:00 0 
65dbb000-65e09000 rw-p 00000000 00:00 0          [stack:18514]
65e09000-65e0c000 ---p 00000000 00:00 0 
65e0c000-65e5a000 rw-p 00000000 00:00 0          [stack:18513]
65e5a000-65e68000 r-xp 00000000 08:01 18222710   /usr/lib/i386-linux-gnu/libdrm.so.2.4.0
65e68000-65e69000 r--p 0000d000 08:01 18222710   /usr/lib/i386-linux-gnu/libdrm.so.2.4.0
65e69000-65e6a000 rw-p 0000e000 08:01 18222710   /usr/lib/i386-linux-gnu/libdrm.so.2.4.0
65e6a000-65e80000 r-xp 00000000 08:01 18225366   /usr/lib/i386-linux-gnu/libxcb-glx.so.0.0.0
65e80000-65e81000 r--p 00016000 08:01 18225366   /usr/lib/i386-linux-gnu/libxcb-glx.so.0.0.0
65e81000-65e82000 rw-p 00017000 08:01 18225366   /usr/lib/i386-linux-gnu/libxcb-glx.so.0.0.0
65e82000-65e95000 r-xp 00000000 08:01 18224101   /usr/lib/i386-linux-gnu/libglapi.so.0.0.0
65e95000-65e97000 r--p 00013000 08:01 18224101   /usr/lib/i386-linux-gnu/libglapi.so.0.0.0
65e97000-65e9d000 rwxp 00015000 08:01 18224101   /usr/lib/i386-linux-gnu/libglapi.so.0.0.0
65e9d000-65ef8000 r-xp 00000000 08:01 18219640   /usr/lib/i386-linux-gnu/mesa/libGL.so.1.2.0
65ef8000-65ef9000 ---p 0005b000 08:01 18219640   /usr/lib/i386-linux-gnu/mesa/libGL.so.1.2.0
65ef9000-65efb000 r--p 0005b000 08:01 18219640   /usr/lib/i386-linux-gnu/mesa/libGL.so.1.2.0
65efb000-65f00000 rwxp 0005d000 08:01 18219640   /usr/lib/i386-linux-gnu/mesa/libGL.so.1.2.0
65f00000-66000000 rw-p 00000000 00:00 0 
66000000-66008000 r-xp 00000000 08:01 20841527   /lib/i386-linux-gnu/libnih-dbus.so.1.0.0
66008000-66009000 r--p 00007000 08:01 20841527   /lib/i386-linux-gnu/libnih-dbus.so.1.0.0
66009000-6600a000 rw-p 00008000 08:01 20841527   /lib/i386-linux-gnu/libnih-dbus.so.1.0.0
6600a000-6600e000 r-xp 00000000 08:01 18225362   /usr/lib/i386-linux-gnu/libxcb-dri2.so.0.0.0
6600e000-6600f000 r--p 00003000 08:01 18225362   /usr/lib/i386-linux-gnu/libxcb-dri2.so.0.0.0
6600f000-66010000 rw-p 00004000 08:01 18225362   /usr/lib/i386-linux-gnu/libxcb-dri2.so.0.0.0
66010000-66011000 r-xp 00000000 08:01 18224322   /usr/lib/i386-linux-gnu/libX11-xcb.so.1.0.0
66011000-66012000 r--p 00000000 08:01 18224322   /usr/lib/i386-linux-gnu/libX11-xcb.so.1.0.0
66012000-66013000 rw-p 00001000 08:01 18224322   /usr/lib/i386-linux-gnu/libX11-xcb.so.1.0.0
66013000-66015000 r-xp 00000000 08:01 18224337   /usr/lib/i386-linux-gnu/libXdamage.so.1.1.0
66015000-66016000 r--p 00001000 08:01 18224337   /usr/lib/i386-linux-gnu/libXdamage.so.1.1.0
66016000-66017000 rw-p 00002000 08:01 18224337   /usr/lib/i386-linux-gnu/libXdamage.so.1.1.0
66017000-66018000 r-xp 00000000 08:01 18225404   /usr/lib/i386-linux-gnu/libxshmfence.so.1.0.0
66018000-66019000 r--p 00000000 08:01 18225404   /usr/lib/i386-linux-gnu/libxshmfence.so.1.0.0
66019000-6601a000 rw-p 00001000 08:01 18225404   /usr/lib/i386-linux-gnu/libxshmfence.so.1.0.0
6601a000-6601f000 r-xp 00000000 08:01 18225386   /usr/lib/i386-linux-gnu/libxcb-sync.so.1.0.0
6601f000-66020000 r--p 00004000 08:01 18225386   /usr/lib/i386-linux-gnu/libxcb-sync.so.1.0.0
66020000-66021000 rw-p 00005000 08:01 18225386   /usr/lib/i386-linux-gnu/libxcb-sync.so.1.0.0
66021000-66023000 r-xp 00000000 08:01 18225374   /usr/lib/i386-linux-gnu/libxcb-present.so.0.0.0
66023000-66024000 r--p 00001000 08:01 18225374   /usr/lib/i386-linux-gnu/libxcb-present.so.0.0.0
66024000-66025000 rw-p 00002000 08:01 18225374   /usr/lib/i386-linux-gnu/libxcb-present.so.0.0.0
66025000-66027000 r-xp 00000000 08:01 18225364   /usr/lib/i386-linux-gnu/libxcb-dri3.so.0.0.0
66027000-66028000 r--p 00001000 08:01 18225364   /usr/lib/i386-linux-gnu/libxcb-dri3.so.0.0.0
66028000-66029000 rw-p 00002000 08:01 18225364   /usr/lib/i386-linux-gnu/libxcb-dri3.so.0.0.0
66029000-6602d000 rw-p 00000000 00:00 0 
6602d000-6602e000 rw-s 00000000 00:04 57270      /drm mm object (deleted)
6602e000-66046000 r-xp 00000000 08:01 18483833   /usr/lib/jvm/java-7-openjdk-i386/jre/lib/i386/libnet.so
66046000-66047000 r--p 00017000 08:01 18483833   /usr/lib/jvm/java-7-openjdk-i386/jre/lib/i386/libnet.so
66047000-66048000 rw-p 00018000 08:01 18483833   /usr/lib/jvm/java-7-openjdk-i386/jre/lib/i386/libnet.so
66048000-66069000 r-xp 00000000 08:01 18352082   /usr/lib/jni/libj3dcore-ogl.so
66069000-6606a000 rw-p 00020000 08:01 18352082   /usr/lib/jni/libj3dcore-ogl.so
6606a000-6606b000 r-xp 00000000 08:01 18484119   /usr/lib/jvm/java-7-openjdk-i386/jre/lib/i386/libjawt.so
6606b000-6606c000 r--p 00000000 08:01 18484119   /usr/lib/jvm/java-7-openjdk-i386/jre/lib/i386/libjawt.so
6606c000-6606d000 rw-p 00001000 08:01 18484119   /usr/lib/jvm/java-7-openjdk-i386/jre/lib/i386/libjawt.so
6606d000-66071000 r--s 00019000 08:01 5770159    /home/gregoire/Documents/MobileRobots/MobileRobotsProject/mbsysCopy/mbsyspad/lib/matlabcontrol-4.0.0.jar
66071000-6608e000 r--s 0014f000 08:01 5770160    /home/gregoire/Documents/MobileRobots/MobileRobotsProject/mbsysCopy/mbsyspad/lib/swingx-all-1.6.4.jar
6608e000-66090000 r--s 0004c000 08:01 5770161    /home/gregoire/Documents/MobileRobots/MobileRobotsProject/mbsysCopy/mbsyspad/lib/vecmath.jar
66090000-6609e000 r--s 00193000 08:01 5770149    /home/gregoire/Documents/MobileRobots/MobileRobotsProject/mbsysCopy/mbsyspad/lib/j3dutils.jar
6609e000-660a0000 r--s 00018000 08:01 18483205   /usr/lib/jvm/java-7-openjdk-i386/jre/lib/jce.jar
660a0000-660a4000 r--s 0004f000 08:01 18484133   /usr/lib/jvm/java-7-openjdk-i386/jre/lib/jsse.jar
660a4000-660b0000 r--s 002c7000 08:01 5770148    /home/gregoire/Documents/MobileRobots/MobileRobotsProject/mbsysCopy/mbsyspad/lib/j3dcore.jar
660b0000-660bb000 r--s 00108000 08:01 5770152    /home/gregoire/Documents/MobileRobots/MobileRobotsProject/mbsysCopy/mbsyspad/lib/jogl.jar
660bb000-660be000 ---p 00000000 00:00 0 
660be000-6610c000 rw-p 00000000 00:00 0          [stack:18512]
6610c000-6610f000 ---p 00000000 00:00 0 
6610f000-6615d000 rw-p 00000000 00:00 0          [stack:18511]
6615d000-66199000 r-xp 00000000 08:01 20840700   /lib/i386-linux-gnu/libpcre.so.3.13.1
66199000-6619a000 r--p 0003b000 08:01 20840700   /lib/i386-linux-gnu/libpcre.so.3.13.1
6619a000-6619b000 rw-p 0003c000 08:01 20840700   /lib/i386-linux-gnu/libpcre.so.3.13.1
6619b000-661bb000 r-xp 00000000 08:01 20841595   /lib/i386-linux-gnu/libselinux.so.1
661bb000-661bc000 r--p 0001f000 08:01 20841595   /lib/i386-linux-gnu/libselinux.so.1
661bc000-661bd000 rw-p 00020000 08:01 20841595   /lib/i386-linux-gnu/libselinux.so.1
661bd000-661be000 rw-p 00000000 00:00 0 
661be000-662c8000 r-xp 00000000 08:01 20841496   /lib/i386-linux-gnu/libglib-2.0.so.0.4002.0
662c8000-662c9000 r--p 00109000 08:01 20841496   /lib/i386-linux-gnu/libglib-2.0.so.0.4002.0
662c9000-662ca000 rw-p 0010a000 08:01 20841496   /lib/i386-linux-gnu/libglib-2.0.so.0.4002.0
662ca000-662cd000 r-xp 00000000 08:01 18224723   /usr/lib/i386-linux-gnu/libgmodule-2.0.so.0.4002.0
662cd000-662ce000 r--p 00002000 08:01 18224723   /usr/lib/i386-linux-gnu/libgmodule-2.0.so.0.4002.0
662ce000-662cf000 rw-p 00003000 08:01 18224723   /usr/lib/i386-linux-gnu/libgmodule-2.0.so.0.4002.0
662cf000-662f4000 r-xp 00000000 08:01 20840645   /lib/i386-linux-gnu/libexpat.so.1.6.0
662f4000-662f5000 ---p 00025000 08:01 20840645   /lib/i386-linux-gnu/libexpat.so.1.6.0
662f5000-662f7000 r--p 00025000 08:01 20840645   /lib/i386-linux-gnu/libexpat.so.1.6.0
662f7000-662f8000 rw-p 00027000 08:01 20840645   /lib/i386-linux-gnu/libexpat.so.1.6.0
662f8000-66348000 r-xp 00000000 08:01 18224739   /usr/lib/i386-linux-gnu/libgobject-2.0.so.0.4002.0
66348000-66349000 r--p 0004f000 08:01 18224739   /usr/lib/i386-linux-gnu/libgobject-2.0.so.0.4002.0
66349000-6634a000 rw-p 00050000 08:01 18224739   /usr/lib/i386-linux-gnu/libgobject-2.0.so.0.4002.0
6634a000-664c7000 r-xp 00000000 08:01 18224711   /usr/lib/i386-linux-gnu/libgio-2.0.so.0.4002.0
664c7000-664c9000 r--p 0017d000 08:01 18224711   /usr/lib/i386-linux-gnu/libgio-2.0.so.0.4002.0
664c9000-664ca000 rw-p 0017f000 08:01 18224711   /usr/lib/i386-linux-gnu/libgio-2.0.so.0.4002.0
664ca000-664cb000 rw-p 00000000 00:00 0 
664cb000-66504000 r-xp 00000000 08:01 18226186   /usr/lib/i386-linux-gnu/libfontconfig.so.1.8.0
66504000-66505000 r--p 00039000 08:01 18226186   /usr/lib/i386-linux-gnu/libfontconfig.so.1.8.0
66505000-66506000 rw-p 0003a000 08:01 18226186   /usr/lib/i386-linux-gnu/libfontconfig.so.1.8.0
66506000-6650a000 r--s 00020000 08:01 5770143    /home/gregoire/Documents/MobileRobots/MobileRobotsProject/mbsysCopy/mbsyspad/lib/commons-digester-1.8.jar
6650a000-6650f000 r--s 0002a000 08:01 5770141    /home/gregoire/Documents/MobileRobots/MobileRobotsProject/mbsysCopy/mbsyspad/lib/commons-beanutils.jar
6650f000-66515000 r--s 00056000 08:01 5770147    /home/gregoire/Documents/MobileRobots/MobileRobotsProject/mbsysCopy/mbsyspad/lib/j3d-vrml97.jar
66515000-6651b000 r--s 00047000 08:01 5770144    /home/gregoire/Documents/MobileRobots/MobileRobotsProject/mbsysCopy/mbsyspad/lib/flamingo.jar
6651b000-66525000 r--s 000ae000 08:01 18483207   /usr/lib/jvm/java-7-openjdk-i386/jre/lib/resources.jar
66525000-6656d000 r-xp 00000000 08:01 19923017   /usr/lib/jvm/java-7-openjdk-i386/jre/lib/i386/xawt/libmawt.so
6656d000-6656e000 r--p 00048000 08:01 19923017   /usr/lib/jvm/java-7-openjdk-i386/jre/lib/i386/xawt/libmawt.so
6656e000-66570000 rw-p 00049000 08:01 19923017   /usr/lib/jvm/java-7-openjdk-i386/jre/lib/i386/xawt/libmawt.so
66570000-66571000 rw-p 00000000 00:00 0 
66571000-66600000 r-xp 00000000 08:01 18484117   /usr/lib/jvm/java-7-openjdk-i386/jre/lib/i386/libawt.so
66600000-66601000 r--p 0008f000 08:01 18484117   /usr/lib/jvm/java-7-openjdk-i386/jre/lib/i386/libawt.so
66601000-66608000 rw-p 00090000 08:01 18484117   /usr/lib/jvm/java-7-openjdk-i386/jre/lib/i386/libawt.so
66608000-6662c000 rw-p 00000000 00:00 0 
6662c000-6662d000 ---p 00000000 00:00 0 
6662d000-666ad000 rw-p 00000000 00:00 0          [stack:18510]
666ad000-666b0000 ---p 00000000 00:00 0 
666b0000-666fe000 rw-p 00000000 00:00 0          [stack:18509]
666fe000-66701000 ---p 00000000 00:00 0 
66701000-6677f000 rw-p 00000000 00:00 0          [stack:18508]
6677f000-66782000 ---p 00000000 00:00 0 
66782000-66800000 rw-p 00000000 00:00 0          [stack:18507]
66800000-66a00000 r--p 00000000 08:01 18227311   /usr/lib/locale/locale-archive
66a00000-66b00000 rw-p 00000000 00:00 0 
66b00000-66b03000 ---p 00000000 00:00 0 
66b03000-66b51000 rw-p 00000000 00:00 0          [stack:18506]
66b51000-66b54000 ---p 00000000 00:00 0 
66b54000-66ba2000 rw-p 00000000 00:00 0          [stack:18505]
66ba2000-66ba3000 ---p 00000000 00:00 0 
66ba3000-66c23000 rw-p 00000000 00:00 0          [stack:18503]
66c23000-66dd6000 r--s 01d3d000 08:01 18483206   /usr/lib/jvm/java-7-openjdk-i386/jre/lib/rt.jar
66dd6000-69500000 rw-p 00000000 00:00 0 
69500000-69521000 rw-p 00000000 00:00 0 
69521000-69600000 ---p 00000000 00:00 0 
69600000-69601000 r--s 00017000 08:01 5770146    /home/gregoire/Documents/MobileRobots/MobileRobotsProject/mbsysCopy/mbsyspad/lib/j3D.jar
69601000-69602000 r--s 00004000 08:01 5770145    /home/gregoire/Documents/MobileRobots/MobileRobotsProject/mbsysCopy/mbsyspad/lib/gluegen-rt.jar
69602000-69603000 r--s 00001000 08:01 5770151    /home/gregoire/Documents/MobileRobots/MobileRobotsProject/mbsysCopy/mbsyspad/lib/jnlp.jar
69603000-69604000 r--s 00008000 08:01 5770142    /home/gregoire/Documents/MobileRobots/MobileRobotsProject/mbsysCopy/mbsyspad/lib/commons-cli-1.1.jar
69604000-69609000 r-xp 00000000 08:01 18224369   /usr/lib/i386-linux-gnu/libXtst.so.6.1.0
69609000-6960a000 r--p 00004000 08:01 18224369   /usr/lib/i386-linux-gnu/libXtst.so.6.1.0
6960a000-6960b000 rw-p 00005000 08:01 18224369   /usr/lib/i386-linux-gnu/libXtst.so.6.1.0
6960b000-6960e000 ---p 00000000 00:00 0 
6960e000-69700000 rw-p 00000000 00:00 0          [stack:18504]
69700000-697fe000 rw-p 00000000 00:00 0 
697fe000-69800000 ---p 00000000 00:00 0 
69800000-69803000 r--s 00023000 08:01 5770150    /home/gregoire/Documents/MobileRobots/MobileRobotsProject/mbsysCopy/mbsyspad/lib/jdom.jar
69803000-69805000 r-xp 00000000 08:01 18224333   /usr/lib/i386-linux-gnu/libXcomposite.so.1.0.0
69805000-69806000 r--p 00001000 08:01 18224333   /usr/lib/i386-linux-gnu/libXcomposite.so.1.0.0
69806000-69807000 rw-p 00002000 08:01 18224333   /usr/lib/i386-linux-gnu/libXcomposite.so.1.0.0
69807000-69808000 ---p 00000000 00:00 0 
69808000-69888000 rw-p 00000000 00:00 0          [stack:18502]
69888000-69889000 ---p 00000000 00:00 0 
69889000-69911000 rw-p 00000000 00:00 0          [stack:18501]
69911000-69949000 rw-p 00000000 00:00 0 
69949000-6995e000 rw-p 00000000 00:00 0 
6995e000-69a92000 rw-p 00000000 00:00 0 
69a92000-69a9a000 rw-p 00000000 00:00 0 
69a9a000-69ad2000 rw-p 00000000 00:00 0 
69ad2000-69ae7000 rw-p 00000000 00:00 0 
69ae7000-69c1a000 rw-p 00000000 00:00 0 
69c1a000-69c45000 rw-p 00000000 00:00 0 
69c45000-69c46000 ---p 00000000 00:00 0 
69c46000-69cbf000 rw-p 00000000 00:00 0 
69cbf000-6acc0000 rw-p 00000000 00:00 0 
6acc0000-71cc0000 rw-p 00000000 00:00 0 
71cc0000-745c0000 rw-p 00000000 00:00 0 
745c0000-9ae00000 rw-p 00000000 00:00 0 
9ae00000-a0280000 rw-p 00000000 00:00 0 
a0280000-a0300000 ---p 00000000 00:00 0 
a0300000-af6c0000 rw-p 00000000 00:00 0 
af6c0000-af6c2000 r--s 0002a000 08:01 5770140    /home/gregoire/Documents/MobileRobots/MobileRobotsProject/mbsysCopy/mbsyspad/lib/MBsysComJ.jar
af6c2000-af6d1000 r--s 0008c000 08:01 5770138    /home/gregoire/Documents/MobileRobots/MobileRobotsProject/mbsysCopy/mbsyspad/MBsysPad.jar
af6d1000-af6d5000 r--s 00085000 08:01 18751331   /usr/lib/jvm/java-7-openjdk-i386/jre/lib/ext/localedata.jar
af6d5000-af6f9000 rw-p 00000000 00:00 0 
af6f9000-af7b0000 rw-p 00000000 00:00 0 
af7b0000-af9f0000 rwxp 00000000 00:00 0 
af9f0000-b27b0000 rw-p 00000000 00:00 0 
b27b0000-b27ba000 r-xp 00000000 08:01 20854272   /lib/i386-linux-gnu/libnss_files-2.19.so
b27ba000-b27bb000 r--p 00009000 08:01 20854272   /lib/i386-linux-gnu/libnss_files-2.19.so
b27bb000-b27bc000 rw-p 0000a000 08:01 20854272   /lib/i386-linux-gnu/libnss_files-2.19.so
b27bc000-b27c6000 r-xp 00000000 08:01 20854264   /lib/i386-linux-gnu/libnss_nis-2.19.so
b27c6000-b27c7000 r--p 00009000 08:01 20854264   /lib/i386-linux-gnu/libnss_nis-2.19.so
b27c7000-b27c8000 rw-p 0000a000 08:01 20854264   /lib/i386-linux-gnu/libnss_nis-2.19.so
b27c8000-b27cb000 r--s 0000f000 08:01 18751219   /usr/lib/jvm/java-7-openjdk-i386/jre/lib/ext/icedtea-sound.jar
b27cb000-b27cc000 r--s 00002000 08:01 18751957   /usr/lib/jvm/java-7-openjdk-i386/jre/lib/ext/dnsns.jar
b27cc000-b27ce000 r--s 00012000 08:01 18751958   /usr/lib/jvm/java-7-openjdk-i386/jre/lib/ext/zipfs.jar
b27ce000-b27d2000 r--s 00034000 08:01 18751956   /usr/lib/jvm/java-7-openjdk-i386/jre/lib/ext/sunjce_provider.jar
b27d2000-b27d5000 r--s 0003d000 08:01 18751212   /usr/lib/jvm/java-7-openjdk-i386/jre/lib/ext/sunpkcs11.jar
b27d5000-b27dd000 r-xp 00000000 08:01 18484132   /usr/lib/jvm/java-7-openjdk-i386/jre/lib/i386/libzip.so
b27dd000-b27de000 r--p 00007000 08:01 18484132   /usr/lib/jvm/java-7-openjdk-i386/jre/lib/i386/libzip.so
b27de000-b27df000 rw-p 00008000 08:01 18484132   /usr/lib/jvm/java-7-openjdk-i386/jre/lib/i386/libzip.so
b27df000-b27e7000 rw-s 00000000 08:01 14552362   /tmp/hsperfdata_gregoire/18500
b27e7000-b280e000 r-xp 00000000 08:01 18483211   /usr/lib/jvm/java-7-openjdk-i386/jre/lib/i386/libjava.so
b280e000-b280f000 r--p 00026000 08:01 18483211   /usr/lib/jvm/java-7-openjdk-i386/jre/lib/i386/libjava.so
b280f000-b2810000 rw-p 00027000 08:01 18483211   /usr/lib/jvm/java-7-openjdk-i386/jre/lib/i386/libjava.so
b2810000-b58b3000 rw-p 00000000 00:00 0 
b58b3000-b58c6000 r-xp 00000000 08:01 20854252   /lib/i386-linux-gnu/libresolv-2.19.so
b58c6000-b58c7000 ---p 00013000 08:01 20854252   /lib/i386-linux-gnu/libresolv-2.19.so
b58c7000-b58c8000 r--p 00013000 08:01 20854252   /lib/i386-linux-gnu/libresolv-2.19.so
b58c8000-b58c9000 rw-p 00014000 08:01 20854252   /lib/i386-linux-gnu/libresolv-2.19.so
b58c9000-b58cb000 rw-p 00000000 00:00 0 
b58cb000-b58d2000 r-xp 00000000 08:01 18225047   /usr/lib/i386-linux-gnu/libogg.so.0.8.1
b58d2000-b58d3000 r--p 00006000 08:01 18225047   /usr/lib/i386-linux-gnu/libogg.so.0.8.1
b58d3000-b58d4000 rw-p 00007000 08:01 18225047   /usr/lib/i386-linux-gnu/libogg.so.0.8.1
b58d4000-b58fd000 r-xp 00000000 08:01 18225321   /usr/lib/i386-linux-gnu/libvorbis.so.0.4.5
b58fd000-b58fe000 ---p 00029000 08:01 18225321   /usr/lib/i386-linux-gnu/libvorbis.so.0.4.5
b58fe000-b58ff000 r--p 00029000 08:01 18225321   /usr/lib/i386-linux-gnu/libvorbis.so.0.4.5
b58ff000-b5900000 rw-p 0002a000 08:01 18225321   /usr/lib/i386-linux-gnu/libvorbis.so.0.4.5
b5900000-b5a66000 r-xp 00000000 08:01 18225323   /usr/lib/i386-linux-gnu/libvorbisenc.so.2.0.8
b5a66000-b5a77000 r--p 00165000 08:01 18225323   /usr/lib/i386-linux-gnu/libvorbisenc.so.2.0.8
b5a77000-b5a78000 rw-p 00176000 08:01 18225323   /usr/lib/i386-linux-gnu/libvorbisenc.so.2.0.8
b5a78000-b5a79000 rw-p 00000000 00:00 0 
b5a79000-b5aab000 r-xp 00000000 08:01 18224186   /usr/lib/i386-linux-gnu/libFLAC.so.8.3.0
b5aab000-b5aac000 r--p 00031000 08:01 18224186   /usr/lib/i386-linux-gnu/libFLAC.so.8.3.0
b5aac000-b5aad000 rw-p 00032000 08:01 18224186   /usr/lib/i386-linux-gnu/libFLAC.so.8.3.0
b5aad000-b5ac2000 r-xp 00000000 08:01 20854260   /lib/i386-linux-gnu/libnsl-2.19.so
b5ac2000-b5ac3000 r--p 00015000 08:01 20854260   /lib/i386-linux-gnu/libnsl-2.19.so
b5ac3000-b5ac4000 rw-p 00016000 08:01 20854260   /lib/i386-linux-gnu/libnsl-2.19.so
b5ac4000-b5ac6000 rw-p 00000000 00:00 0 
b5ac6000-b5acb000 r-xp 00000000 08:01 18224339   /usr/lib/i386-linux-gnu/libXdmcp.so.6.0.0
b5acb000-b5acc000 r--p 00004000 08:01 18224339   /usr/lib/i386-linux-gnu/libXdmcp.so.6.0.0
b5acc000-b5acd000 rw-p 00005000 08:01 18224339   /usr/lib/i386-linux-gnu/libXdmcp.so.6.0.0
b5acd000-b5acf000 r-xp 00000000 08:01 18224328   /usr/lib/i386-linux-gnu/libXau.so.6.0.0
b5acf000-b5ad0000 r--p 00001000 08:01 18224328   /usr/lib/i386-linux-gnu/libXau.so.6.0.0
b5ad0000-b5ad1000 rw-p 00002000 08:01 18224328   /usr/lib/i386-linux-gnu/libXau.so.6.0.0
b5ad1000-b5ad6000 r-xp 00000000 08:01 18224418   /usr/lib/i386-linux-gnu/libasyncns.so.0.3.1
b5ad6000-b5ad7000 r--p 00004000 08:01 18224418   /usr/lib/i386-linux-gnu/libasyncns.so.0.3.1
b5ad7000-b5ad8000 rw-p 00005000 08:01 18224418   /usr/lib/i386-linux-gnu/libasyncns.so.0.3.1
b5ad8000-b5ad9000 rw-p 00000000 00:00 0 
b5ad9000-b5b44000 r-xp 00000000 08:01 18219697   /usr/lib/i386-linux-gnu/libsndfile.so.1.0.25
b5b44000-b5b45000 ---p 0006b000 08:01 18219697   /usr/lib/i386-linux-gnu/libsndfile.so.1.0.25
b5b45000-b5b46000 r--p 0006b000 08:01 18219697   /usr/lib/i386-linux-gnu/libsndfile.so.1.0.25
b5b46000-b5b47000 rw-p 0006c000 08:01 18219697   /usr/lib/i386-linux-gnu/libsndfile.so.1.0.25
b5b47000-b5b4b000 rw-p 00000000 00:00 0 
b5b4b000-b5b53000 r-xp 00000000 08:01 20841625   /lib/i386-linux-gnu/libwrap.so.0.7.6
b5b53000-b5b54000 r--p 00007000 08:01 20841625   /lib/i386-linux-gnu/libwrap.so.0.7.6
b5b54000-b5b55000 rw-p 00008000 08:01 20841625   /lib/i386-linux-gnu/libwrap.so.0.7.6
b5b55000-b5b7b000 r-xp 00000000 08:01 20841983   /lib/i386-linux-gnu/libpng12.so.0.50.0
b5b7b000-b5b7c000 r--p 00025000 08:01 20841983   /lib/i386-linux-gnu/libpng12.so.0.50.0
b5b7c000-b5b7d000 rw-p 00026000 08:01 20841983   /lib/i386-linux-gnu/libpng12.so.0.50.0
b5b7d000-b5b82000 r-xp 00000000 08:01 18219065   /usr/lib/i386-linux-gnu/libffi.so.6.0.1
b5b82000-b5b83000 r--p 00005000 08:01 18219065   /usr/lib/i386-linux-gnu/libffi.so.6.0.1
b5b83000-b5b84000 rw-p 00006000 08:01 18219065   /usr/lib/i386-linux-gnu/libffi.so.6.0.1
b5b84000-b5b88000 r-xp 00000000 08:01 18219488   /usr/lib/i386-linux-gnu/libXfixes.so.3.1.0
b5b88000-b5b89000 r--p 00003000 08:01 18219488   /usr/lib/i386-linux-gnu/libXfixes.so.3.1.0
b5b89000-b5b8a000 rw-p 00004000 08:01 18219488   /usr/lib/i386-linux-gnu/libXfixes.so.3.1.0
b5b8a000-b5b8b000 rw-p 00000000 00:00 0 
b5b8b000-b5b94000 r-xp 00000000 08:01 18221390   /usr/lib/i386-linux-gnu/libXrender.so.1.3.0
b5b94000-b5b95000 r--p 00008000 08:01 18221390   /usr/lib/i386-linux-gnu/libXrender.so.1.3.0
b5b95000-b5b96000 rw-p 00009000 08:01 18221390   /usr/lib/i386-linux-gnu/libXrender.so.1.3.0
b5b96000-b5bb6000 r-xp 00000000 08:01 18225394   /usr/lib/i386-linux-gnu/libxcb.so.1.1.0
b5bb6000-b5bb7000 r--p 0001f000 08:01 18225394   /usr/lib/i386-linux-gnu/libxcb.so.1.1.0
b5bb7000-b5bb8000 rw-p 00020000 08:01 18225394   /usr/lib/i386-linux-gnu/libxcb.so.1.1.0
b5bb8000-b5c01000 r-xp 00000000 08:01 20841479   /lib/i386-linux-gnu/libdbus-1.so.3.7.6
b5c01000-b5c02000 r--p 00048000 08:01 20841479   /lib/i386-linux-gnu/libdbus-1.so.3.7.6
b5c02000-b5c03000 rw-p 00049000 08:01 20841479   /lib/i386-linux-gnu/libdbus-1.so.3.7.6
b5c03000-b5c0c000 r-xp 00000000 08:01 20841505   /lib/i386-linux-gnu/libjson-c.so.2.0.0
b5c0c000-b5c0d000 r--p 00008000 08:01 20841505   /lib/i386-linux-gnu/libjson-c.so.2.0.0
b5c0d000-b5c0e000 rw-p 00009000 08:01 20841505   /lib/i386-linux-gnu/libjson-c.so.2.0.0
b5c0e000-b5c7b000 r-xp 00000000 08:01 18226821   /usr/lib/i386-linux-gnu/pulseaudio/libpulsecommon-4.0.so
b5c7b000-b5c7c000 r--p 0006c000 08:01 18226821   /usr/lib/i386-linux-gnu/pulseaudio/libpulsecommon-4.0.so
b5c7c000-b5c7d000 rw-p 0006d000 08:01 18226821   /usr/lib/i386-linux-gnu/pulseaudio/libpulsecommon-4.0.so
b5c7d000-b5c7e000 rw-p 00000000 00:00 0 
b5c7e000-b5d19000 r-xp 00000000 08:01 18227707   /usr/lib/i386-linux-gnu/libfreetype.so.6.11.1
b5d19000-b5d1d000 r--p 0009a000 08:01 18227707   /usr/lib/i386-linux-gnu/libfreetype.so.6.11.1
b5d1d000-b5d1e000 rw-p 0009e000 08:01 18227707   /usr/lib/i386-linux-gnu/libfreetype.so.6.11.1
b5d1e000-b5d25000 r-xp 00000000 08:01 20854268   /lib/i386-linux-gnu/librt-2.19.so
b5d25000-b5d26000 r--p 00006000 08:01 20854268   /lib/i386-linux-gnu/librt-2.19.so
b5d26000-b5d27000 rw-p 00007000 08:01 20854268   /lib/i386-linux-gnu/librt-2.19.so
b5d27000-b5d3f000 r-xp 00000000 08:01 20854261   /lib/i386-linux-gnu/libpthread-2.19.so
b5d3f000-b5d40000 r--p 00018000 08:01 20854261   /lib/i386-linux-gnu/libpthread-2.19.so
b5d40000-b5d41000 rw-p 00019000 08:01 20854261   /lib/i386-linux-gnu/libpthread-2.19.so
b5d41000-b5d43000 rw-p 00000000 00:00 0 
b5d43000-b5d7d000 r-xp 00000000 08:01 18225398   /usr/lib/i386-linux-gnu/libxkbcommon.so.0.0.0
b5d7d000-b5d7e000 r--p 00039000 08:01 18225398   /usr/lib/i386-linux-gnu/libxkbcommon.so.0.0.0
b5d7e000-b5d7f000 rw-p 0003a000 08:01 18225398   /usr/lib/i386-linux-gnu/libxkbcommon.so.0.0.0
b5d7f000-b5d80000 rw-p 00000000 00:00 0 
b5d80000-b5d84000 r-xp 00000000 08:01 18225336   /usr/lib/i386-linux-gnu/libwayland-cursor.so.0.0.0
b5d84000-b5d85000 r--p 00003000 08:01 18225336   /usr/lib/i386-linux-gnu/libwayland-cursor.so.0.0.0
b5d85000-b5d89000 rw-p 00004000 08:01 18225336   /usr/lib/i386-linux-gnu/libwayland-cursor.so.0.0.0
b5d89000-b5d92000 r-xp 00000000 08:01 18225334   /usr/lib/i386-linux-gnu/libwayland-client.so.0.2.0
b5d92000-b5d93000 ---p 00009000 08:01 18225334   /usr/lib/i386-linux-gnu/libwayland-client.so.0.2.0
b5d93000-b5d94000 r--p 00009000 08:01 18225334   /usr/lib/i386-linux-gnu/libwayland-client.so.0.2.0
b5d94000-b5d95000 rw-p 0000a000 08:01 18225334   /usr/lib/i386-linux-gnu/libwayland-client.so.0.2.0
b5d95000-b5d96000 r-xp 00000000 08:01 18220505   /usr/lib/i386-linux-gnu/libwayland-egl.so.1.0.0
b5d96000-b5d97000 r--p 00000000 08:01 18220505   /usr/lib/i386-linux-gnu/libwayland-egl.so.1.0.0
b5d97000-b5d98000 rw-p 00001000 08:01 18220505   /usr/lib/i386-linux-gnu/libwayland-egl.so.1.0.0
b5d98000-b5d9c000 r-xp 00000000 08:01 18224379   /usr/lib/i386-linux-gnu/libXxf86vm.so.1.0.0
b5d9c000-b5d9d000 r--p 00004000 08:01 18224379   /usr/lib/i386-linux-gnu/libXxf86vm.so.1.0.0
b5d9d000-b5d9e000 rw-p 00005000 08:01 18224379   /usr/lib/i386-linux-gnu/libXxf86vm.so.1.0.0
b5d9e000-b5da0000 r-xp 00000000 08:01 18224365   /usr/lib/i386-linux-gnu/libXss.so.1.0.0
b5da0000-b5da1000 r--p 00001000 08:01 18224365   /usr/lib/i386-linux-gnu/libXss.so.1.0.0
b5da1000-b5da2000 rw-p 00002000 08:01 18224365   /usr/lib/i386-linux-gnu/libXss.so.1.0.0
b5da2000-b5da3000 rw-p 00000000 00:00 0 
b5da3000-b5dac000 r-xp 00000000 08:01 18226177   /usr/lib/i386-linux-gnu/libXrandr.so.2.2.0
b5dac000-b5dad000 r--p 00008000 08:01 18226177   /usr/lib/i386-linux-gnu/libXrandr.so.2.2.0
b5dad000-b5dae000 rw-p 00009000 08:01 18226177   /usr/lib/i386-linux-gnu/libXrandr.so.2.2.0
b5dae000-b5dbc000 r-xp 00000000 08:01 18221388   /usr/lib/i386-linux-gnu/libXi.so.6.1.0
b5dbc000-b5dbd000 r--p 0000e000 08:01 18221388   /usr/lib/i386-linux-gnu/libXi.so.6.1.0
b5dbd000-b5dbe000 rw-p 0000f000 08:01 18221388   /usr/lib/i386-linux-gnu/libXi.so.6.1.0
b5dbe000-b5dc0000 r-xp 00000000 08:01 18224351   /usr/lib/i386-linux-gnu/libXinerama.so.1.0.0
b5dc0000-b5dc1000 r--p 00001000 08:01 18224351   /usr/lib/i386-linux-gnu/libXinerama.so.1.0.0
b5dc1000-b5dc2000 rw-p 00002000 08:01 18224351   /usr/lib/i386-linux-gnu/libXinerama.so.1.0.0
b5dc2000-b5dcb000 r-xp 00000000 08:01 18224335   /usr/lib/i386-linux-gnu/libXcursor.so.1.0.2
b5dcb000-b5dcc000 r--p 00008000 08:01 18224335   /usr/lib/i386-linux-gnu/libXcursor.so.1.0.2
b5dcc000-b5dcd000 rw-p 00009000 08:01 18224335   /usr/lib/i386-linux-gnu/libXcursor.so.1.0.2
b5dcd000-b5dde000 r-xp 00000000 08:01 18220240   /usr/lib/i386-linux-gnu/libXext.so.6.4.0
b5dde000-b5ddf000 r--p 00010000 08:01 18220240   /usr/lib/i386-linux-gnu/libXext.so.6.4.0
b5ddf000-b5de0000 rw-p 00011000 08:01 18220240   /usr/lib/i386-linux-gnu/libXext.so.6.4.0
b5de0000-b5de1000 rw-p 00000000 00:00 0 
b5de1000-b5f11000 r-xp 00000000 08:01 18224324   /usr/lib/i386-linux-gnu/libX11.so.6.3.0
b5f11000-b5f12000 r--p 00130000 08:01 18224324   /usr/lib/i386-linux-gnu/libX11.so.6.3.0
b5f12000-b5f14000 rw-p 00131000 08:01 18224324   /usr/lib/i386-linux-gnu/libX11.so.6.3.0
b5f14000-b5f15000 rw-p 00000000 00:00 0 
b5f15000-b5f62000 r-xp 00000000 08:01 18225116   /usr/lib/i386-linux-gnu/libpulse.so.0.16.2
b5f62000-b5f63000 r--p 0004c000 08:01 18225116   /usr/lib/i386-linux-gnu/libpulse.so.0.16.2
b5f63000-b5f64000 rw-p 0004d000 08:01 18225116   /usr/lib/i386-linux-gnu/libpulse.so.0.16.2
b5f64000-b5f67000 r-xp 00000000 08:01 18225114   /usr/lib/i386-linux-gnu/libpulse-simple.so.0.0.4
b5f67000-b5f68000 r--p 00002000 08:01 18225114   /usr/lib/i386-linux-gnu/libpulse-simple.so.0.0.4
b5f68000-b5f69000 rw-p 00003000 08:01 18225114   /usr/lib/i386-linux-gnu/libpulse-simple.so.0.0.4
b5f69000-b605a000 r-xp 00000000 08:01 18224410   /usr/lib/i386-linux-gnu/libasound.so.2.0.0
b605a000-b605e000 r--p 000f0000 08:01 18224410   /usr/lib/i386-linux-gnu/libasound.so.2.0.0
b605e000-b605f000 rw-p 000f4000 08:01 18224410   /usr/lib/i386-linux-gnu/libasound.so.2.0.0
b605f000-b6083000 r-xp 00000000 08:01 20841512   /lib/i386-linux-gnu/liblzma.so.5.0.0
b6083000-b6084000 r--p 00023000 08:01 20841512   /lib/i386-linux-gnu/liblzma.so.5.0.0
b6084000-b6085000 rw-p 00024000 08:01 20841512   /lib/i386-linux-gnu/liblzma.so.5.0.0
b6085000-b6086000 rw-p 00000000 00:00 0 
b6086000-b609e000 r-xp 00000000 08:01 20841628   /lib/i386-linux-gnu/libz.so.1.2.8
b609e000-b609f000 r--p 00017000 08:01 20841628   /lib/i386-linux-gnu/libz.so.1.2.8
b609f000-b60a0000 rw-p 00018000 08:01 20841628   /lib/i386-linux-gnu/libz.so.1.2.8
b60a0000-b60a3000 r-xp 00000000 08:01 20854256   /lib/i386-linux-gnu/libdl-2.19.so
b60a3000-b60a4000 r--p 00002000 08:01 20854256   /lib/i386-linux-gnu/libdl-2.19.so
b60a4000-b60a5000 rw-p 00003000 08:01 20854256   /lib/i386-linux-gnu/libdl-2.19.so
b60a5000-b624d000 r-xp 00000000 08:01 20854269   /lib/i386-linux-gnu/libc-2.19.so
b624d000-b624e000 ---p 001a8000 08:01 20854269   /lib/i386-linux-gnu/libc-2.19.so
b624e000-b6250000 r--p 001a8000 08:01 20854269   /lib/i386-linux-gnu/libc-2.19.so
b6250000-b6251000 rw-p 001aa000 08:01 20854269   /lib/i386-linux-gnu/libc-2.19.so
b6251000-b6254000 rw-p 00000000 00:00 0 
b6254000-b6270000 r-xp 00000000 08:01 20841980   /lib/i386-linux-gnu/libgcc_s.so.1
b6270000-b6271000 rw-p 0001b000 08:01 20841980   /lib/i386-linux-gnu/libgcc_s.so.1
b6271000-b634d000 r-xp 00000000 08:01 18223271   /usr/lib/i386-linux-gnu/libstdc++.so.6.0.19
b634d000-b6351000 r--p 000dc000 08:01 18223271   /usr/lib/i386-linux-gnu/libstdc++.so.6.0.19
b6351000-b6352000 rw-p 000e0000 08:01 18223271   /usr/lib/i386-linux-gnu/libstdc++.so.6.0.19
b6352000-b635a000 rw-p 00000000 00:00 0 
b635a000-b639e000 r-xp 00000000 08:01 20854254   /lib/i386-linux-gnu/libm-2.19.so
b639e000-b639f000 r--p 00043000 08:01 20854254   /lib/i386-linux-gnu/libm-2.19.so
b639f000-b63a0000 rw-p 00044000 08:01 20854254   /lib/i386-linux-gnu/libm-2.19.so
b63a0000-b6d9d000 r-xp 00000000 08:01 18483215   /usr/lib/jvm/java-7-openjdk-i386/jre/lib/i386/server/libjvm.so
b6d9d000-b6d9e000 ---p 009fd000 08:01 18483215   /usr/lib/jvm/java-7-openjdk-i386/jre/lib/i386/server/libjvm.so
b6d9e000-b6df0000 r--p 009fd000 08:01 18483215   /usr/lib/jvm/java-7-openjdk-i386/jre/lib/i386/server/libjvm.so
b6df0000-b6e04000 rw-p 00a4f000 08:01 18483215   /usr/lib/jvm/java-7-openjdk-i386/jre/lib/i386/server/libjvm.so
b6e04000-b7221000 rw-p 00000000 00:00 0 
b7221000-b7227000 r-xp 00000000 08:01 18240492   /usr/lib/i386-linux-gnu/libSDL2_ttf-2.0.so.0.10.2
b7227000-b7228000 r--p 00005000 08:01 18240492   /usr/lib/i386-linux-gnu/libSDL2_ttf-2.0.so.0.10.2
b7228000-b7229000 rw-p 00006000 08:01 18240492   /usr/lib/i386-linux-gnu/libSDL2_ttf-2.0.so.0.10.2
b7229000-b7335000 r-xp 00000000 08:01 18240490   /usr/lib/i386-linux-gnu/libSDL2-2.0.so.0.2.0
b7335000-b7338000 r--p 0010b000 08:01 18240490   /usr/lib/i386-linux-gnu/libSDL2-2.0.so.0.2.0
b7338000-b733b000 rw-p 0010e000 08:01 18240490   /usr/lib/i386-linux-gnu/libSDL2-2.0.so.0.2.0
b733b000-b733d000 rw-p 00000000 00:00 0 
b733d000-b7378000 r-xp 00000000 08:01 18219216   /usr/lib/libgslcblas.so.0.0.0
b7378000-b7379000 r--p 0003a000 08:01 18219216   /usr/lib/libgslcblas.so.0.0.0
b7379000-b737a000 rw-p 0003b000 08:01 18219216   /usr/lib/libgslcblas.so.0.0.0
b737a000-b737b000 rw-p 00000000 00:00 0 
b737b000-b75a3000 r-xp 00000000 08:01 18220133   /usr/lib/libgsl.so.0.17.0
b75a3000-b75a4000 ---p 00228000 08:01 18220133   /usr/lib/libgsl.so.0.17.0
b75a4000-b75a6000 r--p 00228000 08:01 18220133   /usr/lib/libgsl.so.0.17.0
b75a6000-b75b4000 rw-p 0022a000 08:01 18220133   /usr/lib/libgsl.so.0.17.0
b75b4000-b7708000 r-xp 00000000 08:01 18219236   /usr/lib/i386-linux-gnu/libxml2.so.2.9.1
b7708000-b770c000 r--p 00154000 08:01 18219236   /usr/lib/i386-linux-gnu/libxml2.so.2.9.1
b770c000-b770d000 rw-p 00158000 08:01 18219236   /usr/lib/i386-linux-gnu/libxml2.so.2.9.1
b770d000-b770e000 rw-p 00000000 00:00 0 
b770e000-b7710000 r--s 00006000 08:01 18616755   /usr/share/java/java-atk-wrapper.jar
b7710000-b7711000 r--p 00859000 08:01 18227311   /usr/lib/locale/locale-archive
b7711000-b7718000 r-xp 00000000 08:01 20854259   /lib/i386-linux-gnu/libnss_compat-2.19.so
b7718000-b7719000 r--p 00006000 08:01 20854259   /lib/i386-linux-gnu/libnss_compat-2.19.so
b7719000-b771a000 rw-p 00007000 08:01 20854259   /lib/i386-linux-gnu/libnss_compat-2.19.so
b771a000-b771b000 rw-p 00000000 00:00 0 
b771b000-b771c000 ---p 00000000 00:00 0 
b771c000-b772a000 r-xp 00000000 08:01 18483209   /usr/lib/jvm/java-7-openjdk-i386/jre/lib/i386/libverify.so
b772a000-b772b000 r--p 0000d000 08:01 18483209   /usr/lib/jvm/java-7-openjdk-i386/jre/lib/i386/libverify.so
b772b000-b772c000 rw-p 0000e000 08:01 18483209   /usr/lib/jvm/java-7-openjdk-i386/jre/lib/i386/libverify.so
b772c000-b772f000 rw-p 00000000 00:00 0 
b772f000-b7730000 r-xp 00000000 00:00 0          [vdso]
b7730000-b7732000 r--p 00000000 00:00 0          [vvar]
b7732000-b7752000 r-xp 00000000 08:01 20854262   /lib/i386-linux-gnu/ld-2.19.so
b7752000-b7753000 r--p 0001f000 08:01 20854262   /lib/i386-linux-gnu/ld-2.19.so
b7753000-b7754000 rw-p 00020000 08:01 20854262   /lib/i386-linux-gnu/ld-2.19.so
bf96d000-bf96e000 rwxp 00000000 00:00 0 
bf971000-bf974000 ---p 00000000 00:00 0 
bf975000-bf9c1000 rw-p 00000000 00:00 0          [stack]

VM Arguments:
jvm_args: -Djava.library.path=/usr/lib/jni 
java_command: <unknown>
Launcher Type: generic

Environment Variables:
PATH=/home/gregoire/Applications/anaconda3/bin:/usr/local/sbin:/usr/local/bin:/usr/sbin:/usr/bin:/sbin:/bin:/usr/games:/usr/local/games
SHELL=/bin/bash
DISPLAY=:0.0

Signal Handlers:
SIGSEGV: [libjvm.so+0x8191e0], sa_mask[0]=0x7ffbfeff, sa_flags=0x10000004
SIGBUS: [libjvm.so+0x8191e0], sa_mask[0]=0x7ffbfeff, sa_flags=0x10000004
SIGFPE: [libjvm.so+0x68ddb0], sa_mask[0]=0x7ffbfeff, sa_flags=0x10000004
SIGPIPE: [libjvm.so+0x68ddb0], sa_mask[0]=0x7ffbfeff, sa_flags=0x10000004
SIGXFSZ: [libjvm.so+0x68ddb0], sa_mask[0]=0x7ffbfeff, sa_flags=0x10000004
SIGILL: [libjvm.so+0x68ddb0], sa_mask[0]=0x7ffbfeff, sa_flags=0x10000004
SIGUSR1: SIG_DFL, sa_mask[0]=0x00000000, sa_flags=0x00000000
SIGUSR2: [libjvm.so+0x68df10], sa_mask[0]=0x00000000, sa_flags=0x10000004
SIGHUP: [libjvm.so+0x68de70], sa_mask[0]=0x7ffbfeff, sa_flags=0x10000004
SIGINT: [libjvm.so+0x68de70], sa_mask[0]=0x7ffbfeff, sa_flags=0x10000004
SIGTERM: [libjvm.so+0x68de70], sa_mask[0]=0x7ffbfeff, sa_flags=0x10000004
SIGQUIT: [libjvm.so+0x68de70], sa_mask[0]=0x7ffbfeff, sa_flags=0x10000004
SIGTRAP: SIG_DFL, sa_mask[0]=0x00000000, sa_flags=0x00000000


---------------  S Y S T E M  ---------------

OS:Ubuntu 14.04 (trusty)
uname:Linux 3.16.0-59-generic #79~14.04.1-Ubuntu SMP Mon Jan 18 15:39:06 UTC 2016 i686
libc:glibc 2.19 NPTL 2.19 
rlimit: STACK 8192k, CORE 0k, NPROC 31352, NOFILE 4096, AS infinity
load average:0.71 0.62 0.51

/proc/meminfo:
MemTotal:        4032724 kB
MemFree:         1265332 kB
MemAvailable:    2708748 kB
Buffers:          494312 kB
Cached:          1130152 kB
SwapCached:          172 kB
Active:          1839804 kB
Inactive:         679404 kB
Active(anon):     865260 kB
Inactive(anon):   114400 kB
Active(file):     974544 kB
Inactive(file):   565004 kB
Unevictable:           0 kB
Mlocked:               0 kB
HighTotal:       3170056 kB
HighFree:        1200616 kB
LowTotal:         862668 kB
LowFree:           64716 kB
SwapTotal:       4075516 kB
SwapFree:        4075300 kB
Dirty:               280 kB
Writeback:             0 kB
AnonPages:        898740 kB
Mapped:           299316 kB
Shmem:             84916 kB
Slab:             200268 kB
SReclaimable:     181860 kB
SUnreclaim:        18408 kB
KernelStack:        3288 kB
PageTables:         8772 kB
NFS_Unstable:          0 kB
Bounce:                0 kB
WritebackTmp:          0 kB
CommitLimit:     6091876 kB
Committed_AS:    3502436 kB
VmallocTotal:     122880 kB
VmallocUsed:       19388 kB
VmallocChunk:      82208 kB
AnonHugePages:    391168 kB
HugePages_Total:       0
HugePages_Free:        0
HugePages_Rsvd:        0
HugePages_Surp:        0
Hugepagesize:       2048 kB
DirectMap4k:       17400 kB
DirectMap2M:      890880 kB


CPU:total 2 (2 cores per cpu, 1 threads per core) family 6 model 55 stepping 8, cmov, cx8, fxsr, mmx, sse, sse2, sse3, ssse3, sse4.1, sse4.2, popcnt, erms, tsc, tscinvbit

/proc/cpuinfo:
processor	: 0
vendor_id	: GenuineIntel
cpu family	: 6
model		: 55
model name	: Intel(R) Celeron(R) CPU  N2840  @ 2.16GHz
stepping	: 8
microcode	: 0x809
cpu MHz		: 2582.293
cache size	: 1024 KB
physical id	: 0
siblings	: 2
core id		: 0
cpu cores	: 2
apicid		: 0
initial apicid	: 0
fdiv_bug	: no
f00f_bug	: no
coma_bug	: no
fpu		: yes
fpu_exception	: yes
cpuid level	: 11
wp		: yes
flags		: fpu vme de pse tsc msr pae mce cx8 apic sep mtrr pge mca cmov pat pse36 clflush dts acpi mmx fxsr sse sse2 ss ht tm pbe nx rdtscp lm constant_tsc arch_perfmon pebs bts xtopology nonstop_tsc aperfmperf pni pclmulqdq dtes64 monitor ds_cpl vmx est tm2 ssse3 cx16 xtpr pdcm sse4_1 sse4_2 movbe popcnt tsc_deadline_timer rdrand lahf_lm 3dnowprefetch ida arat epb dtherm tpr_shadow vnmi flexpriority ept vpid tsc_adjust smep erms
bogomips	: 4326.40
clflush size	: 64
cache_alignment	: 64
address sizes	: 36 bits physical, 48 bits virtual
power management:

processor	: 1
vendor_id	: GenuineIntel
cpu family	: 6
model		: 55
model name	: Intel(R) Celeron(R) CPU  N2840  @ 2.16GHz
stepping	: 8
microcode	: 0x809
cpu MHz		: 2582.293
cache size	: 1024 KB
physical id	: 0
siblings	: 2
core id		: 1
cpu cores	: 2
apicid		: 2
initial apicid	: 2
fdiv_bug	: no
f00f_bug	: no
coma_bug	: no
fpu		: yes
fpu_exception	: yes
cpuid level	: 11
wp		: yes
flags		: fpu vme de pse tsc msr pae mce cx8 apic sep mtrr pge mca cmov pat pse36 clflush dts acpi mmx fxsr sse sse2 ss ht tm pbe nx rdtscp lm constant_tsc arch_perfmon pebs bts xtopology nonstop_tsc aperfmperf pni pclmulqdq dtes64 monitor ds_cpl vmx est tm2 ssse3 cx16 xtpr pdcm sse4_1 sse4_2 movbe popcnt tsc_deadline_timer rdrand lahf_lm 3dnowprefetch ida arat epb dtherm tpr_shadow vnmi flexpriority ept vpid tsc_adjust smep erms
bogomips	: 4326.40
clflush size	: 64
cache_alignment	: 64
address sizes	: 36 bits physical, 48 bits virtual
power management:



Memory: 4k page, physical 4032724k(1265332k free), swap 4075516k(4075300k free)

vm_info: OpenJDK Server VM (24.111-b01) for linux-x86 JRE (1.7.0_111-b01), built on Aug 12 2016 05:32:15 by "buildd" with gcc 4.8.4

time: Wed Nov 16 10:14:42 2016
elapsed time: 5 seconds

