#
# A fatal error has been detected by the Java Runtime Environment:
#
#  SIGSEGV (0xb) at pc=0x080924c2, pid=18711, tid=3046360832
#
# JRE version: OpenJDK Runtime Environment (7.0_111-b01) (build 1.7.0_111-b01)
# Java VM: OpenJDK Server VM (24.111-b01 mixed mode linux-x86 )
# Derivative: IcedTea 2.6.7
# Distribution: Ubuntu 14.04 LTS, package 7u111-2.6.7-0ubuntu0.14.04.3
# Problematic frame:
# C  [exe_projectRobotran+0x4a4c2]  ctrlGr4::SearchGraph::computePath(int, int)+0x152
#
# Failed to write core dump. Core dumps have been disabled. To enable core dumping, try "ulimit -c unlimited" before starting Java again
#
# If you would like to submit a bug report, please include
# instructions on how to reproduce the bug and visit:
#   http://icedtea.classpath.org/bugzilla
# The crash happened outside the Java Virtual Machine in native code.
# See problematic frame for where to report the bug.
#

---------------  T H R E A D  ---------------

Current thread (0x09224000):  JavaThread "main" [_thread_in_native, id=18711, stack(0xbfd79000,0xbfdc9000)]

siginfo:si_signo=SIGSEGV: si_errno=0, si_code=1 (SEGV_MAPERR), si_addr=0x0000002c

Registers:
EAX=0x00000000, EBX=0x00000000, ECX=0xb62de898, EDX=0x00000003
ESP=0xbfdc72f0, EBP=0xbfdc7388, ESI=0x098fa55c, EDI=0x098fa558
EIP=0x080924c2, EFLAGS=0x00010246, CR2=0x0000002c

Top of Stack: (sp=0xbfdc72f0)
0xbfdc72f0:   00000001 080a5660 00000001 080a56bc
0xbfdc7300:   bfdc733c bfdc7331 00000000 00000038
0xbfdc7310:   00000000 098fafe8 00000000 0000006e
0xbfdc7320:   00000000 00000077 098fa560 098fb1d8
0xbfdc7330:   098fb050 098faf80 098fa580 bfdc7398
0xbfdc7340:   b62dd420 098fa580 bfdc73f8 b61a8888
0xbfdc7350:   bfdc736c 098fa55c 098fa560 080a56bc
0xbfdc7360:   00000000 00000000 00000000 b63488b7 

Instructions: (pc=0x080924c2)
0x080924a2:   04 60 56 0a 08 c7 04 24 01 00 00 00 89 45 8c 8b
0x080924b2:   45 10 89 44 24 08 e8 f3 a4 fc ff 31 db 8b 45 90
0x080924c2:   8b 70 2c c7 44 24 04 00 00 00 00 89 04 24 89 75
0x080924d2:   9c e8 58 fa ff ff 8b 45 9c 3b 45 14 0f 84 0c 03 

Register to memory mapping:

EAX=0x00000000 is an unknown value
EBX=0x00000000 is an unknown value
ECX=0xb62de898: <offset 0x1ac898> in /lib/i386-linux-gnu/libc.so.6 at 0xb6132000
EDX=0x00000003 is an unknown value
ESP=0xbfdc72f0 is pointing into the stack for thread: 0x09224000
EBP=0xbfdc7388 is pointing into the stack for thread: 0x09224000
ESI=0x098fa55c is an unknown value
EDI=0x098fa558 is an unknown value


Stack: [0xbfd79000,0xbfdc9000],  sp=0xbfdc72f0,  free space=312k
Native frames: (J=compiled Java code, j=interpreted, Vv=VM code, C=native code)
C  [exe_projectRobotran+0x4a4c2]  ctrlGr4::SearchGraph::computePath(int, int)+0x152
C  [exe_projectRobotran+0x495d4]  ctrlGr4::controller_loop(ctrlGr4::CtrlStruct*)+0x2e4


---------------  P R O C E S S  ---------------

Java Threads: ( => current thread )
  0x09a9a800 JavaThread "J3D-InputDeviceScheduler-1" [_thread_blocked, id=18743, stack(0x63a42000,0x63a93000)]
  0x09a94800 JavaThread "J3D-SoundSchedulerUpdateThread-1" [_thread_blocked, id=18742, stack(0x63a93000,0x63ae4000)]
  0x095b0800 JavaThread "J3D-RenderStructureUpdateThread-1" [_thread_blocked, id=18741, stack(0x64d1a000,0x64d6b000)]
  0x095b9400 JavaThread "J3D-BehaviorScheduler-1" [_thread_blocked, id=18740, stack(0x64d6b000,0x64dbc000)]
  0x0990dc00 JavaThread "J3D-TransformStructureUpdateThread-1" [_thread_blocked, id=18739, stack(0x64dbc000,0x64e0d000)]
  0x095d7000 JavaThread "J3D-RenderingEnvironmentStructureUpdateThread-1" [_thread_blocked, id=18738, stack(0x64e0d000,0x64e5e000)]
  0x09733000 JavaThread "J3D-SoundStructureUpdateThread-1" [_thread_blocked, id=18737, stack(0x64e5e000,0x64eaf000)]
  0x095d7800 JavaThread "J3D-GeometryStructureUpdateThread-1" [_thread_blocked, id=18736, stack(0x64eaf000,0x64f00000)]
  0x095ddc00 JavaThread "J3D-BehaviorStructureUpdateThread-1" [_thread_blocked, id=18735, stack(0x65206000,0x65257000)]
  0x09739c00 JavaThread "AWT-EventQueue-0" [_thread_blocked, id=18734, stack(0x654af000,0x65500000)]
  0x09739400 JavaThread "AWT-Shutdown" [_thread_blocked, id=18733, stack(0x6545e000,0x654af000)]
  0x0976b800 JavaThread "Image Fetcher 0" daemon [_thread_blocked, id=18732, stack(0x6540d000,0x6545e000)]
  0x0971e400 JavaThread "Timer-0" daemon [_thread_blocked, id=18729, stack(0x6561a000,0x6566b000)]
  0x096e4400 JavaThread "J3D-Renderer-1" [_thread_blocked, id=18728, stack(0x65d5a000,0x65dab000)]
  0x096d8c00 JavaThread "J3D-MasterControl-1" [_thread_blocked, id=18727, stack(0x65dab000,0x65dfc000)]
  0x096dfc00 JavaThread "J3D-NotificationThread" [_thread_blocked, id=18726, stack(0x65dfc000,0x65e4d000)]
  0x096de800 JavaThread "J3D-TimerThread" [_thread_blocked, id=18725, stack(0x65e4d000,0x65e9e000)]
  0x096dd800 JavaThread "J3D-RenderingAttributesStructureUpdateThread" [_thread_blocked, id=18724, stack(0x65e9e000,0x65eef000)]
  0x09456400 JavaThread "AWT-XAWT" daemon [_thread_blocked, id=18723, stack(0x6613d000,0x6618e000)]
  0x09445800 JavaThread "Java2D Disposer" daemon [_thread_blocked, id=18722, stack(0x6618e000,0x661df000)]
  0x0934a800 JavaThread "Service Thread" daemon [_thread_blocked, id=18720, stack(0x6670b000,0x6675c000)]
  0x09348800 JavaThread "C2 CompilerThread1" daemon [_thread_blocked, id=18719, stack(0x6675c000,0x667dd000)]
  0x09346800 JavaThread "C2 CompilerThread0" daemon [_thread_blocked, id=18718, stack(0x667dd000,0x6685e000)]
  0x09345000 JavaThread "Signal Dispatcher" daemon [_thread_blocked, id=18717, stack(0x6685e000,0x668af000)]
  0x09333000 JavaThread "Finalizer" daemon [_thread_blocked, id=18716, stack(0x66aaf000,0x66b00000)]
  0x0932e000 JavaThread "Reference Handler" daemon [_thread_blocked, id=18715, stack(0x66c08000,0x66c59000)]
=>0x09224000 JavaThread "main" [_thread_in_native, id=18711, stack(0xbfd79000,0xbfdc9000)]

Other Threads:
  0x0932b800 VMThread [stack: 0x66c59000,0x66cda000] [id=18714]
  0x0934c800 WatcherThread [stack: 0x6668a000,0x6670b000] [id=18721]

VM state:at safepoint (normal execution)

VM Mutex/Monitor currently owned by a thread:  ([mutex/lock_event])
[0x0921d200] Threads_lock - owner thread: 0x0932b800
[0x0921d610] Heap_lock - owner thread: 0x095ddc00

Heap
 PSYoungGen      total 71168K, used 70063K [0x9ae80000, 0x9fe80000, 0xaf740000)
  eden space 62720K, 100% used [0x9ae80000,0x9ebc0000,0x9ebc0000)
  from space 8448K, 86% used [0x9f4c0000,0x9fbebd30,0x9fd00000)
  to   space 9216K, 45% used [0x9ebc0000,0x9efdf638,0x9f4c0000)
 ParOldGen       total 41984K, used 16636K [0x71d40000, 0x74640000, 0x9ae80000)
  object space 41984K, 39% used [0x71d40000,0x72d7f0a8,0x74640000)
 PSPermGen       total 16384K, used 13965K [0x69d40000, 0x6ad40000, 0x71d40000)
  object space 16384K, 85% used [0x69d40000,0x6aae3748,0x6ad40000)

Card table byte_map: [0x69b12000,0x69d40000] byte_map_base: 0x697c3600

Polling page: 0xb77a8000

Code Cache  [0xaf83d000, 0xafa7d000, 0xb283d000)
 total_blobs=592 nmethods=256 adapters=290 free_code_cache=48251Kb largest_free_block=49373760

Compilation events (10 events):
Event: 4.349 Thread 0x09348800 nmethod 268 0xaf913ac8 code [0xaf913ba0, 0xaf913c10]
Event: 4.408 Thread 0x09348800  269             java.lang.StringBuilder::<init> (7 bytes)
Event: 4.410 Thread 0x09348800 nmethod 269 0xaf916348 code [0xaf916440, 0xaf916510]
Event: 4.430 Thread 0x09348800  270             sun.java2d.loops.GraphicsPrimitive::getUniqueID (5 bytes)
Event: 4.430 Thread 0x09348800 nmethod 270 0xaf90ca48 code [0xaf90cb20, 0xaf90cb70]
Event: 4.501 Thread 0x09346800 nmethod 253% 0xaf91dc08 code [0xaf91e1c0, 0xaf921388]
Event: 5.492 Thread 0x09348800  271             javax.vecmath.Tuple3d::set (17 bytes)
Event: 5.493 Thread 0x09348800 nmethod 271 0xaf905348 code [0xaf905420, 0xaf905470]
Event: 5.496 Thread 0x09346800  272             javax.media.j3d.Transform3D::transform (151 bytes)
Event: 5.498 Thread 0x09346800 nmethod 272 0xaf905048 code [0xaf905140, 0xaf905250]

GC Heap History (10 events):
Event: 2.473 GC heap after
Heap after GC invocations=2 (full 0):
 PSYoungGen      total 18432K, used 2544K [0x9ae80000, 0x9d280000, 0xaf740000)
  eden space 15872K, 0% used [0x9ae80000,0x9ae80000,0x9be00000)
  from space 2560K, 99% used [0x9c080000,0x9c2fc070,0x9c300000)
  to   space 2560K, 0% used [0x9be00000,0x9be00000,0x9c080000)
 ParOldGen       total 41984K, used 2737K [0x71d40000, 0x74640000, 0x9ae80000)
  object space 41984K, 6% used [0x71d40000,0x71fec488,0x74640000)
 PSPermGen       total 16384K, used 12158K [0x69d40000, 0x6ad40000, 0x71d40000)
  object space 16384K, 74% used [0x69d40000,0x6a91f808,0x6ad40000)
}
Event: 2.578 GC heap before
{Heap before GC invocations=3 (full 0):
 PSYoungGen      total 18432K, used 18416K [0x9ae80000, 0x9d280000, 0xaf740000)
  eden space 15872K, 100% used [0x9ae80000,0x9be00000,0x9be00000)
  from space 2560K, 99% used [0x9c080000,0x9c2fc070,0x9c300000)
  to   space 2560K, 0% used [0x9be00000,0x9be00000,0x9c080000)
 ParOldGen       total 41984K, used 2737K [0x71d40000, 0x74640000, 0x9ae80000)
  object space 41984K, 6% used [0x71d40000,0x71fec488,0x74640000)
 PSPermGen       total 16384K, used 12172K [0x69d40000, 0x6ad40000, 0x71d40000)
  object space 16384K, 74% used [0x69d40000,0x6a923040,0x6ad40000)
Event: 2.601 GC heap after
Heap after GC invocations=3 (full 0):
 PSYoungGen      total 18432K, used 2556K [0x9ae80000, 0x9d280000, 0xaf740000)
  eden space 15872K, 0% used [0x9ae80000,0x9ae80000,0x9be00000)
  from space 2560K, 99% used [0x9be00000,0x9c07f3d0,0x9c080000)
  to   space 2560K, 0% used [0x9d000000,0x9d000000,0x9d280000)
 ParOldGen       total 41984K, used 7403K [0x71d40000, 0x74640000, 0x9ae80000)
  object space 41984K, 17% used [0x71d40000,0x7247ae48,0x74640000)
 PSPermGen       total 16384K, used 12172K [0x69d40000, 0x6ad40000, 0x71d40000)
  object space 16384K, 74% used [0x69d40000,0x6a923040,0x6ad40000)
}
Event: 2.705 GC heap before
{Heap before GC invocations=4 (full 0):
 PSYoungGen      total 18432K, used 18428K [0x9ae80000, 0x9d280000, 0xaf740000)
  eden space 15872K, 100% used [0x9ae80000,0x9be00000,0x9be00000)
  from space 2560K, 99% used [0x9be00000,0x9c07f3d0,0x9c080000)
  to   space 2560K, 0% used [0x9d000000,0x9d000000,0x9d280000)
 ParOldGen       total 41984K, used 7403K [0x71d40000, 0x74640000, 0x9ae80000)
  object space 41984K, 17% used [0x71d40000,0x7247ae48,0x74640000)
 PSPermGen       total 16384K, used 12172K [0x69d40000, 0x6ad40000, 0x71d40000)
  object space 16384K, 74% used [0x69d40000,0x6a923330,0x6ad40000)
Event: 2.724 GC heap after
Heap after GC invocations=4 (full 0):
 PSYoungGen      total 34304K, used 2556K [0x9ae80000, 0x9d280000, 0xaf740000)
  eden space 31744K, 0% used [0x9ae80000,0x9ae80000,0x9cd80000)
  from space 2560K, 99% used [0x9d000000,0x9d27f3d0,0x9d280000)
  to   space 2560K, 0% used [0x9cd80000,0x9cd80000,0x9d000000)
 ParOldGen       total 41984K, used 12173K [0x71d40000, 0x74640000, 0x9ae80000)
  object space 41984K, 28% used [0x71d40000,0x729237b0,0x74640000)
 PSPermGen       total 16384K, used 12172K [0x69d40000, 0x6ad40000, 0x71d40000)
  object space 16384K, 74% used [0x69d40000,0x6a923330,0x6ad40000)
}
Event: 3.058 GC heap before
{Heap before GC invocations=5 (full 0):
 PSYoungGen      total 34304K, used 34300K [0x9ae80000, 0x9d280000, 0xaf740000)
  eden space 31744K, 100% used [0x9ae80000,0x9cd80000,0x9cd80000)
  from space 2560K, 99% used [0x9d000000,0x9d27f3d0,0x9d280000)
  to   space 2560K, 0% used [0x9cd80000,0x9cd80000,0x9d000000)
 ParOldGen       total 41984K, used 12173K [0x71d40000, 0x74640000, 0x9ae80000)
  object space 41984K, 28% used [0x71d40000,0x729237b0,0x74640000)
 PSPermGen       total 16384K, used 12852K [0x69d40000, 0x6ad40000, 0x71d40000)
  object space 16384K, 78% used [0x69d40000,0x6a9cd168,0x6ad40000)
Event: 3.070 GC heap after
Heap after GC invocations=5 (full 0):
 PSYoungGen      total 34304K, used 2551K [0x9ae80000, 0x9fd00000, 0xaf740000)
  eden space 31744K, 0% used [0x9ae80000,0x9ae80000,0x9cd80000)
  from space 2560K, 99% used [0x9cd80000,0x9cffdfd0,0x9d000000)
  to   space 8448K, 0% used [0x9f4c0000,0x9f4c0000,0x9fd00000)
 ParOldGen       total 41984K, used 15105K [0x71d40000, 0x74640000, 0x9ae80000)
  object space 41984K, 35% used [0x71d40000,0x72c00428,0x74640000)
 PSPermGen       total 16384K, used 12852K [0x69d40000, 0x6ad40000, 0x71d40000)
  object space 16384K, 78% used [0x69d40000,0x6a9cd168,0x6ad40000)
}
Event: 3.528 GC heap before
{Heap before GC invocations=6 (full 0):
 PSYoungGen      total 34304K, used 34295K [0x9ae80000, 0x9fd00000, 0xaf740000)
  eden space 31744K, 100% used [0x9ae80000,0x9cd80000,0x9cd80000)
  from space 2560K, 99% used [0x9cd80000,0x9cffdfd0,0x9d000000)
  to   space 8448K, 0% used [0x9f4c0000,0x9f4c0000,0x9fd00000)
 ParOldGen       total 41984K, used 15105K [0x71d40000, 0x74640000, 0x9ae80000)
  object space 41984K, 35% used [0x71d40000,0x72c00428,0x74640000)
 PSPermGen       total 16384K, used 12895K [0x69d40000, 0x6ad40000, 0x71d40000)
  object space 16384K, 78% used [0x69d40000,0x6a9d7c98,0x6ad40000)
Event: 3.565 GC heap after
Heap after GC invocations=6 (full 0):
 PSYoungGen      total 71168K, used 7343K [0x9ae80000, 0x9fe80000, 0xaf740000)
  eden space 62720K, 0% used [0x9ae80000,0x9ae80000,0x9ebc0000)
  from space 8448K, 86% used [0x9f4c0000,0x9fbebd30,0x9fd00000)
  to   space 9216K, 0% used [0x9ebc0000,0x9ebc0000,0x9f4c0000)
 ParOldGen       total 41984K, used 15105K [0x71d40000, 0x74640000, 0x9ae80000)
  object space 41984K, 35% used [0x71d40000,0x72c00428,0x74640000)
 PSPermGen       total 16384K, used 12895K [0x69d40000, 0x6ad40000, 0x71d40000)
  object space 16384K, 78% used [0x69d40000,0x6a9d7c98,0x6ad40000)
}
Event: 5.510 GC heap before
{Heap before GC invocations=7 (full 0):
 PSYoungGen      total 71168K, used 70063K [0x9ae80000, 0x9fe80000, 0xaf740000)
  eden space 62720K, 100% used [0x9ae80000,0x9ebc0000,0x9ebc0000)
  from space 8448K, 86% used [0x9f4c0000,0x9fbebd30,0x9fd00000)
  to   space 9216K, 0% used [0x9ebc0000,0x9ebc0000,0x9f4c0000)
 ParOldGen       total 41984K, used 15105K [0x71d40000, 0x74640000, 0x9ae80000)
  object space 41984K, 35% used [0x71d40000,0x72c00428,0x74640000)
 PSPermGen       total 16384K, used 13965K [0x69d40000, 0x6ad40000, 0x71d40000)
  object space 16384K, 85% used [0x69d40000,0x6aae3748,0x6ad40000)

Deoptimization events (10 events):
Event: 3.150 Thread 0x09224000 Uncommon trap: reason=unstable_if action=reinterpret pc=0xaf8f6cf0 method=sun.misc.FloatingDecimal.readJavaFormatString(Ljava/lang/String;)Lsun/misc/FloatingDecimal; @ 509
Event: 3.177 Thread 0x09224000 Uncommon trap: reason=unstable_if action=reinterpret pc=0xaf8d6854 method=com.sun.j3d.utils.geometry.EdgeTable.<init>([I)V @ 68
Event: 4.231 Thread 0x09224000 Uncommon trap: reason=unstable_if action=reinterpret pc=0xaf8f88a4 method=java.util.Properties.load0(Ljava/util/Properties$LineReader;)V @ 12
Event: 4.239 Thread 0x09224000 Uncommon trap: reason=unstable_if action=reinterpret pc=0xaf8c9e08 method=java.util.ArrayList.indexOf(Ljava/lang/Object;)I @ 41
Event: 4.320 Thread 0x09224000 Uncommon trap: reason=unstable_if action=reinterpret pc=0xaf9150f0 method=javax.media.j3d.GeometryArrayRetained.computeBoundingBox(I[F)V @ 30
Event: 4.420 Thread 0x09224000 Uncommon trap: reason=bimorphic action=maybe_recompile pc=0xaf8a0638 method=java.util.HashMap.put(Ljava/lang/Object;Ljava/lang/Object;)Ljava/lang/Object; @ 83
Event: 4.422 Thread 0x09224000 Uncommon trap: reason=unstable_if action=reinterpret pc=0xaf8fae7c method=java.lang.Class.getName()Ljava/lang/String; @ 6
Event: 4.438 Thread 0x09224000 Uncommon trap: reason=bimorphic action=maybe_recompile pc=0xaf8a0638 method=java.util.HashMap.put(Ljava/lang/Object;Ljava/lang/Object;)Ljava/lang/Object; @ 83
Event: 4.440 Thread 0x09224000 Uncommon trap: reason=bimorphic action=maybe_recompile pc=0xaf8a0638 method=java.util.HashMap.put(Ljava/lang/Object;Ljava/lang/Object;)Ljava/lang/Object; @ 83
Event: 4.511 Thread 0x09739c00 Uncommon trap: reason=unstable_if action=reinterpret pc=0xaf90021c method=java.lang.Class.getName()Ljava/lang/String; @ 6

Internal exceptions (10 events):
Event: 2.839 Thread 0x09224000 Implicit null exception at 0xaf8c3c0d to 0xaf8c41f5
Event: 2.932 Thread 0x09224000 Implicit null exception at 0xaf8c67cd to 0xaf8c71ed
Event: 2.932 Thread 0x09224000 Implicit null exception at 0xaf8c67cd to 0xaf8c71ed
Event: 2.936 Thread 0x09224000 Implicit null exception at 0xaf8c67cd to 0xaf8c71ed
Event: 3.140 Thread 0x09224000 Implicit null exception at 0xaf8f5d13 to 0xaf8f5f51
Event: 4.177 Thread 0x09224000 Threw 0x9e5966d8 at /build/openjdk-7-Ylwexc/openjdk-7-7u111-2.6.7/build/openjdk/hotspot/src/share/vm/prims/jvm.cpp:1322
Event: 4.233 Thread 0x09224000 Threw 0x9e761170 at /build/openjdk-7-Ylwexc/openjdk-7-7u111-2.6.7/build/openjdk/hotspot/src/share/vm/prims/jvm.cpp:1322
Event: 4.234 Thread 0x09224000 Threw 0x9e7642f0 at /build/openjdk-7-Ylwexc/openjdk-7-7u111-2.6.7/build/openjdk/hotspot/src/share/vm/prims/jvm.cpp:1322
Event: 4.511 Thread 0x09739c00 Implicit null exception at 0xaf8ffdf1 to 0xaf900205
Event: 5.417 Thread 0x09739c00 Threw 0x9afc10a0 at /build/openjdk-7-Ylwexc/openjdk-7-7u111-2.6.7/build/openjdk/hotspot/src/share/vm/prims/jni.cpp:747

Events (10 events):
Event: 5.484 Executing VM operation: RevokeBias done
Event: 5.484 Executing VM operation: BulkRevokeBias
Event: 5.484 Executing VM operation: BulkRevokeBias done
Event: 5.493 Executing VM operation: RevokeBias
Event: 5.496 Executing VM operation: RevokeBias done
Event: 5.499 Executing VM operation: RevokeBias
Event: 5.499 Executing VM operation: RevokeBias done
Event: 5.499 Executing VM operation: RevokeBias
Event: 5.499 Executing VM operation: RevokeBias done
Event: 5.509 Executing VM operation: RevokeBias


Dynamic libraries:
08048000-080b5000 r-xp 00000000 08:01 5902081    /home/gregoire/Documents/MobileRobots/MobileRobotsProject/workR/build/exe_projectRobotran
080b5000-080b6000 r--p 0006d000 08:01 5902081    /home/gregoire/Documents/MobileRobots/MobileRobotsProject/workR/build/exe_projectRobotran
080b6000-080b7000 rw-p 0006e000 08:01 5902081    /home/gregoire/Documents/MobileRobots/MobileRobotsProject/workR/build/exe_projectRobotran
09215000-09ae4000 rw-p 00000000 00:00 0          [heap]
63a42000-63a45000 ---p 00000000 00:00 0 
63a45000-63a93000 rw-p 00000000 00:00 0          [stack:18743]
63a93000-63a96000 ---p 00000000 00:00 0 
63a96000-63ae4000 rw-p 00000000 00:00 0          [stack:18742]
64bca000-64d1a000 rw-s 00000000 00:04 43221012   /SYSV00000000 (deleted)
64d1a000-64d1d000 ---p 00000000 00:00 0 
64d1d000-64d6b000 rw-p 00000000 00:00 0          [stack:18741]
64d6b000-64d6e000 ---p 00000000 00:00 0 
64d6e000-64dbc000 rw-p 00000000 00:00 0          [stack:18740]
64dbc000-64dbf000 ---p 00000000 00:00 0 
64dbf000-64e0d000 rw-p 00000000 00:00 0          [stack:18739]
64e0d000-64e10000 ---p 00000000 00:00 0 
64e10000-64e5e000 rw-p 00000000 00:00 0          [stack:18738]
64e5e000-64e61000 ---p 00000000 00:00 0 
64e61000-64eaf000 rw-p 00000000 00:00 0          [stack:18737]
64eaf000-64eb2000 ---p 00000000 00:00 0 
64eb2000-64f00000 rw-p 00000000 00:00 0          [stack:18736]
64f00000-64ff9000 rw-p 00000000 00:00 0 
64ff9000-65000000 ---p 00000000 00:00 0 
65000000-65099000 rw-p 00000000 00:00 0 
65099000-65100000 ---p 00000000 00:00 0 
65100000-651bd000 rw-p 00000000 00:00 0 
651bd000-65200000 ---p 00000000 00:00 0 
65206000-65209000 ---p 00000000 00:00 0 
65209000-65257000 rw-p 00000000 00:00 0          [stack:18735]
65257000-6528c000 r-xp 00000000 08:01 18225272   /usr/lib/i386-linux-gnu/libtxc_dxtn_s2tc.so.0.0.0
6528c000-6528d000 r--p 00034000 08:01 18225272   /usr/lib/i386-linux-gnu/libtxc_dxtn_s2tc.so.0.0.0
6528d000-6528e000 rw-p 00035000 08:01 18225272   /usr/lib/i386-linux-gnu/libtxc_dxtn_s2tc.so.0.0.0
652ad000-652fd000 r-xp 00000000 08:01 18484113   /usr/lib/jvm/java-7-openjdk-i386/jre/lib/i386/libfontmanager.so
652fd000-652ff000 r--p 0004f000 08:01 18484113   /usr/lib/jvm/java-7-openjdk-i386/jre/lib/i386/libfontmanager.so
652ff000-65300000 rw-p 00051000 08:01 18484113   /usr/lib/jvm/java-7-openjdk-i386/jre/lib/i386/libfontmanager.so
65300000-653fb000 rw-p 00000000 00:00 0 
653fb000-65400000 ---p 00000000 00:00 0 
65409000-6540d000 rw-p 00000000 00:00 0 
6540d000-65410000 ---p 00000000 00:00 0 
65410000-6545e000 rw-p 00000000 00:00 0          [stack:18732]
6545e000-65461000 ---p 00000000 00:00 0 
65461000-654af000 rw-p 00000000 00:00 0          [stack:18733]
654af000-654b2000 ---p 00000000 00:00 0 
654b2000-65500000 rw-p 00000000 00:00 0          [stack:18734]
65500000-65531000 rw-p 00000000 00:00 0 
65531000-65600000 ---p 00000000 00:00 0 
65600000-65607000 r--s 00000000 08:01 18219920   /usr/lib/i386-linux-gnu/gconv/gconv-modules.cache
65607000-65618000 r-xp 00000000 08:01 18483846   /usr/lib/jvm/java-7-openjdk-i386/jre/lib/i386/libnio.so
65618000-65619000 r--p 00010000 08:01 18483846   /usr/lib/jvm/java-7-openjdk-i386/jre/lib/i386/libnio.so
65619000-6561a000 rw-p 00011000 08:01 18483846   /usr/lib/jvm/java-7-openjdk-i386/jre/lib/i386/libnio.so
6561a000-6561d000 ---p 00000000 00:00 0 
6561d000-6566b000 rw-p 00000000 00:00 0          [stack:18729]
6566b000-65674000 r-xp 00000000 08:01 18225079   /usr/lib/i386-linux-gnu/libpciaccess.so.0.11.1
65674000-65675000 r--p 00008000 08:01 18225079   /usr/lib/i386-linux-gnu/libpciaccess.so.0.11.1
65675000-65676000 rw-p 00009000 08:01 18225079   /usr/lib/i386-linux-gnu/libpciaccess.so.0.11.1
65676000-65681000 r-xp 00000000 08:01 18221979   /usr/lib/i386-linux-gnu/libdrm_radeon.so.1.0.1
65681000-65682000 r--p 0000a000 08:01 18221979   /usr/lib/i386-linux-gnu/libdrm_radeon.so.1.0.1
65682000-65683000 rw-p 0000b000 08:01 18221979   /usr/lib/i386-linux-gnu/libdrm_radeon.so.1.0.1
65683000-6568a000 r-xp 00000000 08:01 18221982   /usr/lib/i386-linux-gnu/libdrm_nouveau.so.2.0.0
6568a000-6568b000 r--p 00006000 08:01 18221982   /usr/lib/i386-linux-gnu/libdrm_nouveau.so.2.0.0
6568b000-6568c000 rw-p 00007000 08:01 18221982   /usr/lib/i386-linux-gnu/libdrm_nouveau.so.2.0.0
6568c000-656ad000 r-xp 00000000 08:01 18221790   /usr/lib/i386-linux-gnu/libdrm_intel.so.1.0.0
656ad000-656ae000 r--p 00020000 08:01 18221790   /usr/lib/i386-linux-gnu/libdrm_intel.so.1.0.0
656ae000-656af000 rw-p 00021000 08:01 18221790   /usr/lib/i386-linux-gnu/libdrm_intel.so.1.0.0
656af000-65cd9000 r-xp 00000000 08:01 18219429   /usr/lib/i386-linux-gnu/dri/i965_dri.so
65cd9000-65cfa000 r--p 00629000 08:01 18219429   /usr/lib/i386-linux-gnu/dri/i965_dri.so
65cfa000-65d00000 rw-p 0064a000 08:01 18219429   /usr/lib/i386-linux-gnu/dri/i965_dri.so
65d00000-65d06000 rw-p 00000000 00:00 0 
65d06000-65d0e000 r-xp 00000000 08:01 20841527   /lib/i386-linux-gnu/libnih-dbus.so.1.0.0
65d0e000-65d0f000 r--p 00007000 08:01 20841527   /lib/i386-linux-gnu/libnih-dbus.so.1.0.0
65d0f000-65d10000 rw-p 00008000 08:01 20841527   /lib/i386-linux-gnu/libnih-dbus.so.1.0.0
65d10000-65d27000 r-xp 00000000 08:01 20841529   /lib/i386-linux-gnu/libnih.so.1.0.0
65d27000-65d28000 r--p 00016000 08:01 20841529   /lib/i386-linux-gnu/libnih.so.1.0.0
65d28000-65d29000 rw-p 00017000 08:01 20841529   /lib/i386-linux-gnu/libnih.so.1.0.0
65d29000-65d45000 r-xp 00000000 08:01 20841579   /lib/i386-linux-gnu/libcgmanager.so.0.0.0
65d45000-65d46000 r--p 0001b000 08:01 20841579   /lib/i386-linux-gnu/libcgmanager.so.0.0.0
65d46000-65d47000 rw-p 0001c000 08:01 20841579   /lib/i386-linux-gnu/libcgmanager.so.0.0.0
65d47000-65d58000 r-xp 00000000 08:01 20840723   /lib/i386-linux-gnu/libudev.so.1.3.5
65d58000-65d59000 r--p 00010000 08:01 20840723   /lib/i386-linux-gnu/libudev.so.1.3.5
65d59000-65d5a000 rw-p 00011000 08:01 20840723   /lib/i386-linux-gnu/libudev.so.1.3.5
65d5a000-65d5d000 ---p 00000000 00:00 0 
65d5d000-65dab000 rw-p 00000000 00:00 0          [stack:18728]
65dab000-65dae000 ---p 00000000 00:00 0 
65dae000-65dfc000 rw-p 00000000 00:00 0          [stack:18727]
65dfc000-65dff000 ---p 00000000 00:00 0 
65dff000-65e4d000 rw-p 00000000 00:00 0          [stack:18726]
65e4d000-65e50000 ---p 00000000 00:00 0 
65e50000-65e9e000 rw-p 00000000 00:00 0          [stack:18725]
65e9e000-65ea1000 ---p 00000000 00:00 0 
65ea1000-65eef000 rw-p 00000000 00:00 0          [stack:18724]
65eef000-65efd000 r-xp 00000000 08:01 18222710   /usr/lib/i386-linux-gnu/libdrm.so.2.4.0
65efd000-65efe000 r--p 0000d000 08:01 18222710   /usr/lib/i386-linux-gnu/libdrm.so.2.4.0
65efe000-65eff000 rw-p 0000e000 08:01 18222710   /usr/lib/i386-linux-gnu/libdrm.so.2.4.0
65eff000-65f03000 r-xp 00000000 08:01 18225362   /usr/lib/i386-linux-gnu/libxcb-dri2.so.0.0.0
65f03000-65f04000 r--p 00003000 08:01 18225362   /usr/lib/i386-linux-gnu/libxcb-dri2.so.0.0.0
65f04000-65f05000 rw-p 00004000 08:01 18225362   /usr/lib/i386-linux-gnu/libxcb-dri2.so.0.0.0
65f05000-65f1b000 r-xp 00000000 08:01 18225366   /usr/lib/i386-linux-gnu/libxcb-glx.so.0.0.0
65f1b000-65f1c000 r--p 00016000 08:01 18225366   /usr/lib/i386-linux-gnu/libxcb-glx.so.0.0.0
65f1c000-65f1d000 rw-p 00017000 08:01 18225366   /usr/lib/i386-linux-gnu/libxcb-glx.so.0.0.0
65f1d000-65f1e000 r-xp 00000000 08:01 18224322   /usr/lib/i386-linux-gnu/libX11-xcb.so.1.0.0
65f1e000-65f1f000 r--p 00000000 08:01 18224322   /usr/lib/i386-linux-gnu/libX11-xcb.so.1.0.0
65f1f000-65f20000 rw-p 00001000 08:01 18224322   /usr/lib/i386-linux-gnu/libX11-xcb.so.1.0.0
65f20000-65f22000 r-xp 00000000 08:01 18224337   /usr/lib/i386-linux-gnu/libXdamage.so.1.1.0
65f22000-65f23000 r--p 00001000 08:01 18224337   /usr/lib/i386-linux-gnu/libXdamage.so.1.1.0
65f23000-65f24000 rw-p 00002000 08:01 18224337   /usr/lib/i386-linux-gnu/libXdamage.so.1.1.0
65f24000-65f37000 r-xp 00000000 08:01 18224101   /usr/lib/i386-linux-gnu/libglapi.so.0.0.0
65f37000-65f39000 r--p 00013000 08:01 18224101   /usr/lib/i386-linux-gnu/libglapi.so.0.0.0
65f39000-65f3f000 rwxp 00015000 08:01 18224101   /usr/lib/i386-linux-gnu/libglapi.so.0.0.0
65f3f000-65f9a000 r-xp 00000000 08:01 18219640   /usr/lib/i386-linux-gnu/mesa/libGL.so.1.2.0
65f9a000-65f9b000 ---p 0005b000 08:01 18219640   /usr/lib/i386-linux-gnu/mesa/libGL.so.1.2.0
65f9b000-65f9d000 r--p 0005b000 08:01 18219640   /usr/lib/i386-linux-gnu/mesa/libGL.so.1.2.0
65f9d000-65fa2000 rwxp 0005d000 08:01 18219640   /usr/lib/i386-linux-gnu/mesa/libGL.so.1.2.0
65fa2000-65fa7000 rw-p 00000000 00:00 0 
65fa7000-65fbf000 r-xp 00000000 08:01 18483833   /usr/lib/jvm/java-7-openjdk-i386/jre/lib/i386/libnet.so
65fbf000-65fc0000 r--p 00017000 08:01 18483833   /usr/lib/jvm/java-7-openjdk-i386/jre/lib/i386/libnet.so
65fc0000-65fc1000 rw-p 00018000 08:01 18483833   /usr/lib/jvm/java-7-openjdk-i386/jre/lib/i386/libnet.so
65fc1000-65fe2000 r-xp 00000000 08:01 18352082   /usr/lib/jni/libj3dcore-ogl.so
65fe2000-65fe3000 rw-p 00020000 08:01 18352082   /usr/lib/jni/libj3dcore-ogl.so
65fe3000-66000000 r--s 0014f000 08:01 5770160    /home/gregoire/Documents/MobileRobots/MobileRobotsProject/mbsysCopy/mbsyspad/lib/swingx-all-1.6.4.jar
66000000-660fd000 rw-p 00000000 00:00 0 
660fd000-66100000 ---p 00000000 00:00 0 
66100000-66101000 rw-p 00000000 00:00 0 
66101000-66102000 rw-s 00000000 00:04 57501      /drm mm object (deleted)
66102000-66103000 r-xp 00000000 08:01 18225404   /usr/lib/i386-linux-gnu/libxshmfence.so.1.0.0
66103000-66104000 r--p 00000000 08:01 18225404   /usr/lib/i386-linux-gnu/libxshmfence.so.1.0.0
66104000-66105000 rw-p 00001000 08:01 18225404   /usr/lib/i386-linux-gnu/libxshmfence.so.1.0.0
66105000-6610a000 r-xp 00000000 08:01 18225386   /usr/lib/i386-linux-gnu/libxcb-sync.so.1.0.0
6610a000-6610b000 r--p 00004000 08:01 18225386   /usr/lib/i386-linux-gnu/libxcb-sync.so.1.0.0
6610b000-6610c000 rw-p 00005000 08:01 18225386   /usr/lib/i386-linux-gnu/libxcb-sync.so.1.0.0
6610c000-6610e000 r-xp 00000000 08:01 18225374   /usr/lib/i386-linux-gnu/libxcb-present.so.0.0.0
6610e000-6610f000 r--p 00001000 08:01 18225374   /usr/lib/i386-linux-gnu/libxcb-present.so.0.0.0
6610f000-66110000 rw-p 00002000 08:01 18225374   /usr/lib/i386-linux-gnu/libxcb-present.so.0.0.0
66110000-66112000 r-xp 00000000 08:01 18225364   /usr/lib/i386-linux-gnu/libxcb-dri3.so.0.0.0
66112000-66113000 r--p 00001000 08:01 18225364   /usr/lib/i386-linux-gnu/libxcb-dri3.so.0.0.0
66113000-66114000 rw-p 00002000 08:01 18225364   /usr/lib/i386-linux-gnu/libxcb-dri3.so.0.0.0
66114000-66118000 r--s 00019000 08:01 5770159    /home/gregoire/Documents/MobileRobots/MobileRobotsProject/mbsysCopy/mbsyspad/lib/matlabcontrol-4.0.0.jar
66118000-66126000 r--s 00193000 08:01 5770149    /home/gregoire/Documents/MobileRobots/MobileRobotsProject/mbsysCopy/mbsyspad/lib/j3dutils.jar
66126000-66132000 r--s 002c7000 08:01 5770148    /home/gregoire/Documents/MobileRobots/MobileRobotsProject/mbsysCopy/mbsyspad/lib/j3dcore.jar
66132000-6613d000 r--s 00108000 08:01 5770152    /home/gregoire/Documents/MobileRobots/MobileRobotsProject/mbsysCopy/mbsyspad/lib/jogl.jar
6613d000-66140000 ---p 00000000 00:00 0 
66140000-6618e000 rw-p 00000000 00:00 0          [stack:18723]
6618e000-66191000 ---p 00000000 00:00 0 
66191000-661df000 rw-p 00000000 00:00 0          [stack:18722]
661df000-6621b000 r-xp 00000000 08:01 20840700   /lib/i386-linux-gnu/libpcre.so.3.13.1
6621b000-6621c000 r--p 0003b000 08:01 20840700   /lib/i386-linux-gnu/libpcre.so.3.13.1
6621c000-6621d000 rw-p 0003c000 08:01 20840700   /lib/i386-linux-gnu/libpcre.so.3.13.1
6621d000-6623d000 r-xp 00000000 08:01 20841595   /lib/i386-linux-gnu/libselinux.so.1
6623d000-6623e000 r--p 0001f000 08:01 20841595   /lib/i386-linux-gnu/libselinux.so.1
6623e000-6623f000 rw-p 00020000 08:01 20841595   /lib/i386-linux-gnu/libselinux.so.1
6623f000-66240000 rw-p 00000000 00:00 0 
66240000-6634a000 r-xp 00000000 08:01 20841496   /lib/i386-linux-gnu/libglib-2.0.so.0.4002.0
6634a000-6634b000 r--p 00109000 08:01 20841496   /lib/i386-linux-gnu/libglib-2.0.so.0.4002.0
6634b000-6634c000 rw-p 0010a000 08:01 20841496   /lib/i386-linux-gnu/libglib-2.0.so.0.4002.0
6634c000-66371000 r-xp 00000000 08:01 20840645   /lib/i386-linux-gnu/libexpat.so.1.6.0
66371000-66372000 ---p 00025000 08:01 20840645   /lib/i386-linux-gnu/libexpat.so.1.6.0
66372000-66374000 r--p 00025000 08:01 20840645   /lib/i386-linux-gnu/libexpat.so.1.6.0
66374000-66375000 rw-p 00027000 08:01 20840645   /lib/i386-linux-gnu/libexpat.so.1.6.0
66375000-663c5000 r-xp 00000000 08:01 18224739   /usr/lib/i386-linux-gnu/libgobject-2.0.so.0.4002.0
663c5000-663c6000 r--p 0004f000 08:01 18224739   /usr/lib/i386-linux-gnu/libgobject-2.0.so.0.4002.0
663c6000-663c7000 rw-p 00050000 08:01 18224739   /usr/lib/i386-linux-gnu/libgobject-2.0.so.0.4002.0
663c7000-66544000 r-xp 00000000 08:01 18224711   /usr/lib/i386-linux-gnu/libgio-2.0.so.0.4002.0
66544000-66546000 r--p 0017d000 08:01 18224711   /usr/lib/i386-linux-gnu/libgio-2.0.so.0.4002.0
66546000-66547000 rw-p 0017f000 08:01 18224711   /usr/lib/i386-linux-gnu/libgio-2.0.so.0.4002.0
66547000-66548000 rw-p 00000000 00:00 0 
66548000-66581000 r-xp 00000000 08:01 18226186   /usr/lib/i386-linux-gnu/libfontconfig.so.1.8.0
66581000-66582000 r--p 00039000 08:01 18226186   /usr/lib/i386-linux-gnu/libfontconfig.so.1.8.0
66582000-66583000 rw-p 0003a000 08:01 18226186   /usr/lib/i386-linux-gnu/libfontconfig.so.1.8.0
66583000-665cb000 r-xp 00000000 08:01 19923017   /usr/lib/jvm/java-7-openjdk-i386/jre/lib/i386/xawt/libmawt.so
665cb000-665cc000 r--p 00048000 08:01 19923017   /usr/lib/jvm/java-7-openjdk-i386/jre/lib/i386/xawt/libmawt.so
665cc000-665ce000 rw-p 00049000 08:01 19923017   /usr/lib/jvm/java-7-openjdk-i386/jre/lib/i386/xawt/libmawt.so
665ce000-665cf000 rw-p 00000000 00:00 0 
665cf000-6665e000 r-xp 00000000 08:01 18484117   /usr/lib/jvm/java-7-openjdk-i386/jre/lib/i386/libawt.so
6665e000-6665f000 r--p 0008f000 08:01 18484117   /usr/lib/jvm/java-7-openjdk-i386/jre/lib/i386/libawt.so
6665f000-66666000 rw-p 00090000 08:01 18484117   /usr/lib/jvm/java-7-openjdk-i386/jre/lib/i386/libawt.so
66666000-6668a000 rw-p 00000000 00:00 0 
6668a000-6668b000 ---p 00000000 00:00 0 
6668b000-6670b000 rw-p 00000000 00:00 0          [stack:18721]
6670b000-6670e000 ---p 00000000 00:00 0 
6670e000-6675c000 rw-p 00000000 00:00 0          [stack:18720]
6675c000-6675f000 ---p 00000000 00:00 0 
6675f000-667dd000 rw-p 00000000 00:00 0          [stack:18719]
667dd000-667e0000 ---p 00000000 00:00 0 
667e0000-6685e000 rw-p 00000000 00:00 0          [stack:18718]
6685e000-66861000 ---p 00000000 00:00 0 
66861000-668af000 rw-p 00000000 00:00 0          [stack:18717]
668af000-66aaf000 r--p 00000000 08:01 18227311   /usr/lib/locale/locale-archive
66aaf000-66ab2000 ---p 00000000 00:00 0 
66ab2000-66b00000 rw-p 00000000 00:00 0          [stack:18716]
66b00000-66c00000 rw-p 00000000 00:00 0 
66c00000-66c01000 r-xp 00000000 08:01 18484119   /usr/lib/jvm/java-7-openjdk-i386/jre/lib/i386/libjawt.so
66c01000-66c02000 r--p 00000000 08:01 18484119   /usr/lib/jvm/java-7-openjdk-i386/jre/lib/i386/libjawt.so
66c02000-66c03000 rw-p 00001000 08:01 18484119   /usr/lib/jvm/java-7-openjdk-i386/jre/lib/i386/libjawt.so
66c03000-66c04000 r--s 00017000 08:01 5770146    /home/gregoire/Documents/MobileRobots/MobileRobotsProject/mbsysCopy/mbsyspad/lib/j3D.jar
66c04000-66c06000 r--s 0004c000 08:01 5770161    /home/gregoire/Documents/MobileRobots/MobileRobotsProject/mbsysCopy/mbsyspad/lib/vecmath.jar
66c06000-66c08000 r--s 00018000 08:01 18483205   /usr/lib/jvm/java-7-openjdk-i386/jre/lib/jce.jar
66c08000-66c0b000 ---p 00000000 00:00 0 
66c0b000-66c59000 rw-p 00000000 00:00 0          [stack:18715]
66c59000-66c5a000 ---p 00000000 00:00 0 
66c5a000-66d23000 rw-p 00000000 00:00 0          [stack:18714]
66d23000-66ed6000 r--s 01d3d000 08:01 18483206   /usr/lib/jvm/java-7-openjdk-i386/jre/lib/rt.jar
66ed6000-69600000 rw-p 00000000 00:00 0 
69600000-69621000 rw-p 00000000 00:00 0 
69621000-69700000 ---p 00000000 00:00 0 
69700000-69704000 r--s 0004f000 08:01 18484133   /usr/lib/jvm/java-7-openjdk-i386/jre/lib/jsse.jar
69704000-69705000 r--s 00004000 08:01 5770145    /home/gregoire/Documents/MobileRobots/MobileRobotsProject/mbsysCopy/mbsyspad/lib/gluegen-rt.jar
69705000-69709000 r--s 00020000 08:01 5770143    /home/gregoire/Documents/MobileRobots/MobileRobotsProject/mbsysCopy/mbsyspad/lib/commons-digester-1.8.jar
69709000-6970e000 r--s 0002a000 08:01 5770141    /home/gregoire/Documents/MobileRobots/MobileRobotsProject/mbsysCopy/mbsyspad/lib/commons-beanutils.jar
6970e000-69714000 r--s 00056000 08:01 5770147    /home/gregoire/Documents/MobileRobots/MobileRobotsProject/mbsysCopy/mbsyspad/lib/j3d-vrml97.jar
69714000-6971a000 r--s 00047000 08:01 5770144    /home/gregoire/Documents/MobileRobots/MobileRobotsProject/mbsysCopy/mbsyspad/lib/flamingo.jar
6971a000-69724000 r--s 000ae000 08:01 18483207   /usr/lib/jvm/java-7-openjdk-i386/jre/lib/resources.jar
69724000-6977f000 rw-p 00000000 00:00 0 
6977f000-69780000 ---p 00000000 00:00 0 
69780000-69800000 rw-p 00000000 00:00 0          [stack:18713]
69800000-698fe000 rw-p 00000000 00:00 0 
698fe000-69900000 ---p 00000000 00:00 0 
69900000-69901000 r--s 00001000 08:01 5770151    /home/gregoire/Documents/MobileRobots/MobileRobotsProject/mbsysCopy/mbsyspad/lib/jnlp.jar
69901000-69903000 r--s 0002a000 08:01 5770140    /home/gregoire/Documents/MobileRobots/MobileRobotsProject/mbsysCopy/mbsyspad/lib/MBsysComJ.jar
69903000-69906000 r-xp 00000000 08:01 18224723   /usr/lib/i386-linux-gnu/libgmodule-2.0.so.0.4002.0
69906000-69907000 r--p 00002000 08:01 18224723   /usr/lib/i386-linux-gnu/libgmodule-2.0.so.0.4002.0
69907000-69908000 rw-p 00003000 08:01 18224723   /usr/lib/i386-linux-gnu/libgmodule-2.0.so.0.4002.0
69908000-69909000 ---p 00000000 00:00 0 
69909000-69991000 rw-p 00000000 00:00 0          [stack:18712]
69991000-699c9000 rw-p 00000000 00:00 0 
699c9000-699de000 rw-p 00000000 00:00 0 
699de000-69b12000 rw-p 00000000 00:00 0 
69b12000-69b1a000 rw-p 00000000 00:00 0 
69b1a000-69b52000 rw-p 00000000 00:00 0 
69b52000-69b67000 rw-p 00000000 00:00 0 
69b67000-69c9a000 rw-p 00000000 00:00 0 
69c9a000-69cc3000 rw-p 00000000 00:00 0 
69cc3000-69d3f000 rw-p 00000000 00:00 0 
69d3f000-6ad40000 rw-p 00000000 00:00 0 
6ad40000-71d40000 rw-p 00000000 00:00 0 
71d40000-74640000 rw-p 00000000 00:00 0 
74640000-9ae80000 rw-p 00000000 00:00 0 
9ae80000-9fe80000 rw-p 00000000 00:00 0 
9fe80000-af740000 rw-p 00000000 00:00 0 
af740000-af741000 r--s 00008000 08:01 5770142    /home/gregoire/Documents/MobileRobots/MobileRobotsProject/mbsysCopy/mbsyspad/lib/commons-cli-1.1.jar
af741000-af744000 r--s 00023000 08:01 5770150    /home/gregoire/Documents/MobileRobots/MobileRobotsProject/mbsysCopy/mbsyspad/lib/jdom.jar
af744000-af749000 r-xp 00000000 08:01 18224369   /usr/lib/i386-linux-gnu/libXtst.so.6.1.0
af749000-af74a000 r--p 00004000 08:01 18224369   /usr/lib/i386-linux-gnu/libXtst.so.6.1.0
af74a000-af74b000 rw-p 00005000 08:01 18224369   /usr/lib/i386-linux-gnu/libXtst.so.6.1.0
af74b000-af74d000 r-xp 00000000 08:01 18224333   /usr/lib/i386-linux-gnu/libXcomposite.so.1.0.0
af74d000-af74e000 r--p 00001000 08:01 18224333   /usr/lib/i386-linux-gnu/libXcomposite.so.1.0.0
af74e000-af74f000 rw-p 00002000 08:01 18224333   /usr/lib/i386-linux-gnu/libXcomposite.so.1.0.0
af74f000-af75e000 r--s 0008c000 08:01 5770138    /home/gregoire/Documents/MobileRobots/MobileRobotsProject/mbsysCopy/mbsyspad/MBsysPad.jar
af75e000-af762000 r--s 00085000 08:01 18751331   /usr/lib/jvm/java-7-openjdk-i386/jre/lib/ext/localedata.jar
af762000-af786000 rw-p 00000000 00:00 0 
af786000-af83d000 rw-p 00000000 00:00 0 
af83d000-afa7d000 rwxp 00000000 00:00 0 
afa7d000-b283d000 rw-p 00000000 00:00 0 
b283d000-b2847000 r-xp 00000000 08:01 20854272   /lib/i386-linux-gnu/libnss_files-2.19.so
b2847000-b2848000 r--p 00009000 08:01 20854272   /lib/i386-linux-gnu/libnss_files-2.19.so
b2848000-b2849000 rw-p 0000a000 08:01 20854272   /lib/i386-linux-gnu/libnss_files-2.19.so
b2849000-b2853000 r-xp 00000000 08:01 20854264   /lib/i386-linux-gnu/libnss_nis-2.19.so
b2853000-b2854000 r--p 00009000 08:01 20854264   /lib/i386-linux-gnu/libnss_nis-2.19.so
b2854000-b2855000 rw-p 0000a000 08:01 20854264   /lib/i386-linux-gnu/libnss_nis-2.19.so
b2855000-b2858000 r--s 0000f000 08:01 18751219   /usr/lib/jvm/java-7-openjdk-i386/jre/lib/ext/icedtea-sound.jar
b2858000-b2859000 r--s 00002000 08:01 18751957   /usr/lib/jvm/java-7-openjdk-i386/jre/lib/ext/dnsns.jar
b2859000-b285b000 r--s 00012000 08:01 18751958   /usr/lib/jvm/java-7-openjdk-i386/jre/lib/ext/zipfs.jar
b285b000-b285f000 r--s 00034000 08:01 18751956   /usr/lib/jvm/java-7-openjdk-i386/jre/lib/ext/sunjce_provider.jar
b285f000-b2862000 r--s 0003d000 08:01 18751212   /usr/lib/jvm/java-7-openjdk-i386/jre/lib/ext/sunpkcs11.jar
b2862000-b286a000 r-xp 00000000 08:01 18484132   /usr/lib/jvm/java-7-openjdk-i386/jre/lib/i386/libzip.so
b286a000-b286b000 r--p 00007000 08:01 18484132   /usr/lib/jvm/java-7-openjdk-i386/jre/lib/i386/libzip.so
b286b000-b286c000 rw-p 00008000 08:01 18484132   /usr/lib/jvm/java-7-openjdk-i386/jre/lib/i386/libzip.so
b286c000-b2874000 rw-s 00000000 08:01 14552362   /tmp/hsperfdata_gregoire/18711
b2874000-b289b000 r-xp 00000000 08:01 18483211   /usr/lib/jvm/java-7-openjdk-i386/jre/lib/i386/libjava.so
b289b000-b289c000 r--p 00026000 08:01 18483211   /usr/lib/jvm/java-7-openjdk-i386/jre/lib/i386/libjava.so
b289c000-b289d000 rw-p 00027000 08:01 18483211   /usr/lib/jvm/java-7-openjdk-i386/jre/lib/i386/libjava.so
b289d000-b5940000 rw-p 00000000 00:00 0 
b5940000-b5953000 r-xp 00000000 08:01 20854252   /lib/i386-linux-gnu/libresolv-2.19.so
b5953000-b5954000 ---p 00013000 08:01 20854252   /lib/i386-linux-gnu/libresolv-2.19.so
b5954000-b5955000 r--p 00013000 08:01 20854252   /lib/i386-linux-gnu/libresolv-2.19.so
b5955000-b5956000 rw-p 00014000 08:01 20854252   /lib/i386-linux-gnu/libresolv-2.19.so
b5956000-b5958000 rw-p 00000000 00:00 0 
b5958000-b595f000 r-xp 00000000 08:01 18225047   /usr/lib/i386-linux-gnu/libogg.so.0.8.1
b595f000-b5960000 r--p 00006000 08:01 18225047   /usr/lib/i386-linux-gnu/libogg.so.0.8.1
b5960000-b5961000 rw-p 00007000 08:01 18225047   /usr/lib/i386-linux-gnu/libogg.so.0.8.1
b5961000-b598a000 r-xp 00000000 08:01 18225321   /usr/lib/i386-linux-gnu/libvorbis.so.0.4.5
b598a000-b598b000 ---p 00029000 08:01 18225321   /usr/lib/i386-linux-gnu/libvorbis.so.0.4.5
b598b000-b598c000 r--p 00029000 08:01 18225321   /usr/lib/i386-linux-gnu/libvorbis.so.0.4.5
b598c000-b598d000 rw-p 0002a000 08:01 18225321   /usr/lib/i386-linux-gnu/libvorbis.so.0.4.5
b598d000-b5af3000 r-xp 00000000 08:01 18225323   /usr/lib/i386-linux-gnu/libvorbisenc.so.2.0.8
b5af3000-b5b04000 r--p 00165000 08:01 18225323   /usr/lib/i386-linux-gnu/libvorbisenc.so.2.0.8
b5b04000-b5b05000 rw-p 00176000 08:01 18225323   /usr/lib/i386-linux-gnu/libvorbisenc.so.2.0.8
b5b05000-b5b06000 rw-p 00000000 00:00 0 
b5b06000-b5b38000 r-xp 00000000 08:01 18224186   /usr/lib/i386-linux-gnu/libFLAC.so.8.3.0
b5b38000-b5b39000 r--p 00031000 08:01 18224186   /usr/lib/i386-linux-gnu/libFLAC.so.8.3.0
b5b39000-b5b3a000 rw-p 00032000 08:01 18224186   /usr/lib/i386-linux-gnu/libFLAC.so.8.3.0
b5b3a000-b5b4f000 r-xp 00000000 08:01 20854260   /lib/i386-linux-gnu/libnsl-2.19.so
b5b4f000-b5b50000 r--p 00015000 08:01 20854260   /lib/i386-linux-gnu/libnsl-2.19.so
b5b50000-b5b51000 rw-p 00016000 08:01 20854260   /lib/i386-linux-gnu/libnsl-2.19.so
b5b51000-b5b53000 rw-p 00000000 00:00 0 
b5b53000-b5b58000 r-xp 00000000 08:01 18224339   /usr/lib/i386-linux-gnu/libXdmcp.so.6.0.0
b5b58000-b5b59000 r--p 00004000 08:01 18224339   /usr/lib/i386-linux-gnu/libXdmcp.so.6.0.0
b5b59000-b5b5a000 rw-p 00005000 08:01 18224339   /usr/lib/i386-linux-gnu/libXdmcp.so.6.0.0
b5b5a000-b5b5c000 r-xp 00000000 08:01 18224328   /usr/lib/i386-linux-gnu/libXau.so.6.0.0
b5b5c000-b5b5d000 r--p 00001000 08:01 18224328   /usr/lib/i386-linux-gnu/libXau.so.6.0.0
b5b5d000-b5b5e000 rw-p 00002000 08:01 18224328   /usr/lib/i386-linux-gnu/libXau.so.6.0.0
b5b5e000-b5b63000 r-xp 00000000 08:01 18224418   /usr/lib/i386-linux-gnu/libasyncns.so.0.3.1
b5b63000-b5b64000 r--p 00004000 08:01 18224418   /usr/lib/i386-linux-gnu/libasyncns.so.0.3.1
b5b64000-b5b65000 rw-p 00005000 08:01 18224418   /usr/lib/i386-linux-gnu/libasyncns.so.0.3.1
b5b65000-b5b66000 rw-p 00000000 00:00 0 
b5b66000-b5bd1000 r-xp 00000000 08:01 18219697   /usr/lib/i386-linux-gnu/libsndfile.so.1.0.25
b5bd1000-b5bd2000 ---p 0006b000 08:01 18219697   /usr/lib/i386-linux-gnu/libsndfile.so.1.0.25
b5bd2000-b5bd3000 r--p 0006b000 08:01 18219697   /usr/lib/i386-linux-gnu/libsndfile.so.1.0.25
b5bd3000-b5bd4000 rw-p 0006c000 08:01 18219697   /usr/lib/i386-linux-gnu/libsndfile.so.1.0.25
b5bd4000-b5bd8000 rw-p 00000000 00:00 0 
b5bd8000-b5be0000 r-xp 00000000 08:01 20841625   /lib/i386-linux-gnu/libwrap.so.0.7.6
b5be0000-b5be1000 r--p 00007000 08:01 20841625   /lib/i386-linux-gnu/libwrap.so.0.7.6
b5be1000-b5be2000 rw-p 00008000 08:01 20841625   /lib/i386-linux-gnu/libwrap.so.0.7.6
b5be2000-b5c08000 r-xp 00000000 08:01 20841983   /lib/i386-linux-gnu/libpng12.so.0.50.0
b5c08000-b5c09000 r--p 00025000 08:01 20841983   /lib/i386-linux-gnu/libpng12.so.0.50.0
b5c09000-b5c0a000 rw-p 00026000 08:01 20841983   /lib/i386-linux-gnu/libpng12.so.0.50.0
b5c0a000-b5c0f000 r-xp 00000000 08:01 18219065   /usr/lib/i386-linux-gnu/libffi.so.6.0.1
b5c0f000-b5c10000 r--p 00005000 08:01 18219065   /usr/lib/i386-linux-gnu/libffi.so.6.0.1
b5c10000-b5c11000 rw-p 00006000 08:01 18219065   /usr/lib/i386-linux-gnu/libffi.so.6.0.1
b5c11000-b5c15000 r-xp 00000000 08:01 18219488   /usr/lib/i386-linux-gnu/libXfixes.so.3.1.0
b5c15000-b5c16000 r--p 00003000 08:01 18219488   /usr/lib/i386-linux-gnu/libXfixes.so.3.1.0
b5c16000-b5c17000 rw-p 00004000 08:01 18219488   /usr/lib/i386-linux-gnu/libXfixes.so.3.1.0
b5c17000-b5c18000 rw-p 00000000 00:00 0 
b5c18000-b5c21000 r-xp 00000000 08:01 18221390   /usr/lib/i386-linux-gnu/libXrender.so.1.3.0
b5c21000-b5c22000 r--p 00008000 08:01 18221390   /usr/lib/i386-linux-gnu/libXrender.so.1.3.0
b5c22000-b5c23000 rw-p 00009000 08:01 18221390   /usr/lib/i386-linux-gnu/libXrender.so.1.3.0
b5c23000-b5c43000 r-xp 00000000 08:01 18225394   /usr/lib/i386-linux-gnu/libxcb.so.1.1.0
b5c43000-b5c44000 r--p 0001f000 08:01 18225394   /usr/lib/i386-linux-gnu/libxcb.so.1.1.0
b5c44000-b5c45000 rw-p 00020000 08:01 18225394   /usr/lib/i386-linux-gnu/libxcb.so.1.1.0
b5c45000-b5c8e000 r-xp 00000000 08:01 20841479   /lib/i386-linux-gnu/libdbus-1.so.3.7.6
b5c8e000-b5c8f000 r--p 00048000 08:01 20841479   /lib/i386-linux-gnu/libdbus-1.so.3.7.6
b5c8f000-b5c90000 rw-p 00049000 08:01 20841479   /lib/i386-linux-gnu/libdbus-1.so.3.7.6
b5c90000-b5c99000 r-xp 00000000 08:01 20841505   /lib/i386-linux-gnu/libjson-c.so.2.0.0
b5c99000-b5c9a000 r--p 00008000 08:01 20841505   /lib/i386-linux-gnu/libjson-c.so.2.0.0
b5c9a000-b5c9b000 rw-p 00009000 08:01 20841505   /lib/i386-linux-gnu/libjson-c.so.2.0.0
b5c9b000-b5d08000 r-xp 00000000 08:01 18226821   /usr/lib/i386-linux-gnu/pulseaudio/libpulsecommon-4.0.so
b5d08000-b5d09000 r--p 0006c000 08:01 18226821   /usr/lib/i386-linux-gnu/pulseaudio/libpulsecommon-4.0.so
b5d09000-b5d0a000 rw-p 0006d000 08:01 18226821   /usr/lib/i386-linux-gnu/pulseaudio/libpulsecommon-4.0.so
b5d0a000-b5d0b000 rw-p 00000000 00:00 0 
b5d0b000-b5da6000 r-xp 00000000 08:01 18227707   /usr/lib/i386-linux-gnu/libfreetype.so.6.11.1
b5da6000-b5daa000 r--p 0009a000 08:01 18227707   /usr/lib/i386-linux-gnu/libfreetype.so.6.11.1
b5daa000-b5dab000 rw-p 0009e000 08:01 18227707   /usr/lib/i386-linux-gnu/libfreetype.so.6.11.1
b5dab000-b5db2000 r-xp 00000000 08:01 20854268   /lib/i386-linux-gnu/librt-2.19.so
b5db2000-b5db3000 r--p 00006000 08:01 20854268   /lib/i386-linux-gnu/librt-2.19.so
b5db3000-b5db4000 rw-p 00007000 08:01 20854268   /lib/i386-linux-gnu/librt-2.19.so
b5db4000-b5dcc000 r-xp 00000000 08:01 20854261   /lib/i386-linux-gnu/libpthread-2.19.so
b5dcc000-b5dcd000 r--p 00018000 08:01 20854261   /lib/i386-linux-gnu/libpthread-2.19.so
b5dcd000-b5dce000 rw-p 00019000 08:01 20854261   /lib/i386-linux-gnu/libpthread-2.19.so
b5dce000-b5dd0000 rw-p 00000000 00:00 0 
b5dd0000-b5e0a000 r-xp 00000000 08:01 18225398   /usr/lib/i386-linux-gnu/libxkbcommon.so.0.0.0
b5e0a000-b5e0b000 r--p 00039000 08:01 18225398   /usr/lib/i386-linux-gnu/libxkbcommon.so.0.0.0
b5e0b000-b5e0c000 rw-p 0003a000 08:01 18225398   /usr/lib/i386-linux-gnu/libxkbcommon.so.0.0.0
b5e0c000-b5e0d000 rw-p 00000000 00:00 0 
b5e0d000-b5e11000 r-xp 00000000 08:01 18225336   /usr/lib/i386-linux-gnu/libwayland-cursor.so.0.0.0
b5e11000-b5e12000 r--p 00003000 08:01 18225336   /usr/lib/i386-linux-gnu/libwayland-cursor.so.0.0.0
b5e12000-b5e16000 rw-p 00004000 08:01 18225336   /usr/lib/i386-linux-gnu/libwayland-cursor.so.0.0.0
b5e16000-b5e1f000 r-xp 00000000 08:01 18225334   /usr/lib/i386-linux-gnu/libwayland-client.so.0.2.0
b5e1f000-b5e20000 ---p 00009000 08:01 18225334   /usr/lib/i386-linux-gnu/libwayland-client.so.0.2.0
b5e20000-b5e21000 r--p 00009000 08:01 18225334   /usr/lib/i386-linux-gnu/libwayland-client.so.0.2.0
b5e21000-b5e22000 rw-p 0000a000 08:01 18225334   /usr/lib/i386-linux-gnu/libwayland-client.so.0.2.0
b5e22000-b5e23000 r-xp 00000000 08:01 18220505   /usr/lib/i386-linux-gnu/libwayland-egl.so.1.0.0
b5e23000-b5e24000 r--p 00000000 08:01 18220505   /usr/lib/i386-linux-gnu/libwayland-egl.so.1.0.0
b5e24000-b5e25000 rw-p 00001000 08:01 18220505   /usr/lib/i386-linux-gnu/libwayland-egl.so.1.0.0
b5e25000-b5e29000 r-xp 00000000 08:01 18224379   /usr/lib/i386-linux-gnu/libXxf86vm.so.1.0.0
b5e29000-b5e2a000 r--p 00004000 08:01 18224379   /usr/lib/i386-linux-gnu/libXxf86vm.so.1.0.0
b5e2a000-b5e2b000 rw-p 00005000 08:01 18224379   /usr/lib/i386-linux-gnu/libXxf86vm.so.1.0.0
b5e2b000-b5e2d000 r-xp 00000000 08:01 18224365   /usr/lib/i386-linux-gnu/libXss.so.1.0.0
b5e2d000-b5e2e000 r--p 00001000 08:01 18224365   /usr/lib/i386-linux-gnu/libXss.so.1.0.0
b5e2e000-b5e2f000 rw-p 00002000 08:01 18224365   /usr/lib/i386-linux-gnu/libXss.so.1.0.0
b5e2f000-b5e30000 rw-p 00000000 00:00 0 
b5e30000-b5e39000 r-xp 00000000 08:01 18226177   /usr/lib/i386-linux-gnu/libXrandr.so.2.2.0
b5e39000-b5e3a000 r--p 00008000 08:01 18226177   /usr/lib/i386-linux-gnu/libXrandr.so.2.2.0
b5e3a000-b5e3b000 rw-p 00009000 08:01 18226177   /usr/lib/i386-linux-gnu/libXrandr.so.2.2.0
b5e3b000-b5e49000 r-xp 00000000 08:01 18221388   /usr/lib/i386-linux-gnu/libXi.so.6.1.0
b5e49000-b5e4a000 r--p 0000e000 08:01 18221388   /usr/lib/i386-linux-gnu/libXi.so.6.1.0
b5e4a000-b5e4b000 rw-p 0000f000 08:01 18221388   /usr/lib/i386-linux-gnu/libXi.so.6.1.0
b5e4b000-b5e4d000 r-xp 00000000 08:01 18224351   /usr/lib/i386-linux-gnu/libXinerama.so.1.0.0
b5e4d000-b5e4e000 r--p 00001000 08:01 18224351   /usr/lib/i386-linux-gnu/libXinerama.so.1.0.0
b5e4e000-b5e4f000 rw-p 00002000 08:01 18224351   /usr/lib/i386-linux-gnu/libXinerama.so.1.0.0
b5e4f000-b5e58000 r-xp 00000000 08:01 18224335   /usr/lib/i386-linux-gnu/libXcursor.so.1.0.2
b5e58000-b5e59000 r--p 00008000 08:01 18224335   /usr/lib/i386-linux-gnu/libXcursor.so.1.0.2
b5e59000-b5e5a000 rw-p 00009000 08:01 18224335   /usr/lib/i386-linux-gnu/libXcursor.so.1.0.2
b5e5a000-b5e6b000 r-xp 00000000 08:01 18220240   /usr/lib/i386-linux-gnu/libXext.so.6.4.0
b5e6b000-b5e6c000 r--p 00010000 08:01 18220240   /usr/lib/i386-linux-gnu/libXext.so.6.4.0
b5e6c000-b5e6d000 rw-p 00011000 08:01 18220240   /usr/lib/i386-linux-gnu/libXext.so.6.4.0
b5e6d000-b5e6e000 rw-p 00000000 00:00 0 
b5e6e000-b5f9e000 r-xp 00000000 08:01 18224324   /usr/lib/i386-linux-gnu/libX11.so.6.3.0
b5f9e000-b5f9f000 r--p 00130000 08:01 18224324   /usr/lib/i386-linux-gnu/libX11.so.6.3.0
b5f9f000-b5fa1000 rw-p 00131000 08:01 18224324   /usr/lib/i386-linux-gnu/libX11.so.6.3.0
b5fa1000-b5fa2000 rw-p 00000000 00:00 0 
b5fa2000-b5fef000 r-xp 00000000 08:01 18225116   /usr/lib/i386-linux-gnu/libpulse.so.0.16.2
b5fef000-b5ff0000 r--p 0004c000 08:01 18225116   /usr/lib/i386-linux-gnu/libpulse.so.0.16.2
b5ff0000-b5ff1000 rw-p 0004d000 08:01 18225116   /usr/lib/i386-linux-gnu/libpulse.so.0.16.2
b5ff1000-b5ff4000 r-xp 00000000 08:01 18225114   /usr/lib/i386-linux-gnu/libpulse-simple.so.0.0.4
b5ff4000-b5ff5000 r--p 00002000 08:01 18225114   /usr/lib/i386-linux-gnu/libpulse-simple.so.0.0.4
b5ff5000-b5ff6000 rw-p 00003000 08:01 18225114   /usr/lib/i386-linux-gnu/libpulse-simple.so.0.0.4
b5ff6000-b60e7000 r-xp 00000000 08:01 18224410   /usr/lib/i386-linux-gnu/libasound.so.2.0.0
b60e7000-b60eb000 r--p 000f0000 08:01 18224410   /usr/lib/i386-linux-gnu/libasound.so.2.0.0
b60eb000-b60ec000 rw-p 000f4000 08:01 18224410   /usr/lib/i386-linux-gnu/libasound.so.2.0.0
b60ec000-b6110000 r-xp 00000000 08:01 20841512   /lib/i386-linux-gnu/liblzma.so.5.0.0
b6110000-b6111000 r--p 00023000 08:01 20841512   /lib/i386-linux-gnu/liblzma.so.5.0.0
b6111000-b6112000 rw-p 00024000 08:01 20841512   /lib/i386-linux-gnu/liblzma.so.5.0.0
b6112000-b6113000 rw-p 00000000 00:00 0 
b6113000-b612b000 r-xp 00000000 08:01 20841628   /lib/i386-linux-gnu/libz.so.1.2.8
b612b000-b612c000 r--p 00017000 08:01 20841628   /lib/i386-linux-gnu/libz.so.1.2.8
b612c000-b612d000 rw-p 00018000 08:01 20841628   /lib/i386-linux-gnu/libz.so.1.2.8
b612d000-b6130000 r-xp 00000000 08:01 20854256   /lib/i386-linux-gnu/libdl-2.19.so
b6130000-b6131000 r--p 00002000 08:01 20854256   /lib/i386-linux-gnu/libdl-2.19.so
b6131000-b6132000 rw-p 00003000 08:01 20854256   /lib/i386-linux-gnu/libdl-2.19.so
b6132000-b62da000 r-xp 00000000 08:01 20854269   /lib/i386-linux-gnu/libc-2.19.so
b62da000-b62db000 ---p 001a8000 08:01 20854269   /lib/i386-linux-gnu/libc-2.19.so
b62db000-b62dd000 r--p 001a8000 08:01 20854269   /lib/i386-linux-gnu/libc-2.19.so
b62dd000-b62de000 rw-p 001aa000 08:01 20854269   /lib/i386-linux-gnu/libc-2.19.so
b62de000-b62e1000 rw-p 00000000 00:00 0 
b62e1000-b62fd000 r-xp 00000000 08:01 20841980   /lib/i386-linux-gnu/libgcc_s.so.1
b62fd000-b62fe000 rw-p 0001b000 08:01 20841980   /lib/i386-linux-gnu/libgcc_s.so.1
b62fe000-b63da000 r-xp 00000000 08:01 18223271   /usr/lib/i386-linux-gnu/libstdc++.so.6.0.19
b63da000-b63de000 r--p 000dc000 08:01 18223271   /usr/lib/i386-linux-gnu/libstdc++.so.6.0.19
b63de000-b63df000 rw-p 000e0000 08:01 18223271   /usr/lib/i386-linux-gnu/libstdc++.so.6.0.19
b63df000-b63e7000 rw-p 00000000 00:00 0 
b63e7000-b642b000 r-xp 00000000 08:01 20854254   /lib/i386-linux-gnu/libm-2.19.so
b642b000-b642c000 r--p 00043000 08:01 20854254   /lib/i386-linux-gnu/libm-2.19.so
b642c000-b642d000 rw-p 00044000 08:01 20854254   /lib/i386-linux-gnu/libm-2.19.so
b642d000-b6e2a000 r-xp 00000000 08:01 18483215   /usr/lib/jvm/java-7-openjdk-i386/jre/lib/i386/server/libjvm.so
b6e2a000-b6e2b000 ---p 009fd000 08:01 18483215   /usr/lib/jvm/java-7-openjdk-i386/jre/lib/i386/server/libjvm.so
b6e2b000-b6e7d000 r--p 009fd000 08:01 18483215   /usr/lib/jvm/java-7-openjdk-i386/jre/lib/i386/server/libjvm.so
b6e7d000-b6e91000 rw-p 00a4f000 08:01 18483215   /usr/lib/jvm/java-7-openjdk-i386/jre/lib/i386/server/libjvm.so
b6e91000-b72ae000 rw-p 00000000 00:00 0 
b72ae000-b72b4000 r-xp 00000000 08:01 18240492   /usr/lib/i386-linux-gnu/libSDL2_ttf-2.0.so.0.10.2
b72b4000-b72b5000 r--p 00005000 08:01 18240492   /usr/lib/i386-linux-gnu/libSDL2_ttf-2.0.so.0.10.2
b72b5000-b72b6000 rw-p 00006000 08:01 18240492   /usr/lib/i386-linux-gnu/libSDL2_ttf-2.0.so.0.10.2
b72b6000-b73c2000 r-xp 00000000 08:01 18240490   /usr/lib/i386-linux-gnu/libSDL2-2.0.so.0.2.0
b73c2000-b73c5000 r--p 0010b000 08:01 18240490   /usr/lib/i386-linux-gnu/libSDL2-2.0.so.0.2.0
b73c5000-b73c8000 rw-p 0010e000 08:01 18240490   /usr/lib/i386-linux-gnu/libSDL2-2.0.so.0.2.0
b73c8000-b73ca000 rw-p 00000000 00:00 0 
b73ca000-b7405000 r-xp 00000000 08:01 18219216   /usr/lib/libgslcblas.so.0.0.0
b7405000-b7406000 r--p 0003a000 08:01 18219216   /usr/lib/libgslcblas.so.0.0.0
b7406000-b7407000 rw-p 0003b000 08:01 18219216   /usr/lib/libgslcblas.so.0.0.0
b7407000-b7408000 rw-p 00000000 00:00 0 
b7408000-b7630000 r-xp 00000000 08:01 18220133   /usr/lib/libgsl.so.0.17.0
b7630000-b7631000 ---p 00228000 08:01 18220133   /usr/lib/libgsl.so.0.17.0
b7631000-b7633000 r--p 00228000 08:01 18220133   /usr/lib/libgsl.so.0.17.0
b7633000-b7641000 rw-p 0022a000 08:01 18220133   /usr/lib/libgsl.so.0.17.0
b7641000-b7795000 r-xp 00000000 08:01 18219236   /usr/lib/i386-linux-gnu/libxml2.so.2.9.1
b7795000-b7799000 r--p 00154000 08:01 18219236   /usr/lib/i386-linux-gnu/libxml2.so.2.9.1
b7799000-b779a000 rw-p 00158000 08:01 18219236   /usr/lib/i386-linux-gnu/libxml2.so.2.9.1
b779a000-b779b000 rw-p 00000000 00:00 0 
b779b000-b779d000 r--s 00006000 08:01 18616755   /usr/share/java/java-atk-wrapper.jar
b779d000-b779e000 r--p 00859000 08:01 18227311   /usr/lib/locale/locale-archive
b779e000-b77a5000 r-xp 00000000 08:01 20854259   /lib/i386-linux-gnu/libnss_compat-2.19.so
b77a5000-b77a6000 r--p 00006000 08:01 20854259   /lib/i386-linux-gnu/libnss_compat-2.19.so
b77a6000-b77a7000 rw-p 00007000 08:01 20854259   /lib/i386-linux-gnu/libnss_compat-2.19.so
b77a7000-b77a8000 rw-p 00000000 00:00 0 
b77a8000-b77a9000 ---p 00000000 00:00 0 
b77a9000-b77b7000 r-xp 00000000 08:01 18483209   /usr/lib/jvm/java-7-openjdk-i386/jre/lib/i386/libverify.so
b77b7000-b77b8000 r--p 0000d000 08:01 18483209   /usr/lib/jvm/java-7-openjdk-i386/jre/lib/i386/libverify.so
b77b8000-b77b9000 rw-p 0000e000 08:01 18483209   /usr/lib/jvm/java-7-openjdk-i386/jre/lib/i386/libverify.so
b77b9000-b77bc000 rw-p 00000000 00:00 0 
b77bc000-b77bd000 r-xp 00000000 00:00 0          [vdso]
b77bd000-b77bf000 r--p 00000000 00:00 0          [vvar]
b77bf000-b77df000 r-xp 00000000 08:01 20854262   /lib/i386-linux-gnu/ld-2.19.so
b77df000-b77e0000 r--p 0001f000 08:01 20854262   /lib/i386-linux-gnu/ld-2.19.so
b77e0000-b77e1000 rw-p 00020000 08:01 20854262   /lib/i386-linux-gnu/ld-2.19.so
bfd75000-bfd76000 rwxp 00000000 00:00 0 
bfd79000-bfd7c000 ---p 00000000 00:00 0 
bfd7d000-bfdc9000 rw-p 00000000 00:00 0          [stack]

VM Arguments:
jvm_args: -Djava.library.path=/usr/lib/jni 
java_command: <unknown>
Launcher Type: generic

Environment Variables:
PATH=/home/gregoire/Applications/anaconda3/bin:/usr/local/sbin:/usr/local/bin:/usr/sbin:/usr/bin:/sbin:/bin:/usr/games:/usr/local/games
SHELL=/bin/bash
DISPLAY=:0.0

Signal Handlers:
SIGSEGV: [libjvm.so+0x8191e0], sa_mask[0]=0x7ffbfeff, sa_flags=0x10000004
SIGBUS: [libjvm.so+0x8191e0], sa_mask[0]=0x7ffbfeff, sa_flags=0x10000004
SIGFPE: [libjvm.so+0x68ddb0], sa_mask[0]=0x7ffbfeff, sa_flags=0x10000004
SIGPIPE: [libjvm.so+0x68ddb0], sa_mask[0]=0x7ffbfeff, sa_flags=0x10000004
SIGXFSZ: [libjvm.so+0x68ddb0], sa_mask[0]=0x7ffbfeff, sa_flags=0x10000004
SIGILL: [libjvm.so+0x68ddb0], sa_mask[0]=0x7ffbfeff, sa_flags=0x10000004
SIGUSR1: SIG_DFL, sa_mask[0]=0x00000000, sa_flags=0x00000000
SIGUSR2: [libjvm.so+0x68df10], sa_mask[0]=0x00000000, sa_flags=0x10000004
SIGHUP: [libjvm.so+0x68de70], sa_mask[0]=0x7ffbfeff, sa_flags=0x10000004
SIGINT: [libjvm.so+0x68de70], sa_mask[0]=0x7ffbfeff, sa_flags=0x10000004
SIGTERM: [libjvm.so+0x68de70], sa_mask[0]=0x7ffbfeff, sa_flags=0x10000004
SIGQUIT: [libjvm.so+0x68de70], sa_mask[0]=0x7ffbfeff, sa_flags=0x10000004
SIGTRAP: SIG_DFL, sa_mask[0]=0x00000000, sa_flags=0x00000000


---------------  S Y S T E M  ---------------

OS:Ubuntu 14.04 (trusty)
uname:Linux 3.16.0-59-generic #79~14.04.1-Ubuntu SMP Mon Jan 18 15:39:06 UTC 2016 i686
libc:glibc 2.19 NPTL 2.19 
rlimit: STACK 8192k, CORE 0k, NPROC 31352, NOFILE 4096, AS infinity
load average:0.51 0.63 0.53

/proc/meminfo:
MemTotal:        4032724 kB
MemFree:         1289268 kB
MemAvailable:    2733180 kB
Buffers:          494684 kB
Cached:          1125228 kB
SwapCached:          172 kB
Active:          1821644 kB
Inactive:         673228 kB
Active(anon):     845508 kB
Inactive(anon):   109320 kB
Active(file):     976136 kB
Inactive(file):   563908 kB
Unevictable:           0 kB
Mlocked:               0 kB
HighTotal:       3170056 kB
HighFree:        1225108 kB
LowTotal:         862668 kB
LowFree:           64160 kB
SwapTotal:       4075516 kB
SwapFree:        4075300 kB
Dirty:              1192 kB
Writeback:             0 kB
AnonPages:        876952 kB
Mapped:           296784 kB
Shmem:             79868 kB
Slab:             200412 kB
SReclaimable:     181860 kB
SUnreclaim:        18552 kB
KernelStack:        3216 kB
PageTables:         8700 kB
NFS_Unstable:          0 kB
Bounce:                0 kB
WritebackTmp:          0 kB
CommitLimit:     6091876 kB
Committed_AS:    3488336 kB
VmallocTotal:     122880 kB
VmallocUsed:       19388 kB
VmallocChunk:      82208 kB
AnonHugePages:    366592 kB
HugePages_Total:       0
HugePages_Free:        0
HugePages_Rsvd:        0
HugePages_Surp:        0
Hugepagesize:       2048 kB
DirectMap4k:       17400 kB
DirectMap2M:      890880 kB


CPU:total 2 (2 cores per cpu, 1 threads per core) family 6 model 55 stepping 8, cmov, cx8, fxsr, mmx, sse, sse2, sse3, ssse3, sse4.1, sse4.2, popcnt, erms, tsc, tscinvbit

/proc/cpuinfo:
processor	: 0
vendor_id	: GenuineIntel
cpu family	: 6
model		: 55
model name	: Intel(R) Celeron(R) CPU  N2840  @ 2.16GHz
stepping	: 8
microcode	: 0x809
cpu MHz		: 2582.293
cache size	: 1024 KB
physical id	: 0
siblings	: 2
core id		: 0
cpu cores	: 2
apicid		: 0
initial apicid	: 0
fdiv_bug	: no
f00f_bug	: no
coma_bug	: no
fpu		: yes
fpu_exception	: yes
cpuid level	: 11
wp		: yes
flags		: fpu vme de pse tsc msr pae mce cx8 apic sep mtrr pge mca cmov pat pse36 clflush dts acpi mmx fxsr sse sse2 ss ht tm pbe nx rdtscp lm constant_tsc arch_perfmon pebs bts xtopology nonstop_tsc aperfmperf pni pclmulqdq dtes64 monitor ds_cpl vmx est tm2 ssse3 cx16 xtpr pdcm sse4_1 sse4_2 movbe popcnt tsc_deadline_timer rdrand lahf_lm 3dnowprefetch ida arat epb dtherm tpr_shadow vnmi flexpriority ept vpid tsc_adjust smep erms
bogomips	: 4326.40
clflush size	: 64
cache_alignment	: 64
address sizes	: 36 bits physical, 48 bits virtual
power management:

processor	: 1
vendor_id	: GenuineIntel
cpu family	: 6
model		: 55
model name	: Intel(R) Celeron(R) CPU  N2840  @ 2.16GHz
stepping	: 8
microcode	: 0x809
cpu MHz		: 2582.293
cache size	: 1024 KB
physical id	: 0
siblings	: 2
core id		: 1
cpu cores	: 2
apicid		: 2
initial apicid	: 2
fdiv_bug	: no
f00f_bug	: no
coma_bug	: no
fpu		: yes
fpu_exception	: yes
cpuid level	: 11
wp		: yes
flags		: fpu vme de pse tsc msr pae mce cx8 apic sep mtrr pge mca cmov pat pse36 clflush dts acpi mmx fxsr sse sse2 ss ht tm pbe nx rdtscp lm constant_tsc arch_perfmon pebs bts xtopology nonstop_tsc aperfmperf pni pclmulqdq dtes64 monitor ds_cpl vmx est tm2 ssse3 cx16 xtpr pdcm sse4_1 sse4_2 movbe popcnt tsc_deadline_timer rdrand lahf_lm 3dnowprefetch ida arat epb dtherm tpr_shadow vnmi flexpriority ept vpid tsc_adjust smep erms
bogomips	: 4326.40
clflush size	: 64
cache_alignment	: 64
address sizes	: 36 bits physical, 48 bits virtual
power management:



Memory: 4k page, physical 4032724k(1289144k free), swap 4075516k(4075300k free)

vm_info: OpenJDK Server VM (24.111-b01) for linux-x86 JRE (1.7.0_111-b01), built on Aug 12 2016 05:32:15 by "buildd" with gcc 4.8.4

time: Wed Nov 16 10:16:27 2016
elapsed time: 5 seconds

