#
# A fatal error has been detected by the Java Runtime Environment:
#
#  SIGSEGV (0xb) at pc=0x080956cc, pid=27497, tid=3045680896
#
# JRE version: OpenJDK Runtime Environment (7.0_111-b01) (build 1.7.0_111-b01)
# Java VM: OpenJDK Server VM (24.111-b01 mixed mode linux-x86 )
# Derivative: IcedTea 2.6.7
# Distribution: Ubuntu 14.04 LTS, package 7u111-2.6.7-0ubuntu0.14.04.3
# Problematic frame:
# C  [exe_projectRobotran+0x4d6cc]  ctrlGr4::SearchGraph::computePath(int, int)+0x37c
#
# Failed to write core dump. Core dumps have been disabled. To enable core dumping, try "ulimit -c unlimited" before starting Java again
#
# If you would like to submit a bug report, please include
# instructions on how to reproduce the bug and visit:
#   http://icedtea.classpath.org/bugzilla
# The crash happened outside the Java Virtual Machine in native code.
# See problematic frame for where to report the bug.
#

---------------  T H R E A D  ---------------

Current thread (0x08825000):  JavaThread "main" [_thread_in_native, id=27497, stack(0xbfe9e000,0xbfeee000)]

siginfo:si_signo=SIGSEGV: si_errno=0, si_code=1 (SEGV_MAPERR), si_addr=0x00000000

Registers:
EAX=0x00000000, EBX=0x00000000, ECX=0x09162cb8, EDX=0x09162c78
ESP=0xbfeeb200, EBP=0xbfeeb288, ESI=0x0915e12c, EDI=0x09162db0
EIP=0x080956cc, EFLAGS=0x00010206, CR2=0x00000000

Top of Stack: (sp=0xbfeeb200)
0xbfeeb200:   00000000 09162db0 09162cb8 09160bdc
0xbfeeb210:   00000000 0000005b 0915e128 0000006e
0xbfeeb220:   09160bd8 09162bf0 09162ab8 0915e134
0xbfeeb230:   09160bdc 09160bdc 00000000 09162cb8
0xbfeeb240:   b6237420 09162b88 00000000 00000000
0xbfeeb250:   00000000 00000003 09162c98 09160bdc
0xbfeeb260:   0915e890 0915e894 0915e894 b62a28b7
0xbfeeb270:   00000014 00000000 3ff00000 09160bc8 

Instructions: (pc=0x080956cc)
0x080956ac:   4d ac 89 44 24 08 89 7c 24 04 89 14 24 89 4c 24
0x080956bc:   0c e8 fe 83 fc ff 8b 45 0c 83 40 24 01 8b 47 14
0x080956cc:   8b 10 89 45 bc 89 04 24 ff 52 24 85 c0 8b 45 bc
0x080956dc:   74 06 80 78 34 00 74 1e 8b 4d 9c 89 44 24 04 8b 

Register to memory mapping:

EAX=0x00000000 is an unknown value
EBX=0x00000000 is an unknown value
ECX=0x09162cb8 is an unknown value
EDX=0x09162c78 is an unknown value
ESP=0xbfeeb200 is pointing into the stack for thread: 0x08825000
EBP=0xbfeeb288 is pointing into the stack for thread: 0x08825000
ESI=0x0915e12c is an unknown value
EDI=0x09162db0 is an unknown value


Stack: [0xbfe9e000,0xbfeee000],  sp=0xbfeeb200,  free space=308k
Native frames: (J=compiled Java code, j=interpreted, Vv=VM code, C=native code)
C  [exe_projectRobotran+0x4d6cc]  ctrlGr4::SearchGraph::computePath(int, int)+0x37c
C  [exe_projectRobotran+0x4a78c]  ctrlGr4::controller_loop(ctrlGr4::CtrlStruct*)+0x39c


---------------  P R O C E S S  ---------------

Java Threads: ( => current thread )
  0x09154000 JavaThread "J3D-TransformStructureUpdateThread-1" [_thread_blocked, id=27525, stack(0x64dc5000,0x64e16000)]
  0x0914a400 JavaThread "J3D-RenderingEnvironmentStructureUpdateThread-1" [_thread_blocked, id=27524, stack(0x64e16000,0x64e67000)]
  0x09175c00 JavaThread "J3D-SoundStructureUpdateThread-1" [_thread_blocked, id=27523, stack(0x64e67000,0x64eb8000)]
  0x09177c00 JavaThread "J3D-GeometryStructureUpdateThread-1" [_thread_blocked, id=27522, stack(0x65008000,0x65059000)]
  0x08f66800 JavaThread "J3D-BehaviorStructureUpdateThread-1" [_thread_blocked, id=27521, stack(0x65059000,0x650aa000)]
  0x08e58000 JavaThread "AWT-EventQueue-0" [_thread_blocked, id=27520, stack(0x65624000,0x65675000)]
  0x08e57400 JavaThread "AWT-Shutdown" [_thread_blocked, id=27519, stack(0x654af000,0x65500000)]
  0x08dba800 JavaThread "Image Fetcher 0" daemon [_thread_blocked, id=27518, stack(0x6545e000,0x654af000)]
  0x08df1c00 JavaThread "Timer-0" daemon [_thread_blocked, id=27515, stack(0x65675000,0x656c6000)]
  0x08d8cc00 JavaThread "J3D-Renderer-1" [_thread_blocked, id=27514, stack(0x65db5000,0x65e06000)]
  0x08db6800 JavaThread "J3D-MasterControl-1" [_thread_in_vm, id=27513, stack(0x65e06000,0x65e57000)]
  0x08d86c00 JavaThread "J3D-NotificationThread" [_thread_blocked, id=27512, stack(0x65e57000,0x65ea8000)]
  0x08db7800 JavaThread "J3D-TimerThread" [_thread_blocked, id=27511, stack(0x65ea8000,0x65ef9000)]
  0x08d85400 JavaThread "J3D-RenderingAttributesStructureUpdateThread" [_thread_blocked, id=27510, stack(0x65ef9000,0x65f4a000)]
  0x08a57400 JavaThread "AWT-XAWT" daemon [_thread_in_native, id=27509, stack(0x6608e000,0x660df000)]
  0x08a46800 JavaThread "Java2D Disposer" daemon [_thread_blocked, id=27508, stack(0x660df000,0x66130000)]
  0x0894b800 JavaThread "Service Thread" daemon [_thread_blocked, id=27506, stack(0x6665c000,0x666ad000)]
  0x08949800 JavaThread "C2 CompilerThread1" daemon [_thread_blocked, id=27505, stack(0x666ad000,0x6672e000)]
  0x08947800 JavaThread "C2 CompilerThread0" daemon [_thread_blocked, id=27504, stack(0x6672e000,0x667af000)]
  0x08946000 JavaThread "Signal Dispatcher" daemon [_thread_blocked, id=27503, stack(0x667af000,0x66800000)]
  0x08934000 JavaThread "Finalizer" daemon [_thread_blocked, id=27502, stack(0x66b00000,0x66b51000)]
  0x0892f000 JavaThread "Reference Handler" daemon [_thread_blocked, id=27501, stack(0x66b51000,0x66ba2000)]
=>0x08825000 JavaThread "main" [_thread_in_native, id=27497, stack(0xbfe9e000,0xbfeee000)]

Other Threads:
  0x0892c800 VMThread [stack: 0x66ba2000,0x66c23000] [id=27500]
  0x0894d800 WatcherThread [stack: 0x665db000,0x6665c000] [id=27507]

VM state:not at safepoint (normal execution)

VM Mutex/Monitor currently owned by a thread:  ([mutex/lock_event])
[0x0881e200] Threads_lock - owner thread: 0x08db6800

Heap
 PSYoungGen      total 72960K, used 14690K [0x9ae00000, 0xa2f40000, 0xaf6c0000)
  eden space 57088K, 8% used [0x9ae00000,0x9b28a9d8,0x9e5c0000)
  from space 15872K, 63% used [0x9e5c0000,0x9ef8df88,0x9f540000)
  to   space 15872K, 0% used [0xa1fc0000,0xa1fc0000,0xa2f40000)
 ParOldGen       total 41216K, used 8812K [0x71cc0000, 0x74500000, 0x9ae00000)
  object space 41216K, 21% used [0x71cc0000,0x7255b098,0x74500000)
 PSPermGen       total 25856K, used 13895K [0x69cc0000, 0x6b600000, 0x71cc0000)
  object space 25856K, 53% used [0x69cc0000,0x6aa51f90,0x6b600000)

Card table byte_map: [0x69a92000,0x69cc0000] byte_map_base: 0x69743a00

Polling page: 0xb7702000

Code Cache  [0xaf797000, 0xaf9d7000, 0xb2797000)
 total_blobs=586 nmethods=252 adapters=288 free_code_cache=48263Kb largest_free_block=49373376

Compilation events (10 events):
Event: 4.545 Thread 0x08949800 nmethod 269 0xaf86f908 code [0xaf86f9e0, 0xaf86fa30]
Event: 4.545 Thread 0x08949800  270             javax.vecmath.Point3d::<init> (9 bytes)
Event: 4.546 Thread 0x08949800 nmethod 270 0xaf820108 code [0xaf8201e0, 0xaf820230]
Event: 4.546 Thread 0x08949800  271             javax.media.j3d.SceneGraphObject::getCapability (19 bytes)
Event: 4.547 Thread 0x08949800 nmethod 271 0xaf8209c8 code [0xaf820aa0, 0xaf820b10]
Event: 4.603 Thread 0x08949800  272             java.lang.StringBuilder::<init> (7 bytes)
Event: 4.605 Thread 0x08949800 nmethod 272 0xaf8718c8 code [0xaf8719c0, 0xaf871a90]
Event: 4.625 Thread 0x08949800  273             sun.java2d.loops.GraphicsPrimitive::getUniqueID (5 bytes)
Event: 4.625 Thread 0x08949800 nmethod 273 0xaf871748 code [0xaf871820, 0xaf871870]
Event: 4.674 Thread 0x08947800 nmethod 256% 0xaf877d08 code [0xaf8782c0, 0xaf87b4e8]

GC Heap History (10 events):
Event: 2.681 GC heap before
{Heap before GC invocations=4 (full 0):
 PSYoungGen      total 18432K, used 18424K [0x9ae00000, 0x9d200000, 0xaf6c0000)
  eden space 15872K, 100% used [0x9ae00000,0x9bd80000,0x9bd80000)
  from space 2560K, 99% used [0x9bd80000,0x9bffe050,0x9c000000)
  to   space 2560K, 0% used [0x9cf80000,0x9cf80000,0x9d200000)
 ParOldGen       total 41984K, used 12671K [0x71cc0000, 0x745c0000, 0x9ae00000)
  object space 41984K, 30% used [0x71cc0000,0x7291fe98,0x745c0000)
 PSPermGen       total 16384K, used 12172K [0x69cc0000, 0x6acc0000, 0x71cc0000)
  object space 16384K, 74% used [0x69cc0000,0x6a8a3320,0x6acc0000)
Event: 2.732 GC heap after
Heap after GC invocations=4 (full 0):
 PSYoungGen      total 34304K, used 2545K [0x9ae00000, 0x9d200000, 0xaf6c0000)
  eden space 31744K, 0% used [0x9ae00000,0x9ae00000,0x9cd00000)
  from space 2560K, 99% used [0x9cf80000,0x9d1fc538,0x9d200000)
  to   space 2560K, 0% used [0x9cd00000,0x9cd00000,0x9cf80000)
 ParOldGen       total 41984K, used 22224K [0x71cc0000, 0x745c0000, 0x9ae00000)
  object space 41984K, 52% used [0x71cc0000,0x732742f8,0x745c0000)
 PSPermGen       total 16384K, used 12172K [0x69cc0000, 0x6acc0000, 0x71cc0000)
  object space 16384K, 74% used [0x69cc0000,0x6a8a3320,0x6acc0000)
}
Event: 3.111 GC heap before
{Heap before GC invocations=5 (full 0):
 PSYoungGen      total 34304K, used 34289K [0x9ae00000, 0x9d200000, 0xaf6c0000)
  eden space 31744K, 100% used [0x9ae00000,0x9cd00000,0x9cd00000)
  from space 2560K, 99% used [0x9cf80000,0x9d1fc538,0x9d200000)
  to   space 2560K, 0% used [0x9cd00000,0x9cd00000,0x9cf80000)
 ParOldGen       total 41984K, used 22224K [0x71cc0000, 0x745c0000, 0x9ae00000)
  object space 41984K, 52% used [0x71cc0000,0x732742f8,0x745c0000)
 PSPermGen       total 16384K, used 12852K [0x69cc0000, 0x6acc0000, 0x71cc0000)
  object space 16384K, 78% used [0x69cc0000,0x6a94d148,0x6acc0000)
Event: 3.149 GC heap after
Heap after GC invocations=5 (full 0):
 PSYoungGen      total 34304K, used 2558K [0x9ae00000, 0xa0b80000, 0xaf6c0000)
  eden space 31744K, 0% used [0x9ae00000,0x9ae00000,0x9cd00000)
  from space 2560K, 99% used [0x9cd00000,0x9cf7fa00,0x9cf80000)
  to   space 16128K, 0% used [0x9fbc0000,0x9fbc0000,0xa0b80000)
 ParOldGen       total 41984K, used 30193K [0x71cc0000, 0x745c0000, 0x9ae00000)
  object space 41984K, 71% used [0x71cc0000,0x73a3c7f0,0x745c0000)
 PSPermGen       total 16384K, used 12852K [0x69cc0000, 0x6acc0000, 0x71cc0000)
  object space 16384K, 78% used [0x69cc0000,0x6a94d148,0x6acc0000)
}
Event: 3.149 GC heap before
{Heap before GC invocations=6 (full 1):
 PSYoungGen      total 34304K, used 2558K [0x9ae00000, 0xa0b80000, 0xaf6c0000)
  eden space 31744K, 0% used [0x9ae00000,0x9ae00000,0x9cd00000)
  from space 2560K, 99% used [0x9cd00000,0x9cf7fa00,0x9cf80000)
  to   space 16128K, 0% used [0x9fbc0000,0x9fbc0000,0xa0b80000)
 ParOldGen       total 41984K, used 30193K [0x71cc0000, 0x745c0000, 0x9ae00000)
  object space 41984K, 71% used [0x71cc0000,0x73a3c7f0,0x745c0000)
 PSPermGen       total 16384K, used 12852K [0x69cc0000, 0x6acc0000, 0x71cc0000)
  object space 16384K, 78% used [0x69cc0000,0x6a94d148,0x6acc0000)
Event: 3.248 GC heap after
Heap after GC invocations=6 (full 1):
 PSYoungGen      total 34304K, used 0K [0x9ae00000, 0xa0b80000, 0xaf6c0000)
  eden space 31744K, 0% used [0x9ae00000,0x9ae00000,0x9cd00000)
  from space 2560K, 0% used [0x9cd00000,0x9cd00000,0x9cf80000)
  to   space 16128K, 0% used [0x9fbc0000,0x9fbc0000,0xa0b80000)
 ParOldGen       total 41216K, used 8812K [0x71cc0000, 0x74500000, 0x9ae00000)
  object space 41216K, 21% used [0x71cc0000,0x7255b098,0x74500000)
 PSPermGen       total 25856K, used 12848K [0x69cc0000, 0x6b600000, 0x71cc0000)
  object space 25856K, 49% used [0x69cc0000,0x6a94c1f8,0x6b600000)
}
Event: 3.683 GC heap before
{Heap before GC invocations=7 (full 1):
 PSYoungGen      total 34304K, used 31744K [0x9ae00000, 0xa0b80000, 0xaf6c0000)
  eden space 31744K, 100% used [0x9ae00000,0x9cd00000,0x9cd00000)
  from space 2560K, 0% used [0x9cd00000,0x9cd00000,0x9cf80000)
  to   space 16128K, 0% used [0x9fbc0000,0x9fbc0000,0xa0b80000)
 ParOldGen       total 41216K, used 8812K [0x71cc0000, 0x74500000, 0x9ae00000)
  object space 41216K, 21% used [0x71cc0000,0x7255b098,0x74500000)
 PSPermGen       total 25856K, used 12891K [0x69cc0000, 0x6b600000, 0x71cc0000)
  object space 25856K, 49% used [0x69cc0000,0x6a956e98,0x6b600000)
Event: 3.700 GC heap after
Heap after GC invocations=7 (full 1):
 PSYoungGen      total 66304K, used 4460K [0x9ae00000, 0xa04c0000, 0xaf6c0000)
  eden space 57088K, 0% used [0x9ae00000,0x9ae00000,0x9e5c0000)
  from space 9216K, 48% used [0x9fbc0000,0xa001b200,0xa04c0000)
  to   space 15872K, 0% used [0x9e5c0000,0x9e5c0000,0x9f540000)
 ParOldGen       total 41216K, used 8812K [0x71cc0000, 0x74500000, 0x9ae00000)
  object space 41216K, 21% used [0x71cc0000,0x7255b098,0x74500000)
 PSPermGen       total 25856K, used 12891K [0x69cc0000, 0x6b600000, 0x71cc0000)
  object space 25856K, 49% used [0x69cc0000,0x6a956e98,0x6b600000)
}
Event: 4.365 GC heap before
{Heap before GC invocations=8 (full 1):
 PSYoungGen      total 66304K, used 61548K [0x9ae00000, 0xa04c0000, 0xaf6c0000)
  eden space 57088K, 100% used [0x9ae00000,0x9e5c0000,0x9e5c0000)
  from space 9216K, 48% used [0x9fbc0000,0xa001b200,0xa04c0000)
  to   space 15872K, 0% used [0x9e5c0000,0x9e5c0000,0x9f540000)
 ParOldGen       total 41216K, used 8812K [0x71cc0000, 0x74500000, 0x9ae00000)
  object space 41216K, 21% used [0x71cc0000,0x7255b098,0x74500000)
 PSPermGen       total 25856K, used 12936K [0x69cc0000, 0x6b600000, 0x71cc0000)
  object space 25856K, 50% used [0x69cc0000,0x6a962138,0x6b600000)
Event: 4.394 GC heap after
Heap after GC invocations=8 (full 1):
 PSYoungGen      total 72960K, used 10039K [0x9ae00000, 0xa2f40000, 0xaf6c0000)
  eden space 57088K, 0% used [0x9ae00000,0x9ae00000,0x9e5c0000)
  from space 15872K, 63% used [0x9e5c0000,0x9ef8df88,0x9f540000)
  to   space 15872K, 0% used [0xa1fc0000,0xa1fc0000,0xa2f40000)
 ParOldGen       total 41216K, used 8812K [0x71cc0000, 0x74500000, 0x9ae00000)
  object space 41216K, 21% used [0x71cc0000,0x7255b098,0x74500000)
 PSPermGen       total 25856K, used 12936K [0x69cc0000, 0x6b600000, 0x71cc0000)
  object space 25856K, 50% used [0x69cc0000,0x6a962138,0x6b600000)
}

Deoptimization events (10 events):
Event: 3.323 Thread 0x08825000 Uncommon trap: reason=unstable_if action=reinterpret pc=0xaf854fe8 method=sun.misc.FloatingDecimal.readJavaFormatString(Ljava/lang/String;)Lsun/misc/FloatingDecimal; @ 509
Event: 3.346 Thread 0x08825000 Uncommon trap: reason=unstable_if action=reinterpret pc=0xaf836894 method=com.sun.j3d.utils.geometry.EdgeTable.<init>([I)V @ 68
Event: 4.431 Thread 0x08825000 Uncommon trap: reason=unstable_if action=reinterpret pc=0xaf84fd34 method=java.util.Properties.load0(Ljava/util/Properties$LineReader;)V @ 12
Event: 4.439 Thread 0x08825000 Uncommon trap: reason=unstable_if action=reinterpret pc=0xaf807688 method=java.util.ArrayList.indexOf(Ljava/lang/Object;)I @ 41
Event: 4.516 Thread 0x08825000 Uncommon trap: reason=unstable_if action=reinterpret pc=0xaf86e3ac method=javax.media.j3d.GeometryArrayRetained.computeBoundingBox(I[F)V @ 30
Event: 4.614 Thread 0x08825000 Uncommon trap: reason=bimorphic action=maybe_recompile pc=0xaf85a678 method=java.util.HashMap.put(Ljava/lang/Object;Ljava/lang/Object;)Ljava/lang/Object; @ 83
Event: 4.621 Thread 0x08825000 Uncommon trap: reason=unstable_if action=reinterpret pc=0xaf80823c method=java.lang.Class.getName()Ljava/lang/String; @ 6
Event: 4.633 Thread 0x08825000 Uncommon trap: reason=bimorphic action=maybe_recompile pc=0xaf85a678 method=java.util.HashMap.put(Ljava/lang/Object;Ljava/lang/Object;)Ljava/lang/Object; @ 83
Event: 4.636 Thread 0x08825000 Uncommon trap: reason=bimorphic action=maybe_recompile pc=0xaf85a678 method=java.util.HashMap.put(Ljava/lang/Object;Ljava/lang/Object;)Ljava/lang/Object; @ 83
Event: 4.894 Thread 0x08e58000 Uncommon trap: reason=unstable_if action=reinterpret pc=0xaf85badc method=java.lang.Class.getName()Ljava/lang/String; @ 6

Internal exceptions (10 events):
Event: 2.850 Thread 0x08825000 Implicit null exception at 0xaf82384d to 0xaf823e35
Event: 2.988 Thread 0x08825000 Implicit null exception at 0xaf826b4f to 0xaf827215
Event: 2.988 Thread 0x08825000 Implicit null exception at 0xaf826b4f to 0xaf827215
Event: 2.992 Thread 0x08825000 Implicit null exception at 0xaf826b4f to 0xaf827215
Event: 3.314 Thread 0x08825000 Implicit null exception at 0xaf856fd3 to 0xaf857211
Event: 4.344 Thread 0x08825000 Threw 0x9e4c78b0 at /build/openjdk-7-Ylwexc/openjdk-7-7u111-2.6.7/build/openjdk/hotspot/src/share/vm/prims/jvm.cpp:1322
Event: 4.433 Thread 0x08825000 Threw 0x9aed2350 at /build/openjdk-7-Ylwexc/openjdk-7-7u111-2.6.7/build/openjdk/hotspot/src/share/vm/prims/jvm.cpp:1322
Event: 4.433 Thread 0x08825000 Threw 0x9aed54d0 at /build/openjdk-7-Ylwexc/openjdk-7-7u111-2.6.7/build/openjdk/hotspot/src/share/vm/prims/jvm.cpp:1322
Event: 4.894 Thread 0x08e58000 Implicit null exception at 0xaf85b6b1 to 0xaf85bac5
Event: 5.005 Thread 0x08e58000 Threw 0x9b1d5740 at /build/openjdk-7-Ylwexc/openjdk-7-7u111-2.6.7/build/openjdk/hotspot/src/share/vm/prims/jni.cpp:747

Events (10 events):
Event: 5.032 Executing VM operation: RevokeBias
Event: 5.033 Executing VM operation: RevokeBias done
Event: 5.047 Thread 0x0914a400 Thread added: 0x0914a400
Event: 5.048 Executing VM operation: RevokeBias
Event: 5.049 Executing VM operation: RevokeBias done
Event: 5.052 Thread 0x09154000 Thread added: 0x09154000
Event: 5.052 Executing VM operation: RevokeBias
Event: 5.052 Executing VM operation: RevokeBias done
Event: 5.053 loading class 0x08c9ac90
Event: 5.053 loading class 0x08c9ac90 done


Dynamic libraries:
08048000-080bf000 r-xp 00000000 08:01 6035026    /home/gregoire/Documents/MobileRobots/MobileRobotsProject/workR/build/exe_projectRobotran
080bf000-080c0000 r--p 00077000 08:01 6035026    /home/gregoire/Documents/MobileRobots/MobileRobotsProject/workR/build/exe_projectRobotran
080c0000-080c1000 rw-p 00078000 08:01 6035026    /home/gregoire/Documents/MobileRobots/MobileRobotsProject/workR/build/exe_projectRobotran
08816000-09377000 rw-p 00000000 00:00 0          [heap]
64d74000-64d77000 ---p 00000000 00:00 0 
64d77000-64dc5000 rw-p 00000000 00:00 0          [stack:27526]
64dc5000-64dc8000 ---p 00000000 00:00 0 
64dc8000-64e16000 rw-p 00000000 00:00 0          [stack:27525]
64e16000-64e19000 ---p 00000000 00:00 0 
64e19000-64e67000 rw-p 00000000 00:00 0          [stack:27524]
64e67000-64e6a000 ---p 00000000 00:00 0 
64e6a000-64eb8000 rw-p 00000000 00:00 0          [stack:27523]
64eb8000-65008000 rw-s 00000000 00:04 58261524   /SYSV00000000 (deleted)
65008000-6500b000 ---p 00000000 00:00 0 
6500b000-65059000 rw-p 00000000 00:00 0          [stack:27522]
65059000-6505c000 ---p 00000000 00:00 0 
6505c000-650aa000 rw-p 00000000 00:00 0          [stack:27521]
650aa000-650df000 r-xp 00000000 08:01 18225272   /usr/lib/i386-linux-gnu/libtxc_dxtn_s2tc.so.0.0.0
650df000-650e0000 r--p 00034000 08:01 18225272   /usr/lib/i386-linux-gnu/libtxc_dxtn_s2tc.so.0.0.0
650e0000-650e1000 rw-p 00035000 08:01 18225272   /usr/lib/i386-linux-gnu/libtxc_dxtn_s2tc.so.0.0.0
65100000-651f5000 rw-p 00000000 00:00 0 
651f5000-65200000 ---p 00000000 00:00 0 
65200000-652e9000 rw-p 00000000 00:00 0 
652e9000-65300000 ---p 00000000 00:00 0 
65300000-653fe000 rw-p 00000000 00:00 0 
653fe000-65400000 ---p 00000000 00:00 0 
6540b000-6545b000 r-xp 00000000 08:01 18484113   /usr/lib/jvm/java-7-openjdk-i386/jre/lib/i386/libfontmanager.so
6545b000-6545d000 r--p 0004f000 08:01 18484113   /usr/lib/jvm/java-7-openjdk-i386/jre/lib/i386/libfontmanager.so
6545d000-6545e000 rw-p 00051000 08:01 18484113   /usr/lib/jvm/java-7-openjdk-i386/jre/lib/i386/libfontmanager.so
6545e000-65461000 ---p 00000000 00:00 0 
65461000-654af000 rw-p 00000000 00:00 0          [stack:27518]
654af000-654b2000 ---p 00000000 00:00 0 
654b2000-65500000 rw-p 00000000 00:00 0          [stack:27519]
65500000-65531000 rw-p 00000000 00:00 0 
65531000-65600000 ---p 00000000 00:00 0 
65605000-6560a000 rw-p 00000000 00:00 0 
6560a000-65611000 r--s 00000000 08:01 18219920   /usr/lib/i386-linux-gnu/gconv/gconv-modules.cache
65611000-65622000 r-xp 00000000 08:01 18483846   /usr/lib/jvm/java-7-openjdk-i386/jre/lib/i386/libnio.so
65622000-65623000 r--p 00010000 08:01 18483846   /usr/lib/jvm/java-7-openjdk-i386/jre/lib/i386/libnio.so
65623000-65624000 rw-p 00011000 08:01 18483846   /usr/lib/jvm/java-7-openjdk-i386/jre/lib/i386/libnio.so
65624000-65627000 ---p 00000000 00:00 0 
65627000-65675000 rw-p 00000000 00:00 0          [stack:27520]
65675000-65678000 ---p 00000000 00:00 0 
65678000-656c6000 rw-p 00000000 00:00 0          [stack:27515]
656c6000-656cf000 r-xp 00000000 08:01 18225079   /usr/lib/i386-linux-gnu/libpciaccess.so.0.11.1
656cf000-656d0000 r--p 00008000 08:01 18225079   /usr/lib/i386-linux-gnu/libpciaccess.so.0.11.1
656d0000-656d1000 rw-p 00009000 08:01 18225079   /usr/lib/i386-linux-gnu/libpciaccess.so.0.11.1
656d1000-656dc000 r-xp 00000000 08:01 18221979   /usr/lib/i386-linux-gnu/libdrm_radeon.so.1.0.1
656dc000-656dd000 r--p 0000a000 08:01 18221979   /usr/lib/i386-linux-gnu/libdrm_radeon.so.1.0.1
656dd000-656de000 rw-p 0000b000 08:01 18221979   /usr/lib/i386-linux-gnu/libdrm_radeon.so.1.0.1
656de000-656e5000 r-xp 00000000 08:01 18221982   /usr/lib/i386-linux-gnu/libdrm_nouveau.so.2.0.0
656e5000-656e6000 r--p 00006000 08:01 18221982   /usr/lib/i386-linux-gnu/libdrm_nouveau.so.2.0.0
656e6000-656e7000 rw-p 00007000 08:01 18221982   /usr/lib/i386-linux-gnu/libdrm_nouveau.so.2.0.0
656e7000-65708000 r-xp 00000000 08:01 18221790   /usr/lib/i386-linux-gnu/libdrm_intel.so.1.0.0
65708000-65709000 r--p 00020000 08:01 18221790   /usr/lib/i386-linux-gnu/libdrm_intel.so.1.0.0
65709000-6570a000 rw-p 00021000 08:01 18221790   /usr/lib/i386-linux-gnu/libdrm_intel.so.1.0.0
6570a000-65d34000 r-xp 00000000 08:01 18219429   /usr/lib/i386-linux-gnu/dri/i965_dri.so
65d34000-65d55000 r--p 00629000 08:01 18219429   /usr/lib/i386-linux-gnu/dri/i965_dri.so
65d55000-65d5b000 rw-p 0064a000 08:01 18219429   /usr/lib/i386-linux-gnu/dri/i965_dri.so
65d5b000-65d61000 rw-p 00000000 00:00 0 
65d61000-65d69000 r-xp 00000000 08:01 20841527   /lib/i386-linux-gnu/libnih-dbus.so.1.0.0
65d69000-65d6a000 r--p 00007000 08:01 20841527   /lib/i386-linux-gnu/libnih-dbus.so.1.0.0
65d6a000-65d6b000 rw-p 00008000 08:01 20841527   /lib/i386-linux-gnu/libnih-dbus.so.1.0.0
65d6b000-65d82000 r-xp 00000000 08:01 20841529   /lib/i386-linux-gnu/libnih.so.1.0.0
65d82000-65d83000 r--p 00016000 08:01 20841529   /lib/i386-linux-gnu/libnih.so.1.0.0
65d83000-65d84000 rw-p 00017000 08:01 20841529   /lib/i386-linux-gnu/libnih.so.1.0.0
65d84000-65da0000 r-xp 00000000 08:01 20841579   /lib/i386-linux-gnu/libcgmanager.so.0.0.0
65da0000-65da1000 r--p 0001b000 08:01 20841579   /lib/i386-linux-gnu/libcgmanager.so.0.0.0
65da1000-65da2000 rw-p 0001c000 08:01 20841579   /lib/i386-linux-gnu/libcgmanager.so.0.0.0
65da2000-65db3000 r-xp 00000000 08:01 20840723   /lib/i386-linux-gnu/libudev.so.1.3.5
65db3000-65db4000 r--p 00010000 08:01 20840723   /lib/i386-linux-gnu/libudev.so.1.3.5
65db4000-65db5000 rw-p 00011000 08:01 20840723   /lib/i386-linux-gnu/libudev.so.1.3.5
65db5000-65db8000 ---p 00000000 00:00 0 
65db8000-65e06000 rw-p 00000000 00:00 0          [stack:27514]
65e06000-65e09000 ---p 00000000 00:00 0 
65e09000-65e57000 rw-p 00000000 00:00 0          [stack:27513]
65e57000-65e5a000 ---p 00000000 00:00 0 
65e5a000-65ea8000 rw-p 00000000 00:00 0          [stack:27512]
65ea8000-65eab000 ---p 00000000 00:00 0 
65eab000-65ef9000 rw-p 00000000 00:00 0          [stack:27511]
65ef9000-65efc000 ---p 00000000 00:00 0 
65efc000-65f4a000 rw-p 00000000 00:00 0          [stack:27510]
65f4a000-65f58000 r-xp 00000000 08:01 18222710   /usr/lib/i386-linux-gnu/libdrm.so.2.4.0
65f58000-65f59000 r--p 0000d000 08:01 18222710   /usr/lib/i386-linux-gnu/libdrm.so.2.4.0
65f59000-65f5a000 rw-p 0000e000 08:01 18222710   /usr/lib/i386-linux-gnu/libdrm.so.2.4.0
65f5a000-65f5e000 r-xp 00000000 08:01 18225362   /usr/lib/i386-linux-gnu/libxcb-dri2.so.0.0.0
65f5e000-65f5f000 r--p 00003000 08:01 18225362   /usr/lib/i386-linux-gnu/libxcb-dri2.so.0.0.0
65f5f000-65f60000 rw-p 00004000 08:01 18225362   /usr/lib/i386-linux-gnu/libxcb-dri2.so.0.0.0
65f60000-65f76000 r-xp 00000000 08:01 18225366   /usr/lib/i386-linux-gnu/libxcb-glx.so.0.0.0
65f76000-65f77000 r--p 00016000 08:01 18225366   /usr/lib/i386-linux-gnu/libxcb-glx.so.0.0.0
65f77000-65f78000 rw-p 00017000 08:01 18225366   /usr/lib/i386-linux-gnu/libxcb-glx.so.0.0.0
65f78000-65f79000 r-xp 00000000 08:01 18224322   /usr/lib/i386-linux-gnu/libX11-xcb.so.1.0.0
65f79000-65f7a000 r--p 00000000 08:01 18224322   /usr/lib/i386-linux-gnu/libX11-xcb.so.1.0.0
65f7a000-65f7b000 rw-p 00001000 08:01 18224322   /usr/lib/i386-linux-gnu/libX11-xcb.so.1.0.0
65f7b000-65f7d000 r-xp 00000000 08:01 18224337   /usr/lib/i386-linux-gnu/libXdamage.so.1.1.0
65f7d000-65f7e000 r--p 00001000 08:01 18224337   /usr/lib/i386-linux-gnu/libXdamage.so.1.1.0
65f7e000-65f7f000 rw-p 00002000 08:01 18224337   /usr/lib/i386-linux-gnu/libXdamage.so.1.1.0
65f7f000-65f92000 r-xp 00000000 08:01 18224101   /usr/lib/i386-linux-gnu/libglapi.so.0.0.0
65f92000-65f94000 r--p 00013000 08:01 18224101   /usr/lib/i386-linux-gnu/libglapi.so.0.0.0
65f94000-65f9a000 rwxp 00015000 08:01 18224101   /usr/lib/i386-linux-gnu/libglapi.so.0.0.0
65f9a000-65f9b000 r-xp 00000000 08:01 18225404   /usr/lib/i386-linux-gnu/libxshmfence.so.1.0.0
65f9b000-65f9c000 r--p 00000000 08:01 18225404   /usr/lib/i386-linux-gnu/libxshmfence.so.1.0.0
65f9c000-65f9d000 rw-p 00001000 08:01 18225404   /usr/lib/i386-linux-gnu/libxshmfence.so.1.0.0
65f9d000-65fa2000 r-xp 00000000 08:01 18225386   /usr/lib/i386-linux-gnu/libxcb-sync.so.1.0.0
65fa2000-65fa3000 r--p 00004000 08:01 18225386   /usr/lib/i386-linux-gnu/libxcb-sync.so.1.0.0
65fa3000-65fa4000 rw-p 00005000 08:01 18225386   /usr/lib/i386-linux-gnu/libxcb-sync.so.1.0.0
65fa4000-65fa6000 r-xp 00000000 08:01 18225374   /usr/lib/i386-linux-gnu/libxcb-present.so.0.0.0
65fa6000-65fa7000 r--p 00001000 08:01 18225374   /usr/lib/i386-linux-gnu/libxcb-present.so.0.0.0
65fa7000-65fa8000 rw-p 00002000 08:01 18225374   /usr/lib/i386-linux-gnu/libxcb-present.so.0.0.0
65fa8000-65faa000 r-xp 00000000 08:01 18225364   /usr/lib/i386-linux-gnu/libxcb-dri3.so.0.0.0
65faa000-65fab000 r--p 00001000 08:01 18225364   /usr/lib/i386-linux-gnu/libxcb-dri3.so.0.0.0
65fab000-65fac000 rw-p 00002000 08:01 18225364   /usr/lib/i386-linux-gnu/libxcb-dri3.so.0.0.0
65fac000-66007000 r-xp 00000000 08:01 18219640   /usr/lib/i386-linux-gnu/mesa/libGL.so.1.2.0
66007000-66008000 ---p 0005b000 08:01 18219640   /usr/lib/i386-linux-gnu/mesa/libGL.so.1.2.0
66008000-6600a000 r--p 0005b000 08:01 18219640   /usr/lib/i386-linux-gnu/mesa/libGL.so.1.2.0
6600a000-6600f000 rwxp 0005d000 08:01 18219640   /usr/lib/i386-linux-gnu/mesa/libGL.so.1.2.0
6600f000-66014000 rw-p 00000000 00:00 0 
66014000-6602c000 r-xp 00000000 08:01 18483833   /usr/lib/jvm/java-7-openjdk-i386/jre/lib/i386/libnet.so
6602c000-6602d000 r--p 00017000 08:01 18483833   /usr/lib/jvm/java-7-openjdk-i386/jre/lib/i386/libnet.so
6602d000-6602e000 rw-p 00018000 08:01 18483833   /usr/lib/jvm/java-7-openjdk-i386/jre/lib/i386/libnet.so
6602e000-6604f000 r-xp 00000000 08:01 18352082   /usr/lib/jni/libj3dcore-ogl.so
6604f000-66050000 rw-p 00020000 08:01 18352082   /usr/lib/jni/libj3dcore-ogl.so
66050000-66051000 r-xp 00000000 08:01 18484119   /usr/lib/jvm/java-7-openjdk-i386/jre/lib/i386/libjawt.so
66051000-66052000 r--p 00000000 08:01 18484119   /usr/lib/jvm/java-7-openjdk-i386/jre/lib/i386/libjawt.so
66052000-66053000 rw-p 00001000 08:01 18484119   /usr/lib/jvm/java-7-openjdk-i386/jre/lib/i386/libjawt.so
66053000-66057000 r--s 00019000 08:01 6033270    /home/gregoire/Documents/MobileRobots/MobileRobotsProject/mbsysCopy/mbsyspad/lib/matlabcontrol-4.0.0.jar
66057000-66074000 r--s 0014f000 08:01 6033271    /home/gregoire/Documents/MobileRobots/MobileRobotsProject/mbsysCopy/mbsyspad/lib/swingx-all-1.6.4.jar
66074000-66082000 r--s 00193000 08:01 6033260    /home/gregoire/Documents/MobileRobots/MobileRobotsProject/mbsysCopy/mbsyspad/lib/j3dutils.jar
66082000-6608e000 r--s 002c7000 08:01 6033259    /home/gregoire/Documents/MobileRobots/MobileRobotsProject/mbsysCopy/mbsyspad/lib/j3dcore.jar
6608e000-66091000 ---p 00000000 00:00 0 
66091000-660df000 rw-p 00000000 00:00 0          [stack:27509]
660df000-660e2000 ---p 00000000 00:00 0 
660e2000-66130000 rw-p 00000000 00:00 0          [stack:27508]
66130000-6616c000 r-xp 00000000 08:01 20840700   /lib/i386-linux-gnu/libpcre.so.3.13.1
6616c000-6616d000 r--p 0003b000 08:01 20840700   /lib/i386-linux-gnu/libpcre.so.3.13.1
6616d000-6616e000 rw-p 0003c000 08:01 20840700   /lib/i386-linux-gnu/libpcre.so.3.13.1
6616e000-6618e000 r-xp 00000000 08:01 20841595   /lib/i386-linux-gnu/libselinux.so.1
6618e000-6618f000 r--p 0001f000 08:01 20841595   /lib/i386-linux-gnu/libselinux.so.1
6618f000-66190000 rw-p 00020000 08:01 20841595   /lib/i386-linux-gnu/libselinux.so.1
66190000-66191000 rw-p 00000000 00:00 0 
66191000-6629b000 r-xp 00000000 08:01 20841496   /lib/i386-linux-gnu/libglib-2.0.so.0.4002.0
6629b000-6629c000 r--p 00109000 08:01 20841496   /lib/i386-linux-gnu/libglib-2.0.so.0.4002.0
6629c000-6629d000 rw-p 0010a000 08:01 20841496   /lib/i386-linux-gnu/libglib-2.0.so.0.4002.0
6629d000-662c2000 r-xp 00000000 08:01 20840645   /lib/i386-linux-gnu/libexpat.so.1.6.0
662c2000-662c3000 ---p 00025000 08:01 20840645   /lib/i386-linux-gnu/libexpat.so.1.6.0
662c3000-662c5000 r--p 00025000 08:01 20840645   /lib/i386-linux-gnu/libexpat.so.1.6.0
662c5000-662c6000 rw-p 00027000 08:01 20840645   /lib/i386-linux-gnu/libexpat.so.1.6.0
662c6000-66316000 r-xp 00000000 08:01 18224739   /usr/lib/i386-linux-gnu/libgobject-2.0.so.0.4002.0
66316000-66317000 r--p 0004f000 08:01 18224739   /usr/lib/i386-linux-gnu/libgobject-2.0.so.0.4002.0
66317000-66318000 rw-p 00050000 08:01 18224739   /usr/lib/i386-linux-gnu/libgobject-2.0.so.0.4002.0
66318000-66495000 r-xp 00000000 08:01 18224711   /usr/lib/i386-linux-gnu/libgio-2.0.so.0.4002.0
66495000-66497000 r--p 0017d000 08:01 18224711   /usr/lib/i386-linux-gnu/libgio-2.0.so.0.4002.0
66497000-66498000 rw-p 0017f000 08:01 18224711   /usr/lib/i386-linux-gnu/libgio-2.0.so.0.4002.0
66498000-66499000 rw-p 00000000 00:00 0 
66499000-664d2000 r-xp 00000000 08:01 18226186   /usr/lib/i386-linux-gnu/libfontconfig.so.1.8.0
664d2000-664d3000 r--p 00039000 08:01 18226186   /usr/lib/i386-linux-gnu/libfontconfig.so.1.8.0
664d3000-664d4000 rw-p 0003a000 08:01 18226186   /usr/lib/i386-linux-gnu/libfontconfig.so.1.8.0
664d4000-6651c000 r-xp 00000000 08:01 19923017   /usr/lib/jvm/java-7-openjdk-i386/jre/lib/i386/xawt/libmawt.so
6651c000-6651d000 r--p 00048000 08:01 19923017   /usr/lib/jvm/java-7-openjdk-i386/jre/lib/i386/xawt/libmawt.so
6651d000-6651f000 rw-p 00049000 08:01 19923017   /usr/lib/jvm/java-7-openjdk-i386/jre/lib/i386/xawt/libmawt.so
6651f000-66520000 rw-p 00000000 00:00 0 
66520000-665af000 r-xp 00000000 08:01 18484117   /usr/lib/jvm/java-7-openjdk-i386/jre/lib/i386/libawt.so
665af000-665b0000 r--p 0008f000 08:01 18484117   /usr/lib/jvm/java-7-openjdk-i386/jre/lib/i386/libawt.so
665b0000-665b7000 rw-p 00090000 08:01 18484117   /usr/lib/jvm/java-7-openjdk-i386/jre/lib/i386/libawt.so
665b7000-665db000 rw-p 00000000 00:00 0 
665db000-665dc000 ---p 00000000 00:00 0 
665dc000-6665c000 rw-p 00000000 00:00 0          [stack:27507]
6665c000-6665f000 ---p 00000000 00:00 0 
6665f000-666ad000 rw-p 00000000 00:00 0          [stack:27506]
666ad000-666b0000 ---p 00000000 00:00 0 
666b0000-6672e000 rw-p 00000000 00:00 0          [stack:27505]
6672e000-66731000 ---p 00000000 00:00 0 
66731000-667af000 rw-p 00000000 00:00 0          [stack:27504]
667af000-667b2000 ---p 00000000 00:00 0 
667b2000-66800000 rw-p 00000000 00:00 0          [stack:27503]
66800000-66a00000 r--p 00000000 08:01 18227311   /usr/lib/locale/locale-archive
66a00000-66b00000 rw-p 00000000 00:00 0 
66b00000-66b03000 ---p 00000000 00:00 0 
66b03000-66b51000 rw-p 00000000 00:00 0          [stack:27502]
66b51000-66b54000 ---p 00000000 00:00 0 
66b54000-66ba2000 rw-p 00000000 00:00 0          [stack:27501]
66ba2000-66ba3000 ---p 00000000 00:00 0 
66ba3000-66c23000 rw-p 00000000 00:00 0          [stack:27500]
66c23000-66dd6000 r--s 01d3d000 08:01 18483206   /usr/lib/jvm/java-7-openjdk-i386/jre/lib/rt.jar
66dd6000-69500000 rw-p 00000000 00:00 0 
69500000-69521000 rw-p 00000000 00:00 0 
69521000-69600000 ---p 00000000 00:00 0 
69600000-69601000 rw-s 00000000 00:04 72898      /drm mm object (deleted)
69601000-69603000 r--s 0004c000 08:01 6033272    /home/gregoire/Documents/MobileRobots/MobileRobotsProject/mbsysCopy/mbsyspad/lib/vecmath.jar
69603000-69605000 r--s 00018000 08:01 18483205   /usr/lib/jvm/java-7-openjdk-i386/jre/lib/jce.jar
69605000-69609000 r--s 0004f000 08:01 18484133   /usr/lib/jvm/java-7-openjdk-i386/jre/lib/jsse.jar
69609000-69614000 r--s 00108000 08:01 6033263    /home/gregoire/Documents/MobileRobots/MobileRobotsProject/mbsysCopy/mbsyspad/lib/jogl.jar
69614000-69618000 r--s 00020000 08:01 6033254    /home/gregoire/Documents/MobileRobots/MobileRobotsProject/mbsysCopy/mbsyspad/lib/commons-digester-1.8.jar
69618000-6961d000 r--s 0002a000 08:01 6033252    /home/gregoire/Documents/MobileRobots/MobileRobotsProject/mbsysCopy/mbsyspad/lib/commons-beanutils.jar
6961d000-69620000 r-xp 00000000 08:01 18224723   /usr/lib/i386-linux-gnu/libgmodule-2.0.so.0.4002.0
69620000-69621000 r--p 00002000 08:01 18224723   /usr/lib/i386-linux-gnu/libgmodule-2.0.so.0.4002.0
69621000-69622000 rw-p 00003000 08:01 18224723   /usr/lib/i386-linux-gnu/libgmodule-2.0.so.0.4002.0
69622000-69623000 r--s 00017000 08:01 6033257    /home/gregoire/Documents/MobileRobots/MobileRobotsProject/mbsysCopy/mbsyspad/lib/j3D.jar
69623000-69624000 r--s 00004000 08:01 6033256    /home/gregoire/Documents/MobileRobots/MobileRobotsProject/mbsysCopy/mbsyspad/lib/gluegen-rt.jar
69624000-69625000 r--s 00001000 08:01 6033262    /home/gregoire/Documents/MobileRobots/MobileRobotsProject/mbsysCopy/mbsyspad/lib/jnlp.jar
69625000-69626000 r--s 00008000 08:01 6033253    /home/gregoire/Documents/MobileRobots/MobileRobotsProject/mbsysCopy/mbsyspad/lib/commons-cli-1.1.jar
69626000-6962c000 r--s 00056000 08:01 6033258    /home/gregoire/Documents/MobileRobots/MobileRobotsProject/mbsysCopy/mbsyspad/lib/j3d-vrml97.jar
6962c000-6962e000 r--s 0002a000 08:01 6033251    /home/gregoire/Documents/MobileRobots/MobileRobotsProject/mbsysCopy/mbsyspad/lib/MBsysComJ.jar
6962e000-69631000 r--s 00023000 08:01 6033261    /home/gregoire/Documents/MobileRobots/MobileRobotsProject/mbsysCopy/mbsyspad/lib/jdom.jar
69631000-69637000 r--s 00047000 08:01 6033255    /home/gregoire/Documents/MobileRobots/MobileRobotsProject/mbsysCopy/mbsyspad/lib/flamingo.jar
69637000-69641000 r--s 000ae000 08:01 18483207   /usr/lib/jvm/java-7-openjdk-i386/jre/lib/resources.jar
69641000-69700000 rw-p 00000000 00:00 0 
69700000-697f6000 rw-p 00000000 00:00 0 
697f6000-69800000 ---p 00000000 00:00 0 
69800000-69805000 r-xp 00000000 08:01 18224369   /usr/lib/i386-linux-gnu/libXtst.so.6.1.0
69805000-69806000 r--p 00004000 08:01 18224369   /usr/lib/i386-linux-gnu/libXtst.so.6.1.0
69806000-69807000 rw-p 00005000 08:01 18224369   /usr/lib/i386-linux-gnu/libXtst.so.6.1.0
69807000-69808000 ---p 00000000 00:00 0 
69808000-69888000 rw-p 00000000 00:00 0          [stack:27499]
69888000-69889000 ---p 00000000 00:00 0 
69889000-69916000 rw-p 00000000 00:00 0          [stack:27498]
69916000-69949000 rw-p 00000000 00:00 0 
69949000-6995e000 rw-p 00000000 00:00 0 
6995e000-69a92000 rw-p 00000000 00:00 0 
69a92000-69a9f000 rw-p 00000000 00:00 0 
69a9f000-69ad2000 rw-p 00000000 00:00 0 
69ad2000-69ae7000 rw-p 00000000 00:00 0 
69ae7000-69c1a000 rw-p 00000000 00:00 0 
69c1a000-69c5c000 rw-p 00000000 00:00 0 
69c5c000-69cbf000 rw-p 00000000 00:00 0 
69cbf000-6b600000 rw-p 00000000 00:00 0 
6b600000-71cc0000 rw-p 00000000 00:00 0 
71cc0000-74500000 rw-p 00000000 00:00 0 
74500000-745c0000 ---p 00000000 00:00 0 
745c0000-9ae00000 rw-p 00000000 00:00 0 
9ae00000-a2f40000 rw-p 00000000 00:00 0 
a2f40000-af6c0000 rw-p 00000000 00:00 0 
af6c0000-af6c2000 r-xp 00000000 08:01 18224333   /usr/lib/i386-linux-gnu/libXcomposite.so.1.0.0
af6c2000-af6c3000 r--p 00001000 08:01 18224333   /usr/lib/i386-linux-gnu/libXcomposite.so.1.0.0
af6c3000-af6c4000 rw-p 00002000 08:01 18224333   /usr/lib/i386-linux-gnu/libXcomposite.so.1.0.0
af6c4000-af6d3000 r--s 0008c000 08:01 6033249    /home/gregoire/Documents/MobileRobots/MobileRobotsProject/mbsysCopy/mbsyspad/MBsysPad.jar
af6d3000-af6d7000 r--s 00085000 08:01 18751331   /usr/lib/jvm/java-7-openjdk-i386/jre/lib/ext/localedata.jar
af6d7000-af6e0000 rw-p 00000000 00:00 0 
af6e0000-af797000 rw-p 00000000 00:00 0 
af797000-af9d7000 rwxp 00000000 00:00 0 
af9d7000-b2797000 rw-p 00000000 00:00 0 
b2797000-b27a1000 r-xp 00000000 08:01 20854272   /lib/i386-linux-gnu/libnss_files-2.19.so
b27a1000-b27a2000 r--p 00009000 08:01 20854272   /lib/i386-linux-gnu/libnss_files-2.19.so
b27a2000-b27a3000 rw-p 0000a000 08:01 20854272   /lib/i386-linux-gnu/libnss_files-2.19.so
b27a3000-b27ad000 r-xp 00000000 08:01 20854264   /lib/i386-linux-gnu/libnss_nis-2.19.so
b27ad000-b27ae000 r--p 00009000 08:01 20854264   /lib/i386-linux-gnu/libnss_nis-2.19.so
b27ae000-b27af000 rw-p 0000a000 08:01 20854264   /lib/i386-linux-gnu/libnss_nis-2.19.so
b27af000-b27b2000 r--s 0000f000 08:01 18751219   /usr/lib/jvm/java-7-openjdk-i386/jre/lib/ext/icedtea-sound.jar
b27b2000-b27b3000 r--s 00002000 08:01 18751957   /usr/lib/jvm/java-7-openjdk-i386/jre/lib/ext/dnsns.jar
b27b3000-b27b5000 r--s 00012000 08:01 18751958   /usr/lib/jvm/java-7-openjdk-i386/jre/lib/ext/zipfs.jar
b27b5000-b27b9000 r--s 00034000 08:01 18751956   /usr/lib/jvm/java-7-openjdk-i386/jre/lib/ext/sunjce_provider.jar
b27b9000-b27bc000 r--s 0003d000 08:01 18751212   /usr/lib/jvm/java-7-openjdk-i386/jre/lib/ext/sunpkcs11.jar
b27bc000-b27c4000 r-xp 00000000 08:01 18484132   /usr/lib/jvm/java-7-openjdk-i386/jre/lib/i386/libzip.so
b27c4000-b27c5000 r--p 00007000 08:01 18484132   /usr/lib/jvm/java-7-openjdk-i386/jre/lib/i386/libzip.so
b27c5000-b27c6000 rw-p 00008000 08:01 18484132   /usr/lib/jvm/java-7-openjdk-i386/jre/lib/i386/libzip.so
b27c6000-b27ce000 rw-s 00000000 08:01 14552362   /tmp/hsperfdata_gregoire/27497
b27ce000-b27f5000 r-xp 00000000 08:01 18483211   /usr/lib/jvm/java-7-openjdk-i386/jre/lib/i386/libjava.so
b27f5000-b27f6000 r--p 00026000 08:01 18483211   /usr/lib/jvm/java-7-openjdk-i386/jre/lib/i386/libjava.so
b27f6000-b27f7000 rw-p 00027000 08:01 18483211   /usr/lib/jvm/java-7-openjdk-i386/jre/lib/i386/libjava.so
b27f7000-b589a000 rw-p 00000000 00:00 0 
b589a000-b58ad000 r-xp 00000000 08:01 20854252   /lib/i386-linux-gnu/libresolv-2.19.so
b58ad000-b58ae000 ---p 00013000 08:01 20854252   /lib/i386-linux-gnu/libresolv-2.19.so
b58ae000-b58af000 r--p 00013000 08:01 20854252   /lib/i386-linux-gnu/libresolv-2.19.so
b58af000-b58b0000 rw-p 00014000 08:01 20854252   /lib/i386-linux-gnu/libresolv-2.19.so
b58b0000-b58b2000 rw-p 00000000 00:00 0 
b58b2000-b58b9000 r-xp 00000000 08:01 18225047   /usr/lib/i386-linux-gnu/libogg.so.0.8.1
b58b9000-b58ba000 r--p 00006000 08:01 18225047   /usr/lib/i386-linux-gnu/libogg.so.0.8.1
b58ba000-b58bb000 rw-p 00007000 08:01 18225047   /usr/lib/i386-linux-gnu/libogg.so.0.8.1
b58bb000-b58e4000 r-xp 00000000 08:01 18225321   /usr/lib/i386-linux-gnu/libvorbis.so.0.4.5
b58e4000-b58e5000 ---p 00029000 08:01 18225321   /usr/lib/i386-linux-gnu/libvorbis.so.0.4.5
b58e5000-b58e6000 r--p 00029000 08:01 18225321   /usr/lib/i386-linux-gnu/libvorbis.so.0.4.5
b58e6000-b58e7000 rw-p 0002a000 08:01 18225321   /usr/lib/i386-linux-gnu/libvorbis.so.0.4.5
b58e7000-b5a4d000 r-xp 00000000 08:01 18225323   /usr/lib/i386-linux-gnu/libvorbisenc.so.2.0.8
b5a4d000-b5a5e000 r--p 00165000 08:01 18225323   /usr/lib/i386-linux-gnu/libvorbisenc.so.2.0.8
b5a5e000-b5a5f000 rw-p 00176000 08:01 18225323   /usr/lib/i386-linux-gnu/libvorbisenc.so.2.0.8
b5a5f000-b5a60000 rw-p 00000000 00:00 0 
b5a60000-b5a92000 r-xp 00000000 08:01 18224186   /usr/lib/i386-linux-gnu/libFLAC.so.8.3.0
b5a92000-b5a93000 r--p 00031000 08:01 18224186   /usr/lib/i386-linux-gnu/libFLAC.so.8.3.0
b5a93000-b5a94000 rw-p 00032000 08:01 18224186   /usr/lib/i386-linux-gnu/libFLAC.so.8.3.0
b5a94000-b5aa9000 r-xp 00000000 08:01 20854260   /lib/i386-linux-gnu/libnsl-2.19.so
b5aa9000-b5aaa000 r--p 00015000 08:01 20854260   /lib/i386-linux-gnu/libnsl-2.19.so
b5aaa000-b5aab000 rw-p 00016000 08:01 20854260   /lib/i386-linux-gnu/libnsl-2.19.so
b5aab000-b5aad000 rw-p 00000000 00:00 0 
b5aad000-b5ab2000 r-xp 00000000 08:01 18224339   /usr/lib/i386-linux-gnu/libXdmcp.so.6.0.0
b5ab2000-b5ab3000 r--p 00004000 08:01 18224339   /usr/lib/i386-linux-gnu/libXdmcp.so.6.0.0
b5ab3000-b5ab4000 rw-p 00005000 08:01 18224339   /usr/lib/i386-linux-gnu/libXdmcp.so.6.0.0
b5ab4000-b5ab6000 r-xp 00000000 08:01 18224328   /usr/lib/i386-linux-gnu/libXau.so.6.0.0
b5ab6000-b5ab7000 r--p 00001000 08:01 18224328   /usr/lib/i386-linux-gnu/libXau.so.6.0.0
b5ab7000-b5ab8000 rw-p 00002000 08:01 18224328   /usr/lib/i386-linux-gnu/libXau.so.6.0.0
b5ab8000-b5abd000 r-xp 00000000 08:01 18224418   /usr/lib/i386-linux-gnu/libasyncns.so.0.3.1
b5abd000-b5abe000 r--p 00004000 08:01 18224418   /usr/lib/i386-linux-gnu/libasyncns.so.0.3.1
b5abe000-b5abf000 rw-p 00005000 08:01 18224418   /usr/lib/i386-linux-gnu/libasyncns.so.0.3.1
b5abf000-b5ac0000 rw-p 00000000 00:00 0 
b5ac0000-b5b2b000 r-xp 00000000 08:01 18219697   /usr/lib/i386-linux-gnu/libsndfile.so.1.0.25
b5b2b000-b5b2c000 ---p 0006b000 08:01 18219697   /usr/lib/i386-linux-gnu/libsndfile.so.1.0.25
b5b2c000-b5b2d000 r--p 0006b000 08:01 18219697   /usr/lib/i386-linux-gnu/libsndfile.so.1.0.25
b5b2d000-b5b2e000 rw-p 0006c000 08:01 18219697   /usr/lib/i386-linux-gnu/libsndfile.so.1.0.25
b5b2e000-b5b32000 rw-p 00000000 00:00 0 
b5b32000-b5b3a000 r-xp 00000000 08:01 20841625   /lib/i386-linux-gnu/libwrap.so.0.7.6
b5b3a000-b5b3b000 r--p 00007000 08:01 20841625   /lib/i386-linux-gnu/libwrap.so.0.7.6
b5b3b000-b5b3c000 rw-p 00008000 08:01 20841625   /lib/i386-linux-gnu/libwrap.so.0.7.6
b5b3c000-b5b62000 r-xp 00000000 08:01 20841983   /lib/i386-linux-gnu/libpng12.so.0.50.0
b5b62000-b5b63000 r--p 00025000 08:01 20841983   /lib/i386-linux-gnu/libpng12.so.0.50.0
b5b63000-b5b64000 rw-p 00026000 08:01 20841983   /lib/i386-linux-gnu/libpng12.so.0.50.0
b5b64000-b5b69000 r-xp 00000000 08:01 18219065   /usr/lib/i386-linux-gnu/libffi.so.6.0.1
b5b69000-b5b6a000 r--p 00005000 08:01 18219065   /usr/lib/i386-linux-gnu/libffi.so.6.0.1
b5b6a000-b5b6b000 rw-p 00006000 08:01 18219065   /usr/lib/i386-linux-gnu/libffi.so.6.0.1
b5b6b000-b5b6f000 r-xp 00000000 08:01 18219488   /usr/lib/i386-linux-gnu/libXfixes.so.3.1.0
b5b6f000-b5b70000 r--p 00003000 08:01 18219488   /usr/lib/i386-linux-gnu/libXfixes.so.3.1.0
b5b70000-b5b71000 rw-p 00004000 08:01 18219488   /usr/lib/i386-linux-gnu/libXfixes.so.3.1.0
b5b71000-b5b72000 rw-p 00000000 00:00 0 
b5b72000-b5b7b000 r-xp 00000000 08:01 18221390   /usr/lib/i386-linux-gnu/libXrender.so.1.3.0
b5b7b000-b5b7c000 r--p 00008000 08:01 18221390   /usr/lib/i386-linux-gnu/libXrender.so.1.3.0
b5b7c000-b5b7d000 rw-p 00009000 08:01 18221390   /usr/lib/i386-linux-gnu/libXrender.so.1.3.0
b5b7d000-b5b9d000 r-xp 00000000 08:01 18225394   /usr/lib/i386-linux-gnu/libxcb.so.1.1.0
b5b9d000-b5b9e000 r--p 0001f000 08:01 18225394   /usr/lib/i386-linux-gnu/libxcb.so.1.1.0
b5b9e000-b5b9f000 rw-p 00020000 08:01 18225394   /usr/lib/i386-linux-gnu/libxcb.so.1.1.0
b5b9f000-b5be8000 r-xp 00000000 08:01 20841479   /lib/i386-linux-gnu/libdbus-1.so.3.7.6
b5be8000-b5be9000 r--p 00048000 08:01 20841479   /lib/i386-linux-gnu/libdbus-1.so.3.7.6
b5be9000-b5bea000 rw-p 00049000 08:01 20841479   /lib/i386-linux-gnu/libdbus-1.so.3.7.6
b5bea000-b5bf3000 r-xp 00000000 08:01 20841505   /lib/i386-linux-gnu/libjson-c.so.2.0.0
b5bf3000-b5bf4000 r--p 00008000 08:01 20841505   /lib/i386-linux-gnu/libjson-c.so.2.0.0
b5bf4000-b5bf5000 rw-p 00009000 08:01 20841505   /lib/i386-linux-gnu/libjson-c.so.2.0.0
b5bf5000-b5c62000 r-xp 00000000 08:01 18226821   /usr/lib/i386-linux-gnu/pulseaudio/libpulsecommon-4.0.so
b5c62000-b5c63000 r--p 0006c000 08:01 18226821   /usr/lib/i386-linux-gnu/pulseaudio/libpulsecommon-4.0.so
b5c63000-b5c64000 rw-p 0006d000 08:01 18226821   /usr/lib/i386-linux-gnu/pulseaudio/libpulsecommon-4.0.so
b5c64000-b5c65000 rw-p 00000000 00:00 0 
b5c65000-b5d00000 r-xp 00000000 08:01 18227707   /usr/lib/i386-linux-gnu/libfreetype.so.6.11.1
b5d00000-b5d04000 r--p 0009a000 08:01 18227707   /usr/lib/i386-linux-gnu/libfreetype.so.6.11.1
b5d04000-b5d05000 rw-p 0009e000 08:01 18227707   /usr/lib/i386-linux-gnu/libfreetype.so.6.11.1
b5d05000-b5d0c000 r-xp 00000000 08:01 20854268   /lib/i386-linux-gnu/librt-2.19.so
b5d0c000-b5d0d000 r--p 00006000 08:01 20854268   /lib/i386-linux-gnu/librt-2.19.so
b5d0d000-b5d0e000 rw-p 00007000 08:01 20854268   /lib/i386-linux-gnu/librt-2.19.so
b5d0e000-b5d26000 r-xp 00000000 08:01 20854261   /lib/i386-linux-gnu/libpthread-2.19.so
b5d26000-b5d27000 r--p 00018000 08:01 20854261   /lib/i386-linux-gnu/libpthread-2.19.so
b5d27000-b5d28000 rw-p 00019000 08:01 20854261   /lib/i386-linux-gnu/libpthread-2.19.so
b5d28000-b5d2a000 rw-p 00000000 00:00 0 
b5d2a000-b5d64000 r-xp 00000000 08:01 18225398   /usr/lib/i386-linux-gnu/libxkbcommon.so.0.0.0
b5d64000-b5d65000 r--p 00039000 08:01 18225398   /usr/lib/i386-linux-gnu/libxkbcommon.so.0.0.0
b5d65000-b5d66000 rw-p 0003a000 08:01 18225398   /usr/lib/i386-linux-gnu/libxkbcommon.so.0.0.0
b5d66000-b5d67000 rw-p 00000000 00:00 0 
b5d67000-b5d6b000 r-xp 00000000 08:01 18225336   /usr/lib/i386-linux-gnu/libwayland-cursor.so.0.0.0
b5d6b000-b5d6c000 r--p 00003000 08:01 18225336   /usr/lib/i386-linux-gnu/libwayland-cursor.so.0.0.0
b5d6c000-b5d70000 rw-p 00004000 08:01 18225336   /usr/lib/i386-linux-gnu/libwayland-cursor.so.0.0.0
b5d70000-b5d79000 r-xp 00000000 08:01 18225334   /usr/lib/i386-linux-gnu/libwayland-client.so.0.2.0
b5d79000-b5d7a000 ---p 00009000 08:01 18225334   /usr/lib/i386-linux-gnu/libwayland-client.so.0.2.0
b5d7a000-b5d7b000 r--p 00009000 08:01 18225334   /usr/lib/i386-linux-gnu/libwayland-client.so.0.2.0
b5d7b000-b5d7c000 rw-p 0000a000 08:01 18225334   /usr/lib/i386-linux-gnu/libwayland-client.so.0.2.0
b5d7c000-b5d7d000 r-xp 00000000 08:01 18220505   /usr/lib/i386-linux-gnu/libwayland-egl.so.1.0.0
b5d7d000-b5d7e000 r--p 00000000 08:01 18220505   /usr/lib/i386-linux-gnu/libwayland-egl.so.1.0.0
b5d7e000-b5d7f000 rw-p 00001000 08:01 18220505   /usr/lib/i386-linux-gnu/libwayland-egl.so.1.0.0
b5d7f000-b5d83000 r-xp 00000000 08:01 18224379   /usr/lib/i386-linux-gnu/libXxf86vm.so.1.0.0
b5d83000-b5d84000 r--p 00004000 08:01 18224379   /usr/lib/i386-linux-gnu/libXxf86vm.so.1.0.0
b5d84000-b5d85000 rw-p 00005000 08:01 18224379   /usr/lib/i386-linux-gnu/libXxf86vm.so.1.0.0
b5d85000-b5d87000 r-xp 00000000 08:01 18224365   /usr/lib/i386-linux-gnu/libXss.so.1.0.0
b5d87000-b5d88000 r--p 00001000 08:01 18224365   /usr/lib/i386-linux-gnu/libXss.so.1.0.0
b5d88000-b5d89000 rw-p 00002000 08:01 18224365   /usr/lib/i386-linux-gnu/libXss.so.1.0.0
b5d89000-b5d8a000 rw-p 00000000 00:00 0 
b5d8a000-b5d93000 r-xp 00000000 08:01 18226177   /usr/lib/i386-linux-gnu/libXrandr.so.2.2.0
b5d93000-b5d94000 r--p 00008000 08:01 18226177   /usr/lib/i386-linux-gnu/libXrandr.so.2.2.0
b5d94000-b5d95000 rw-p 00009000 08:01 18226177   /usr/lib/i386-linux-gnu/libXrandr.so.2.2.0
b5d95000-b5da3000 r-xp 00000000 08:01 18221388   /usr/lib/i386-linux-gnu/libXi.so.6.1.0
b5da3000-b5da4000 r--p 0000e000 08:01 18221388   /usr/lib/i386-linux-gnu/libXi.so.6.1.0
b5da4000-b5da5000 rw-p 0000f000 08:01 18221388   /usr/lib/i386-linux-gnu/libXi.so.6.1.0
b5da5000-b5da7000 r-xp 00000000 08:01 18224351   /usr/lib/i386-linux-gnu/libXinerama.so.1.0.0
b5da7000-b5da8000 r--p 00001000 08:01 18224351   /usr/lib/i386-linux-gnu/libXinerama.so.1.0.0
b5da8000-b5da9000 rw-p 00002000 08:01 18224351   /usr/lib/i386-linux-gnu/libXinerama.so.1.0.0
b5da9000-b5db2000 r-xp 00000000 08:01 18224335   /usr/lib/i386-linux-gnu/libXcursor.so.1.0.2
b5db2000-b5db3000 r--p 00008000 08:01 18224335   /usr/lib/i386-linux-gnu/libXcursor.so.1.0.2
b5db3000-b5db4000 rw-p 00009000 08:01 18224335   /usr/lib/i386-linux-gnu/libXcursor.so.1.0.2
b5db4000-b5dc5000 r-xp 00000000 08:01 18220240   /usr/lib/i386-linux-gnu/libXext.so.6.4.0
b5dc5000-b5dc6000 r--p 00010000 08:01 18220240   /usr/lib/i386-linux-gnu/libXext.so.6.4.0
b5dc6000-b5dc7000 rw-p 00011000 08:01 18220240   /usr/lib/i386-linux-gnu/libXext.so.6.4.0
b5dc7000-b5dc8000 rw-p 00000000 00:00 0 
b5dc8000-b5ef8000 r-xp 00000000 08:01 18224324   /usr/lib/i386-linux-gnu/libX11.so.6.3.0
b5ef8000-b5ef9000 r--p 00130000 08:01 18224324   /usr/lib/i386-linux-gnu/libX11.so.6.3.0
b5ef9000-b5efb000 rw-p 00131000 08:01 18224324   /usr/lib/i386-linux-gnu/libX11.so.6.3.0
b5efb000-b5efc000 rw-p 00000000 00:00 0 
b5efc000-b5f49000 r-xp 00000000 08:01 18225116   /usr/lib/i386-linux-gnu/libpulse.so.0.16.2
b5f49000-b5f4a000 r--p 0004c000 08:01 18225116   /usr/lib/i386-linux-gnu/libpulse.so.0.16.2
b5f4a000-b5f4b000 rw-p 0004d000 08:01 18225116   /usr/lib/i386-linux-gnu/libpulse.so.0.16.2
b5f4b000-b5f4e000 r-xp 00000000 08:01 18225114   /usr/lib/i386-linux-gnu/libpulse-simple.so.0.0.4
b5f4e000-b5f4f000 r--p 00002000 08:01 18225114   /usr/lib/i386-linux-gnu/libpulse-simple.so.0.0.4
b5f4f000-b5f50000 rw-p 00003000 08:01 18225114   /usr/lib/i386-linux-gnu/libpulse-simple.so.0.0.4
b5f50000-b6041000 r-xp 00000000 08:01 18224410   /usr/lib/i386-linux-gnu/libasound.so.2.0.0
b6041000-b6045000 r--p 000f0000 08:01 18224410   /usr/lib/i386-linux-gnu/libasound.so.2.0.0
b6045000-b6046000 rw-p 000f4000 08:01 18224410   /usr/lib/i386-linux-gnu/libasound.so.2.0.0
b6046000-b606a000 r-xp 00000000 08:01 20841512   /lib/i386-linux-gnu/liblzma.so.5.0.0
b606a000-b606b000 r--p 00023000 08:01 20841512   /lib/i386-linux-gnu/liblzma.so.5.0.0
b606b000-b606c000 rw-p 00024000 08:01 20841512   /lib/i386-linux-gnu/liblzma.so.5.0.0
b606c000-b606d000 rw-p 00000000 00:00 0 
b606d000-b6085000 r-xp 00000000 08:01 20841628   /lib/i386-linux-gnu/libz.so.1.2.8
b6085000-b6086000 r--p 00017000 08:01 20841628   /lib/i386-linux-gnu/libz.so.1.2.8
b6086000-b6087000 rw-p 00018000 08:01 20841628   /lib/i386-linux-gnu/libz.so.1.2.8
b6087000-b608a000 r-xp 00000000 08:01 20854256   /lib/i386-linux-gnu/libdl-2.19.so
b608a000-b608b000 r--p 00002000 08:01 20854256   /lib/i386-linux-gnu/libdl-2.19.so
b608b000-b608c000 rw-p 00003000 08:01 20854256   /lib/i386-linux-gnu/libdl-2.19.so
b608c000-b6234000 r-xp 00000000 08:01 20854269   /lib/i386-linux-gnu/libc-2.19.so
b6234000-b6235000 ---p 001a8000 08:01 20854269   /lib/i386-linux-gnu/libc-2.19.so
b6235000-b6237000 r--p 001a8000 08:01 20854269   /lib/i386-linux-gnu/libc-2.19.so
b6237000-b6238000 rw-p 001aa000 08:01 20854269   /lib/i386-linux-gnu/libc-2.19.so
b6238000-b623b000 rw-p 00000000 00:00 0 
b623b000-b6257000 r-xp 00000000 08:01 20841980   /lib/i386-linux-gnu/libgcc_s.so.1
b6257000-b6258000 rw-p 0001b000 08:01 20841980   /lib/i386-linux-gnu/libgcc_s.so.1
b6258000-b6334000 r-xp 00000000 08:01 18223271   /usr/lib/i386-linux-gnu/libstdc++.so.6.0.19
b6334000-b6338000 r--p 000dc000 08:01 18223271   /usr/lib/i386-linux-gnu/libstdc++.so.6.0.19
b6338000-b6339000 rw-p 000e0000 08:01 18223271   /usr/lib/i386-linux-gnu/libstdc++.so.6.0.19
b6339000-b6341000 rw-p 00000000 00:00 0 
b6341000-b6385000 r-xp 00000000 08:01 20854254   /lib/i386-linux-gnu/libm-2.19.so
b6385000-b6386000 r--p 00043000 08:01 20854254   /lib/i386-linux-gnu/libm-2.19.so
b6386000-b6387000 rw-p 00044000 08:01 20854254   /lib/i386-linux-gnu/libm-2.19.so
b6387000-b6d84000 r-xp 00000000 08:01 18483215   /usr/lib/jvm/java-7-openjdk-i386/jre/lib/i386/server/libjvm.so
b6d84000-b6d85000 ---p 009fd000 08:01 18483215   /usr/lib/jvm/java-7-openjdk-i386/jre/lib/i386/server/libjvm.so
b6d85000-b6dd7000 r--p 009fd000 08:01 18483215   /usr/lib/jvm/java-7-openjdk-i386/jre/lib/i386/server/libjvm.so
b6dd7000-b6deb000 rw-p 00a4f000 08:01 18483215   /usr/lib/jvm/java-7-openjdk-i386/jre/lib/i386/server/libjvm.so
b6deb000-b7208000 rw-p 00000000 00:00 0 
b7208000-b720e000 r-xp 00000000 08:01 18240492   /usr/lib/i386-linux-gnu/libSDL2_ttf-2.0.so.0.10.2
b720e000-b720f000 r--p 00005000 08:01 18240492   /usr/lib/i386-linux-gnu/libSDL2_ttf-2.0.so.0.10.2
b720f000-b7210000 rw-p 00006000 08:01 18240492   /usr/lib/i386-linux-gnu/libSDL2_ttf-2.0.so.0.10.2
b7210000-b731c000 r-xp 00000000 08:01 18240490   /usr/lib/i386-linux-gnu/libSDL2-2.0.so.0.2.0
b731c000-b731f000 r--p 0010b000 08:01 18240490   /usr/lib/i386-linux-gnu/libSDL2-2.0.so.0.2.0
b731f000-b7322000 rw-p 0010e000 08:01 18240490   /usr/lib/i386-linux-gnu/libSDL2-2.0.so.0.2.0
b7322000-b7324000 rw-p 00000000 00:00 0 
b7324000-b735f000 r-xp 00000000 08:01 18219216   /usr/lib/libgslcblas.so.0.0.0
b735f000-b7360000 r--p 0003a000 08:01 18219216   /usr/lib/libgslcblas.so.0.0.0
b7360000-b7361000 rw-p 0003b000 08:01 18219216   /usr/lib/libgslcblas.so.0.0.0
b7361000-b7362000 rw-p 00000000 00:00 0 
b7362000-b758a000 r-xp 00000000 08:01 18220133   /usr/lib/libgsl.so.0.17.0
b758a000-b758b000 ---p 00228000 08:01 18220133   /usr/lib/libgsl.so.0.17.0
b758b000-b758d000 r--p 00228000 08:01 18220133   /usr/lib/libgsl.so.0.17.0
b758d000-b759b000 rw-p 0022a000 08:01 18220133   /usr/lib/libgsl.so.0.17.0
b759b000-b76ef000 r-xp 00000000 08:01 18219236   /usr/lib/i386-linux-gnu/libxml2.so.2.9.1
b76ef000-b76f3000 r--p 00154000 08:01 18219236   /usr/lib/i386-linux-gnu/libxml2.so.2.9.1
b76f3000-b76f4000 rw-p 00158000 08:01 18219236   /usr/lib/i386-linux-gnu/libxml2.so.2.9.1
b76f4000-b76f5000 rw-p 00000000 00:00 0 
b76f5000-b76f7000 r--s 00006000 08:01 18616755   /usr/share/java/java-atk-wrapper.jar
b76f7000-b76f8000 r--p 00859000 08:01 18227311   /usr/lib/locale/locale-archive
b76f8000-b76ff000 r-xp 00000000 08:01 20854259   /lib/i386-linux-gnu/libnss_compat-2.19.so
b76ff000-b7700000 r--p 00006000 08:01 20854259   /lib/i386-linux-gnu/libnss_compat-2.19.so
b7700000-b7701000 rw-p 00007000 08:01 20854259   /lib/i386-linux-gnu/libnss_compat-2.19.so
b7701000-b7702000 rw-p 00000000 00:00 0 
b7702000-b7703000 r--p 00000000 00:00 0 
b7703000-b7711000 r-xp 00000000 08:01 18483209   /usr/lib/jvm/java-7-openjdk-i386/jre/lib/i386/libverify.so
b7711000-b7712000 r--p 0000d000 08:01 18483209   /usr/lib/jvm/java-7-openjdk-i386/jre/lib/i386/libverify.so
b7712000-b7713000 rw-p 0000e000 08:01 18483209   /usr/lib/jvm/java-7-openjdk-i386/jre/lib/i386/libverify.so
b7713000-b7716000 rw-p 00000000 00:00 0 
b7716000-b7717000 r-xp 00000000 00:00 0          [vdso]
b7717000-b7719000 r--p 00000000 00:00 0          [vvar]
b7719000-b7739000 r-xp 00000000 08:01 20854262   /lib/i386-linux-gnu/ld-2.19.so
b7739000-b773a000 r--p 0001f000 08:01 20854262   /lib/i386-linux-gnu/ld-2.19.so
b773a000-b773b000 rw-p 00020000 08:01 20854262   /lib/i386-linux-gnu/ld-2.19.so
bfe9a000-bfe9b000 rwxp 00000000 00:00 0 
bfe9e000-bfea1000 ---p 00000000 00:00 0 
bfea2000-bfeee000 rw-p 00000000 00:00 0          [stack]

VM Arguments:
jvm_args: -Djava.library.path=/usr/lib/jni 
java_command: <unknown>
Launcher Type: generic

Environment Variables:
PATH=/home/gregoire/Applications/anaconda3/bin:/usr/local/sbin:/usr/local/bin:/usr/sbin:/usr/bin:/sbin:/bin:/usr/games:/usr/local/games
SHELL=/bin/bash
DISPLAY=:0.0

Signal Handlers:
SIGSEGV: [libjvm.so+0x8191e0], sa_mask[0]=0x7ffbfeff, sa_flags=0x10000004
SIGBUS: [libjvm.so+0x8191e0], sa_mask[0]=0x7ffbfeff, sa_flags=0x10000004
SIGFPE: [libjvm.so+0x68ddb0], sa_mask[0]=0x7ffbfeff, sa_flags=0x10000004
SIGPIPE: [libjvm.so+0x68ddb0], sa_mask[0]=0x7ffbfeff, sa_flags=0x10000004
SIGXFSZ: [libjvm.so+0x68ddb0], sa_mask[0]=0x7ffbfeff, sa_flags=0x10000004
SIGILL: [libjvm.so+0x68ddb0], sa_mask[0]=0x7ffbfeff, sa_flags=0x10000004
SIGUSR1: SIG_DFL, sa_mask[0]=0x00000000, sa_flags=0x00000000
SIGUSR2: [libjvm.so+0x68df10], sa_mask[0]=0x00000000, sa_flags=0x10000004
SIGHUP: [libjvm.so+0x68de70], sa_mask[0]=0x7ffbfeff, sa_flags=0x10000004
SIGINT: [libjvm.so+0x68de70], sa_mask[0]=0x7ffbfeff, sa_flags=0x10000004
SIGTERM: [libjvm.so+0x68de70], sa_mask[0]=0x7ffbfeff, sa_flags=0x10000004
SIGQUIT: [libjvm.so+0x68de70], sa_mask[0]=0x7ffbfeff, sa_flags=0x10000004
SIGTRAP: SIG_DFL, sa_mask[0]=0x00000000, sa_flags=0x00000000


---------------  S Y S T E M  ---------------

OS:Ubuntu 14.04 (trusty)
uname:Linux 3.16.0-59-generic #79~14.04.1-Ubuntu SMP Mon Jan 18 15:39:06 UTC 2016 i686
libc:glibc 2.19 NPTL 2.19 
rlimit: STACK 8192k, CORE 0k, NPROC 31352, NOFILE 4096, AS infinity
load average:0.42 0.42 0.41

/proc/meminfo:
MemTotal:        4032724 kB
MemFree:          846396 kB
MemAvailable:    2615148 kB
Buffers:          458072 kB
Cached:          1492076 kB
SwapCached:          624 kB
Active:          2003216 kB
Inactive:         924996 kB
Active(anon):     953764 kB
Inactive(anon):   119708 kB
Active(file):    1049452 kB
Inactive(file):   805288 kB
Unevictable:           0 kB
Mlocked:               0 kB
HighTotal:       3170056 kB
HighFree:         748632 kB
LowTotal:         862668 kB
LowFree:           97764 kB
SwapTotal:       4075516 kB
SwapFree:        4074824 kB
Dirty:              1292 kB
Writeback:             0 kB
AnonPages:        977488 kB
Mapped:           306320 kB
Shmem:             95408 kB
Slab:             214176 kB
SReclaimable:     194608 kB
SUnreclaim:        19568 kB
KernelStack:        3320 kB
PageTables:         9300 kB
NFS_Unstable:          0 kB
Bounce:                0 kB
WritebackTmp:          0 kB
CommitLimit:     6091876 kB
Committed_AS:    3795004 kB
VmallocTotal:     122880 kB
VmallocUsed:       19388 kB
VmallocChunk:      81416 kB
AnonHugePages:    411648 kB
HugePages_Total:       0
HugePages_Free:        0
HugePages_Rsvd:        0
HugePages_Surp:        0
Hugepagesize:       2048 kB
DirectMap4k:       17400 kB
DirectMap2M:      890880 kB


CPU:total 2 (2 cores per cpu, 1 threads per core) family 6 model 55 stepping 8, cmov, cx8, fxsr, mmx, sse, sse2, sse3, ssse3, sse4.1, sse4.2, popcnt, erms, tsc, tscinvbit

/proc/cpuinfo:
processor	: 0
vendor_id	: GenuineIntel
cpu family	: 6
model		: 55
model name	: Intel(R) Celeron(R) CPU  N2840  @ 2.16GHz
stepping	: 8
microcode	: 0x809
cpu MHz		: 2582.293
cache size	: 1024 KB
physical id	: 0
siblings	: 2
core id		: 0
cpu cores	: 2
apicid		: 0
initial apicid	: 0
fdiv_bug	: no
f00f_bug	: no
coma_bug	: no
fpu		: yes
fpu_exception	: yes
cpuid level	: 11
wp		: yes
flags		: fpu vme de pse tsc msr pae mce cx8 apic sep mtrr pge mca cmov pat pse36 clflush dts acpi mmx fxsr sse sse2 ss ht tm pbe nx rdtscp lm constant_tsc arch_perfmon pebs bts xtopology nonstop_tsc aperfmperf pni pclmulqdq dtes64 monitor ds_cpl vmx est tm2 ssse3 cx16 xtpr pdcm sse4_1 sse4_2 movbe popcnt tsc_deadline_timer rdrand lahf_lm 3dnowprefetch ida arat epb dtherm tpr_shadow vnmi flexpriority ept vpid tsc_adjust smep erms
bogomips	: 4326.40
clflush size	: 64
cache_alignment	: 64
address sizes	: 36 bits physical, 48 bits virtual
power management:

processor	: 1
vendor_id	: GenuineIntel
cpu family	: 6
model		: 55
model name	: Intel(R) Celeron(R) CPU  N2840  @ 2.16GHz
stepping	: 8
microcode	: 0x809
cpu MHz		: 2582.293
cache size	: 1024 KB
physical id	: 0
siblings	: 2
core id		: 1
cpu cores	: 2
apicid		: 2
initial apicid	: 2
fdiv_bug	: no
f00f_bug	: no
coma_bug	: no
fpu		: yes
fpu_exception	: yes
cpuid level	: 11
wp		: yes
flags		: fpu vme de pse tsc msr pae mce cx8 apic sep mtrr pge mca cmov pat pse36 clflush dts acpi mmx fxsr sse sse2 ss ht tm pbe nx rdtscp lm constant_tsc arch_perfmon pebs bts xtopology nonstop_tsc aperfmperf pni pclmulqdq dtes64 monitor ds_cpl vmx est tm2 ssse3 cx16 xtpr pdcm sse4_1 sse4_2 movbe popcnt tsc_deadline_timer rdrand lahf_lm 3dnowprefetch ida arat epb dtherm tpr_shadow vnmi flexpriority ept vpid tsc_adjust smep erms
bogomips	: 4326.40
clflush size	: 64
cache_alignment	: 64
address sizes	: 36 bits physical, 48 bits virtual
power management:



Memory: 4k page, physical 4032724k(846272k free), swap 4075516k(4074824k free)

vm_info: OpenJDK Server VM (24.111-b01) for linux-x86 JRE (1.7.0_111-b01), built on Aug 12 2016 05:32:15 by "buildd" with gcc 4.8.4

time: Wed Nov 16 17:45:39 2016
elapsed time: 5 seconds

